2024-02-20 09:16:54,330 [INFO] MainUpdater:2854 - connection check result : 10
2024-02-20 09:16:54,368 [INFO] MainUpdater:2854 - connection check result : 10
2024-02-20 09:16:54,399 [INFO] MicroXplorer:468 - Change Database Path : 
2024-02-20 09:16:54,399 [INFO] MicroXplorer:498 - Change Database Version : DB.6.0.81
2024-02-20 09:16:54,453 [WARN] ThirdParty:871 - waiting for thirdparty lock release [close project]
2024-02-20 09:16:54,453 [INFO] ThirdParty:873 - entering critical section [close project]
2024-02-20 09:16:54,453 [INFO] ThirdParty:883 - exiting critical section [close project]
2024-02-20 09:16:54,453 [INFO] PinOutPanel:1499 - setPackage(No Configuration,No Configuration)
2024-02-20 09:16:54,453 [WARN] IpParametersView:150 - Warning: This peripheral hasn't parameters
2024-02-20 09:16:54,468 [WARN] MainPanel:257 - <html><b><center>Warning: This peripheral has no parameters to be configured<br></b></html>
2024-02-20 09:16:54,468 [INFO] UtilMem:75 - Begin LoadConfig() Used Memory: 635944136 Bytes (935329792)
2024-02-20 09:16:54,468 [INFO] MicroXplorer:468 - Change Database Path : 
2024-02-20 09:16:54,468 [INFO] MicroXplorer:498 - Change Database Version : DB.6.0.81
2024-02-20 09:16:54,468 [INFO] OpenFileManager:308 - Change cursor
2024-02-20 09:16:54,510 [INFO] Mcu:1937 - Initializing MCU STM32F746ZGTx STM32F746ZGTx STM32F746ZGT6
2024-02-20 09:16:57,181 [INFO] Context:659 - Trying to add GPIOservice into a context  which must be forbidden
2024-02-20 09:16:58,165 [INFO] RtosManager:555 - Registered RTOS mode: class=CMSIS, group=RTOS, mode=CMSIS_V1, owner=FREERTOS
2024-02-20 09:16:58,165 [INFO] RtosManager:555 - Registered RTOS mode: class=CMSIS, group=RTOS2, mode=CMSIS_V2, owner=FREERTOS
2024-02-20 09:16:58,165 [INFO] RtosManager:555 - Registered RTOS mode: class=RTOS, group=Core, mode=CMSIS_V1, owner=FREERTOS
2024-02-20 09:16:58,165 [INFO] RtosManager:555 - Registered RTOS mode: class=RTOS, group=Core, mode=CMSIS_V2, owner=FREERTOS
2024-02-20 09:16:58,165 [WARN] ModelIntegratedComponent:184 - Missing modes for component STMicroelectronics:FreeRTOS:0.0.1:STMicroelectronics:RTOS:FreeRTOS:Core:::10.2.0:
2024-02-20 09:16:58,173 [WARN] ModelIntegratedComponent:63 - No mode defined for component null
2024-02-20 09:16:58,173 [WARN] ModelIntegratedComponent:63 - No mode defined for component null
2024-02-20 09:16:58,173 [WARN] ModelIntegratedComponent:63 - No mode defined for component null
2024-02-20 09:16:58,173 [WARN] ModelIntegratedComponent:63 - No mode defined for component null
2024-02-20 09:16:58,173 [WARN] ModelIntegratedComponent:63 - No mode defined for component null
2024-02-20 09:16:58,173 [WARN] ModelIntegratedComponent:63 - No mode defined for component null
2024-02-20 09:16:58,173 [WARN] ModelIntegratedComponent:63 - No mode defined for component null
2024-02-20 09:16:58,173 [WARN] ModelIntegratedComponent:63 - No mode defined for component null
2024-02-20 09:16:58,173 [WARN] ModelIntegratedComponent:63 - No mode defined for component null
2024-02-20 09:16:58,173 [WARN] ModelIntegratedComponent:63 - No mode defined for component null
2024-02-20 09:16:58,173 [WARN] ModelIntegratedComponent:63 - No mode defined for component null
2024-02-20 09:16:58,173 [WARN] ModelIntegratedComponent:63 - No mode defined for component null
2024-02-20 09:16:58,173 [WARN] ModelIntegratedComponent:63 - No mode defined for component null
2024-02-20 09:16:58,173 [WARN] ModelIntegratedComponent:63 - No mode defined for component null
2024-02-20 09:16:58,173 [WARN] ModelIntegratedComponent:63 - No mode defined for component null
2024-02-20 09:16:58,173 [WARN] ModelIntegratedComponent:63 - No mode defined for component null
2024-02-20 09:16:58,173 [WARN] ModelIntegratedComponent:63 - No mode defined for component null
2024-02-20 09:16:58,183 [WARN] ModelIntegratedComponent:63 - No mode defined for component null
2024-02-20 09:16:58,183 [WARN] ModelIntegratedComponent:63 - No mode defined for component null
2024-02-20 09:16:58,183 [WARN] ModelIntegratedComponent:63 - No mode defined for component null
2024-02-20 09:16:58,183 [WARN] ModelIntegratedComponent:63 - No mode defined for component null
2024-02-20 09:16:58,183 [WARN] ModelIntegratedComponent:63 - No mode defined for component null
2024-02-20 09:16:58,183 [WARN] ModelIntegratedComponent:63 - No mode defined for component null
2024-02-20 09:16:58,183 [WARN] ModelIntegratedComponent:63 - No mode defined for component null
2024-02-20 09:16:58,183 [WARN] ModelIntegratedComponent:63 - No mode defined for component null
2024-02-20 09:16:58,183 [WARN] ModelIntegratedComponent:63 - No mode defined for component null
2024-02-20 09:16:58,183 [WARN] ModelIntegratedComponent:63 - No mode defined for component null
2024-02-20 09:16:58,183 [WARN] ModelIntegratedComponent:63 - No mode defined for component null
2024-02-20 09:16:58,183 [WARN] ModelIntegratedComponent:63 - No mode defined for component null
2024-02-20 09:16:58,183 [WARN] ModelIntegratedComponent:63 - No mode defined for component null
2024-02-20 09:16:58,183 [WARN] ModelIntegratedComponent:63 - No mode defined for component null
2024-02-20 09:16:58,183 [WARN] ModelIntegratedComponent:63 - No mode defined for component null
2024-02-20 09:16:58,183 [WARN] ModelIntegratedComponent:63 - No mode defined for component null
2024-02-20 09:16:58,276 [INFO] ThirdPartyModel:298 - Start build external matchings
2024-02-20 09:16:59,024 [INFO] ThirdPartyModel:316 - End build external matchings
2024-02-20 09:16:59,047 [INFO] ImportTextPane:194 - (OptionalMessage_ERROR) IP (DMA) : Parameter (Instance) has Id (ADC2) currently not set
2024-02-20 09:16:59,047 [INFO] ImportTextPane:194 - (OptionalMessage_ERROR) IP (DMA) : Parameter (Channel) has Id (ADC2) currently not set
2024-02-20 09:16:59,047 [INFO] ImportTextPane:194 - (OptionalMessage_ERROR) IP (DMA) : Parameter (Direction) has Id (ADC2) currently not set
2024-02-20 09:16:59,047 [INFO] ImportTextPane:194 - (OptionalMessage_ERROR) IP (DMA) : Parameter (PeriphInc) has Id (ADC2) currently not set
2024-02-20 09:16:59,047 [INFO] ImportTextPane:194 - (OptionalMessage_ERROR) IP (DMA) : Parameter (MemInc) has Id (ADC2) currently not set
2024-02-20 09:16:59,047 [INFO] ImportTextPane:194 - (OptionalMessage_ERROR) IP (DMA) : Parameter (PeriphDataAlignment) has Id (ADC2) currently not set
2024-02-20 09:16:59,047 [INFO] ImportTextPane:194 - (OptionalMessage_ERROR) IP (DMA) : Parameter (MemDataAlignment) has Id (ADC2) currently not set
2024-02-20 09:16:59,047 [INFO] ImportTextPane:194 - (OptionalMessage_ERROR) IP (DMA) : Parameter (Mode) has Id (ADC2) currently not set
2024-02-20 09:16:59,047 [INFO] ImportTextPane:194 - (OptionalMessage_ERROR) IP (DMA) : Parameter (Priority) has Id (ADC2) currently not set
2024-02-20 09:16:59,047 [INFO] ImportTextPane:194 - (OptionalMessage_ERROR) IP (DMA) : Parameter (FIFOMode) has Id (ADC2) currently not set
2024-02-20 09:16:59,047 [INFO] ImportTextPane:194 - (OptionalMessage_ERROR) IP (DMA) : Parameter (Instance) has Id (ADC1) currently not set
2024-02-20 09:16:59,047 [INFO] ImportTextPane:194 - (OptionalMessage_ERROR) IP (DMA) : Parameter (Channel) has Id (ADC1) currently not set
2024-02-20 09:16:59,047 [INFO] ImportTextPane:194 - (OptionalMessage_ERROR) IP (DMA) : Parameter (Direction) has Id (ADC1) currently not set
2024-02-20 09:16:59,047 [INFO] ImportTextPane:194 - (OptionalMessage_ERROR) IP (DMA) : Parameter (PeriphInc) has Id (ADC1) currently not set
2024-02-20 09:16:59,047 [INFO] ImportTextPane:194 - (OptionalMessage_ERROR) IP (DMA) : Parameter (MemInc) has Id (ADC1) currently not set
2024-02-20 09:16:59,047 [INFO] ImportTextPane:194 - (OptionalMessage_ERROR) IP (DMA) : Parameter (PeriphDataAlignment) has Id (ADC1) currently not set
2024-02-20 09:16:59,047 [INFO] ImportTextPane:194 - (OptionalMessage_ERROR) IP (DMA) : Parameter (MemDataAlignment) has Id (ADC1) currently not set
2024-02-20 09:16:59,047 [INFO] ImportTextPane:194 - (OptionalMessage_ERROR) IP (DMA) : Parameter (Mode) has Id (ADC1) currently not set
2024-02-20 09:16:59,047 [INFO] ImportTextPane:194 - (OptionalMessage_ERROR) IP (DMA) : Parameter (Priority) has Id (ADC1) currently not set
2024-02-20 09:16:59,047 [INFO] ImportTextPane:194 - (OptionalMessage_ERROR) IP (DMA) : Parameter (FIFOMode) has Id (ADC1) currently not set
2024-02-20 09:16:59,047 [INFO] ImportTextPane:194 - (OptionalMessage_ERROR) IP (DMA) : Parameter (Instance) has Id (ADC3) currently not set
2024-02-20 09:16:59,047 [INFO] ImportTextPane:194 - (OptionalMessage_ERROR) IP (DMA) : Parameter (Channel) has Id (ADC3) currently not set
2024-02-20 09:16:59,047 [INFO] ImportTextPane:194 - (OptionalMessage_ERROR) IP (DMA) : Parameter (Direction) has Id (ADC3) currently not set
2024-02-20 09:16:59,047 [INFO] ImportTextPane:194 - (OptionalMessage_ERROR) IP (DMA) : Parameter (PeriphInc) has Id (ADC3) currently not set
2024-02-20 09:16:59,047 [INFO] ImportTextPane:194 - (OptionalMessage_ERROR) IP (DMA) : Parameter (MemInc) has Id (ADC3) currently not set
2024-02-20 09:16:59,047 [INFO] ImportTextPane:194 - (OptionalMessage_ERROR) IP (DMA) : Parameter (PeriphDataAlignment) has Id (ADC3) currently not set
2024-02-20 09:16:59,047 [INFO] ImportTextPane:194 - (OptionalMessage_ERROR) IP (DMA) : Parameter (MemDataAlignment) has Id (ADC3) currently not set
2024-02-20 09:16:59,047 [INFO] ImportTextPane:194 - (OptionalMessage_ERROR) IP (DMA) : Parameter (Mode) has Id (ADC3) currently not set
2024-02-20 09:16:59,047 [INFO] ImportTextPane:194 - (OptionalMessage_ERROR) IP (DMA) : Parameter (Priority) has Id (ADC3) currently not set
2024-02-20 09:16:59,047 [INFO] ImportTextPane:194 - (OptionalMessage_ERROR) IP (DMA) : Parameter (FIFOMode) has Id (ADC3) currently not set
2024-02-20 09:16:59,047 [INFO] ImportTextPane:194 - (OptionalMessage_ERROR) IP (DMA) : Parameter (Instance) has Id (USART1_RX) currently not set
2024-02-20 09:16:59,047 [INFO] ImportTextPane:194 - (OptionalMessage_ERROR) IP (DMA) : Parameter (Channel) has Id (USART1_RX) currently not set
2024-02-20 09:16:59,047 [INFO] ImportTextPane:194 - (OptionalMessage_ERROR) IP (DMA) : Parameter (Direction) has Id (USART1_RX) currently not set
2024-02-20 09:16:59,047 [INFO] ImportTextPane:194 - (OptionalMessage_ERROR) IP (DMA) : Parameter (PeriphInc) has Id (USART1_RX) currently not set
2024-02-20 09:16:59,047 [INFO] ImportTextPane:194 - (OptionalMessage_ERROR) IP (DMA) : Parameter (MemInc) has Id (USART1_RX) currently not set
2024-02-20 09:16:59,047 [INFO] ImportTextPane:194 - (OptionalMessage_ERROR) IP (DMA) : Parameter (PeriphDataAlignment) has Id (USART1_RX) currently not set
2024-02-20 09:16:59,047 [INFO] ImportTextPane:194 - (OptionalMessage_ERROR) IP (DMA) : Parameter (MemDataAlignment) has Id (USART1_RX) currently not set
2024-02-20 09:16:59,047 [INFO] ImportTextPane:194 - (OptionalMessage_ERROR) IP (DMA) : Parameter (Mode) has Id (USART1_RX) currently not set
2024-02-20 09:16:59,047 [INFO] ImportTextPane:194 - (OptionalMessage_ERROR) IP (DMA) : Parameter (Priority) has Id (USART1_RX) currently not set
2024-02-20 09:16:59,047 [INFO] ImportTextPane:194 - (OptionalMessage_ERROR) IP (DMA) : Parameter (FIFOMode) has Id (USART1_RX) currently not set
2024-02-20 09:16:59,047 [INFO] ImportTextPane:194 - (OptionalMessage_ERROR) IP (DMA) : Parameter (Instance) has Id (USART1_TX) currently not set
2024-02-20 09:16:59,047 [INFO] ImportTextPane:194 - (OptionalMessage_ERROR) IP (DMA) : Parameter (Channel) has Id (USART1_TX) currently not set
2024-02-20 09:16:59,047 [INFO] ImportTextPane:194 - (OptionalMessage_ERROR) IP (DMA) : Parameter (Direction) has Id (USART1_TX) currently not set
2024-02-20 09:16:59,047 [INFO] ImportTextPane:194 - (OptionalMessage_ERROR) IP (DMA) : Parameter (PeriphInc) has Id (USART1_TX) currently not set
2024-02-20 09:16:59,047 [INFO] ImportTextPane:194 - (OptionalMessage_ERROR) IP (DMA) : Parameter (MemInc) has Id (USART1_TX) currently not set
2024-02-20 09:16:59,047 [INFO] ImportTextPane:194 - (OptionalMessage_ERROR) IP (DMA) : Parameter (PeriphDataAlignment) has Id (USART1_TX) currently not set
2024-02-20 09:16:59,047 [INFO] ImportTextPane:194 - (OptionalMessage_ERROR) IP (DMA) : Parameter (MemDataAlignment) has Id (USART1_TX) currently not set
2024-02-20 09:16:59,047 [INFO] ImportTextPane:194 - (OptionalMessage_ERROR) IP (DMA) : Parameter (Mode) has Id (USART1_TX) currently not set
2024-02-20 09:16:59,047 [INFO] ImportTextPane:194 - (OptionalMessage_ERROR) IP (DMA) : Parameter (Priority) has Id (USART1_TX) currently not set
2024-02-20 09:16:59,047 [INFO] ImportTextPane:194 - (OptionalMessage_ERROR) IP (DMA) : Parameter (FIFOMode) has Id (USART1_TX) currently not set
2024-02-20 09:16:59,047 [INFO] ImportTextPane:194 - (OptionalMessage_ERROR) IP (RCC) : Invalid parameter (48MHZClocksFreq_Value)
2024-02-20 09:16:59,047 [INFO] ImportTextPane:194 - (OptionalMessage_ERROR) IP (RCC) : Invalid parameter (ADC12outputFreq_Value)
2024-02-20 09:16:59,047 [INFO] ImportTextPane:194 - (OptionalMessage_ERROR) IP (RCC) : Invalid parameter (ADC34outputFreq_Value)
2024-02-20 09:16:59,047 [INFO] ImportTextPane:194 - (OptionalMessage_ERROR) IP (RCC) : Invalid parameter (FamilyName)
2024-02-20 09:16:59,047 [INFO] ImportTextPane:194 - (OptionalMessage_ERROR) IP (RCC) : Invalid parameter (I2SClocksFreq_Value)
2024-02-20 09:16:59,047 [INFO] ImportTextPane:194 - (OptionalMessage_ERROR) IP (RCC) : Parameter (LCDTFToutputFreq_Value) has invalid value (96000000)
2024-02-20 09:16:59,047 [INFO] ImportTextPane:194 - (OptionalMessage_ERROR) IP (RCC) : Invalid parameter (MCOFreq_Value)
2024-02-20 09:16:59,047 [INFO] ImportTextPane:194 - (OptionalMessage_ERROR) IP (RCC) : Invalid parameter (PLLMCOFreq_Value)
2024-02-20 09:16:59,047 [INFO] ImportTextPane:194 - (OptionalMessage_ERROR) IP (RCC) : Invalid parameter (PLLMUL)
2024-02-20 09:16:59,047 [INFO] ImportTextPane:194 - (OptionalMessage_ERROR) IP (RCC) : Invalid parameter (PRESCALERUSB)
2024-02-20 09:16:59,047 [INFO] ImportTextPane:194 - (OptionalMessage_ERROR) IP (RCC) : Parameter (RNGFreq_Value) has invalid value (144000000)
2024-02-20 09:16:59,047 [INFO] ImportTextPane:194 - (OptionalMessage_ERROR) IP (RCC) : Invalid parameter (RTCHSEDivFreq_Value)
2024-02-20 09:16:59,047 [INFO] ImportTextPane:194 - (OptionalMessage_ERROR) IP (RCC) : Parameter (SDMMCFreq_Value) has invalid value (216000000)
2024-02-20 09:16:59,047 [INFO] ImportTextPane:194 - (OptionalMessage_ERROR) IP (RCC) : Invalid parameter (SYSCLKSourceVirtual)
2024-02-20 09:16:59,047 [INFO] ImportTextPane:194 - (OptionalMessage_ERROR) IP (RCC) : Invalid parameter (TIM15Freq_Value)
2024-02-20 09:16:59,047 [INFO] ImportTextPane:194 - (OptionalMessage_ERROR) IP (RCC) : Invalid parameter (TIM16Freq_Value)
2024-02-20 09:16:59,047 [INFO] ImportTextPane:194 - (OptionalMessage_ERROR) IP (RCC) : Invalid parameter (TIM17Freq_Value)
2024-02-20 09:16:59,047 [INFO] ImportTextPane:194 - (OptionalMessage_ERROR) IP (RCC) : Invalid parameter (TIM1Freq_Value)
2024-02-20 09:16:59,047 [INFO] ImportTextPane:194 - (OptionalMessage_ERROR) IP (RCC) : Invalid parameter (TIM20Freq_Value)
2024-02-20 09:16:59,047 [INFO] ImportTextPane:194 - (OptionalMessage_ERROR) IP (RCC) : Invalid parameter (TIM2Freq_Value)
2024-02-20 09:16:59,047 [INFO] ImportTextPane:194 - (OptionalMessage_ERROR) IP (RCC) : Invalid parameter (TIM3Freq_Value)
2024-02-20 09:16:59,047 [INFO] ImportTextPane:194 - (OptionalMessage_ERROR) IP (RCC) : Invalid parameter (TIM8Freq_Value)
2024-02-20 09:16:59,047 [INFO] ImportTextPane:194 - (OptionalMessage_ERROR) IP (RCC) : Parameter (USBFreq_Value) has invalid value (144000000)
2024-02-20 09:16:59,055 [INFO] ImportTextPane:194 - (OptionalMessage_ERROR) IP (RCC) : Invalid parameter (VCOOutput2Freq_Value)
2024-02-20 09:16:59,055 [INFO] ImportTextPane:194 - (OptionalMessage_ERROR) IP (RCC) : Invalid parameter (VcooutputI2S)
2024-02-20 09:16:59,562 [INFO] UtilMem:75 - End LoadConfig() Used Memory: 717880808 Bytes (935329792)
2024-02-20 09:16:59,608 [WARN] ThirdParty:833 - waiting for thirdparty lock release [change project]
2024-02-20 09:16:59,609 [INFO] ThirdParty:835 - entering critical section [change project]
2024-02-20 09:16:59,609 [INFO] ThirdParty:1030 - CMSIS Pack Vendor :STMicroelectronics X-CUBE-ISPU 1.1.0
2024-02-20 09:16:59,609 [INFO] ThirdParty:1030 - CMSIS Pack Vendor :STMicroelectronics X-CUBE-GNSS1 6.0.0
2024-02-20 09:16:59,609 [INFO] ThirdParty:1030 - CMSIS Pack Vendor :STMicroelectronics USB_HOST 2.0.0
2024-02-20 09:16:59,609 [INFO] ThirdParty:1030 - CMSIS Pack Vendor :STMicroelectronics X-CUBE-AZRTOS-F4 1.1.0
2024-02-20 09:16:59,609 [INFO] ThirdParty:1030 - CMSIS Pack Vendor :STMicroelectronics LIBJPEG 8.0.0
2024-02-20 09:16:59,609 [INFO] ThirdParty:1030 - CMSIS Pack Vendor :STMicroelectronics X-CUBE-SMBUS 2.1.0
2024-02-20 09:16:59,609 [INFO] ThirdParty:1030 - CMSIS Pack Vendor :wolfSSL I-CUBE-wolfSSL 5.6.0
2024-02-20 09:16:59,609 [INFO] ThirdParty:1030 - CMSIS Pack Vendor :STMicroelectronics USB_DEVICE 3.0.0
2024-02-20 09:16:59,610 [INFO] ThirdParty:1030 - CMSIS Pack Vendor :STMicroelectronics X-CUBE-AI 8.0.0
2024-02-20 09:16:59,610 [INFO] ThirdParty:1030 - CMSIS Pack Vendor :STMicroelectronics X-CUBE-AZRTOS-WB 2.0.0
2024-02-20 09:16:59,610 [INFO] ThirdParty:1030 - CMSIS Pack Vendor :STMicroelectronics X-CUBE-FREERTOS 1.0.1
2024-02-20 09:16:59,610 [INFO] ThirdParty:1030 - CMSIS Pack Vendor :STMicroelectronics X-CUBE-TOUCHGFX 4.21.3
2024-02-20 09:16:59,610 [INFO] ThirdParty:1030 - CMSIS Pack Vendor :STMicroelectronics X-CUBE-TOUCHGFX 4.23.0
2024-02-20 09:16:59,610 [INFO] ThirdParty:1030 - CMSIS Pack Vendor :STMicroelectronics X-CUBE-AZRTOS-F7 1.1.0
2024-02-20 09:16:59,610 [INFO] ThirdParty:1030 - CMSIS Pack Vendor :STMicroelectronics X-CUBE-TOUCHGFX 4.21.4
2024-02-20 09:16:59,610 [INFO] ThirdParty:1030 - CMSIS Pack Vendor :STMicroelectronics X-CUBE-AZRTOS-L5 2.0.0
2024-02-20 09:16:59,610 [INFO] ThirdParty:1030 - CMSIS Pack Vendor :STMicroelectronics USB_DEVICE 2.0.0
2024-02-20 09:16:59,610 [INFO] ThirdParty:1030 - CMSIS Pack Vendor :STMicroelectronics X-CUBE-MEMS1 9.6.0
2024-02-20 09:16:59,610 [INFO] ThirdParty:1030 - CMSIS Pack Vendor :STMicroelectronics X-CUBE-EEPRMA1 4.2.0
2024-02-20 09:16:59,610 [INFO] ThirdParty:1030 - CMSIS Pack Vendor :ITTIA_DB I-CUBE-ITTIADB 8.8.0
2024-02-20 09:16:59,611 [INFO] ThirdParty:1030 - CMSIS Pack Vendor :STMicroelectronics FP-SNS-MOTENV1 4.3.0
2024-02-20 09:16:59,611 [INFO] ThirdParty:1030 - CMSIS Pack Vendor :STMicroelectronics FP-SNS-MOTENV1 4.3.2
2024-02-20 09:16:59,611 [INFO] ThirdParty:1030 - CMSIS Pack Vendor :STMicroelectronics FP-SNS-FLIGHT1 5.0.0
2024-02-20 09:16:59,611 [INFO] ThirdParty:1030 - CMSIS Pack Vendor :STMicroelectronics FP-SNS-MOTENV1 4.3.1
2024-02-20 09:16:59,611 [INFO] ThirdParty:1030 - CMSIS Pack Vendor :STMicroelectronics FP-SNS-FLIGHT1 5.0.1
2024-02-20 09:16:59,611 [INFO] ThirdParty:1030 - CMSIS Pack Vendor :STMicroelectronics X-CUBE-ALGOBUILD 1.3.0
2024-02-20 09:16:59,611 [INFO] ThirdParty:1030 - CMSIS Pack Vendor :STMicroelectronics X-CUBE-BLE1 6.2.4
2024-02-20 09:16:59,611 [INFO] ThirdParty:1030 - CMSIS Pack Vendor :STMicroelectronics X-CUBE-AZRTOS-L5 1.1.0
2024-02-20 09:16:59,611 [INFO] ThirdParty:1030 - CMSIS Pack Vendor :STMicroelectronics FreeRTOS 0.0.1
2024-02-20 09:16:59,611 [INFO] ThirdParty:1030 - CMSIS Pack Vendor :STMicroelectronics X-CUBE-AZRTOS-G0 1.1.0
2024-02-20 09:16:59,611 [INFO] ThirdParty:1030 - CMSIS Pack Vendor :emotas I-CUBE-CANOPEN 1.1.3
2024-02-20 09:16:59,611 [INFO] ThirdParty:1030 - CMSIS Pack Vendor :STMicroelectronics X-CUBE-BLEMGR 2.0.0
2024-02-20 09:16:59,611 [INFO] ThirdParty:1030 - CMSIS Pack Vendor :STMicroelectronics X-CUBE-AI 8.0.1
2024-02-20 09:16:59,611 [INFO] ThirdParty:1030 - CMSIS Pack Vendor :STMicroelectronics X-CUBE-NFC4 3.0.0
2024-02-20 09:16:59,612 [INFO] ThirdParty:1030 - CMSIS Pack Vendor :STMicroelectronics X-CUBE-SUBG2 5.0.0
2024-02-20 09:16:59,613 [INFO] ThirdParty:1030 - CMSIS Pack Vendor :STMicroelectronics STM32_WPAN 1.0.0
2024-02-20 09:16:59,613 [INFO] ThirdParty:1030 - CMSIS Pack Vendor :STMicroelectronics lwIP 2.0.3
2024-02-20 09:16:59,613 [INFO] ThirdParty:1030 - CMSIS Pack Vendor :STMicroelectronics FP-SNS-FLIGHT1 5.0.2
2024-02-20 09:16:59,613 [INFO] ThirdParty:1030 - CMSIS Pack Vendor :STMicroelectronics USB_HOST 1.0.0
2024-02-20 09:16:59,613 [INFO] ThirdParty:1030 - CMSIS Pack Vendor :STMicroelectronics X-CUBE-TOF1 3.3.1
2024-02-20 09:16:59,613 [INFO] ThirdParty:1030 - CMSIS Pack Vendor :STMicroelectronics X-CUBE-AZRTOS-G4 2.0.0
2024-02-20 09:16:59,613 [INFO] ThirdParty:1030 - CMSIS Pack Vendor :STMicroelectronics PDM2PCM 3.1.0
2024-02-20 09:16:59,613 [INFO] ThirdParty:1030 - CMSIS Pack Vendor :STMicroelectronics X-CUBE-AZRTOS-H7 3.1.0
2024-02-20 09:16:59,613 [INFO] ThirdParty:1030 - CMSIS Pack Vendor :STMicroelectronics X-CUBE-TOF1 3.3.0
2024-02-20 09:16:59,613 [INFO] ThirdParty:1030 - CMSIS Pack Vendor :Infineon AIROC-Wi-Fi-Bluetooth-STM32 1.5.1
2024-02-20 09:16:59,613 [INFO] ThirdParty:1030 - CMSIS Pack Vendor :STMicroelectronics X-CUBE-BLEMGR 3.0.0
2024-02-20 09:16:59,613 [INFO] ThirdParty:1030 - CMSIS Pack Vendor :STMicroelectronics PDM2PCM 3.3.0
2024-02-20 09:16:59,613 [INFO] ThirdParty:1030 - CMSIS Pack Vendor :STMicroelectronics X-CUBE-DISPLAY 3.0.0
2024-02-20 09:16:59,613 [INFO] ThirdParty:1030 - CMSIS Pack Vendor :STMicroelectronics FP-SNS-MOTENVWB1 1.3.0
2024-02-20 09:16:59,613 [INFO] ThirdParty:1030 - CMSIS Pack Vendor :STMicroelectronics FP-SNS-MOTENVWB1 1.3.1
2024-02-20 09:16:59,613 [INFO] ThirdParty:1030 - CMSIS Pack Vendor :STMicroelectronics X-CUBE-BLE1 7.0.0
2024-02-20 09:16:59,613 [INFO] ThirdParty:1030 - CMSIS Pack Vendor :STMicroelectronics FP-ATR-SIGFOX1 3.2.0
2024-02-20 09:16:59,613 [INFO] ThirdParty:1030 - CMSIS Pack Vendor :STMicroelectronics X-CUBE-AZRTOS-L4 1.0.0
2024-02-20 09:16:59,613 [INFO] ThirdParty:1030 - CMSIS Pack Vendor :STMicroelectronics X-CUBE-ISPU 2.0.0
2024-02-20 09:16:59,613 [INFO] ThirdParty:1030 - CMSIS Pack Vendor :STMicroelectronics X-CUBE-EEPRMA1 5.1.0
2024-02-20 09:16:59,613 [INFO] ThirdParty:1030 - CMSIS Pack Vendor :STMicroelectronics HAL Drivers 0.0.0
2024-02-20 09:16:59,613 [INFO] ThirdParty:1030 - CMSIS Pack Vendor :STMicroelectronics MBEDTLS 2.16.2
2024-02-20 09:16:59,613 [INFO] ThirdParty:1030 - CMSIS Pack Vendor :STMicroelectronics X-CUBE-MEMS1 10.0.0
2024-02-20 09:16:59,613 [INFO] ThirdParty:1030 - CMSIS Pack Vendor :STMicroelectronics X-CUBE-FREERTOS 1.1.0
2024-02-20 09:16:59,613 [INFO] ThirdParty:1030 - CMSIS Pack Vendor :STMicroelectronics X-CUBE-TOUCHGFX 4.22.0
2024-02-20 09:16:59,613 [INFO] ThirdParty:1030 - CMSIS Pack Vendor :STMicroelectronics X-CUBE-NFC7 1.0.1
2024-02-20 09:16:59,613 [INFO] ThirdParty:1030 - CMSIS Pack Vendor :STMicroelectronics MBEDTLS 2.14.1
2024-02-20 09:16:59,613 [INFO] ThirdParty:1030 - CMSIS Pack Vendor :STMicroelectronics X-CUBE-NFC7 1.0.0
2024-02-20 09:16:59,613 [INFO] ThirdParty:1030 - CMSIS Pack Vendor :STMicroelectronics X-CUBE-TOUCHGFX 4.22.1
2024-02-20 09:16:59,613 [INFO] ThirdParty:1030 - CMSIS Pack Vendor :STMicroelectronics X-CUBE-AZRTOS-WL 1.0.0
2024-02-20 09:16:59,613 [INFO] ThirdParty:1030 - CMSIS Pack Vendor :STMicroelectronics X-CUBE-NFC6 3.0.0
2024-02-20 09:16:59,613 [INFO] ThirdParty:1030 - CMSIS Pack Vendor :STMicroelectronics X-CUBE-EEPRMA1 4.1.0
2024-02-20 09:16:59,613 [INFO] ThirdParty:1030 - CMSIS Pack Vendor :portGmbH I-Cube-SoM-uGOAL 1.1.0
2024-02-20 09:16:59,613 [INFO] ThirdParty:1030 - CMSIS Pack Vendor :STMicroelectronics X-CUBE-ALS 1.0.1
2024-02-20 09:16:59,613 [INFO] ThirdParty:1030 - CMSIS Pack Vendor :STMicroelectronics ThreadX 1.0.0
2024-02-20 09:16:59,613 [INFO] ThirdParty:1030 - CMSIS Pack Vendor :STMicroelectronics FP-SNS-SMARTAG2 1.2.0
2024-02-20 09:16:59,613 [INFO] ThirdParty:1030 - CMSIS Pack Vendor :STMicroelectronics X-CUBE-AZRTOS-WB 1.1.0
2024-02-20 09:16:59,613 [INFO] ThirdParty:1030 - CMSIS Pack Vendor :STMicroelectronics X-CUBE-AZRTOS-WL 2.0.0
2024-02-20 09:16:59,613 [INFO] ThirdParty:1030 - CMSIS Pack Vendor :SEGGER I-CUBE-embOS 1.3.1
2024-02-20 09:16:59,613 [INFO] ThirdParty:1030 - CMSIS Pack Vendor :STMicroelectronics USB_DEVICE 1.0.0
2024-02-20 09:16:59,613 [INFO] ThirdParty:1030 - CMSIS Pack Vendor :STMicroelectronics X-CUBE-AI 8.1.0
2024-02-20 09:16:59,613 [INFO] ThirdParty:1030 - CMSIS Pack Vendor :STMicroelectronics X-CUBE-AZRTOS-L4 2.0.0
2024-02-20 09:16:59,613 [INFO] ThirdParty:1030 - CMSIS Pack Vendor :STMicroelectronics ThreadX 0.0.2
2024-02-20 09:16:59,613 [INFO] ThirdParty:1030 - CMSIS Pack Vendor :WES I-CUBE-Cesium 1.3.0
2024-02-20 09:16:59,613 [INFO] ThirdParty:1030 - CMSIS Pack Vendor :STMicroelectronics FP-ATR-ASTRA1 2.0.0
2024-02-20 09:16:59,613 [INFO] ThirdParty:1030 - CMSIS Pack Vendor :STMicroelectronics lwIP 2.1.2
2024-02-20 09:16:59,613 [INFO] ThirdParty:1030 - CMSIS Pack Vendor :STMicroelectronics X-CUBE-SFXS2LP1 4.0.0
2024-02-20 09:16:59,613 [INFO] ThirdParty:1030 - CMSIS Pack Vendor :STMicroelectronics X-CUBE-BLE2 3.3.0
2024-02-20 09:16:59,613 [INFO] ThirdParty:1030 - CMSIS Pack Vendor :STMicroelectronics X-CUBE-TOF1 3.4.0
2024-02-20 09:16:59,613 [INFO] ThirdParty:1030 - CMSIS Pack Vendor :STMicroelectronics X-CUBE-AZRTOS-H7 3.2.0
2024-02-20 09:16:59,613 [INFO] ThirdParty:1030 - CMSIS Pack Vendor :STMicroelectronics PDM2PCM 3.2.0
2024-02-20 09:16:59,613 [INFO] ThirdParty:841 - exiting critical section [change project]
2024-02-20 09:17:00,060 [INFO] PinOutPanel:1499 - setPackage(No Configuration,No Configuration)
2024-02-20 09:17:00,060 [INFO] PinOutPanel:1499 - setPackage(STM32F746ZGTx,LQFP144)
2024-02-20 09:17:00,923 [INFO] UtilMem:75 - Before build in PCC Used Memory: 653509904 Bytes (935329792)
2024-02-20 09:17:01,355 [INFO] UtilMem:75 - After build in PCC Used Memory: 701220112 Bytes (935329792)
2024-02-20 09:17:01,402 [INFO] IPUIPlugin:80 - create IPUIPlugin
2024-02-20 09:17:01,402 [INFO] IPUIPlugin:80 - create IPUIPlugin
2024-02-20 09:17:01,402 [INFO] IPUIPlugin:80 - create IPUIPlugin
2024-02-20 09:17:01,402 [INFO] IPUIPlugin:80 - create IPUIPlugin
2024-02-20 09:17:01,402 [INFO] IPUIPlugin:80 - create IPUIPlugin
2024-02-20 09:17:01,402 [INFO] IPUIPlugin:80 - create IPUIPlugin
2024-02-20 09:17:01,402 [INFO] IPUIPlugin:80 - create IPUIPlugin
2024-02-20 09:17:01,402 [INFO] IPUIPlugin:80 - create IPUIPlugin
2024-02-20 09:17:01,402 [INFO] IPUIPlugin:80 - create IPUIPlugin
2024-02-20 09:17:01,402 [INFO] IPUIPlugin:80 - create IPUIPlugin
2024-02-20 09:17:01,402 [INFO] IPUIPlugin:80 - create IPUIPlugin
2024-02-20 09:17:01,402 [INFO] IPUIPlugin:80 - create IPUIPlugin
2024-02-20 09:17:01,402 [INFO] IPUIPlugin:80 - create IPUIPlugin
2024-02-20 09:17:01,402 [INFO] IPUIPlugin:80 - create IPUIPlugin
2024-02-20 09:17:01,402 [INFO] IPUIPlugin:80 - create IPUIPlugin
2024-02-20 09:17:01,402 [INFO] IPUIPlugin:80 - create IPUIPlugin
2024-02-20 09:17:01,402 [INFO] IPUIPlugin:80 - create IPUIPlugin
2024-02-20 09:17:01,402 [INFO] IPUIPlugin:80 - create IPUIPlugin
2024-02-20 09:17:01,402 [INFO] IPUIPlugin:80 - create IPUIPlugin
2024-02-20 09:17:01,402 [INFO] IPUIPlugin:80 - create IPUIPlugin
2024-02-20 09:17:01,402 [INFO] IPUIPlugin:80 - create IPUIPlugin
2024-02-20 09:17:01,402 [INFO] IPUIPlugin:80 - create IPUIPlugin
2024-02-20 09:17:01,402 [INFO] IPUIPlugin:80 - create IPUIPlugin
2024-02-20 09:17:01,402 [INFO] IPUIPlugin:80 - create IPUIPlugin
2024-02-20 09:17:01,402 [INFO] IPUIPlugin:80 - create IPUIPlugin
2024-02-20 09:17:01,402 [INFO] IPUIPlugin:80 - create IPUIPlugin
2024-02-20 09:17:01,402 [INFO] IPUIPlugin:80 - create IPUIPlugin
2024-02-20 09:17:01,402 [INFO] IPUIPlugin:80 - create IPUIPlugin
2024-02-20 09:17:01,402 [INFO] IPUIPlugin:80 - create IPUIPlugin
2024-02-20 09:17:01,402 [INFO] IPUIPlugin:80 - create IPUIPlugin
2024-02-20 09:17:01,402 [INFO] IPUIPlugin:80 - create IPUIPlugin
2024-02-20 09:17:01,402 [INFO] IPUIPlugin:80 - create IPUIPlugin
2024-02-20 09:17:01,402 [INFO] IPUIPlugin:80 - create IPUIPlugin
2024-02-20 09:17:01,402 [INFO] IPUIPlugin:80 - create IPUIPlugin
2024-02-20 09:17:01,402 [INFO] IPUIPlugin:80 - create IPUIPlugin
2024-02-20 09:17:01,402 [INFO] IPUIPlugin:80 - create IPUIPlugin
2024-02-20 09:17:01,402 [INFO] IPUIPlugin:80 - create IPUIPlugin
2024-02-20 09:17:01,402 [INFO] IPUIPlugin:80 - create IPUIPlugin
2024-02-20 09:17:01,402 [INFO] IPUIPlugin:80 - create IPUIPlugin
2024-02-20 09:17:01,402 [INFO] IPUIPlugin:80 - create IPUIPlugin
2024-02-20 09:17:01,402 [INFO] IPUIPlugin:80 - create IPUIPlugin
2024-02-20 09:17:01,402 [INFO] IPUIPlugin:80 - create IPUIPlugin
2024-02-20 09:17:01,402 [INFO] IPUIPlugin:80 - create IPUIPlugin
2024-02-20 09:17:01,402 [INFO] IPUIPlugin:80 - create IPUIPlugin
2024-02-20 09:17:01,402 [INFO] IPUIPlugin:80 - create IPUIPlugin
2024-02-20 09:17:01,402 [INFO] IPUIPlugin:80 - create IPUIPlugin
2024-02-20 09:17:01,402 [INFO] IPUIPlugin:80 - create IPUIPlugin
2024-02-20 09:17:01,402 [INFO] IPUIPlugin:80 - create IPUIPlugin
2024-02-20 09:17:01,402 [INFO] IPUIPlugin:80 - create IPUIPlugin
2024-02-20 09:17:01,402 [INFO] IPUIPlugin:80 - create IPUIPlugin
2024-02-20 09:17:01,402 [INFO] IPUIPlugin:80 - create IPUIPlugin
2024-02-20 09:17:01,402 [INFO] IPUIPlugin:80 - create IPUIPlugin
2024-02-20 09:17:01,402 [INFO] IPUIPlugin:80 - create IPUIPlugin
2024-02-20 09:17:01,402 [INFO] IPUIPlugin:80 - create IPUIPlugin
2024-02-20 09:17:01,418 [INFO] IPUIPlugin:80 - create IPUIPlugin
2024-02-20 09:17:01,418 [INFO] IPUIPlugin:80 - create IPUIPlugin
2024-02-20 09:17:01,418 [INFO] IPUIPlugin:80 - create IPUIPlugin
2024-02-20 09:17:01,418 [INFO] IPUIPlugin:80 - create IPUIPlugin
2024-02-20 09:17:01,418 [INFO] IPUIPlugin:80 - create IPUIPlugin
2024-02-20 09:17:01,418 [INFO] IPUIPlugin:80 - create IPUIPlugin
2024-02-20 09:17:01,418 [INFO] IPUIPlugin:80 - create IPUIPlugin
2024-02-20 09:17:01,418 [INFO] IPUIPlugin:80 - create IPUIPlugin
2024-02-20 09:17:01,418 [INFO] IPUIPlugin:80 - create IPUIPlugin
2024-02-20 09:17:01,418 [INFO] IPUIPlugin:80 - create IPUIPlugin
2024-02-20 09:17:01,418 [INFO] IPUIPlugin:80 - create IPUIPlugin
2024-02-20 09:17:01,418 [INFO] IPUIPlugin:80 - create IPUIPlugin
2024-02-20 09:17:01,418 [INFO] IPUIPlugin:80 - create IPUIPlugin
2024-02-20 09:17:01,418 [INFO] IPUIPlugin:80 - create IPUIPlugin
2024-02-20 09:17:01,424 [INFO] IPUIPlugin:80 - create IPUIPlugin
2024-02-20 09:17:01,424 [INFO] IPUIPlugin:80 - create IPUIPlugin
2024-02-20 09:17:01,424 [INFO] IPUIPlugin:80 - create IPUIPlugin
2024-02-20 09:17:01,424 [INFO] IPUIPlugin:80 - create IPUIPlugin
2024-02-20 09:17:01,424 [INFO] IPUIPlugin:80 - create IPUIPlugin
2024-02-20 09:17:01,424 [INFO] IPUIPlugin:80 - create IPUIPlugin
2024-02-20 09:17:01,440 [INFO] ApiDbMcu:507 - Load IP Config File for PDM2PCM
2024-02-20 09:17:01,581 [INFO] CADModel:165 - CPN selected for project levelSTM32F746ZGT6
2024-02-20 09:17:01,581 [INFO] CADModel:114 - Register for checkConnection events
2024-02-20 09:17:01,642 [INFO] OpenFileManager:328 - Restore cursor
2024-02-20 10:05:42,049 [INFO] Gpio:273 - dependency for GPIO [ADC1, ADC2, ADC3, RCC, TIM1, TIM2, TIM3, TIM8, USART1]
2024-02-20 10:06:49,152 [INFO] Gpio:273 - dependency for GPIO [ADC1, ADC2, ADC3, RCC, TIM1, TIM2, TIM3, TIM8, USART1]
2024-02-20 15:58:44,213 [INFO] MainUpdater:2854 - connection check result : 10
2024-02-20 15:58:44,213 [INFO] MainUpdater:2854 - connection check result : 10
2024-02-20 15:58:44,235 [INFO] MicroXplorer:468 - Change Database Path : 
2024-02-20 15:58:44,235 [INFO] MicroXplorer:498 - Change Database Version : DB.6.0.81
2024-02-20 15:58:44,282 [WARN] ThirdParty:871 - waiting for thirdparty lock release [close project]
2024-02-20 15:58:44,282 [INFO] ThirdParty:873 - entering critical section [close project]
2024-02-20 15:58:44,282 [INFO] ThirdParty:883 - exiting critical section [close project]
2024-02-20 15:58:44,282 [INFO] PinOutPanel:1499 - setPackage(No Configuration,No Configuration)
2024-02-20 15:58:44,282 [WARN] IpParametersView:150 - Warning: This peripheral hasn't parameters
2024-02-20 15:58:44,282 [WARN] MainPanel:257 - <html><b><center>Warning: This peripheral has no parameters to be configured<br></b></html>
2024-02-20 15:58:44,297 [INFO] UtilMem:75 - Begin LoadConfig() Used Memory: 746188664 Bytes (935329792)
2024-02-20 15:58:44,297 [INFO] MicroXplorer:468 - Change Database Path : 
2024-02-20 15:58:44,297 [INFO] MicroXplorer:498 - Change Database Version : DB.6.0.81
2024-02-20 15:58:44,297 [INFO] OpenFileManager:308 - Change cursor
2024-02-20 15:58:44,313 [INFO] Mcu:1937 - Initializing MCU STM32F746ZGTx STM32F746ZGTx STM32F746ZGT6
2024-02-20 15:58:46,325 [INFO] Context:659 - Trying to add GPIOservice into a context  which must be forbidden
2024-02-20 15:58:46,777 [INFO] RtosManager:555 - Registered RTOS mode: class=CMSIS, group=RTOS, mode=CMSIS_V1, owner=FREERTOS
2024-02-20 15:58:46,777 [INFO] RtosManager:555 - Registered RTOS mode: class=CMSIS, group=RTOS2, mode=CMSIS_V2, owner=FREERTOS
2024-02-20 15:58:46,777 [INFO] RtosManager:555 - Registered RTOS mode: class=RTOS, group=Core, mode=CMSIS_V1, owner=FREERTOS
2024-02-20 15:58:46,777 [INFO] RtosManager:555 - Registered RTOS mode: class=RTOS, group=Core, mode=CMSIS_V2, owner=FREERTOS
2024-02-20 15:58:46,777 [WARN] ModelIntegratedComponent:184 - Missing modes for component STMicroelectronics:FreeRTOS:0.0.1:STMicroelectronics:RTOS:FreeRTOS:Core:::10.2.0:
2024-02-20 15:58:46,793 [WARN] ModelIntegratedComponent:63 - No mode defined for component null
2024-02-20 15:58:46,793 [WARN] ModelIntegratedComponent:63 - No mode defined for component null
2024-02-20 15:58:46,793 [WARN] ModelIntegratedComponent:63 - No mode defined for component null
2024-02-20 15:58:46,793 [WARN] ModelIntegratedComponent:63 - No mode defined for component null
2024-02-20 15:58:46,793 [WARN] ModelIntegratedComponent:63 - No mode defined for component null
2024-02-20 15:58:46,793 [WARN] ModelIntegratedComponent:63 - No mode defined for component null
2024-02-20 15:58:46,793 [WARN] ModelIntegratedComponent:63 - No mode defined for component null
2024-02-20 15:58:46,793 [WARN] ModelIntegratedComponent:63 - No mode defined for component null
2024-02-20 15:58:46,793 [WARN] ModelIntegratedComponent:63 - No mode defined for component null
2024-02-20 15:58:46,793 [WARN] ModelIntegratedComponent:63 - No mode defined for component null
2024-02-20 15:58:46,793 [WARN] ModelIntegratedComponent:63 - No mode defined for component null
2024-02-20 15:58:46,793 [WARN] ModelIntegratedComponent:63 - No mode defined for component null
2024-02-20 15:58:46,793 [WARN] ModelIntegratedComponent:63 - No mode defined for component null
2024-02-20 15:58:46,793 [WARN] ModelIntegratedComponent:63 - No mode defined for component null
2024-02-20 15:58:46,793 [WARN] ModelIntegratedComponent:63 - No mode defined for component null
2024-02-20 15:58:46,793 [WARN] ModelIntegratedComponent:63 - No mode defined for component null
2024-02-20 15:58:46,793 [WARN] ModelIntegratedComponent:63 - No mode defined for component null
2024-02-20 15:58:46,793 [WARN] ModelIntegratedComponent:63 - No mode defined for component null
2024-02-20 15:58:46,793 [WARN] ModelIntegratedComponent:63 - No mode defined for component null
2024-02-20 15:58:46,793 [WARN] ModelIntegratedComponent:63 - No mode defined for component null
2024-02-20 15:58:46,793 [WARN] ModelIntegratedComponent:63 - No mode defined for component null
2024-02-20 15:58:46,793 [WARN] ModelIntegratedComponent:63 - No mode defined for component null
2024-02-20 15:58:46,793 [WARN] ModelIntegratedComponent:63 - No mode defined for component null
2024-02-20 15:58:46,793 [WARN] ModelIntegratedComponent:63 - No mode defined for component null
2024-02-20 15:58:46,793 [WARN] ModelIntegratedComponent:63 - No mode defined for component null
2024-02-20 15:58:46,793 [WARN] ModelIntegratedComponent:63 - No mode defined for component null
2024-02-20 15:58:46,793 [WARN] ModelIntegratedComponent:63 - No mode defined for component null
2024-02-20 15:58:46,793 [WARN] ModelIntegratedComponent:63 - No mode defined for component null
2024-02-20 15:58:46,793 [WARN] ModelIntegratedComponent:63 - No mode defined for component null
2024-02-20 15:58:46,793 [WARN] ModelIntegratedComponent:63 - No mode defined for component null
2024-02-20 15:58:46,793 [WARN] ModelIntegratedComponent:63 - No mode defined for component null
2024-02-20 15:58:46,793 [WARN] ModelIntegratedComponent:63 - No mode defined for component null
2024-02-20 15:58:46,793 [WARN] ModelIntegratedComponent:63 - No mode defined for component null
2024-02-20 15:58:46,948 [INFO] ThirdPartyModel:298 - Start build external matchings
2024-02-20 15:58:47,612 [INFO] ThirdPartyModel:316 - End build external matchings
2024-02-20 15:58:47,625 [INFO] ImportTextPane:194 - (OptionalMessage_ERROR) IP (DMA) : Parameter (Instance) has Id (ADC2) currently not set
2024-02-20 15:58:47,625 [INFO] ImportTextPane:194 - (OptionalMessage_ERROR) IP (DMA) : Parameter (Channel) has Id (ADC2) currently not set
2024-02-20 15:58:47,625 [INFO] ImportTextPane:194 - (OptionalMessage_ERROR) IP (DMA) : Parameter (Direction) has Id (ADC2) currently not set
2024-02-20 15:58:47,625 [INFO] ImportTextPane:194 - (OptionalMessage_ERROR) IP (DMA) : Parameter (PeriphInc) has Id (ADC2) currently not set
2024-02-20 15:58:47,625 [INFO] ImportTextPane:194 - (OptionalMessage_ERROR) IP (DMA) : Parameter (MemInc) has Id (ADC2) currently not set
2024-02-20 15:58:47,625 [INFO] ImportTextPane:194 - (OptionalMessage_ERROR) IP (DMA) : Parameter (PeriphDataAlignment) has Id (ADC2) currently not set
2024-02-20 15:58:47,625 [INFO] ImportTextPane:194 - (OptionalMessage_ERROR) IP (DMA) : Parameter (MemDataAlignment) has Id (ADC2) currently not set
2024-02-20 15:58:47,625 [INFO] ImportTextPane:194 - (OptionalMessage_ERROR) IP (DMA) : Parameter (Mode) has Id (ADC2) currently not set
2024-02-20 15:58:47,625 [INFO] ImportTextPane:194 - (OptionalMessage_ERROR) IP (DMA) : Parameter (Priority) has Id (ADC2) currently not set
2024-02-20 15:58:47,625 [INFO] ImportTextPane:194 - (OptionalMessage_ERROR) IP (DMA) : Parameter (FIFOMode) has Id (ADC2) currently not set
2024-02-20 15:58:47,625 [INFO] ImportTextPane:194 - (OptionalMessage_ERROR) IP (DMA) : Parameter (Instance) has Id (ADC1) currently not set
2024-02-20 15:58:47,625 [INFO] ImportTextPane:194 - (OptionalMessage_ERROR) IP (DMA) : Parameter (Channel) has Id (ADC1) currently not set
2024-02-20 15:58:47,625 [INFO] ImportTextPane:194 - (OptionalMessage_ERROR) IP (DMA) : Parameter (Direction) has Id (ADC1) currently not set
2024-02-20 15:58:47,625 [INFO] ImportTextPane:194 - (OptionalMessage_ERROR) IP (DMA) : Parameter (PeriphInc) has Id (ADC1) currently not set
2024-02-20 15:58:47,625 [INFO] ImportTextPane:194 - (OptionalMessage_ERROR) IP (DMA) : Parameter (MemInc) has Id (ADC1) currently not set
2024-02-20 15:58:47,625 [INFO] ImportTextPane:194 - (OptionalMessage_ERROR) IP (DMA) : Parameter (PeriphDataAlignment) has Id (ADC1) currently not set
2024-02-20 15:58:47,625 [INFO] ImportTextPane:194 - (OptionalMessage_ERROR) IP (DMA) : Parameter (MemDataAlignment) has Id (ADC1) currently not set
2024-02-20 15:58:47,625 [INFO] ImportTextPane:194 - (OptionalMessage_ERROR) IP (DMA) : Parameter (Mode) has Id (ADC1) currently not set
2024-02-20 15:58:47,625 [INFO] ImportTextPane:194 - (OptionalMessage_ERROR) IP (DMA) : Parameter (Priority) has Id (ADC1) currently not set
2024-02-20 15:58:47,625 [INFO] ImportTextPane:194 - (OptionalMessage_ERROR) IP (DMA) : Parameter (FIFOMode) has Id (ADC1) currently not set
2024-02-20 15:58:47,625 [INFO] ImportTextPane:194 - (OptionalMessage_ERROR) IP (DMA) : Parameter (Instance) has Id (ADC3) currently not set
2024-02-20 15:58:47,625 [INFO] ImportTextPane:194 - (OptionalMessage_ERROR) IP (DMA) : Parameter (Channel) has Id (ADC3) currently not set
2024-02-20 15:58:47,625 [INFO] ImportTextPane:194 - (OptionalMessage_ERROR) IP (DMA) : Parameter (Direction) has Id (ADC3) currently not set
2024-02-20 15:58:47,625 [INFO] ImportTextPane:194 - (OptionalMessage_ERROR) IP (DMA) : Parameter (PeriphInc) has Id (ADC3) currently not set
2024-02-20 15:58:47,625 [INFO] ImportTextPane:194 - (OptionalMessage_ERROR) IP (DMA) : Parameter (MemInc) has Id (ADC3) currently not set
2024-02-20 15:58:47,625 [INFO] ImportTextPane:194 - (OptionalMessage_ERROR) IP (DMA) : Parameter (PeriphDataAlignment) has Id (ADC3) currently not set
2024-02-20 15:58:47,625 [INFO] ImportTextPane:194 - (OptionalMessage_ERROR) IP (DMA) : Parameter (MemDataAlignment) has Id (ADC3) currently not set
2024-02-20 15:58:47,625 [INFO] ImportTextPane:194 - (OptionalMessage_ERROR) IP (DMA) : Parameter (Mode) has Id (ADC3) currently not set
2024-02-20 15:58:47,625 [INFO] ImportTextPane:194 - (OptionalMessage_ERROR) IP (DMA) : Parameter (Priority) has Id (ADC3) currently not set
2024-02-20 15:58:47,625 [INFO] ImportTextPane:194 - (OptionalMessage_ERROR) IP (DMA) : Parameter (FIFOMode) has Id (ADC3) currently not set
2024-02-20 15:58:47,625 [INFO] ImportTextPane:194 - (OptionalMessage_ERROR) IP (DMA) : Parameter (Instance) has Id (USART1_RX) currently not set
2024-02-20 15:58:47,625 [INFO] ImportTextPane:194 - (OptionalMessage_ERROR) IP (DMA) : Parameter (Channel) has Id (USART1_RX) currently not set
2024-02-20 15:58:47,625 [INFO] ImportTextPane:194 - (OptionalMessage_ERROR) IP (DMA) : Parameter (Direction) has Id (USART1_RX) currently not set
2024-02-20 15:58:47,625 [INFO] ImportTextPane:194 - (OptionalMessage_ERROR) IP (DMA) : Parameter (PeriphInc) has Id (USART1_RX) currently not set
2024-02-20 15:58:47,625 [INFO] ImportTextPane:194 - (OptionalMessage_ERROR) IP (DMA) : Parameter (MemInc) has Id (USART1_RX) currently not set
2024-02-20 15:58:47,625 [INFO] ImportTextPane:194 - (OptionalMessage_ERROR) IP (DMA) : Parameter (PeriphDataAlignment) has Id (USART1_RX) currently not set
2024-02-20 15:58:47,625 [INFO] ImportTextPane:194 - (OptionalMessage_ERROR) IP (DMA) : Parameter (MemDataAlignment) has Id (USART1_RX) currently not set
2024-02-20 15:58:47,625 [INFO] ImportTextPane:194 - (OptionalMessage_ERROR) IP (DMA) : Parameter (Mode) has Id (USART1_RX) currently not set
2024-02-20 15:58:47,625 [INFO] ImportTextPane:194 - (OptionalMessage_ERROR) IP (DMA) : Parameter (Priority) has Id (USART1_RX) currently not set
2024-02-20 15:58:47,625 [INFO] ImportTextPane:194 - (OptionalMessage_ERROR) IP (DMA) : Parameter (FIFOMode) has Id (USART1_RX) currently not set
2024-02-20 15:58:47,625 [INFO] ImportTextPane:194 - (OptionalMessage_ERROR) IP (DMA) : Parameter (Instance) has Id (USART1_TX) currently not set
2024-02-20 15:58:47,625 [INFO] ImportTextPane:194 - (OptionalMessage_ERROR) IP (DMA) : Parameter (Channel) has Id (USART1_TX) currently not set
2024-02-20 15:58:47,625 [INFO] ImportTextPane:194 - (OptionalMessage_ERROR) IP (DMA) : Parameter (Direction) has Id (USART1_TX) currently not set
2024-02-20 15:58:47,625 [INFO] ImportTextPane:194 - (OptionalMessage_ERROR) IP (DMA) : Parameter (PeriphInc) has Id (USART1_TX) currently not set
2024-02-20 15:58:47,625 [INFO] ImportTextPane:194 - (OptionalMessage_ERROR) IP (DMA) : Parameter (MemInc) has Id (USART1_TX) currently not set
2024-02-20 15:58:47,625 [INFO] ImportTextPane:194 - (OptionalMessage_ERROR) IP (DMA) : Parameter (PeriphDataAlignment) has Id (USART1_TX) currently not set
2024-02-20 15:58:47,625 [INFO] ImportTextPane:194 - (OptionalMessage_ERROR) IP (DMA) : Parameter (MemDataAlignment) has Id (USART1_TX) currently not set
2024-02-20 15:58:47,625 [INFO] ImportTextPane:194 - (OptionalMessage_ERROR) IP (DMA) : Parameter (Mode) has Id (USART1_TX) currently not set
2024-02-20 15:58:47,625 [INFO] ImportTextPane:194 - (OptionalMessage_ERROR) IP (DMA) : Parameter (Priority) has Id (USART1_TX) currently not set
2024-02-20 15:58:47,625 [INFO] ImportTextPane:194 - (OptionalMessage_ERROR) IP (DMA) : Parameter (FIFOMode) has Id (USART1_TX) currently not set
2024-02-20 15:58:47,625 [INFO] ImportTextPane:194 - (OptionalMessage_ERROR) IP (RCC) : Invalid parameter (48MHZClocksFreq_Value)
2024-02-20 15:58:47,625 [INFO] ImportTextPane:194 - (OptionalMessage_ERROR) IP (RCC) : Invalid parameter (ADC12outputFreq_Value)
2024-02-20 15:58:47,625 [INFO] ImportTextPane:194 - (OptionalMessage_ERROR) IP (RCC) : Invalid parameter (ADC34outputFreq_Value)
2024-02-20 15:58:47,625 [INFO] ImportTextPane:194 - (OptionalMessage_ERROR) IP (RCC) : Invalid parameter (FamilyName)
2024-02-20 15:58:47,625 [INFO] ImportTextPane:194 - (OptionalMessage_ERROR) IP (RCC) : Invalid parameter (I2SClocksFreq_Value)
2024-02-20 15:58:47,625 [INFO] ImportTextPane:194 - (OptionalMessage_ERROR) IP (RCC) : Parameter (LCDTFToutputFreq_Value) has invalid value (96000000)
2024-02-20 15:58:47,625 [INFO] ImportTextPane:194 - (OptionalMessage_ERROR) IP (RCC) : Invalid parameter (MCOFreq_Value)
2024-02-20 15:58:47,625 [INFO] ImportTextPane:194 - (OptionalMessage_ERROR) IP (RCC) : Invalid parameter (PLLMCOFreq_Value)
2024-02-20 15:58:47,625 [INFO] ImportTextPane:194 - (OptionalMessage_ERROR) IP (RCC) : Invalid parameter (PLLMUL)
2024-02-20 15:58:47,625 [INFO] ImportTextPane:194 - (OptionalMessage_ERROR) IP (RCC) : Invalid parameter (PRESCALERUSB)
2024-02-20 15:58:47,625 [INFO] ImportTextPane:194 - (OptionalMessage_ERROR) IP (RCC) : Parameter (RNGFreq_Value) has invalid value (144000000)
2024-02-20 15:58:47,633 [INFO] ImportTextPane:194 - (OptionalMessage_ERROR) IP (RCC) : Invalid parameter (RTCHSEDivFreq_Value)
2024-02-20 15:58:47,633 [INFO] ImportTextPane:194 - (OptionalMessage_ERROR) IP (RCC) : Parameter (SDMMCFreq_Value) has invalid value (216000000)
2024-02-20 15:58:47,633 [INFO] ImportTextPane:194 - (OptionalMessage_ERROR) IP (RCC) : Invalid parameter (SYSCLKSourceVirtual)
2024-02-20 15:58:47,633 [INFO] ImportTextPane:194 - (OptionalMessage_ERROR) IP (RCC) : Invalid parameter (TIM15Freq_Value)
2024-02-20 15:58:47,633 [INFO] ImportTextPane:194 - (OptionalMessage_ERROR) IP (RCC) : Invalid parameter (TIM16Freq_Value)
2024-02-20 15:58:47,633 [INFO] ImportTextPane:194 - (OptionalMessage_ERROR) IP (RCC) : Invalid parameter (TIM17Freq_Value)
2024-02-20 15:58:47,633 [INFO] ImportTextPane:194 - (OptionalMessage_ERROR) IP (RCC) : Invalid parameter (TIM1Freq_Value)
2024-02-20 15:58:47,633 [INFO] ImportTextPane:194 - (OptionalMessage_ERROR) IP (RCC) : Invalid parameter (TIM20Freq_Value)
2024-02-20 15:58:47,633 [INFO] ImportTextPane:194 - (OptionalMessage_ERROR) IP (RCC) : Invalid parameter (TIM2Freq_Value)
2024-02-20 15:58:47,633 [INFO] ImportTextPane:194 - (OptionalMessage_ERROR) IP (RCC) : Invalid parameter (TIM3Freq_Value)
2024-02-20 15:58:47,633 [INFO] ImportTextPane:194 - (OptionalMessage_ERROR) IP (RCC) : Invalid parameter (TIM8Freq_Value)
2024-02-20 15:58:47,633 [INFO] ImportTextPane:194 - (OptionalMessage_ERROR) IP (RCC) : Parameter (USBFreq_Value) has invalid value (144000000)
2024-02-20 15:58:47,633 [INFO] ImportTextPane:194 - (OptionalMessage_ERROR) IP (RCC) : Invalid parameter (VCOOutput2Freq_Value)
2024-02-20 15:58:47,633 [INFO] ImportTextPane:194 - (OptionalMessage_ERROR) IP (RCC) : Invalid parameter (VcooutputI2S)
2024-02-20 15:58:48,008 [INFO] UtilMem:75 - End LoadConfig() Used Memory: 780634128 Bytes (935329792)
2024-02-20 15:58:48,038 [WARN] ThirdParty:833 - waiting for thirdparty lock release [change project]
2024-02-20 15:58:48,038 [INFO] ThirdParty:835 - entering critical section [change project]
2024-02-20 15:58:48,038 [INFO] ThirdParty:1030 - CMSIS Pack Vendor :STMicroelectronics X-CUBE-ISPU 1.1.0
2024-02-20 15:58:48,038 [INFO] ThirdParty:1030 - CMSIS Pack Vendor :STMicroelectronics X-CUBE-GNSS1 6.0.0
2024-02-20 15:58:48,038 [INFO] ThirdParty:1030 - CMSIS Pack Vendor :STMicroelectronics USB_HOST 2.0.0
2024-02-20 15:58:48,038 [INFO] ThirdParty:1030 - CMSIS Pack Vendor :STMicroelectronics X-CUBE-AZRTOS-F4 1.1.0
2024-02-20 15:58:48,038 [INFO] ThirdParty:1030 - CMSIS Pack Vendor :STMicroelectronics LIBJPEG 8.0.0
2024-02-20 15:58:48,038 [INFO] ThirdParty:1030 - CMSIS Pack Vendor :STMicroelectronics X-CUBE-SMBUS 2.1.0
2024-02-20 15:58:48,038 [INFO] ThirdParty:1030 - CMSIS Pack Vendor :wolfSSL I-CUBE-wolfSSL 5.6.0
2024-02-20 15:58:48,038 [INFO] ThirdParty:1030 - CMSIS Pack Vendor :STMicroelectronics USB_DEVICE 3.0.0
2024-02-20 15:58:48,038 [INFO] ThirdParty:1030 - CMSIS Pack Vendor :STMicroelectronics X-CUBE-AI 8.0.0
2024-02-20 15:58:48,038 [INFO] ThirdParty:1030 - CMSIS Pack Vendor :STMicroelectronics X-CUBE-AZRTOS-WB 2.0.0
2024-02-20 15:58:48,038 [INFO] ThirdParty:1030 - CMSIS Pack Vendor :STMicroelectronics X-CUBE-FREERTOS 1.0.1
2024-02-20 15:58:48,038 [INFO] ThirdParty:1030 - CMSIS Pack Vendor :STMicroelectronics X-CUBE-TOUCHGFX 4.21.3
2024-02-20 15:58:48,038 [INFO] ThirdParty:1030 - CMSIS Pack Vendor :STMicroelectronics X-CUBE-TOUCHGFX 4.23.0
2024-02-20 15:58:48,038 [INFO] ThirdParty:1030 - CMSIS Pack Vendor :STMicroelectronics X-CUBE-AZRTOS-F7 1.1.0
2024-02-20 15:58:48,038 [INFO] ThirdParty:1030 - CMSIS Pack Vendor :STMicroelectronics X-CUBE-TOUCHGFX 4.21.4
2024-02-20 15:58:48,038 [INFO] ThirdParty:1030 - CMSIS Pack Vendor :STMicroelectronics X-CUBE-AZRTOS-L5 2.0.0
2024-02-20 15:58:48,046 [INFO] ThirdParty:1030 - CMSIS Pack Vendor :STMicroelectronics USB_DEVICE 2.0.0
2024-02-20 15:58:48,046 [INFO] ThirdParty:1030 - CMSIS Pack Vendor :STMicroelectronics X-CUBE-MEMS1 9.6.0
2024-02-20 15:58:48,046 [INFO] ThirdParty:1030 - CMSIS Pack Vendor :STMicroelectronics X-CUBE-EEPRMA1 4.2.0
2024-02-20 15:58:48,046 [INFO] ThirdParty:1030 - CMSIS Pack Vendor :ITTIA_DB I-CUBE-ITTIADB 8.8.0
2024-02-20 15:58:48,046 [INFO] ThirdParty:1030 - CMSIS Pack Vendor :STMicroelectronics FP-SNS-MOTENV1 4.3.0
2024-02-20 15:58:48,046 [INFO] ThirdParty:1030 - CMSIS Pack Vendor :STMicroelectronics FP-SNS-MOTENV1 4.3.2
2024-02-20 15:58:48,046 [INFO] ThirdParty:1030 - CMSIS Pack Vendor :STMicroelectronics FP-SNS-FLIGHT1 5.0.0
2024-02-20 15:58:48,046 [INFO] ThirdParty:1030 - CMSIS Pack Vendor :STMicroelectronics FP-SNS-MOTENV1 4.3.1
2024-02-20 15:58:48,046 [INFO] ThirdParty:1030 - CMSIS Pack Vendor :STMicroelectronics FP-SNS-FLIGHT1 5.0.1
2024-02-20 15:58:48,046 [INFO] ThirdParty:1030 - CMSIS Pack Vendor :STMicroelectronics X-CUBE-ALGOBUILD 1.3.0
2024-02-20 15:58:48,046 [INFO] ThirdParty:1030 - CMSIS Pack Vendor :STMicroelectronics X-CUBE-BLE1 6.2.4
2024-02-20 15:58:48,046 [INFO] ThirdParty:1030 - CMSIS Pack Vendor :STMicroelectronics X-CUBE-AZRTOS-L5 1.1.0
2024-02-20 15:58:48,046 [INFO] ThirdParty:1030 - CMSIS Pack Vendor :STMicroelectronics FreeRTOS 0.0.1
2024-02-20 15:58:48,046 [INFO] ThirdParty:1030 - CMSIS Pack Vendor :STMicroelectronics X-CUBE-AZRTOS-G0 1.1.0
2024-02-20 15:58:48,046 [INFO] ThirdParty:1030 - CMSIS Pack Vendor :emotas I-CUBE-CANOPEN 1.1.3
2024-02-20 15:58:48,046 [INFO] ThirdParty:1030 - CMSIS Pack Vendor :STMicroelectronics X-CUBE-BLEMGR 2.0.0
2024-02-20 15:58:48,046 [INFO] ThirdParty:1030 - CMSIS Pack Vendor :STMicroelectronics X-CUBE-AI 8.0.1
2024-02-20 15:58:48,046 [INFO] ThirdParty:1030 - CMSIS Pack Vendor :STMicroelectronics X-CUBE-NFC4 3.0.0
2024-02-20 15:58:48,046 [INFO] ThirdParty:1030 - CMSIS Pack Vendor :STMicroelectronics X-CUBE-SUBG2 5.0.0
2024-02-20 15:58:48,046 [INFO] ThirdParty:1030 - CMSIS Pack Vendor :STMicroelectronics STM32_WPAN 1.0.0
2024-02-20 15:58:48,046 [INFO] ThirdParty:1030 - CMSIS Pack Vendor :STMicroelectronics lwIP 2.0.3
2024-02-20 15:58:48,046 [INFO] ThirdParty:1030 - CMSIS Pack Vendor :STMicroelectronics FP-SNS-FLIGHT1 5.0.2
2024-02-20 15:58:48,046 [INFO] ThirdParty:1030 - CMSIS Pack Vendor :STMicroelectronics USB_HOST 1.0.0
2024-02-20 15:58:48,046 [INFO] ThirdParty:1030 - CMSIS Pack Vendor :STMicroelectronics X-CUBE-TOF1 3.3.1
2024-02-20 15:58:48,046 [INFO] ThirdParty:1030 - CMSIS Pack Vendor :STMicroelectronics X-CUBE-AZRTOS-G4 2.0.0
2024-02-20 15:58:48,046 [INFO] ThirdParty:1030 - CMSIS Pack Vendor :STMicroelectronics PDM2PCM 3.1.0
2024-02-20 15:58:48,046 [INFO] ThirdParty:1030 - CMSIS Pack Vendor :STMicroelectronics X-CUBE-AZRTOS-H7 3.1.0
2024-02-20 15:58:48,046 [INFO] ThirdParty:1030 - CMSIS Pack Vendor :STMicroelectronics X-CUBE-TOF1 3.3.0
2024-02-20 15:58:48,046 [INFO] ThirdParty:1030 - CMSIS Pack Vendor :Infineon AIROC-Wi-Fi-Bluetooth-STM32 1.5.1
2024-02-20 15:58:48,046 [INFO] ThirdParty:1030 - CMSIS Pack Vendor :STMicroelectronics X-CUBE-BLEMGR 3.0.0
2024-02-20 15:58:48,046 [INFO] ThirdParty:1030 - CMSIS Pack Vendor :STMicroelectronics PDM2PCM 3.3.0
2024-02-20 15:58:48,046 [INFO] ThirdParty:1030 - CMSIS Pack Vendor :STMicroelectronics X-CUBE-DISPLAY 3.0.0
2024-02-20 15:58:48,046 [INFO] ThirdParty:1030 - CMSIS Pack Vendor :STMicroelectronics FP-SNS-MOTENVWB1 1.3.0
2024-02-20 15:58:48,046 [INFO] ThirdParty:1030 - CMSIS Pack Vendor :STMicroelectronics FP-SNS-MOTENVWB1 1.3.1
2024-02-20 15:58:48,046 [INFO] ThirdParty:1030 - CMSIS Pack Vendor :STMicroelectronics X-CUBE-BLE1 7.0.0
2024-02-20 15:58:48,046 [INFO] ThirdParty:1030 - CMSIS Pack Vendor :STMicroelectronics FP-ATR-SIGFOX1 3.2.0
2024-02-20 15:58:48,046 [INFO] ThirdParty:1030 - CMSIS Pack Vendor :STMicroelectronics X-CUBE-AZRTOS-L4 1.0.0
2024-02-20 15:58:48,046 [INFO] ThirdParty:1030 - CMSIS Pack Vendor :STMicroelectronics X-CUBE-ISPU 2.0.0
2024-02-20 15:58:48,046 [INFO] ThirdParty:1030 - CMSIS Pack Vendor :STMicroelectronics X-CUBE-EEPRMA1 5.1.0
2024-02-20 15:58:48,046 [INFO] ThirdParty:1030 - CMSIS Pack Vendor :STMicroelectronics HAL Drivers 0.0.0
2024-02-20 15:58:48,046 [INFO] ThirdParty:1030 - CMSIS Pack Vendor :STMicroelectronics MBEDTLS 2.16.2
2024-02-20 15:58:48,046 [INFO] ThirdParty:1030 - CMSIS Pack Vendor :STMicroelectronics X-CUBE-MEMS1 10.0.0
2024-02-20 15:58:48,046 [INFO] ThirdParty:1030 - CMSIS Pack Vendor :STMicroelectronics X-CUBE-FREERTOS 1.1.0
2024-02-20 15:58:48,046 [INFO] ThirdParty:1030 - CMSIS Pack Vendor :STMicroelectronics X-CUBE-TOUCHGFX 4.22.0
2024-02-20 15:58:48,046 [INFO] ThirdParty:1030 - CMSIS Pack Vendor :STMicroelectronics X-CUBE-NFC7 1.0.1
2024-02-20 15:58:48,046 [INFO] ThirdParty:1030 - CMSIS Pack Vendor :STMicroelectronics MBEDTLS 2.14.1
2024-02-20 15:58:48,046 [INFO] ThirdParty:1030 - CMSIS Pack Vendor :STMicroelectronics X-CUBE-NFC7 1.0.0
2024-02-20 15:58:48,046 [INFO] ThirdParty:1030 - CMSIS Pack Vendor :STMicroelectronics X-CUBE-TOUCHGFX 4.22.1
2024-02-20 15:58:48,046 [INFO] ThirdParty:1030 - CMSIS Pack Vendor :STMicroelectronics X-CUBE-AZRTOS-WL 1.0.0
2024-02-20 15:58:48,046 [INFO] ThirdParty:1030 - CMSIS Pack Vendor :STMicroelectronics X-CUBE-NFC6 3.0.0
2024-02-20 15:58:48,046 [INFO] ThirdParty:1030 - CMSIS Pack Vendor :STMicroelectronics X-CUBE-EEPRMA1 4.1.0
2024-02-20 15:58:48,046 [INFO] ThirdParty:1030 - CMSIS Pack Vendor :portGmbH I-Cube-SoM-uGOAL 1.1.0
2024-02-20 15:58:48,046 [INFO] ThirdParty:1030 - CMSIS Pack Vendor :STMicroelectronics X-CUBE-ALS 1.0.1
2024-02-20 15:58:48,046 [INFO] ThirdParty:1030 - CMSIS Pack Vendor :STMicroelectronics ThreadX 1.0.0
2024-02-20 15:58:48,046 [INFO] ThirdParty:1030 - CMSIS Pack Vendor :STMicroelectronics FP-SNS-SMARTAG2 1.2.0
2024-02-20 15:58:48,046 [INFO] ThirdParty:1030 - CMSIS Pack Vendor :STMicroelectronics X-CUBE-AZRTOS-WB 1.1.0
2024-02-20 15:58:48,046 [INFO] ThirdParty:1030 - CMSIS Pack Vendor :STMicroelectronics X-CUBE-AZRTOS-WL 2.0.0
2024-02-20 15:58:48,046 [INFO] ThirdParty:1030 - CMSIS Pack Vendor :SEGGER I-CUBE-embOS 1.3.1
2024-02-20 15:58:48,046 [INFO] ThirdParty:1030 - CMSIS Pack Vendor :STMicroelectronics USB_DEVICE 1.0.0
2024-02-20 15:58:48,046 [INFO] ThirdParty:1030 - CMSIS Pack Vendor :STMicroelectronics X-CUBE-AI 8.1.0
2024-02-20 15:58:48,046 [INFO] ThirdParty:1030 - CMSIS Pack Vendor :STMicroelectronics X-CUBE-AZRTOS-L4 2.0.0
2024-02-20 15:58:48,046 [INFO] ThirdParty:1030 - CMSIS Pack Vendor :STMicroelectronics ThreadX 0.0.2
2024-02-20 15:58:48,046 [INFO] ThirdParty:1030 - CMSIS Pack Vendor :WES I-CUBE-Cesium 1.3.0
2024-02-20 15:58:48,046 [INFO] ThirdParty:1030 - CMSIS Pack Vendor :STMicroelectronics FP-ATR-ASTRA1 2.0.0
2024-02-20 15:58:48,046 [INFO] ThirdParty:1030 - CMSIS Pack Vendor :STMicroelectronics lwIP 2.1.2
2024-02-20 15:58:48,046 [INFO] ThirdParty:1030 - CMSIS Pack Vendor :STMicroelectronics X-CUBE-SFXS2LP1 4.0.0
2024-02-20 15:58:48,046 [INFO] ThirdParty:1030 - CMSIS Pack Vendor :STMicroelectronics X-CUBE-BLE2 3.3.0
2024-02-20 15:58:48,048 [INFO] ThirdParty:1030 - CMSIS Pack Vendor :STMicroelectronics X-CUBE-TOF1 3.4.0
2024-02-20 15:58:48,048 [INFO] ThirdParty:1030 - CMSIS Pack Vendor :STMicroelectronics X-CUBE-AZRTOS-H7 3.2.0
2024-02-20 15:58:48,048 [INFO] ThirdParty:1030 - CMSIS Pack Vendor :STMicroelectronics PDM2PCM 3.2.0
2024-02-20 15:58:48,048 [INFO] ThirdParty:841 - exiting critical section [change project]
2024-02-20 15:58:48,290 [INFO] PinOutPanel:1499 - setPackage(No Configuration,No Configuration)
2024-02-20 15:58:48,290 [INFO] PinOutPanel:1499 - setPackage(STM32F746ZGTx,LQFP144)
2024-02-20 15:58:48,842 [INFO] UtilMem:75 - Before build in PCC Used Memory: 773406840 Bytes (935329792)
2024-02-20 15:58:49,132 [INFO] UtilMem:75 - After build in PCC Used Memory: 651598992 Bytes (935329792)
2024-02-20 15:58:49,163 [INFO] IPUIPlugin:80 - create IPUIPlugin
2024-02-20 15:58:49,163 [INFO] IPUIPlugin:80 - create IPUIPlugin
2024-02-20 15:58:49,163 [INFO] IPUIPlugin:80 - create IPUIPlugin
2024-02-20 15:58:49,163 [INFO] IPUIPlugin:80 - create IPUIPlugin
2024-02-20 15:58:49,163 [INFO] IPUIPlugin:80 - create IPUIPlugin
2024-02-20 15:58:49,163 [INFO] IPUIPlugin:80 - create IPUIPlugin
2024-02-20 15:58:49,163 [INFO] IPUIPlugin:80 - create IPUIPlugin
2024-02-20 15:58:49,163 [INFO] IPUIPlugin:80 - create IPUIPlugin
2024-02-20 15:58:49,163 [INFO] IPUIPlugin:80 - create IPUIPlugin
2024-02-20 15:58:49,163 [INFO] IPUIPlugin:80 - create IPUIPlugin
2024-02-20 15:58:49,163 [INFO] IPUIPlugin:80 - create IPUIPlugin
2024-02-20 15:58:49,163 [INFO] IPUIPlugin:80 - create IPUIPlugin
2024-02-20 15:58:49,163 [INFO] IPUIPlugin:80 - create IPUIPlugin
2024-02-20 15:58:49,163 [INFO] IPUIPlugin:80 - create IPUIPlugin
2024-02-20 15:58:49,163 [INFO] IPUIPlugin:80 - create IPUIPlugin
2024-02-20 15:58:49,163 [INFO] IPUIPlugin:80 - create IPUIPlugin
2024-02-20 15:58:49,163 [INFO] IPUIPlugin:80 - create IPUIPlugin
2024-02-20 15:58:49,163 [INFO] IPUIPlugin:80 - create IPUIPlugin
2024-02-20 15:58:49,163 [INFO] IPUIPlugin:80 - create IPUIPlugin
2024-02-20 15:58:49,163 [INFO] IPUIPlugin:80 - create IPUIPlugin
2024-02-20 15:58:49,163 [INFO] IPUIPlugin:80 - create IPUIPlugin
2024-02-20 15:58:49,163 [INFO] IPUIPlugin:80 - create IPUIPlugin
2024-02-20 15:58:49,163 [INFO] IPUIPlugin:80 - create IPUIPlugin
2024-02-20 15:58:49,163 [INFO] IPUIPlugin:80 - create IPUIPlugin
2024-02-20 15:58:49,163 [INFO] IPUIPlugin:80 - create IPUIPlugin
2024-02-20 15:58:49,163 [INFO] IPUIPlugin:80 - create IPUIPlugin
2024-02-20 15:58:49,163 [INFO] IPUIPlugin:80 - create IPUIPlugin
2024-02-20 15:58:49,163 [INFO] IPUIPlugin:80 - create IPUIPlugin
2024-02-20 15:58:49,163 [INFO] IPUIPlugin:80 - create IPUIPlugin
2024-02-20 15:58:49,163 [INFO] IPUIPlugin:80 - create IPUIPlugin
2024-02-20 15:58:49,163 [INFO] IPUIPlugin:80 - create IPUIPlugin
2024-02-20 15:58:49,163 [INFO] IPUIPlugin:80 - create IPUIPlugin
2024-02-20 15:58:49,163 [INFO] IPUIPlugin:80 - create IPUIPlugin
2024-02-20 15:58:49,163 [INFO] IPUIPlugin:80 - create IPUIPlugin
2024-02-20 15:58:49,163 [INFO] IPUIPlugin:80 - create IPUIPlugin
2024-02-20 15:58:49,163 [INFO] IPUIPlugin:80 - create IPUIPlugin
2024-02-20 15:58:49,163 [INFO] IPUIPlugin:80 - create IPUIPlugin
2024-02-20 15:58:49,163 [INFO] IPUIPlugin:80 - create IPUIPlugin
2024-02-20 15:58:49,163 [INFO] IPUIPlugin:80 - create IPUIPlugin
2024-02-20 15:58:49,163 [INFO] IPUIPlugin:80 - create IPUIPlugin
2024-02-20 15:58:49,163 [INFO] IPUIPlugin:80 - create IPUIPlugin
2024-02-20 15:58:49,163 [INFO] IPUIPlugin:80 - create IPUIPlugin
2024-02-20 15:58:49,163 [INFO] IPUIPlugin:80 - create IPUIPlugin
2024-02-20 15:58:49,163 [INFO] IPUIPlugin:80 - create IPUIPlugin
2024-02-20 15:58:49,163 [INFO] IPUIPlugin:80 - create IPUIPlugin
2024-02-20 15:58:49,163 [INFO] IPUIPlugin:80 - create IPUIPlugin
2024-02-20 15:58:49,163 [INFO] IPUIPlugin:80 - create IPUIPlugin
2024-02-20 15:58:49,163 [INFO] IPUIPlugin:80 - create IPUIPlugin
2024-02-20 15:58:49,163 [INFO] IPUIPlugin:80 - create IPUIPlugin
2024-02-20 15:58:49,163 [INFO] IPUIPlugin:80 - create IPUIPlugin
2024-02-20 15:58:49,163 [INFO] IPUIPlugin:80 - create IPUIPlugin
2024-02-20 15:58:49,163 [INFO] IPUIPlugin:80 - create IPUIPlugin
2024-02-20 15:58:49,163 [INFO] IPUIPlugin:80 - create IPUIPlugin
2024-02-20 15:58:49,163 [INFO] IPUIPlugin:80 - create IPUIPlugin
2024-02-20 15:58:49,163 [INFO] IPUIPlugin:80 - create IPUIPlugin
2024-02-20 15:58:49,163 [INFO] IPUIPlugin:80 - create IPUIPlugin
2024-02-20 15:58:49,163 [INFO] IPUIPlugin:80 - create IPUIPlugin
2024-02-20 15:58:49,163 [INFO] IPUIPlugin:80 - create IPUIPlugin
2024-02-20 15:58:49,163 [INFO] IPUIPlugin:80 - create IPUIPlugin
2024-02-20 15:58:49,163 [INFO] IPUIPlugin:80 - create IPUIPlugin
2024-02-20 15:58:49,163 [INFO] IPUIPlugin:80 - create IPUIPlugin
2024-02-20 15:58:49,163 [INFO] IPUIPlugin:80 - create IPUIPlugin
2024-02-20 15:58:49,163 [INFO] IPUIPlugin:80 - create IPUIPlugin
2024-02-20 15:58:49,163 [INFO] IPUIPlugin:80 - create IPUIPlugin
2024-02-20 15:58:49,163 [INFO] IPUIPlugin:80 - create IPUIPlugin
2024-02-20 15:58:49,163 [INFO] IPUIPlugin:80 - create IPUIPlugin
2024-02-20 15:58:49,179 [INFO] IPUIPlugin:80 - create IPUIPlugin
2024-02-20 15:58:49,179 [INFO] IPUIPlugin:80 - create IPUIPlugin
2024-02-20 15:58:49,194 [INFO] IPUIPlugin:80 - create IPUIPlugin
2024-02-20 15:58:49,194 [INFO] IPUIPlugin:80 - create IPUIPlugin
2024-02-20 15:58:49,194 [INFO] IPUIPlugin:80 - create IPUIPlugin
2024-02-20 15:58:49,194 [INFO] IPUIPlugin:80 - create IPUIPlugin
2024-02-20 15:58:49,194 [INFO] IPUIPlugin:80 - create IPUIPlugin
2024-02-20 15:58:49,194 [INFO] IPUIPlugin:80 - create IPUIPlugin
2024-02-20 15:58:49,201 [INFO] ApiDbMcu:507 - Load IP Config File for PDM2PCM
2024-02-20 15:58:49,279 [INFO] CADModel:165 - CPN selected for project levelSTM32F746ZGT6
2024-02-20 15:58:49,279 [INFO] CADModel:114 - Register for checkConnection events
2024-02-20 15:58:49,332 [INFO] OpenFileManager:328 - Restore cursor
