2024-03-25 09:10:47,079 [INFO] ADCParametersView:116 -                Rank 1 : false
2024-03-25 09:10:47,119 [INFO] ADCParametersView:116 -                Rank 1 : false
2024-03-25 09:10:47,119 [INFO] ADCParametersView:116 -                Rank 1 : false
2024-03-25 09:10:47,119 [INFO] ADCParametersView:116 -                Rank 1 : false
2024-03-25 09:10:47,119 [INFO] ADCParametersView:116 -                Rank 1 : false
2024-03-25 09:10:47,120 [INFO] ADCParametersView:116 -                Rank 1 : false
2024-03-25 09:10:47,120 [INFO] ADCParametersView:116 -                Rank 1 : false
2024-03-25 09:10:47,120 [INFO] ADCParametersView:116 -                Rank 1 : false
2024-03-25 09:10:47,120 [INFO] ADCParametersView:116 -                Rank 1 : false
2024-03-25 09:10:47,120 [INFO] ADCParametersView:116 -                Rank 1 : false
2024-03-25 09:10:47,120 [INFO] ADCParametersView:116 -                Rank 1 : false
2024-03-25 09:10:47,120 [INFO] ADCParametersView:116 -                Rank 1 : false
2024-03-25 09:10:47,120 [INFO] ADCParametersView:116 -                Rank 1 : false
2024-03-25 09:10:47,177 [INFO] ADCParametersView:116 -                Rank 1 : false
2024-03-25 09:10:47,252 [INFO] ADCParametersView:116 -                Rank 1 : false
2024-03-25 09:10:47,253 [INFO] ADCParametersView:116 -                Rank 1 : false
2024-03-25 09:10:47,253 [INFO] ADCParametersView:116 -                Rank 1 : false
2024-03-25 09:10:47,253 [INFO] ADCParametersView:116 -                Rank 1 : false
2024-03-25 09:10:47,253 [INFO] ADCParametersView:116 -                Rank 1 : false
2024-03-25 09:10:47,253 [INFO] ADCParametersView:116 -                Rank 1 : false
2024-03-25 09:10:47,253 [INFO] ADCParametersView:116 -                Rank 1 : false
2024-03-25 09:10:47,253 [INFO] ADCParametersView:116 -                Rank 1 : false
2024-03-25 09:10:47,253 [INFO] ADCParametersView:116 -                Rank 1 : false
2024-03-25 09:10:47,253 [INFO] ADCParametersView:116 -                Rank 1 : false
2024-03-25 09:10:47,253 [INFO] ADCParametersView:116 -                Rank 1 : false
2024-03-25 09:10:47,254 [INFO] ADCParametersView:116 -                Rank 1 : false
2024-03-25 09:10:47,254 [INFO] ADCParametersView:116 -                Rank 1 : false
2024-03-25 09:10:47,321 [INFO] ADCParametersView:116 -                Rank 1 : false
2024-03-25 09:10:47,720 [INFO] ADCParametersView:116 -                Rank 1 : false
2024-03-25 09:10:47,720 [INFO] ADCParametersView:116 -                Rank 1 : false
2024-03-25 09:10:47,720 [INFO] ADCParametersView:116 -                Rank 1 : false
2024-03-25 09:10:47,720 [INFO] ADCParametersView:116 -                Rank 1 : false
2024-03-25 09:10:47,720 [INFO] ADCParametersView:116 -                Rank 1 : false
2024-03-25 09:10:47,720 [INFO] ADCParametersView:116 -                Rank 1 : false
2024-03-25 09:10:47,720 [INFO] ADCParametersView:116 -                Rank 1 : false
2024-03-25 09:10:47,720 [INFO] ADCParametersView:116 -                Rank 1 : false
2024-03-25 09:10:47,720 [INFO] ADCParametersView:116 -                Rank 1 : false
2024-03-25 09:10:47,720 [INFO] ADCParametersView:116 -                Rank 1 : false
2024-03-25 09:10:47,720 [INFO] ADCParametersView:116 -                Rank 1 : false
2024-03-25 09:10:47,720 [INFO] ADCParametersView:116 -                Rank 1 : false
2024-03-25 09:10:47,720 [INFO] ADCParametersView:116 -                Rank 1 : false
2024-03-25 09:10:47,776 [INFO] ADCParametersView:116 -                Rank 1 : false
2024-03-25 09:10:47,838 [INFO] ADCParametersView:116 -                Rank 1 : false
2024-03-25 09:10:47,838 [INFO] ADCParametersView:116 -                Rank 1 : false
2024-03-25 09:10:47,838 [INFO] ADCParametersView:116 -                Rank 1 : false
2024-03-25 09:10:47,838 [INFO] ADCParametersView:116 -                Rank 1 : false
2024-03-25 09:10:47,838 [INFO] ADCParametersView:116 -                Rank 1 : false
2024-03-25 09:10:47,838 [INFO] ADCParametersView:116 -                Rank 1 : false
2024-03-25 09:10:47,838 [INFO] ADCParametersView:116 -                Rank 1 : false
2024-03-25 09:10:47,838 [INFO] ADCParametersView:116 -                Rank 1 : false
2024-03-25 09:10:47,839 [INFO] ADCParametersView:116 -                Rank 1 : false
2024-03-25 09:10:47,839 [INFO] ADCParametersView:116 -                Rank 1 : false
2024-03-25 09:10:47,839 [INFO] ADCParametersView:116 -                Rank 1 : false
2024-03-25 09:10:47,839 [INFO] ADCParametersView:116 -                Rank 1 : false
2024-03-25 09:10:47,839 [INFO] ADCParametersView:116 -                Rank 1 : false
2024-03-25 09:10:47,898 [INFO] ADCParametersView:116 -                Rank 1 : false
2024-03-25 09:11:05,075 [INFO] ADCParametersView:116 -                Rank 1 : false
2024-03-25 09:11:05,075 [INFO] ADCParametersView:116 -                Rank 1 : false
2024-03-25 09:11:05,075 [INFO] ADCParametersView:116 -                Rank 1 : false
2024-03-25 09:11:05,075 [INFO] ADCParametersView:116 -                Rank 1 : false
2024-03-25 09:11:05,075 [INFO] ADCParametersView:116 -                Rank 1 : false
2024-03-25 09:11:05,075 [INFO] ADCParametersView:116 -                Rank 1 : false
2024-03-25 09:11:05,075 [INFO] ADCParametersView:116 -                Rank 1 : false
2024-03-25 09:11:05,075 [INFO] ADCParametersView:116 -                Rank 1 : false
2024-03-25 09:11:05,076 [INFO] ADCParametersView:116 -                Rank 1 : false
2024-03-25 09:11:05,076 [INFO] ADCParametersView:116 -                Rank 1 : false
2024-03-25 09:11:05,076 [INFO] ADCParametersView:116 -                Rank 1 : false
2024-03-25 09:11:05,076 [INFO] ADCParametersView:116 -                Rank 1 : false
2024-03-25 09:11:05,076 [INFO] ADCParametersView:116 -                Rank 1 : false
2024-03-25 09:11:05,137 [INFO] ADCParametersView:116 -                Rank 1 : false
2024-03-25 09:11:05,184 [INFO] ADCParametersView:116 -                Rank 1 : false
2024-03-25 09:11:05,184 [INFO] ADCParametersView:116 -                Rank 1 : false
2024-03-25 09:11:05,184 [INFO] ADCParametersView:116 -                Rank 1 : false
2024-03-25 09:11:05,185 [INFO] ADCParametersView:116 -                Rank 1 : false
2024-03-25 09:11:05,185 [INFO] ADCParametersView:116 -                Rank 1 : false
2024-03-25 09:11:05,185 [INFO] ADCParametersView:116 -                Rank 1 : false
2024-03-25 09:11:05,185 [INFO] ADCParametersView:116 -                Rank 1 : false
2024-03-25 09:11:05,185 [INFO] ADCParametersView:116 -                Rank 1 : false
2024-03-25 09:11:05,185 [INFO] ADCParametersView:116 -                Rank 1 : false
2024-03-25 09:11:05,185 [INFO] ADCParametersView:116 -                Rank 1 : false
2024-03-25 09:11:05,185 [INFO] ADCParametersView:116 -                Rank 1 : false
2024-03-25 09:11:05,185 [INFO] ADCParametersView:116 -                Rank 1 : false
2024-03-25 09:11:05,185 [INFO] ADCParametersView:116 -                Rank 1 : false
2024-03-25 09:11:05,231 [INFO] ADCParametersView:116 -                Rank 1 : false
2024-03-25 09:11:05,517 [INFO] ADCParametersView:116 -                Rank 1 : false
2024-03-25 09:11:05,518 [INFO] ADCParametersView:116 -                Rank 1 : false
2024-03-25 09:11:05,518 [INFO] ADCParametersView:116 -                Rank 1 : false
2024-03-25 09:11:05,518 [INFO] ADCParametersView:116 -                Rank 1 : false
2024-03-25 09:11:05,518 [INFO] ADCParametersView:116 -                Rank 1 : false
2024-03-25 09:11:05,518 [INFO] ADCParametersView:116 -                Rank 1 : false
2024-03-25 09:11:05,518 [INFO] ADCParametersView:116 -                Rank 1 : false
2024-03-25 09:11:05,519 [INFO] ADCParametersView:116 -                Rank 1 : false
2024-03-25 09:11:05,519 [INFO] ADCParametersView:116 -                Rank 1 : false
2024-03-25 09:11:05,519 [INFO] ADCParametersView:116 -                Rank 1 : false
2024-03-25 09:11:05,519 [INFO] ADCParametersView:116 -                Rank 1 : false
2024-03-25 09:11:05,519 [INFO] ADCParametersView:116 -                Rank 1 : false
2024-03-25 09:11:05,519 [INFO] ADCParametersView:116 -                Rank 1 : false
2024-03-25 09:11:05,597 [INFO] ADCParametersView:116 -                Rank 1 : false
2024-03-25 09:11:05,669 [INFO] ADCParametersView:116 -                Rank 1 : false
2024-03-25 09:11:05,669 [INFO] ADCParametersView:116 -                Rank 1 : false
2024-03-25 09:11:05,669 [INFO] ADCParametersView:116 -                Rank 1 : false
2024-03-25 09:11:05,669 [INFO] ADCParametersView:116 -                Rank 1 : false
2024-03-25 09:11:05,669 [INFO] ADCParametersView:116 -                Rank 1 : false
2024-03-25 09:11:05,669 [INFO] ADCParametersView:116 -                Rank 1 : false
2024-03-25 09:11:05,669 [INFO] ADCParametersView:116 -                Rank 1 : false
2024-03-25 09:11:05,669 [INFO] ADCParametersView:116 -                Rank 1 : false
2024-03-25 09:11:05,669 [INFO] ADCParametersView:116 -                Rank 1 : false
2024-03-25 09:11:05,669 [INFO] ADCParametersView:116 -                Rank 1 : false
2024-03-25 09:11:05,670 [INFO] ADCParametersView:116 -                Rank 1 : false
2024-03-25 09:11:05,670 [INFO] ADCParametersView:116 -                Rank 1 : false
2024-03-25 09:11:05,670 [INFO] ADCParametersView:116 -                Rank 1 : false
2024-03-25 09:11:05,720 [INFO] ADCParametersView:116 -                Rank 1 : false
2024-03-25 09:14:33,673 [INFO] ADCParametersView:116 -                Rank 1 : true
2024-03-25 09:15:36,675 [INFO] NvicIntPanel:101 - NVIC parent = com.st.microxplorer.plugins.ip.nvic.MultiNvicIntPanel[,0,0,0x0,invalid,layout=javax.swing.BoxLayout,alignmentX=0.0,alignmentY=0.0,border=,flags=9,maximumSize=,minimumSize=,preferredSize=]
2024-03-25 09:15:36,729 [INFO] ADCParametersView:116 -                Rank 1 : true
2024-03-25 09:15:36,729 [INFO] ADCParametersView:116 -                Rank 1 : true
2024-03-25 09:15:36,729 [INFO] ADCParametersView:116 -                Rank 1 : true
2024-03-25 09:15:36,729 [INFO] ADCParametersView:116 -                Rank 1 : true
2024-03-25 09:15:36,729 [INFO] ADCParametersView:116 -                Rank 1 : true
2024-03-25 09:15:36,729 [INFO] ADCParametersView:116 -                Rank 1 : true
2024-03-25 09:15:36,729 [INFO] ADCParametersView:116 -                Rank 1 : true
2024-03-25 09:15:36,729 [INFO] ADCParametersView:116 -                Rank 1 : true
2024-03-25 09:15:36,729 [INFO] ADCParametersView:116 -                Rank 1 : true
2024-03-25 09:15:36,729 [INFO] ADCParametersView:116 -                Rank 1 : true
2024-03-25 09:15:36,729 [INFO] ADCParametersView:116 -                Rank 1 : true
2024-03-25 09:15:36,729 [INFO] ADCParametersView:116 -                Rank 1 : true
2024-03-25 09:15:36,729 [INFO] ADCParametersView:116 -                Rank 1 : true
2024-03-25 09:15:36,760 [INFO] ADCParametersView:116 -                Rank 1 : true
2024-03-25 09:15:42,678 [INFO] NvicIntPanel:101 - NVIC parent = com.st.microxplorer.plugins.ip.nvic.MultiNvicIntPanel[,0,0,0x0,invalid,layout=javax.swing.BoxLayout,alignmentX=0.0,alignmentY=0.0,border=,flags=9,maximumSize=,minimumSize=,preferredSize=]
2024-03-25 09:15:42,725 [INFO] ADCParametersView:116 -                Rank 1 : true
2024-03-25 09:15:42,741 [INFO] ADCParametersView:116 -                Rank 1 : true
2024-03-25 09:15:42,741 [INFO] ADCParametersView:116 -                Rank 1 : true
2024-03-25 09:15:42,741 [INFO] ADCParametersView:116 -                Rank 1 : true
2024-03-25 09:15:42,741 [INFO] ADCParametersView:116 -                Rank 1 : true
2024-03-25 09:15:42,741 [INFO] ADCParametersView:116 -                Rank 1 : true
2024-03-25 09:15:42,741 [INFO] ADCParametersView:116 -                Rank 1 : true
2024-03-25 09:15:42,741 [INFO] ADCParametersView:116 -                Rank 1 : true
2024-03-25 09:15:42,741 [INFO] ADCParametersView:116 -                Rank 1 : true
2024-03-25 09:15:42,741 [INFO] ADCParametersView:116 -                Rank 1 : true
2024-03-25 09:15:42,741 [INFO] ADCParametersView:116 -                Rank 1 : true
2024-03-25 09:15:42,741 [INFO] ADCParametersView:116 -                Rank 1 : true
2024-03-25 09:15:42,741 [INFO] ADCParametersView:116 -                Rank 1 : true
2024-03-25 09:15:42,794 [INFO] ADCParametersView:116 -                Rank 1 : true
2024-03-25 09:15:43,452 [INFO] ADCParametersView:116 -                Rank 1 : true
2024-03-25 09:15:43,452 [INFO] ADCParametersView:116 -                Rank 1 : true
2024-03-25 09:15:43,452 [INFO] ADCParametersView:116 -                Rank 1 : true
2024-03-25 09:15:43,452 [INFO] ADCParametersView:116 -                Rank 1 : true
2024-03-25 09:15:43,452 [INFO] ADCParametersView:116 -                Rank 1 : true
2024-03-25 09:15:43,452 [INFO] ADCParametersView:116 -                Rank 1 : true
2024-03-25 09:15:43,452 [INFO] ADCParametersView:116 -                Rank 1 : true
2024-03-25 09:15:43,452 [INFO] ADCParametersView:116 -                Rank 1 : true
2024-03-25 09:15:43,452 [INFO] ADCParametersView:116 -                Rank 1 : true
2024-03-25 09:15:43,452 [INFO] ADCParametersView:116 -                Rank 1 : true
2024-03-25 09:15:43,452 [INFO] ADCParametersView:116 -                Rank 1 : true
2024-03-25 09:15:43,452 [INFO] ADCParametersView:116 -                Rank 1 : true
2024-03-25 09:15:43,452 [INFO] ADCParametersView:116 -                Rank 1 : true
2024-03-25 09:15:43,452 [INFO] ADCParametersView:116 -                Rank 1 : true
2024-03-25 09:15:43,501 [INFO] ADCParametersView:116 -                Rank 1 : true
2024-03-25 09:15:43,553 [INFO] ADCParametersView:116 -                Rank 1 : true
2024-03-25 09:15:43,553 [INFO] ADCParametersView:116 -                Rank 1 : true
2024-03-25 09:15:43,553 [INFO] ADCParametersView:116 -                Rank 1 : true
2024-03-25 09:15:43,553 [INFO] ADCParametersView:116 -                Rank 1 : true
2024-03-25 09:15:43,561 [INFO] ADCParametersView:116 -                Rank 1 : true
2024-03-25 09:15:43,561 [INFO] ADCParametersView:116 -                Rank 1 : true
2024-03-25 09:15:43,561 [INFO] ADCParametersView:116 -                Rank 1 : true
2024-03-25 09:15:43,561 [INFO] ADCParametersView:116 -                Rank 1 : true
2024-03-25 09:15:43,561 [INFO] ADCParametersView:116 -                Rank 1 : true
2024-03-25 09:15:43,561 [INFO] ADCParametersView:116 -                Rank 1 : true
2024-03-25 09:15:43,561 [INFO] ADCParametersView:116 -                Rank 1 : true
2024-03-25 09:15:43,561 [INFO] ADCParametersView:116 -                Rank 1 : true
2024-03-25 09:15:43,561 [INFO] ADCParametersView:116 -                Rank 1 : true
2024-03-25 09:15:43,561 [INFO] ADCParametersView:116 -                Rank 1 : true
2024-03-25 09:15:43,639 [INFO] ADCParametersView:116 -                Rank 1 : true
2024-03-25 09:15:50,506 [INFO] NvicIntPanel:101 - NVIC parent = com.st.microxplorer.plugins.ip.nvic.MultiNvicIntPanel[,0,0,0x0,invalid,layout=javax.swing.BoxLayout,alignmentX=0.0,alignmentY=0.0,border=,flags=9,maximumSize=,minimumSize=,preferredSize=]
2024-03-25 09:15:50,575 [INFO] ADCParametersView:116 -                Rank 1 : true
2024-03-25 09:15:50,575 [INFO] ADCParametersView:116 -                Rank 1 : true
2024-03-25 09:15:50,575 [INFO] ADCParametersView:116 -                Rank 1 : true
2024-03-25 09:15:50,575 [INFO] ADCParametersView:116 -                Rank 1 : true
2024-03-25 09:15:50,575 [INFO] ADCParametersView:116 -                Rank 1 : true
2024-03-25 09:15:50,575 [INFO] ADCParametersView:116 -                Rank 1 : true
2024-03-25 09:15:50,575 [INFO] ADCParametersView:116 -                Rank 1 : true
2024-03-25 09:15:50,575 [INFO] ADCParametersView:116 -                Rank 1 : true
2024-03-25 09:15:50,575 [INFO] ADCParametersView:116 -                Rank 1 : true
2024-03-25 09:15:50,575 [INFO] ADCParametersView:116 -                Rank 1 : true
2024-03-25 09:15:50,575 [INFO] ADCParametersView:116 -                Rank 1 : true
2024-03-25 09:15:50,575 [INFO] ADCParametersView:116 -                Rank 1 : true
2024-03-25 09:15:50,575 [INFO] ADCParametersView:116 -                Rank 1 : true
2024-03-25 09:15:50,575 [INFO] ADCParametersView:116 -                Rank 1 : true
2024-03-25 09:15:50,606 [INFO] ADCParametersView:116 -                Rank 1 : true
2024-03-25 09:15:57,228 [INFO] UtilMem:75 - End SaveConfig() Used Memory: 721084520 Bytes (1073741824)
2024-03-25 09:15:58,920 [INFO] UtilMem:75 - End SaveConfig() Used Memory: 745724008 Bytes (1073741824)
2024-03-25 09:15:59,907 [INFO] UtilMem:75 - End SaveConfig() Used Memory: 785620664 Bytes (1073741824)
2024-03-25 09:16:00,208 [INFO] BlockDiagram:2759 - set Specific Code input for plugin: TIM1_8
2024-03-25 09:16:00,208 [INFO] BlockDiagram:2759 - set Specific Code input for plugin: TIM1_8
2024-03-25 09:16:00,208 [INFO] BlockDiagram:2759 - set Specific Code input for plugin: TIM1_8
2024-03-25 09:16:00,208 [INFO] BlockDiagram:2759 - set Specific Code input for plugin: ADC
2024-03-25 09:16:00,208 [INFO] BlockDiagram:2759 - set Specific Code input for plugin: SYS
2024-03-25 09:16:00,208 [INFO] BlockDiagram:2759 - set Specific Code input for plugin: ADC
2024-03-25 09:16:00,208 [INFO] BlockDiagram:2759 - set Specific Code input for plugin: ADC
2024-03-25 09:16:00,208 [INFO] BlockDiagram:2759 - set Specific Code input for plugin: RCC
2024-03-25 09:16:00,208 [INFO] BlockDiagram:2759 - set Specific Code input for plugin: NVIC
2024-03-25 09:16:00,208 [INFO] BlockDiagram:2759 - set Specific Code input for plugin: USART
2024-03-25 09:16:00,208 [INFO] BlockDiagram:2759 - set Specific Code input for plugin: USART
2024-03-25 09:16:00,208 [INFO] BlockDiagram:2759 - set Specific Code input for plugin: GPIO
2024-03-25 09:16:00,208 [INFO] CodeGenerator:793 - code generatio: config db path: C:\ST\STM32CubeIDE_1.12.0\STM32CubeIDE\plugins\com.st.stm32cube.common.mx_6.8.1.202304191431\\db\
2024-03-25 09:16:00,595 [INFO] CodeEngine:255 - oldGeneratedFile, C:\Users\m-ali.khlifi-ext\STM32CubeIDE\workspace_1.12.0\caddialc v2 parti2 adaptable\MXTmpFiles\license.tmp_save
2024-03-25 09:16:00,698 [INFO] CodeEngine:279 - Generated code: C:\Users\m-ali.khlifi-ext\STM32CubeIDE\workspace_1.12.0\caddialc v2 parti2 adaptable\MXTmpFiles\license.tmp
2024-03-25 09:16:00,789 [INFO] CodeEngine:255 - oldGeneratedFile, C:\Users\m-ali.khlifi-ext\STM32CubeIDE\workspace_1.12.0\caddialc v2 parti2 adaptable\Core\Src\gpio.c_save
2024-03-25 09:16:00,999 [INFO] CodeEngine:279 - Generated code: C:\Users\m-ali.khlifi-ext\STM32CubeIDE\workspace_1.12.0\caddialc v2 parti2 adaptable\Core\Src\gpio.c
2024-03-25 09:16:01,014 [INFO] CodeEngine:255 - oldGeneratedFile, C:\Users\m-ali.khlifi-ext\STM32CubeIDE\workspace_1.12.0\caddialc v2 parti2 adaptable\Core\Inc\gpio.h_save
2024-03-25 09:16:01,161 [INFO] CodeEngine:279 - Generated code: C:\Users\m-ali.khlifi-ext\STM32CubeIDE\workspace_1.12.0\caddialc v2 parti2 adaptable\Core\Inc\gpio.h
2024-03-25 09:16:01,691 [INFO] CodeEngine:255 - oldGeneratedFile, C:\Users\m-ali.khlifi-ext\STM32CubeIDE\workspace_1.12.0\caddialc v2 parti2 adaptable\Core\Src\adc.c_save
2024-03-25 09:16:01,880 [INFO] CodeEngine:279 - Generated code: C:\Users\m-ali.khlifi-ext\STM32CubeIDE\workspace_1.12.0\caddialc v2 parti2 adaptable\Core\Src\adc.c
2024-03-25 09:16:01,918 [INFO] CodeEngine:255 - oldGeneratedFile, C:\Users\m-ali.khlifi-ext\STM32CubeIDE\workspace_1.12.0\caddialc v2 parti2 adaptable\Core\Inc\adc.h_save
2024-03-25 09:16:02,002 [INFO] CodeEngine:279 - Generated code: C:\Users\m-ali.khlifi-ext\STM32CubeIDE\workspace_1.12.0\caddialc v2 parti2 adaptable\Core\Inc\adc.h
2024-03-25 09:16:02,065 [INFO] CodeEngine:255 - oldGeneratedFile, C:\Users\m-ali.khlifi-ext\STM32CubeIDE\workspace_1.12.0\caddialc v2 parti2 adaptable\Core\Src\tim.c_save
2024-03-25 09:16:02,196 [INFO] CodeEngine:279 - Generated code: C:\Users\m-ali.khlifi-ext\STM32CubeIDE\workspace_1.12.0\caddialc v2 parti2 adaptable\Core\Src\tim.c
2024-03-25 09:16:02,218 [INFO] CodeEngine:255 - oldGeneratedFile, C:\Users\m-ali.khlifi-ext\STM32CubeIDE\workspace_1.12.0\caddialc v2 parti2 adaptable\Core\Inc\tim.h_save
2024-03-25 09:16:02,334 [INFO] CodeEngine:279 - Generated code: C:\Users\m-ali.khlifi-ext\STM32CubeIDE\workspace_1.12.0\caddialc v2 parti2 adaptable\Core\Inc\tim.h
2024-03-25 09:16:02,381 [INFO] CodeEngine:255 - oldGeneratedFile, C:\Users\m-ali.khlifi-ext\STM32CubeIDE\workspace_1.12.0\caddialc v2 parti2 adaptable\Core\Src\usart.c_save
2024-03-25 09:16:02,503 [INFO] CodeEngine:279 - Generated code: C:\Users\m-ali.khlifi-ext\STM32CubeIDE\workspace_1.12.0\caddialc v2 parti2 adaptable\Core\Src\usart.c
2024-03-25 09:16:02,535 [INFO] CodeEngine:255 - oldGeneratedFile, C:\Users\m-ali.khlifi-ext\STM32CubeIDE\workspace_1.12.0\caddialc v2 parti2 adaptable\Core\Inc\usart.h_save
2024-03-25 09:16:02,619 [INFO] CodeEngine:279 - Generated code: C:\Users\m-ali.khlifi-ext\STM32CubeIDE\workspace_1.12.0\caddialc v2 parti2 adaptable\Core\Inc\usart.h
2024-03-25 09:16:02,697 [INFO] CodeEngine:255 - oldGeneratedFile, C:\Users\m-ali.khlifi-ext\STM32CubeIDE\workspace_1.12.0\caddialc v2 parti2 adaptable\Core\Src\stm32f4xx_it.c_save
2024-03-25 09:16:02,904 [INFO] CodeEngine:279 - Generated code: C:\Users\m-ali.khlifi-ext\STM32CubeIDE\workspace_1.12.0\caddialc v2 parti2 adaptable\Core\Src\stm32f4xx_it.c
2024-03-25 09:16:02,936 [INFO] CodeEngine:255 - oldGeneratedFile, C:\Users\m-ali.khlifi-ext\STM32CubeIDE\workspace_1.12.0\caddialc v2 parti2 adaptable\Core\Inc\stm32f4xx_it.h_save
2024-03-25 09:16:03,036 [INFO] CodeEngine:279 - Generated code: C:\Users\m-ali.khlifi-ext\STM32CubeIDE\workspace_1.12.0\caddialc v2 parti2 adaptable\Core\Inc\stm32f4xx_it.h
2024-03-25 09:16:03,105 [INFO] CodeEngine:255 - oldGeneratedFile, C:\Users\m-ali.khlifi-ext\STM32CubeIDE\workspace_1.12.0\caddialc v2 parti2 adaptable\Core\Src\stm32f4xx_hal_msp.c_save
2024-03-25 09:16:03,205 [INFO] CodeEngine:279 - Generated code: C:\Users\m-ali.khlifi-ext\STM32CubeIDE\workspace_1.12.0\caddialc v2 parti2 adaptable\Core\Src\stm32f4xx_hal_msp.c
2024-03-25 09:16:03,236 [INFO] CodeEngine:255 - oldGeneratedFile, C:\Users\m-ali.khlifi-ext\STM32CubeIDE\workspace_1.12.0\caddialc v2 parti2 adaptable\MXTmpFiles\system.tmp_save
2024-03-25 09:16:03,305 [INFO] CodeEngine:279 - Generated code: C:\Users\m-ali.khlifi-ext\STM32CubeIDE\workspace_1.12.0\caddialc v2 parti2 adaptable\MXTmpFiles\system.tmp
2024-03-25 09:16:03,352 [INFO] CodeEngine:311 - oldGeneratedFile, C:\Users\m-ali.khlifi-ext\STM32CubeIDE\workspace_1.12.0\caddialc v2 parti2 adaptable\Core\Inc\stm32f4xx_hal_conf.h_save
2024-03-25 09:16:03,453 [INFO] CodeEngine:335 - Generated code: C:\Users\m-ali.khlifi-ext\STM32CubeIDE\workspace_1.12.0\caddialc v2 parti2 adaptable\Core\Inc\stm32f4xx_hal_conf.h
2024-03-25 09:16:03,499 [WARN] IPConfigManager:2937 - Warning: the RefConfig PLL2P_FOR_MCO is not available in your config.xml file
2024-03-25 09:16:03,553 [INFO] CodeEngine:255 - oldGeneratedFile, C:\Users\m-ali.khlifi-ext\STM32CubeIDE\workspace_1.12.0\caddialc v2 parti2 adaptable\Core\Inc\main.h_save
2024-03-25 09:16:03,653 [INFO] CodeEngine:279 - Generated code: C:\Users\m-ali.khlifi-ext\STM32CubeIDE\workspace_1.12.0\caddialc v2 parti2 adaptable\Core\Inc\main.h
2024-03-25 09:16:03,684 [INFO] CodeEngine:255 - oldGeneratedFile, C:\Users\m-ali.khlifi-ext\STM32CubeIDE\workspace_1.12.0\caddialc v2 parti2 adaptable\Core\Src\main.c_save
2024-03-25 09:16:03,838 [INFO] CodeEngine:279 - Generated code: C:\Users\m-ali.khlifi-ext\STM32CubeIDE\workspace_1.12.0\caddialc v2 parti2 adaptable\Core\Src\main.c
2024-03-25 09:16:06,067 [INFO] ProjectBuilder:2996 - Time for Copy HAL[1] : 1697mS.
2024-03-25 09:16:06,067 [INFO] ProjectBuilder:4304 - Project Generator version: 3.19.2
2024-03-25 09:16:06,617 [INFO] ConfigFileManager:1483 - The Die is : DIE421
2024-03-25 09:16:09,810 [INFO] ProjectBuilder:4505 - Time for Generating toolchain IDE Files: 3743mS.
2024-03-25 09:16:09,826 [INFO] ProjectBuilder:2867 - Time for Copy CMSIS : 0mS.
2024-03-25 09:16:09,832 [INFO] ProjectBuilder:2867 - Time for Copy CMSIS : 0mS.
2024-03-25 15:37:48,771 [INFO] NvicIntPanel:101 - NVIC parent = com.st.microxplorer.plugins.ip.nvic.MultiNvicIntPanel[,0,0,0x0,invalid,layout=javax.swing.BoxLayout,alignmentX=0.0,alignmentY=0.0,border=,flags=9,maximumSize=,minimumSize=,preferredSize=]
2024-03-25 15:37:48,825 [INFO] ADCParametersView:116 -                Rank 1 : true
2024-03-25 15:37:48,825 [INFO] ADCParametersView:116 -                Rank 1 : true
2024-03-25 15:37:48,825 [INFO] ADCParametersView:116 -                Rank 1 : true
2024-03-25 15:37:48,825 [INFO] ADCParametersView:116 -                Rank 1 : true
2024-03-25 15:37:48,825 [INFO] ADCParametersView:116 -                Rank 1 : true
2024-03-25 15:37:48,825 [INFO] ADCParametersView:116 -                Rank 1 : true
2024-03-25 15:37:48,825 [INFO] ADCParametersView:116 -                Rank 1 : true
2024-03-25 15:37:48,825 [INFO] ADCParametersView:116 -                Rank 1 : true
2024-03-25 15:37:48,825 [INFO] ADCParametersView:116 -                Rank 1 : true
2024-03-25 15:37:48,825 [INFO] ADCParametersView:116 -                Rank 1 : true
2024-03-25 15:37:48,825 [INFO] ADCParametersView:116 -                Rank 1 : true
2024-03-25 15:37:48,825 [INFO] ADCParametersView:116 -                Rank 1 : true
2024-03-25 15:37:48,825 [INFO] ADCParametersView:116 -                Rank 1 : true
2024-03-25 15:37:48,825 [INFO] ADCParametersView:116 -                Rank 1 : true
2024-03-25 15:37:48,871 [INFO] ADCParametersView:116 -                Rank 1 : true
2024-03-25 15:37:50,584 [INFO] UtilMem:75 - End SaveConfig() Used Memory: 905200976 Bytes (1073741824)
2024-03-25 15:37:52,021 [INFO] UtilMem:75 - End SaveConfig() Used Memory: 718986320 Bytes (1073741824)
2024-03-25 15:37:53,394 [INFO] UtilMem:75 - End SaveConfig() Used Memory: 710867496 Bytes (1073741824)
2024-03-25 15:37:53,657 [INFO] BlockDiagram:2759 - set Specific Code input for plugin: TIM1_8
2024-03-25 15:37:53,657 [INFO] BlockDiagram:2759 - set Specific Code input for plugin: TIM1_8
2024-03-25 15:37:53,657 [INFO] BlockDiagram:2759 - set Specific Code input for plugin: TIM1_8
2024-03-25 15:37:53,657 [INFO] BlockDiagram:2759 - set Specific Code input for plugin: ADC
2024-03-25 15:37:53,657 [INFO] BlockDiagram:2759 - set Specific Code input for plugin: SYS
2024-03-25 15:37:53,657 [INFO] BlockDiagram:2759 - set Specific Code input for plugin: ADC
2024-03-25 15:37:53,657 [INFO] BlockDiagram:2759 - set Specific Code input for plugin: ADC
2024-03-25 15:37:53,657 [INFO] BlockDiagram:2759 - set Specific Code input for plugin: RCC
2024-03-25 15:37:53,657 [INFO] BlockDiagram:2759 - set Specific Code input for plugin: NVIC
2024-03-25 15:37:53,657 [INFO] BlockDiagram:2759 - set Specific Code input for plugin: USART
2024-03-25 15:37:53,657 [INFO] BlockDiagram:2759 - set Specific Code input for plugin: USART
2024-03-25 15:37:53,657 [INFO] BlockDiagram:2759 - set Specific Code input for plugin: GPIO
2024-03-25 15:37:53,657 [INFO] CodeGenerator:793 - code generatio: config db path: C:\ST\STM32CubeIDE_1.12.0\STM32CubeIDE\plugins\com.st.stm32cube.common.mx_6.8.1.202304191431\\db\
2024-03-25 15:37:53,938 [INFO] CodeEngine:255 - oldGeneratedFile, C:\Users\m-ali.khlifi-ext\STM32CubeIDE\workspace_1.12.0\caddialc v2 parti2 adaptable\MXTmpFiles\license.tmp_save
2024-03-25 15:37:54,049 [INFO] CodeEngine:279 - Generated code: C:\Users\m-ali.khlifi-ext\STM32CubeIDE\workspace_1.12.0\caddialc v2 parti2 adaptable\MXTmpFiles\license.tmp
2024-03-25 15:37:54,128 [INFO] CodeEngine:255 - oldGeneratedFile, C:\Users\m-ali.khlifi-ext\STM32CubeIDE\workspace_1.12.0\caddialc v2 parti2 adaptable\Core\Src\gpio.c_save
2024-03-25 15:37:54,271 [INFO] CodeEngine:279 - Generated code: C:\Users\m-ali.khlifi-ext\STM32CubeIDE\workspace_1.12.0\caddialc v2 parti2 adaptable\Core\Src\gpio.c
2024-03-25 15:37:54,291 [INFO] CodeEngine:255 - oldGeneratedFile, C:\Users\m-ali.khlifi-ext\STM32CubeIDE\workspace_1.12.0\caddialc v2 parti2 adaptable\Core\Inc\gpio.h_save
2024-03-25 15:37:54,401 [INFO] CodeEngine:279 - Generated code: C:\Users\m-ali.khlifi-ext\STM32CubeIDE\workspace_1.12.0\caddialc v2 parti2 adaptable\Core\Inc\gpio.h
2024-03-25 15:37:54,784 [INFO] CodeEngine:255 - oldGeneratedFile, C:\Users\m-ali.khlifi-ext\STM32CubeIDE\workspace_1.12.0\caddialc v2 parti2 adaptable\Core\Src\adc.c_save
2024-03-25 15:37:54,950 [INFO] CodeEngine:279 - Generated code: C:\Users\m-ali.khlifi-ext\STM32CubeIDE\workspace_1.12.0\caddialc v2 parti2 adaptable\Core\Src\adc.c
2024-03-25 15:37:54,966 [INFO] CodeEngine:255 - oldGeneratedFile, C:\Users\m-ali.khlifi-ext\STM32CubeIDE\workspace_1.12.0\caddialc v2 parti2 adaptable\Core\Inc\adc.h_save
2024-03-25 15:37:55,050 [INFO] CodeEngine:279 - Generated code: C:\Users\m-ali.khlifi-ext\STM32CubeIDE\workspace_1.12.0\caddialc v2 parti2 adaptable\Core\Inc\adc.h
2024-03-25 15:37:55,082 [INFO] CodeEngine:255 - oldGeneratedFile, C:\Users\m-ali.khlifi-ext\STM32CubeIDE\workspace_1.12.0\caddialc v2 parti2 adaptable\Core\Src\tim.c_save
2024-03-25 15:37:55,197 [INFO] CodeEngine:279 - Generated code: C:\Users\m-ali.khlifi-ext\STM32CubeIDE\workspace_1.12.0\caddialc v2 parti2 adaptable\Core\Src\tim.c
2024-03-25 15:37:55,204 [INFO] CodeEngine:255 - oldGeneratedFile, C:\Users\m-ali.khlifi-ext\STM32CubeIDE\workspace_1.12.0\caddialc v2 parti2 adaptable\Core\Inc\tim.h_save
2024-03-25 15:37:55,282 [INFO] CodeEngine:279 - Generated code: C:\Users\m-ali.khlifi-ext\STM32CubeIDE\workspace_1.12.0\caddialc v2 parti2 adaptable\Core\Inc\tim.h
2024-03-25 15:37:55,320 [INFO] CodeEngine:255 - oldGeneratedFile, C:\Users\m-ali.khlifi-ext\STM32CubeIDE\workspace_1.12.0\caddialc v2 parti2 adaptable\Core\Src\usart.c_save
2024-03-25 15:37:55,420 [INFO] CodeEngine:279 - Generated code: C:\Users\m-ali.khlifi-ext\STM32CubeIDE\workspace_1.12.0\caddialc v2 parti2 adaptable\Core\Src\usart.c
2024-03-25 15:37:55,436 [INFO] CodeEngine:255 - oldGeneratedFile, C:\Users\m-ali.khlifi-ext\STM32CubeIDE\workspace_1.12.0\caddialc v2 parti2 adaptable\Core\Inc\usart.h_save
2024-03-25 15:37:55,520 [INFO] CodeEngine:279 - Generated code: C:\Users\m-ali.khlifi-ext\STM32CubeIDE\workspace_1.12.0\caddialc v2 parti2 adaptable\Core\Inc\usart.h
2024-03-25 15:37:55,552 [INFO] CodeEngine:255 - oldGeneratedFile, C:\Users\m-ali.khlifi-ext\STM32CubeIDE\workspace_1.12.0\caddialc v2 parti2 adaptable\Core\Src\stm32f4xx_it.c_save
2024-03-25 15:37:55,752 [INFO] CodeEngine:279 - Generated code: C:\Users\m-ali.khlifi-ext\STM32CubeIDE\workspace_1.12.0\caddialc v2 parti2 adaptable\Core\Src\stm32f4xx_it.c
2024-03-25 15:37:55,768 [INFO] CodeEngine:255 - oldGeneratedFile, C:\Users\m-ali.khlifi-ext\STM32CubeIDE\workspace_1.12.0\caddialc v2 parti2 adaptable\Core\Inc\stm32f4xx_it.h_save
2024-03-25 15:37:55,852 [INFO] CodeEngine:279 - Generated code: C:\Users\m-ali.khlifi-ext\STM32CubeIDE\workspace_1.12.0\caddialc v2 parti2 adaptable\Core\Inc\stm32f4xx_it.h
2024-03-25 15:37:55,884 [INFO] CodeEngine:255 - oldGeneratedFile, C:\Users\m-ali.khlifi-ext\STM32CubeIDE\workspace_1.12.0\caddialc v2 parti2 adaptable\Core\Src\stm32f4xx_hal_msp.c_save
2024-03-25 15:37:55,984 [INFO] CodeEngine:279 - Generated code: C:\Users\m-ali.khlifi-ext\STM32CubeIDE\workspace_1.12.0\caddialc v2 parti2 adaptable\Core\Src\stm32f4xx_hal_msp.c
2024-03-25 15:37:56,000 [INFO] CodeEngine:255 - oldGeneratedFile, C:\Users\m-ali.khlifi-ext\STM32CubeIDE\workspace_1.12.0\caddialc v2 parti2 adaptable\MXTmpFiles\system.tmp_save
2024-03-25 15:37:56,053 [INFO] CodeEngine:279 - Generated code: C:\Users\m-ali.khlifi-ext\STM32CubeIDE\workspace_1.12.0\caddialc v2 parti2 adaptable\MXTmpFiles\system.tmp
2024-03-25 15:37:56,084 [INFO] CodeEngine:311 - oldGeneratedFile, C:\Users\m-ali.khlifi-ext\STM32CubeIDE\workspace_1.12.0\caddialc v2 parti2 adaptable\Core\Inc\stm32f4xx_hal_conf.h_save
2024-03-25 15:37:56,184 [INFO] CodeEngine:335 - Generated code: C:\Users\m-ali.khlifi-ext\STM32CubeIDE\workspace_1.12.0\caddialc v2 parti2 adaptable\Core\Inc\stm32f4xx_hal_conf.h
2024-03-25 15:37:56,207 [WARN] IPConfigManager:2937 - Warning: the RefConfig PLL2P_FOR_MCO is not available in your config.xml file
2024-03-25 15:37:56,238 [INFO] CodeEngine:255 - oldGeneratedFile, C:\Users\m-ali.khlifi-ext\STM32CubeIDE\workspace_1.12.0\caddialc v2 parti2 adaptable\Core\Inc\main.h_save
2024-03-25 15:37:56,322 [INFO] CodeEngine:279 - Generated code: C:\Users\m-ali.khlifi-ext\STM32CubeIDE\workspace_1.12.0\caddialc v2 parti2 adaptable\Core\Inc\main.h
2024-03-25 15:37:56,354 [INFO] CodeEngine:255 - oldGeneratedFile, C:\Users\m-ali.khlifi-ext\STM32CubeIDE\workspace_1.12.0\caddialc v2 parti2 adaptable\Core\Src\main.c_save
2024-03-25 15:37:56,470 [INFO] CodeEngine:279 - Generated code: C:\Users\m-ali.khlifi-ext\STM32CubeIDE\workspace_1.12.0\caddialc v2 parti2 adaptable\Core\Src\main.c
2024-03-25 15:37:58,187 [INFO] ProjectBuilder:2996 - Time for Copy HAL[1] : 1287mS.
2024-03-25 15:37:58,202 [INFO] ProjectBuilder:4304 - Project Generator version: 3.19.2
2024-03-25 15:37:58,635 [INFO] ConfigFileManager:1483 - The Die is : DIE421
2024-03-25 15:38:00,832 [INFO] ProjectBuilder:4505 - Time for Generating toolchain IDE Files: 2630mS.
2024-03-25 15:38:00,832 [INFO] ProjectBuilder:2867 - Time for Copy CMSIS : 0mS.
2024-03-25 15:38:00,848 [INFO] ProjectBuilder:2867 - Time for Copy CMSIS : 0mS.
2024-03-25 17:18:15,771 [INFO] MainUpdater:2854 - connection check result : 10
2024-03-25 17:18:15,771 [INFO] MainUpdater:2854 - connection check result : 10
2024-03-25 17:18:15,787 [INFO] MicroXplorer:468 - Change Database Path : 
2024-03-25 17:18:15,787 [INFO] MicroXplorer:498 - Change Database Version : DB.6.0.81
2024-03-25 17:18:15,834 [WARN] ThirdParty:871 - waiting for thirdparty lock release [close project]
2024-03-25 17:18:15,834 [INFO] ThirdParty:873 - entering critical section [close project]
2024-03-25 17:18:15,834 [INFO] ThirdParty:883 - exiting critical section [close project]
2024-03-25 17:18:15,834 [INFO] PinOutPanel:1499 - setPackage(No Configuration,No Configuration)
2024-03-25 17:18:15,834 [WARN] IpParametersView:150 - Warning: This peripheral hasn't parameters
2024-03-25 17:18:15,849 [WARN] MainPanel:257 - <html><b><center>Warning: This peripheral has no parameters to be configured<br></b></html>
2024-03-25 17:18:15,849 [INFO] UtilMem:75 - Begin LoadConfig() Used Memory: 746155568 Bytes (1073741824)
2024-03-25 17:18:15,856 [INFO] MicroXplorer:468 - Change Database Path : 
2024-03-25 17:18:15,856 [INFO] MicroXplorer:498 - Change Database Version : DB.6.0.81
2024-03-25 17:18:15,856 [INFO] OpenFileManager:308 - Change cursor
2024-03-25 17:18:15,871 [INFO] RulesReader:64 - Compatibility file has been processed (293 Rules)
2024-03-25 17:18:15,887 [INFO] Mcu:1937 - Initializing MCU STM32F446R(C-E)Tx STM32F446RETx STM32F446RET6
2024-03-25 17:18:18,328 [INFO] Context:659 - Trying to add GPIOservice into a context  which must be forbidden
2024-03-25 17:18:18,729 [INFO] RtosManager:555 - Registered RTOS mode: class=CMSIS, group=RTOS, mode=CMSIS_V1, owner=FREERTOS
2024-03-25 17:18:18,731 [INFO] RtosManager:555 - Registered RTOS mode: class=CMSIS, group=RTOS2, mode=CMSIS_V2, owner=FREERTOS
2024-03-25 17:18:18,731 [INFO] RtosManager:555 - Registered RTOS mode: class=RTOS, group=Core, mode=CMSIS_V1, owner=FREERTOS
2024-03-25 17:18:18,731 [INFO] RtosManager:555 - Registered RTOS mode: class=RTOS, group=Core, mode=CMSIS_V2, owner=FREERTOS
2024-03-25 17:18:18,731 [WARN] ModelIntegratedComponent:184 - Missing modes for component STMicroelectronics:FreeRTOS:0.0.1:STMicroelectronics:RTOS:FreeRTOS:Core:::10.2.0:
2024-03-25 17:18:18,741 [WARN] ModelIntegratedComponent:63 - No mode defined for component null
2024-03-25 17:18:18,741 [WARN] ModelIntegratedComponent:63 - No mode defined for component null
2024-03-25 17:18:18,741 [WARN] ModelIntegratedComponent:63 - No mode defined for component null
2024-03-25 17:18:18,741 [WARN] ModelIntegratedComponent:63 - No mode defined for component null
2024-03-25 17:18:18,741 [WARN] ModelIntegratedComponent:63 - No mode defined for component null
2024-03-25 17:18:18,741 [WARN] ModelIntegratedComponent:63 - No mode defined for component null
2024-03-25 17:18:18,741 [WARN] ModelIntegratedComponent:63 - No mode defined for component null
2024-03-25 17:18:18,741 [WARN] ModelIntegratedComponent:63 - No mode defined for component null
2024-03-25 17:18:18,741 [WARN] ModelIntegratedComponent:63 - No mode defined for component null
2024-03-25 17:18:18,741 [WARN] ModelIntegratedComponent:63 - No mode defined for component null
2024-03-25 17:18:18,741 [WARN] ModelIntegratedComponent:63 - No mode defined for component null
2024-03-25 17:18:18,741 [WARN] ModelIntegratedComponent:63 - No mode defined for component null
2024-03-25 17:18:18,741 [WARN] ModelIntegratedComponent:63 - No mode defined for component null
2024-03-25 17:18:18,741 [WARN] ModelIntegratedComponent:63 - No mode defined for component null
2024-03-25 17:18:18,741 [WARN] ModelIntegratedComponent:63 - No mode defined for component null
2024-03-25 17:18:18,741 [WARN] ModelIntegratedComponent:63 - No mode defined for component null
2024-03-25 17:18:18,741 [WARN] ModelIntegratedComponent:63 - No mode defined for component null
2024-03-25 17:18:18,741 [WARN] ModelIntegratedComponent:63 - No mode defined for component null
2024-03-25 17:18:18,741 [WARN] ModelIntegratedComponent:63 - No mode defined for component null
2024-03-25 17:18:18,741 [WARN] ModelIntegratedComponent:63 - No mode defined for component null
2024-03-25 17:18:18,741 [WARN] ModelIntegratedComponent:63 - No mode defined for component null
2024-03-25 17:18:18,741 [WARN] ModelIntegratedComponent:63 - No mode defined for component null
2024-03-25 17:18:18,741 [WARN] ModelIntegratedComponent:63 - No mode defined for component null
2024-03-25 17:18:18,741 [WARN] ModelIntegratedComponent:63 - No mode defined for component null
2024-03-25 17:18:18,741 [WARN] ModelIntegratedComponent:63 - No mode defined for component null
2024-03-25 17:18:18,741 [WARN] ModelIntegratedComponent:63 - No mode defined for component null
2024-03-25 17:18:18,741 [WARN] ModelIntegratedComponent:63 - No mode defined for component null
2024-03-25 17:18:18,741 [WARN] ModelIntegratedComponent:63 - No mode defined for component null
2024-03-25 17:18:18,741 [WARN] ModelIntegratedComponent:63 - No mode defined for component null
2024-03-25 17:18:18,741 [WARN] ModelIntegratedComponent:63 - No mode defined for component null
2024-03-25 17:18:18,741 [WARN] ModelIntegratedComponent:63 - No mode defined for component null
2024-03-25 17:18:18,741 [WARN] ModelIntegratedComponent:63 - No mode defined for component null
2024-03-25 17:18:18,741 [WARN] ModelIntegratedComponent:63 - No mode defined for component null
2024-03-25 17:18:18,892 [INFO] ThirdPartyModel:298 - Start build external matchings
2024-03-25 17:18:19,934 [INFO] ThirdPartyModel:316 - End build external matchings
2024-03-25 17:18:19,954 [INFO] ImportTextPane:194 - (OptionalMessage_ERROR) IP (RCC) : Invalid parameter (48MHZClocksFreq_Value)
2024-03-25 17:18:19,954 [INFO] ImportTextPane:194 - (OptionalMessage_ERROR) IP (RCC) : Invalid parameter (EthernetFreq_Value)
2024-03-25 17:18:19,954 [INFO] ImportTextPane:194 - (OptionalMessage_ERROR) IP (RCC) : Parameter (FLatency) has Id (AdvancedSettings) currently not set
2024-03-25 17:18:19,954 [INFO] ImportTextPane:194 - (OptionalMessage_ERROR) IP (RCC) : Invalid parameter (FamilyName)
2024-03-25 17:18:19,954 [INFO] ImportTextPane:194 - (OptionalMessage_ERROR) IP (RCC) : Invalid parameter (I2SClocksFreq_Value)
2024-03-25 17:18:19,954 [INFO] ImportTextPane:194 - (OptionalMessage_ERROR) IP (RCC) : Parameter (MCO2PinFreq_Value) has invalid value (180000000)
2024-03-25 17:18:19,954 [INFO] ImportTextPane:194 - (OptionalMessage_ERROR) IP (RCC) : Parameter (SDIOFreq_Value) has invalid value (180000000)
2024-03-25 17:18:19,954 [INFO] ImportTextPane:194 - (OptionalMessage_ERROR) IP (RCC) : Parameter (USBFreq_Value) has invalid value (180000000)
2024-03-25 17:18:19,954 [INFO] ImportTextPane:194 - (OptionalMessage_ERROR) IP (RCC) : Invalid parameter (VCOInputMFreq_Value)
2024-03-25 17:18:19,954 [INFO] ImportTextPane:194 - (OptionalMessage_ERROR) IP (RCC) : Invalid parameter (VcooutputI2S)
2024-03-25 17:18:20,244 [INFO] UtilMem:75 - End LoadConfig() Used Memory: 772449368 Bytes (1073741824)
2024-03-25 17:18:20,275 [WARN] ThirdParty:833 - waiting for thirdparty lock release [change project]
2024-03-25 17:18:20,275 [INFO] ThirdParty:835 - entering critical section [change project]
2024-03-25 17:18:20,275 [INFO] ThirdParty:1030 - CMSIS Pack Vendor :STMicroelectronics X-CUBE-ISPU 1.1.0
2024-03-25 17:18:20,275 [INFO] ThirdParty:1030 - CMSIS Pack Vendor :STMicroelectronics X-CUBE-GNSS1 6.0.0
2024-03-25 17:18:20,275 [INFO] ThirdParty:1030 - CMSIS Pack Vendor :STMicroelectronics USB_HOST 2.0.0
2024-03-25 17:18:20,275 [INFO] ThirdParty:1030 - CMSIS Pack Vendor :STMicroelectronics X-CUBE-AZRTOS-F4 1.1.0
2024-03-25 17:18:20,275 [INFO] ThirdParty:1030 - CMSIS Pack Vendor :STMicroelectronics LIBJPEG 8.0.0
2024-03-25 17:18:20,275 [INFO] ThirdParty:1030 - CMSIS Pack Vendor :STMicroelectronics X-CUBE-SMBUS 2.1.0
2024-03-25 17:18:20,275 [INFO] ThirdParty:1030 - CMSIS Pack Vendor :wolfSSL I-CUBE-wolfSSL 5.6.0
2024-03-25 17:18:20,275 [INFO] ThirdParty:1030 - CMSIS Pack Vendor :STMicroelectronics USB_DEVICE 3.0.0
2024-03-25 17:18:20,275 [INFO] ThirdParty:1030 - CMSIS Pack Vendor :STMicroelectronics X-CUBE-AI 8.0.0
2024-03-25 17:18:20,275 [INFO] ThirdParty:1030 - CMSIS Pack Vendor :STMicroelectronics X-CUBE-AZRTOS-WB 2.0.0
2024-03-25 17:18:20,275 [INFO] ThirdParty:1030 - CMSIS Pack Vendor :STMicroelectronics X-CUBE-FREERTOS 1.0.1
2024-03-25 17:18:20,275 [INFO] ThirdParty:1030 - CMSIS Pack Vendor :STMicroelectronics X-CUBE-TOUCHGFX 4.21.3
2024-03-25 17:18:20,275 [INFO] ThirdParty:1030 - CMSIS Pack Vendor :STMicroelectronics X-CUBE-TOUCHGFX 4.23.0
2024-03-25 17:18:20,275 [INFO] ThirdParty:1030 - CMSIS Pack Vendor :STMicroelectronics X-CUBE-AZRTOS-F7 1.1.0
2024-03-25 17:18:20,275 [INFO] ThirdParty:1030 - CMSIS Pack Vendor :STMicroelectronics X-CUBE-TOUCHGFX 4.21.4
2024-03-25 17:18:20,275 [INFO] ThirdParty:1030 - CMSIS Pack Vendor :STMicroelectronics X-CUBE-AZRTOS-L5 2.0.0
2024-03-25 17:18:20,275 [INFO] ThirdParty:1030 - CMSIS Pack Vendor :STMicroelectronics USB_DEVICE 2.0.0
2024-03-25 17:18:20,275 [INFO] ThirdParty:1030 - CMSIS Pack Vendor :STMicroelectronics X-CUBE-MEMS1 9.6.0
2024-03-25 17:18:20,275 [INFO] ThirdParty:1030 - CMSIS Pack Vendor :STMicroelectronics X-CUBE-EEPRMA1 4.2.0
2024-03-25 17:18:20,275 [INFO] ThirdParty:1030 - CMSIS Pack Vendor :STMicroelectronics X-CUBE-NFC6 3.1.0
2024-03-25 17:18:20,275 [INFO] ThirdParty:1030 - CMSIS Pack Vendor :ITTIA_DB I-CUBE-ITTIADB 8.8.0
2024-03-25 17:18:20,275 [INFO] ThirdParty:1030 - CMSIS Pack Vendor :STMicroelectronics FP-SNS-MOTENV1 4.3.0
2024-03-25 17:18:20,275 [INFO] ThirdParty:1030 - CMSIS Pack Vendor :STMicroelectronics FP-SNS-MOTENV1 4.3.2
2024-03-25 17:18:20,275 [INFO] ThirdParty:1030 - CMSIS Pack Vendor :STMicroelectronics FP-SNS-FLIGHT1 5.0.0
2024-03-25 17:18:20,275 [INFO] ThirdParty:1030 - CMSIS Pack Vendor :STMicroelectronics FP-SNS-MOTENV1 4.3.1
2024-03-25 17:18:20,275 [INFO] ThirdParty:1030 - CMSIS Pack Vendor :STMicroelectronics FP-SNS-FLIGHT1 5.0.1
2024-03-25 17:18:20,275 [INFO] ThirdParty:1030 - CMSIS Pack Vendor :STMicroelectronics X-CUBE-ALGOBUILD 1.3.0
2024-03-25 17:18:20,275 [INFO] ThirdParty:1030 - CMSIS Pack Vendor :STMicroelectronics X-CUBE-BLE1 6.2.4
2024-03-25 17:18:20,275 [INFO] ThirdParty:1030 - CMSIS Pack Vendor :STMicroelectronics X-CUBE-AZRTOS-L5 1.1.0
2024-03-25 17:18:20,275 [INFO] ThirdParty:1030 - CMSIS Pack Vendor :STMicroelectronics FreeRTOS 0.0.1
2024-03-25 17:18:20,275 [INFO] ThirdParty:1030 - CMSIS Pack Vendor :STMicroelectronics X-CUBE-AZRTOS-G0 1.1.0
2024-03-25 17:18:20,275 [INFO] ThirdParty:1030 - CMSIS Pack Vendor :emotas I-CUBE-CANOPEN 1.1.3
2024-03-25 17:18:20,275 [INFO] ThirdParty:1030 - CMSIS Pack Vendor :STMicroelectronics X-CUBE-BLEMGR 2.0.0
2024-03-25 17:18:20,275 [INFO] ThirdParty:1030 - CMSIS Pack Vendor :STMicroelectronics X-CUBE-AI 8.0.1
2024-03-25 17:18:20,275 [INFO] ThirdParty:1030 - CMSIS Pack Vendor :STMicroelectronics X-CUBE-NFC4 3.0.0
2024-03-25 17:18:20,275 [INFO] ThirdParty:1030 - CMSIS Pack Vendor :STMicroelectronics X-CUBE-SUBG2 5.0.0
2024-03-25 17:18:20,275 [INFO] ThirdParty:1030 - CMSIS Pack Vendor :STMicroelectronics STM32_WPAN 1.0.0
2024-03-25 17:18:20,275 [INFO] ThirdParty:1030 - CMSIS Pack Vendor :STMicroelectronics lwIP 2.0.3
2024-03-25 17:18:20,275 [INFO] ThirdParty:1030 - CMSIS Pack Vendor :STMicroelectronics FP-SNS-FLIGHT1 5.0.2
2024-03-25 17:18:20,275 [INFO] ThirdParty:1030 - CMSIS Pack Vendor :STMicroelectronics USB_HOST 1.0.0
2024-03-25 17:18:20,275 [INFO] ThirdParty:1030 - CMSIS Pack Vendor :STMicroelectronics X-CUBE-TOF1 3.3.1
2024-03-25 17:18:20,275 [INFO] ThirdParty:1030 - CMSIS Pack Vendor :STMicroelectronics X-CUBE-AZRTOS-G4 2.0.0
2024-03-25 17:18:20,275 [INFO] ThirdParty:1030 - CMSIS Pack Vendor :STMicroelectronics PDM2PCM 3.1.0
2024-03-25 17:18:20,275 [INFO] ThirdParty:1030 - CMSIS Pack Vendor :STMicroelectronics X-CUBE-AZRTOS-H7 3.1.0
2024-03-25 17:18:20,275 [INFO] ThirdParty:1030 - CMSIS Pack Vendor :STMicroelectronics X-CUBE-TOF1 3.3.0
2024-03-25 17:18:20,275 [INFO] ThirdParty:1030 - CMSIS Pack Vendor :Infineon AIROC-Wi-Fi-Bluetooth-STM32 1.5.1
2024-03-25 17:18:20,275 [INFO] ThirdParty:1030 - CMSIS Pack Vendor :STMicroelectronics X-CUBE-BLEMGR 3.0.0
2024-03-25 17:18:20,275 [INFO] ThirdParty:1030 - CMSIS Pack Vendor :STMicroelectronics PDM2PCM 3.3.0
2024-03-25 17:18:20,275 [INFO] ThirdParty:1030 - CMSIS Pack Vendor :STMicroelectronics X-CUBE-DISPLAY 3.0.0
2024-03-25 17:18:20,275 [INFO] ThirdParty:1030 - CMSIS Pack Vendor :STMicroelectronics FP-SNS-MOTENVWB1 1.3.0
2024-03-25 17:18:20,275 [INFO] ThirdParty:1030 - CMSIS Pack Vendor :STMicroelectronics FP-SNS-MOTENVWB1 1.3.1
2024-03-25 17:18:20,275 [INFO] ThirdParty:1030 - CMSIS Pack Vendor :STMicroelectronics X-CUBE-BLE1 7.0.0
2024-03-25 17:18:20,275 [INFO] ThirdParty:1030 - CMSIS Pack Vendor :STMicroelectronics FP-ATR-SIGFOX1 3.2.0
2024-03-25 17:18:20,275 [INFO] ThirdParty:1030 - CMSIS Pack Vendor :STMicroelectronics X-CUBE-AZRTOS-L4 1.0.0
2024-03-25 17:18:20,275 [INFO] ThirdParty:1030 - CMSIS Pack Vendor :STMicroelectronics X-CUBE-ISPU 2.0.0
2024-03-25 17:18:20,275 [INFO] ThirdParty:1030 - CMSIS Pack Vendor :STMicroelectronics X-CUBE-EEPRMA1 5.1.0
2024-03-25 17:18:20,275 [INFO] ThirdParty:1030 - CMSIS Pack Vendor :STMicroelectronics HAL Drivers 0.0.0
2024-03-25 17:18:20,275 [INFO] ThirdParty:1030 - CMSIS Pack Vendor :STMicroelectronics MBEDTLS 2.16.2
2024-03-25 17:18:20,275 [INFO] ThirdParty:1030 - CMSIS Pack Vendor :STMicroelectronics X-CUBE-MEMS1 10.0.0
2024-03-25 17:18:20,275 [INFO] ThirdParty:1030 - CMSIS Pack Vendor :STMicroelectronics X-CUBE-FREERTOS 1.1.0
2024-03-25 17:18:20,275 [INFO] ThirdParty:1030 - CMSIS Pack Vendor :STMicroelectronics X-CUBE-TOUCHGFX 4.22.0
2024-03-25 17:18:20,275 [INFO] ThirdParty:1030 - CMSIS Pack Vendor :STMicroelectronics X-CUBE-NFC7 1.0.1
2024-03-25 17:18:20,275 [INFO] ThirdParty:1030 - CMSIS Pack Vendor :STMicroelectronics MBEDTLS 2.14.1
2024-03-25 17:18:20,275 [INFO] ThirdParty:1030 - CMSIS Pack Vendor :STMicroelectronics X-CUBE-NFC7 1.0.0
2024-03-25 17:18:20,275 [INFO] ThirdParty:1030 - CMSIS Pack Vendor :STMicroelectronics X-CUBE-TOUCHGFX 4.22.1
2024-03-25 17:18:20,275 [INFO] ThirdParty:1030 - CMSIS Pack Vendor :STMicroelectronics X-CUBE-AZRTOS-WL 1.0.0
2024-03-25 17:18:20,275 [INFO] ThirdParty:1030 - CMSIS Pack Vendor :STMicroelectronics X-CUBE-NFC6 3.0.0
2024-03-25 17:18:20,275 [INFO] ThirdParty:1030 - CMSIS Pack Vendor :STMicroelectronics X-CUBE-EEPRMA1 4.1.0
2024-03-25 17:18:20,275 [INFO] ThirdParty:1030 - CMSIS Pack Vendor :portGmbH I-Cube-SoM-uGOAL 1.1.0
2024-03-25 17:18:20,275 [INFO] ThirdParty:1030 - CMSIS Pack Vendor :STMicroelectronics X-CUBE-ALS 1.0.1
2024-03-25 17:18:20,291 [INFO] ThirdParty:1030 - CMSIS Pack Vendor :STMicroelectronics X-CUBE-BLEMGR 3.1.0
2024-03-25 17:18:20,291 [INFO] ThirdParty:1030 - CMSIS Pack Vendor :STMicroelectronics ThreadX 1.0.0
2024-03-25 17:18:20,291 [INFO] ThirdParty:1030 - CMSIS Pack Vendor :STMicroelectronics FP-SNS-SMARTAG2 1.2.0
2024-03-25 17:18:20,291 [INFO] ThirdParty:1030 - CMSIS Pack Vendor :STMicroelectronics X-CUBE-AZRTOS-WB 1.1.0
2024-03-25 17:18:20,291 [INFO] ThirdParty:1030 - CMSIS Pack Vendor :STMicroelectronics X-CUBE-AZRTOS-WL 2.0.0
2024-03-25 17:18:20,291 [INFO] ThirdParty:1030 - CMSIS Pack Vendor :SEGGER I-CUBE-embOS 1.3.1
2024-03-25 17:18:20,291 [INFO] ThirdParty:1030 - CMSIS Pack Vendor :STMicroelectronics USB_DEVICE 1.0.0
2024-03-25 17:18:20,291 [INFO] ThirdParty:1030 - CMSIS Pack Vendor :STMicroelectronics X-CUBE-AI 8.1.0
2024-03-25 17:18:20,291 [INFO] ThirdParty:1030 - CMSIS Pack Vendor :STMicroelectronics X-CUBE-AZRTOS-L4 2.0.0
2024-03-25 17:18:20,291 [INFO] ThirdParty:1030 - CMSIS Pack Vendor :STMicroelectronics ThreadX 0.0.2
2024-03-25 17:18:20,291 [INFO] ThirdParty:1030 - CMSIS Pack Vendor :WES I-CUBE-Cesium 1.3.0
2024-03-25 17:18:20,291 [INFO] ThirdParty:1030 - CMSIS Pack Vendor :STMicroelectronics FP-ATR-ASTRA1 2.0.0
2024-03-25 17:18:20,291 [INFO] ThirdParty:1030 - CMSIS Pack Vendor :STMicroelectronics lwIP 2.1.2
2024-03-25 17:18:20,291 [INFO] ThirdParty:1030 - CMSIS Pack Vendor :STMicroelectronics X-CUBE-SFXS2LP1 4.0.0
2024-03-25 17:18:20,291 [INFO] ThirdParty:1030 - CMSIS Pack Vendor :STMicroelectronics X-CUBE-BLE2 3.3.0
2024-03-25 17:18:20,291 [INFO] ThirdParty:1030 - CMSIS Pack Vendor :STMicroelectronics X-CUBE-TOF1 3.4.0
2024-03-25 17:18:20,291 [INFO] ThirdParty:1030 - CMSIS Pack Vendor :STMicroelectronics X-CUBE-TOF1 3.4.1
2024-03-25 17:18:20,291 [INFO] ThirdParty:1030 - CMSIS Pack Vendor :STMicroelectronics X-CUBE-AZRTOS-H7 3.2.0
2024-03-25 17:18:20,291 [INFO] ThirdParty:1030 - CMSIS Pack Vendor :STMicroelectronics PDM2PCM 3.2.0
2024-03-25 17:18:20,291 [INFO] ThirdParty:841 - exiting critical section [change project]
2024-03-25 17:18:20,460 [INFO] PinOutPanel:1499 - setPackage(No Configuration,No Configuration)
2024-03-25 17:18:20,460 [INFO] PinOutPanel:1499 - setPackage(STM32F446RETx,LQFP64)
2024-03-25 17:18:20,792 [INFO] UtilMem:75 - Before build in PCC Used Memory: 838361200 Bytes (1073741824)
2024-03-25 17:18:21,146 [INFO] UtilMem:75 - After build in PCC Used Memory: 886595696 Bytes (1073741824)
2024-03-25 17:18:21,169 [INFO] IPUIPlugin:80 - create IPUIPlugin
2024-03-25 17:18:21,169 [INFO] IPUIPlugin:80 - create IPUIPlugin
2024-03-25 17:18:21,169 [INFO] IPUIPlugin:80 - create IPUIPlugin
2024-03-25 17:18:21,169 [INFO] IPUIPlugin:80 - create IPUIPlugin
2024-03-25 17:18:21,169 [INFO] IPUIPlugin:80 - create IPUIPlugin
2024-03-25 17:18:21,169 [INFO] IPUIPlugin:80 - create IPUIPlugin
2024-03-25 17:18:21,169 [INFO] IPUIPlugin:80 - create IPUIPlugin
2024-03-25 17:18:21,169 [INFO] IPUIPlugin:80 - create IPUIPlugin
2024-03-25 17:18:21,169 [INFO] IPUIPlugin:80 - create IPUIPlugin
2024-03-25 17:18:21,169 [INFO] IPUIPlugin:80 - create IPUIPlugin
2024-03-25 17:18:21,169 [INFO] IPUIPlugin:80 - create IPUIPlugin
2024-03-25 17:18:21,169 [INFO] IPUIPlugin:80 - create IPUIPlugin
2024-03-25 17:18:21,169 [INFO] IPUIPlugin:80 - create IPUIPlugin
2024-03-25 17:18:21,169 [INFO] IPUIPlugin:80 - create IPUIPlugin
2024-03-25 17:18:21,169 [INFO] IPUIPlugin:80 - create IPUIPlugin
2024-03-25 17:18:21,169 [INFO] IPUIPlugin:80 - create IPUIPlugin
2024-03-25 17:18:21,169 [INFO] IPUIPlugin:80 - create IPUIPlugin
2024-03-25 17:18:21,169 [INFO] IPUIPlugin:80 - create IPUIPlugin
2024-03-25 17:18:21,169 [INFO] IPUIPlugin:80 - create IPUIPlugin
2024-03-25 17:18:21,169 [INFO] IPUIPlugin:80 - create IPUIPlugin
2024-03-25 17:18:21,169 [INFO] IPUIPlugin:80 - create IPUIPlugin
2024-03-25 17:18:21,169 [INFO] IPUIPlugin:80 - create IPUIPlugin
2024-03-25 17:18:21,169 [INFO] IPUIPlugin:80 - create IPUIPlugin
2024-03-25 17:18:21,169 [INFO] IPUIPlugin:80 - create IPUIPlugin
2024-03-25 17:18:21,169 [INFO] IPUIPlugin:80 - create IPUIPlugin
2024-03-25 17:18:21,169 [INFO] IPUIPlugin:80 - create IPUIPlugin
2024-03-25 17:18:21,169 [INFO] IPUIPlugin:80 - create IPUIPlugin
2024-03-25 17:18:21,169 [INFO] IPUIPlugin:80 - create IPUIPlugin
2024-03-25 17:18:21,169 [INFO] IPUIPlugin:80 - create IPUIPlugin
2024-03-25 17:18:21,169 [INFO] IPUIPlugin:80 - create IPUIPlugin
2024-03-25 17:18:21,169 [INFO] IPUIPlugin:80 - create IPUIPlugin
2024-03-25 17:18:21,169 [INFO] IPUIPlugin:80 - create IPUIPlugin
2024-03-25 17:18:21,169 [INFO] IPUIPlugin:80 - create IPUIPlugin
2024-03-25 17:18:21,169 [INFO] IPUIPlugin:80 - create IPUIPlugin
2024-03-25 17:18:21,169 [INFO] IPUIPlugin:80 - create IPUIPlugin
2024-03-25 17:18:21,169 [INFO] IPUIPlugin:80 - create IPUIPlugin
2024-03-25 17:18:21,169 [INFO] IPUIPlugin:80 - create IPUIPlugin
2024-03-25 17:18:21,169 [INFO] IPUIPlugin:80 - create IPUIPlugin
2024-03-25 17:18:21,169 [INFO] IPUIPlugin:80 - create IPUIPlugin
2024-03-25 17:18:21,169 [INFO] IPUIPlugin:80 - create IPUIPlugin
2024-03-25 17:18:21,169 [INFO] IPUIPlugin:80 - create IPUIPlugin
2024-03-25 17:18:21,177 [INFO] IPUIPlugin:80 - create IPUIPlugin
2024-03-25 17:18:21,177 [INFO] IPUIPlugin:80 - create IPUIPlugin
2024-03-25 17:18:21,177 [INFO] IPUIPlugin:80 - create IPUIPlugin
2024-03-25 17:18:21,177 [INFO] IPUIPlugin:80 - create IPUIPlugin
2024-03-25 17:18:21,177 [INFO] IPUIPlugin:80 - create IPUIPlugin
2024-03-25 17:18:21,177 [INFO] IPUIPlugin:80 - create IPUIPlugin
2024-03-25 17:18:21,177 [INFO] IPUIPlugin:80 - create IPUIPlugin
2024-03-25 17:18:21,177 [INFO] IPUIPlugin:80 - create IPUIPlugin
2024-03-25 17:18:21,177 [INFO] IPUIPlugin:80 - create IPUIPlugin
2024-03-25 17:18:21,179 [INFO] IPUIPlugin:80 - create IPUIPlugin
2024-03-25 17:18:21,179 [INFO] IPUIPlugin:80 - create IPUIPlugin
2024-03-25 17:18:21,179 [INFO] IPUIPlugin:80 - create IPUIPlugin
2024-03-25 17:18:21,179 [INFO] IPUIPlugin:80 - create IPUIPlugin
2024-03-25 17:18:21,179 [INFO] IPUIPlugin:80 - create IPUIPlugin
2024-03-25 17:18:21,179 [INFO] IPUIPlugin:80 - create IPUIPlugin
2024-03-25 17:18:21,179 [INFO] IPUIPlugin:80 - create IPUIPlugin
2024-03-25 17:18:21,179 [INFO] IPUIPlugin:80 - create IPUIPlugin
2024-03-25 17:18:21,179 [INFO] IPUIPlugin:80 - create IPUIPlugin
2024-03-25 17:18:21,179 [INFO] IPUIPlugin:80 - create IPUIPlugin
2024-03-25 17:18:21,189 [INFO] ApiDbMcu:507 - Load IP Config File for PDM2PCM
2024-03-25 17:18:21,280 [INFO] CADModel:165 - CPN selected for project levelSTM32F446RET6
2024-03-25 17:18:21,280 [INFO] CADModel:114 - Register for checkConnection events
2024-03-25 17:18:21,340 [INFO] OpenFileManager:328 - Restore cursor
2024-03-25 17:19:21,359 [INFO] NvicIntPanel:101 - NVIC parent = com.st.microxplorer.plugins.ip.nvic.MultiNvicIntPanel[,0,0,0x0,invalid,layout=javax.swing.BoxLayout,alignmentX=0.0,alignmentY=0.0,border=,flags=9,maximumSize=,minimumSize=,preferredSize=]
2024-03-25 17:19:30,882 [INFO] UtilMem:75 - End SaveConfig() Used Memory: 724697096 Bytes (1073741824)
2024-03-25 17:19:32,086 [INFO] UtilMem:75 - End SaveConfig() Used Memory: 750389256 Bytes (1073741824)
2024-03-25 17:19:33,005 [INFO] UtilMem:75 - End SaveConfig() Used Memory: 799164728 Bytes (1073741824)
2024-03-25 17:19:33,259 [INFO] BlockDiagram:2759 - set Specific Code input for plugin: TIM1_8
2024-03-25 17:19:33,259 [INFO] BlockDiagram:2759 - set Specific Code input for plugin: TIM1_8
2024-03-25 17:19:33,259 [INFO] BlockDiagram:2759 - set Specific Code input for plugin: TIM1_8
2024-03-25 17:19:33,259 [INFO] BlockDiagram:2759 - set Specific Code input for plugin: ADC
2024-03-25 17:19:33,259 [INFO] BlockDiagram:2759 - set Specific Code input for plugin: SYS
2024-03-25 17:19:33,259 [INFO] BlockDiagram:2759 - set Specific Code input for plugin: ADC
2024-03-25 17:19:33,259 [INFO] BlockDiagram:2759 - set Specific Code input for plugin: ADC
2024-03-25 17:19:33,259 [INFO] BlockDiagram:2759 - set Specific Code input for plugin: RCC
2024-03-25 17:19:33,259 [INFO] BlockDiagram:2759 - set Specific Code input for plugin: NVIC
2024-03-25 17:19:33,259 [INFO] BlockDiagram:2759 - set Specific Code input for plugin: USART
2024-03-25 17:19:33,259 [INFO] BlockDiagram:2759 - set Specific Code input for plugin: USART
2024-03-25 17:19:33,259 [INFO] BlockDiagram:2759 - set Specific Code input for plugin: GPIO
2024-03-25 17:19:33,275 [INFO] CodeGenerator:793 - code generatio: config db path: C:\ST\STM32CubeIDE_1.12.0\STM32CubeIDE\plugins\com.st.stm32cube.common.mx_6.8.1.202304191431\\db\
2024-03-25 17:19:33,554 [INFO] CodeEngine:255 - oldGeneratedFile, C:\Users\m-ali.khlifi-ext\STM32CubeIDE\workspace_1.12.0\caddialc v2 parti2 adaptable\MXTmpFiles\license.tmp_save
2024-03-25 17:19:33,645 [INFO] CodeEngine:279 - Generated code: C:\Users\m-ali.khlifi-ext\STM32CubeIDE\workspace_1.12.0\caddialc v2 parti2 adaptable\MXTmpFiles\license.tmp
2024-03-25 17:19:33,770 [INFO] CodeEngine:255 - oldGeneratedFile, C:\Users\m-ali.khlifi-ext\STM32CubeIDE\workspace_1.12.0\caddialc v2 parti2 adaptable\Core\Src\gpio.c_save
2024-03-25 17:19:33,866 [INFO] CodeEngine:279 - Generated code: C:\Users\m-ali.khlifi-ext\STM32CubeIDE\workspace_1.12.0\caddialc v2 parti2 adaptable\Core\Src\gpio.c
2024-03-25 17:19:33,884 [INFO] CodeEngine:255 - oldGeneratedFile, C:\Users\m-ali.khlifi-ext\STM32CubeIDE\workspace_1.12.0\caddialc v2 parti2 adaptable\Core\Inc\gpio.h_save
2024-03-25 17:19:34,002 [INFO] CodeEngine:279 - Generated code: C:\Users\m-ali.khlifi-ext\STM32CubeIDE\workspace_1.12.0\caddialc v2 parti2 adaptable\Core\Inc\gpio.h
2024-03-25 17:19:34,378 [INFO] CodeEngine:255 - oldGeneratedFile, C:\Users\m-ali.khlifi-ext\STM32CubeIDE\workspace_1.12.0\caddialc v2 parti2 adaptable\Core\Src\adc.c_save
2024-03-25 17:19:34,507 [INFO] CodeEngine:279 - Generated code: C:\Users\m-ali.khlifi-ext\STM32CubeIDE\workspace_1.12.0\caddialc v2 parti2 adaptable\Core\Src\adc.c
2024-03-25 17:19:34,522 [INFO] CodeEngine:255 - oldGeneratedFile, C:\Users\m-ali.khlifi-ext\STM32CubeIDE\workspace_1.12.0\caddialc v2 parti2 adaptable\Core\Inc\adc.h_save
2024-03-25 17:19:34,601 [INFO] CodeEngine:279 - Generated code: C:\Users\m-ali.khlifi-ext\STM32CubeIDE\workspace_1.12.0\caddialc v2 parti2 adaptable\Core\Inc\adc.h
2024-03-25 17:19:34,638 [INFO] CodeEngine:255 - oldGeneratedFile, C:\Users\m-ali.khlifi-ext\STM32CubeIDE\workspace_1.12.0\caddialc v2 parti2 adaptable\Core\Src\tim.c_save
2024-03-25 17:19:34,770 [INFO] CodeEngine:279 - Generated code: C:\Users\m-ali.khlifi-ext\STM32CubeIDE\workspace_1.12.0\caddialc v2 parti2 adaptable\Core\Src\tim.c
2024-03-25 17:19:34,785 [INFO] CodeEngine:255 - oldGeneratedFile, C:\Users\m-ali.khlifi-ext\STM32CubeIDE\workspace_1.12.0\caddialc v2 parti2 adaptable\Core\Inc\tim.h_save
2024-03-25 17:19:34,886 [INFO] CodeEngine:279 - Generated code: C:\Users\m-ali.khlifi-ext\STM32CubeIDE\workspace_1.12.0\caddialc v2 parti2 adaptable\Core\Inc\tim.h
2024-03-25 17:19:34,923 [INFO] CodeEngine:255 - oldGeneratedFile, C:\Users\m-ali.khlifi-ext\STM32CubeIDE\workspace_1.12.0\caddialc v2 parti2 adaptable\Core\Src\usart.c_save
2024-03-25 17:19:35,024 [INFO] CodeEngine:279 - Generated code: C:\Users\m-ali.khlifi-ext\STM32CubeIDE\workspace_1.12.0\caddialc v2 parti2 adaptable\Core\Src\usart.c
2024-03-25 17:19:35,039 [INFO] CodeEngine:255 - oldGeneratedFile, C:\Users\m-ali.khlifi-ext\STM32CubeIDE\workspace_1.12.0\caddialc v2 parti2 adaptable\Core\Inc\usart.h_save
2024-03-25 17:19:35,108 [INFO] CodeEngine:279 - Generated code: C:\Users\m-ali.khlifi-ext\STM32CubeIDE\workspace_1.12.0\caddialc v2 parti2 adaptable\Core\Inc\usart.h
2024-03-25 17:19:35,155 [INFO] CodeEngine:255 - oldGeneratedFile, C:\Users\m-ali.khlifi-ext\STM32CubeIDE\workspace_1.12.0\caddialc v2 parti2 adaptable\Core\Src\stm32f4xx_it.c_save
2024-03-25 17:19:35,309 [INFO] CodeEngine:279 - Generated code: C:\Users\m-ali.khlifi-ext\STM32CubeIDE\workspace_1.12.0\caddialc v2 parti2 adaptable\Core\Src\stm32f4xx_it.c
2024-03-25 17:19:35,324 [INFO] CodeEngine:255 - oldGeneratedFile, C:\Users\m-ali.khlifi-ext\STM32CubeIDE\workspace_1.12.0\caddialc v2 parti2 adaptable\Core\Inc\stm32f4xx_it.h_save
2024-03-25 17:19:35,409 [INFO] CodeEngine:279 - Generated code: C:\Users\m-ali.khlifi-ext\STM32CubeIDE\workspace_1.12.0\caddialc v2 parti2 adaptable\Core\Inc\stm32f4xx_it.h
2024-03-25 17:19:35,456 [INFO] CodeEngine:255 - oldGeneratedFile, C:\Users\m-ali.khlifi-ext\STM32CubeIDE\workspace_1.12.0\caddialc v2 parti2 adaptable\Core\Src\stm32f4xx_hal_msp.c_save
2024-03-25 17:19:35,541 [INFO] CodeEngine:279 - Generated code: C:\Users\m-ali.khlifi-ext\STM32CubeIDE\workspace_1.12.0\caddialc v2 parti2 adaptable\Core\Src\stm32f4xx_hal_msp.c
2024-03-25 17:19:35,556 [INFO] CodeEngine:255 - oldGeneratedFile, C:\Users\m-ali.khlifi-ext\STM32CubeIDE\workspace_1.12.0\caddialc v2 parti2 adaptable\MXTmpFiles\system.tmp_save
2024-03-25 17:19:35,625 [INFO] CodeEngine:279 - Generated code: C:\Users\m-ali.khlifi-ext\STM32CubeIDE\workspace_1.12.0\caddialc v2 parti2 adaptable\MXTmpFiles\system.tmp
2024-03-25 17:19:35,657 [INFO] CodeEngine:311 - oldGeneratedFile, C:\Users\m-ali.khlifi-ext\STM32CubeIDE\workspace_1.12.0\caddialc v2 parti2 adaptable\Core\Inc\stm32f4xx_hal_conf.h_save
2024-03-25 17:19:35,741 [INFO] CodeEngine:335 - Generated code: C:\Users\m-ali.khlifi-ext\STM32CubeIDE\workspace_1.12.0\caddialc v2 parti2 adaptable\Core\Inc\stm32f4xx_hal_conf.h
2024-03-25 17:19:35,772 [WARN] IPConfigManager:2937 - Warning: the RefConfig PLL2P_FOR_MCO is not available in your config.xml file
2024-03-25 17:19:35,810 [INFO] CodeEngine:255 - oldGeneratedFile, C:\Users\m-ali.khlifi-ext\STM32CubeIDE\workspace_1.12.0\caddialc v2 parti2 adaptable\Core\Inc\main.h_save
2024-03-25 17:19:35,888 [INFO] CodeEngine:279 - Generated code: C:\Users\m-ali.khlifi-ext\STM32CubeIDE\workspace_1.12.0\caddialc v2 parti2 adaptable\Core\Inc\main.h
2024-03-25 17:19:35,910 [INFO] CodeEngine:255 - oldGeneratedFile, C:\Users\m-ali.khlifi-ext\STM32CubeIDE\workspace_1.12.0\caddialc v2 parti2 adaptable\Core\Src\main.c_save
2024-03-25 17:19:36,073 [INFO] CodeEngine:279 - Generated code: C:\Users\m-ali.khlifi-ext\STM32CubeIDE\workspace_1.12.0\caddialc v2 parti2 adaptable\Core\Src\main.c
2024-03-25 17:19:37,802 [INFO] ProjectBuilder:2996 - Time for Copy HAL[1] : 1233mS.
2024-03-25 17:19:37,818 [INFO] ProjectBuilder:4304 - Project Generator version: 3.19.2
2024-03-25 17:19:38,211 [INFO] ConfigFileManager:1483 - The Die is : DIE421
2024-03-25 17:19:38,211 [INFO] ApiDbMcu:507 - Load IP Config File for FATFS
2024-03-25 17:19:38,226 [INFO] ApiDbMcu:507 - Load IP Config File for FREERTOS
2024-03-25 17:19:38,242 [INFO] ApiDbMcu:507 - Load IP Config File for LIBJPEG
2024-03-25 17:19:38,242 [INFO] ApiDbMcu:507 - Load IP Config File for MBEDTLS
2024-03-25 17:19:38,264 [INFO] ApiDbMcu:507 - Load IP Config File for USB_DEVICE
2024-03-25 17:19:38,280 [INFO] ApiDbMcu:507 - Load IP Config File for USB_HOST
2024-03-25 17:19:40,542 [INFO] ProjectBuilder:4505 - Time for Generating toolchain IDE Files: 2724mS.
2024-03-25 17:19:40,558 [INFO] ProjectBuilder:2867 - Time for Copy CMSIS : 16mS.
2024-03-25 17:19:40,564 [INFO] ProjectBuilder:2867 - Time for Copy CMSIS : 0mS.
