2023-07-24 09:33:23,203 [INFO] ApplicationProperties:184 - Using Application install path: C:\ST\STM32CubeIDE_1.12.0\STM32CubeIDE\plugins\com.st.stm32cube.common.mx_6.8.1.202304191431
2023-07-24 09:33:23,260 [INFO] DbMcusXml:78 - Set database path to: C:\ST\STM32CubeIDE_1.12.0\STM32CubeIDE\plugins\com.st.stm32cube.common.mx_6.8.1.202304191431\\db\/mcu/
2023-07-24 09:33:23,260 [INFO] ApiDb:274 - Set plugin database path to: C:\ST\STM32CubeIDE_1.12.0\STM32CubeIDE\plugins\com.st.stm32cube.common.mx_6.8.1.202304191431\\db\/plugins/boardmanager/
2023-07-24 09:33:23,260 [WARN] ApiDb:259 - Overriding images path with different value:  => C:\ST\STM32CubeIDE_1.12.0\STM32CubeIDE\plugins\com.st.stm32cube.common.mx_6.8.1.202304191431\\db\/plugins/mcufinder/images/
2023-07-24 09:33:23,291 [INFO] ApiDb:250 - Set database path to: C:\Users\m-ali.khlifi-ext\.stmcufinder\plugins\mcufinder//mcu/
2023-07-24 09:33:23,291 [INFO] DbMcusAds:125 - Set database path to: C:\Users\m-ali.khlifi-ext\.stmcufinder\plugins\mcufinder//mcu/
2023-07-24 09:33:23,375 [INFO] CrossReferenceDbSqlite:203 - Set database path to: C:\Users\m-ali.khlifi-ext\.stmcufinder\plugins\mcufinder//mcu/cs/
2023-07-24 09:33:23,516 [INFO] RulesReader:64 - Compatibility file has been processed (293 Rules)
2023-07-24 09:33:23,680 [INFO] DbMcusXml:78 - Set database path to: C:\ST\STM32CubeIDE_1.12.0\STM32CubeIDE\plugins\com.st.stm32cube.common.mx_6.8.1.202304191431\\db\/mcu/
2023-07-24 09:33:23,680 [INFO] ApiDb:274 - Set plugin database path to: C:\ST\STM32CubeIDE_1.12.0\STM32CubeIDE\plugins\com.st.stm32cube.common.mx_6.8.1.202304191431\\db\/plugins/boardmanager/
2023-07-24 09:33:23,680 [INFO] ApiDb:261 - Set plugin images path to: C:\ST\STM32CubeIDE_1.12.0\STM32CubeIDE\plugins\com.st.stm32cube.common.mx_6.8.1.202304191431\\db\/plugins/mcufinder/images/
2023-07-24 09:33:23,680 [WARN] DbFile:41 - Overriding database path with different value: C:\Users\m-ali.khlifi-ext\.stmcufinder\plugins\mcufinder/ => C:\Users\m-ali.khlifi-ext\.stmcufinder\plugins\mcufinder
2023-07-24 09:33:23,680 [INFO] ApiDb:250 - Set database path to: C:\Users\m-ali.khlifi-ext\.stmcufinder\plugins\mcufinder//mcu/
2023-07-24 09:33:23,680 [WARN] DbFile:41 - Overriding database path with different value: C:\Users\m-ali.khlifi-ext\.stmcufinder\plugins\mcufinder/ => C:\Users\m-ali.khlifi-ext\.stmcufinder\plugins\mcufinder
2023-07-24 09:33:23,680 [INFO] DbMcusAds:125 - Set database path to: C:\Users\m-ali.khlifi-ext\.stmcufinder\plugins\mcufinder//mcu/
2023-07-24 09:33:23,680 [WARN] DbFile:41 - Overriding database path with different value: C:\Users\m-ali.khlifi-ext\.stmcufinder\plugins\mcufinder/ => C:\Users\m-ali.khlifi-ext\.stmcufinder\plugins\mcufinder
2023-07-24 09:33:23,680 [WARN] DbFile:41 - Overriding database path with different value: C:\Users\m-ali.khlifi-ext\.stmcufinder\plugins\mcufinder/ => C:\Users\m-ali.khlifi-ext\.stmcufinder\plugins\mcufinder
2023-07-24 09:33:23,680 [INFO] CrossReferenceDbSqlite:203 - Set database path to: C:\Users\m-ali.khlifi-ext\.stmcufinder\plugins\mcufinder//mcu/cs/
2023-07-24 09:33:23,796 [INFO] MainPanel:253 - HeapMemory: 650117120
2023-07-24 09:33:23,912 [INFO] DbMcusXml:78 - Set database path to: C:\ST\STM32CubeIDE_1.12.0\STM32CubeIDE\plugins\com.st.stm32cube.common.mx_6.8.1.202304191431\\db\/mcu/
2023-07-24 09:33:23,912 [INFO] ApiDb:274 - Set plugin database path to: C:\ST\STM32CubeIDE_1.12.0\STM32CubeIDE\plugins\com.st.stm32cube.common.mx_6.8.1.202304191431\\db\/plugins/boardmanager/
2023-07-24 09:33:23,912 [INFO] ApiDb:261 - Set plugin images path to: C:\ST\STM32CubeIDE_1.12.0\STM32CubeIDE\plugins\com.st.stm32cube.common.mx_6.8.1.202304191431\\db\/plugins/mcufinder/images/
2023-07-24 09:33:23,912 [WARN] DbFile:41 - Overriding database path with different value: C:\Users\m-ali.khlifi-ext\.stmcufinder\plugins\mcufinder/ => C:\Users\m-ali.khlifi-ext\.stmcufinder\plugins\mcufinder
2023-07-24 09:33:23,912 [INFO] ApiDb:250 - Set database path to: C:\Users\m-ali.khlifi-ext\.stmcufinder\plugins\mcufinder//mcu/
2023-07-24 09:33:23,912 [WARN] DbFile:41 - Overriding database path with different value: C:\Users\m-ali.khlifi-ext\.stmcufinder\plugins\mcufinder/ => C:\Users\m-ali.khlifi-ext\.stmcufinder\plugins\mcufinder
2023-07-24 09:33:23,912 [INFO] DbMcusAds:125 - Set database path to: C:\Users\m-ali.khlifi-ext\.stmcufinder\plugins\mcufinder//mcu/
2023-07-24 09:33:23,912 [WARN] DbFile:41 - Overriding database path with different value: C:\Users\m-ali.khlifi-ext\.stmcufinder\plugins\mcufinder/ => C:\Users\m-ali.khlifi-ext\.stmcufinder\plugins\mcufinder
2023-07-24 09:33:23,912 [WARN] DbFile:41 - Overriding database path with different value: C:\Users\m-ali.khlifi-ext\.stmcufinder\plugins\mcufinder/ => C:\Users\m-ali.khlifi-ext\.stmcufinder\plugins\mcufinder
2023-07-24 09:33:23,912 [INFO] CrossReferenceDbSqlite:203 - Set database path to: C:\Users\m-ali.khlifi-ext\.stmcufinder\plugins\mcufinder//mcu/cs/
2023-07-24 09:33:23,959 [INFO] ApplicationProperties:184 - Using Application install path: C:\ST\STM32CubeIDE_1.12.0\STM32CubeIDE\plugins\com.st.stm32cube.common.mx_6.8.1.202304191431
2023-07-24 09:33:23,959 [INFO] PluginManage:196 - Search for loadable plugins [exclusion list=, ]
2023-07-24 09:33:23,965 [INFO] PluginManage:310 - Check plugin analytics
2023-07-24 09:33:24,143 [INFO] AnalyticsPlugin:253 - Accepted Software Licenses: 
2023-07-24 09:33:24,143 [INFO] AnalyticsPlugin:255 - Accepted CMSIS Pack Licenses: 
2023-07-24 09:33:24,143 [INFO] AnalyticsPlugin:257 - Accepted Firmware Licenses: FW.F4.1.27.0
2023-07-24 09:33:24,166 [INFO] PluginManage:359 - Loaded plugin analytics (category:tool,tabindex:-1)
2023-07-24 09:33:24,166 [INFO] PluginManage:310 - Check plugin cadmodel
2023-07-24 09:33:24,181 [INFO] CADModel:105 - Init CAD model plugin
2023-07-24 09:33:24,181 [INFO] PluginManage:359 - Loaded plugin cadmodel (category:power,tabindex:5)
2023-07-24 09:33:24,181 [INFO] PluginManage:310 - Check plugin clock
2023-07-24 09:33:24,197 [INFO] PluginManage:359 - Loaded plugin clock (category:base,tabindex:2)
2023-07-24 09:33:24,197 [INFO] PluginManage:310 - Check plugin ddr
2023-07-24 09:33:24,212 [INFO] PluginManage:359 - Loaded plugin ddr (category:tool,tabindex:6)
2023-07-24 09:33:24,212 [INFO] PluginManage:310 - Check plugin filemanager
2023-07-24 09:33:24,344 [INFO] PluginManage:359 - Loaded plugin filemanager (category:base,tabindex:10)
2023-07-24 09:33:24,344 [INFO] PluginManage:310 - Check plugin ipmanager
2023-07-24 09:33:24,378 [INFO] PluginManage:359 - Loaded plugin ipmanager (category:base,tabindex:5)
2023-07-24 09:33:24,378 [INFO] PluginManage:310 - Check plugin lpbam
2023-07-24 09:33:24,396 [INFO] PluginManage:359 - Loaded plugin lpbam (category:base,tabindex:0)
2023-07-24 09:33:24,396 [INFO] PluginManage:310 - Check plugin pinoutandconfiguration
2023-07-24 09:33:24,412 [INFO] PluginManage:359 - Loaded plugin pinoutandconfiguration (category:base,tabindex:1)
2023-07-24 09:33:24,412 [INFO] PluginManage:310 - Check plugin pinoutconfig
2023-07-24 09:33:24,528 [WARN] SupportedApi:132 - Cannot load RTOS API schema: s4s-elt-must-match.1: The content of 'definitions' must match (annotation?, (simpleType | complexType)?, (unique | key | keyref)*)). A problem was found starting at: attribute.
2023-07-24 09:33:24,659 [INFO] PluginManage:359 - Loaded plugin pinoutconfig (category:base,tabindex:0)
2023-07-24 09:33:24,659 [INFO] PluginManage:310 - Check plugin power
2023-07-24 09:33:24,697 [INFO] PluginManage:359 - Loaded plugin power (category:power,tabindex:4)
2023-07-24 09:33:24,697 [INFO] PluginManage:310 - Check plugin projectmanager
2023-07-24 09:33:24,713 [INFO] PluginManage:359 - Loaded plugin projectmanager (category:projectmanager,tabindex:3)
2023-07-24 09:33:24,713 [INFO] PluginManage:310 - Check plugin thirdparty
2023-07-24 09:33:24,897 [INFO] PluginManage:359 - Loaded plugin thirdparty (category:base,tabindex:-1)
2023-07-24 09:33:24,897 [WARN] IntegrityCheckThread:84 - waiting for thirdparty lock release [integrity check]
2023-07-24 09:33:24,897 [INFO] PluginManage:310 - Check plugin tools
2023-07-24 09:33:24,897 [INFO] IntegrityCheckThread:86 - entering critical section [integrity check]
2023-07-24 09:33:24,897 [INFO] ThirdPartyUpdaterWithRetryManager:70 - Updater plugin not ready yet. [1/15]
2023-07-24 09:33:24,897 [INFO] PluginManage:359 - Loaded plugin tools (category:base,tabindex:7)
2023-07-24 09:33:24,897 [INFO] PluginManage:310 - Check plugin tutovideos
2023-07-24 09:33:25,145 [INFO] PluginManage:359 - Loaded plugin tutovideos (category:base,tabindex:-1)
2023-07-24 09:33:25,145 [INFO] PluginManage:310 - Check plugin updater
2023-07-24 09:33:25,166 [INFO] PluginManage:359 - Loaded plugin updater (category:base,tabindex:12)
2023-07-24 09:33:25,166 [INFO] PluginManage:283 - PluginManage : Loaded plugins [15]
2023-07-24 09:33:25,499 [INFO] PinOutPanel:1499 - setPackage(No Configuration,No Configuration)
2023-07-24 09:33:25,615 [INFO] CADModel:165 - CPN selected for project level
2023-07-24 09:33:25,615 [INFO] CADModel:114 - Register for checkConnection events
2023-07-24 09:33:25,646 [INFO] IPUIPlugin:80 - create IPUIPlugin
2023-07-24 09:33:25,646 [INFO] PluginManager:220 - loadIPPluginJar : add adc
2023-07-24 09:33:25,662 [INFO] IPUIPlugin:80 - create IPUIPlugin
2023-07-24 09:33:25,662 [INFO] PluginManager:220 - loadIPPluginJar : add aes
2023-07-24 09:33:25,677 [INFO] IPUIPlugin:80 - create IPUIPlugin
2023-07-24 09:33:25,677 [INFO] PluginManager:220 - loadIPPluginJar : add can
2023-07-24 09:33:25,693 [INFO] IPUIPlugin:80 - create IPUIPlugin
2023-07-24 09:33:25,693 [INFO] PluginManager:220 - loadIPPluginJar : add comp
2023-07-24 09:33:25,699 [INFO] IPUIPlugin:80 - create IPUIPlugin
2023-07-24 09:33:25,699 [INFO] PluginManager:220 - loadIPPluginJar : add cryp
2023-07-24 09:33:25,715 [INFO] IPUIPlugin:80 - create IPUIPlugin
2023-07-24 09:33:25,715 [INFO] PluginManager:220 - loadIPPluginJar : add dfsdm
2023-07-24 09:33:25,731 [INFO] IPUIPlugin:80 - create IPUIPlugin
2023-07-24 09:33:25,731 [INFO] PluginManager:220 - loadIPPluginJar : add dma
2023-07-24 09:33:25,746 [INFO] IPUIPlugin:80 - create IPUIPlugin
2023-07-24 09:33:25,746 [INFO] PluginManager:220 - loadIPPluginJar : add dma3
2023-07-24 09:33:25,777 [INFO] IPUIPlugin:80 - create IPUIPlugin
2023-07-24 09:33:25,777 [INFO] PluginManager:220 - loadIPPluginJar : add fatfs
2023-07-24 09:33:25,793 [INFO] IPUIPlugin:80 - create IPUIPlugin
2023-07-24 09:33:25,793 [INFO] PluginManager:220 - loadIPPluginJar : add fmc
2023-07-24 09:33:25,815 [INFO] IPUIPlugin:80 - create IPUIPlugin
2023-07-24 09:33:25,815 [INFO] PluginManager:220 - loadIPPluginJar : add freertos
2023-07-24 09:33:25,815 [INFO] IPUIPlugin:80 - create IPUIPlugin
2023-07-24 09:33:25,815 [INFO] PluginManager:220 - loadIPPluginJar : add genericplugin
2023-07-24 09:33:25,831 [INFO] IPUIPlugin:80 - create IPUIPlugin
2023-07-24 09:33:25,831 [INFO] PluginManager:220 - loadIPPluginJar : add gfxmmu
2023-07-24 09:33:25,846 [INFO] IPUIPlugin:80 - create IPUIPlugin
2023-07-24 09:33:25,846 [INFO] PluginManager:220 - loadIPPluginJar : add gic
2023-07-24 09:33:25,878 [INFO] IPUIPlugin:80 - create IPUIPlugin
2023-07-24 09:33:25,878 [INFO] PluginManager:220 - loadIPPluginJar : add gpio
2023-07-24 09:33:25,893 [INFO] IPUIPlugin:80 - create IPUIPlugin
2023-07-24 09:33:25,893 [INFO] PluginManager:220 - loadIPPluginJar : add gtzc
2023-07-24 09:33:25,900 [INFO] IPUIPlugin:80 - create IPUIPlugin
2023-07-24 09:33:25,900 [INFO] PluginManager:220 - loadIPPluginJar : add hash
2023-07-24 09:33:25,915 [INFO] IPUIPlugin:80 - create IPUIPlugin
2023-07-24 09:33:25,915 [INFO] PluginManager:220 - loadIPPluginJar : add i2c
2023-07-24 09:33:25,931 [INFO] IPUIPlugin:80 - create IPUIPlugin
2023-07-24 09:33:25,931 [INFO] PluginManager:220 - loadIPPluginJar : add i2s
2023-07-24 09:33:25,947 [INFO] IPUIPlugin:80 - create IPUIPlugin
2023-07-24 09:33:25,947 [INFO] PluginManager:220 - loadIPPluginJar : add i3c
2023-07-24 09:33:25,962 [INFO] IPUIPlugin:80 - create IPUIPlugin
2023-07-24 09:33:25,962 [INFO] PluginManager:220 - loadIPPluginJar : add ipddr
2023-07-24 09:33:25,979 [INFO] IPUIPlugin:80 - create IPUIPlugin
2023-07-24 09:33:25,994 [INFO] PluginManager:220 - loadIPPluginJar : add linkedlist
2023-07-24 09:33:26,000 [INFO] IPUIPlugin:80 - create IPUIPlugin
2023-07-24 09:33:26,000 [INFO] PluginManager:220 - loadIPPluginJar : add lorawan
2023-07-24 09:33:26,015 [INFO] IPUIPlugin:80 - create IPUIPlugin
2023-07-24 09:33:26,015 [INFO] PluginManager:220 - loadIPPluginJar : add ltdc
2023-07-24 09:33:26,031 [INFO] IPUIPlugin:80 - create IPUIPlugin
2023-07-24 09:33:26,031 [INFO] PluginManager:220 - loadIPPluginJar : add mdma
2023-07-24 09:33:26,052 [INFO] IPUIPlugin:80 - create IPUIPlugin
2023-07-24 09:33:26,052 [INFO] PluginManager:220 - loadIPPluginJar : add nvic
2023-07-24 09:33:26,067 [INFO] IPUIPlugin:80 - create IPUIPlugin
2023-07-24 09:33:26,067 [INFO] PluginManager:220 - loadIPPluginJar : add opamp
2023-07-24 09:33:26,083 [INFO] IPUIPlugin:80 - create IPUIPlugin
2023-07-24 09:33:26,083 [INFO] PluginManager:220 - loadIPPluginJar : add openamp
2023-07-24 09:33:26,100 [INFO] IPUIPlugin:80 - create IPUIPlugin
2023-07-24 09:33:26,100 [INFO] PluginManager:220 - loadIPPluginJar : add pdm2pcm
2023-07-24 09:33:26,116 [INFO] IPUIPlugin:80 - create IPUIPlugin
2023-07-24 09:33:26,116 [INFO] PluginManager:220 - loadIPPluginJar : add plateformsettings
2023-07-24 09:33:26,131 [INFO] IPUIPlugin:80 - create IPUIPlugin
2023-07-24 09:33:26,131 [INFO] PluginManager:220 - loadIPPluginJar : add quadspi
2023-07-24 09:33:26,147 [INFO] IPUIPlugin:80 - create IPUIPlugin
2023-07-24 09:33:26,147 [INFO] PluginManager:220 - loadIPPluginJar : add resmgrutility
2023-07-24 09:33:26,162 [INFO] IPUIPlugin:80 - create IPUIPlugin
2023-07-24 09:33:26,162 [INFO] PluginManager:220 - loadIPPluginJar : add sai
2023-07-24 09:33:26,178 [INFO] IPUIPlugin:80 - create IPUIPlugin
2023-07-24 09:33:26,178 [INFO] PluginManager:220 - loadIPPluginJar : add spi
2023-07-24 09:33:26,194 [INFO] IPUIPlugin:80 - create IPUIPlugin
2023-07-24 09:33:26,194 [INFO] PluginManager:220 - loadIPPluginJar : add stm32_wpan
2023-07-24 09:33:26,200 [INFO] IPUIPlugin:80 - create IPUIPlugin
2023-07-24 09:33:26,200 [INFO] PluginManager:220 - loadIPPluginJar : add tim
2023-07-24 09:33:26,216 [INFO] IPUIPlugin:80 - create IPUIPlugin
2023-07-24 09:33:26,216 [INFO] PluginManager:220 - loadIPPluginJar : add touchsensing
2023-07-24 09:33:26,232 [INFO] IPUIPlugin:80 - create IPUIPlugin
2023-07-24 09:33:26,232 [INFO] PluginManager:220 - loadIPPluginJar : add tracer_emb
2023-07-24 09:33:26,232 [INFO] IPUIPlugin:80 - create IPUIPlugin
2023-07-24 09:33:26,232 [INFO] PluginManager:220 - loadIPPluginJar : add ts
2023-07-24 09:33:26,247 [INFO] IPUIPlugin:80 - create IPUIPlugin
2023-07-24 09:33:26,247 [INFO] PluginManager:220 - loadIPPluginJar : add tsc
2023-07-24 09:33:26,247 [INFO] IPUIPlugin:80 - create IPUIPlugin
2023-07-24 09:33:26,247 [INFO] PluginManager:220 - loadIPPluginJar : add ucpd
2023-07-24 09:33:26,263 [INFO] IPUIPlugin:80 - create IPUIPlugin
2023-07-24 09:33:26,263 [INFO] PluginManager:220 - loadIPPluginJar : add usart
2023-07-24 09:33:26,278 [INFO] IPUIPlugin:80 - create IPUIPlugin
2023-07-24 09:33:26,278 [INFO] PluginManager:220 - loadIPPluginJar : add usbx
2023-07-24 09:33:26,446 [INFO] CADModel:165 - CPN selected for project level
2023-07-24 09:33:26,446 [INFO] CADModel:114 - Register for checkConnection events
2023-07-24 09:33:26,446 [FATAL] Updater:308 - Updater called before beeing initialized
2023-07-24 09:33:26,446 [ERROR] CADModel:125 - Updater not yet initialized, retry later 
2023-07-24 09:33:26,601 [INFO] CADModel:165 - CPN selected for project level
2023-07-24 09:33:26,601 [INFO] CADModel:114 - Register for checkConnection events
2023-07-24 09:33:26,601 [FATAL] Updater:308 - Updater called before beeing initialized
2023-07-24 09:33:26,601 [ERROR] CADModel:125 - Updater not yet initialized, retry later 
2023-07-24 09:33:26,601 [FATAL] Updater:308 - Updater called before beeing initialized
2023-07-24 09:33:26,764 [FATAL] Updater:308 - Updater called before beeing initialized
2023-07-24 09:33:26,764 [INFO] DbMcusAds:53 - JSON generation date=Tue Mar 07 09:50:54 CET 2023 (1678179054945)
2023-07-24 09:33:26,779 [FATAL] Updater:308 - Updater called before beeing initialized
2023-07-24 09:33:26,848 [WARN] DetailPanel:346 - Failed to get advertising image, set to default
2023-07-24 09:33:27,018 [FATAL] Updater:308 - Updater called before beeing initialized
2023-07-24 09:33:27,018 [FATAL] Updater:308 - Updater called before beeing initialized
2023-07-24 09:33:27,018 [FATAL] Updater:308 - Updater called before beeing initialized
2023-07-24 09:33:27,018 [WARN] DetailPanel:346 - Failed to get advertising image, set to default
2023-07-24 09:33:27,018 [FATAL] Updater:308 - Updater called before beeing initialized
2023-07-24 09:33:27,096 [ERROR] Updater:1120 - MainUpdater not yet initialized. External WinMGr cannot be set.
2023-07-24 09:33:27,096 [INFO] Updater:1056 - Updater Version found : 6.8.1
2023-07-24 09:33:27,118 [INFO] ApplicationProperties:184 - Using Application install path: C:\ST\STM32CubeIDE_1.12.0\STM32CubeIDE\plugins\com.st.stm32cube.common.mx_6.8.1.202304191431
2023-07-24 09:33:27,393 [INFO] MainUpdater:2854 - connection check result : 10
2023-07-24 09:33:27,393 [INFO] MainUpdater:283 - Updater Check For Update Now.
2023-07-24 09:33:27,393 [INFO] MicroXplorer:498 - Change Database Version : DB.6.0.81
2023-07-24 09:33:27,572 [INFO] CheckServerUpdateThread:120 - End of CheckServer Thread
2023-07-24 09:33:27,609 [INFO] MainUpdater:2854 - connection check result : 10
2023-07-24 09:33:27,609 [INFO] MainUpdater:2854 - connection check result : 10
2023-07-24 09:33:27,694 [INFO] MicroXplorer:468 - Change Database Path : 
2023-07-24 09:33:27,694 [INFO] MicroXplorer:498 - Change Database Version : DB.6.0.81
2023-07-24 09:33:27,694 [WARN] ThirdParty:871 - waiting for thirdparty lock release [close project]
2023-07-24 09:33:28,157 [WARN] PackLoader:240 - Cannot read IP mode file for STMicroelectronics.X-CUBE-SMBUS.2.1.0
2023-07-24 09:33:28,195 [WARN] PackLoader:240 - Cannot read IP mode file for STMicroelectronics.X-CUBE-AZRTOS-F7.1.1.0
2023-07-24 09:33:28,211 [ERROR] RealEvaluatedCondition:428 - Found unsupported composite condition: CLASS='Data Exchange' GROUP='STM32_MetaDataManager'
2023-07-24 09:33:28,211 [ERROR] RealEvaluatedCondition:428 - Found unsupported composite condition: GROUP='STM32_MetaDataManager' CLASS='Data Exchange'
2023-07-24 09:33:28,211 [WARN] PackLoader:240 - Cannot read IP mode file for STMicroelectronics.FP-SNS-MOTENV1.4.3.0
2023-07-24 09:33:28,226 [WARN] PackLoader:240 - Cannot read IP mode file for STMicroelectronics.FP-SNS-MOTENV1.4.3.2
2023-07-24 09:33:28,226 [WARN] PackLoader:240 - Cannot read IP mode file for STMicroelectronics.FP-SNS-FLIGHT1.5.0.0
2023-07-24 09:33:28,242 [ERROR] RealEvaluatedCondition:428 - Found unsupported composite condition: CLASS='Data Exchange' GROUP='STM32_MetaDataManager'
2023-07-24 09:33:28,242 [ERROR] RealEvaluatedCondition:428 - Found unsupported composite condition: GROUP='STM32_MetaDataManager' CLASS='Data Exchange'
2023-07-24 09:33:28,242 [WARN] PackLoader:240 - Cannot read IP mode file for STMicroelectronics.FP-SNS-MOTENV1.4.3.1
2023-07-24 09:33:28,257 [WARN] PackLoader:240 - Cannot read IP mode file for STMicroelectronics.FP-SNS-FLIGHT1.5.0.1
2023-07-24 09:33:28,257 [WARN] PackLoader:240 - Cannot read IP mode file for STMicroelectronics.X-CUBE-BLE1.6.2.4
2023-07-24 09:33:28,273 [WARN] PackLoader:240 - Cannot read IP mode file for STMicroelectronics.X-CUBE-DISPLAY.3.0.0
2023-07-24 09:33:28,295 [WARN] PackLoader:240 - Cannot read IP mode file for STMicroelectronics.X-CUBE-TOUCHGFX.4.22.0
