2023-11-03 17:16:23,439 [INFO] ApplicationProperties:184 - Using Application install path: C:\ST\STM32CubeIDE_1.12.0\STM32CubeIDE\plugins\com.st.stm32cube.common.mx_6.8.1.202304191431
2023-11-03 17:16:23,480 [INFO] DbMcusXml:78 - Set database path to: C:\ST\STM32CubeIDE_1.12.0\STM32CubeIDE\plugins\com.st.stm32cube.common.mx_6.8.1.202304191431\\db\/mcu/
2023-11-03 17:16:23,480 [INFO] ApiDb:274 - Set plugin database path to: C:\ST\STM32CubeIDE_1.12.0\STM32CubeIDE\plugins\com.st.stm32cube.common.mx_6.8.1.202304191431\\db\/plugins/boardmanager/
2023-11-03 17:16:23,480 [WARN] ApiDb:259 - Overriding images path with different value:  => C:\ST\STM32CubeIDE_1.12.0\STM32CubeIDE\plugins\com.st.stm32cube.common.mx_6.8.1.202304191431\\db\/plugins/mcufinder/images/
2023-11-03 17:16:23,500 [INFO] ApiDb:250 - Set database path to: C:\Users\m-ali.khlifi-ext\.stmcufinder\plugins\mcufinder//mcu/
2023-11-03 17:16:23,500 [INFO] DbMcusAds:125 - Set database path to: C:\Users\m-ali.khlifi-ext\.stmcufinder\plugins\mcufinder//mcu/
2023-11-03 17:16:23,610 [INFO] CrossReferenceDbSqlite:203 - Set database path to: C:\Users\m-ali.khlifi-ext\.stmcufinder\plugins\mcufinder//mcu/cs/
2023-11-03 17:16:23,764 [INFO] RulesReader:64 - Compatibility file has been processed (293 Rules)
2023-11-03 17:16:23,911 [INFO] DbMcusXml:78 - Set database path to: C:\ST\STM32CubeIDE_1.12.0\STM32CubeIDE\plugins\com.st.stm32cube.common.mx_6.8.1.202304191431\\db\/mcu/
2023-11-03 17:16:23,911 [INFO] ApiDb:274 - Set plugin database path to: C:\ST\STM32CubeIDE_1.12.0\STM32CubeIDE\plugins\com.st.stm32cube.common.mx_6.8.1.202304191431\\db\/plugins/boardmanager/
2023-11-03 17:16:23,911 [INFO] ApiDb:261 - Set plugin images path to: C:\ST\STM32CubeIDE_1.12.0\STM32CubeIDE\plugins\com.st.stm32cube.common.mx_6.8.1.202304191431\\db\/plugins/mcufinder/images/
2023-11-03 17:16:23,911 [WARN] DbFile:41 - Overriding database path with different value: C:\Users\m-ali.khlifi-ext\.stmcufinder\plugins\mcufinder/ => C:\Users\m-ali.khlifi-ext\.stmcufinder\plugins\mcufinder
2023-11-03 17:16:23,911 [INFO] ApiDb:250 - Set database path to: C:\Users\m-ali.khlifi-ext\.stmcufinder\plugins\mcufinder//mcu/
2023-11-03 17:16:23,911 [WARN] DbFile:41 - Overriding database path with different value: C:\Users\m-ali.khlifi-ext\.stmcufinder\plugins\mcufinder/ => C:\Users\m-ali.khlifi-ext\.stmcufinder\plugins\mcufinder
2023-11-03 17:16:23,911 [INFO] DbMcusAds:125 - Set database path to: C:\Users\m-ali.khlifi-ext\.stmcufinder\plugins\mcufinder//mcu/
2023-11-03 17:16:23,911 [WARN] DbFile:41 - Overriding database path with different value: C:\Users\m-ali.khlifi-ext\.stmcufinder\plugins\mcufinder/ => C:\Users\m-ali.khlifi-ext\.stmcufinder\plugins\mcufinder
2023-11-03 17:16:23,911 [WARN] DbFile:41 - Overriding database path with different value: C:\Users\m-ali.khlifi-ext\.stmcufinder\plugins\mcufinder/ => C:\Users\m-ali.khlifi-ext\.stmcufinder\plugins\mcufinder
2023-11-03 17:16:23,911 [INFO] CrossReferenceDbSqlite:203 - Set database path to: C:\Users\m-ali.khlifi-ext\.stmcufinder\plugins\mcufinder//mcu/cs/
2023-11-03 17:16:24,027 [INFO] MainPanel:253 - HeapMemory: 1073741824
2023-11-03 17:16:24,165 [INFO] DbMcusXml:78 - Set database path to: C:\ST\STM32CubeIDE_1.12.0\STM32CubeIDE\plugins\com.st.stm32cube.common.mx_6.8.1.202304191431\\db\/mcu/
2023-11-03 17:16:24,165 [INFO] ApiDb:274 - Set plugin database path to: C:\ST\STM32CubeIDE_1.12.0\STM32CubeIDE\plugins\com.st.stm32cube.common.mx_6.8.1.202304191431\\db\/plugins/boardmanager/
2023-11-03 17:16:24,165 [INFO] ApiDb:261 - Set plugin images path to: C:\ST\STM32CubeIDE_1.12.0\STM32CubeIDE\plugins\com.st.stm32cube.common.mx_6.8.1.202304191431\\db\/plugins/mcufinder/images/
2023-11-03 17:16:24,165 [WARN] DbFile:41 - Overriding database path with different value: C:\Users\m-ali.khlifi-ext\.stmcufinder\plugins\mcufinder/ => C:\Users\m-ali.khlifi-ext\.stmcufinder\plugins\mcufinder
2023-11-03 17:16:24,165 [INFO] ApiDb:250 - Set database path to: C:\Users\m-ali.khlifi-ext\.stmcufinder\plugins\mcufinder//mcu/
2023-11-03 17:16:24,165 [WARN] DbFile:41 - Overriding database path with different value: C:\Users\m-ali.khlifi-ext\.stmcufinder\plugins\mcufinder/ => C:\Users\m-ali.khlifi-ext\.stmcufinder\plugins\mcufinder
2023-11-03 17:16:24,165 [INFO] DbMcusAds:125 - Set database path to: C:\Users\m-ali.khlifi-ext\.stmcufinder\plugins\mcufinder//mcu/
2023-11-03 17:16:24,165 [WARN] DbFile:41 - Overriding database path with different value: C:\Users\m-ali.khlifi-ext\.stmcufinder\plugins\mcufinder/ => C:\Users\m-ali.khlifi-ext\.stmcufinder\plugins\mcufinder
2023-11-03 17:16:24,165 [WARN] DbFile:41 - Overriding database path with different value: C:\Users\m-ali.khlifi-ext\.stmcufinder\plugins\mcufinder/ => C:\Users\m-ali.khlifi-ext\.stmcufinder\plugins\mcufinder
2023-11-03 17:16:24,165 [INFO] CrossReferenceDbSqlite:203 - Set database path to: C:\Users\m-ali.khlifi-ext\.stmcufinder\plugins\mcufinder//mcu/cs/
2023-11-03 17:16:24,196 [INFO] ApplicationProperties:184 - Using Application install path: C:\ST\STM32CubeIDE_1.12.0\STM32CubeIDE\plugins\com.st.stm32cube.common.mx_6.8.1.202304191431
2023-11-03 17:16:24,196 [INFO] PluginManage:196 - Search for loadable plugins [exclusion list=, ]
2023-11-03 17:16:24,196 [INFO] PluginManage:310 - Check plugin analytics
2023-11-03 17:16:24,381 [INFO] AnalyticsPlugin:253 - Accepted Software Licenses: 
2023-11-03 17:16:24,381 [INFO] AnalyticsPlugin:255 - Accepted CMSIS Pack Licenses: 
2023-11-03 17:16:24,381 [INFO] AnalyticsPlugin:257 - Accepted Firmware Licenses: FW.F4.1.27.0
2023-11-03 17:16:24,397 [INFO] PluginManage:359 - Loaded plugin analytics (category:tool,tabindex:-1)
2023-11-03 17:16:24,397 [INFO] PluginManage:310 - Check plugin cadmodel
2023-11-03 17:16:24,412 [INFO] CADModel:105 - Init CAD model plugin
2023-11-03 17:16:24,412 [INFO] PluginManage:359 - Loaded plugin cadmodel (category:power,tabindex:5)
2023-11-03 17:16:24,412 [INFO] PluginManage:310 - Check plugin clock
2023-11-03 17:16:24,428 [INFO] PluginManage:359 - Loaded plugin clock (category:base,tabindex:2)
2023-11-03 17:16:24,428 [INFO] PluginManage:310 - Check plugin ddr
2023-11-03 17:16:24,443 [INFO] PluginManage:359 - Loaded plugin ddr (category:tool,tabindex:6)
2023-11-03 17:16:24,443 [INFO] PluginManage:310 - Check plugin filemanager
2023-11-03 17:16:24,581 [INFO] PluginManage:359 - Loaded plugin filemanager (category:base,tabindex:10)
2023-11-03 17:16:24,581 [INFO] PluginManage:310 - Check plugin ipmanager
2023-11-03 17:16:24,597 [INFO] PluginManage:359 - Loaded plugin ipmanager (category:base,tabindex:5)
2023-11-03 17:16:24,597 [INFO] PluginManage:310 - Check plugin lpbam
2023-11-03 17:16:24,613 [INFO] PluginManage:359 - Loaded plugin lpbam (category:base,tabindex:0)
2023-11-03 17:16:24,613 [INFO] PluginManage:310 - Check plugin pinoutandconfiguration
2023-11-03 17:16:24,644 [INFO] PluginManage:359 - Loaded plugin pinoutandconfiguration (category:base,tabindex:1)
2023-11-03 17:16:24,644 [INFO] PluginManage:310 - Check plugin pinoutconfig
2023-11-03 17:16:24,751 [WARN] SupportedApi:132 - Cannot load RTOS API schema: s4s-elt-must-match.1: The content of 'definitions' must match (annotation?, (simpleType | complexType)?, (unique | key | keyref)*)). A problem was found starting at: attribute.
2023-11-03 17:16:24,898 [INFO] PluginManage:359 - Loaded plugin pinoutconfig (category:base,tabindex:0)
2023-11-03 17:16:24,898 [INFO] PluginManage:310 - Check plugin power
2023-11-03 17:16:24,929 [INFO] PluginManage:359 - Loaded plugin power (category:power,tabindex:4)
2023-11-03 17:16:24,929 [INFO] PluginManage:310 - Check plugin projectmanager
2023-11-03 17:16:24,951 [INFO] PluginManage:359 - Loaded plugin projectmanager (category:projectmanager,tabindex:3)
2023-11-03 17:16:24,951 [INFO] PluginManage:310 - Check plugin thirdparty
2023-11-03 17:16:25,145 [INFO] PluginManage:359 - Loaded plugin thirdparty (category:base,tabindex:-1)
2023-11-03 17:16:25,145 [WARN] IntegrityCheckThread:84 - waiting for thirdparty lock release [integrity check]
2023-11-03 17:16:25,145 [INFO] PluginManage:310 - Check plugin tools
2023-11-03 17:16:25,145 [INFO] IntegrityCheckThread:86 - entering critical section [integrity check]
2023-11-03 17:16:25,145 [INFO] ThirdPartyUpdaterWithRetryManager:70 - Updater plugin not ready yet. [1/15]
2023-11-03 17:16:25,152 [INFO] PluginManage:359 - Loaded plugin tools (category:base,tabindex:7)
2023-11-03 17:16:25,152 [INFO] PluginManage:310 - Check plugin tutovideos
2023-11-03 17:16:25,446 [INFO] PluginManage:359 - Loaded plugin tutovideos (category:base,tabindex:-1)
2023-11-03 17:16:25,446 [INFO] PluginManage:310 - Check plugin updater
2023-11-03 17:16:25,453 [INFO] PluginManage:359 - Loaded plugin updater (category:base,tabindex:12)
2023-11-03 17:16:25,453 [INFO] PluginManage:283 - PluginManage : Loaded plugins [15]
2023-11-03 17:16:25,800 [INFO] PinOutPanel:1499 - setPackage(No Configuration,No Configuration)
2023-11-03 17:16:25,932 [INFO] CADModel:165 - CPN selected for project level
2023-11-03 17:16:25,932 [INFO] CADModel:114 - Register for checkConnection events
2023-11-03 17:16:25,954 [INFO] IPUIPlugin:80 - create IPUIPlugin
2023-11-03 17:16:25,954 [INFO] PluginManager:220 - loadIPPluginJar : add adc
2023-11-03 17:16:25,969 [INFO] IPUIPlugin:80 - create IPUIPlugin
2023-11-03 17:16:25,969 [INFO] PluginManager:220 - loadIPPluginJar : add aes
2023-11-03 17:16:25,985 [INFO] IPUIPlugin:80 - create IPUIPlugin
2023-11-03 17:16:25,985 [INFO] PluginManager:220 - loadIPPluginJar : add can
2023-11-03 17:16:26,001 [INFO] IPUIPlugin:80 - create IPUIPlugin
2023-11-03 17:16:26,001 [INFO] PluginManager:220 - loadIPPluginJar : add comp
2023-11-03 17:16:26,016 [INFO] IPUIPlugin:80 - create IPUIPlugin
2023-11-03 17:16:26,016 [INFO] PluginManager:220 - loadIPPluginJar : add cryp
2023-11-03 17:16:26,016 [INFO] IPUIPlugin:80 - create IPUIPlugin
2023-11-03 17:16:26,016 [INFO] PluginManager:220 - loadIPPluginJar : add dfsdm
2023-11-03 17:16:26,048 [INFO] IPUIPlugin:80 - create IPUIPlugin
2023-11-03 17:16:26,048 [INFO] PluginManager:220 - loadIPPluginJar : add dma
2023-11-03 17:16:26,054 [INFO] IPUIPlugin:80 - create IPUIPlugin
2023-11-03 17:16:26,054 [INFO] PluginManager:220 - loadIPPluginJar : add dma3
2023-11-03 17:16:26,075 [INFO] IPUIPlugin:80 - create IPUIPlugin
2023-11-03 17:16:26,075 [INFO] PluginManager:220 - loadIPPluginJar : add fatfs
2023-11-03 17:16:26,091 [INFO] IPUIPlugin:80 - create IPUIPlugin
2023-11-03 17:16:26,091 [INFO] PluginManager:220 - loadIPPluginJar : add fmc
2023-11-03 17:16:26,106 [INFO] IPUIPlugin:80 - create IPUIPlugin
2023-11-03 17:16:26,106 [INFO] PluginManager:220 - loadIPPluginJar : add freertos
2023-11-03 17:16:26,122 [INFO] IPUIPlugin:80 - create IPUIPlugin
2023-11-03 17:16:26,122 [INFO] PluginManager:220 - loadIPPluginJar : add genericplugin
2023-11-03 17:16:26,137 [INFO] IPUIPlugin:80 - create IPUIPlugin
2023-11-03 17:16:26,137 [INFO] PluginManager:220 - loadIPPluginJar : add gfxmmu
2023-11-03 17:16:26,156 [INFO] IPUIPlugin:80 - create IPUIPlugin
2023-11-03 17:16:26,156 [INFO] PluginManager:220 - loadIPPluginJar : add gic
2023-11-03 17:16:26,176 [INFO] IPUIPlugin:80 - create IPUIPlugin
2023-11-03 17:16:26,176 [INFO] PluginManager:220 - loadIPPluginJar : add gpio
2023-11-03 17:16:26,197 [INFO] IPUIPlugin:80 - create IPUIPlugin
2023-11-03 17:16:26,197 [INFO] PluginManager:220 - loadIPPluginJar : add gtzc
2023-11-03 17:16:26,207 [INFO] IPUIPlugin:80 - create IPUIPlugin
2023-11-03 17:16:26,207 [INFO] PluginManager:220 - loadIPPluginJar : add hash
2023-11-03 17:16:26,227 [INFO] IPUIPlugin:80 - create IPUIPlugin
2023-11-03 17:16:26,227 [INFO] PluginManager:220 - loadIPPluginJar : add i2c
2023-11-03 17:16:26,237 [INFO] IPUIPlugin:80 - create IPUIPlugin
2023-11-03 17:16:26,237 [INFO] PluginManager:220 - loadIPPluginJar : add i2s
2023-11-03 17:16:26,255 [INFO] IPUIPlugin:80 - create IPUIPlugin
2023-11-03 17:16:26,255 [INFO] PluginManager:220 - loadIPPluginJar : add i3c
2023-11-03 17:16:26,278 [INFO] IPUIPlugin:80 - create IPUIPlugin
2023-11-03 17:16:26,278 [INFO] PluginManager:220 - loadIPPluginJar : add ipddr
2023-11-03 17:16:26,298 [INFO] IPUIPlugin:80 - create IPUIPlugin
2023-11-03 17:16:26,298 [INFO] PluginManager:220 - loadIPPluginJar : add linkedlist
2023-11-03 17:16:26,318 [INFO] IPUIPlugin:80 - create IPUIPlugin
2023-11-03 17:16:26,318 [INFO] PluginManager:220 - loadIPPluginJar : add lorawan
2023-11-03 17:16:26,328 [INFO] IPUIPlugin:80 - create IPUIPlugin
2023-11-03 17:16:26,328 [INFO] PluginManager:220 - loadIPPluginJar : add ltdc
2023-11-03 17:16:26,348 [INFO] IPUIPlugin:80 - create IPUIPlugin
2023-11-03 17:16:26,348 [INFO] PluginManager:220 - loadIPPluginJar : add mdma
2023-11-03 17:16:26,366 [INFO] IPUIPlugin:80 - create IPUIPlugin
2023-11-03 17:16:26,366 [INFO] PluginManager:220 - loadIPPluginJar : add nvic
2023-11-03 17:16:26,379 [INFO] IPUIPlugin:80 - create IPUIPlugin
2023-11-03 17:16:26,379 [INFO] PluginManager:220 - loadIPPluginJar : add opamp
2023-11-03 17:16:26,397 [INFO] IPUIPlugin:80 - create IPUIPlugin
2023-11-03 17:16:26,397 [INFO] PluginManager:220 - loadIPPluginJar : add openamp
2023-11-03 17:16:26,407 [INFO] IPUIPlugin:80 - create IPUIPlugin
2023-11-03 17:16:26,407 [INFO] PluginManager:220 - loadIPPluginJar : add pdm2pcm
2023-11-03 17:16:26,422 [INFO] IPUIPlugin:80 - create IPUIPlugin
2023-11-03 17:16:26,422 [INFO] PluginManager:220 - loadIPPluginJar : add plateformsettings
2023-11-03 17:16:26,438 [INFO] IPUIPlugin:80 - create IPUIPlugin
2023-11-03 17:16:26,438 [INFO] PluginManager:220 - loadIPPluginJar : add quadspi
2023-11-03 17:16:26,454 [INFO] IPUIPlugin:80 - create IPUIPlugin
2023-11-03 17:16:26,454 [INFO] PluginManager:220 - loadIPPluginJar : add resmgrutility
2023-11-03 17:16:26,469 [INFO] IPUIPlugin:80 - create IPUIPlugin
2023-11-03 17:16:26,469 [INFO] PluginManager:220 - loadIPPluginJar : add sai
2023-11-03 17:16:26,485 [INFO] IPUIPlugin:80 - create IPUIPlugin
2023-11-03 17:16:26,485 [INFO] PluginManager:220 - loadIPPluginJar : add spi
2023-11-03 17:16:26,507 [INFO] IPUIPlugin:80 - create IPUIPlugin
2023-11-03 17:16:26,507 [INFO] PluginManager:220 - loadIPPluginJar : add stm32_wpan
2023-11-03 17:16:26,507 [INFO] IPUIPlugin:80 - create IPUIPlugin
2023-11-03 17:16:26,507 [INFO] PluginManager:220 - loadIPPluginJar : add tim
2023-11-03 17:16:26,523 [INFO] IPUIPlugin:80 - create IPUIPlugin
2023-11-03 17:16:26,523 [INFO] PluginManager:220 - loadIPPluginJar : add touchsensing
2023-11-03 17:16:26,538 [INFO] IPUIPlugin:80 - create IPUIPlugin
2023-11-03 17:16:26,538 [INFO] PluginManager:220 - loadIPPluginJar : add tracer_emb
2023-11-03 17:16:26,554 [INFO] IPUIPlugin:80 - create IPUIPlugin
2023-11-03 17:16:26,554 [INFO] PluginManager:220 - loadIPPluginJar : add ts
2023-11-03 17:16:26,554 [INFO] IPUIPlugin:80 - create IPUIPlugin
2023-11-03 17:16:26,554 [INFO] PluginManager:220 - loadIPPluginJar : add tsc
2023-11-03 17:16:26,570 [INFO] IPUIPlugin:80 - create IPUIPlugin
2023-11-03 17:16:26,570 [INFO] PluginManager:220 - loadIPPluginJar : add ucpd
2023-11-03 17:16:26,585 [INFO] IPUIPlugin:80 - create IPUIPlugin
2023-11-03 17:16:26,585 [INFO] PluginManager:220 - loadIPPluginJar : add usart
2023-11-03 17:16:26,585 [INFO] IPUIPlugin:80 - create IPUIPlugin
2023-11-03 17:16:26,585 [INFO] PluginManager:220 - loadIPPluginJar : add usbx
2023-11-03 17:16:26,766 [INFO] CADModel:165 - CPN selected for project level
2023-11-03 17:16:26,766 [INFO] CADModel:114 - Register for checkConnection events
2023-11-03 17:16:26,766 [FATAL] Updater:308 - Updater called before beeing initialized
2023-11-03 17:16:26,766 [ERROR] CADModel:125 - Updater not yet initialized, retry later 
2023-11-03 17:16:26,923 [INFO] CADModel:165 - CPN selected for project level
2023-11-03 17:16:26,923 [INFO] CADModel:114 - Register for checkConnection events
2023-11-03 17:16:26,923 [FATAL] Updater:308 - Updater called before beeing initialized
2023-11-03 17:16:26,923 [ERROR] CADModel:125 - Updater not yet initialized, retry later 
2023-11-03 17:16:26,939 [FATAL] Updater:308 - Updater called before beeing initialized
2023-11-03 17:16:27,124 [FATAL] Updater:308 - Updater called before beeing initialized
2023-11-03 17:16:27,124 [INFO] DbMcusAds:53 - JSON generation date=Tue Mar 07 09:50:54 CET 2023 (1678179054945)
2023-11-03 17:16:27,124 [FATAL] Updater:308 - Updater called before beeing initialized
2023-11-03 17:16:27,224 [WARN] DetailPanel:346 - Failed to get advertising image, set to default
2023-11-03 17:16:27,425 [FATAL] Updater:308 - Updater called before beeing initialized
2023-11-03 17:16:27,425 [FATAL] Updater:308 - Updater called before beeing initialized
2023-11-03 17:16:27,425 [FATAL] Updater:308 - Updater called before beeing initialized
2023-11-03 17:16:27,425 [WARN] DetailPanel:346 - Failed to get advertising image, set to default
2023-11-03 17:16:27,425 [FATAL] Updater:308 - Updater called before beeing initialized
2023-11-03 17:16:27,487 [ERROR] Updater:1120 - MainUpdater not yet initialized. External WinMGr cannot be set.
2023-11-03 17:16:27,503 [INFO] Updater:1056 - Updater Version found : 6.8.1
2023-11-03 17:16:27,510 [INFO] ApplicationProperties:184 - Using Application install path: C:\ST\STM32CubeIDE_1.12.0\STM32CubeIDE\plugins\com.st.stm32cube.common.mx_6.8.1.202304191431
2023-11-03 17:16:27,726 [INFO] MainUpdater:2854 - connection check result : 10
2023-11-03 17:16:27,726 [INFO] MainUpdater:283 - Updater Check For Update Now.
2023-11-03 17:16:27,726 [INFO] MicroXplorer:498 - Change Database Version : DB.6.0.81
2023-11-03 17:16:27,889 [INFO] CheckServerUpdateThread:120 - End of CheckServer Thread
2023-11-03 17:16:27,927 [INFO] MainUpdater:2854 - connection check result : 10
2023-11-03 17:16:27,927 [INFO] MainUpdater:2854 - connection check result : 10
2023-11-03 17:16:28,011 [INFO] MicroXplorer:468 - Change Database Path : 
2023-11-03 17:16:28,011 [INFO] MicroXplorer:498 - Change Database Version : DB.6.0.81
2023-11-03 17:16:28,011 [WARN] ThirdParty:871 - waiting for thirdparty lock release [close project]
2023-11-03 17:16:28,498 [WARN] PackLoader:240 - Cannot read IP mode file for STMicroelectronics.X-CUBE-SMBUS.2.1.0
2023-11-03 17:16:28,543 [WARN] PackLoader:240 - Cannot read IP mode file for STMicroelectronics.X-CUBE-AZRTOS-F7.1.1.0
2023-11-03 17:16:28,559 [ERROR] RealEvaluatedCondition:428 - Found unsupported composite condition: CLASS='Data Exchange' GROUP='STM32_MetaDataManager'
2023-11-03 17:16:28,559 [ERROR] RealEvaluatedCondition:428 - Found unsupported composite condition: GROUP='STM32_MetaDataManager' CLASS='Data Exchange'
2023-11-03 17:16:28,559 [WARN] PackLoader:240 - Cannot read IP mode file for STMicroelectronics.FP-SNS-MOTENV1.4.3.0
2023-11-03 17:16:28,574 [WARN] PackLoader:240 - Cannot read IP mode file for STMicroelectronics.FP-SNS-MOTENV1.4.3.2
2023-11-03 17:16:28,590 [WARN] PackLoader:240 - Cannot read IP mode file for STMicroelectronics.FP-SNS-FLIGHT1.5.0.0
2023-11-03 17:16:28,590 [ERROR] RealEvaluatedCondition:428 - Found unsupported composite condition: GROUP='STM32_MetaDataManager' CLASS='Data Exchange'
2023-11-03 17:16:28,590 [ERROR] RealEvaluatedCondition:428 - Found unsupported composite condition: CLASS='Data Exchange' GROUP='STM32_MetaDataManager'
2023-11-03 17:16:28,590 [WARN] PackLoader:240 - Cannot read IP mode file for STMicroelectronics.FP-SNS-MOTENV1.4.3.1
2023-11-03 17:16:28,612 [WARN] PackLoader:240 - Cannot read IP mode file for STMicroelectronics.FP-SNS-FLIGHT1.5.0.1
2023-11-03 17:16:28,612 [WARN] PackLoader:240 - Cannot read IP mode file for STMicroelectronics.X-CUBE-BLE1.6.2.4
2023-11-03 17:16:28,628 [WARN] PackLoader:240 - Cannot read IP mode file for STMicroelectronics.FP-SNS-FLIGHT1.5.0.2
2023-11-03 17:16:28,643 [WARN] PackLoader:240 - Cannot read IP mode file for STMicroelectronics.X-CUBE-DISPLAY.3.0.0
2023-11-03 17:16:28,659 [WARN] PackLoader:240 - Cannot read IP mode file for STMicroelectronics.X-CUBE-BLE1.7.0.0
2023-11-03 17:16:28,659 [WARN] PackLoader:240 - Cannot read IP mode file for STMicroelectronics.X-CUBE-TOUCHGFX.4.22.0
2023-11-03 17:16:28,674 [WARN] PackLoader:240 - Cannot read IP mode file for STMicroelectronics.X-CUBE-TOUCHGFX.4.22.1
2023-11-03 17:16:28,674 [WARN] PackLoader:240 - Cannot read IP mode file for STMicroelectronics.FP-SNS-SMARTAG2.1.2.0
