2024-03-18 22:02:16,811 [INFO] ApplicationProperties:184 - Using Application install path: C:\ST\STM32CubeIDE_1.12.0\STM32CubeIDE\plugins\com.st.stm32cube.common.mx_6.8.1.202304191431
2024-03-18 22:02:16,849 [INFO] DbMcusXml:78 - Set database path to: C:\ST\STM32CubeIDE_1.12.0\STM32CubeIDE\plugins\com.st.stm32cube.common.mx_6.8.1.202304191431\\db\/mcu/
2024-03-18 22:02:16,849 [INFO] ApiDb:274 - Set plugin database path to: C:\ST\STM32CubeIDE_1.12.0\STM32CubeIDE\plugins\com.st.stm32cube.common.mx_6.8.1.202304191431\\db\/plugins/boardmanager/
2024-03-18 22:02:16,849 [WARN] ApiDb:259 - Overriding images path with different value:  => C:\ST\STM32CubeIDE_1.12.0\STM32CubeIDE\plugins\com.st.stm32cube.common.mx_6.8.1.202304191431\\db\/plugins/mcufinder/images/
2024-03-18 22:02:16,865 [INFO] ApiDb:250 - Set database path to: C:\Users\m-ali.khlifi-ext\.stmcufinder\plugins\mcufinder//mcu/
2024-03-18 22:02:16,865 [INFO] DbMcusAds:125 - Set database path to: C:\Users\m-ali.khlifi-ext\.stmcufinder\plugins\mcufinder//mcu/
2024-03-18 22:02:17,049 [INFO] CrossReferenceDbSqlite:203 - Set database path to: C:\Users\m-ali.khlifi-ext\.stmcufinder\plugins\mcufinder//mcu/cs/
2024-03-18 22:02:17,165 [INFO] RulesReader:64 - Compatibility file has been processed (293 Rules)
2024-03-18 22:02:17,350 [INFO] DbMcusXml:78 - Set database path to: C:\ST\STM32CubeIDE_1.12.0\STM32CubeIDE\plugins\com.st.stm32cube.common.mx_6.8.1.202304191431\\db\/mcu/
2024-03-18 22:02:17,350 [INFO] ApiDb:274 - Set plugin database path to: C:\ST\STM32CubeIDE_1.12.0\STM32CubeIDE\plugins\com.st.stm32cube.common.mx_6.8.1.202304191431\\db\/plugins/boardmanager/
2024-03-18 22:02:17,350 [INFO] ApiDb:261 - Set plugin images path to: C:\ST\STM32CubeIDE_1.12.0\STM32CubeIDE\plugins\com.st.stm32cube.common.mx_6.8.1.202304191431\\db\/plugins/mcufinder/images/
2024-03-18 22:02:17,350 [WARN] DbFile:41 - Overriding database path with different value: C:\Users\m-ali.khlifi-ext\.stmcufinder\plugins\mcufinder/ => C:\Users\m-ali.khlifi-ext\.stmcufinder\plugins\mcufinder
2024-03-18 22:02:17,350 [INFO] ApiDb:250 - Set database path to: C:\Users\m-ali.khlifi-ext\.stmcufinder\plugins\mcufinder//mcu/
2024-03-18 22:02:17,350 [WARN] DbFile:41 - Overriding database path with different value: C:\Users\m-ali.khlifi-ext\.stmcufinder\plugins\mcufinder/ => C:\Users\m-ali.khlifi-ext\.stmcufinder\plugins\mcufinder
2024-03-18 22:02:17,350 [INFO] DbMcusAds:125 - Set database path to: C:\Users\m-ali.khlifi-ext\.stmcufinder\plugins\mcufinder//mcu/
2024-03-18 22:02:17,350 [WARN] DbFile:41 - Overriding database path with different value: C:\Users\m-ali.khlifi-ext\.stmcufinder\plugins\mcufinder/ => C:\Users\m-ali.khlifi-ext\.stmcufinder\plugins\mcufinder
2024-03-18 22:02:17,350 [WARN] DbFile:41 - Overriding database path with different value: C:\Users\m-ali.khlifi-ext\.stmcufinder\plugins\mcufinder/ => C:\Users\m-ali.khlifi-ext\.stmcufinder\plugins\mcufinder
2024-03-18 22:02:17,350 [INFO] CrossReferenceDbSqlite:203 - Set database path to: C:\Users\m-ali.khlifi-ext\.stmcufinder\plugins\mcufinder//mcu/cs/
2024-03-18 22:02:17,482 [INFO] MainPanel:253 - HeapMemory: 751828992
2024-03-18 22:02:17,598 [INFO] DbMcusXml:78 - Set database path to: C:\ST\STM32CubeIDE_1.12.0\STM32CubeIDE\plugins\com.st.stm32cube.common.mx_6.8.1.202304191431\\db\/mcu/
2024-03-18 22:02:17,598 [INFO] ApiDb:274 - Set plugin database path to: C:\ST\STM32CubeIDE_1.12.0\STM32CubeIDE\plugins\com.st.stm32cube.common.mx_6.8.1.202304191431\\db\/plugins/boardmanager/
2024-03-18 22:02:17,598 [INFO] ApiDb:261 - Set plugin images path to: C:\ST\STM32CubeIDE_1.12.0\STM32CubeIDE\plugins\com.st.stm32cube.common.mx_6.8.1.202304191431\\db\/plugins/mcufinder/images/
2024-03-18 22:02:17,598 [WARN] DbFile:41 - Overriding database path with different value: C:\Users\m-ali.khlifi-ext\.stmcufinder\plugins\mcufinder/ => C:\Users\m-ali.khlifi-ext\.stmcufinder\plugins\mcufinder
2024-03-18 22:02:17,598 [INFO] ApiDb:250 - Set database path to: C:\Users\m-ali.khlifi-ext\.stmcufinder\plugins\mcufinder//mcu/
2024-03-18 22:02:17,598 [WARN] DbFile:41 - Overriding database path with different value: C:\Users\m-ali.khlifi-ext\.stmcufinder\plugins\mcufinder/ => C:\Users\m-ali.khlifi-ext\.stmcufinder\plugins\mcufinder
2024-03-18 22:02:17,598 [INFO] DbMcusAds:125 - Set database path to: C:\Users\m-ali.khlifi-ext\.stmcufinder\plugins\mcufinder//mcu/
2024-03-18 22:02:17,598 [WARN] DbFile:41 - Overriding database path with different value: C:\Users\m-ali.khlifi-ext\.stmcufinder\plugins\mcufinder/ => C:\Users\m-ali.khlifi-ext\.stmcufinder\plugins\mcufinder
2024-03-18 22:02:17,598 [WARN] DbFile:41 - Overriding database path with different value: C:\Users\m-ali.khlifi-ext\.stmcufinder\plugins\mcufinder/ => C:\Users\m-ali.khlifi-ext\.stmcufinder\plugins\mcufinder
2024-03-18 22:02:17,598 [INFO] CrossReferenceDbSqlite:203 - Set database path to: C:\Users\m-ali.khlifi-ext\.stmcufinder\plugins\mcufinder//mcu/cs/
2024-03-18 22:02:17,644 [INFO] ApplicationProperties:184 - Using Application install path: C:\ST\STM32CubeIDE_1.12.0\STM32CubeIDE\plugins\com.st.stm32cube.common.mx_6.8.1.202304191431
2024-03-18 22:02:17,644 [INFO] PluginManage:196 - Search for loadable plugins [exclusion list=, ]
2024-03-18 22:02:17,644 [INFO] PluginManage:310 - Check plugin analytics
2024-03-18 22:02:17,845 [INFO] AnalyticsPlugin:253 - Accepted Software Licenses: 
2024-03-18 22:02:17,845 [INFO] AnalyticsPlugin:255 - Accepted CMSIS Pack Licenses: 
2024-03-18 22:02:17,845 [INFO] AnalyticsPlugin:257 - Accepted Firmware Licenses: FW.F4.1.27.0
2024-03-18 22:02:17,851 [INFO] PluginManage:359 - Loaded plugin analytics (category:tool,tabindex:-1)
2024-03-18 22:02:17,851 [INFO] PluginManage:310 - Check plugin cadmodel
2024-03-18 22:02:17,867 [INFO] CADModel:105 - Init CAD model plugin
2024-03-18 22:02:17,867 [INFO] PluginManage:359 - Loaded plugin cadmodel (category:power,tabindex:5)
2024-03-18 22:02:17,867 [INFO] PluginManage:310 - Check plugin clock
2024-03-18 22:02:17,898 [INFO] PluginManage:359 - Loaded plugin clock (category:base,tabindex:2)
2024-03-18 22:02:17,898 [INFO] PluginManage:310 - Check plugin ddr
2024-03-18 22:02:17,898 [INFO] PluginManage:359 - Loaded plugin ddr (category:tool,tabindex:6)
2024-03-18 22:02:17,898 [INFO] PluginManage:310 - Check plugin filemanager
2024-03-18 22:02:18,052 [INFO] PluginManage:359 - Loaded plugin filemanager (category:base,tabindex:10)
2024-03-18 22:02:18,052 [INFO] PluginManage:310 - Check plugin ipmanager
2024-03-18 22:02:18,083 [INFO] PluginManage:359 - Loaded plugin ipmanager (category:base,tabindex:5)
2024-03-18 22:02:18,083 [INFO] PluginManage:310 - Check plugin lpbam
2024-03-18 22:02:18,099 [INFO] PluginManage:359 - Loaded plugin lpbam (category:base,tabindex:0)
2024-03-18 22:02:18,099 [INFO] PluginManage:310 - Check plugin pinoutandconfiguration
2024-03-18 22:02:18,114 [INFO] PluginManage:359 - Loaded plugin pinoutandconfiguration (category:base,tabindex:1)
2024-03-18 22:02:18,114 [INFO] PluginManage:310 - Check plugin pinoutconfig
2024-03-18 22:02:18,230 [WARN] SupportedApi:132 - Cannot load RTOS API schema: s4s-elt-must-match.1: The content of 'definitions' must match (annotation?, (simpleType | complexType)?, (unique | key | keyref)*)). A problem was found starting at: attribute.
2024-03-18 22:02:18,353 [INFO] PluginManage:359 - Loaded plugin pinoutconfig (category:base,tabindex:0)
2024-03-18 22:02:18,353 [INFO] PluginManage:310 - Check plugin power
2024-03-18 22:02:18,384 [INFO] PluginManage:359 - Loaded plugin power (category:power,tabindex:4)
2024-03-18 22:02:18,384 [INFO] PluginManage:310 - Check plugin projectmanager
2024-03-18 22:02:18,400 [INFO] PluginManage:359 - Loaded plugin projectmanager (category:projectmanager,tabindex:3)
2024-03-18 22:02:18,400 [INFO] PluginManage:310 - Check plugin thirdparty
2024-03-18 22:02:18,600 [INFO] PluginManage:359 - Loaded plugin thirdparty (category:base,tabindex:-1)
2024-03-18 22:02:18,600 [WARN] IntegrityCheckThread:84 - waiting for thirdparty lock release [integrity check]
2024-03-18 22:02:18,600 [INFO] PluginManage:310 - Check plugin tools
2024-03-18 22:02:18,600 [INFO] IntegrityCheckThread:86 - entering critical section [integrity check]
2024-03-18 22:02:18,600 [INFO] ThirdPartyUpdaterWithRetryManager:70 - Updater plugin not ready yet. [1/15]
2024-03-18 22:02:18,616 [INFO] PluginManage:359 - Loaded plugin tools (category:base,tabindex:7)
2024-03-18 22:02:18,616 [INFO] PluginManage:310 - Check plugin tutovideos
2024-03-18 22:02:18,885 [INFO] PluginManage:359 - Loaded plugin tutovideos (category:base,tabindex:-1)
2024-03-18 22:02:18,885 [INFO] PluginManage:310 - Check plugin updater
2024-03-18 22:02:18,901 [INFO] PluginManage:359 - Loaded plugin updater (category:base,tabindex:12)
2024-03-18 22:02:18,901 [INFO] PluginManage:283 - PluginManage : Loaded plugins [15]
2024-03-18 22:02:19,355 [INFO] PinOutPanel:1499 - setPackage(No Configuration,No Configuration)
2024-03-18 22:02:19,502 [INFO] CADModel:165 - CPN selected for project level
2024-03-18 22:02:19,502 [INFO] CADModel:114 - Register for checkConnection events
2024-03-18 22:02:19,549 [INFO] IPUIPlugin:80 - create IPUIPlugin
2024-03-18 22:02:19,549 [INFO] PluginManager:220 - loadIPPluginJar : add adc
2024-03-18 22:02:19,556 [INFO] IPUIPlugin:80 - create IPUIPlugin
2024-03-18 22:02:19,556 [INFO] PluginManager:220 - loadIPPluginJar : add aes
2024-03-18 22:02:19,571 [INFO] IPUIPlugin:80 - create IPUIPlugin
2024-03-18 22:02:19,571 [INFO] PluginManager:220 - loadIPPluginJar : add can
2024-03-18 22:02:19,587 [INFO] IPUIPlugin:80 - create IPUIPlugin
2024-03-18 22:02:19,587 [INFO] PluginManager:220 - loadIPPluginJar : add comp
2024-03-18 22:02:19,587 [INFO] IPUIPlugin:80 - create IPUIPlugin
2024-03-18 22:02:19,587 [INFO] PluginManager:220 - loadIPPluginJar : add cryp
2024-03-18 22:02:19,603 [INFO] IPUIPlugin:80 - create IPUIPlugin
2024-03-18 22:02:19,603 [INFO] PluginManager:220 - loadIPPluginJar : add dfsdm
2024-03-18 22:02:19,618 [INFO] IPUIPlugin:80 - create IPUIPlugin
2024-03-18 22:02:19,618 [INFO] PluginManager:220 - loadIPPluginJar : add dma
2024-03-18 22:02:19,634 [INFO] IPUIPlugin:80 - create IPUIPlugin
2024-03-18 22:02:19,634 [INFO] PluginManager:220 - loadIPPluginJar : add dma3
2024-03-18 22:02:19,656 [INFO] IPUIPlugin:80 - create IPUIPlugin
2024-03-18 22:02:19,656 [INFO] PluginManager:220 - loadIPPluginJar : add fatfs
2024-03-18 22:02:19,672 [INFO] IPUIPlugin:80 - create IPUIPlugin
2024-03-18 22:02:19,672 [INFO] PluginManager:220 - loadIPPluginJar : add fmc
2024-03-18 22:02:19,687 [INFO] IPUIPlugin:80 - create IPUIPlugin
2024-03-18 22:02:19,687 [INFO] PluginManager:220 - loadIPPluginJar : add freertos
2024-03-18 22:02:19,703 [INFO] IPUIPlugin:80 - create IPUIPlugin
2024-03-18 22:02:19,703 [INFO] PluginManager:220 - loadIPPluginJar : add genericplugin
2024-03-18 22:02:19,719 [INFO] IPUIPlugin:80 - create IPUIPlugin
2024-03-18 22:02:19,719 [INFO] PluginManager:220 - loadIPPluginJar : add gfxmmu
2024-03-18 22:02:19,734 [INFO] IPUIPlugin:80 - create IPUIPlugin
2024-03-18 22:02:19,734 [INFO] PluginManager:220 - loadIPPluginJar : add gic
2024-03-18 22:02:19,756 [INFO] IPUIPlugin:80 - create IPUIPlugin
2024-03-18 22:02:19,756 [INFO] PluginManager:220 - loadIPPluginJar : add gpio
2024-03-18 22:02:19,772 [INFO] IPUIPlugin:80 - create IPUIPlugin
2024-03-18 22:02:19,772 [INFO] PluginManager:220 - loadIPPluginJar : add gtzc
2024-03-18 22:02:19,788 [INFO] IPUIPlugin:80 - create IPUIPlugin
2024-03-18 22:02:19,788 [INFO] PluginManager:220 - loadIPPluginJar : add hash
2024-03-18 22:02:19,803 [INFO] IPUIPlugin:80 - create IPUIPlugin
2024-03-18 22:02:19,803 [INFO] PluginManager:220 - loadIPPluginJar : add i2c
2024-03-18 22:02:19,835 [INFO] IPUIPlugin:80 - create IPUIPlugin
2024-03-18 22:02:19,835 [INFO] PluginManager:220 - loadIPPluginJar : add i2s
2024-03-18 22:02:19,850 [INFO] IPUIPlugin:80 - create IPUIPlugin
2024-03-18 22:02:19,850 [INFO] PluginManager:220 - loadIPPluginJar : add i3c
2024-03-18 22:02:19,872 [INFO] IPUIPlugin:80 - create IPUIPlugin
2024-03-18 22:02:19,872 [INFO] PluginManager:220 - loadIPPluginJar : add ipddr
2024-03-18 22:02:19,888 [INFO] IPUIPlugin:80 - create IPUIPlugin
2024-03-18 22:02:19,888 [INFO] PluginManager:220 - loadIPPluginJar : add linkedlist
2024-03-18 22:02:19,904 [INFO] IPUIPlugin:80 - create IPUIPlugin
2024-03-18 22:02:19,904 [INFO] PluginManager:220 - loadIPPluginJar : add lorawan
2024-03-18 22:02:19,919 [INFO] IPUIPlugin:80 - create IPUIPlugin
2024-03-18 22:02:19,919 [INFO] PluginManager:220 - loadIPPluginJar : add ltdc
2024-03-18 22:02:19,935 [INFO] IPUIPlugin:80 - create IPUIPlugin
2024-03-18 22:02:19,935 [INFO] PluginManager:220 - loadIPPluginJar : add mdma
2024-03-18 22:02:19,957 [INFO] IPUIPlugin:80 - create IPUIPlugin
2024-03-18 22:02:19,957 [INFO] PluginManager:220 - loadIPPluginJar : add nvic
2024-03-18 22:02:19,973 [INFO] IPUIPlugin:80 - create IPUIPlugin
2024-03-18 22:02:19,973 [INFO] PluginManager:220 - loadIPPluginJar : add opamp
2024-03-18 22:02:19,988 [INFO] IPUIPlugin:80 - create IPUIPlugin
2024-03-18 22:02:19,988 [INFO] PluginManager:220 - loadIPPluginJar : add openamp
2024-03-18 22:02:20,004 [INFO] IPUIPlugin:80 - create IPUIPlugin
2024-03-18 22:02:20,004 [INFO] PluginManager:220 - loadIPPluginJar : add pdm2pcm
2024-03-18 22:02:20,035 [INFO] IPUIPlugin:80 - create IPUIPlugin
2024-03-18 22:02:20,035 [INFO] PluginManager:220 - loadIPPluginJar : add plateformsettings
2024-03-18 22:02:20,035 [INFO] IPUIPlugin:80 - create IPUIPlugin
2024-03-18 22:02:20,035 [INFO] PluginManager:220 - loadIPPluginJar : add quadspi
2024-03-18 22:02:20,057 [INFO] IPUIPlugin:80 - create IPUIPlugin
2024-03-18 22:02:20,057 [INFO] PluginManager:220 - loadIPPluginJar : add resmgrutility
2024-03-18 22:02:20,073 [INFO] IPUIPlugin:80 - create IPUIPlugin
2024-03-18 22:02:20,073 [INFO] PluginManager:220 - loadIPPluginJar : add sai
2024-03-18 22:02:20,088 [INFO] IPUIPlugin:80 - create IPUIPlugin
2024-03-18 22:02:20,088 [INFO] PluginManager:220 - loadIPPluginJar : add spi
2024-03-18 22:02:20,104 [INFO] IPUIPlugin:80 - create IPUIPlugin
2024-03-18 22:02:20,104 [INFO] PluginManager:220 - loadIPPluginJar : add stm32_wpan
2024-03-18 22:02:20,120 [INFO] IPUIPlugin:80 - create IPUIPlugin
2024-03-18 22:02:20,120 [INFO] PluginManager:220 - loadIPPluginJar : add tim
2024-03-18 22:02:20,135 [INFO] IPUIPlugin:80 - create IPUIPlugin
2024-03-18 22:02:20,135 [INFO] PluginManager:220 - loadIPPluginJar : add touchsensing
2024-03-18 22:02:20,151 [INFO] IPUIPlugin:80 - create IPUIPlugin
2024-03-18 22:02:20,151 [INFO] PluginManager:220 - loadIPPluginJar : add tracer_emb
2024-03-18 22:02:20,157 [INFO] IPUIPlugin:80 - create IPUIPlugin
2024-03-18 22:02:20,157 [INFO] PluginManager:220 - loadIPPluginJar : add ts
2024-03-18 22:02:20,157 [INFO] IPUIPlugin:80 - create IPUIPlugin
2024-03-18 22:02:20,173 [INFO] PluginManager:220 - loadIPPluginJar : add tsc
2024-03-18 22:02:20,173 [INFO] IPUIPlugin:80 - create IPUIPlugin
2024-03-18 22:02:20,173 [INFO] PluginManager:220 - loadIPPluginJar : add ucpd
2024-03-18 22:02:20,189 [INFO] IPUIPlugin:80 - create IPUIPlugin
2024-03-18 22:02:20,189 [INFO] PluginManager:220 - loadIPPluginJar : add usart
2024-03-18 22:02:20,204 [INFO] IPUIPlugin:80 - create IPUIPlugin
2024-03-18 22:02:20,204 [INFO] PluginManager:220 - loadIPPluginJar : add usbx
2024-03-18 22:02:20,387 [INFO] CADModel:165 - CPN selected for project level
2024-03-18 22:02:20,387 [INFO] CADModel:114 - Register for checkConnection events
2024-03-18 22:02:20,387 [FATAL] Updater:308 - Updater called before beeing initialized
2024-03-18 22:02:20,387 [ERROR] CADModel:125 - Updater not yet initialized, retry later 
2024-03-18 22:02:20,558 [INFO] CADModel:165 - CPN selected for project level
2024-03-18 22:02:20,558 [INFO] CADModel:114 - Register for checkConnection events
2024-03-18 22:02:20,558 [FATAL] Updater:308 - Updater called before beeing initialized
2024-03-18 22:02:20,558 [ERROR] CADModel:125 - Updater not yet initialized, retry later 
2024-03-18 22:02:20,558 [FATAL] Updater:308 - Updater called before beeing initialized
2024-03-18 22:02:20,806 [FATAL] Updater:308 - Updater called before beeing initialized
2024-03-18 22:02:20,821 [INFO] DbMcusAds:53 - JSON generation date=Wed Nov 29 11:52:27 CET 2023 (1701255147349)
2024-03-18 22:02:20,821 [FATAL] Updater:308 - Updater called before beeing initialized
2024-03-18 22:02:20,921 [WARN] DetailPanel:346 - Failed to get advertising image, set to default
2024-03-18 22:02:21,059 [FATAL] Updater:308 - Updater called before beeing initialized
2024-03-18 22:02:21,075 [FATAL] Updater:308 - Updater called before beeing initialized
2024-03-18 22:02:21,075 [FATAL] Updater:308 - Updater called before beeing initialized
2024-03-18 22:02:21,075 [WARN] DetailPanel:346 - Failed to get advertising image, set to default
2024-03-18 22:02:21,075 [FATAL] Updater:308 - Updater called before beeing initialized
2024-03-18 22:02:21,160 [ERROR] Updater:1120 - MainUpdater not yet initialized. External WinMGr cannot be set.
2024-03-18 22:02:21,160 [INFO] Updater:1056 - Updater Version found : 6.8.1
2024-03-18 22:02:21,207 [INFO] ApplicationProperties:184 - Using Application install path: C:\ST\STM32CubeIDE_1.12.0\STM32CubeIDE\plugins\com.st.stm32cube.common.mx_6.8.1.202304191431
2024-03-18 22:02:21,608 [INFO] ThirdPartyUpdaterWithRetryManager:70 - Updater plugin not ready yet. [2/15]
2024-03-18 22:02:21,925 [INFO] MainUpdater:2854 - connection check result : 10
2024-03-18 22:02:21,925 [INFO] MainUpdater:283 - Updater Check For Update Now.
2024-03-18 22:02:21,925 [INFO] MicroXplorer:498 - Change Database Version : DB.6.0.81
2024-03-18 22:02:22,094 [INFO] CheckServerUpdateThread:120 - End of CheckServer Thread
2024-03-18 22:02:22,141 [INFO] MainUpdater:2854 - connection check result : 10
2024-03-18 22:02:22,141 [INFO] MainUpdater:2854 - connection check result : 10
2024-03-18 22:02:22,226 [INFO] MicroXplorer:468 - Change Database Path : 
2024-03-18 22:02:22,226 [INFO] MicroXplorer:498 - Change Database Version : DB.6.0.81
2024-03-18 22:02:22,226 [WARN] ThirdParty:871 - waiting for thirdparty lock release [close project]
2024-03-18 22:02:24,926 [WARN] PackLoader:240 - Cannot read IP mode file for STMicroelectronics.X-CUBE-SMBUS.2.1.0
2024-03-18 22:02:24,942 [WARN] PackLoader:240 - Cannot read IP mode file for STMicroelectronics.X-CUBE-TOUCHGFX.4.23.0
2024-03-18 22:02:24,973 [WARN] PackLoader:240 - Cannot read IP mode file for STMicroelectronics.X-CUBE-AZRTOS-F7.1.1.0
2024-03-18 22:02:24,980 [ERROR] RealEvaluatedCondition:428 - Found unsupported composite condition: CLASS='Data Exchange' GROUP='STM32_MetaDataManager'
2024-03-18 22:02:24,980 [ERROR] RealEvaluatedCondition:428 - Found unsupported composite condition: GROUP='STM32_MetaDataManager' CLASS='Data Exchange'
2024-03-18 22:02:24,980 [WARN] PackLoader:240 - Cannot read IP mode file for STMicroelectronics.FP-SNS-MOTENV1.4.3.0
2024-03-18 22:02:24,995 [WARN] PackLoader:240 - Cannot read IP mode file for STMicroelectronics.FP-SNS-MOTENV1.4.3.2
2024-03-18 22:02:25,011 [WARN] PackLoader:240 - Cannot read IP mode file for STMicroelectronics.FP-SNS-FLIGHT1.5.0.0
2024-03-18 22:02:25,027 [ERROR] RealEvaluatedCondition:428 - Found unsupported composite condition: GROUP='STM32_MetaDataManager' CLASS='Data Exchange'
2024-03-18 22:02:25,027 [ERROR] RealEvaluatedCondition:428 - Found unsupported composite condition: CLASS='Data Exchange' GROUP='STM32_MetaDataManager'
2024-03-18 22:02:25,027 [WARN] PackLoader:240 - Cannot read IP mode file for STMicroelectronics.FP-SNS-MOTENV1.4.3.1
2024-03-18 22:02:25,042 [WARN] PackLoader:240 - Cannot read IP mode file for STMicroelectronics.FP-SNS-FLIGHT1.5.0.1
2024-03-18 22:02:25,058 [WARN] PackLoader:240 - Cannot read IP mode file for STMicroelectronics.X-CUBE-BLE1.6.2.4
2024-03-18 22:02:25,058 [WARN] PackLoader:240 - Cannot read IP mode file for STMicroelectronics.FP-SNS-FLIGHT1.5.0.2
2024-03-18 22:02:25,080 [WARN] PackLoader:240 - Cannot read IP mode file for STMicroelectronics.X-CUBE-DISPLAY.3.0.0
2024-03-18 22:02:25,080 [WARN] PackLoader:240 - Cannot read IP mode file for STMicroelectronics.X-CUBE-BLE1.7.0.0
2024-03-18 22:02:25,096 [WARN] PackLoader:240 - Cannot read IP mode file for STMicroelectronics.X-CUBE-TOUCHGFX.4.22.0
2024-03-18 22:02:25,096 [WARN] PackLoader:240 - Cannot read IP mode file for STMicroelectronics.X-CUBE-TOUCHGFX.4.22.1
2024-03-18 22:02:25,111 [WARN] PackLoader:240 - Cannot read IP mode file for STMicroelectronics.X-CUBE-BLEMGR.3.1.0
2024-03-18 22:02:25,127 [WARN] PackLoader:240 - Cannot read IP mode file for STMicroelectronics.FP-SNS-SMARTAG2.1.2.0
