2023-10-31 16:02:49,179 [INFO] LogOutputStream:77 - [STDOUT_REDIRECT] 1 : Invalid condition id : UX_CORESTACK_Condition cause : null
2023-10-31 16:02:49,210 [INFO] LogOutputStream:77 - [STDOUT_REDIRECT] 1 : Invalid condition id : UX_CORESTACK_Condition cause : null
2023-10-31 16:02:49,210 [INFO] LogOutputStream:77 - [STDOUT_REDIRECT] 1 : Invalid condition id : UX_CORESTACK_Condition cause : null
2023-10-31 16:02:49,210 [INFO] LogOutputStream:77 - [STDOUT_REDIRECT] 1 : Invalid condition id : UX_CORESTACK_Condition cause : null
2023-10-31 16:02:49,210 [INFO] LogOutputStream:77 - [STDOUT_REDIRECT] 1 : Invalid condition id : UX_CORESTACK_Condition cause : null
2023-10-31 16:02:49,210 [WARN] PackLoader:240 - Cannot read IP mode file for STMicroelectronics.X-CUBE-AZRTOS-WL.2.0.0
2023-10-31 16:02:49,233 [WARN] PackLoader:240 - Cannot read IP mode file for WES.I-CUBE-Cesium.1.3.0
2023-10-31 16:02:49,233 [WARN] PackLoader:240 - Cannot read IP mode file for STMicroelectronics.X-CUBE-BLE2.3.3.0
2023-10-31 16:02:49,248 [WARN] PackLoader:240 - Cannot read IP mode file for STMicroelectronics.X-CUBE-TOUCHGFX.4.21.3
2023-10-31 16:02:49,248 [WARN] PackLoader:240 - Cannot read IP mode file for STMicroelectronics.X-CUBE-TOUCHGFX.4.21.4
2023-10-31 16:02:49,264 [WARN] PackLoader:240 - Cannot read IP mode file for STMicroelectronics.X-CUBE-ALGOBUILD.1.3.0
2023-10-31 16:02:49,295 [WARN] PackLoader:240 - Cannot read IP mode file for STMicroelectronics.X-CUBE-AZRTOS-G0.1.1.0
2023-10-31 16:02:49,311 [WARN] PackLoader:240 - Cannot read IP mode file for STMicroelectronics.X-CUBE-NFC4.3.0.0
2023-10-31 16:02:49,326 [WARN] PackLoader:240 - Cannot read IP mode file for STMicroelectronics.X-CUBE-BLEMGR.3.0.0
2023-10-31 16:02:49,333 [WARN] PackLoader:240 - Cannot read IP mode file for STMicroelectronics.FP-ATR-SIGFOX1.3.2.0
2023-10-31 16:02:49,380 [WARN] PackLoader:240 - Cannot read IP mode file for SEGGER.I-CUBE-embOS.1.3.1
2023-10-31 16:02:49,464 [WARN] PackLoader:240 - Cannot read IP mode file for STMicroelectronics.X-CUBE-GNSS1.6.0.0
2023-10-31 16:02:49,496 [WARN] PackLoader:240 - Cannot read IP mode file for STMicroelectronics.X-CUBE-AZRTOS-F4.1.1.0
2023-10-31 16:02:49,527 [WARN] PackLoader:240 - Cannot read IP mode file for wolfSSL.I-CUBE-wolfSSL.5.6.0
2023-10-31 16:02:49,565 [WARN] PackLoader:240 - Cannot read IP mode file for STMicroelectronics.X-CUBE-AZRTOS-L5.2.0.0
2023-10-31 16:02:49,665 [WARN] PackLoader:240 - Cannot read IP mode file for STMicroelectronics.X-CUBE-MEMS1.9.6.0
2023-10-31 16:02:49,887 [WARN] PackLoader:240 - Cannot read IP mode file for STMicroelectronics.X-CUBE-EEPRMA1.4.2.0
2023-10-31 16:02:49,907 [WARN] PackLoader:240 - Cannot read IP mode file for ITTIA_DB.I-CUBE-ITTIADB.8.8.0
2023-10-31 16:02:49,927 [WARN] PackLoader:240 - Cannot read IP mode file for emotas.I-CUBE-CANOPEN.1.1.3
2023-10-31 16:02:49,957 [WARN] PackLoader:240 - Cannot read IP mode file for STMicroelectronics.X-CUBE-BLEMGR.2.0.0
2023-10-31 16:02:49,997 [WARN] ConditionMgr:438 - getConditionDescription Invalid condition id : UX DEVICE CLASS RTOS Condition cause : null
2023-10-31 16:02:49,997 [WARN] ConditionMgr:438 - getConditionDescription Invalid condition id : UX DEVICE CLASS RTOS Condition cause : null
2023-10-31 16:02:50,006 [WARN] PackLoader:240 - Cannot read IP mode file for STMicroelectronics.X-CUBE-AZRTOS-H7.3.1.0
2023-10-31 16:02:50,008 [WARN] ConditionMgr:1039 - genDependencies : Invalid condition id : UX DEVICE CLASS RTOS Condition cause : null
2023-10-31 16:02:50,008 [WARN] ConditionMgr:1039 - genDependencies : Invalid condition id : UX DEVICE CLASS RTOS Condition cause : null
2023-10-31 16:02:50,008 [WARN] ConditionMgr:1039 - genDependencies : Invalid condition id : UX DEVICE CLASS RTOS Condition cause : null
2023-10-31 16:02:50,008 [WARN] ConditionMgr:1039 - genDependencies : Invalid condition id : UX DEVICE CLASS RTOS Condition cause : null
2023-10-31 16:02:50,008 [WARN] ConditionMgr:1039 - genDependencies : Invalid condition id : UX DEVICE CLASS RTOS Condition cause : null
2023-10-31 16:02:50,026 [WARN] PackLoader:240 - Cannot read IP mode file for STMicroelectronics.X-CUBE-NFC7.1.0.1
2023-10-31 16:02:50,038 [WARN] PackLoader:240 - Cannot read IP mode file for STMicroelectronics.X-CUBE-NFC7.1.0.0
2023-10-31 16:02:50,058 [WARN] PackLoader:240 - Cannot read IP mode file for STMicroelectronics.X-CUBE-NFC6.3.0.0
2023-10-31 16:02:50,078 [WARN] PackLoader:240 - Cannot read IP mode file for STMicroelectronics.X-CUBE-EEPRMA1.4.1.0
2023-10-31 16:02:50,122 [WARN] PackLoader:240 - Cannot read IP mode file for STMicroelectronics.X-CUBE-AI.8.1.0
2023-10-31 16:02:50,153 [WARN] ConditionMgr:438 - getConditionDescription Invalid condition id : LAN8742 Phy interface Condition cause : null
2023-10-31 16:02:50,153 [WARN] PackLoader:240 - Cannot read IP mode file for STMicroelectronics.X-CUBE-AZRTOS-L4.2.0.0
2023-10-31 16:02:50,169 [WARN] ConditionMgr:1039 - genDependencies : Invalid condition id : LAN8742 Phy interface Condition cause : null
2023-10-31 16:02:50,169 [WARN] ConditionMgr:1039 - genDependencies : Invalid condition id : LAN8742 Phy interface Condition cause : null
2023-10-31 16:02:50,169 [WARN] ConditionMgr:1039 - genDependencies : Invalid condition id : LAN8742 Phy interface Condition cause : null
2023-10-31 16:02:50,184 [WARN] PackLoader:240 - Cannot read IP mode file for STMicroelectronics.X-CUBE-SFXS2LP1.4.0.0
2023-10-31 16:02:50,200 [WARN] PackLoader:240 - Cannot read IP mode file for STMicroelectronics.X-CUBE-ISPU.1.1.0
2023-10-31 16:02:50,206 [WARN] PackLoader:240 - Cannot read IP mode file for STMicroelectronics.X-CUBE-AI.8.0.0
2023-10-31 16:02:50,238 [WARN] ConditionMgr:438 - getConditionDescription Invalid condition id : UX DEVICE CLASS RTOS Condition cause : null
2023-10-31 16:02:50,238 [WARN] ConditionMgr:438 - getConditionDescription Invalid condition id : UX DEVICE CLASS RTOS Condition cause : null
2023-10-31 16:02:50,238 [WARN] PackLoader:240 - Cannot read IP mode file for STMicroelectronics.X-CUBE-AZRTOS-WB.2.0.0
2023-10-31 16:02:50,238 [WARN] ConditionMgr:1039 - genDependencies : Invalid condition id : UX DEVICE CLASS RTOS Condition cause : null
2023-10-31 16:02:50,238 [WARN] ConditionMgr:1039 - genDependencies : Invalid condition id : UX DEVICE CLASS RTOS Condition cause : null
2023-10-31 16:02:50,238 [WARN] ConditionMgr:1039 - genDependencies : Invalid condition id : UX DEVICE CLASS RTOS Condition cause : null
2023-10-31 16:02:50,238 [WARN] ConditionMgr:1039 - genDependencies : Invalid condition id : UX DEVICE CLASS RTOS Condition cause : null
2023-10-31 16:02:50,238 [WARN] ConditionMgr:1039 - genDependencies : Invalid condition id : UX DEVICE CLASS RTOS Condition cause : null
2023-10-31 16:02:50,253 [WARN] PackLoader:240 - Cannot read IP mode file for STMicroelectronics.X-CUBE-FREERTOS.1.0.1
2023-10-31 16:02:50,284 [WARN] PackLoader:240 - Cannot read IP mode file for STMicroelectronics.X-CUBE-AZRTOS-L5.1.1.0
2023-10-31 16:02:50,309 [WARN] PackLoader:240 - Cannot read IP mode file for STMicroelectronics.X-CUBE-AI.8.0.1
2023-10-31 16:02:50,339 [WARN] PackLoader:240 - Cannot read IP mode file for STMicroelectronics.X-CUBE-SUBG2.5.0.0
2023-10-31 16:02:50,369 [WARN] PackLoader:240 - Cannot read IP mode file for STMicroelectronics.X-CUBE-TOF1.3.3.1
2023-10-31 16:02:50,409 [WARN] PackLoader:240 - Cannot read IP mode file for STMicroelectronics.X-CUBE-AZRTOS-G4.2.0.0
2023-10-31 16:02:50,437 [WARN] PackLoader:240 - Cannot read IP mode file for STMicroelectronics.X-CUBE-TOF1.3.3.0
2023-10-31 16:02:50,470 [WARN] PackLoader:240 - Cannot read IP mode file for Infineon.AIROC-Wi-Fi-Bluetooth-STM32.1.5.1
2023-10-31 16:02:50,510 [WARN] PackLoader:240 - Cannot read IP mode file for STMicroelectronics.X-CUBE-AZRTOS-L4.1.0.0
2023-10-31 16:02:50,581 [WARN] PackLoader:240 - Cannot read IP mode file for STMicroelectronics.X-CUBE-MEMS1.10.0.0
2023-10-31 16:02:50,701 [WARN] PackLoader:240 - Cannot read IP mode file for STMicroelectronics.X-CUBE-FREERTOS.1.1.0
2023-10-31 16:02:50,720 [WARN] PackLoader:240 - Cannot read IP mode file for STMicroelectronics.X-CUBE-AZRTOS-WL.1.0.0
2023-10-31 16:02:50,730 [WARN] PackLoader:240 - Cannot read IP mode file for portGmbH.I-Cube-SoM-uGOAL.1.1.0
2023-10-31 16:02:50,745 [WARN] PackLoader:240 - Cannot read IP mode file for STMicroelectronics.X-CUBE-ALS.1.0.1
2023-10-31 16:02:50,761 [WARN] PackLoader:240 - Cannot read IP mode file for STMicroelectronics.X-CUBE-AZRTOS-WB.1.1.0
2023-10-31 16:02:50,776 [WARN] PackLoader:240 - Cannot read IP mode file for STMicroelectronics.FP-ATR-ASTRA1.2.0.0
2023-10-31 16:02:50,776 [INFO] ThirdParty:978 - Integrity check success = true
2023-10-31 16:02:50,776 [INFO] IntegrityCheckThread:100 - exiting critical section [integrity check]
2023-10-31 16:02:50,776 [INFO] IntegrityCheckThread:103 - End integrity checks thread
2023-10-31 16:02:50,776 [INFO] ThirdParty:873 - entering critical section [close project]
2023-10-31 16:02:50,776 [INFO] ThirdParty:883 - exiting critical section [close project]
2023-10-31 16:02:50,776 [INFO] PinOutPanel:1499 - setPackage(No Configuration,No Configuration)
2023-10-31 16:02:50,792 [INFO] UtilMem:75 - Begin LoadConfig() Used Memory: 564986408 Bytes (740294656)
2023-10-31 16:02:50,792 [INFO] MicroXplorer:468 - Change Database Path : C:/Users/m-ali.khlifi-ext/.stm32cubemx/databases/DB.6.0.80/db/
2023-10-31 16:02:50,792 [INFO] MicroXplorer:498 - Change Database Version : DB.6.0.80
2023-10-31 16:02:54,455 [INFO] OpenFileManager:308 - Change cursor
2023-10-31 16:02:54,508 [INFO] Mcu:1937 - Initializing MCU STM32F446R(C-E)Tx STM32F446RETx STM32F446RET6
2023-10-31 16:02:56,837 [INFO] Context:659 - Trying to add GPIOservice into a context  which must be forbidden
2023-10-31 16:02:57,655 [INFO] RtosManager:555 - Registered RTOS mode: class=CMSIS, group=RTOS, mode=CMSIS_V1, owner=FREERTOS
2023-10-31 16:02:57,655 [INFO] RtosManager:555 - Registered RTOS mode: class=CMSIS, group=RTOS2, mode=CMSIS_V2, owner=FREERTOS
2023-10-31 16:02:57,655 [INFO] RtosManager:555 - Registered RTOS mode: class=RTOS, group=Core, mode=CMSIS_V1, owner=FREERTOS
2023-10-31 16:02:57,655 [INFO] RtosManager:555 - Registered RTOS mode: class=RTOS, group=Core, mode=CMSIS_V2, owner=FREERTOS
2023-10-31 16:02:57,655 [WARN] ModelIntegratedComponent:184 - Missing modes for component STMicroelectronics:FreeRTOS:0.0.1:STMicroelectronics:RTOS:FreeRTOS:Core:::10.2.0:
2023-10-31 16:02:57,686 [WARN] ModelIntegratedComponent:63 - No mode defined for component null
2023-10-31 16:02:57,686 [WARN] ModelIntegratedComponent:63 - No mode defined for component null
2023-10-31 16:02:57,686 [WARN] ModelIntegratedComponent:63 - No mode defined for component null
2023-10-31 16:02:57,686 [WARN] ModelIntegratedComponent:63 - No mode defined for component null
2023-10-31 16:02:57,686 [WARN] ModelIntegratedComponent:63 - No mode defined for component null
2023-10-31 16:02:57,686 [WARN] ModelIntegratedComponent:63 - No mode defined for component null
2023-10-31 16:02:57,686 [WARN] ModelIntegratedComponent:63 - No mode defined for component null
2023-10-31 16:02:57,686 [WARN] ModelIntegratedComponent:63 - No mode defined for component null
2023-10-31 16:02:57,686 [WARN] ModelIntegratedComponent:63 - No mode defined for component null
2023-10-31 16:02:57,686 [WARN] ModelIntegratedComponent:63 - No mode defined for component null
2023-10-31 16:02:57,686 [WARN] ModelIntegratedComponent:63 - No mode defined for component null
2023-10-31 16:02:57,686 [WARN] ModelIntegratedComponent:63 - No mode defined for component null
2023-10-31 16:02:57,686 [WARN] ModelIntegratedComponent:63 - No mode defined for component null
2023-10-31 16:02:57,686 [WARN] ModelIntegratedComponent:63 - No mode defined for component null
2023-10-31 16:02:57,686 [WARN] ModelIntegratedComponent:63 - No mode defined for component null
2023-10-31 16:02:57,686 [WARN] ModelIntegratedComponent:63 - No mode defined for component null
2023-10-31 16:02:57,686 [WARN] ModelIntegratedComponent:63 - No mode defined for component null
2023-10-31 16:02:57,686 [WARN] ModelIntegratedComponent:63 - No mode defined for component null
2023-10-31 16:02:57,686 [WARN] ModelIntegratedComponent:63 - No mode defined for component null
2023-10-31 16:02:57,686 [WARN] ModelIntegratedComponent:63 - No mode defined for component null
2023-10-31 16:02:57,686 [WARN] ModelIntegratedComponent:63 - No mode defined for component null
2023-10-31 16:02:57,686 [WARN] ModelIntegratedComponent:63 - No mode defined for component null
2023-10-31 16:02:57,686 [WARN] ModelIntegratedComponent:63 - No mode defined for component null
2023-10-31 16:02:57,686 [WARN] ModelIntegratedComponent:63 - No mode defined for component null
2023-10-31 16:02:57,686 [WARN] ModelIntegratedComponent:63 - No mode defined for component null
2023-10-31 16:02:57,686 [WARN] ModelIntegratedComponent:63 - No mode defined for component null
2023-10-31 16:02:57,686 [WARN] ModelIntegratedComponent:63 - No mode defined for component null
2023-10-31 16:02:57,686 [WARN] ModelIntegratedComponent:63 - No mode defined for component null
2023-10-31 16:02:57,686 [WARN] ModelIntegratedComponent:63 - No mode defined for component null
2023-10-31 16:02:57,686 [WARN] ModelIntegratedComponent:63 - No mode defined for component null
2023-10-31 16:02:57,686 [WARN] ModelIntegratedComponent:63 - No mode defined for component null
2023-10-31 16:02:57,686 [WARN] ModelIntegratedComponent:63 - No mode defined for component null
2023-10-31 16:02:57,686 [WARN] ModelIntegratedComponent:63 - No mode defined for component null
2023-10-31 16:02:57,802 [INFO] ThirdPartyModel:298 - Start build external matchings
2023-10-31 16:02:58,417 [INFO] ThirdPartyModel:316 - End build external matchings
2023-10-31 16:02:58,448 [INFO] ImportTextPane:194 - (OptionalMessage_ERROR) IP (DMA) : Parameter (Instance) has Id (ADC1) currently not set
2023-10-31 16:02:58,448 [INFO] ImportTextPane:194 - (OptionalMessage_ERROR) IP (DMA) : Parameter (Channel) has Id (ADC1) currently not set
2023-10-31 16:02:58,448 [INFO] ImportTextPane:194 - (OptionalMessage_ERROR) IP (DMA) : Parameter (Direction) has Id (ADC1) currently not set
2023-10-31 16:02:58,448 [INFO] ImportTextPane:194 - (OptionalMessage_ERROR) IP (DMA) : Parameter (PeriphInc) has Id (ADC1) currently not set
2023-10-31 16:02:58,448 [INFO] ImportTextPane:194 - (OptionalMessage_ERROR) IP (DMA) : Parameter (MemInc) has Id (ADC1) currently not set
2023-10-31 16:02:58,448 [INFO] ImportTextPane:194 - (OptionalMessage_ERROR) IP (DMA) : Parameter (PeriphDataAlignment) has Id (ADC1) currently not set
2023-10-31 16:02:58,448 [INFO] ImportTextPane:194 - (OptionalMessage_ERROR) IP (DMA) : Parameter (MemDataAlignment) has Id (ADC1) currently not set
2023-10-31 16:02:58,448 [INFO] ImportTextPane:194 - (OptionalMessage_ERROR) IP (DMA) : Parameter (Mode) has Id (ADC1) currently not set
2023-10-31 16:02:58,448 [INFO] ImportTextPane:194 - (OptionalMessage_ERROR) IP (DMA) : Parameter (Priority) has Id (ADC1) currently not set
2023-10-31 16:02:58,448 [INFO] ImportTextPane:194 - (OptionalMessage_ERROR) IP (DMA) : Parameter (FIFOMode) has Id (ADC1) currently not set
2023-10-31 16:02:58,456 [INFO] ImportTextPane:194 - (OptionalMessage_ERROR) IP (RCC) : Invalid parameter (FamilyName)
2023-10-31 16:02:58,456 [INFO] ImportTextPane:194 - (OptionalMessage_ERROR) IP (RCC) : Parameter (MCO2PinFreq_Value) has invalid value (180000000)
2023-10-31 16:02:58,456 [INFO] ImportTextPane:194 - (OptionalMessage_ERROR) IP (RCC) : Parameter (SDIOFreq_Value) has invalid value (120000000)
2023-10-31 16:02:58,456 [INFO] ImportTextPane:194 - (OptionalMessage_ERROR) IP (RCC) : Parameter (USBFreq_Value) has invalid value (120000000)
2023-10-31 16:02:58,829 [INFO] UtilMem:75 - End LoadConfig() Used Memory: 626583936 Bytes (740294656)
2023-10-31 16:02:58,998 [INFO] ApiDb:581 - Connected to CubeFinder SQLite database (C:\Users\m-ali.khlifi-ext\.stmcufinder\plugins\mcufinder\mcu\cube-finder-db.db)
2023-10-31 16:02:59,109 [INFO] ApiDb:668 - CubeFinder database Data Model version=2.1
2023-10-31 16:02:59,109 [INFO] ApiDb:669 - CubeFinder database Configuration version=3.0.35
2023-10-31 16:02:59,109 [INFO] ApiDb:670 - CubeFinder database generation date=2023-05-12 (1683877179)
2023-10-31 16:02:59,109 [INFO] ApiDb:671 - CubeFinder database FW Pack versions=[FP-ATR-ASTRA1_V2.0.0, FP-SNS-FLIGHT1_V5.0.0, FP-SNS-MOTENV1_V4.3.0, STM32Cube_FW_C0_V1.0.1, STM32Cube_FW_F0_V1.11.4, STM32Cube_FW_F3_V1.11.4, STM32Cube_FW_F4_V1.27.1, STM32Cube_FW_F7_V1.17.0, STM32Cube_FW_G0_V1.6.1, STM32Cube_FW_G4_V1.5.1, STM32Cube_FW_H5_V0.5.1, STM32Cube_FW_H5_V1.0.0, STM32Cube_FW_H7_V1.11.0, STM32Cube_FW_L0_V1.12.2, STM32Cube_FW_L5_V1.5.0, STM32Cube_FW_U5_V1.2.0, STM32Cube_FW_WBA_V1.0.0, STM32Cube_FW_WBA_V1.0.0RC1, STM32Cube_FW_WBA_V1.0.0RC3, STM32Cube_FW_WB_V1.15.0RC1, STM32Cube_FW_WB_V1.16.0, STM32Cube_FW_WB_V1.16.0RC2, STM32Cube_FW_WL_V1.3.0, X-CUBE-ALGOBUILD_V1.3.0, X-CUBE-ALS_V1.0.1, X-CUBE-AZRTOS-F4_V1.1.0, X-CUBE-AZRTOS-F7_V1.1.0, X-CUBE-AZRTOS-G0_V1.1.0, X-CUBE-AZRTOS-G4_V2.0.0, X-CUBE-AZRTOS-H7_V3.1.0, X-CUBE-AZRTOS-L4_V1.0.0, X-CUBE-AZRTOS-L5_V1.1.0, X-CUBE-AZRTOS-WB_V1.1.0, X-CUBE-AZRTOS-WL_V1.0.0, X-CUBE-BLE1_V6.2.4, X-CUBE-BLE2_V3.3.0, X-CUBE-BLEMGR_V2.0.0, X-CUBE-EEPRMA1_V4.1.0, X-CUBE-FREERTOS_V1.0.1, X-CUBE-GNSS1_V6.0.0, X-CUBE-MEMS1_V9.1.0, X-CUBE-MEMS1_V9.4.0, X-CUBE-MEMS1_V9.6.0, X-CUBE-NFC4_V3.0.0, X-CUBE-NFC7_V1.0.0, X-CUBE-SFXS2LP1_V4.0.0, X-CUBE-SUBG2_V5.0.0]
2023-10-31 16:03:01,682 [INFO] ApiDb:240 - Found 297 in-development CPN: [B-G473E-ZEST1S, B-WB1M-WPAN1, B-WL5M-SUBG1, NUCLEO-C031C6, NUCLEO-H503RB, NUCLEO-H563ZI, NUCLEO-U545RE-Q, NUCLEO-U5A5ZJ-Q, NUCLEO-WBA52CG, STEVAL-PROTEUS1, STEVAL-STWINBX1, STM320518-EVAL, STM32C0116-DK, STM32C011D6Y3TR, STM32C011D6Y6TR, STM32C011F4P3, STM32C011F4P6, STM32C011F4U3, STM32C011F4U6TR, STM32C011F6P3, STM32C011F6P6, STM32C011F6U3, STM32C011F6U6TR, STM32C011J4M3, STM32C011J4M6, STM32C011J6M3, STM32C011J6M6, STM32C0316-DK, STM32C031C4T3, STM32C031C4T6, STM32C031C4U3, STM32C031C4U6, STM32C031C6T3, STM32C031C6T6, STM32C031C6U3, STM32C031C6U6, STM32C031F4P3, STM32C031F4P6, STM32C031F6P3, STM32C031F6P6, STM32C031G4U3, STM32C031G4U6, STM32C031G6U3, STM32C031G6U6, STM32C031K4T3, STM32C031K4T6, STM32C031K4U3, STM32C031K4U6, STM32C031K6T3, STM32C031K6T6, STM32C031K6U3, STM32C031K6U6, STM32G071K8TXN, STM32G071K8UXN, STM32G081GBU6N, STM32G081KBT6N, STM32G081KBUXN, STM32G0B1CCT6N, STM32G0B1KCT6, STM32G0B1NEY6TR, STM32G0B1RCT6N, STM32G0C1CCT6, STM32G0C1CCT6N, STM32G0C1CCU6N, STM32G0C1CET6N, STM32G0C1CEU6N, STM32G0C1KCT6, STM32G0C1NEY6TR, STM32G0C1RCI6N, STM32G0C1RCT6N, STM32G0C1REI6N, STM32G0C1RET6N, STM32G0C1VCI6, STM32G0C1VEI6, STM32G471CCT6, STM32G471CCU6, STM32G471CET3, STM32G471CET6, STM32G471CEU3, STM32G471CEU6, STM32G471MCT6, STM32G471MET3, STM32G471MET6, STM32G471MEY6TR, STM32G471QCT6, STM32G471QET3, STM32G471RCT6, STM32G471RET3, STM32G471RET6, STM32G471VCH6, STM32G471VCI6, STM32G471VCT6, STM32G471VEH3, STM32G471VEH6, STM32G471VEI3, STM32G471VEI6, STM32G471VET3, STM32G471VET6, STM32G474CCT6, STM32H503CBT6, STM32H503CBU6, STM32H503EBY6TR, STM32H503KBU6, STM32H503RBT6, STM32H562AGI6, STM32H562AII6, STM32H562IGK6, STM32H562IGT6, STM32H562IIK6, STM32H562IIT6, STM32H562RGT6, STM32H562RGV6, STM32H562RIT6, STM32H562RIV6, STM32H562VGT6, STM32H562VIT6, STM32H562ZGT6, STM32H562ZIT6, STM32H563AGI6, STM32H563AII3Q, STM32H563AII6, STM32H563IGK6, STM32H563IGT6, STM32H563IIK3Q, STM32H563IIK6, STM32H563IIT3Q, STM32H563IIT6, STM32H563MIY3QTR, STM32H563RGT6, STM32H563RGV6, STM32H563RIT6, STM32H563RIV6, STM32H563VGT6, STM32H563VIT3Q, STM32H563VIT6, STM32H563ZGT6, STM32H563ZIT3Q, STM32H563ZIT6, STM32H573AII3Q, STM32H573AII6, STM32H573I-DK, STM32H573IIK3Q, STM32H573IIK6, STM32H573IIT3Q, STM32H573IIT6, STM32H573MIY3QTR, STM32H573RIT6, STM32H573RIV6, STM32H573VIT3Q, STM32H573VIT6, STM32H573ZIT3Q, STM32H573ZIT6, STM32L4R5QGI6STR, STM32MP131AAE3, STM32MP131AAF3, STM32MP131AAG3, STM32MP131CAE3, STM32MP131CAF3, STM32MP131CAG3, STM32MP131DAE7, STM32MP131DAF7, STM32MP131DAG7, STM32MP131FAE7, STM32MP131FAF7, STM32MP131FAG7, STM32MP133AAE3, STM32MP133AAF3, STM32MP133AAG3, STM32MP133CAE3, STM32MP133CAF3, STM32MP133CAG3, STM32MP133DAE7, STM32MP133DAF7, STM32MP133DAG7, STM32MP133FAE7, STM32MP133FAF7, STM32MP133FAG7, STM32MP135AAE3, STM32MP135AAF3, STM32MP135AAG3, STM32MP135CAE3, STM32MP135CAF3, STM32MP135CAG3, STM32MP135DAE7, STM32MP135DAF7, STM32MP135DAG7, STM32MP135F-DK, STM32MP135FAE7, STM32MP135FAF7, STM32MP135FAF7T, STM32MP135FAF7U, STM32MP135FAG7, STM32U535CBT6, STM32U535CBT6Q, STM32U535CBU6, STM32U535CBU6Q, STM32U535CCT6, STM32U535CCT6Q, STM32U535CCU6, STM32U535CCU6Q, STM32U535CET6, STM32U535CET6Q, STM32U535CEU6, STM32U535CEU6Q, STM32U535JEY6QTR, STM32U535NCY6QTR, STM32U535NEY6QTR, STM32U535RBI6, STM32U535RBI6Q, STM32U535RBT6, STM32U535RBT6Q, STM32U535RCI6, STM32U535RCI6Q, STM32U535RCT6, STM32U535RCT6Q, STM32U535REI6, STM32U535REI6Q, STM32U535RET6, STM32U535RET6Q, STM32U535VCI6, STM32U535VCI6Q, STM32U535VCT6, STM32U535VCT6Q, STM32U535VEI6, STM32U535VEI6Q, STM32U535VET6, STM32U535VET6Q, STM32U545CET6, STM32U545CET6Q, STM32U545CEU6, STM32U545CEU6Q, STM32U545JEY6QTR, STM32U545NEY6QTR, STM32U545REI6, STM32U545REI6Q, STM32U545RET6, STM32U545RET6Q, STM32U545VEI6, STM32U545VEI6Q, STM32U545VET6, STM32U545VET6Q, STM32U595AIH6, STM32U595AIH6Q, STM32U595AJH6, STM32U595AJH6Q, STM32U595QII6, STM32U595QII6Q, STM32U595QJI6, STM32U595QJI6Q, STM32U595RIT6, STM32U595RIT6Q, STM32U595RJT6, STM32U595RJT6Q, STM32U595VIT6, STM32U595VIT6Q, STM32U595VJT6, STM32U595VJT6Q, STM32U595ZIT6, STM32U595ZIT6Q, STM32U595ZIY6QTR, STM32U595ZJT6, STM32U595ZJT6Q, STM32U595ZJY6QTR, STM32U599BJY6QTR, STM32U599NIH6Q, STM32U599NJH6Q, STM32U599VIT6Q, STM32U599VJT6, STM32U599VJT6Q, STM32U599ZIT6Q, STM32U599ZIY6QTR, STM32U599ZJT6Q, STM32U599ZJY6QTR, STM32U5A5AJH6, STM32U5A5AJH6Q, STM32U5A5QJI6, STM32U5A5QJI6Q, STM32U5A5RJT6, STM32U5A5RJT6Q, STM32U5A5VJT6, STM32U5A5VJT6Q, STM32U5A5ZJT6, STM32U5A5ZJT6Q, STM32U5A5ZJY6QTR, STM32U5A9BJY6QTR, STM32U5A9J-DK, STM32U5A9NJH6Q, STM32U5A9VJT6Q, STM32U5A9ZJT6Q, STM32U5A9ZJY6QTR, STM32WB1MMCH6, STM32WBA52CEU6, STM32WBA52CEU6T, STM32WBA52CGU6, STM32WBA52CGU6T, STM32WL5MOCH6, STM32WL5MOCH6TR]
2023-10-31 16:03:01,682 [INFO] DbMcus:216 - Found 3775 MCUs, 3775 are supported
2023-10-31 16:03:01,698 [INFO] ApiDb:423 - Load user favorites file C:\Users\m-ali.khlifi-ext/.stm32cubeide/favorites.mcus.txt: 0 item(s)
2023-10-31 16:03:01,698 [INFO] ApiDb:427 - User favorites MCUs=[]
2023-10-31 16:03:01,698 [INFO] DbMcus:222 - Set 0 / 0 favorites MCUs
2023-10-31 16:03:02,012 [WARN] ThirdParty:833 - waiting for thirdparty lock release [change project]
2023-10-31 16:03:02,012 [INFO] ThirdParty:835 - entering critical section [change project]
2023-10-31 16:03:02,012 [INFO] ThirdParty:1030 - CMSIS Pack Vendor :STMicroelectronics X-CUBE-ISPU 1.1.0
2023-10-31 16:03:02,012 [INFO] ThirdParty:1030 - CMSIS Pack Vendor :STMicroelectronics X-CUBE-GNSS1 6.0.0
2023-10-31 16:03:02,012 [INFO] ThirdParty:1030 - CMSIS Pack Vendor :STMicroelectronics USB_HOST 2.0.0
2023-10-31 16:03:02,012 [INFO] ThirdParty:1030 - CMSIS Pack Vendor :STMicroelectronics X-CUBE-AZRTOS-F4 1.1.0
2023-10-31 16:03:02,012 [INFO] ThirdParty:1030 - CMSIS Pack Vendor :STMicroelectronics LIBJPEG 8.0.0
2023-10-31 16:03:02,012 [INFO] ThirdParty:1030 - CMSIS Pack Vendor :STMicroelectronics X-CUBE-SMBUS 2.1.0
2023-10-31 16:03:02,012 [INFO] ThirdParty:1030 - CMSIS Pack Vendor :wolfSSL I-CUBE-wolfSSL 5.6.0
2023-10-31 16:03:02,012 [INFO] ThirdParty:1030 - CMSIS Pack Vendor :STMicroelectronics USB_DEVICE 3.0.0
2023-10-31 16:03:02,012 [INFO] ThirdParty:1030 - CMSIS Pack Vendor :STMicroelectronics X-CUBE-AI 8.0.0
2023-10-31 16:03:02,012 [INFO] ThirdParty:1030 - CMSIS Pack Vendor :STMicroelectronics X-CUBE-AZRTOS-WB 2.0.0
2023-10-31 16:03:02,012 [INFO] ThirdParty:1030 - CMSIS Pack Vendor :STMicroelectronics X-CUBE-FREERTOS 1.0.1
2023-10-31 16:03:02,012 [INFO] ThirdParty:1030 - CMSIS Pack Vendor :STMicroelectronics X-CUBE-TOUCHGFX 4.21.3
2023-10-31 16:03:02,012 [INFO] ThirdParty:1030 - CMSIS Pack Vendor :STMicroelectronics X-CUBE-AZRTOS-F7 1.1.0
2023-10-31 16:03:02,012 [INFO] ThirdParty:1030 - CMSIS Pack Vendor :STMicroelectronics X-CUBE-TOUCHGFX 4.21.4
2023-10-31 16:03:02,012 [INFO] ThirdParty:1030 - CMSIS Pack Vendor :STMicroelectronics X-CUBE-AZRTOS-L5 2.0.0
2023-10-31 16:03:02,012 [INFO] ThirdParty:1030 - CMSIS Pack Vendor :STMicroelectronics USB_DEVICE 2.0.0
2023-10-31 16:03:02,012 [INFO] ThirdParty:1030 - CMSIS Pack Vendor :STMicroelectronics X-CUBE-MEMS1 9.6.0
2023-10-31 16:03:02,012 [INFO] ThirdParty:1030 - CMSIS Pack Vendor :STMicroelectronics X-CUBE-EEPRMA1 4.2.0
2023-10-31 16:03:02,012 [INFO] ThirdParty:1030 - CMSIS Pack Vendor :ITTIA_DB I-CUBE-ITTIADB 8.8.0
2023-10-31 16:03:02,012 [INFO] ThirdParty:1030 - CMSIS Pack Vendor :STMicroelectronics FP-SNS-MOTENV1 4.3.0
2023-10-31 16:03:02,012 [INFO] ThirdParty:1030 - CMSIS Pack Vendor :STMicroelectronics FP-SNS-MOTENV1 4.3.2
2023-10-31 16:03:02,012 [INFO] ThirdParty:1030 - CMSIS Pack Vendor :STMicroelectronics FP-SNS-FLIGHT1 5.0.0
2023-10-31 16:03:02,012 [INFO] ThirdParty:1030 - CMSIS Pack Vendor :STMicroelectronics FP-SNS-MOTENV1 4.3.1
2023-10-31 16:03:02,012 [INFO] ThirdParty:1030 - CMSIS Pack Vendor :STMicroelectronics FP-SNS-FLIGHT1 5.0.1
2023-10-31 16:03:02,012 [INFO] ThirdParty:1030 - CMSIS Pack Vendor :STMicroelectronics X-CUBE-ALGOBUILD 1.3.0
2023-10-31 16:03:02,012 [INFO] ThirdParty:1030 - CMSIS Pack Vendor :STMicroelectronics X-CUBE-BLE1 6.2.4
2023-10-31 16:03:02,012 [INFO] ThirdParty:1030 - CMSIS Pack Vendor :STMicroelectronics X-CUBE-AZRTOS-L5 1.1.0
2023-10-31 16:03:02,012 [INFO] ThirdParty:1030 - CMSIS Pack Vendor :STMicroelectronics FreeRTOS 0.0.1
2023-10-31 16:03:02,012 [INFO] ThirdParty:1030 - CMSIS Pack Vendor :STMicroelectronics X-CUBE-AZRTOS-G0 1.1.0
2023-10-31 16:03:02,012 [INFO] ThirdParty:1030 - CMSIS Pack Vendor :emotas I-CUBE-CANOPEN 1.1.3
2023-10-31 16:03:02,012 [INFO] ThirdParty:1030 - CMSIS Pack Vendor :STMicroelectronics X-CUBE-BLEMGR 2.0.0
2023-10-31 16:03:02,012 [INFO] ThirdParty:1030 - CMSIS Pack Vendor :STMicroelectronics X-CUBE-AI 8.0.1
2023-10-31 16:03:02,012 [INFO] ThirdParty:1030 - CMSIS Pack Vendor :STMicroelectronics X-CUBE-NFC4 3.0.0
2023-10-31 16:03:02,012 [INFO] ThirdParty:1030 - CMSIS Pack Vendor :STMicroelectronics X-CUBE-SUBG2 5.0.0
2023-10-31 16:03:02,012 [INFO] ThirdParty:1030 - CMSIS Pack Vendor :STMicroelectronics STM32_WPAN 1.0.0
2023-10-31 16:03:02,012 [INFO] ThirdParty:1030 - CMSIS Pack Vendor :STMicroelectronics lwIP 2.0.3
2023-10-31 16:03:02,012 [INFO] ThirdParty:1030 - CMSIS Pack Vendor :STMicroelectronics FP-SNS-FLIGHT1 5.0.2
2023-10-31 16:03:02,012 [INFO] ThirdParty:1030 - CMSIS Pack Vendor :STMicroelectronics USB_HOST 1.0.0
2023-10-31 16:03:02,012 [INFO] ThirdParty:1030 - CMSIS Pack Vendor :STMicroelectronics X-CUBE-TOF1 3.3.1
2023-10-31 16:03:02,012 [INFO] ThirdParty:1030 - CMSIS Pack Vendor :STMicroelectronics X-CUBE-AZRTOS-G4 2.0.0
2023-10-31 16:03:02,012 [INFO] ThirdParty:1030 - CMSIS Pack Vendor :STMicroelectronics PDM2PCM 3.1.0
2023-10-31 16:03:02,012 [INFO] ThirdParty:1030 - CMSIS Pack Vendor :STMicroelectronics X-CUBE-AZRTOS-H7 3.1.0
2023-10-31 16:03:02,012 [INFO] ThirdParty:1030 - CMSIS Pack Vendor :STMicroelectronics X-CUBE-TOF1 3.3.0
2023-10-31 16:03:02,012 [INFO] ThirdParty:1030 - CMSIS Pack Vendor :Infineon AIROC-Wi-Fi-Bluetooth-STM32 1.5.1
2023-10-31 16:03:02,012 [INFO] ThirdParty:1030 - CMSIS Pack Vendor :STMicroelectronics X-CUBE-BLEMGR 3.0.0
2023-10-31 16:03:02,012 [INFO] ThirdParty:1030 - CMSIS Pack Vendor :STMicroelectronics PDM2PCM 3.3.0
2023-10-31 16:03:02,012 [INFO] ThirdParty:1030 - CMSIS Pack Vendor :STMicroelectronics X-CUBE-DISPLAY 3.0.0
2023-10-31 16:03:02,012 [INFO] ThirdParty:1030 - CMSIS Pack Vendor :STMicroelectronics X-CUBE-BLE1 7.0.0
2023-10-31 16:03:02,012 [INFO] ThirdParty:1030 - CMSIS Pack Vendor :STMicroelectronics FP-ATR-SIGFOX1 3.2.0
2023-10-31 16:03:02,012 [INFO] ThirdParty:1030 - CMSIS Pack Vendor :STMicroelectronics X-CUBE-AZRTOS-L4 1.0.0
2023-10-31 16:03:02,012 [INFO] ThirdParty:1030 - CMSIS Pack Vendor :STMicroelectronics HAL Drivers 0.0.0
2023-10-31 16:03:02,012 [INFO] ThirdParty:1030 - CMSIS Pack Vendor :STMicroelectronics MBEDTLS 2.16.2
2023-10-31 16:03:02,012 [INFO] ThirdParty:1030 - CMSIS Pack Vendor :STMicroelectronics X-CUBE-MEMS1 10.0.0
2023-10-31 16:03:02,012 [INFO] ThirdParty:1030 - CMSIS Pack Vendor :STMicroelectronics X-CUBE-FREERTOS 1.1.0
2023-10-31 16:03:02,012 [INFO] ThirdParty:1030 - CMSIS Pack Vendor :STMicroelectronics X-CUBE-TOUCHGFX 4.22.0
2023-10-31 16:03:02,012 [INFO] ThirdParty:1030 - CMSIS Pack Vendor :STMicroelectronics X-CUBE-NFC7 1.0.1
2023-10-31 16:03:02,012 [INFO] ThirdParty:1030 - CMSIS Pack Vendor :STMicroelectronics MBEDTLS 2.14.1
2023-10-31 16:03:02,012 [INFO] ThirdParty:1030 - CMSIS Pack Vendor :STMicroelectronics X-CUBE-NFC7 1.0.0
2023-10-31 16:03:02,012 [INFO] ThirdParty:1030 - CMSIS Pack Vendor :STMicroelectronics X-CUBE-TOUCHGFX 4.22.1
2023-10-31 16:03:02,012 [INFO] ThirdParty:1030 - CMSIS Pack Vendor :STMicroelectronics X-CUBE-AZRTOS-WL 1.0.0
2023-10-31 16:03:02,012 [INFO] ThirdParty:1030 - CMSIS Pack Vendor :STMicroelectronics X-CUBE-NFC6 3.0.0
2023-10-31 16:03:02,012 [INFO] ThirdParty:1030 - CMSIS Pack Vendor :STMicroelectronics X-CUBE-EEPRMA1 4.1.0
2023-10-31 16:03:02,012 [INFO] ThirdParty:1030 - CMSIS Pack Vendor :portGmbH I-Cube-SoM-uGOAL 1.1.0
2023-10-31 16:03:02,012 [INFO] ThirdParty:1030 - CMSIS Pack Vendor :STMicroelectronics X-CUBE-ALS 1.0.1
2023-10-31 16:03:02,012 [INFO] ThirdParty:1030 - CMSIS Pack Vendor :STMicroelectronics ThreadX 1.0.0
2023-10-31 16:03:02,012 [INFO] ThirdParty:1030 - CMSIS Pack Vendor :STMicroelectronics FP-SNS-SMARTAG2 1.2.0
2023-10-31 16:03:02,012 [INFO] ThirdParty:1030 - CMSIS Pack Vendor :STMicroelectronics X-CUBE-AZRTOS-WB 1.1.0
2023-10-31 16:03:02,012 [INFO] ThirdParty:1030 - CMSIS Pack Vendor :STMicroelectronics X-CUBE-AZRTOS-WL 2.0.0
2023-10-31 16:03:02,012 [INFO] ThirdParty:1030 - CMSIS Pack Vendor :SEGGER I-CUBE-embOS 1.3.1
2023-10-31 16:03:02,012 [INFO] ThirdParty:1030 - CMSIS Pack Vendor :STMicroelectronics USB_DEVICE 1.0.0
2023-10-31 16:03:02,012 [INFO] ThirdParty:1030 - CMSIS Pack Vendor :STMicroelectronics X-CUBE-AI 8.1.0
2023-10-31 16:03:02,012 [INFO] ThirdParty:1030 - CMSIS Pack Vendor :STMicroelectronics X-CUBE-AZRTOS-L4 2.0.0
2023-10-31 16:03:02,012 [INFO] ThirdParty:1030 - CMSIS Pack Vendor :STMicroelectronics ThreadX 0.0.2
2023-10-31 16:03:02,012 [INFO] ThirdParty:1030 - CMSIS Pack Vendor :WES I-CUBE-Cesium 1.3.0
2023-10-31 16:03:02,012 [INFO] ThirdParty:1030 - CMSIS Pack Vendor :STMicroelectronics FP-ATR-ASTRA1 2.0.0
2023-10-31 16:03:02,012 [INFO] ThirdParty:1030 - CMSIS Pack Vendor :STMicroelectronics lwIP 2.1.2
2023-10-31 16:03:02,012 [INFO] ThirdParty:1030 - CMSIS Pack Vendor :STMicroelectronics X-CUBE-SFXS2LP1 4.0.0
2023-10-31 16:03:02,012 [INFO] ThirdParty:1030 - CMSIS Pack Vendor :STMicroelectronics X-CUBE-BLE2 3.3.0
2023-10-31 16:03:02,012 [INFO] ThirdParty:1030 - CMSIS Pack Vendor :STMicroelectronics PDM2PCM 3.2.0
2023-10-31 16:03:02,012 [INFO] ThirdParty:841 - exiting critical section [change project]
2023-10-31 16:03:02,613 [INFO] PinOutPanel:1499 - setPackage(No Configuration,No Configuration)
2023-10-31 16:03:02,613 [INFO] PinOutPanel:1499 - setPackage(STM32F446RETx,LQFP64)
2023-10-31 16:03:04,087 [INFO] UtilMem:75 - Before build in PCC Used Memory: 625198904 Bytes (740294656)
2023-10-31 16:03:05,573 [INFO] UtilMem:75 - After build in PCC Used Memory: 621765248 Bytes (740294656)
2023-10-31 16:03:05,654 [INFO] IPUIPlugin:80 - create IPUIPlugin
2023-10-31 16:03:05,654 [INFO] IPUIPlugin:80 - create IPUIPlugin
2023-10-31 16:03:05,654 [INFO] IPUIPlugin:80 - create IPUIPlugin
2023-10-31 16:03:05,654 [INFO] IPUIPlugin:80 - create IPUIPlugin
2023-10-31 16:03:05,654 [INFO] IPUIPlugin:80 - create IPUIPlugin
2023-10-31 16:03:05,654 [INFO] IPUIPlugin:80 - create IPUIPlugin
2023-10-31 16:03:05,654 [INFO] IPUIPlugin:80 - create IPUIPlugin
2023-10-31 16:03:05,654 [INFO] IPUIPlugin:80 - create IPUIPlugin
2023-10-31 16:03:05,654 [INFO] IPUIPlugin:80 - create IPUIPlugin
2023-10-31 16:03:05,654 [INFO] IPUIPlugin:80 - create IPUIPlugin
2023-10-31 16:03:05,654 [INFO] IPUIPlugin:80 - create IPUIPlugin
2023-10-31 16:03:05,654 [INFO] IPUIPlugin:80 - create IPUIPlugin
2023-10-31 16:03:05,654 [INFO] IPUIPlugin:80 - create IPUIPlugin
2023-10-31 16:03:05,654 [INFO] IPUIPlugin:80 - create IPUIPlugin
2023-10-31 16:03:05,654 [INFO] IPUIPlugin:80 - create IPUIPlugin
2023-10-31 16:03:05,654 [INFO] IPUIPlugin:80 - create IPUIPlugin
2023-10-31 16:03:05,654 [INFO] IPUIPlugin:80 - create IPUIPlugin
2023-10-31 16:03:05,654 [INFO] IPUIPlugin:80 - create IPUIPlugin
2023-10-31 16:03:05,654 [INFO] IPUIPlugin:80 - create IPUIPlugin
2023-10-31 16:03:05,654 [INFO] IPUIPlugin:80 - create IPUIPlugin
2023-10-31 16:03:05,654 [INFO] IPUIPlugin:80 - create IPUIPlugin
2023-10-31 16:03:05,654 [INFO] IPUIPlugin:80 - create IPUIPlugin
2023-10-31 16:03:05,662 [INFO] IPUIPlugin:80 - create IPUIPlugin
2023-10-31 16:03:05,662 [INFO] IPUIPlugin:80 - create IPUIPlugin
2023-10-31 16:03:05,662 [INFO] IPUIPlugin:80 - create IPUIPlugin
2023-10-31 16:03:05,662 [INFO] IPUIPlugin:80 - create IPUIPlugin
2023-10-31 16:03:05,664 [INFO] IPUIPlugin:80 - create IPUIPlugin
2023-10-31 16:03:05,664 [INFO] IPUIPlugin:80 - create IPUIPlugin
2023-10-31 16:03:05,664 [INFO] IPUIPlugin:80 - create IPUIPlugin
2023-10-31 16:03:05,664 [INFO] IPUIPlugin:80 - create IPUIPlugin
2023-10-31 16:03:05,664 [INFO] IPUIPlugin:80 - create IPUIPlugin
2023-10-31 16:03:05,664 [INFO] IPUIPlugin:80 - create IPUIPlugin
2023-10-31 16:03:05,664 [INFO] IPUIPlugin:80 - create IPUIPlugin
2023-10-31 16:03:05,664 [INFO] IPUIPlugin:80 - create IPUIPlugin
2023-10-31 16:03:05,664 [INFO] IPUIPlugin:80 - create IPUIPlugin
2023-10-31 16:03:05,664 [INFO] IPUIPlugin:80 - create IPUIPlugin
2023-10-31 16:03:05,664 [INFO] IPUIPlugin:80 - create IPUIPlugin
2023-10-31 16:03:05,664 [INFO] IPUIPlugin:80 - create IPUIPlugin
2023-10-31 16:03:05,672 [INFO] IPUIPlugin:80 - create IPUIPlugin
2023-10-31 16:03:05,672 [INFO] IPUIPlugin:80 - create IPUIPlugin
2023-10-31 16:03:05,672 [INFO] IPUIPlugin:80 - create IPUIPlugin
2023-10-31 16:03:05,674 [INFO] IPUIPlugin:80 - create IPUIPlugin
2023-10-31 16:03:05,674 [INFO] IPUIPlugin:80 - create IPUIPlugin
2023-10-31 16:03:05,674 [INFO] IPUIPlugin:80 - create IPUIPlugin
2023-10-31 16:03:05,674 [INFO] IPUIPlugin:80 - create IPUIPlugin
2023-10-31 16:03:05,674 [INFO] IPUIPlugin:80 - create IPUIPlugin
2023-10-31 16:03:05,674 [INFO] IPUIPlugin:80 - create IPUIPlugin
2023-10-31 16:03:05,674 [INFO] IPUIPlugin:80 - create IPUIPlugin
2023-10-31 16:03:05,674 [INFO] IPUIPlugin:80 - create IPUIPlugin
2023-10-31 16:03:05,674 [INFO] IPUIPlugin:80 - create IPUIPlugin
2023-10-31 16:03:05,674 [INFO] IPUIPlugin:80 - create IPUIPlugin
2023-10-31 16:03:05,674 [INFO] IPUIPlugin:80 - create IPUIPlugin
2023-10-31 16:03:05,682 [INFO] IPUIPlugin:80 - create IPUIPlugin
2023-10-31 16:03:05,682 [INFO] IPUIPlugin:80 - create IPUIPlugin
2023-10-31 16:03:05,684 [INFO] IPUIPlugin:80 - create IPUIPlugin
2023-10-31 16:03:05,684 [INFO] IPUIPlugin:80 - create IPUIPlugin
2023-10-31 16:03:05,704 [INFO] IPUIPlugin:80 - create IPUIPlugin
2023-10-31 16:03:05,714 [INFO] IPUIPlugin:80 - create IPUIPlugin
2023-10-31 16:03:05,714 [INFO] IPUIPlugin:80 - create IPUIPlugin
2023-10-31 16:03:05,714 [INFO] IPUIPlugin:80 - create IPUIPlugin
2023-10-31 16:03:05,843 [INFO] ApiDbMcu:507 - Load IP Config File for PDM2PCM
2023-10-31 16:03:06,317 [INFO] CADModel:165 - CPN selected for project levelSTM32F446RET6
2023-10-31 16:03:06,317 [INFO] CADModel:114 - Register for checkConnection events
2023-10-31 16:03:06,386 [INFO] OpenFileManager:328 - Restore cursor
2023-10-31 16:05:00,569 [INFO] UtilMem:75 - End SaveConfig() Used Memory: 719357968 Bytes (1073741824)
2023-10-31 16:08:38,901 [ERROR] LogOutputStream:75 - [STDERR_REDIRECT] Exception in thread "AWT-EventQueue-0" java.lang.ClassCastException: class sun.awt.windows.WEmbeddedFrame cannot be cast to class javax.swing.JFrame (sun.awt.windows.WEmbeddedFrame and javax.swing.JFrame are in module java.desktop of loader 'bootstrap')
2023-10-31 16:08:38,901 [ERROR] LogOutputStream:75 - [STDERR_REDIRECT] 	at com.st.microxplorer.plugins.clock.ClockConfigurationView.activatePlugin(ClockConfigurationView.java:425)
2023-10-31 16:08:38,901 [ERROR] LogOutputStream:75 - [STDERR_REDIRECT] 	at com.st.microxplorer.maingui.MainPanel$1.stateChanged(MainPanel.java:358)
2023-10-31 16:08:38,901 [ERROR] LogOutputStream:75 - [STDERR_REDIRECT] 	at java.desktop/javax.swing.JTabbedPane.fireStateChanged(JTabbedPane.java:418)
2023-10-31 16:08:38,901 [ERROR] LogOutputStream:75 - [STDERR_REDIRECT] 	at java.desktop/javax.swing.JTabbedPane$ModelListener.stateChanged(JTabbedPane.java:269)
2023-10-31 16:08:38,901 [ERROR] LogOutputStream:75 - [STDERR_REDIRECT] 	at java.desktop/javax.swing.DefaultSingleSelectionModel.fireStateChanged(DefaultSingleSelectionModel.java:143)
2023-10-31 16:08:38,901 [ERROR] LogOutputStream:75 - [STDERR_REDIRECT] 	at java.desktop/javax.swing.DefaultSingleSelectionModel.setSelectedIndex(DefaultSingleSelectionModel.java:74)
2023-10-31 16:08:38,901 [ERROR] LogOutputStream:75 - [STDERR_REDIRECT] 	at java.desktop/javax.swing.JTabbedPane.setSelectedIndexImpl(JTabbedPane.java:622)
2023-10-31 16:08:38,901 [ERROR] LogOutputStream:75 - [STDERR_REDIRECT] 	at java.desktop/javax.swing.JTabbedPane.setSelectedIndex(JTabbedPane.java:597)
2023-10-31 16:08:38,901 [ERROR] LogOutputStream:75 - [STDERR_REDIRECT] 	at java.desktop/javax.swing.plaf.basic.BasicTabbedPaneUI$Handler.mousePressed(BasicTabbedPaneUI.java:4090)
2023-10-31 16:08:38,901 [ERROR] LogOutputStream:75 - [STDERR_REDIRECT] 	at java.desktop/java.awt.Component.processMouseEvent(Component.java:6632)
2023-10-31 16:08:38,901 [ERROR] LogOutputStream:75 - [STDERR_REDIRECT] 	at java.desktop/javax.swing.JComponent.processMouseEvent(JComponent.java:3342)
2023-10-31 16:08:38,917 [ERROR] LogOutputStream:75 - [STDERR_REDIRECT] 	at java.desktop/java.awt.Component.processEvent(Component.java:6400)
2023-10-31 16:08:38,917 [ERROR] LogOutputStream:75 - [STDERR_REDIRECT] 	at java.desktop/java.awt.Container.processEvent(Container.java:2263)
2023-10-31 16:08:38,917 [ERROR] LogOutputStream:75 - [STDERR_REDIRECT] 	at java.desktop/java.awt.Component.dispatchEventImpl(Component.java:5011)
2023-10-31 16:08:38,917 [ERROR] LogOutputStream:75 - [STDERR_REDIRECT] 	at java.desktop/java.awt.Container.dispatchEventImpl(Container.java:2321)
2023-10-31 16:08:38,917 [ERROR] LogOutputStream:75 - [STDERR_REDIRECT] 	at java.desktop/java.awt.Component.dispatchEvent(Component.java:4843)
2023-10-31 16:08:38,917 [ERROR] LogOutputStream:75 - [STDERR_REDIRECT] 	at java.desktop/java.awt.LightweightDispatcher.retargetMouseEvent(Container.java:4918)
2023-10-31 16:08:38,917 [ERROR] LogOutputStream:75 - [STDERR_REDIRECT] 	at java.desktop/java.awt.LightweightDispatcher.processMouseEvent(Container.java:4544)
2023-10-31 16:08:38,917 [ERROR] LogOutputStream:75 - [STDERR_REDIRECT] 	at java.desktop/java.awt.LightweightDispatcher.dispatchEvent(Container.java:4488)
2023-10-31 16:08:38,917 [ERROR] LogOutputStream:75 - [STDERR_REDIRECT] 	at java.desktop/java.awt.Container.dispatchEventImpl(Container.java:2307)
2023-10-31 16:08:38,917 [ERROR] LogOutputStream:75 - [STDERR_REDIRECT] 	at java.desktop/java.awt.Component.dispatchEvent(Component.java:4843)
2023-10-31 16:08:38,917 [ERROR] LogOutputStream:75 - [STDERR_REDIRECT] 	at java.desktop/java.awt.EventQueue.dispatchEventImpl(EventQueue.java:772)
2023-10-31 16:08:38,917 [ERROR] LogOutputStream:75 - [STDERR_REDIRECT] 	at java.desktop/java.awt.EventQueue$4.run(EventQueue.java:721)
2023-10-31 16:08:38,917 [ERROR] LogOutputStream:75 - [STDERR_REDIRECT] 	at java.desktop/java.awt.EventQueue$4.run(EventQueue.java:715)
2023-10-31 16:08:38,917 [ERROR] LogOutputStream:75 - [STDERR_REDIRECT] 	at java.base/java.security.AccessController.doPrivileged(Native Method)
2023-10-31 16:08:38,917 [ERROR] LogOutputStream:75 - [STDERR_REDIRECT] 	at java.base/java.security.ProtectionDomain$JavaSecurityAccessImpl.doIntersectionPrivilege(ProtectionDomain.java:85)
2023-10-31 16:08:38,917 [ERROR] LogOutputStream:75 - [STDERR_REDIRECT] 	at java.base/java.security.ProtectionDomain$JavaSecurityAccessImpl.doIntersectionPrivilege(ProtectionDomain.java:95)
2023-10-31 16:08:38,917 [ERROR] LogOutputStream:75 - [STDERR_REDIRECT] 	at java.desktop/java.awt.EventQueue$5.run(EventQueue.java:745)
2023-10-31 16:08:38,932 [ERROR] LogOutputStream:75 - [STDERR_REDIRECT] 	at java.desktop/java.awt.EventQueue$5.run(EventQueue.java:743)
2023-10-31 16:08:38,932 [ERROR] LogOutputStream:75 - [STDERR_REDIRECT] 	at java.base/java.security.AccessController.doPrivileged(Native Method)
2023-10-31 16:08:38,932 [ERROR] LogOutputStream:75 - [STDERR_REDIRECT] 	at java.base/java.security.ProtectionDomain$JavaSecurityAccessImpl.doIntersectionPrivilege(ProtectionDomain.java:85)
2023-10-31 16:08:38,932 [ERROR] LogOutputStream:75 - [STDERR_REDIRECT] 	at java.desktop/java.awt.EventQueue.dispatchEvent(EventQueue.java:742)
2023-10-31 16:08:38,932 [ERROR] LogOutputStream:75 - [STDERR_REDIRECT] 	at java.desktop/java.awt.EventDispatchThread.pumpOneEventForFilters(EventDispatchThread.java:203)
2023-10-31 16:08:38,932 [ERROR] LogOutputStream:75 - [STDERR_REDIRECT] 	at java.desktop/java.awt.EventDispatchThread.pumpEventsForFilter(EventDispatchThread.java:124)
2023-10-31 16:08:38,932 [ERROR] LogOutputStream:75 - [STDERR_REDIRECT] 	at java.desktop/java.awt.EventDispatchThread.pumpEventsForHierarchy(EventDispatchThread.java:113)
2023-10-31 16:08:38,932 [ERROR] LogOutputStream:75 - [STDERR_REDIRECT] 	at java.desktop/java.awt.EventDispatchThread.pumpEvents(EventDispatchThread.java:109)
2023-10-31 16:08:38,932 [ERROR] LogOutputStream:75 - [STDERR_REDIRECT] 	at java.desktop/java.awt.EventDispatchThread.pumpEvents(EventDispatchThread.java:101)
2023-10-31 16:08:38,932 [ERROR] LogOutputStream:75 - [STDERR_REDIRECT] 	at java.desktop/java.awt.EventDispatchThread.run(EventDispatchThread.java:90)
2023-10-31 16:10:04,941 [INFO] NvicIntPanel:101 - NVIC parent = com.st.microxplorer.plugins.ip.nvic.MultiNvicIntPanel[,0,0,0x0,invalid,layout=javax.swing.BoxLayout,alignmentX=0.0,alignmentY=0.0,border=,flags=9,maximumSize=,minimumSize=,preferredSize=]
2023-10-31 16:10:07,687 [INFO] NvicIntPanel:101 - NVIC parent = com.st.microxplorer.plugins.ip.nvic.MultiNvicIntPanel[,0,0,0x0,invalid,layout=javax.swing.BoxLayout,alignmentX=0.0,alignmentY=0.0,border=,flags=9,maximumSize=,minimumSize=,preferredSize=]
2023-10-31 16:10:13,624 [INFO] NvicIntPanel:101 - NVIC parent = com.st.microxplorer.plugins.ip.nvic.MultiNvicIntPanel[,0,0,0x0,invalid,layout=javax.swing.BoxLayout,alignmentX=0.0,alignmentY=0.0,border=,flags=9,maximumSize=,minimumSize=,preferredSize=]
2023-10-31 16:10:18,452 [INFO] NvicIntPanel:101 - NVIC parent = com.st.microxplorer.plugins.ip.nvic.MultiNvicIntPanel[,0,0,0x0,invalid,layout=javax.swing.BoxLayout,alignmentX=0.0,alignmentY=0.0,border=,flags=9,maximumSize=,minimumSize=,preferredSize=]
2023-10-31 16:10:28,468 [INFO] NvicIntPanel:101 - NVIC parent = com.st.microxplorer.plugins.ip.nvic.MultiNvicIntPanel[,0,0,0x0,invalid,layout=javax.swing.BoxLayout,alignmentX=0.0,alignmentY=0.0,border=,flags=9,maximumSize=,minimumSize=,preferredSize=]
2023-10-31 16:10:38,267 [INFO] UtilMem:75 - End SaveConfig() Used Memory: 640214736 Bytes (1073741824)
2023-10-31 16:10:39,656 [INFO] UtilMem:75 - End SaveConfig() Used Memory: 662757072 Bytes (1073741824)
2023-10-31 16:10:39,903 [INFO] UtilMem:75 - End SaveConfig() Used Memory: 686352080 Bytes (1073741824)
2023-10-31 16:10:40,494 [INFO] BlockDiagram:2759 - set Specific Code input for plugin: TIM1_8
2023-10-31 16:10:40,494 [INFO] BlockDiagram:2759 - set Specific Code input for plugin: TIM1_8
2023-10-31 16:10:40,494 [INFO] BlockDiagram:2759 - set Specific Code input for plugin: TIM1_8
2023-10-31 16:10:40,494 [INFO] BlockDiagram:2759 - set Specific Code input for plugin: TIM1_8
2023-10-31 16:10:40,494 [INFO] BlockDiagram:2759 - set Specific Code input for plugin: ADC
2023-10-31 16:10:40,494 [INFO] BlockDiagram:2759 - set Specific Code input for plugin: RCC
2023-10-31 16:10:40,494 [INFO] BlockDiagram:2759 - set Specific Code input for plugin: NVIC
2023-10-31 16:10:40,494 [INFO] BlockDiagram:2759 - set Specific Code input for plugin: DMA
2023-10-31 16:10:40,494 [INFO] BlockDiagram:2759 - set Specific Code input for plugin: TIM1_8
2023-10-31 16:10:40,494 [INFO] BlockDiagram:2759 - set Specific Code input for plugin: GPIO
2023-10-31 16:10:40,494 [INFO] CodeGenerator:793 - code generatio: config db path: C:/Users/m-ali.khlifi-ext/.stm32cubemx/databases/DB.6.0.80/db/
2023-10-31 16:10:41,107 [INFO] CodeEngine:255 - oldGeneratedFile, C:\Users\m-ali.khlifi-ext\OneDrive - DELACHAUX SA\work2\cadilac1.1\MXTmpFiles\license.tmp_save
2023-10-31 16:10:42,150 [INFO] CodeEngine:279 - Generated code: C:\Users\m-ali.khlifi-ext\OneDrive - DELACHAUX SA\work2\cadilac1.1\MXTmpFiles\license.tmp
2023-10-31 16:10:42,288 [INFO] CodeEngine:255 - oldGeneratedFile, C:\Users\m-ali.khlifi-ext\OneDrive - DELACHAUX SA\work2\cadilac1.1\Core\Src\gpio.c_save
2023-10-31 16:10:42,588 [INFO] CodeEngine:279 - Generated code: C:\Users\m-ali.khlifi-ext\OneDrive - DELACHAUX SA\work2\cadilac1.1\Core\Src\gpio.c
2023-10-31 16:10:42,620 [INFO] CodeEngine:255 - oldGeneratedFile, C:\Users\m-ali.khlifi-ext\OneDrive - DELACHAUX SA\work2\cadilac1.1\Core\Inc\gpio.h_save
2023-10-31 16:10:42,767 [INFO] CodeEngine:279 - Generated code: C:\Users\m-ali.khlifi-ext\OneDrive - DELACHAUX SA\work2\cadilac1.1\Core\Inc\gpio.h
2023-10-31 16:10:43,368 [INFO] CodeEngine:255 - oldGeneratedFile, C:\Users\m-ali.khlifi-ext\OneDrive - DELACHAUX SA\work2\cadilac1.1\Core\Src\adc.c_save
2023-10-31 16:10:43,607 [INFO] CodeEngine:279 - Generated code: C:\Users\m-ali.khlifi-ext\OneDrive - DELACHAUX SA\work2\cadilac1.1\Core\Src\adc.c
2023-10-31 16:10:43,638 [INFO] CodeEngine:255 - oldGeneratedFile, C:\Users\m-ali.khlifi-ext\OneDrive - DELACHAUX SA\work2\cadilac1.1\Core\Inc\adc.h_save
2023-10-31 16:10:43,754 [INFO] CodeEngine:279 - Generated code: C:\Users\m-ali.khlifi-ext\OneDrive - DELACHAUX SA\work2\cadilac1.1\Core\Inc\adc.h
2023-10-31 16:10:43,807 [INFO] CodeEngine:255 - oldGeneratedFile, C:\Users\m-ali.khlifi-ext\OneDrive - DELACHAUX SA\work2\cadilac1.1\Core\Src\dma.c_save
2023-10-31 16:10:43,907 [INFO] CodeEngine:279 - Generated code: C:\Users\m-ali.khlifi-ext\OneDrive - DELACHAUX SA\work2\cadilac1.1\Core\Src\dma.c
2023-10-31 16:10:43,938 [INFO] CodeEngine:255 - oldGeneratedFile, C:\Users\m-ali.khlifi-ext\OneDrive - DELACHAUX SA\work2\cadilac1.1\Core\Inc\dma.h_save
2023-10-31 16:10:44,039 [INFO] CodeEngine:279 - Generated code: C:\Users\m-ali.khlifi-ext\OneDrive - DELACHAUX SA\work2\cadilac1.1\Core\Inc\dma.h
2023-10-31 16:10:44,092 [INFO] CodeEngine:255 - oldGeneratedFile, C:\Users\m-ali.khlifi-ext\OneDrive - DELACHAUX SA\work2\cadilac1.1\Core\Src\tim.c_save
2023-10-31 16:10:44,355 [INFO] CodeEngine:279 - Generated code: C:\Users\m-ali.khlifi-ext\OneDrive - DELACHAUX SA\work2\cadilac1.1\Core\Src\tim.c
2023-10-31 16:10:44,386 [INFO] CodeEngine:255 - oldGeneratedFile, C:\Users\m-ali.khlifi-ext\OneDrive - DELACHAUX SA\work2\cadilac1.1\Core\Inc\tim.h_save
2023-10-31 16:10:44,555 [INFO] CodeEngine:279 - Generated code: C:\Users\m-ali.khlifi-ext\OneDrive - DELACHAUX SA\work2\cadilac1.1\Core\Inc\tim.h
2023-10-31 16:10:44,625 [INFO] CodeEngine:255 - oldGeneratedFile, C:\Users\m-ali.khlifi-ext\OneDrive - DELACHAUX SA\work2\cadilac1.1\Core\Src\stm32f4xx_it.c_save
2023-10-31 16:10:44,766 [INFO] CodeEngine:279 - Generated code: C:\Users\m-ali.khlifi-ext\OneDrive - DELACHAUX SA\work2\cadilac1.1\Core\Src\stm32f4xx_it.c
2023-10-31 16:10:44,796 [INFO] CodeEngine:255 - oldGeneratedFile, C:\Users\m-ali.khlifi-ext\OneDrive - DELACHAUX SA\work2\cadilac1.1\Core\Inc\stm32f4xx_it.h_save
2023-10-31 16:10:44,896 [INFO] CodeEngine:279 - Generated code: C:\Users\m-ali.khlifi-ext\OneDrive - DELACHAUX SA\work2\cadilac1.1\Core\Inc\stm32f4xx_it.h
2023-10-31 16:10:45,017 [INFO] CodeEngine:255 - oldGeneratedFile, C:\Users\m-ali.khlifi-ext\OneDrive - DELACHAUX SA\work2\cadilac1.1\Core\Src\stm32f4xx_hal_msp.c_save
2023-10-31 16:10:45,217 [INFO] CodeEngine:279 - Generated code: C:\Users\m-ali.khlifi-ext\OneDrive - DELACHAUX SA\work2\cadilac1.1\Core\Src\stm32f4xx_hal_msp.c
2023-10-31 16:10:45,233 [INFO] CodeEngine:255 - oldGeneratedFile, C:\Users\m-ali.khlifi-ext\OneDrive - DELACHAUX SA\work2\cadilac1.1\MXTmpFiles\system.tmp_save
2023-10-31 16:10:45,339 [INFO] CodeEngine:279 - Generated code: C:\Users\m-ali.khlifi-ext\OneDrive - DELACHAUX SA\work2\cadilac1.1\MXTmpFiles\system.tmp
2023-10-31 16:10:45,389 [INFO] CodeEngine:311 - oldGeneratedFile, C:\Users\m-ali.khlifi-ext\OneDrive - DELACHAUX SA\work2\cadilac1.1\Core\Inc\stm32f4xx_hal_conf.h_save
2023-10-31 16:10:45,984 [INFO] CodeEngine:335 - Generated code: C:\Users\m-ali.khlifi-ext\OneDrive - DELACHAUX SA\work2\cadilac1.1\Core\Inc\stm32f4xx_hal_conf.h
2023-10-31 16:10:46,053 [WARN] IPConfigManager:2937 - Warning: the RefConfig PLL2P_FOR_MCO is not available in your config.xml file
2023-10-31 16:10:46,115 [INFO] CodeEngine:255 - oldGeneratedFile, C:\Users\m-ali.khlifi-ext\OneDrive - DELACHAUX SA\work2\cadilac1.1\Core\Inc\main.h_save
2023-10-31 16:10:46,231 [INFO] CodeEngine:279 - Generated code: C:\Users\m-ali.khlifi-ext\OneDrive - DELACHAUX SA\work2\cadilac1.1\Core\Inc\main.h
2023-10-31 16:10:46,253 [INFO] CodeEngine:255 - oldGeneratedFile, C:\Users\m-ali.khlifi-ext\OneDrive - DELACHAUX SA\work2\cadilac1.1\Core\Src\main.c_save
2023-10-31 16:10:46,431 [INFO] CodeEngine:279 - Generated code: C:\Users\m-ali.khlifi-ext\OneDrive - DELACHAUX SA\work2\cadilac1.1\Core\Src\main.c
2023-10-31 16:10:49,406 [INFO] ProjectBuilder:2996 - Time for Copy HAL[1] : 2393mS.
2023-10-31 16:10:49,422 [INFO] ProjectBuilder:4304 - Project Generator version: 3.19.2
2023-10-31 16:10:49,660 [INFO] ConfigFileManager:1483 - The Die is : DIE421
2023-10-31 16:10:49,675 [INFO] ApiDbMcu:507 - Load IP Config File for FATFS
2023-10-31 16:10:49,691 [INFO] ApiDbMcu:507 - Load IP Config File for FREERTOS
2023-10-31 16:10:49,691 [INFO] ApiDbMcu:507 - Load IP Config File for LIBJPEG
2023-10-31 16:10:49,707 [INFO] ApiDbMcu:507 - Load IP Config File for MBEDTLS
2023-10-31 16:10:49,722 [INFO] ApiDbMcu:507 - Load IP Config File for USB_DEVICE
2023-10-31 16:10:49,722 [INFO] ApiDbMcu:507 - Load IP Config File for USB_HOST
2023-10-31 16:10:51,198 [INFO] LogOutputStream:77 - [STDOUT_REDIRECT] 
2023-10-31 16:10:54,062 [INFO] ProjectBuilder:4505 - Time for Generating toolchain IDE Files: 4640mS.
2023-10-31 16:10:54,062 [INFO] ProjectBuilder:2867 - Time for Copy CMSIS : 0mS.
2023-10-31 16:10:54,078 [INFO] ProjectBuilder:2867 - Time for Copy CMSIS : 0mS.
2023-10-31 16:56:35,225 [INFO] MainUpdater:2854 - connection check result : 10
2023-10-31 16:56:35,225 [INFO] MainUpdater:2854 - connection check result : 10
2023-10-31 16:56:35,241 [INFO] MicroXplorer:468 - Change Database Path : 
2023-10-31 16:56:35,241 [INFO] MicroXplorer:498 - Change Database Version : DB.6.0.81
2023-10-31 16:56:35,256 [WARN] ThirdParty:871 - waiting for thirdparty lock release [close project]
2023-10-31 16:56:35,256 [INFO] ThirdParty:873 - entering critical section [close project]
2023-10-31 16:56:35,256 [INFO] ThirdParty:883 - exiting critical section [close project]
2023-10-31 16:56:35,256 [INFO] PinOutPanel:1499 - setPackage(No Configuration,No Configuration)
2023-10-31 16:56:35,272 [WARN] IpParametersView:150 - Warning: This peripheral hasn't parameters
2023-10-31 16:56:35,279 [WARN] MainPanel:257 - <html><b><center>Warning: This peripheral has no parameters to be configured<br></b></html>
2023-10-31 16:56:35,279 [INFO] UtilMem:75 - Begin LoadConfig() Used Memory: 659516592 Bytes (1073741824)
2023-10-31 16:56:35,279 [INFO] MicroXplorer:468 - Change Database Path : C:/Users/m-ali.khlifi-ext/.stm32cubemx/databases/DB.6.0.80/db/
2023-10-31 16:56:35,279 [INFO] MicroXplorer:498 - Change Database Version : DB.6.0.80
2023-10-31 16:56:36,886 [INFO] OpenFileManager:308 - Change cursor
2023-10-31 16:56:36,933 [INFO] RulesReader:64 - Compatibility file has been processed (293 Rules)
2023-10-31 16:56:36,933 [INFO] Mcu:1937 - Initializing MCU STM32F446R(C-E)Tx STM32F446RETx STM32F446RET6
2023-10-31 16:56:38,053 [INFO] Context:659 - Trying to add GPIOservice into a context  which must be forbidden
2023-10-31 16:56:38,478 [INFO] RtosManager:555 - Registered RTOS mode: class=CMSIS, group=RTOS, mode=CMSIS_V1, owner=FREERTOS
2023-10-31 16:56:38,478 [INFO] RtosManager:555 - Registered RTOS mode: class=CMSIS, group=RTOS2, mode=CMSIS_V2, owner=FREERTOS
2023-10-31 16:56:38,478 [INFO] RtosManager:555 - Registered RTOS mode: class=RTOS, group=Core, mode=CMSIS_V1, owner=FREERTOS
2023-10-31 16:56:38,478 [INFO] RtosManager:555 - Registered RTOS mode: class=RTOS, group=Core, mode=CMSIS_V2, owner=FREERTOS
2023-10-31 16:56:38,478 [WARN] ModelIntegratedComponent:184 - Missing modes for component STMicroelectronics:FreeRTOS:0.0.1:STMicroelectronics:RTOS:FreeRTOS:Core:::10.2.0:
2023-10-31 16:56:38,494 [WARN] ModelIntegratedComponent:63 - No mode defined for component null
2023-10-31 16:56:38,494 [WARN] ModelIntegratedComponent:63 - No mode defined for component null
2023-10-31 16:56:38,494 [WARN] ModelIntegratedComponent:63 - No mode defined for component null
2023-10-31 16:56:38,494 [WARN] ModelIntegratedComponent:63 - No mode defined for component null
2023-10-31 16:56:38,494 [WARN] ModelIntegratedComponent:63 - No mode defined for component null
2023-10-31 16:56:38,494 [WARN] ModelIntegratedComponent:63 - No mode defined for component null
2023-10-31 16:56:38,494 [WARN] ModelIntegratedComponent:63 - No mode defined for component null
2023-10-31 16:56:38,494 [WARN] ModelIntegratedComponent:63 - No mode defined for component null
2023-10-31 16:56:38,494 [WARN] ModelIntegratedComponent:63 - No mode defined for component null
2023-10-31 16:56:38,494 [WARN] ModelIntegratedComponent:63 - No mode defined for component null
2023-10-31 16:56:38,494 [WARN] ModelIntegratedComponent:63 - No mode defined for component null
2023-10-31 16:56:38,494 [WARN] ModelIntegratedComponent:63 - No mode defined for component null
2023-10-31 16:56:38,494 [WARN] ModelIntegratedComponent:63 - No mode defined for component null
2023-10-31 16:56:38,494 [WARN] ModelIntegratedComponent:63 - No mode defined for component null
2023-10-31 16:56:38,494 [WARN] ModelIntegratedComponent:63 - No mode defined for component null
2023-10-31 16:56:38,494 [WARN] ModelIntegratedComponent:63 - No mode defined for component null
2023-10-31 16:56:38,494 [WARN] ModelIntegratedComponent:63 - No mode defined for component null
2023-10-31 16:56:38,494 [WARN] ModelIntegratedComponent:63 - No mode defined for component null
2023-10-31 16:56:38,494 [WARN] ModelIntegratedComponent:63 - No mode defined for component null
2023-10-31 16:56:38,494 [WARN] ModelIntegratedComponent:63 - No mode defined for component null
2023-10-31 16:56:38,494 [WARN] ModelIntegratedComponent:63 - No mode defined for component null
2023-10-31 16:56:38,494 [WARN] ModelIntegratedComponent:63 - No mode defined for component null
2023-10-31 16:56:38,494 [WARN] ModelIntegratedComponent:63 - No mode defined for component null
2023-10-31 16:56:38,494 [WARN] ModelIntegratedComponent:63 - No mode defined for component null
2023-10-31 16:56:38,494 [WARN] ModelIntegratedComponent:63 - No mode defined for component null
2023-10-31 16:56:38,494 [WARN] ModelIntegratedComponent:63 - No mode defined for component null
2023-10-31 16:56:38,494 [WARN] ModelIntegratedComponent:63 - No mode defined for component null
2023-10-31 16:56:38,494 [WARN] ModelIntegratedComponent:63 - No mode defined for component null
2023-10-31 16:56:38,494 [WARN] ModelIntegratedComponent:63 - No mode defined for component null
2023-10-31 16:56:38,494 [WARN] ModelIntegratedComponent:63 - No mode defined for component null
2023-10-31 16:56:38,494 [WARN] ModelIntegratedComponent:63 - No mode defined for component null
2023-10-31 16:56:38,494 [WARN] ModelIntegratedComponent:63 - No mode defined for component null
2023-10-31 16:56:38,494 [WARN] ModelIntegratedComponent:63 - No mode defined for component null
2023-10-31 16:56:38,587 [INFO] ThirdPartyModel:298 - Start build external matchings
2023-10-31 16:56:39,185 [INFO] ThirdPartyModel:316 - End build external matchings
2023-10-31 16:56:39,205 [INFO] ImportTextPane:194 - (OptionalMessage_ERROR) IP (DMA) : Parameter (Instance) has Id (ADC1) currently not set
2023-10-31 16:56:39,205 [INFO] ImportTextPane:194 - (OptionalMessage_ERROR) IP (DMA) : Parameter (Channel) has Id (ADC1) currently not set
2023-10-31 16:56:39,205 [INFO] ImportTextPane:194 - (OptionalMessage_ERROR) IP (DMA) : Parameter (Direction) has Id (ADC1) currently not set
2023-10-31 16:56:39,205 [INFO] ImportTextPane:194 - (OptionalMessage_ERROR) IP (DMA) : Parameter (PeriphInc) has Id (ADC1) currently not set
2023-10-31 16:56:39,205 [INFO] ImportTextPane:194 - (OptionalMessage_ERROR) IP (DMA) : Parameter (MemInc) has Id (ADC1) currently not set
2023-10-31 16:56:39,205 [INFO] ImportTextPane:194 - (OptionalMessage_ERROR) IP (DMA) : Parameter (PeriphDataAlignment) has Id (ADC1) currently not set
2023-10-31 16:56:39,205 [INFO] ImportTextPane:194 - (OptionalMessage_ERROR) IP (DMA) : Parameter (MemDataAlignment) has Id (ADC1) currently not set
2023-10-31 16:56:39,205 [INFO] ImportTextPane:194 - (OptionalMessage_ERROR) IP (DMA) : Parameter (Mode) has Id (ADC1) currently not set
2023-10-31 16:56:39,205 [INFO] ImportTextPane:194 - (OptionalMessage_ERROR) IP (DMA) : Parameter (Priority) has Id (ADC1) currently not set
2023-10-31 16:56:39,205 [INFO] ImportTextPane:194 - (OptionalMessage_ERROR) IP (DMA) : Parameter (FIFOMode) has Id (ADC1) currently not set
2023-10-31 16:56:39,205 [INFO] ImportTextPane:194 - (OptionalMessage_ERROR) IP (RCC) : Invalid parameter (FamilyName)
2023-10-31 16:56:39,205 [INFO] ImportTextPane:194 - (OptionalMessage_ERROR) IP (RCC) : Parameter (MCO2PinFreq_Value) has invalid value (180000000)
2023-10-31 16:56:39,205 [INFO] ImportTextPane:194 - (OptionalMessage_ERROR) IP (RCC) : Parameter (SDIOFreq_Value) has invalid value (120000000)
2023-10-31 16:56:39,205 [INFO] ImportTextPane:194 - (OptionalMessage_ERROR) IP (RCC) : Parameter (USBFreq_Value) has invalid value (120000000)
2023-10-31 16:56:39,416 [INFO] UtilMem:75 - End LoadConfig() Used Memory: 738897520 Bytes (1073741824)
2023-10-31 16:56:39,446 [WARN] ThirdParty:833 - waiting for thirdparty lock release [change project]
2023-10-31 16:56:39,446 [INFO] ThirdParty:835 - entering critical section [change project]
2023-10-31 16:56:39,446 [INFO] ThirdParty:1030 - CMSIS Pack Vendor :STMicroelectronics X-CUBE-ISPU 1.1.0
2023-10-31 16:56:39,446 [INFO] ThirdParty:1030 - CMSIS Pack Vendor :STMicroelectronics X-CUBE-GNSS1 6.0.0
2023-10-31 16:56:39,446 [INFO] ThirdParty:1030 - CMSIS Pack Vendor :STMicroelectronics USB_HOST 2.0.0
2023-10-31 16:56:39,446 [INFO] ThirdParty:1030 - CMSIS Pack Vendor :STMicroelectronics X-CUBE-AZRTOS-F4 1.1.0
2023-10-31 16:56:39,446 [INFO] ThirdParty:1030 - CMSIS Pack Vendor :STMicroelectronics LIBJPEG 8.0.0
2023-10-31 16:56:39,446 [INFO] ThirdParty:1030 - CMSIS Pack Vendor :STMicroelectronics X-CUBE-SMBUS 2.1.0
2023-10-31 16:56:39,446 [INFO] ThirdParty:1030 - CMSIS Pack Vendor :wolfSSL I-CUBE-wolfSSL 5.6.0
2023-10-31 16:56:39,446 [INFO] ThirdParty:1030 - CMSIS Pack Vendor :STMicroelectronics USB_DEVICE 3.0.0
2023-10-31 16:56:39,446 [INFO] ThirdParty:1030 - CMSIS Pack Vendor :STMicroelectronics X-CUBE-AI 8.0.0
2023-10-31 16:56:39,446 [INFO] ThirdParty:1030 - CMSIS Pack Vendor :STMicroelectronics X-CUBE-AZRTOS-WB 2.0.0
2023-10-31 16:56:39,446 [INFO] ThirdParty:1030 - CMSIS Pack Vendor :STMicroelectronics X-CUBE-FREERTOS 1.0.1
2023-10-31 16:56:39,446 [INFO] ThirdParty:1030 - CMSIS Pack Vendor :STMicroelectronics X-CUBE-TOUCHGFX 4.21.3
2023-10-31 16:56:39,446 [INFO] ThirdParty:1030 - CMSIS Pack Vendor :STMicroelectronics X-CUBE-AZRTOS-F7 1.1.0
2023-10-31 16:56:39,446 [INFO] ThirdParty:1030 - CMSIS Pack Vendor :STMicroelectronics X-CUBE-TOUCHGFX 4.21.4
2023-10-31 16:56:39,446 [INFO] ThirdParty:1030 - CMSIS Pack Vendor :STMicroelectronics X-CUBE-AZRTOS-L5 2.0.0
2023-10-31 16:56:39,446 [INFO] ThirdParty:1030 - CMSIS Pack Vendor :STMicroelectronics USB_DEVICE 2.0.0
2023-10-31 16:56:39,446 [INFO] ThirdParty:1030 - CMSIS Pack Vendor :STMicroelectronics X-CUBE-MEMS1 9.6.0
2023-10-31 16:56:39,446 [INFO] ThirdParty:1030 - CMSIS Pack Vendor :STMicroelectronics X-CUBE-EEPRMA1 4.2.0
2023-10-31 16:56:39,446 [INFO] ThirdParty:1030 - CMSIS Pack Vendor :ITTIA_DB I-CUBE-ITTIADB 8.8.0
2023-10-31 16:56:39,446 [INFO] ThirdParty:1030 - CMSIS Pack Vendor :STMicroelectronics FP-SNS-MOTENV1 4.3.0
2023-10-31 16:56:39,446 [INFO] ThirdParty:1030 - CMSIS Pack Vendor :STMicroelectronics FP-SNS-MOTENV1 4.3.2
2023-10-31 16:56:39,446 [INFO] ThirdParty:1030 - CMSIS Pack Vendor :STMicroelectronics FP-SNS-FLIGHT1 5.0.0
2023-10-31 16:56:39,446 [INFO] ThirdParty:1030 - CMSIS Pack Vendor :STMicroelectronics FP-SNS-MOTENV1 4.3.1
2023-10-31 16:56:39,446 [INFO] ThirdParty:1030 - CMSIS Pack Vendor :STMicroelectronics FP-SNS-FLIGHT1 5.0.1
2023-10-31 16:56:39,446 [INFO] ThirdParty:1030 - CMSIS Pack Vendor :STMicroelectronics X-CUBE-ALGOBUILD 1.3.0
2023-10-31 16:56:39,446 [INFO] ThirdParty:1030 - CMSIS Pack Vendor :STMicroelectronics X-CUBE-BLE1 6.2.4
2023-10-31 16:56:39,446 [INFO] ThirdParty:1030 - CMSIS Pack Vendor :STMicroelectronics X-CUBE-AZRTOS-L5 1.1.0
2023-10-31 16:56:39,446 [INFO] ThirdParty:1030 - CMSIS Pack Vendor :STMicroelectronics FreeRTOS 0.0.1
2023-10-31 16:56:39,446 [INFO] ThirdParty:1030 - CMSIS Pack Vendor :STMicroelectronics X-CUBE-AZRTOS-G0 1.1.0
2023-10-31 16:56:39,446 [INFO] ThirdParty:1030 - CMSIS Pack Vendor :emotas I-CUBE-CANOPEN 1.1.3
2023-10-31 16:56:39,446 [INFO] ThirdParty:1030 - CMSIS Pack Vendor :STMicroelectronics X-CUBE-BLEMGR 2.0.0
2023-10-31 16:56:39,446 [INFO] ThirdParty:1030 - CMSIS Pack Vendor :STMicroelectronics X-CUBE-AI 8.0.1
2023-10-31 16:56:39,446 [INFO] ThirdParty:1030 - CMSIS Pack Vendor :STMicroelectronics X-CUBE-NFC4 3.0.0
2023-10-31 16:56:39,446 [INFO] ThirdParty:1030 - CMSIS Pack Vendor :STMicroelectronics X-CUBE-SUBG2 5.0.0
2023-10-31 16:56:39,446 [INFO] ThirdParty:1030 - CMSIS Pack Vendor :STMicroelectronics STM32_WPAN 1.0.0
2023-10-31 16:56:39,446 [INFO] ThirdParty:1030 - CMSIS Pack Vendor :STMicroelectronics lwIP 2.0.3
2023-10-31 16:56:39,446 [INFO] ThirdParty:1030 - CMSIS Pack Vendor :STMicroelectronics FP-SNS-FLIGHT1 5.0.2
2023-10-31 16:56:39,446 [INFO] ThirdParty:1030 - CMSIS Pack Vendor :STMicroelectronics USB_HOST 1.0.0
2023-10-31 16:56:39,446 [INFO] ThirdParty:1030 - CMSIS Pack Vendor :STMicroelectronics X-CUBE-TOF1 3.3.1
2023-10-31 16:56:39,446 [INFO] ThirdParty:1030 - CMSIS Pack Vendor :STMicroelectronics X-CUBE-AZRTOS-G4 2.0.0
2023-10-31 16:56:39,446 [INFO] ThirdParty:1030 - CMSIS Pack Vendor :STMicroelectronics PDM2PCM 3.1.0
2023-10-31 16:56:39,446 [INFO] ThirdParty:1030 - CMSIS Pack Vendor :STMicroelectronics X-CUBE-AZRTOS-H7 3.1.0
2023-10-31 16:56:39,446 [INFO] ThirdParty:1030 - CMSIS Pack Vendor :STMicroelectronics X-CUBE-TOF1 3.3.0
2023-10-31 16:56:39,446 [INFO] ThirdParty:1030 - CMSIS Pack Vendor :Infineon AIROC-Wi-Fi-Bluetooth-STM32 1.5.1
2023-10-31 16:56:39,446 [INFO] ThirdParty:1030 - CMSIS Pack Vendor :STMicroelectronics X-CUBE-BLEMGR 3.0.0
2023-10-31 16:56:39,446 [INFO] ThirdParty:1030 - CMSIS Pack Vendor :STMicroelectronics PDM2PCM 3.3.0
2023-10-31 16:56:39,446 [INFO] ThirdParty:1030 - CMSIS Pack Vendor :STMicroelectronics X-CUBE-DISPLAY 3.0.0
2023-10-31 16:56:39,446 [INFO] ThirdParty:1030 - CMSIS Pack Vendor :STMicroelectronics X-CUBE-BLE1 7.0.0
2023-10-31 16:56:39,446 [INFO] ThirdParty:1030 - CMSIS Pack Vendor :STMicroelectronics FP-ATR-SIGFOX1 3.2.0
2023-10-31 16:56:39,446 [INFO] ThirdParty:1030 - CMSIS Pack Vendor :STMicroelectronics X-CUBE-AZRTOS-L4 1.0.0
2023-10-31 16:56:39,446 [INFO] ThirdParty:1030 - CMSIS Pack Vendor :STMicroelectronics HAL Drivers 0.0.0
2023-10-31 16:56:39,446 [INFO] ThirdParty:1030 - CMSIS Pack Vendor :STMicroelectronics MBEDTLS 2.16.2
2023-10-31 16:56:39,446 [INFO] ThirdParty:1030 - CMSIS Pack Vendor :STMicroelectronics X-CUBE-MEMS1 10.0.0
2023-10-31 16:56:39,446 [INFO] ThirdParty:1030 - CMSIS Pack Vendor :STMicroelectronics X-CUBE-FREERTOS 1.1.0
2023-10-31 16:56:39,446 [INFO] ThirdParty:1030 - CMSIS Pack Vendor :STMicroelectronics X-CUBE-TOUCHGFX 4.22.0
2023-10-31 16:56:39,446 [INFO] ThirdParty:1030 - CMSIS Pack Vendor :STMicroelectronics X-CUBE-NFC7 1.0.1
2023-10-31 16:56:39,446 [INFO] ThirdParty:1030 - CMSIS Pack Vendor :STMicroelectronics MBEDTLS 2.14.1
2023-10-31 16:56:39,446 [INFO] ThirdParty:1030 - CMSIS Pack Vendor :STMicroelectronics X-CUBE-NFC7 1.0.0
2023-10-31 16:56:39,446 [INFO] ThirdParty:1030 - CMSIS Pack Vendor :STMicroelectronics X-CUBE-TOUCHGFX 4.22.1
2023-10-31 16:56:39,446 [INFO] ThirdParty:1030 - CMSIS Pack Vendor :STMicroelectronics X-CUBE-AZRTOS-WL 1.0.0
2023-10-31 16:56:39,446 [INFO] ThirdParty:1030 - CMSIS Pack Vendor :STMicroelectronics X-CUBE-NFC6 3.0.0
2023-10-31 16:56:39,446 [INFO] ThirdParty:1030 - CMSIS Pack Vendor :STMicroelectronics X-CUBE-EEPRMA1 4.1.0
2023-10-31 16:56:39,446 [INFO] ThirdParty:1030 - CMSIS Pack Vendor :portGmbH I-Cube-SoM-uGOAL 1.1.0
2023-10-31 16:56:39,446 [INFO] ThirdParty:1030 - CMSIS Pack Vendor :STMicroelectronics X-CUBE-ALS 1.0.1
2023-10-31 16:56:39,446 [INFO] ThirdParty:1030 - CMSIS Pack Vendor :STMicroelectronics ThreadX 1.0.0
2023-10-31 16:56:39,446 [INFO] ThirdParty:1030 - CMSIS Pack Vendor :STMicroelectronics FP-SNS-SMARTAG2 1.2.0
2023-10-31 16:56:39,446 [INFO] ThirdParty:1030 - CMSIS Pack Vendor :STMicroelectronics X-CUBE-AZRTOS-WB 1.1.0
2023-10-31 16:56:39,446 [INFO] ThirdParty:1030 - CMSIS Pack Vendor :STMicroelectronics X-CUBE-AZRTOS-WL 2.0.0
2023-10-31 16:56:39,446 [INFO] ThirdParty:1030 - CMSIS Pack Vendor :SEGGER I-CUBE-embOS 1.3.1
2023-10-31 16:56:39,446 [INFO] ThirdParty:1030 - CMSIS Pack Vendor :STMicroelectronics USB_DEVICE 1.0.0
2023-10-31 16:56:39,446 [INFO] ThirdParty:1030 - CMSIS Pack Vendor :STMicroelectronics X-CUBE-AI 8.1.0
2023-10-31 16:56:39,446 [INFO] ThirdParty:1030 - CMSIS Pack Vendor :STMicroelectronics X-CUBE-AZRTOS-L4 2.0.0
2023-10-31 16:56:39,446 [INFO] ThirdParty:1030 - CMSIS Pack Vendor :STMicroelectronics ThreadX 0.0.2
2023-10-31 16:56:39,446 [INFO] ThirdParty:1030 - CMSIS Pack Vendor :WES I-CUBE-Cesium 1.3.0
2023-10-31 16:56:39,446 [INFO] ThirdParty:1030 - CMSIS Pack Vendor :STMicroelectronics FP-ATR-ASTRA1 2.0.0
2023-10-31 16:56:39,446 [INFO] ThirdParty:1030 - CMSIS Pack Vendor :STMicroelectronics lwIP 2.1.2
2023-10-31 16:56:39,446 [INFO] ThirdParty:1030 - CMSIS Pack Vendor :STMicroelectronics X-CUBE-SFXS2LP1 4.0.0
2023-10-31 16:56:39,446 [INFO] ThirdParty:1030 - CMSIS Pack Vendor :STMicroelectronics X-CUBE-BLE2 3.3.0
2023-10-31 16:56:39,446 [INFO] ThirdParty:1030 - CMSIS Pack Vendor :STMicroelectronics PDM2PCM 3.2.0
2023-10-31 16:56:39,446 [INFO] ThirdParty:841 - exiting critical section [change project]
2023-10-31 16:56:39,600 [INFO] PinOutPanel:1499 - setPackage(No Configuration,No Configuration)
2023-10-31 16:56:39,600 [INFO] PinOutPanel:1499 - setPackage(STM32F446RETx,LQFP64)
2023-10-31 16:56:40,017 [INFO] UtilMem:75 - Before build in PCC Used Memory: 713443088 Bytes (1073741824)
2023-10-31 16:56:40,393 [INFO] UtilMem:75 - After build in PCC Used Memory: 761677584 Bytes (1073741824)
2023-10-31 16:56:40,424 [INFO] IPUIPlugin:80 - create IPUIPlugin
2023-10-31 16:56:40,424 [INFO] IPUIPlugin:80 - create IPUIPlugin
2023-10-31 16:56:40,424 [INFO] IPUIPlugin:80 - create IPUIPlugin
2023-10-31 16:56:40,424 [INFO] IPUIPlugin:80 - create IPUIPlugin
2023-10-31 16:56:40,424 [INFO] IPUIPlugin:80 - create IPUIPlugin
2023-10-31 16:56:40,424 [INFO] IPUIPlugin:80 - create IPUIPlugin
2023-10-31 16:56:40,424 [INFO] IPUIPlugin:80 - create IPUIPlugin
2023-10-31 16:56:40,424 [INFO] IPUIPlugin:80 - create IPUIPlugin
2023-10-31 16:56:40,424 [INFO] IPUIPlugin:80 - create IPUIPlugin
2023-10-31 16:56:40,424 [INFO] IPUIPlugin:80 - create IPUIPlugin
2023-10-31 16:56:40,440 [INFO] IPUIPlugin:80 - create IPUIPlugin
2023-10-31 16:56:40,440 [INFO] IPUIPlugin:80 - create IPUIPlugin
2023-10-31 16:56:40,440 [INFO] IPUIPlugin:80 - create IPUIPlugin
2023-10-31 16:56:40,440 [INFO] IPUIPlugin:80 - create IPUIPlugin
2023-10-31 16:56:40,440 [INFO] IPUIPlugin:80 - create IPUIPlugin
2023-10-31 16:56:40,440 [INFO] IPUIPlugin:80 - create IPUIPlugin
2023-10-31 16:56:40,440 [INFO] IPUIPlugin:80 - create IPUIPlugin
2023-10-31 16:56:40,440 [INFO] IPUIPlugin:80 - create IPUIPlugin
2023-10-31 16:56:40,440 [INFO] IPUIPlugin:80 - create IPUIPlugin
2023-10-31 16:56:40,440 [INFO] IPUIPlugin:80 - create IPUIPlugin
2023-10-31 16:56:40,440 [INFO] IPUIPlugin:80 - create IPUIPlugin
2023-10-31 16:56:40,440 [INFO] IPUIPlugin:80 - create IPUIPlugin
2023-10-31 16:56:40,440 [INFO] IPUIPlugin:80 - create IPUIPlugin
2023-10-31 16:56:40,440 [INFO] IPUIPlugin:80 - create IPUIPlugin
2023-10-31 16:56:40,440 [INFO] IPUIPlugin:80 - create IPUIPlugin
2023-10-31 16:56:40,440 [INFO] IPUIPlugin:80 - create IPUIPlugin
2023-10-31 16:56:40,440 [INFO] IPUIPlugin:80 - create IPUIPlugin
2023-10-31 16:56:40,440 [INFO] IPUIPlugin:80 - create IPUIPlugin
2023-10-31 16:56:40,440 [INFO] IPUIPlugin:80 - create IPUIPlugin
2023-10-31 16:56:40,440 [INFO] IPUIPlugin:80 - create IPUIPlugin
2023-10-31 16:56:40,440 [INFO] IPUIPlugin:80 - create IPUIPlugin
2023-10-31 16:56:40,440 [INFO] IPUIPlugin:80 - create IPUIPlugin
2023-10-31 16:56:40,440 [INFO] IPUIPlugin:80 - create IPUIPlugin
2023-10-31 16:56:40,440 [INFO] IPUIPlugin:80 - create IPUIPlugin
2023-10-31 16:56:40,440 [INFO] IPUIPlugin:80 - create IPUIPlugin
2023-10-31 16:56:40,440 [INFO] IPUIPlugin:80 - create IPUIPlugin
2023-10-31 16:56:40,440 [INFO] IPUIPlugin:80 - create IPUIPlugin
2023-10-31 16:56:40,440 [INFO] IPUIPlugin:80 - create IPUIPlugin
2023-10-31 16:56:40,440 [INFO] IPUIPlugin:80 - create IPUIPlugin
2023-10-31 16:56:40,440 [INFO] IPUIPlugin:80 - create IPUIPlugin
2023-10-31 16:56:40,440 [INFO] IPUIPlugin:80 - create IPUIPlugin
2023-10-31 16:56:40,440 [INFO] IPUIPlugin:80 - create IPUIPlugin
2023-10-31 16:56:40,440 [INFO] IPUIPlugin:80 - create IPUIPlugin
2023-10-31 16:56:40,440 [INFO] IPUIPlugin:80 - create IPUIPlugin
2023-10-31 16:56:40,440 [INFO] IPUIPlugin:80 - create IPUIPlugin
2023-10-31 16:56:40,440 [INFO] IPUIPlugin:80 - create IPUIPlugin
2023-10-31 16:56:40,440 [INFO] IPUIPlugin:80 - create IPUIPlugin
2023-10-31 16:56:40,440 [INFO] IPUIPlugin:80 - create IPUIPlugin
2023-10-31 16:56:40,440 [INFO] IPUIPlugin:80 - create IPUIPlugin
2023-10-31 16:56:40,440 [INFO] IPUIPlugin:80 - create IPUIPlugin
2023-10-31 16:56:40,440 [INFO] IPUIPlugin:80 - create IPUIPlugin
2023-10-31 16:56:40,440 [INFO] IPUIPlugin:80 - create IPUIPlugin
2023-10-31 16:56:40,440 [INFO] IPUIPlugin:80 - create IPUIPlugin
2023-10-31 16:56:40,440 [INFO] IPUIPlugin:80 - create IPUIPlugin
2023-10-31 16:56:40,440 [INFO] IPUIPlugin:80 - create IPUIPlugin
2023-10-31 16:56:40,440 [INFO] IPUIPlugin:80 - create IPUIPlugin
2023-10-31 16:56:40,440 [INFO] IPUIPlugin:80 - create IPUIPlugin
2023-10-31 16:56:40,440 [INFO] IPUIPlugin:80 - create IPUIPlugin
2023-10-31 16:56:40,440 [INFO] IPUIPlugin:80 - create IPUIPlugin
2023-10-31 16:56:40,440 [INFO] IPUIPlugin:80 - create IPUIPlugin
2023-10-31 16:56:40,455 [INFO] ApiDbMcu:507 - Load IP Config File for PDM2PCM
2023-10-31 16:56:40,540 [INFO] CADModel:165 - CPN selected for project levelSTM32F446RET6
2023-10-31 16:56:40,540 [INFO] CADModel:114 - Register for checkConnection events
2023-10-31 16:56:40,602 [INFO] OpenFileManager:328 - Restore cursor
