2024-02-11 18:49:47,077 [INFO] ADCParametersView:116 -                Rank 1 : false
2024-02-11 18:49:47,095 [INFO] ADCParametersView:116 -                Rank 1 : false
2024-02-11 18:49:47,096 [INFO] ADCParametersView:116 -                Rank 2 : false
2024-02-11 18:49:47,285 [INFO] ADCParametersView:116 -                Rank 1 : false
2024-02-11 18:49:47,285 [INFO] ADCParametersView:116 -                Rank 2 : false
2024-02-11 18:49:47,285 [INFO] ADCParametersView:116 -                Rank 1 : false
2024-02-11 18:49:47,285 [INFO] ADCParametersView:116 -                Rank 2 : false
2024-02-11 18:49:47,285 [INFO] ADCParametersView:116 -                Rank 1 : false
2024-02-11 18:49:47,285 [INFO] ADCParametersView:116 -                Rank 2 : false
2024-02-11 18:49:47,286 [INFO] ADCParametersView:116 -                Rank 1 : false
2024-02-11 18:49:47,286 [INFO] ADCParametersView:116 -                Rank 2 : false
2024-02-11 18:49:47,286 [INFO] ADCParametersView:116 -                Rank 1 : false
2024-02-11 18:49:47,286 [INFO] ADCParametersView:116 -                Rank 2 : false
2024-02-11 18:49:47,286 [INFO] ADCParametersView:116 -                Rank 1 : false
2024-02-11 18:49:47,286 [INFO] ADCParametersView:116 -                Rank 2 : false
2024-02-11 18:49:47,286 [INFO] ADCParametersView:116 -                Rank 1 : false
2024-02-11 18:49:47,286 [INFO] ADCParametersView:116 -                Rank 2 : false
2024-02-11 18:49:47,287 [INFO] ADCParametersView:116 -                Rank 1 : false
2024-02-11 18:49:47,287 [INFO] ADCParametersView:116 -                Rank 2 : false
2024-02-11 18:49:47,287 [INFO] ADCParametersView:116 -                Rank 1 : false
2024-02-11 18:49:47,287 [INFO] ADCParametersView:116 -                Rank 2 : false
2024-02-11 18:49:47,287 [INFO] ADCParametersView:116 -                Rank 1 : false
2024-02-11 18:49:47,287 [INFO] ADCParametersView:116 -                Rank 2 : false
2024-02-11 18:49:47,287 [INFO] ADCParametersView:116 -                Rank 1 : false
2024-02-11 18:49:47,287 [INFO] ADCParametersView:116 -                Rank 2 : false
2024-02-11 18:49:47,288 [INFO] ADCParametersView:116 -                Rank 1 : false
2024-02-11 18:49:47,288 [INFO] ADCParametersView:116 -                Rank 2 : false
2024-02-11 18:49:47,288 [INFO] ADCParametersView:116 -                Rank 1 : false
2024-02-11 18:49:47,288 [INFO] ADCParametersView:116 -                Rank 2 : false
2024-02-11 18:49:47,288 [INFO] ADCParametersView:116 -                Rank 1 : false
2024-02-11 18:49:47,288 [INFO] ADCParametersView:116 -                Rank 2 : false
2024-02-11 18:49:47,288 [INFO] ADCParametersView:116 -                Rank 2 : false
2024-02-11 18:49:47,351 [INFO] ADCParametersView:116 -                Rank 1 : false
2024-02-11 18:49:47,351 [INFO] ADCParametersView:116 -                Rank 1 : false
2024-02-11 18:49:47,351 [INFO] ADCParametersView:116 -                Rank 2 : false
2024-02-11 18:50:03,612 [INFO] ADCParametersView:116 -                Rank 1 : false
2024-02-11 18:50:03,612 [INFO] ADCParametersView:116 -                Rank 2 : false
2024-02-11 18:50:03,613 [INFO] ADCParametersView:116 -                Rank 1 : false
2024-02-11 18:50:03,613 [INFO] ADCParametersView:116 -                Rank 2 : false
2024-02-11 18:50:03,613 [INFO] ADCParametersView:116 -                Rank 1 : false
2024-02-11 18:50:03,613 [INFO] ADCParametersView:116 -                Rank 2 : false
2024-02-11 18:50:03,613 [INFO] ADCParametersView:116 -                Rank 1 : false
2024-02-11 18:50:03,613 [INFO] ADCParametersView:116 -                Rank 2 : false
2024-02-11 18:50:03,613 [INFO] ADCParametersView:116 -                Rank 1 : false
2024-02-11 18:50:03,613 [INFO] ADCParametersView:116 -                Rank 2 : false
2024-02-11 18:50:03,613 [INFO] ADCParametersView:116 -                Rank 1 : false
2024-02-11 18:50:03,614 [INFO] ADCParametersView:116 -                Rank 2 : false
2024-02-11 18:50:03,614 [INFO] ADCParametersView:116 -                Rank 1 : false
2024-02-11 18:50:03,614 [INFO] ADCParametersView:116 -                Rank 2 : false
2024-02-11 18:50:03,614 [INFO] ADCParametersView:116 -                Rank 1 : false
2024-02-11 18:50:03,614 [INFO] ADCParametersView:116 -                Rank 2 : false
2024-02-11 18:50:03,614 [INFO] ADCParametersView:116 -                Rank 1 : false
2024-02-11 18:50:03,614 [INFO] ADCParametersView:116 -                Rank 2 : false
2024-02-11 18:50:03,614 [INFO] ADCParametersView:116 -                Rank 1 : false
2024-02-11 18:50:03,614 [INFO] ADCParametersView:116 -                Rank 2 : false
2024-02-11 18:50:03,615 [INFO] ADCParametersView:116 -                Rank 1 : false
2024-02-11 18:50:03,615 [INFO] ADCParametersView:116 -                Rank 2 : false
2024-02-11 18:50:03,615 [INFO] ADCParametersView:116 -                Rank 1 : false
2024-02-11 18:50:03,615 [INFO] ADCParametersView:116 -                Rank 2 : false
2024-02-11 18:50:03,615 [INFO] ADCParametersView:116 -                Rank 1 : false
2024-02-11 18:50:03,615 [INFO] ADCParametersView:116 -                Rank 2 : false
2024-02-11 18:50:03,615 [INFO] ADCParametersView:116 -                Rank 1 : false
2024-02-11 18:50:03,615 [INFO] ADCParametersView:116 -                Rank 2 : false
2024-02-11 18:50:03,615 [INFO] ADCParametersView:116 -                Rank 2 : false
2024-02-11 18:50:03,714 [INFO] ADCParametersView:116 -                Rank 1 : false
2024-02-11 18:50:03,714 [INFO] ADCParametersView:116 -                Rank 1 : false
2024-02-11 18:50:03,715 [INFO] ADCParametersView:116 -                Rank 2 : false
2024-02-11 18:50:11,383 [INFO] ADCParametersView:116 -                Rank 1 : true
2024-02-11 18:50:11,383 [INFO] ADCParametersView:116 -                Rank 2 : false
2024-02-11 18:50:14,511 [INFO] ADCParametersView:116 -                Rank 1 : true
2024-02-11 18:50:14,511 [INFO] ADCParametersView:116 -                Rank 2 : true
2024-02-11 18:50:19,667 [INFO] NvicIntPanel:101 - NVIC parent = com.st.microxplorer.plugins.ip.nvic.MultiNvicIntPanel[,0,0,0x0,invalid,layout=javax.swing.BoxLayout,alignmentX=0.0,alignmentY=0.0,border=,flags=9,maximumSize=,minimumSize=,preferredSize=]
2024-02-11 18:50:19,799 [INFO] ADCParametersView:116 -                Rank 1 : true
2024-02-11 18:50:19,799 [INFO] ADCParametersView:116 -                Rank 2 : true
2024-02-11 18:50:19,802 [INFO] ADCParametersView:116 -                Rank 1 : true
2024-02-11 18:50:19,803 [INFO] ADCParametersView:116 -                Rank 2 : true
2024-02-11 18:50:19,803 [INFO] ADCParametersView:116 -                Rank 1 : true
2024-02-11 18:50:19,803 [INFO] ADCParametersView:116 -                Rank 2 : true
2024-02-11 18:50:19,803 [INFO] ADCParametersView:116 -                Rank 1 : true
2024-02-11 18:50:19,804 [INFO] ADCParametersView:116 -                Rank 2 : true
2024-02-11 18:50:19,804 [INFO] ADCParametersView:116 -                Rank 1 : true
2024-02-11 18:50:19,804 [INFO] ADCParametersView:116 -                Rank 2 : true
2024-02-11 18:50:19,804 [INFO] ADCParametersView:116 -                Rank 1 : true
2024-02-11 18:50:19,805 [INFO] ADCParametersView:116 -                Rank 2 : true
2024-02-11 18:50:19,805 [INFO] ADCParametersView:116 -                Rank 1 : true
2024-02-11 18:50:19,805 [INFO] ADCParametersView:116 -                Rank 2 : true
2024-02-11 18:50:19,805 [INFO] ADCParametersView:116 -                Rank 1 : true
2024-02-11 18:50:19,805 [INFO] ADCParametersView:116 -                Rank 2 : true
2024-02-11 18:50:19,805 [INFO] ADCParametersView:116 -                Rank 1 : true
2024-02-11 18:50:19,805 [INFO] ADCParametersView:116 -                Rank 2 : true
2024-02-11 18:50:19,805 [INFO] ADCParametersView:116 -                Rank 1 : true
2024-02-11 18:50:19,806 [INFO] ADCParametersView:116 -                Rank 2 : true
2024-02-11 18:50:19,806 [INFO] ADCParametersView:116 -                Rank 1 : true
2024-02-11 18:50:19,806 [INFO] ADCParametersView:116 -                Rank 2 : true
2024-02-11 18:50:19,806 [INFO] ADCParametersView:116 -                Rank 1 : true
2024-02-11 18:50:19,806 [INFO] ADCParametersView:116 -                Rank 2 : true
2024-02-11 18:50:19,806 [INFO] ADCParametersView:116 -                Rank 1 : true
2024-02-11 18:50:19,806 [INFO] ADCParametersView:116 -                Rank 2 : true
2024-02-11 18:50:19,806 [INFO] ADCParametersView:116 -                Rank 1 : true
2024-02-11 18:50:19,807 [INFO] ADCParametersView:116 -                Rank 2 : true
2024-02-11 18:50:19,807 [INFO] ADCParametersView:116 -                Rank 2 : true
2024-02-11 18:50:19,877 [INFO] ADCParametersView:116 -                Rank 1 : true
2024-02-11 18:50:19,878 [INFO] ADCParametersView:116 -                Rank 1 : true
2024-02-11 18:50:19,878 [INFO] ADCParametersView:116 -                Rank 2 : true
2024-02-11 18:50:23,256 [INFO] ADCParametersView:116 -                Rank 1 : false
2024-02-11 18:50:23,257 [INFO] ADCParametersView:116 -                Rank 1 : false
2024-02-11 18:50:23,257 [INFO] ADCParametersView:116 -                Rank 2 : false
2024-02-11 18:50:23,344 [INFO] ADCParametersView:116 -                Rank 1 : false
2024-02-11 18:50:23,344 [INFO] ADCParametersView:116 -                Rank 2 : false
2024-02-11 18:50:23,344 [INFO] ADCParametersView:116 -                Rank 1 : false
2024-02-11 18:50:23,344 [INFO] ADCParametersView:116 -                Rank 2 : false
2024-02-11 18:50:23,344 [INFO] ADCParametersView:116 -                Rank 1 : false
2024-02-11 18:50:23,345 [INFO] ADCParametersView:116 -                Rank 2 : false
2024-02-11 18:50:23,345 [INFO] ADCParametersView:116 -                Rank 1 : false
2024-02-11 18:50:23,345 [INFO] ADCParametersView:116 -                Rank 2 : false
2024-02-11 18:50:23,345 [INFO] ADCParametersView:116 -                Rank 1 : false
2024-02-11 18:50:23,345 [INFO] ADCParametersView:116 -                Rank 2 : false
2024-02-11 18:50:23,346 [INFO] ADCParametersView:116 -                Rank 1 : false
2024-02-11 18:50:23,346 [INFO] ADCParametersView:116 -                Rank 2 : false
2024-02-11 18:50:23,346 [INFO] ADCParametersView:116 -                Rank 1 : false
2024-02-11 18:50:23,346 [INFO] ADCParametersView:116 -                Rank 2 : false
2024-02-11 18:50:23,346 [INFO] ADCParametersView:116 -                Rank 1 : false
2024-02-11 18:50:23,346 [INFO] ADCParametersView:116 -                Rank 2 : false
2024-02-11 18:50:23,347 [INFO] ADCParametersView:116 -                Rank 1 : false
2024-02-11 18:50:23,347 [INFO] ADCParametersView:116 -                Rank 2 : false
2024-02-11 18:50:23,347 [INFO] ADCParametersView:116 -                Rank 1 : false
2024-02-11 18:50:23,347 [INFO] ADCParametersView:116 -                Rank 2 : false
2024-02-11 18:50:23,347 [INFO] ADCParametersView:116 -                Rank 1 : false
2024-02-11 18:50:23,347 [INFO] ADCParametersView:116 -                Rank 2 : false
2024-02-11 18:50:23,347 [INFO] ADCParametersView:116 -                Rank 1 : false
2024-02-11 18:50:23,348 [INFO] ADCParametersView:116 -                Rank 2 : false
2024-02-11 18:50:23,348 [INFO] ADCParametersView:116 -                Rank 1 : false
2024-02-11 18:50:23,348 [INFO] ADCParametersView:116 -                Rank 2 : false
2024-02-11 18:50:23,348 [INFO] ADCParametersView:116 -                Rank 2 : false
2024-02-11 18:50:23,407 [INFO] ADCParametersView:116 -                Rank 1 : false
2024-02-11 18:50:23,407 [INFO] ADCParametersView:116 -                Rank 1 : false
2024-02-11 18:50:23,407 [INFO] ADCParametersView:116 -                Rank 2 : false
2024-02-11 18:50:33,009 [INFO] NvicIntPanel:101 - NVIC parent = com.st.microxplorer.plugins.ip.nvic.MultiNvicIntPanel[,0,0,0x0,invalid,layout=javax.swing.BoxLayout,alignmentX=0.0,alignmentY=0.0,border=,flags=9,maximumSize=,minimumSize=,preferredSize=]
2024-02-11 18:50:33,099 [INFO] ADCParametersView:116 -                Rank 1 : false
2024-02-11 18:50:33,101 [INFO] ADCParametersView:116 -                Rank 2 : false
2024-02-11 18:50:33,102 [INFO] ADCParametersView:116 -                Rank 1 : false
2024-02-11 18:50:33,102 [INFO] ADCParametersView:116 -                Rank 2 : false
2024-02-11 18:50:33,102 [INFO] ADCParametersView:116 -                Rank 1 : false
2024-02-11 18:50:33,102 [INFO] ADCParametersView:116 -                Rank 2 : false
2024-02-11 18:50:33,102 [INFO] ADCParametersView:116 -                Rank 1 : false
2024-02-11 18:50:33,102 [INFO] ADCParametersView:116 -                Rank 2 : false
2024-02-11 18:50:33,103 [INFO] ADCParametersView:116 -                Rank 1 : false
2024-02-11 18:50:33,103 [INFO] ADCParametersView:116 -                Rank 2 : false
2024-02-11 18:50:33,103 [INFO] ADCParametersView:116 -                Rank 1 : false
2024-02-11 18:50:33,103 [INFO] ADCParametersView:116 -                Rank 2 : false
2024-02-11 18:50:33,103 [INFO] ADCParametersView:116 -                Rank 1 : false
2024-02-11 18:50:33,103 [INFO] ADCParametersView:116 -                Rank 2 : false
2024-02-11 18:50:33,103 [INFO] ADCParametersView:116 -                Rank 1 : false
2024-02-11 18:50:33,103 [INFO] ADCParametersView:116 -                Rank 2 : false
2024-02-11 18:50:33,103 [INFO] ADCParametersView:116 -                Rank 1 : false
2024-02-11 18:50:33,103 [INFO] ADCParametersView:116 -                Rank 2 : false
2024-02-11 18:50:33,103 [INFO] ADCParametersView:116 -                Rank 1 : false
2024-02-11 18:50:33,104 [INFO] ADCParametersView:116 -                Rank 2 : false
2024-02-11 18:50:33,104 [INFO] ADCParametersView:116 -                Rank 1 : false
2024-02-11 18:50:33,104 [INFO] ADCParametersView:116 -                Rank 2 : false
2024-02-11 18:50:33,104 [INFO] ADCParametersView:116 -                Rank 1 : false
2024-02-11 18:50:33,104 [INFO] ADCParametersView:116 -                Rank 2 : false
2024-02-11 18:50:33,104 [INFO] ADCParametersView:116 -                Rank 1 : false
2024-02-11 18:50:33,104 [INFO] ADCParametersView:116 -                Rank 2 : false
2024-02-11 18:50:33,104 [INFO] ADCParametersView:116 -                Rank 2 : false
2024-02-11 18:50:33,152 [INFO] ADCParametersView:116 -                Rank 1 : false
2024-02-11 18:50:33,153 [INFO] ADCParametersView:116 -                Rank 1 : false
2024-02-11 18:50:33,153 [INFO] ADCParametersView:116 -                Rank 2 : false
2024-02-11 18:50:34,677 [INFO] ADCParametersView:116 -                Rank 1 : true
2024-02-11 18:50:34,677 [INFO] ADCParametersView:116 -                Rank 2 : true
2024-02-11 18:50:34,679 [INFO] ADCParametersView:116 -                Rank 1 : true
2024-02-11 18:50:34,679 [INFO] ADCParametersView:116 -                Rank 2 : true
2024-02-11 18:50:34,680 [INFO] ADCParametersView:116 -                Rank 1 : true
2024-02-11 18:50:34,680 [INFO] ADCParametersView:116 -                Rank 2 : true
2024-02-11 18:50:34,680 [INFO] ADCParametersView:116 -                Rank 1 : true
2024-02-11 18:50:34,680 [INFO] ADCParametersView:116 -                Rank 2 : true
2024-02-11 18:50:34,680 [INFO] ADCParametersView:116 -                Rank 1 : true
2024-02-11 18:50:34,680 [INFO] ADCParametersView:116 -                Rank 2 : true
2024-02-11 18:50:34,680 [INFO] ADCParametersView:116 -                Rank 1 : true
2024-02-11 18:50:34,680 [INFO] ADCParametersView:116 -                Rank 2 : true
2024-02-11 18:50:34,681 [INFO] ADCParametersView:116 -                Rank 1 : true
2024-02-11 18:50:34,681 [INFO] ADCParametersView:116 -                Rank 2 : true
2024-02-11 18:50:34,681 [INFO] ADCParametersView:116 -                Rank 1 : true
2024-02-11 18:50:34,681 [INFO] ADCParametersView:116 -                Rank 2 : true
2024-02-11 18:50:34,681 [INFO] ADCParametersView:116 -                Rank 1 : true
2024-02-11 18:50:34,681 [INFO] ADCParametersView:116 -                Rank 2 : true
2024-02-11 18:50:34,681 [INFO] ADCParametersView:116 -                Rank 1 : true
2024-02-11 18:50:34,681 [INFO] ADCParametersView:116 -                Rank 2 : true
2024-02-11 18:50:34,681 [INFO] ADCParametersView:116 -                Rank 1 : true
2024-02-11 18:50:34,681 [INFO] ADCParametersView:116 -                Rank 2 : true
2024-02-11 18:50:34,682 [INFO] ADCParametersView:116 -                Rank 1 : true
2024-02-11 18:50:34,682 [INFO] ADCParametersView:116 -                Rank 2 : true
2024-02-11 18:50:34,682 [INFO] ADCParametersView:116 -                Rank 1 : true
2024-02-11 18:50:34,682 [INFO] ADCParametersView:116 -                Rank 2 : true
2024-02-11 18:50:34,682 [INFO] ADCParametersView:116 -                Rank 1 : true
2024-02-11 18:50:34,682 [INFO] ADCParametersView:116 -                Rank 2 : true
2024-02-11 18:50:34,682 [INFO] ADCParametersView:116 -                Rank 2 : true
2024-02-11 18:50:34,725 [INFO] ADCParametersView:116 -                Rank 1 : true
2024-02-11 18:50:34,725 [INFO] ADCParametersView:116 -                Rank 1 : true
2024-02-11 18:50:34,725 [INFO] ADCParametersView:116 -                Rank 2 : true
2024-02-11 18:50:34,781 [INFO] ADCParametersView:116 -                Rank 1 : true
2024-02-11 18:50:34,781 [INFO] ADCParametersView:116 -                Rank 2 : true
2024-02-11 18:50:34,782 [INFO] ADCParametersView:116 -                Rank 1 : true
2024-02-11 18:50:34,782 [INFO] ADCParametersView:116 -                Rank 2 : true
2024-02-11 18:50:34,783 [INFO] ADCParametersView:116 -                Rank 1 : true
2024-02-11 18:50:34,783 [INFO] ADCParametersView:116 -                Rank 2 : true
2024-02-11 18:50:34,783 [INFO] ADCParametersView:116 -                Rank 1 : true
2024-02-11 18:50:34,783 [INFO] ADCParametersView:116 -                Rank 2 : true
2024-02-11 18:50:34,783 [INFO] ADCParametersView:116 -                Rank 1 : true
2024-02-11 18:50:34,783 [INFO] ADCParametersView:116 -                Rank 2 : true
2024-02-11 18:50:34,783 [INFO] ADCParametersView:116 -                Rank 1 : true
2024-02-11 18:50:34,783 [INFO] ADCParametersView:116 -                Rank 2 : true
2024-02-11 18:50:34,783 [INFO] ADCParametersView:116 -                Rank 1 : true
2024-02-11 18:50:34,783 [INFO] ADCParametersView:116 -                Rank 2 : true
2024-02-11 18:50:34,783 [INFO] ADCParametersView:116 -                Rank 1 : true
2024-02-11 18:50:34,783 [INFO] ADCParametersView:116 -                Rank 2 : true
2024-02-11 18:50:34,783 [INFO] ADCParametersView:116 -                Rank 1 : true
2024-02-11 18:50:34,783 [INFO] ADCParametersView:116 -                Rank 2 : true
2024-02-11 18:50:34,783 [INFO] ADCParametersView:116 -                Rank 1 : true
2024-02-11 18:50:34,783 [INFO] ADCParametersView:116 -                Rank 2 : true
2024-02-11 18:50:34,784 [INFO] ADCParametersView:116 -                Rank 1 : true
2024-02-11 18:50:34,784 [INFO] ADCParametersView:116 -                Rank 2 : true
2024-02-11 18:50:34,784 [INFO] ADCParametersView:116 -                Rank 1 : true
2024-02-11 18:50:34,784 [INFO] ADCParametersView:116 -                Rank 2 : true
2024-02-11 18:50:34,784 [INFO] ADCParametersView:116 -                Rank 1 : true
2024-02-11 18:50:34,784 [INFO] ADCParametersView:116 -                Rank 2 : true
2024-02-11 18:50:34,784 [INFO] ADCParametersView:116 -                Rank 1 : true
2024-02-11 18:50:34,784 [INFO] ADCParametersView:116 -                Rank 2 : true
2024-02-11 18:50:34,784 [INFO] ADCParametersView:116 -                Rank 2 : true
2024-02-11 18:50:34,824 [INFO] ADCParametersView:116 -                Rank 1 : true
2024-02-11 18:50:34,825 [INFO] ADCParametersView:116 -                Rank 1 : true
2024-02-11 18:50:34,825 [INFO] ADCParametersView:116 -                Rank 2 : true
2024-02-11 18:50:42,201 [INFO] ADCParametersView:116 -                Rank 1 : false
2024-02-11 18:50:42,202 [INFO] ADCParametersView:116 -                Rank 1 : false
2024-02-11 18:50:42,202 [INFO] ADCParametersView:116 -                Rank 2 : false
2024-02-11 18:50:42,271 [INFO] ADCParametersView:116 -                Rank 1 : false
2024-02-11 18:50:42,272 [INFO] ADCParametersView:116 -                Rank 2 : false
2024-02-11 18:50:42,272 [INFO] ADCParametersView:116 -                Rank 1 : false
2024-02-11 18:50:42,272 [INFO] ADCParametersView:116 -                Rank 2 : false
2024-02-11 18:50:42,272 [INFO] ADCParametersView:116 -                Rank 1 : false
2024-02-11 18:50:42,272 [INFO] ADCParametersView:116 -                Rank 2 : false
2024-02-11 18:50:42,272 [INFO] ADCParametersView:116 -                Rank 1 : false
2024-02-11 18:50:42,272 [INFO] ADCParametersView:116 -                Rank 2 : false
2024-02-11 18:50:42,272 [INFO] ADCParametersView:116 -                Rank 1 : false
2024-02-11 18:50:42,272 [INFO] ADCParametersView:116 -                Rank 2 : false
2024-02-11 18:50:42,272 [INFO] ADCParametersView:116 -                Rank 1 : false
2024-02-11 18:50:42,272 [INFO] ADCParametersView:116 -                Rank 2 : false
2024-02-11 18:50:42,272 [INFO] ADCParametersView:116 -                Rank 1 : false
2024-02-11 18:50:42,272 [INFO] ADCParametersView:116 -                Rank 2 : false
2024-02-11 18:50:42,272 [INFO] ADCParametersView:116 -                Rank 1 : false
2024-02-11 18:50:42,273 [INFO] ADCParametersView:116 -                Rank 2 : false
2024-02-11 18:50:42,273 [INFO] ADCParametersView:116 -                Rank 1 : false
2024-02-11 18:50:42,273 [INFO] ADCParametersView:116 -                Rank 2 : false
2024-02-11 18:50:42,273 [INFO] ADCParametersView:116 -                Rank 1 : false
2024-02-11 18:50:42,273 [INFO] ADCParametersView:116 -                Rank 2 : false
2024-02-11 18:50:42,273 [INFO] ADCParametersView:116 -                Rank 1 : false
2024-02-11 18:50:42,273 [INFO] ADCParametersView:116 -                Rank 2 : false
2024-02-11 18:50:42,273 [INFO] ADCParametersView:116 -                Rank 1 : false
2024-02-11 18:50:42,273 [INFO] ADCParametersView:116 -                Rank 2 : false
2024-02-11 18:50:42,273 [INFO] ADCParametersView:116 -                Rank 1 : false
2024-02-11 18:50:42,273 [INFO] ADCParametersView:116 -                Rank 2 : false
2024-02-11 18:50:42,273 [INFO] ADCParametersView:116 -                Rank 1 : false
2024-02-11 18:50:42,273 [INFO] ADCParametersView:116 -                Rank 2 : false
2024-02-11 18:50:42,273 [INFO] ADCParametersView:116 -                Rank 2 : false
2024-02-11 18:50:42,316 [INFO] ADCParametersView:116 -                Rank 1 : false
2024-02-11 18:50:42,316 [INFO] ADCParametersView:116 -                Rank 1 : false
2024-02-11 18:50:42,316 [INFO] ADCParametersView:116 -                Rank 2 : false
2024-02-11 18:50:46,903 [INFO] ADCParametersView:116 -                Rank 1 : true
2024-02-11 18:50:46,903 [INFO] ADCParametersView:116 -                Rank 2 : false
2024-02-11 18:50:49,031 [INFO] ADCParametersView:116 -                Rank 1 : true
2024-02-11 18:50:49,031 [INFO] ADCParametersView:116 -                Rank 2 : true
2024-02-11 18:50:54,432 [INFO] ADCParametersView:116 -                Rank 1 : true
2024-02-11 18:50:54,433 [INFO] ADCParametersView:116 -                Rank 2 : true
2024-02-11 18:50:54,434 [INFO] ADCParametersView:116 -                Rank 1 : true
2024-02-11 18:50:54,434 [INFO] ADCParametersView:116 -                Rank 2 : true
2024-02-11 18:50:54,434 [INFO] ADCParametersView:116 -                Rank 1 : true
2024-02-11 18:50:54,434 [INFO] ADCParametersView:116 -                Rank 2 : true
2024-02-11 18:50:54,434 [INFO] ADCParametersView:116 -                Rank 1 : true
2024-02-11 18:50:54,434 [INFO] ADCParametersView:116 -                Rank 2 : true
2024-02-11 18:50:54,434 [INFO] ADCParametersView:116 -                Rank 1 : true
2024-02-11 18:50:54,434 [INFO] ADCParametersView:116 -                Rank 2 : true
2024-02-11 18:50:54,434 [INFO] ADCParametersView:116 -                Rank 1 : true
2024-02-11 18:50:54,434 [INFO] ADCParametersView:116 -                Rank 2 : true
2024-02-11 18:50:54,434 [INFO] ADCParametersView:116 -                Rank 1 : true
2024-02-11 18:50:54,434 [INFO] ADCParametersView:116 -                Rank 2 : true
2024-02-11 18:50:54,435 [INFO] ADCParametersView:116 -                Rank 1 : true
2024-02-11 18:50:54,435 [INFO] ADCParametersView:116 -                Rank 2 : true
2024-02-11 18:50:54,435 [INFO] ADCParametersView:116 -                Rank 1 : true
2024-02-11 18:50:54,435 [INFO] ADCParametersView:116 -                Rank 2 : true
2024-02-11 18:50:54,435 [INFO] ADCParametersView:116 -                Rank 1 : true
2024-02-11 18:50:54,435 [INFO] ADCParametersView:116 -                Rank 2 : true
2024-02-11 18:50:54,435 [INFO] ADCParametersView:116 -                Rank 1 : true
2024-02-11 18:50:54,435 [INFO] ADCParametersView:116 -                Rank 2 : true
2024-02-11 18:50:54,435 [INFO] ADCParametersView:116 -                Rank 1 : true
2024-02-11 18:50:54,435 [INFO] ADCParametersView:116 -                Rank 2 : true
2024-02-11 18:50:54,435 [INFO] ADCParametersView:116 -                Rank 1 : true
2024-02-11 18:50:54,435 [INFO] ADCParametersView:116 -                Rank 2 : true
2024-02-11 18:50:54,435 [INFO] ADCParametersView:116 -                Rank 1 : true
2024-02-11 18:50:54,435 [INFO] ADCParametersView:116 -                Rank 2 : true
2024-02-11 18:50:54,435 [INFO] ADCParametersView:116 -                Rank 2 : true
2024-02-11 18:50:54,478 [INFO] ADCParametersView:116 -                Rank 1 : true
2024-02-11 18:50:54,478 [INFO] ADCParametersView:116 -                Rank 1 : true
2024-02-11 18:50:54,478 [INFO] ADCParametersView:116 -                Rank 2 : true
2024-02-11 18:50:54,539 [INFO] ADCParametersView:116 -                Rank 1 : true
2024-02-11 18:50:54,539 [INFO] ADCParametersView:116 -                Rank 2 : true
2024-02-11 18:50:54,540 [INFO] ADCParametersView:116 -                Rank 1 : true
2024-02-11 18:50:54,540 [INFO] ADCParametersView:116 -                Rank 2 : true
2024-02-11 18:50:54,540 [INFO] ADCParametersView:116 -                Rank 1 : true
2024-02-11 18:50:54,541 [INFO] ADCParametersView:116 -                Rank 2 : true
2024-02-11 18:50:54,541 [INFO] ADCParametersView:116 -                Rank 1 : true
2024-02-11 18:50:54,541 [INFO] ADCParametersView:116 -                Rank 2 : true
2024-02-11 18:50:54,541 [INFO] ADCParametersView:116 -                Rank 1 : true
2024-02-11 18:50:54,541 [INFO] ADCParametersView:116 -                Rank 2 : true
2024-02-11 18:50:54,541 [INFO] ADCParametersView:116 -                Rank 1 : true
2024-02-11 18:50:54,541 [INFO] ADCParametersView:116 -                Rank 2 : true
2024-02-11 18:50:54,541 [INFO] ADCParametersView:116 -                Rank 1 : true
2024-02-11 18:50:54,541 [INFO] ADCParametersView:116 -                Rank 2 : true
2024-02-11 18:50:54,541 [INFO] ADCParametersView:116 -                Rank 1 : true
2024-02-11 18:50:54,541 [INFO] ADCParametersView:116 -                Rank 2 : true
2024-02-11 18:50:54,541 [INFO] ADCParametersView:116 -                Rank 1 : true
2024-02-11 18:50:54,541 [INFO] ADCParametersView:116 -                Rank 2 : true
2024-02-11 18:50:54,541 [INFO] ADCParametersView:116 -                Rank 1 : true
2024-02-11 18:50:54,542 [INFO] ADCParametersView:116 -                Rank 2 : true
2024-02-11 18:50:54,542 [INFO] ADCParametersView:116 -                Rank 1 : true
2024-02-11 18:50:54,542 [INFO] ADCParametersView:116 -                Rank 2 : true
2024-02-11 18:50:54,542 [INFO] ADCParametersView:116 -                Rank 1 : true
2024-02-11 18:50:54,542 [INFO] ADCParametersView:116 -                Rank 2 : true
2024-02-11 18:50:54,542 [INFO] ADCParametersView:116 -                Rank 1 : true
2024-02-11 18:50:54,542 [INFO] ADCParametersView:116 -                Rank 2 : true
2024-02-11 18:50:54,542 [INFO] ADCParametersView:116 -                Rank 1 : true
2024-02-11 18:50:54,542 [INFO] ADCParametersView:116 -                Rank 2 : true
2024-02-11 18:50:54,542 [INFO] ADCParametersView:116 -                Rank 2 : true
2024-02-11 18:50:54,599 [INFO] ADCParametersView:116 -                Rank 1 : true
2024-02-11 18:50:54,599 [INFO] ADCParametersView:116 -                Rank 1 : true
2024-02-11 18:50:54,600 [INFO] ADCParametersView:116 -                Rank 2 : true
2024-02-11 18:51:02,740 [INFO] ADCParametersView:116 -                Rank 1 : false
2024-02-11 18:51:02,740 [INFO] ADCParametersView:116 -                Rank 2 : false
2024-02-11 18:51:02,741 [INFO] ADCParametersView:116 -                Rank 1 : false
2024-02-11 18:51:02,742 [INFO] ADCParametersView:116 -                Rank 2 : false
2024-02-11 18:51:02,742 [INFO] ADCParametersView:116 -                Rank 1 : false
2024-02-11 18:51:02,742 [INFO] ADCParametersView:116 -                Rank 2 : false
2024-02-11 18:51:02,742 [INFO] ADCParametersView:116 -                Rank 1 : false
2024-02-11 18:51:02,742 [INFO] ADCParametersView:116 -                Rank 2 : false
2024-02-11 18:51:02,742 [INFO] ADCParametersView:116 -                Rank 1 : false
2024-02-11 18:51:02,742 [INFO] ADCParametersView:116 -                Rank 2 : false
2024-02-11 18:51:02,742 [INFO] ADCParametersView:116 -                Rank 1 : false
2024-02-11 18:51:02,742 [INFO] ADCParametersView:116 -                Rank 2 : false
2024-02-11 18:51:02,742 [INFO] ADCParametersView:116 -                Rank 1 : false
2024-02-11 18:51:02,743 [INFO] ADCParametersView:116 -                Rank 2 : false
2024-02-11 18:51:02,743 [INFO] ADCParametersView:116 -                Rank 1 : false
2024-02-11 18:51:02,743 [INFO] ADCParametersView:116 -                Rank 2 : false
2024-02-11 18:51:02,743 [INFO] ADCParametersView:116 -                Rank 1 : false
2024-02-11 18:51:02,743 [INFO] ADCParametersView:116 -                Rank 2 : false
2024-02-11 18:51:02,743 [INFO] ADCParametersView:116 -                Rank 1 : false
2024-02-11 18:51:02,743 [INFO] ADCParametersView:116 -                Rank 2 : false
2024-02-11 18:51:02,743 [INFO] ADCParametersView:116 -                Rank 1 : false
2024-02-11 18:51:02,743 [INFO] ADCParametersView:116 -                Rank 2 : false
2024-02-11 18:51:02,743 [INFO] ADCParametersView:116 -                Rank 1 : false
2024-02-11 18:51:02,743 [INFO] ADCParametersView:116 -                Rank 2 : false
2024-02-11 18:51:02,743 [INFO] ADCParametersView:116 -                Rank 1 : false
2024-02-11 18:51:02,743 [INFO] ADCParametersView:116 -                Rank 2 : false
2024-02-11 18:51:02,743 [INFO] ADCParametersView:116 -                Rank 2 : false
2024-02-11 18:51:02,788 [INFO] ADCParametersView:116 -                Rank 1 : false
2024-02-11 18:51:02,788 [INFO] ADCParametersView:116 -                Rank 1 : false
2024-02-11 18:51:02,789 [INFO] ADCParametersView:116 -                Rank 2 : false
2024-02-11 18:51:02,846 [INFO] ADCParametersView:116 -                Rank 1 : false
2024-02-11 18:51:02,847 [INFO] ADCParametersView:116 -                Rank 2 : false
2024-02-11 18:51:02,848 [INFO] ADCParametersView:116 -                Rank 1 : false
2024-02-11 18:51:02,848 [INFO] ADCParametersView:116 -                Rank 2 : false
2024-02-11 18:51:02,848 [INFO] ADCParametersView:116 -                Rank 1 : false
2024-02-11 18:51:02,848 [INFO] ADCParametersView:116 -                Rank 2 : false
2024-02-11 18:51:02,848 [INFO] ADCParametersView:116 -                Rank 1 : false
2024-02-11 18:51:02,848 [INFO] ADCParametersView:116 -                Rank 2 : false
2024-02-11 18:51:02,848 [INFO] ADCParametersView:116 -                Rank 1 : false
2024-02-11 18:51:02,848 [INFO] ADCParametersView:116 -                Rank 2 : false
2024-02-11 18:51:02,848 [INFO] ADCParametersView:116 -                Rank 1 : false
2024-02-11 18:51:02,848 [INFO] ADCParametersView:116 -                Rank 2 : false
2024-02-11 18:51:02,848 [INFO] ADCParametersView:116 -                Rank 1 : false
2024-02-11 18:51:02,848 [INFO] ADCParametersView:116 -                Rank 2 : false
2024-02-11 18:51:02,848 [INFO] ADCParametersView:116 -                Rank 1 : false
2024-02-11 18:51:02,849 [INFO] ADCParametersView:116 -                Rank 2 : false
2024-02-11 18:51:02,849 [INFO] ADCParametersView:116 -                Rank 1 : false
2024-02-11 18:51:02,849 [INFO] ADCParametersView:116 -                Rank 2 : false
2024-02-11 18:51:02,849 [INFO] ADCParametersView:116 -                Rank 1 : false
2024-02-11 18:51:02,849 [INFO] ADCParametersView:116 -                Rank 2 : false
2024-02-11 18:51:02,849 [INFO] ADCParametersView:116 -                Rank 1 : false
2024-02-11 18:51:02,849 [INFO] ADCParametersView:116 -                Rank 2 : false
2024-02-11 18:51:02,849 [INFO] ADCParametersView:116 -                Rank 1 : false
2024-02-11 18:51:02,849 [INFO] ADCParametersView:116 -                Rank 2 : false
2024-02-11 18:51:02,849 [INFO] ADCParametersView:116 -                Rank 1 : false
2024-02-11 18:51:02,849 [INFO] ADCParametersView:116 -                Rank 2 : false
2024-02-11 18:51:02,849 [INFO] ADCParametersView:116 -                Rank 2 : false
2024-02-11 18:51:02,891 [INFO] ADCParametersView:116 -                Rank 1 : false
2024-02-11 18:51:02,892 [INFO] ADCParametersView:116 -                Rank 1 : false
2024-02-11 18:51:02,892 [INFO] ADCParametersView:116 -                Rank 2 : false
2024-02-11 18:51:07,214 [INFO] ADCParametersView:116 -                Rank 1 : false
2024-02-11 18:51:07,214 [INFO] ADCParametersView:116 -                Rank 2 : true
2024-02-11 18:51:08,991 [INFO] ADCParametersView:116 -                Rank 1 : true
2024-02-11 18:51:08,991 [INFO] ADCParametersView:116 -                Rank 2 : true
2024-02-11 18:51:12,736 [INFO] NvicIntPanel:101 - NVIC parent = com.st.microxplorer.plugins.ip.nvic.MultiNvicIntPanel[,0,0,0x0,invalid,layout=javax.swing.BoxLayout,alignmentX=0.0,alignmentY=0.0,border=,flags=9,maximumSize=,minimumSize=,preferredSize=]
2024-02-11 18:51:12,796 [INFO] ADCParametersView:116 -                Rank 1 : true
2024-02-11 18:51:12,796 [INFO] ADCParametersView:116 -                Rank 2 : true
2024-02-11 18:51:12,798 [INFO] ADCParametersView:116 -                Rank 1 : true
2024-02-11 18:51:12,799 [INFO] ADCParametersView:116 -                Rank 2 : true
2024-02-11 18:51:12,799 [INFO] ADCParametersView:116 -                Rank 1 : true
2024-02-11 18:51:12,799 [INFO] ADCParametersView:116 -                Rank 2 : true
2024-02-11 18:51:12,799 [INFO] ADCParametersView:116 -                Rank 1 : true
2024-02-11 18:51:12,799 [INFO] ADCParametersView:116 -                Rank 2 : true
2024-02-11 18:51:12,799 [INFO] ADCParametersView:116 -                Rank 1 : true
2024-02-11 18:51:12,799 [INFO] ADCParametersView:116 -                Rank 2 : true
2024-02-11 18:51:12,799 [INFO] ADCParametersView:116 -                Rank 1 : true
2024-02-11 18:51:12,799 [INFO] ADCParametersView:116 -                Rank 2 : true
2024-02-11 18:51:12,799 [INFO] ADCParametersView:116 -                Rank 1 : true
2024-02-11 18:51:12,799 [INFO] ADCParametersView:116 -                Rank 2 : true
2024-02-11 18:51:12,799 [INFO] ADCParametersView:116 -                Rank 1 : true
2024-02-11 18:51:12,799 [INFO] ADCParametersView:116 -                Rank 2 : true
2024-02-11 18:51:12,799 [INFO] ADCParametersView:116 -                Rank 1 : true
2024-02-11 18:51:12,800 [INFO] ADCParametersView:116 -                Rank 2 : true
2024-02-11 18:51:12,800 [INFO] ADCParametersView:116 -                Rank 1 : true
2024-02-11 18:51:12,800 [INFO] ADCParametersView:116 -                Rank 2 : true
2024-02-11 18:51:12,800 [INFO] ADCParametersView:116 -                Rank 1 : true
2024-02-11 18:51:12,800 [INFO] ADCParametersView:116 -                Rank 2 : true
2024-02-11 18:51:12,800 [INFO] ADCParametersView:116 -                Rank 1 : true
2024-02-11 18:51:12,800 [INFO] ADCParametersView:116 -                Rank 2 : true
2024-02-11 18:51:12,800 [INFO] ADCParametersView:116 -                Rank 1 : true
2024-02-11 18:51:12,800 [INFO] ADCParametersView:116 -                Rank 2 : true
2024-02-11 18:51:12,800 [INFO] ADCParametersView:116 -                Rank 2 : true
2024-02-11 18:51:12,845 [INFO] ADCParametersView:116 -                Rank 1 : true
2024-02-11 18:51:12,845 [INFO] ADCParametersView:116 -                Rank 1 : true
2024-02-11 18:51:12,845 [INFO] ADCParametersView:116 -                Rank 2 : true
2024-02-11 18:51:14,738 [INFO] UtilMem:75 - End SaveConfig() Used Memory: 595230712 Bytes (905969664)
2024-02-11 18:51:15,857 [INFO] UtilMem:75 - End SaveConfig() Used Memory: 622316120 Bytes (905969664)
2024-02-11 18:51:17,552 [INFO] UtilMem:75 - End SaveConfig() Used Memory: 666011640 Bytes (905969664)
2024-02-11 18:51:18,284 [INFO] BlockDiagram:2759 - set Specific Code input for plugin: TIM1_8F7
2024-02-11 18:51:18,284 [INFO] BlockDiagram:2759 - set Specific Code input for plugin: TIM1_8F7
2024-02-11 18:51:18,284 [INFO] BlockDiagram:2759 - set Specific Code input for plugin: TIM1_8F7
2024-02-11 18:51:18,284 [INFO] BlockDiagram:2759 - set Specific Code input for plugin: ADC
2024-02-11 18:51:18,285 [INFO] BlockDiagram:2759 - set Specific Code input for plugin: SYS
2024-02-11 18:51:18,285 [INFO] BlockDiagram:2759 - set Specific Code input for plugin: ADC
2024-02-11 18:51:18,285 [INFO] BlockDiagram:2759 - set Specific Code input for plugin: ADC
2024-02-11 18:51:18,285 [INFO] BlockDiagram:2759 - set Specific Code input for plugin: RCC
2024-02-11 18:51:18,285 [INFO] BlockDiagram:2759 - set Specific Code input for plugin: NVIC
2024-02-11 18:51:18,285 [INFO] BlockDiagram:2759 - set Specific Code input for plugin: USART
2024-02-11 18:51:18,285 [INFO] BlockDiagram:2759 - set Specific Code input for plugin: DMA
2024-02-11 18:51:18,285 [INFO] BlockDiagram:2759 - set Specific Code input for plugin: TIM1_8F7
2024-02-11 18:51:18,285 [INFO] BlockDiagram:2759 - set Specific Code input for plugin: UART
2024-02-11 18:51:18,286 [INFO] BlockDiagram:2759 - set Specific Code input for plugin: GPIO
2024-02-11 18:51:18,291 [INFO] CodeGenerator:793 - code generatio: config db path: C:\ST\STM32CubeIDE_1.12.0\STM32CubeIDE\plugins\com.st.stm32cube.common.mx_6.8.1.202304191431\\db\
2024-02-11 18:51:19,045 [INFO] CodeEngine:255 - oldGeneratedFile, C:\Users\m-ali.khlifi-ext\STM32CubeIDE\workspace_1.12.0\CADILLAC_V2_2eme_partie\MXTmpFiles\license.tmp_save
2024-02-11 18:51:20,246 [INFO] CodeEngine:279 - Generated code: C:\Users\m-ali.khlifi-ext\STM32CubeIDE\workspace_1.12.0\CADILLAC_V2_2eme_partie\MXTmpFiles\license.tmp
2024-02-11 18:51:20,405 [INFO] CodeEngine:255 - oldGeneratedFile, C:\Users\m-ali.khlifi-ext\STM32CubeIDE\workspace_1.12.0\CADILLAC_V2_2eme_partie\Core\Src\gpio.c_save
2024-02-11 18:51:20,607 [INFO] CodeEngine:279 - Generated code: C:\Users\m-ali.khlifi-ext\STM32CubeIDE\workspace_1.12.0\CADILLAC_V2_2eme_partie\Core\Src\gpio.c
2024-02-11 18:51:20,633 [INFO] CodeEngine:255 - oldGeneratedFile, C:\Users\m-ali.khlifi-ext\STM32CubeIDE\workspace_1.12.0\CADILLAC_V2_2eme_partie\Core\Inc\gpio.h_save
2024-02-11 18:51:20,756 [INFO] CodeEngine:279 - Generated code: C:\Users\m-ali.khlifi-ext\STM32CubeIDE\workspace_1.12.0\CADILLAC_V2_2eme_partie\Core\Inc\gpio.h
2024-02-11 18:51:23,401 [INFO] CodeEngine:255 - oldGeneratedFile, C:\Users\m-ali.khlifi-ext\STM32CubeIDE\workspace_1.12.0\CADILLAC_V2_2eme_partie\Core\Src\adc.c_save
2024-02-11 18:51:23,671 [INFO] CodeEngine:279 - Generated code: C:\Users\m-ali.khlifi-ext\STM32CubeIDE\workspace_1.12.0\CADILLAC_V2_2eme_partie\Core\Src\adc.c
2024-02-11 18:51:23,706 [INFO] CodeEngine:255 - oldGeneratedFile, C:\Users\m-ali.khlifi-ext\STM32CubeIDE\workspace_1.12.0\CADILLAC_V2_2eme_partie\Core\Inc\adc.h_save
2024-02-11 18:51:23,816 [INFO] CodeEngine:279 - Generated code: C:\Users\m-ali.khlifi-ext\STM32CubeIDE\workspace_1.12.0\CADILLAC_V2_2eme_partie\Core\Inc\adc.h
2024-02-11 18:51:23,858 [INFO] CodeEngine:255 - oldGeneratedFile, C:\Users\m-ali.khlifi-ext\STM32CubeIDE\workspace_1.12.0\CADILLAC_V2_2eme_partie\MXTmpFiles\cortex.tmp_save
2024-02-11 18:51:23,941 [INFO] CodeEngine:279 - Generated code: C:\Users\m-ali.khlifi-ext\STM32CubeIDE\workspace_1.12.0\CADILLAC_V2_2eme_partie\MXTmpFiles\cortex.tmp
2024-02-11 18:51:24,148 [INFO] CodeEngine:255 - oldGeneratedFile, C:\Users\m-ali.khlifi-ext\STM32CubeIDE\workspace_1.12.0\CADILLAC_V2_2eme_partie\Core\Src\dma.c_save
2024-02-11 18:51:24,236 [INFO] CodeEngine:279 - Generated code: C:\Users\m-ali.khlifi-ext\STM32CubeIDE\workspace_1.12.0\CADILLAC_V2_2eme_partie\Core\Src\dma.c
2024-02-11 18:51:24,254 [INFO] CodeEngine:255 - oldGeneratedFile, C:\Users\m-ali.khlifi-ext\STM32CubeIDE\workspace_1.12.0\CADILLAC_V2_2eme_partie\Core\Inc\dma.h_save
2024-02-11 18:51:24,337 [INFO] CodeEngine:279 - Generated code: C:\Users\m-ali.khlifi-ext\STM32CubeIDE\workspace_1.12.0\CADILLAC_V2_2eme_partie\Core\Inc\dma.h
2024-02-11 18:51:24,384 [INFO] CodeEngine:255 - oldGeneratedFile, C:\Users\m-ali.khlifi-ext\STM32CubeIDE\workspace_1.12.0\CADILLAC_V2_2eme_partie\Core\Src\tim.c_save
2024-02-11 18:51:24,540 [INFO] CodeEngine:279 - Generated code: C:\Users\m-ali.khlifi-ext\STM32CubeIDE\workspace_1.12.0\CADILLAC_V2_2eme_partie\Core\Src\tim.c
2024-02-11 18:51:24,563 [INFO] CodeEngine:255 - oldGeneratedFile, C:\Users\m-ali.khlifi-ext\STM32CubeIDE\workspace_1.12.0\CADILLAC_V2_2eme_partie\Core\Inc\tim.h_save
2024-02-11 18:51:24,646 [INFO] CodeEngine:279 - Generated code: C:\Users\m-ali.khlifi-ext\STM32CubeIDE\workspace_1.12.0\CADILLAC_V2_2eme_partie\Core\Inc\tim.h
2024-02-11 18:51:24,685 [INFO] CodeEngine:255 - oldGeneratedFile, C:\Users\m-ali.khlifi-ext\STM32CubeIDE\workspace_1.12.0\CADILLAC_V2_2eme_partie\Core\Src\usart.c_save
2024-02-11 18:51:24,800 [INFO] CodeEngine:279 - Generated code: C:\Users\m-ali.khlifi-ext\STM32CubeIDE\workspace_1.12.0\CADILLAC_V2_2eme_partie\Core\Src\usart.c
2024-02-11 18:51:24,819 [INFO] CodeEngine:255 - oldGeneratedFile, C:\Users\m-ali.khlifi-ext\STM32CubeIDE\workspace_1.12.0\CADILLAC_V2_2eme_partie\Core\Inc\usart.h_save
2024-02-11 18:51:24,898 [INFO] CodeEngine:279 - Generated code: C:\Users\m-ali.khlifi-ext\STM32CubeIDE\workspace_1.12.0\CADILLAC_V2_2eme_partie\Core\Inc\usart.h
2024-02-11 18:51:24,947 [INFO] CodeEngine:255 - oldGeneratedFile, C:\Users\m-ali.khlifi-ext\STM32CubeIDE\workspace_1.12.0\CADILLAC_V2_2eme_partie\Core\Src\stm32f7xx_it.c_save
2024-02-11 18:51:25,064 [INFO] CodeEngine:279 - Generated code: C:\Users\m-ali.khlifi-ext\STM32CubeIDE\workspace_1.12.0\CADILLAC_V2_2eme_partie\Core\Src\stm32f7xx_it.c
2024-02-11 18:51:25,089 [INFO] CodeEngine:255 - oldGeneratedFile, C:\Users\m-ali.khlifi-ext\STM32CubeIDE\workspace_1.12.0\CADILLAC_V2_2eme_partie\Core\Inc\stm32f7xx_it.h_save
2024-02-11 18:51:25,171 [INFO] CodeEngine:279 - Generated code: C:\Users\m-ali.khlifi-ext\STM32CubeIDE\workspace_1.12.0\CADILLAC_V2_2eme_partie\Core\Inc\stm32f7xx_it.h
2024-02-11 18:51:25,221 [INFO] CodeEngine:255 - oldGeneratedFile, C:\Users\m-ali.khlifi-ext\STM32CubeIDE\workspace_1.12.0\CADILLAC_V2_2eme_partie\Core\Src\stm32f7xx_hal_msp.c_save
2024-02-11 18:51:25,329 [INFO] CodeEngine:279 - Generated code: C:\Users\m-ali.khlifi-ext\STM32CubeIDE\workspace_1.12.0\CADILLAC_V2_2eme_partie\Core\Src\stm32f7xx_hal_msp.c
2024-02-11 18:51:25,344 [INFO] CodeEngine:255 - oldGeneratedFile, C:\Users\m-ali.khlifi-ext\STM32CubeIDE\workspace_1.12.0\CADILLAC_V2_2eme_partie\MXTmpFiles\system.tmp_save
2024-02-11 18:51:25,404 [INFO] CodeEngine:279 - Generated code: C:\Users\m-ali.khlifi-ext\STM32CubeIDE\workspace_1.12.0\CADILLAC_V2_2eme_partie\MXTmpFiles\system.tmp
2024-02-11 18:51:25,443 [INFO] CodeEngine:311 - oldGeneratedFile, C:\Users\m-ali.khlifi-ext\STM32CubeIDE\workspace_1.12.0\CADILLAC_V2_2eme_partie\Core\Inc\stm32f7xx_hal_conf.h_save
2024-02-11 18:51:25,541 [INFO] CodeEngine:335 - Generated code: C:\Users\m-ali.khlifi-ext\STM32CubeIDE\workspace_1.12.0\CADILLAC_V2_2eme_partie\Core\Inc\stm32f7xx_hal_conf.h
2024-02-11 18:51:25,628 [INFO] CodeEngine:255 - oldGeneratedFile, C:\Users\m-ali.khlifi-ext\STM32CubeIDE\workspace_1.12.0\CADILLAC_V2_2eme_partie\Core\Inc\main.h_save
2024-02-11 18:51:25,783 [INFO] CodeEngine:279 - Generated code: C:\Users\m-ali.khlifi-ext\STM32CubeIDE\workspace_1.12.0\CADILLAC_V2_2eme_partie\Core\Inc\main.h
2024-02-11 18:51:25,815 [INFO] CodeEngine:255 - oldGeneratedFile, C:\Users\m-ali.khlifi-ext\STM32CubeIDE\workspace_1.12.0\CADILLAC_V2_2eme_partie\Core\Src\main.c_save
2024-02-11 18:51:26,058 [INFO] CodeEngine:279 - Generated code: C:\Users\m-ali.khlifi-ext\STM32CubeIDE\workspace_1.12.0\CADILLAC_V2_2eme_partie\Core\Src\main.c
2024-02-11 18:51:29,539 [INFO] ProjectBuilder:2996 - Time for Copy HAL[1] : 2669mS.
2024-02-11 18:51:29,557 [INFO] ProjectBuilder:4304 - Project Generator version: 3.19.2
2024-02-11 18:51:30,064 [INFO] ConfigFileManager:1483 - The Die is : DIE449
2024-02-11 18:51:30,081 [INFO] ApiDbMcu:507 - Load IP Config File for FATFS
2024-02-11 18:51:30,097 [INFO] ApiDbMcu:507 - Load IP Config File for FREERTOS
2024-02-11 18:51:30,105 [INFO] ApiDbMcu:507 - Load IP Config File for LIBJPEG
2024-02-11 18:51:30,119 [INFO] ApiDbMcu:507 - Load IP Config File for LWIP
2024-02-11 18:51:30,135 [INFO] ApiDbMcu:507 - Load IP Config File for MBEDTLS
2024-02-11 18:51:30,159 [INFO] ApiDbMcu:507 - Load IP Config File for USB_DEVICE
2024-02-11 18:51:30,183 [INFO] ApiDbMcu:507 - Load IP Config File for USB_HOST
