2024-01-23 09:59:27,989 [INFO] UtilMem:75 - End SaveConfig() Used Memory: 759628288 Bytes (1024458752)
2024-01-23 09:59:29,193 [INFO] UtilMem:75 - End SaveConfig() Used Memory: 795802112 Bytes (1024458752)
2024-01-23 09:59:30,051 [INFO] UtilMem:75 - End SaveConfig() Used Memory: 845623568 Bytes (1024458752)
2024-01-23 09:59:30,252 [INFO] BlockDiagram:2759 - set Specific Code input for plugin: TIM1_8
2024-01-23 09:59:30,252 [INFO] BlockDiagram:2759 - set Specific Code input for plugin: SYS
2024-01-23 09:59:30,252 [INFO] BlockDiagram:2759 - set Specific Code input for plugin: RCC
2024-01-23 09:59:30,252 [INFO] BlockDiagram:2759 - set Specific Code input for plugin: NVIC
2024-01-23 09:59:30,252 [INFO] BlockDiagram:2759 - set Specific Code input for plugin: GPIO
2024-01-23 09:59:30,267 [INFO] CodeGenerator:793 - code generatio: config db path: C:\ST\STM32CubeIDE_1.12.0\STM32CubeIDE\plugins\com.st.stm32cube.common.mx_6.8.1.202304191431\\db\
2024-01-23 09:59:30,437 [INFO] CodeEngine:255 - oldGeneratedFile, C:\Users\m-ali.khlifi-ext\STM32CubeIDE\workspace_1.12.0\VALIDATION22\MXTmpFiles\license.tmp_save
2024-01-23 09:59:30,521 [INFO] CodeEngine:279 - Generated code: C:\Users\m-ali.khlifi-ext\STM32CubeIDE\workspace_1.12.0\VALIDATION22\MXTmpFiles\license.tmp
2024-01-23 09:59:30,584 [INFO] CodeEngine:255 - oldGeneratedFile, C:\Users\m-ali.khlifi-ext\STM32CubeIDE\workspace_1.12.0\VALIDATION22\MXTmpFiles\gpio.tmp_save
2024-01-23 09:59:30,653 [INFO] CodeEngine:279 - Generated code: C:\Users\m-ali.khlifi-ext\STM32CubeIDE\workspace_1.12.0\VALIDATION22\MXTmpFiles\gpio.tmp
2024-01-23 09:59:30,853 [INFO] CodeEngine:255 - oldGeneratedFile, C:\Users\m-ali.khlifi-ext\STM32CubeIDE\workspace_1.12.0\VALIDATION22\Core\Src\stm32f4xx_it.c_save
2024-01-23 09:59:31,023 [INFO] CodeEngine:279 - Generated code: C:\Users\m-ali.khlifi-ext\STM32CubeIDE\workspace_1.12.0\VALIDATION22\Core\Src\stm32f4xx_it.c
2024-01-23 09:59:31,038 [INFO] CodeEngine:255 - oldGeneratedFile, C:\Users\m-ali.khlifi-ext\STM32CubeIDE\workspace_1.12.0\VALIDATION22\Core\Inc\stm32f4xx_it.h_save
2024-01-23 09:59:31,123 [INFO] CodeEngine:279 - Generated code: C:\Users\m-ali.khlifi-ext\STM32CubeIDE\workspace_1.12.0\VALIDATION22\Core\Inc\stm32f4xx_it.h
2024-01-23 09:59:31,170 [INFO] CodeEngine:255 - oldGeneratedFile, C:\Users\m-ali.khlifi-ext\STM32CubeIDE\workspace_1.12.0\VALIDATION22\Core\Src\stm32f4xx_hal_msp.c_save
2024-01-23 09:59:31,286 [INFO] CodeEngine:279 - Generated code: C:\Users\m-ali.khlifi-ext\STM32CubeIDE\workspace_1.12.0\VALIDATION22\Core\Src\stm32f4xx_hal_msp.c
2024-01-23 09:59:31,301 [INFO] CodeEngine:255 - oldGeneratedFile, C:\Users\m-ali.khlifi-ext\STM32CubeIDE\workspace_1.12.0\VALIDATION22\MXTmpFiles\system.tmp_save
2024-01-23 09:59:31,355 [INFO] CodeEngine:279 - Generated code: C:\Users\m-ali.khlifi-ext\STM32CubeIDE\workspace_1.12.0\VALIDATION22\MXTmpFiles\system.tmp
2024-01-23 09:59:31,402 [INFO] CodeEngine:311 - oldGeneratedFile, C:\Users\m-ali.khlifi-ext\STM32CubeIDE\workspace_1.12.0\VALIDATION22\Core\Inc\stm32f4xx_hal_conf.h_save
2024-01-23 09:59:31,486 [INFO] CodeEngine:335 - Generated code: C:\Users\m-ali.khlifi-ext\STM32CubeIDE\workspace_1.12.0\VALIDATION22\Core\Inc\stm32f4xx_hal_conf.h
2024-01-23 09:59:31,524 [WARN] IPConfigManager:2937 - Warning: the RefConfig PLL2P_FOR_MCO is not available in your config.xml file
2024-01-23 09:59:31,524 [WARN] IPConfigManager:3431 - IP not found : TIM
2024-01-23 09:59:31,524 [WARN] CodeGenerator:3754 - IP not found : null
2024-01-23 09:59:31,555 [INFO] CodeEngine:255 - oldGeneratedFile, C:\Users\m-ali.khlifi-ext\STM32CubeIDE\workspace_1.12.0\VALIDATION22\Core\Inc\main.h_save
2024-01-23 09:59:31,687 [INFO] CodeEngine:279 - Generated code: C:\Users\m-ali.khlifi-ext\STM32CubeIDE\workspace_1.12.0\VALIDATION22\Core\Inc\main.h
2024-01-23 09:59:31,718 [INFO] CodeEngine:255 - oldGeneratedFile, C:\Users\m-ali.khlifi-ext\STM32CubeIDE\workspace_1.12.0\VALIDATION22\Core\Src\main.c_save
2024-01-23 09:59:31,840 [INFO] CodeEngine:279 - Generated code: C:\Users\m-ali.khlifi-ext\STM32CubeIDE\workspace_1.12.0\VALIDATION22\Core\Src\main.c
2024-01-23 09:59:33,559 [INFO] ProjectBuilder:2996 - Time for Copy HAL[1] : 1192mS.
2024-01-23 09:59:33,559 [INFO] ProjectBuilder:4304 - Project Generator version: 3.19.2
2024-01-23 09:59:34,024 [INFO] ConfigFileManager:1483 - The Die is : DIE421
2024-01-23 09:59:36,481 [INFO] ProjectBuilder:4505 - Time for Generating toolchain IDE Files: 2922mS.
2024-01-23 09:59:36,493 [INFO] ProjectBuilder:2867 - Time for Copy CMSIS : 2mS.
2024-01-23 09:59:36,493 [INFO] ProjectBuilder:2867 - Time for Copy CMSIS : 0mS.
2024-01-23 12:18:02,609 [INFO] MainUpdater:2854 - connection check result : 10
2024-01-23 12:18:02,609 [INFO] MainUpdater:2854 - connection check result : 10
2024-01-23 12:18:02,631 [INFO] MicroXplorer:468 - Change Database Path : 
2024-01-23 12:18:02,631 [INFO] MicroXplorer:498 - Change Database Version : DB.6.0.81
2024-01-23 12:18:02,662 [WARN] ThirdParty:871 - waiting for thirdparty lock release [close project]
2024-01-23 12:18:02,662 [INFO] ThirdParty:873 - entering critical section [close project]
2024-01-23 12:18:02,662 [INFO] ThirdParty:883 - exiting critical section [close project]
2024-01-23 12:18:02,662 [INFO] PinOutPanel:1499 - setPackage(No Configuration,No Configuration)
2024-01-23 12:18:02,678 [WARN] IpParametersView:150 - Warning: This peripheral hasn't parameters
2024-01-23 12:18:02,678 [WARN] MainPanel:257 - <html><b><center>Warning: This peripheral has no parameters to be configured<br></b></html>
2024-01-23 12:18:02,693 [INFO] UtilMem:75 - Begin LoadConfig() Used Memory: 747262624 Bytes (1034944512)
2024-01-23 12:18:02,693 [INFO] MicroXplorer:468 - Change Database Path : 
2024-01-23 12:18:02,693 [INFO] MicroXplorer:498 - Change Database Version : DB.6.0.81
2024-01-23 12:18:02,693 [INFO] OpenFileManager:308 - Change cursor
2024-01-23 12:18:02,731 [INFO] RulesReader:64 - Compatibility file has been processed (293 Rules)
2024-01-23 12:18:02,747 [INFO] Mcu:1937 - Initializing MCU STM32F746ZGTx STM32F746ZGTx STM32F746ZGT6
2024-01-23 12:18:04,896 [INFO] Context:659 - Trying to add GPIOservice into a context  which must be forbidden
2024-01-23 12:18:05,740 [INFO] RtosManager:555 - Registered RTOS mode: class=CMSIS, group=RTOS, mode=CMSIS_V1, owner=FREERTOS
2024-01-23 12:18:05,740 [INFO] RtosManager:555 - Registered RTOS mode: class=CMSIS, group=RTOS2, mode=CMSIS_V2, owner=FREERTOS
2024-01-23 12:18:05,740 [INFO] RtosManager:555 - Registered RTOS mode: class=RTOS, group=Core, mode=CMSIS_V1, owner=FREERTOS
2024-01-23 12:18:05,740 [INFO] RtosManager:555 - Registered RTOS mode: class=RTOS, group=Core, mode=CMSIS_V2, owner=FREERTOS
2024-01-23 12:18:05,740 [WARN] ModelIntegratedComponent:184 - Missing modes for component STMicroelectronics:FreeRTOS:0.0.1:STMicroelectronics:RTOS:FreeRTOS:Core:::10.2.0:
2024-01-23 12:18:05,750 [WARN] ModelIntegratedComponent:63 - No mode defined for component null
2024-01-23 12:18:05,750 [WARN] ModelIntegratedComponent:63 - No mode defined for component null
2024-01-23 12:18:05,750 [WARN] ModelIntegratedComponent:63 - No mode defined for component null
2024-01-23 12:18:05,750 [WARN] ModelIntegratedComponent:63 - No mode defined for component null
2024-01-23 12:18:05,750 [WARN] ModelIntegratedComponent:63 - No mode defined for component null
2024-01-23 12:18:05,750 [WARN] ModelIntegratedComponent:63 - No mode defined for component null
2024-01-23 12:18:05,750 [WARN] ModelIntegratedComponent:63 - No mode defined for component null
2024-01-23 12:18:05,750 [WARN] ModelIntegratedComponent:63 - No mode defined for component null
2024-01-23 12:18:05,750 [WARN] ModelIntegratedComponent:63 - No mode defined for component null
2024-01-23 12:18:05,750 [WARN] ModelIntegratedComponent:63 - No mode defined for component null
2024-01-23 12:18:05,750 [WARN] ModelIntegratedComponent:63 - No mode defined for component null
2024-01-23 12:18:05,750 [WARN] ModelIntegratedComponent:63 - No mode defined for component null
2024-01-23 12:18:05,750 [WARN] ModelIntegratedComponent:63 - No mode defined for component null
2024-01-23 12:18:05,750 [WARN] ModelIntegratedComponent:63 - No mode defined for component null
2024-01-23 12:18:05,750 [WARN] ModelIntegratedComponent:63 - No mode defined for component null
2024-01-23 12:18:05,750 [WARN] ModelIntegratedComponent:63 - No mode defined for component null
2024-01-23 12:18:05,758 [WARN] ModelIntegratedComponent:63 - No mode defined for component null
2024-01-23 12:18:05,758 [WARN] ModelIntegratedComponent:63 - No mode defined for component null
2024-01-23 12:18:05,758 [WARN] ModelIntegratedComponent:63 - No mode defined for component null
2024-01-23 12:18:05,758 [WARN] ModelIntegratedComponent:63 - No mode defined for component null
2024-01-23 12:18:05,758 [WARN] ModelIntegratedComponent:63 - No mode defined for component null
2024-01-23 12:18:05,758 [WARN] ModelIntegratedComponent:63 - No mode defined for component null
2024-01-23 12:18:05,758 [WARN] ModelIntegratedComponent:63 - No mode defined for component null
2024-01-23 12:18:05,758 [WARN] ModelIntegratedComponent:63 - No mode defined for component null
2024-01-23 12:18:05,758 [WARN] ModelIntegratedComponent:63 - No mode defined for component null
2024-01-23 12:18:05,758 [WARN] ModelIntegratedComponent:63 - No mode defined for component null
2024-01-23 12:18:05,758 [WARN] ModelIntegratedComponent:63 - No mode defined for component null
2024-01-23 12:18:05,758 [WARN] ModelIntegratedComponent:63 - No mode defined for component null
2024-01-23 12:18:05,758 [WARN] ModelIntegratedComponent:63 - No mode defined for component null
2024-01-23 12:18:05,758 [WARN] ModelIntegratedComponent:63 - No mode defined for component null
2024-01-23 12:18:05,758 [WARN] ModelIntegratedComponent:63 - No mode defined for component null
2024-01-23 12:18:05,758 [WARN] ModelIntegratedComponent:63 - No mode defined for component null
2024-01-23 12:18:05,758 [WARN] ModelIntegratedComponent:63 - No mode defined for component null
2024-01-23 12:18:05,840 [INFO] ThirdPartyModel:298 - Start build external matchings
2024-01-23 12:18:06,511 [INFO] ThirdPartyModel:316 - End build external matchings
2024-01-23 12:18:06,539 [INFO] ImportTextPane:194 - (OptionalMessage_ERROR) IP (DMA) : Parameter (Instance) has Id (ADC1) currently not set
2024-01-23 12:18:06,539 [INFO] ImportTextPane:194 - (OptionalMessage_ERROR) IP (DMA) : Parameter (Channel) has Id (ADC1) currently not set
2024-01-23 12:18:06,539 [INFO] ImportTextPane:194 - (OptionalMessage_ERROR) IP (DMA) : Parameter (Direction) has Id (ADC1) currently not set
2024-01-23 12:18:06,539 [INFO] ImportTextPane:194 - (OptionalMessage_ERROR) IP (DMA) : Parameter (PeriphInc) has Id (ADC1) currently not set
2024-01-23 12:18:06,539 [INFO] ImportTextPane:194 - (OptionalMessage_ERROR) IP (DMA) : Parameter (MemInc) has Id (ADC1) currently not set
2024-01-23 12:18:06,539 [INFO] ImportTextPane:194 - (OptionalMessage_ERROR) IP (DMA) : Parameter (PeriphDataAlignment) has Id (ADC1) currently not set
2024-01-23 12:18:06,539 [INFO] ImportTextPane:194 - (OptionalMessage_ERROR) IP (DMA) : Parameter (MemDataAlignment) has Id (ADC1) currently not set
2024-01-23 12:18:06,539 [INFO] ImportTextPane:194 - (OptionalMessage_ERROR) IP (DMA) : Parameter (Mode) has Id (ADC1) currently not set
2024-01-23 12:18:06,539 [INFO] ImportTextPane:194 - (OptionalMessage_ERROR) IP (DMA) : Parameter (Priority) has Id (ADC1) currently not set
2024-01-23 12:18:06,539 [INFO] ImportTextPane:194 - (OptionalMessage_ERROR) IP (DMA) : Parameter (FIFOMode) has Id (ADC1) currently not set
2024-01-23 12:18:06,539 [INFO] ImportTextPane:194 - (OptionalMessage_ERROR) IP (DMA) : Parameter (Instance) has Id (ADC2) currently not set
2024-01-23 12:18:06,539 [INFO] ImportTextPane:194 - (OptionalMessage_ERROR) IP (DMA) : Parameter (Channel) has Id (ADC2) currently not set
2024-01-23 12:18:06,539 [INFO] ImportTextPane:194 - (OptionalMessage_ERROR) IP (DMA) : Parameter (Direction) has Id (ADC2) currently not set
2024-01-23 12:18:06,539 [INFO] ImportTextPane:194 - (OptionalMessage_ERROR) IP (DMA) : Parameter (PeriphInc) has Id (ADC2) currently not set
2024-01-23 12:18:06,539 [INFO] ImportTextPane:194 - (OptionalMessage_ERROR) IP (DMA) : Parameter (MemInc) has Id (ADC2) currently not set
2024-01-23 12:18:06,539 [INFO] ImportTextPane:194 - (OptionalMessage_ERROR) IP (DMA) : Parameter (PeriphDataAlignment) has Id (ADC2) currently not set
2024-01-23 12:18:06,539 [INFO] ImportTextPane:194 - (OptionalMessage_ERROR) IP (DMA) : Parameter (MemDataAlignment) has Id (ADC2) currently not set
2024-01-23 12:18:06,539 [INFO] ImportTextPane:194 - (OptionalMessage_ERROR) IP (DMA) : Parameter (Mode) has Id (ADC2) currently not set
2024-01-23 12:18:06,539 [INFO] ImportTextPane:194 - (OptionalMessage_ERROR) IP (DMA) : Parameter (Priority) has Id (ADC2) currently not set
2024-01-23 12:18:06,539 [INFO] ImportTextPane:194 - (OptionalMessage_ERROR) IP (DMA) : Parameter (FIFOMode) has Id (ADC2) currently not set
2024-01-23 12:18:06,554 [INFO] ImportTextPane:194 - (OptionalMessage_ERROR) IP (RCC) : Invalid parameter (48MHZClocksFreq_Value)
2024-01-23 12:18:06,554 [INFO] ImportTextPane:194 - (OptionalMessage_ERROR) IP (RCC) : Invalid parameter (ADC12outputFreq_Value)
2024-01-23 12:18:06,554 [INFO] ImportTextPane:194 - (OptionalMessage_ERROR) IP (RCC) : Invalid parameter (ADC34outputFreq_Value)
2024-01-23 12:18:06,554 [INFO] ImportTextPane:194 - (OptionalMessage_ERROR) IP (RCC) : Invalid parameter (FamilyName)
2024-01-23 12:18:06,554 [INFO] ImportTextPane:194 - (OptionalMessage_ERROR) IP (RCC) : Invalid parameter (I2SClocksFreq_Value)
2024-01-23 12:18:06,554 [INFO] ImportTextPane:194 - (OptionalMessage_ERROR) IP (RCC) : Parameter (LCDTFToutputFreq_Value) has invalid value (96000000)
2024-01-23 12:18:06,554 [INFO] ImportTextPane:194 - (OptionalMessage_ERROR) IP (RCC) : Invalid parameter (MCOFreq_Value)
2024-01-23 12:18:06,554 [INFO] ImportTextPane:194 - (OptionalMessage_ERROR) IP (RCC) : Invalid parameter (PLLMCOFreq_Value)
2024-01-23 12:18:06,554 [INFO] ImportTextPane:194 - (OptionalMessage_ERROR) IP (RCC) : Invalid parameter (PLLMUL)
2024-01-23 12:18:06,554 [INFO] ImportTextPane:194 - (OptionalMessage_ERROR) IP (RCC) : Invalid parameter (PRESCALERUSB)
2024-01-23 12:18:06,554 [INFO] ImportTextPane:194 - (OptionalMessage_ERROR) IP (RCC) : Parameter (RNGFreq_Value) has invalid value (144000000)
2024-01-23 12:18:06,554 [INFO] ImportTextPane:194 - (OptionalMessage_ERROR) IP (RCC) : Invalid parameter (RTCHSEDivFreq_Value)
2024-01-23 12:18:06,554 [INFO] ImportTextPane:194 - (OptionalMessage_ERROR) IP (RCC) : Parameter (SDMMCFreq_Value) has invalid value (216000000)
2024-01-23 12:18:06,554 [INFO] ImportTextPane:194 - (OptionalMessage_ERROR) IP (RCC) : Invalid parameter (SYSCLKSourceVirtual)
2024-01-23 12:18:06,554 [INFO] ImportTextPane:194 - (OptionalMessage_ERROR) IP (RCC) : Invalid parameter (TIM15Freq_Value)
2024-01-23 12:18:06,554 [INFO] ImportTextPane:194 - (OptionalMessage_ERROR) IP (RCC) : Invalid parameter (TIM16Freq_Value)
2024-01-23 12:18:06,554 [INFO] ImportTextPane:194 - (OptionalMessage_ERROR) IP (RCC) : Invalid parameter (TIM17Freq_Value)
2024-01-23 12:18:06,554 [INFO] ImportTextPane:194 - (OptionalMessage_ERROR) IP (RCC) : Invalid parameter (TIM1Freq_Value)
2024-01-23 12:18:06,554 [INFO] ImportTextPane:194 - (OptionalMessage_ERROR) IP (RCC) : Invalid parameter (TIM20Freq_Value)
2024-01-23 12:18:06,554 [INFO] ImportTextPane:194 - (OptionalMessage_ERROR) IP (RCC) : Invalid parameter (TIM2Freq_Value)
2024-01-23 12:18:06,554 [INFO] ImportTextPane:194 - (OptionalMessage_ERROR) IP (RCC) : Invalid parameter (TIM3Freq_Value)
2024-01-23 12:18:06,554 [INFO] ImportTextPane:194 - (OptionalMessage_ERROR) IP (RCC) : Invalid parameter (TIM8Freq_Value)
2024-01-23 12:18:06,554 [INFO] ImportTextPane:194 - (OptionalMessage_ERROR) IP (RCC) : Parameter (USBFreq_Value) has invalid value (144000000)
2024-01-23 12:18:06,554 [INFO] ImportTextPane:194 - (OptionalMessage_ERROR) IP (RCC) : Invalid parameter (VCOOutput2Freq_Value)
2024-01-23 12:18:06,554 [INFO] ImportTextPane:194 - (OptionalMessage_ERROR) IP (RCC) : Invalid parameter (VcooutputI2S)
2024-01-23 12:18:07,034 [INFO] UtilMem:75 - End LoadConfig() Used Memory: 724747704 Bytes (1034944512)
2024-01-23 12:18:07,243 [WARN] ThirdParty:833 - waiting for thirdparty lock release [change project]
2024-01-23 12:18:07,243 [INFO] ThirdParty:835 - entering critical section [change project]
2024-01-23 12:18:07,243 [INFO] ThirdParty:1030 - CMSIS Pack Vendor :STMicroelectronics X-CUBE-ISPU 1.1.0
2024-01-23 12:18:07,243 [INFO] ThirdParty:1030 - CMSIS Pack Vendor :STMicroelectronics X-CUBE-GNSS1 6.0.0
2024-01-23 12:18:07,243 [INFO] ThirdParty:1030 - CMSIS Pack Vendor :STMicroelectronics USB_HOST 2.0.0
2024-01-23 12:18:07,243 [INFO] ThirdParty:1030 - CMSIS Pack Vendor :STMicroelectronics X-CUBE-AZRTOS-F4 1.1.0
2024-01-23 12:18:07,243 [INFO] ThirdParty:1030 - CMSIS Pack Vendor :STMicroelectronics LIBJPEG 8.0.0
2024-01-23 12:18:07,243 [INFO] ThirdParty:1030 - CMSIS Pack Vendor :STMicroelectronics X-CUBE-SMBUS 2.1.0
2024-01-23 12:18:07,243 [INFO] ThirdParty:1030 - CMSIS Pack Vendor :wolfSSL I-CUBE-wolfSSL 5.6.0
2024-01-23 12:18:07,243 [INFO] ThirdParty:1030 - CMSIS Pack Vendor :STMicroelectronics USB_DEVICE 3.0.0
2024-01-23 12:18:07,243 [INFO] ThirdParty:1030 - CMSIS Pack Vendor :STMicroelectronics X-CUBE-AI 8.0.0
2024-01-23 12:18:07,243 [INFO] ThirdParty:1030 - CMSIS Pack Vendor :STMicroelectronics X-CUBE-AZRTOS-WB 2.0.0
2024-01-23 12:18:07,243 [INFO] ThirdParty:1030 - CMSIS Pack Vendor :STMicroelectronics X-CUBE-FREERTOS 1.0.1
2024-01-23 12:18:07,243 [INFO] ThirdParty:1030 - CMSIS Pack Vendor :STMicroelectronics X-CUBE-TOUCHGFX 4.21.3
2024-01-23 12:18:07,243 [INFO] ThirdParty:1030 - CMSIS Pack Vendor :STMicroelectronics X-CUBE-TOUCHGFX 4.23.0
2024-01-23 12:18:07,243 [INFO] ThirdParty:1030 - CMSIS Pack Vendor :STMicroelectronics X-CUBE-AZRTOS-F7 1.1.0
2024-01-23 12:18:07,243 [INFO] ThirdParty:1030 - CMSIS Pack Vendor :STMicroelectronics X-CUBE-TOUCHGFX 4.21.4
2024-01-23 12:18:07,243 [INFO] ThirdParty:1030 - CMSIS Pack Vendor :STMicroelectronics X-CUBE-AZRTOS-L5 2.0.0
2024-01-23 12:18:07,243 [INFO] ThirdParty:1030 - CMSIS Pack Vendor :STMicroelectronics USB_DEVICE 2.0.0
2024-01-23 12:18:07,243 [INFO] ThirdParty:1030 - CMSIS Pack Vendor :STMicroelectronics X-CUBE-MEMS1 9.6.0
2024-01-23 12:18:07,243 [INFO] ThirdParty:1030 - CMSIS Pack Vendor :STMicroelectronics X-CUBE-EEPRMA1 4.2.0
2024-01-23 12:18:07,243 [INFO] ThirdParty:1030 - CMSIS Pack Vendor :ITTIA_DB I-CUBE-ITTIADB 8.8.0
2024-01-23 12:18:07,243 [INFO] ThirdParty:1030 - CMSIS Pack Vendor :STMicroelectronics FP-SNS-MOTENV1 4.3.0
2024-01-23 12:18:07,243 [INFO] ThirdParty:1030 - CMSIS Pack Vendor :STMicroelectronics FP-SNS-MOTENV1 4.3.2
2024-01-23 12:18:07,243 [INFO] ThirdParty:1030 - CMSIS Pack Vendor :STMicroelectronics FP-SNS-FLIGHT1 5.0.0
2024-01-23 12:18:07,243 [INFO] ThirdParty:1030 - CMSIS Pack Vendor :STMicroelectronics FP-SNS-MOTENV1 4.3.1
2024-01-23 12:18:07,243 [INFO] ThirdParty:1030 - CMSIS Pack Vendor :STMicroelectronics FP-SNS-FLIGHT1 5.0.1
2024-01-23 12:18:07,243 [INFO] ThirdParty:1030 - CMSIS Pack Vendor :STMicroelectronics X-CUBE-ALGOBUILD 1.3.0
2024-01-23 12:18:07,243 [INFO] ThirdParty:1030 - CMSIS Pack Vendor :STMicroelectronics X-CUBE-BLE1 6.2.4
2024-01-23 12:18:07,243 [INFO] ThirdParty:1030 - CMSIS Pack Vendor :STMicroelectronics X-CUBE-AZRTOS-L5 1.1.0
2024-01-23 12:18:07,243 [INFO] ThirdParty:1030 - CMSIS Pack Vendor :STMicroelectronics FreeRTOS 0.0.1
2024-01-23 12:18:07,243 [INFO] ThirdParty:1030 - CMSIS Pack Vendor :STMicroelectronics X-CUBE-AZRTOS-G0 1.1.0
2024-01-23 12:18:07,243 [INFO] ThirdParty:1030 - CMSIS Pack Vendor :emotas I-CUBE-CANOPEN 1.1.3
2024-01-23 12:18:07,243 [INFO] ThirdParty:1030 - CMSIS Pack Vendor :STMicroelectronics X-CUBE-BLEMGR 2.0.0
2024-01-23 12:18:07,243 [INFO] ThirdParty:1030 - CMSIS Pack Vendor :STMicroelectronics X-CUBE-AI 8.0.1
2024-01-23 12:18:07,243 [INFO] ThirdParty:1030 - CMSIS Pack Vendor :STMicroelectronics X-CUBE-NFC4 3.0.0
2024-01-23 12:18:07,243 [INFO] ThirdParty:1030 - CMSIS Pack Vendor :STMicroelectronics X-CUBE-SUBG2 5.0.0
2024-01-23 12:18:07,243 [INFO] ThirdParty:1030 - CMSIS Pack Vendor :STMicroelectronics STM32_WPAN 1.0.0
2024-01-23 12:18:07,243 [INFO] ThirdParty:1030 - CMSIS Pack Vendor :STMicroelectronics lwIP 2.0.3
2024-01-23 12:18:07,243 [INFO] ThirdParty:1030 - CMSIS Pack Vendor :STMicroelectronics FP-SNS-FLIGHT1 5.0.2
2024-01-23 12:18:07,243 [INFO] ThirdParty:1030 - CMSIS Pack Vendor :STMicroelectronics USB_HOST 1.0.0
2024-01-23 12:18:07,243 [INFO] ThirdParty:1030 - CMSIS Pack Vendor :STMicroelectronics X-CUBE-TOF1 3.3.1
2024-01-23 12:18:07,243 [INFO] ThirdParty:1030 - CMSIS Pack Vendor :STMicroelectronics X-CUBE-AZRTOS-G4 2.0.0
2024-01-23 12:18:07,243 [INFO] ThirdParty:1030 - CMSIS Pack Vendor :STMicroelectronics PDM2PCM 3.1.0
2024-01-23 12:18:07,243 [INFO] ThirdParty:1030 - CMSIS Pack Vendor :STMicroelectronics X-CUBE-AZRTOS-H7 3.1.0
2024-01-23 12:18:07,243 [INFO] ThirdParty:1030 - CMSIS Pack Vendor :STMicroelectronics X-CUBE-TOF1 3.3.0
2024-01-23 12:18:07,243 [INFO] ThirdParty:1030 - CMSIS Pack Vendor :Infineon AIROC-Wi-Fi-Bluetooth-STM32 1.5.1
2024-01-23 12:18:07,243 [INFO] ThirdParty:1030 - CMSIS Pack Vendor :STMicroelectronics X-CUBE-BLEMGR 3.0.0
2024-01-23 12:18:07,243 [INFO] ThirdParty:1030 - CMSIS Pack Vendor :STMicroelectronics PDM2PCM 3.3.0
2024-01-23 12:18:07,243 [INFO] ThirdParty:1030 - CMSIS Pack Vendor :STMicroelectronics X-CUBE-DISPLAY 3.0.0
2024-01-23 12:18:07,243 [INFO] ThirdParty:1030 - CMSIS Pack Vendor :STMicroelectronics FP-SNS-MOTENVWB1 1.3.0
2024-01-23 12:18:07,243 [INFO] ThirdParty:1030 - CMSIS Pack Vendor :STMicroelectronics FP-SNS-MOTENVWB1 1.3.1
2024-01-23 12:18:07,243 [INFO] ThirdParty:1030 - CMSIS Pack Vendor :STMicroelectronics X-CUBE-BLE1 7.0.0
2024-01-23 12:18:07,243 [INFO] ThirdParty:1030 - CMSIS Pack Vendor :STMicroelectronics FP-ATR-SIGFOX1 3.2.0
2024-01-23 12:18:07,243 [INFO] ThirdParty:1030 - CMSIS Pack Vendor :STMicroelectronics X-CUBE-AZRTOS-L4 1.0.0
2024-01-23 12:18:07,243 [INFO] ThirdParty:1030 - CMSIS Pack Vendor :STMicroelectronics X-CUBE-ISPU 2.0.0
2024-01-23 12:18:07,243 [INFO] ThirdParty:1030 - CMSIS Pack Vendor :STMicroelectronics HAL Drivers 0.0.0
2024-01-23 12:18:07,243 [INFO] ThirdParty:1030 - CMSIS Pack Vendor :STMicroelectronics MBEDTLS 2.16.2
2024-01-23 12:18:07,243 [INFO] ThirdParty:1030 - CMSIS Pack Vendor :STMicroelectronics X-CUBE-MEMS1 10.0.0
2024-01-23 12:18:07,243 [INFO] ThirdParty:1030 - CMSIS Pack Vendor :STMicroelectronics X-CUBE-FREERTOS 1.1.0
2024-01-23 12:18:07,243 [INFO] ThirdParty:1030 - CMSIS Pack Vendor :STMicroelectronics X-CUBE-TOUCHGFX 4.22.0
2024-01-23 12:18:07,243 [INFO] ThirdParty:1030 - CMSIS Pack Vendor :STMicroelectronics X-CUBE-NFC7 1.0.1
2024-01-23 12:18:07,243 [INFO] ThirdParty:1030 - CMSIS Pack Vendor :STMicroelectronics MBEDTLS 2.14.1
2024-01-23 12:18:07,243 [INFO] ThirdParty:1030 - CMSIS Pack Vendor :STMicroelectronics X-CUBE-NFC7 1.0.0
2024-01-23 12:18:07,243 [INFO] ThirdParty:1030 - CMSIS Pack Vendor :STMicroelectronics X-CUBE-TOUCHGFX 4.22.1
2024-01-23 12:18:07,243 [INFO] ThirdParty:1030 - CMSIS Pack Vendor :STMicroelectronics X-CUBE-AZRTOS-WL 1.0.0
2024-01-23 12:18:07,243 [INFO] ThirdParty:1030 - CMSIS Pack Vendor :STMicroelectronics X-CUBE-NFC6 3.0.0
2024-01-23 12:18:07,243 [INFO] ThirdParty:1030 - CMSIS Pack Vendor :STMicroelectronics X-CUBE-EEPRMA1 4.1.0
2024-01-23 12:18:07,243 [INFO] ThirdParty:1030 - CMSIS Pack Vendor :portGmbH I-Cube-SoM-uGOAL 1.1.0
2024-01-23 12:18:07,243 [INFO] ThirdParty:1030 - CMSIS Pack Vendor :STMicroelectronics X-CUBE-ALS 1.0.1
2024-01-23 12:18:07,243 [INFO] ThirdParty:1030 - CMSIS Pack Vendor :STMicroelectronics ThreadX 1.0.0
2024-01-23 12:18:07,243 [INFO] ThirdParty:1030 - CMSIS Pack Vendor :STMicroelectronics FP-SNS-SMARTAG2 1.2.0
2024-01-23 12:18:07,243 [INFO] ThirdParty:1030 - CMSIS Pack Vendor :STMicroelectronics X-CUBE-AZRTOS-WB 1.1.0
2024-01-23 12:18:07,243 [INFO] ThirdParty:1030 - CMSIS Pack Vendor :STMicroelectronics X-CUBE-AZRTOS-WL 2.0.0
2024-01-23 12:18:07,243 [INFO] ThirdParty:1030 - CMSIS Pack Vendor :SEGGER I-CUBE-embOS 1.3.1
2024-01-23 12:18:07,243 [INFO] ThirdParty:1030 - CMSIS Pack Vendor :STMicroelectronics USB_DEVICE 1.0.0
2024-01-23 12:18:07,243 [INFO] ThirdParty:1030 - CMSIS Pack Vendor :STMicroelectronics X-CUBE-AI 8.1.0
2024-01-23 12:18:07,243 [INFO] ThirdParty:1030 - CMSIS Pack Vendor :STMicroelectronics X-CUBE-AZRTOS-L4 2.0.0
2024-01-23 12:18:07,243 [INFO] ThirdParty:1030 - CMSIS Pack Vendor :STMicroelectronics ThreadX 0.0.2
2024-01-23 12:18:07,243 [INFO] ThirdParty:1030 - CMSIS Pack Vendor :WES I-CUBE-Cesium 1.3.0
2024-01-23 12:18:07,243 [INFO] ThirdParty:1030 - CMSIS Pack Vendor :STMicroelectronics FP-ATR-ASTRA1 2.0.0
2024-01-23 12:18:07,243 [INFO] ThirdParty:1030 - CMSIS Pack Vendor :STMicroelectronics lwIP 2.1.2
2024-01-23 12:18:07,243 [INFO] ThirdParty:1030 - CMSIS Pack Vendor :STMicroelectronics X-CUBE-SFXS2LP1 4.0.0
2024-01-23 12:18:07,243 [INFO] ThirdParty:1030 - CMSIS Pack Vendor :STMicroelectronics X-CUBE-BLE2 3.3.0
2024-01-23 12:18:07,243 [INFO] ThirdParty:1030 - CMSIS Pack Vendor :STMicroelectronics X-CUBE-TOF1 3.4.0
2024-01-23 12:18:07,243 [INFO] ThirdParty:1030 - CMSIS Pack Vendor :STMicroelectronics X-CUBE-AZRTOS-H7 3.2.0
2024-01-23 12:18:07,243 [INFO] ThirdParty:1030 - CMSIS Pack Vendor :STMicroelectronics PDM2PCM 3.2.0
2024-01-23 12:18:07,243 [INFO] ThirdParty:841 - exiting critical section [change project]
2024-01-23 12:18:07,563 [INFO] PinOutPanel:1499 - setPackage(No Configuration,No Configuration)
2024-01-23 12:18:07,563 [INFO] PinOutPanel:1499 - setPackage(STM32F746ZGTx,LQFP144)
2024-01-23 12:18:08,127 [INFO] UtilMem:75 - Before build in PCC Used Memory: 856765656 Bytes (1034944512)
2024-01-23 12:18:08,512 [INFO] UtilMem:75 - After build in PCC Used Memory: 905526488 Bytes (1034944512)
2024-01-23 12:18:08,550 [INFO] IPUIPlugin:80 - create IPUIPlugin
2024-01-23 12:18:08,550 [INFO] IPUIPlugin:80 - create IPUIPlugin
2024-01-23 12:18:08,550 [INFO] IPUIPlugin:80 - create IPUIPlugin
2024-01-23 12:18:08,550 [INFO] IPUIPlugin:80 - create IPUIPlugin
2024-01-23 12:18:08,550 [INFO] IPUIPlugin:80 - create IPUIPlugin
2024-01-23 12:18:08,550 [INFO] IPUIPlugin:80 - create IPUIPlugin
2024-01-23 12:18:08,550 [INFO] IPUIPlugin:80 - create IPUIPlugin
2024-01-23 12:18:08,550 [INFO] IPUIPlugin:80 - create IPUIPlugin
2024-01-23 12:18:08,550 [INFO] IPUIPlugin:80 - create IPUIPlugin
2024-01-23 12:18:08,550 [INFO] IPUIPlugin:80 - create IPUIPlugin
2024-01-23 12:18:08,550 [INFO] IPUIPlugin:80 - create IPUIPlugin
2024-01-23 12:18:08,550 [INFO] IPUIPlugin:80 - create IPUIPlugin
2024-01-23 12:18:08,550 [INFO] IPUIPlugin:80 - create IPUIPlugin
2024-01-23 12:18:08,550 [INFO] IPUIPlugin:80 - create IPUIPlugin
2024-01-23 12:18:08,550 [INFO] IPUIPlugin:80 - create IPUIPlugin
2024-01-23 12:18:08,550 [INFO] IPUIPlugin:80 - create IPUIPlugin
2024-01-23 12:18:08,550 [INFO] IPUIPlugin:80 - create IPUIPlugin
2024-01-23 12:18:08,550 [INFO] IPUIPlugin:80 - create IPUIPlugin
2024-01-23 12:18:08,550 [INFO] IPUIPlugin:80 - create IPUIPlugin
2024-01-23 12:18:08,550 [INFO] IPUIPlugin:80 - create IPUIPlugin
2024-01-23 12:18:08,550 [INFO] IPUIPlugin:80 - create IPUIPlugin
2024-01-23 12:18:08,550 [INFO] IPUIPlugin:80 - create IPUIPlugin
2024-01-23 12:18:08,550 [INFO] IPUIPlugin:80 - create IPUIPlugin
2024-01-23 12:18:08,550 [INFO] IPUIPlugin:80 - create IPUIPlugin
2024-01-23 12:18:08,550 [INFO] IPUIPlugin:80 - create IPUIPlugin
2024-01-23 12:18:08,550 [INFO] IPUIPlugin:80 - create IPUIPlugin
2024-01-23 12:18:08,550 [INFO] IPUIPlugin:80 - create IPUIPlugin
2024-01-23 12:18:08,550 [INFO] IPUIPlugin:80 - create IPUIPlugin
2024-01-23 12:18:08,550 [INFO] IPUIPlugin:80 - create IPUIPlugin
2024-01-23 12:18:08,550 [INFO] IPUIPlugin:80 - create IPUIPlugin
2024-01-23 12:18:08,550 [INFO] IPUIPlugin:80 - create IPUIPlugin
2024-01-23 12:18:08,550 [INFO] IPUIPlugin:80 - create IPUIPlugin
2024-01-23 12:18:08,550 [INFO] IPUIPlugin:80 - create IPUIPlugin
2024-01-23 12:18:08,550 [INFO] IPUIPlugin:80 - create IPUIPlugin
2024-01-23 12:18:08,550 [INFO] IPUIPlugin:80 - create IPUIPlugin
2024-01-23 12:18:08,550 [INFO] IPUIPlugin:80 - create IPUIPlugin
2024-01-23 12:18:08,550 [INFO] IPUIPlugin:80 - create IPUIPlugin
2024-01-23 12:18:08,550 [INFO] IPUIPlugin:80 - create IPUIPlugin
2024-01-23 12:18:08,550 [INFO] IPUIPlugin:80 - create IPUIPlugin
2024-01-23 12:18:08,550 [INFO] IPUIPlugin:80 - create IPUIPlugin
2024-01-23 12:18:08,550 [INFO] IPUIPlugin:80 - create IPUIPlugin
2024-01-23 12:18:08,550 [INFO] IPUIPlugin:80 - create IPUIPlugin
2024-01-23 12:18:08,550 [INFO] IPUIPlugin:80 - create IPUIPlugin
2024-01-23 12:18:08,550 [INFO] IPUIPlugin:80 - create IPUIPlugin
2024-01-23 12:18:08,550 [INFO] IPUIPlugin:80 - create IPUIPlugin
2024-01-23 12:18:08,550 [INFO] IPUIPlugin:80 - create IPUIPlugin
2024-01-23 12:18:08,550 [INFO] IPUIPlugin:80 - create IPUIPlugin
2024-01-23 12:18:08,550 [INFO] IPUIPlugin:80 - create IPUIPlugin
2024-01-23 12:18:08,550 [INFO] IPUIPlugin:80 - create IPUIPlugin
2024-01-23 12:18:08,550 [INFO] IPUIPlugin:80 - create IPUIPlugin
2024-01-23 12:18:08,550 [INFO] IPUIPlugin:80 - create IPUIPlugin
2024-01-23 12:18:08,550 [INFO] IPUIPlugin:80 - create IPUIPlugin
2024-01-23 12:18:08,550 [INFO] IPUIPlugin:80 - create IPUIPlugin
2024-01-23 12:18:08,550 [INFO] IPUIPlugin:80 - create IPUIPlugin
2024-01-23 12:18:08,550 [INFO] IPUIPlugin:80 - create IPUIPlugin
2024-01-23 12:18:08,550 [INFO] IPUIPlugin:80 - create IPUIPlugin
2024-01-23 12:18:08,566 [INFO] IPUIPlugin:80 - create IPUIPlugin
2024-01-23 12:18:08,566 [INFO] IPUIPlugin:80 - create IPUIPlugin
2024-01-23 12:18:08,566 [INFO] IPUIPlugin:80 - create IPUIPlugin
2024-01-23 12:18:08,566 [INFO] IPUIPlugin:80 - create IPUIPlugin
2024-01-23 12:18:08,566 [INFO] IPUIPlugin:80 - create IPUIPlugin
2024-01-23 12:18:08,566 [INFO] IPUIPlugin:80 - create IPUIPlugin
2024-01-23 12:18:08,566 [INFO] IPUIPlugin:80 - create IPUIPlugin
2024-01-23 12:18:08,566 [INFO] IPUIPlugin:80 - create IPUIPlugin
2024-01-23 12:18:08,566 [INFO] IPUIPlugin:80 - create IPUIPlugin
2024-01-23 12:18:08,566 [INFO] IPUIPlugin:80 - create IPUIPlugin
2024-01-23 12:18:08,566 [INFO] IPUIPlugin:80 - create IPUIPlugin
2024-01-23 12:18:08,566 [INFO] IPUIPlugin:80 - create IPUIPlugin
2024-01-23 12:18:08,566 [INFO] IPUIPlugin:80 - create IPUIPlugin
2024-01-23 12:18:08,566 [INFO] IPUIPlugin:80 - create IPUIPlugin
2024-01-23 12:18:08,566 [INFO] IPUIPlugin:80 - create IPUIPlugin
2024-01-23 12:18:08,566 [INFO] IPUIPlugin:80 - create IPUIPlugin
2024-01-23 12:18:08,566 [INFO] IPUIPlugin:80 - create IPUIPlugin
2024-01-23 12:18:08,566 [INFO] IPUIPlugin:80 - create IPUIPlugin
2024-01-23 12:18:08,581 [INFO] ApiDbMcu:507 - Load IP Config File for PDM2PCM
2024-01-23 12:18:08,666 [INFO] CADModel:165 - CPN selected for project levelSTM32F746ZGT6
2024-01-23 12:18:08,666 [INFO] CADModel:114 - Register for checkConnection events
2024-01-23 12:18:08,735 [INFO] OpenFileManager:328 - Restore cursor
2024-01-23 12:21:29,368 [INFO] Gpio:273 - dependency for GPIO [ADC1, ADC2, RCC, TIM1, TIM2, TIM3, TIM8, TIM9, USART1]
2024-01-23 12:21:47,270 [INFO] UtilMem:75 - End SaveConfig() Used Memory: 741247432 Bytes (1034944512)
2024-01-23 12:21:50,718 [INFO] UtilMem:75 - End SaveConfig() Used Memory: 704686584 Bytes (1034944512)
2024-01-23 12:21:53,188 [INFO] UtilMem:75 - End SaveConfig() Used Memory: 723979304 Bytes (1034944512)
2024-01-23 12:21:53,420 [INFO] BlockDiagram:2759 - set Specific Code input for plugin: TIM1_8F7
2024-01-23 12:21:53,420 [INFO] BlockDiagram:2759 - set Specific Code input for plugin: TIM1_8F7
2024-01-23 12:21:53,420 [INFO] BlockDiagram:2759 - set Specific Code input for plugin: TIM1_8F7
2024-01-23 12:21:53,420 [INFO] BlockDiagram:2759 - set Specific Code input for plugin: ADC
2024-01-23 12:21:53,420 [INFO] BlockDiagram:2759 - set Specific Code input for plugin: SYS
2024-01-23 12:21:53,420 [INFO] BlockDiagram:2759 - set Specific Code input for plugin: ADC
2024-01-23 12:21:53,420 [INFO] BlockDiagram:2759 - set Specific Code input for plugin: RCC
2024-01-23 12:21:53,420 [INFO] BlockDiagram:2759 - set Specific Code input for plugin: NVIC
2024-01-23 12:21:53,420 [INFO] BlockDiagram:2759 - set Specific Code input for plugin: USART
2024-01-23 12:21:53,420 [INFO] BlockDiagram:2759 - set Specific Code input for plugin: DMA
2024-01-23 12:21:53,420 [INFO] BlockDiagram:2759 - set Specific Code input for plugin: TIM1_8F7
2024-01-23 12:21:53,420 [INFO] BlockDiagram:2759 - set Specific Code input for plugin: TIM1_8F7
2024-01-23 12:21:53,420 [INFO] BlockDiagram:2759 - set Specific Code input for plugin: GPIO
2024-01-23 12:21:53,420 [INFO] CodeGenerator:793 - code generatio: config db path: C:\ST\STM32CubeIDE_1.12.0\STM32CubeIDE\plugins\com.st.stm32cube.common.mx_6.8.1.202304191431\\db\
2024-01-23 12:21:53,790 [INFO] CodeEngine:255 - oldGeneratedFile, C:\Users\m-ali.khlifi-ext\STM32CubeIDE\workspace_1.12.0\CADILLAC_V2\MXTmpFiles\license.tmp_save
2024-01-23 12:21:53,901 [INFO] CodeEngine:279 - Generated code: C:\Users\m-ali.khlifi-ext\STM32CubeIDE\workspace_1.12.0\CADILLAC_V2\MXTmpFiles\license.tmp
2024-01-23 12:21:54,062 [INFO] CodeEngine:255 - oldGeneratedFile, C:\Users\m-ali.khlifi-ext\STM32CubeIDE\workspace_1.12.0\CADILLAC_V2\Core\Src\gpio.c_save
2024-01-23 12:21:54,183 [INFO] CodeEngine:279 - Generated code: C:\Users\m-ali.khlifi-ext\STM32CubeIDE\workspace_1.12.0\CADILLAC_V2\Core\Src\gpio.c
2024-01-23 12:21:54,223 [INFO] CodeEngine:255 - oldGeneratedFile, C:\Users\m-ali.khlifi-ext\STM32CubeIDE\workspace_1.12.0\CADILLAC_V2\Core\Inc\gpio.h_save
2024-01-23 12:21:54,383 [INFO] CodeEngine:279 - Generated code: C:\Users\m-ali.khlifi-ext\STM32CubeIDE\workspace_1.12.0\CADILLAC_V2\Core\Inc\gpio.h
2024-01-23 12:21:55,554 [INFO] CodeEngine:255 - oldGeneratedFile, C:\Users\m-ali.khlifi-ext\STM32CubeIDE\workspace_1.12.0\CADILLAC_V2\Core\Src\adc.c_save
2024-01-23 12:21:55,791 [INFO] CodeEngine:279 - Generated code: C:\Users\m-ali.khlifi-ext\STM32CubeIDE\workspace_1.12.0\CADILLAC_V2\Core\Src\adc.c
2024-01-23 12:21:55,813 [INFO] CodeEngine:255 - oldGeneratedFile, C:\Users\m-ali.khlifi-ext\STM32CubeIDE\workspace_1.12.0\CADILLAC_V2\Core\Inc\adc.h_save
2024-01-23 12:21:55,928 [INFO] CodeEngine:279 - Generated code: C:\Users\m-ali.khlifi-ext\STM32CubeIDE\workspace_1.12.0\CADILLAC_V2\Core\Inc\adc.h
2024-01-23 12:21:55,970 [INFO] CodeEngine:255 - oldGeneratedFile, C:\Users\m-ali.khlifi-ext\STM32CubeIDE\workspace_1.12.0\CADILLAC_V2\MXTmpFiles\cortex.tmp_save
2024-01-23 12:21:56,041 [INFO] CodeEngine:279 - Generated code: C:\Users\m-ali.khlifi-ext\STM32CubeIDE\workspace_1.12.0\CADILLAC_V2\MXTmpFiles\cortex.tmp
2024-01-23 12:21:56,125 [INFO] CodeEngine:255 - oldGeneratedFile, C:\Users\m-ali.khlifi-ext\STM32CubeIDE\workspace_1.12.0\CADILLAC_V2\Core\Src\dma.c_save
2024-01-23 12:21:56,209 [INFO] CodeEngine:279 - Generated code: C:\Users\m-ali.khlifi-ext\STM32CubeIDE\workspace_1.12.0\CADILLAC_V2\Core\Src\dma.c
2024-01-23 12:21:56,240 [INFO] CodeEngine:255 - oldGeneratedFile, C:\Users\m-ali.khlifi-ext\STM32CubeIDE\workspace_1.12.0\CADILLAC_V2\Core\Inc\dma.h_save
2024-01-23 12:21:56,325 [INFO] CodeEngine:279 - Generated code: C:\Users\m-ali.khlifi-ext\STM32CubeIDE\workspace_1.12.0\CADILLAC_V2\Core\Inc\dma.h
2024-01-23 12:21:56,372 [INFO] CodeEngine:255 - oldGeneratedFile, C:\Users\m-ali.khlifi-ext\STM32CubeIDE\workspace_1.12.0\CADILLAC_V2\Core\Src\tim.c_save
2024-01-23 12:21:56,559 [INFO] CodeEngine:279 - Generated code: C:\Users\m-ali.khlifi-ext\STM32CubeIDE\workspace_1.12.0\CADILLAC_V2\Core\Src\tim.c
2024-01-23 12:21:56,593 [INFO] CodeEngine:255 - oldGeneratedFile, C:\Users\m-ali.khlifi-ext\STM32CubeIDE\workspace_1.12.0\CADILLAC_V2\Core\Inc\tim.h_save
2024-01-23 12:21:56,672 [INFO] CodeEngine:279 - Generated code: C:\Users\m-ali.khlifi-ext\STM32CubeIDE\workspace_1.12.0\CADILLAC_V2\Core\Inc\tim.h
2024-01-23 12:21:56,726 [INFO] CodeEngine:255 - oldGeneratedFile, C:\Users\m-ali.khlifi-ext\STM32CubeIDE\workspace_1.12.0\CADILLAC_V2\Core\Src\usart.c_save
2024-01-23 12:21:56,810 [INFO] CodeEngine:279 - Generated code: C:\Users\m-ali.khlifi-ext\STM32CubeIDE\workspace_1.12.0\CADILLAC_V2\Core\Src\usart.c
2024-01-23 12:21:56,826 [INFO] CodeEngine:255 - oldGeneratedFile, C:\Users\m-ali.khlifi-ext\STM32CubeIDE\workspace_1.12.0\CADILLAC_V2\Core\Inc\usart.h_save
2024-01-23 12:21:56,911 [INFO] CodeEngine:279 - Generated code: C:\Users\m-ali.khlifi-ext\STM32CubeIDE\workspace_1.12.0\CADILLAC_V2\Core\Inc\usart.h
2024-01-23 12:21:56,957 [INFO] CodeEngine:255 - oldGeneratedFile, C:\Users\m-ali.khlifi-ext\STM32CubeIDE\workspace_1.12.0\CADILLAC_V2\Core\Src\stm32f7xx_it.c_save
2024-01-23 12:21:57,174 [INFO] CodeEngine:279 - Generated code: C:\Users\m-ali.khlifi-ext\STM32CubeIDE\workspace_1.12.0\CADILLAC_V2\Core\Src\stm32f7xx_it.c
2024-01-23 12:21:57,189 [INFO] CodeEngine:255 - oldGeneratedFile, C:\Users\m-ali.khlifi-ext\STM32CubeIDE\workspace_1.12.0\CADILLAC_V2\Core\Inc\stm32f7xx_it.h_save
2024-01-23 12:21:57,290 [INFO] CodeEngine:279 - Generated code: C:\Users\m-ali.khlifi-ext\STM32CubeIDE\workspace_1.12.0\CADILLAC_V2\Core\Inc\stm32f7xx_it.h
2024-01-23 12:21:57,327 [INFO] CodeEngine:255 - oldGeneratedFile, C:\Users\m-ali.khlifi-ext\STM32CubeIDE\workspace_1.12.0\CADILLAC_V2\Core\Src\stm32f7xx_hal_msp.c_save
2024-01-23 12:21:57,443 [INFO] CodeEngine:279 - Generated code: C:\Users\m-ali.khlifi-ext\STM32CubeIDE\workspace_1.12.0\CADILLAC_V2\Core\Src\stm32f7xx_hal_msp.c
2024-01-23 12:21:57,459 [INFO] CodeEngine:255 - oldGeneratedFile, C:\Users\m-ali.khlifi-ext\STM32CubeIDE\workspace_1.12.0\CADILLAC_V2\MXTmpFiles\system.tmp_save
2024-01-23 12:21:57,528 [INFO] CodeEngine:279 - Generated code: C:\Users\m-ali.khlifi-ext\STM32CubeIDE\workspace_1.12.0\CADILLAC_V2\MXTmpFiles\system.tmp
2024-01-23 12:21:57,575 [INFO] CodeEngine:311 - oldGeneratedFile, C:\Users\m-ali.khlifi-ext\STM32CubeIDE\workspace_1.12.0\CADILLAC_V2\Core\Inc\stm32f7xx_hal_conf.h_save
2024-01-23 12:21:57,675 [INFO] CodeEngine:335 - Generated code: C:\Users\m-ali.khlifi-ext\STM32CubeIDE\workspace_1.12.0\CADILLAC_V2\Core\Inc\stm32f7xx_hal_conf.h
2024-01-23 12:21:57,744 [INFO] CodeEngine:255 - oldGeneratedFile, C:\Users\m-ali.khlifi-ext\STM32CubeIDE\workspace_1.12.0\CADILLAC_V2\Core\Inc\main.h_save
2024-01-23 12:21:57,844 [INFO] CodeEngine:279 - Generated code: C:\Users\m-ali.khlifi-ext\STM32CubeIDE\workspace_1.12.0\CADILLAC_V2\Core\Inc\main.h
2024-01-23 12:21:57,876 [INFO] CodeEngine:255 - oldGeneratedFile, C:\Users\m-ali.khlifi-ext\STM32CubeIDE\workspace_1.12.0\CADILLAC_V2\Core\Src\main.c_save
2024-01-23 12:21:58,007 [INFO] CodeEngine:279 - Generated code: C:\Users\m-ali.khlifi-ext\STM32CubeIDE\workspace_1.12.0\CADILLAC_V2\Core\Src\main.c
2024-01-23 12:21:59,912 [INFO] ProjectBuilder:2996 - Time for Copy HAL[1] : 1383mS.
2024-01-23 12:21:59,912 [INFO] ProjectBuilder:4304 - Project Generator version: 3.19.2
2024-01-23 12:22:00,360 [INFO] ConfigFileManager:1483 - The Die is : DIE449
2024-01-23 12:22:00,375 [INFO] ApiDbMcu:507 - Load IP Config File for FATFS
2024-01-23 12:22:00,391 [INFO] ApiDbMcu:507 - Load IP Config File for FREERTOS
2024-01-23 12:22:00,391 [INFO] ApiDbMcu:507 - Load IP Config File for LIBJPEG
2024-01-23 12:22:00,413 [INFO] ApiDbMcu:507 - Load IP Config File for LWIP
2024-01-23 12:22:00,429 [INFO] ApiDbMcu:507 - Load IP Config File for MBEDTLS
2024-01-23 12:22:00,444 [INFO] ApiDbMcu:507 - Load IP Config File for USB_DEVICE
2024-01-23 12:22:00,460 [INFO] ApiDbMcu:507 - Load IP Config File for USB_HOST
2024-01-23 12:22:02,481 [INFO] ProjectBuilder:4505 - Time for Generating toolchain IDE Files: 2563mS.
2024-01-23 12:22:02,481 [INFO] ProjectBuilder:2867 - Time for Copy CMSIS : 0mS.
2024-01-23 12:22:02,481 [INFO] ProjectBuilder:2867 - Time for Copy CMSIS : 0mS.
2024-01-23 14:04:57,220 [INFO] MainUpdater:2854 - connection check result : 10
2024-01-23 14:04:57,220 [INFO] MainUpdater:2854 - connection check result : 10
2024-01-23 14:04:57,242 [INFO] MicroXplorer:468 - Change Database Path : 
2024-01-23 14:04:57,242 [INFO] MicroXplorer:498 - Change Database Version : DB.6.0.81
2024-01-23 14:04:57,289 [WARN] ThirdParty:871 - waiting for thirdparty lock release [close project]
2024-01-23 14:04:57,289 [INFO] ThirdParty:873 - entering critical section [close project]
2024-01-23 14:04:57,289 [INFO] ThirdParty:883 - exiting critical section [close project]
2024-01-23 14:04:57,289 [INFO] PinOutPanel:1499 - setPackage(No Configuration,No Configuration)
2024-01-23 14:04:57,289 [WARN] IpParametersView:150 - Warning: This peripheral hasn't parameters
2024-01-23 14:04:57,305 [WARN] MainPanel:257 - <html><b><center>Warning: This peripheral has no parameters to be configured<br></b></html>
2024-01-23 14:04:57,305 [INFO] UtilMem:75 - Begin LoadConfig() Used Memory: 789462984 Bytes (1048576000)
2024-01-23 14:04:57,305 [INFO] MicroXplorer:468 - Change Database Path : 
2024-01-23 14:04:57,305 [INFO] MicroXplorer:498 - Change Database Version : DB.6.0.81
2024-01-23 14:04:57,305 [INFO] OpenFileManager:308 - Change cursor
2024-01-23 14:04:57,358 [INFO] RulesReader:64 - Compatibility file has been processed (293 Rules)
2024-01-23 14:04:57,358 [INFO] Mcu:1937 - Initializing MCU STM32F746ZGTx STM32F746ZGTx STM32F746ZGT6
2024-01-23 14:04:59,461 [INFO] Context:659 - Trying to add GPIOservice into a context  which must be forbidden
2024-01-23 14:05:00,125 [INFO] RtosManager:555 - Registered RTOS mode: class=CMSIS, group=RTOS, mode=CMSIS_V1, owner=FREERTOS
2024-01-23 14:05:00,125 [INFO] RtosManager:555 - Registered RTOS mode: class=CMSIS, group=RTOS2, mode=CMSIS_V2, owner=FREERTOS
2024-01-23 14:05:00,125 [INFO] RtosManager:555 - Registered RTOS mode: class=RTOS, group=Core, mode=CMSIS_V1, owner=FREERTOS
2024-01-23 14:05:00,125 [INFO] RtosManager:555 - Registered RTOS mode: class=RTOS, group=Core, mode=CMSIS_V2, owner=FREERTOS
2024-01-23 14:05:00,125 [WARN] ModelIntegratedComponent:184 - Missing modes for component STMicroelectronics:FreeRTOS:0.0.1:STMicroelectronics:RTOS:FreeRTOS:Core:::10.2.0:
2024-01-23 14:05:00,132 [WARN] ModelIntegratedComponent:63 - No mode defined for component null
2024-01-23 14:05:00,132 [WARN] ModelIntegratedComponent:63 - No mode defined for component null
2024-01-23 14:05:00,132 [WARN] ModelIntegratedComponent:63 - No mode defined for component null
2024-01-23 14:05:00,132 [WARN] ModelIntegratedComponent:63 - No mode defined for component null
2024-01-23 14:05:00,132 [WARN] ModelIntegratedComponent:63 - No mode defined for component null
2024-01-23 14:05:00,132 [WARN] ModelIntegratedComponent:63 - No mode defined for component null
2024-01-23 14:05:00,132 [WARN] ModelIntegratedComponent:63 - No mode defined for component null
2024-01-23 14:05:00,132 [WARN] ModelIntegratedComponent:63 - No mode defined for component null
2024-01-23 14:05:00,132 [WARN] ModelIntegratedComponent:63 - No mode defined for component null
2024-01-23 14:05:00,132 [WARN] ModelIntegratedComponent:63 - No mode defined for component null
2024-01-23 14:05:00,132 [WARN] ModelIntegratedComponent:63 - No mode defined for component null
2024-01-23 14:05:00,132 [WARN] ModelIntegratedComponent:63 - No mode defined for component null
2024-01-23 14:05:00,132 [WARN] ModelIntegratedComponent:63 - No mode defined for component null
2024-01-23 14:05:00,132 [WARN] ModelIntegratedComponent:63 - No mode defined for component null
2024-01-23 14:05:00,132 [WARN] ModelIntegratedComponent:63 - No mode defined for component null
2024-01-23 14:05:00,132 [WARN] ModelIntegratedComponent:63 - No mode defined for component null
2024-01-23 14:05:00,132 [WARN] ModelIntegratedComponent:63 - No mode defined for component null
2024-01-23 14:05:00,132 [WARN] ModelIntegratedComponent:63 - No mode defined for component null
2024-01-23 14:05:00,132 [WARN] ModelIntegratedComponent:63 - No mode defined for component null
2024-01-23 14:05:00,132 [WARN] ModelIntegratedComponent:63 - No mode defined for component null
2024-01-23 14:05:00,132 [WARN] ModelIntegratedComponent:63 - No mode defined for component null
2024-01-23 14:05:00,132 [WARN] ModelIntegratedComponent:63 - No mode defined for component null
2024-01-23 14:05:00,132 [WARN] ModelIntegratedComponent:63 - No mode defined for component null
2024-01-23 14:05:00,132 [WARN] ModelIntegratedComponent:63 - No mode defined for component null
2024-01-23 14:05:00,132 [WARN] ModelIntegratedComponent:63 - No mode defined for component null
2024-01-23 14:05:00,132 [WARN] ModelIntegratedComponent:63 - No mode defined for component null
2024-01-23 14:05:00,132 [WARN] ModelIntegratedComponent:63 - No mode defined for component null
2024-01-23 14:05:00,132 [WARN] ModelIntegratedComponent:63 - No mode defined for component null
2024-01-23 14:05:00,132 [WARN] ModelIntegratedComponent:63 - No mode defined for component null
2024-01-23 14:05:00,132 [WARN] ModelIntegratedComponent:63 - No mode defined for component null
2024-01-23 14:05:00,132 [WARN] ModelIntegratedComponent:63 - No mode defined for component null
2024-01-23 14:05:00,132 [WARN] ModelIntegratedComponent:63 - No mode defined for component null
2024-01-23 14:05:00,132 [WARN] ModelIntegratedComponent:63 - No mode defined for component null
2024-01-23 14:05:00,232 [INFO] ThirdPartyModel:298 - Start build external matchings
2024-01-23 14:05:00,865 [INFO] ThirdPartyModel:316 - End build external matchings
2024-01-23 14:05:00,881 [INFO] ImportTextPane:194 - (OptionalMessage_ERROR) IP (DMA) : Parameter (Instance) has Id (ADC1) currently not set
2024-01-23 14:05:00,881 [INFO] ImportTextPane:194 - (OptionalMessage_ERROR) IP (DMA) : Parameter (Channel) has Id (ADC1) currently not set
2024-01-23 14:05:00,881 [INFO] ImportTextPane:194 - (OptionalMessage_ERROR) IP (DMA) : Parameter (Direction) has Id (ADC1) currently not set
2024-01-23 14:05:00,881 [INFO] ImportTextPane:194 - (OptionalMessage_ERROR) IP (DMA) : Parameter (PeriphInc) has Id (ADC1) currently not set
2024-01-23 14:05:00,881 [INFO] ImportTextPane:194 - (OptionalMessage_ERROR) IP (DMA) : Parameter (MemInc) has Id (ADC1) currently not set
2024-01-23 14:05:00,881 [INFO] ImportTextPane:194 - (OptionalMessage_ERROR) IP (DMA) : Parameter (PeriphDataAlignment) has Id (ADC1) currently not set
2024-01-23 14:05:00,881 [INFO] ImportTextPane:194 - (OptionalMessage_ERROR) IP (DMA) : Parameter (MemDataAlignment) has Id (ADC1) currently not set
2024-01-23 14:05:00,881 [INFO] ImportTextPane:194 - (OptionalMessage_ERROR) IP (DMA) : Parameter (Mode) has Id (ADC1) currently not set
2024-01-23 14:05:00,881 [INFO] ImportTextPane:194 - (OptionalMessage_ERROR) IP (DMA) : Parameter (Priority) has Id (ADC1) currently not set
2024-01-23 14:05:00,881 [INFO] ImportTextPane:194 - (OptionalMessage_ERROR) IP (DMA) : Parameter (FIFOMode) has Id (ADC1) currently not set
2024-01-23 14:05:00,881 [INFO] ImportTextPane:194 - (OptionalMessage_ERROR) IP (DMA) : Parameter (Instance) has Id (ADC2) currently not set
2024-01-23 14:05:00,881 [INFO] ImportTextPane:194 - (OptionalMessage_ERROR) IP (DMA) : Parameter (Channel) has Id (ADC2) currently not set
2024-01-23 14:05:00,881 [INFO] ImportTextPane:194 - (OptionalMessage_ERROR) IP (DMA) : Parameter (Direction) has Id (ADC2) currently not set
2024-01-23 14:05:00,881 [INFO] ImportTextPane:194 - (OptionalMessage_ERROR) IP (DMA) : Parameter (PeriphInc) has Id (ADC2) currently not set
2024-01-23 14:05:00,881 [INFO] ImportTextPane:194 - (OptionalMessage_ERROR) IP (DMA) : Parameter (MemInc) has Id (ADC2) currently not set
2024-01-23 14:05:00,881 [INFO] ImportTextPane:194 - (OptionalMessage_ERROR) IP (DMA) : Parameter (PeriphDataAlignment) has Id (ADC2) currently not set
2024-01-23 14:05:00,881 [INFO] ImportTextPane:194 - (OptionalMessage_ERROR) IP (DMA) : Parameter (MemDataAlignment) has Id (ADC2) currently not set
2024-01-23 14:05:00,881 [INFO] ImportTextPane:194 - (OptionalMessage_ERROR) IP (DMA) : Parameter (Mode) has Id (ADC2) currently not set
2024-01-23 14:05:00,881 [INFO] ImportTextPane:194 - (OptionalMessage_ERROR) IP (DMA) : Parameter (Priority) has Id (ADC2) currently not set
2024-01-23 14:05:00,881 [INFO] ImportTextPane:194 - (OptionalMessage_ERROR) IP (DMA) : Parameter (FIFOMode) has Id (ADC2) currently not set
2024-01-23 14:05:00,881 [INFO] ImportTextPane:194 - (OptionalMessage_ERROR) IP (RCC) : Invalid parameter (48MHZClocksFreq_Value)
2024-01-23 14:05:00,881 [INFO] ImportTextPane:194 - (OptionalMessage_ERROR) IP (RCC) : Invalid parameter (ADC12outputFreq_Value)
2024-01-23 14:05:00,881 [INFO] ImportTextPane:194 - (OptionalMessage_ERROR) IP (RCC) : Invalid parameter (ADC34outputFreq_Value)
2024-01-23 14:05:00,881 [INFO] ImportTextPane:194 - (OptionalMessage_ERROR) IP (RCC) : Invalid parameter (FamilyName)
2024-01-23 14:05:00,881 [INFO] ImportTextPane:194 - (OptionalMessage_ERROR) IP (RCC) : Invalid parameter (I2SClocksFreq_Value)
2024-01-23 14:05:00,881 [INFO] ImportTextPane:194 - (OptionalMessage_ERROR) IP (RCC) : Parameter (LCDTFToutputFreq_Value) has invalid value (96000000)
2024-01-23 14:05:00,881 [INFO] ImportTextPane:194 - (OptionalMessage_ERROR) IP (RCC) : Invalid parameter (MCOFreq_Value)
2024-01-23 14:05:00,881 [INFO] ImportTextPane:194 - (OptionalMessage_ERROR) IP (RCC) : Invalid parameter (PLLMCOFreq_Value)
2024-01-23 14:05:00,881 [INFO] ImportTextPane:194 - (OptionalMessage_ERROR) IP (RCC) : Invalid parameter (PLLMUL)
2024-01-23 14:05:00,881 [INFO] ImportTextPane:194 - (OptionalMessage_ERROR) IP (RCC) : Invalid parameter (PRESCALERUSB)
2024-01-23 14:05:00,881 [INFO] ImportTextPane:194 - (OptionalMessage_ERROR) IP (RCC) : Parameter (RNGFreq_Value) has invalid value (144000000)
2024-01-23 14:05:00,881 [INFO] ImportTextPane:194 - (OptionalMessage_ERROR) IP (RCC) : Invalid parameter (RTCHSEDivFreq_Value)
2024-01-23 14:05:00,881 [INFO] ImportTextPane:194 - (OptionalMessage_ERROR) IP (RCC) : Parameter (SDMMCFreq_Value) has invalid value (216000000)
2024-01-23 14:05:00,881 [INFO] ImportTextPane:194 - (OptionalMessage_ERROR) IP (RCC) : Invalid parameter (SYSCLKSourceVirtual)
2024-01-23 14:05:00,881 [INFO] ImportTextPane:194 - (OptionalMessage_ERROR) IP (RCC) : Invalid parameter (TIM15Freq_Value)
2024-01-23 14:05:00,881 [INFO] ImportTextPane:194 - (OptionalMessage_ERROR) IP (RCC) : Invalid parameter (TIM16Freq_Value)
2024-01-23 14:05:00,881 [INFO] ImportTextPane:194 - (OptionalMessage_ERROR) IP (RCC) : Invalid parameter (TIM17Freq_Value)
2024-01-23 14:05:00,881 [INFO] ImportTextPane:194 - (OptionalMessage_ERROR) IP (RCC) : Invalid parameter (TIM1Freq_Value)
2024-01-23 14:05:00,881 [INFO] ImportTextPane:194 - (OptionalMessage_ERROR) IP (RCC) : Invalid parameter (TIM20Freq_Value)
2024-01-23 14:05:00,881 [INFO] ImportTextPane:194 - (OptionalMessage_ERROR) IP (RCC) : Invalid parameter (TIM2Freq_Value)
2024-01-23 14:05:00,881 [INFO] ImportTextPane:194 - (OptionalMessage_ERROR) IP (RCC) : Invalid parameter (TIM3Freq_Value)
2024-01-23 14:05:00,881 [INFO] ImportTextPane:194 - (OptionalMessage_ERROR) IP (RCC) : Invalid parameter (TIM8Freq_Value)
2024-01-23 14:05:00,881 [INFO] ImportTextPane:194 - (OptionalMessage_ERROR) IP (RCC) : Parameter (USBFreq_Value) has invalid value (144000000)
2024-01-23 14:05:00,881 [INFO] ImportTextPane:194 - (OptionalMessage_ERROR) IP (RCC) : Invalid parameter (VCOOutput2Freq_Value)
2024-01-23 14:05:00,897 [INFO] ImportTextPane:194 - (OptionalMessage_ERROR) IP (RCC) : Invalid parameter (VcooutputI2S)
2024-01-23 14:05:01,313 [INFO] UtilMem:75 - End LoadConfig() Used Memory: 724590176 Bytes (1048576000)
2024-01-23 14:05:01,329 [WARN] ThirdParty:833 - waiting for thirdparty lock release [change project]
2024-01-23 14:05:01,329 [INFO] ThirdParty:835 - entering critical section [change project]
2024-01-23 14:05:01,329 [INFO] ThirdParty:1030 - CMSIS Pack Vendor :STMicroelectronics X-CUBE-ISPU 1.1.0
2024-01-23 14:05:01,329 [INFO] ThirdParty:1030 - CMSIS Pack Vendor :STMicroelectronics X-CUBE-GNSS1 6.0.0
2024-01-23 14:05:01,329 [INFO] ThirdParty:1030 - CMSIS Pack Vendor :STMicroelectronics USB_HOST 2.0.0
2024-01-23 14:05:01,329 [INFO] ThirdParty:1030 - CMSIS Pack Vendor :STMicroelectronics X-CUBE-AZRTOS-F4 1.1.0
2024-01-23 14:05:01,329 [INFO] ThirdParty:1030 - CMSIS Pack Vendor :STMicroelectronics LIBJPEG 8.0.0
2024-01-23 14:05:01,329 [INFO] ThirdParty:1030 - CMSIS Pack Vendor :STMicroelectronics X-CUBE-SMBUS 2.1.0
2024-01-23 14:05:01,329 [INFO] ThirdParty:1030 - CMSIS Pack Vendor :wolfSSL I-CUBE-wolfSSL 5.6.0
2024-01-23 14:05:01,329 [INFO] ThirdParty:1030 - CMSIS Pack Vendor :STMicroelectronics USB_DEVICE 3.0.0
2024-01-23 14:05:01,329 [INFO] ThirdParty:1030 - CMSIS Pack Vendor :STMicroelectronics X-CUBE-AI 8.0.0
2024-01-23 14:05:01,329 [INFO] ThirdParty:1030 - CMSIS Pack Vendor :STMicroelectronics X-CUBE-AZRTOS-WB 2.0.0
2024-01-23 14:05:01,329 [INFO] ThirdParty:1030 - CMSIS Pack Vendor :STMicroelectronics X-CUBE-FREERTOS 1.0.1
2024-01-23 14:05:01,329 [INFO] ThirdParty:1030 - CMSIS Pack Vendor :STMicroelectronics X-CUBE-TOUCHGFX 4.21.3
2024-01-23 14:05:01,329 [INFO] ThirdParty:1030 - CMSIS Pack Vendor :STMicroelectronics X-CUBE-TOUCHGFX 4.23.0
2024-01-23 14:05:01,329 [INFO] ThirdParty:1030 - CMSIS Pack Vendor :STMicroelectronics X-CUBE-AZRTOS-F7 1.1.0
2024-01-23 14:05:01,329 [INFO] ThirdParty:1030 - CMSIS Pack Vendor :STMicroelectronics X-CUBE-TOUCHGFX 4.21.4
2024-01-23 14:05:01,329 [INFO] ThirdParty:1030 - CMSIS Pack Vendor :STMicroelectronics X-CUBE-AZRTOS-L5 2.0.0
2024-01-23 14:05:01,329 [INFO] ThirdParty:1030 - CMSIS Pack Vendor :STMicroelectronics USB_DEVICE 2.0.0
2024-01-23 14:05:01,329 [INFO] ThirdParty:1030 - CMSIS Pack Vendor :STMicroelectronics X-CUBE-MEMS1 9.6.0
2024-01-23 14:05:01,329 [INFO] ThirdParty:1030 - CMSIS Pack Vendor :STMicroelectronics X-CUBE-EEPRMA1 4.2.0
2024-01-23 14:05:01,329 [INFO] ThirdParty:1030 - CMSIS Pack Vendor :ITTIA_DB I-CUBE-ITTIADB 8.8.0
2024-01-23 14:05:01,329 [INFO] ThirdParty:1030 - CMSIS Pack Vendor :STMicroelectronics FP-SNS-MOTENV1 4.3.0
2024-01-23 14:05:01,329 [INFO] ThirdParty:1030 - CMSIS Pack Vendor :STMicroelectronics FP-SNS-MOTENV1 4.3.2
2024-01-23 14:05:01,329 [INFO] ThirdParty:1030 - CMSIS Pack Vendor :STMicroelectronics FP-SNS-FLIGHT1 5.0.0
2024-01-23 14:05:01,329 [INFO] ThirdParty:1030 - CMSIS Pack Vendor :STMicroelectronics FP-SNS-MOTENV1 4.3.1
2024-01-23 14:05:01,329 [INFO] ThirdParty:1030 - CMSIS Pack Vendor :STMicroelectronics FP-SNS-FLIGHT1 5.0.1
2024-01-23 14:05:01,329 [INFO] ThirdParty:1030 - CMSIS Pack Vendor :STMicroelectronics X-CUBE-ALGOBUILD 1.3.0
2024-01-23 14:05:01,329 [INFO] ThirdParty:1030 - CMSIS Pack Vendor :STMicroelectronics X-CUBE-BLE1 6.2.4
2024-01-23 14:05:01,329 [INFO] ThirdParty:1030 - CMSIS Pack Vendor :STMicroelectronics X-CUBE-AZRTOS-L5 1.1.0
2024-01-23 14:05:01,329 [INFO] ThirdParty:1030 - CMSIS Pack Vendor :STMicroelectronics FreeRTOS 0.0.1
2024-01-23 14:05:01,329 [INFO] ThirdParty:1030 - CMSIS Pack Vendor :STMicroelectronics X-CUBE-AZRTOS-G0 1.1.0
2024-01-23 14:05:01,329 [INFO] ThirdParty:1030 - CMSIS Pack Vendor :emotas I-CUBE-CANOPEN 1.1.3
2024-01-23 14:05:01,329 [INFO] ThirdParty:1030 - CMSIS Pack Vendor :STMicroelectronics X-CUBE-BLEMGR 2.0.0
2024-01-23 14:05:01,329 [INFO] ThirdParty:1030 - CMSIS Pack Vendor :STMicroelectronics X-CUBE-AI 8.0.1
2024-01-23 14:05:01,329 [INFO] ThirdParty:1030 - CMSIS Pack Vendor :STMicroelectronics X-CUBE-NFC4 3.0.0
2024-01-23 14:05:01,329 [INFO] ThirdParty:1030 - CMSIS Pack Vendor :STMicroelectronics X-CUBE-SUBG2 5.0.0
2024-01-23 14:05:01,329 [INFO] ThirdParty:1030 - CMSIS Pack Vendor :STMicroelectronics STM32_WPAN 1.0.0
2024-01-23 14:05:01,329 [INFO] ThirdParty:1030 - CMSIS Pack Vendor :STMicroelectronics lwIP 2.0.3
2024-01-23 14:05:01,329 [INFO] ThirdParty:1030 - CMSIS Pack Vendor :STMicroelectronics FP-SNS-FLIGHT1 5.0.2
2024-01-23 14:05:01,329 [INFO] ThirdParty:1030 - CMSIS Pack Vendor :STMicroelectronics USB_HOST 1.0.0
2024-01-23 14:05:01,329 [INFO] ThirdParty:1030 - CMSIS Pack Vendor :STMicroelectronics X-CUBE-TOF1 3.3.1
2024-01-23 14:05:01,329 [INFO] ThirdParty:1030 - CMSIS Pack Vendor :STMicroelectronics X-CUBE-AZRTOS-G4 2.0.0
2024-01-23 14:05:01,329 [INFO] ThirdParty:1030 - CMSIS Pack Vendor :STMicroelectronics PDM2PCM 3.1.0
2024-01-23 14:05:01,329 [INFO] ThirdParty:1030 - CMSIS Pack Vendor :STMicroelectronics X-CUBE-AZRTOS-H7 3.1.0
2024-01-23 14:05:01,329 [INFO] ThirdParty:1030 - CMSIS Pack Vendor :STMicroelectronics X-CUBE-TOF1 3.3.0
2024-01-23 14:05:01,329 [INFO] ThirdParty:1030 - CMSIS Pack Vendor :Infineon AIROC-Wi-Fi-Bluetooth-STM32 1.5.1
2024-01-23 14:05:01,329 [INFO] ThirdParty:1030 - CMSIS Pack Vendor :STMicroelectronics X-CUBE-BLEMGR 3.0.0
2024-01-23 14:05:01,329 [INFO] ThirdParty:1030 - CMSIS Pack Vendor :STMicroelectronics PDM2PCM 3.3.0
2024-01-23 14:05:01,329 [INFO] ThirdParty:1030 - CMSIS Pack Vendor :STMicroelectronics X-CUBE-DISPLAY 3.0.0
2024-01-23 14:05:01,329 [INFO] ThirdParty:1030 - CMSIS Pack Vendor :STMicroelectronics FP-SNS-MOTENVWB1 1.3.0
2024-01-23 14:05:01,329 [INFO] ThirdParty:1030 - CMSIS Pack Vendor :STMicroelectronics FP-SNS-MOTENVWB1 1.3.1
2024-01-23 14:05:01,329 [INFO] ThirdParty:1030 - CMSIS Pack Vendor :STMicroelectronics X-CUBE-BLE1 7.0.0
2024-01-23 14:05:01,329 [INFO] ThirdParty:1030 - CMSIS Pack Vendor :STMicroelectronics FP-ATR-SIGFOX1 3.2.0
2024-01-23 14:05:01,329 [INFO] ThirdParty:1030 - CMSIS Pack Vendor :STMicroelectronics X-CUBE-AZRTOS-L4 1.0.0
2024-01-23 14:05:01,329 [INFO] ThirdParty:1030 - CMSIS Pack Vendor :STMicroelectronics X-CUBE-ISPU 2.0.0
2024-01-23 14:05:01,329 [INFO] ThirdParty:1030 - CMSIS Pack Vendor :STMicroelectronics HAL Drivers 0.0.0
2024-01-23 14:05:01,329 [INFO] ThirdParty:1030 - CMSIS Pack Vendor :STMicroelectronics MBEDTLS 2.16.2
2024-01-23 14:05:01,329 [INFO] ThirdParty:1030 - CMSIS Pack Vendor :STMicroelectronics X-CUBE-MEMS1 10.0.0
2024-01-23 14:05:01,329 [INFO] ThirdParty:1030 - CMSIS Pack Vendor :STMicroelectronics X-CUBE-FREERTOS 1.1.0
2024-01-23 14:05:01,329 [INFO] ThirdParty:1030 - CMSIS Pack Vendor :STMicroelectronics X-CUBE-TOUCHGFX 4.22.0
2024-01-23 14:05:01,329 [INFO] ThirdParty:1030 - CMSIS Pack Vendor :STMicroelectronics X-CUBE-NFC7 1.0.1
2024-01-23 14:05:01,329 [INFO] ThirdParty:1030 - CMSIS Pack Vendor :STMicroelectronics MBEDTLS 2.14.1
2024-01-23 14:05:01,329 [INFO] ThirdParty:1030 - CMSIS Pack Vendor :STMicroelectronics X-CUBE-NFC7 1.0.0
2024-01-23 14:05:01,329 [INFO] ThirdParty:1030 - CMSIS Pack Vendor :STMicroelectronics X-CUBE-TOUCHGFX 4.22.1
2024-01-23 14:05:01,329 [INFO] ThirdParty:1030 - CMSIS Pack Vendor :STMicroelectronics X-CUBE-AZRTOS-WL 1.0.0
2024-01-23 14:05:01,329 [INFO] ThirdParty:1030 - CMSIS Pack Vendor :STMicroelectronics X-CUBE-NFC6 3.0.0
2024-01-23 14:05:01,329 [INFO] ThirdParty:1030 - CMSIS Pack Vendor :STMicroelectronics X-CUBE-EEPRMA1 4.1.0
2024-01-23 14:05:01,329 [INFO] ThirdParty:1030 - CMSIS Pack Vendor :portGmbH I-Cube-SoM-uGOAL 1.1.0
2024-01-23 14:05:01,329 [INFO] ThirdParty:1030 - CMSIS Pack Vendor :STMicroelectronics X-CUBE-ALS 1.0.1
2024-01-23 14:05:01,329 [INFO] ThirdParty:1030 - CMSIS Pack Vendor :STMicroelectronics ThreadX 1.0.0
2024-01-23 14:05:01,329 [INFO] ThirdParty:1030 - CMSIS Pack Vendor :STMicroelectronics FP-SNS-SMARTAG2 1.2.0
2024-01-23 14:05:01,329 [INFO] ThirdParty:1030 - CMSIS Pack Vendor :STMicroelectronics X-CUBE-AZRTOS-WB 1.1.0
2024-01-23 14:05:01,329 [INFO] ThirdParty:1030 - CMSIS Pack Vendor :STMicroelectronics X-CUBE-AZRTOS-WL 2.0.0
2024-01-23 14:05:01,329 [INFO] ThirdParty:1030 - CMSIS Pack Vendor :SEGGER I-CUBE-embOS 1.3.1
2024-01-23 14:05:01,329 [INFO] ThirdParty:1030 - CMSIS Pack Vendor :STMicroelectronics USB_DEVICE 1.0.0
2024-01-23 14:05:01,329 [INFO] ThirdParty:1030 - CMSIS Pack Vendor :STMicroelectronics X-CUBE-AI 8.1.0
2024-01-23 14:05:01,329 [INFO] ThirdParty:1030 - CMSIS Pack Vendor :STMicroelectronics X-CUBE-AZRTOS-L4 2.0.0
2024-01-23 14:05:01,329 [INFO] ThirdParty:1030 - CMSIS Pack Vendor :STMicroelectronics ThreadX 0.0.2
2024-01-23 14:05:01,329 [INFO] ThirdParty:1030 - CMSIS Pack Vendor :WES I-CUBE-Cesium 1.3.0
2024-01-23 14:05:01,329 [INFO] ThirdParty:1030 - CMSIS Pack Vendor :STMicroelectronics FP-ATR-ASTRA1 2.0.0
2024-01-23 14:05:01,329 [INFO] ThirdParty:1030 - CMSIS Pack Vendor :STMicroelectronics lwIP 2.1.2
2024-01-23 14:05:01,329 [INFO] ThirdParty:1030 - CMSIS Pack Vendor :STMicroelectronics X-CUBE-SFXS2LP1 4.0.0
2024-01-23 14:05:01,329 [INFO] ThirdParty:1030 - CMSIS Pack Vendor :STMicroelectronics X-CUBE-BLE2 3.3.0
2024-01-23 14:05:01,329 [INFO] ThirdParty:1030 - CMSIS Pack Vendor :STMicroelectronics X-CUBE-TOF1 3.4.0
2024-01-23 14:05:01,329 [INFO] ThirdParty:1030 - CMSIS Pack Vendor :STMicroelectronics X-CUBE-AZRTOS-H7 3.2.0
2024-01-23 14:05:01,329 [INFO] ThirdParty:1030 - CMSIS Pack Vendor :STMicroelectronics PDM2PCM 3.2.0
2024-01-23 14:05:01,329 [INFO] ThirdParty:841 - exiting critical section [change project]
2024-01-23 14:05:01,652 [INFO] PinOutPanel:1499 - setPackage(No Configuration,No Configuration)
2024-01-23 14:05:01,652 [INFO] PinOutPanel:1499 - setPackage(STM32F746ZGTx,LQFP144)
2024-01-23 14:05:02,238 [INFO] UtilMem:75 - Before build in PCC Used Memory: 858104096 Bytes (1048576000)
2024-01-23 14:05:02,532 [INFO] UtilMem:75 - After build in PCC Used Memory: 906871088 Bytes (1048576000)
2024-01-23 14:05:02,570 [INFO] IPUIPlugin:80 - create IPUIPlugin
2024-01-23 14:05:02,570 [INFO] IPUIPlugin:80 - create IPUIPlugin
2024-01-23 14:05:02,570 [INFO] IPUIPlugin:80 - create IPUIPlugin
2024-01-23 14:05:02,570 [INFO] IPUIPlugin:80 - create IPUIPlugin
2024-01-23 14:05:02,570 [INFO] IPUIPlugin:80 - create IPUIPlugin
2024-01-23 14:05:02,570 [INFO] IPUIPlugin:80 - create IPUIPlugin
2024-01-23 14:05:02,570 [INFO] IPUIPlugin:80 - create IPUIPlugin
2024-01-23 14:05:02,570 [INFO] IPUIPlugin:80 - create IPUIPlugin
2024-01-23 14:05:02,570 [INFO] IPUIPlugin:80 - create IPUIPlugin
2024-01-23 14:05:02,570 [INFO] IPUIPlugin:80 - create IPUIPlugin
2024-01-23 14:05:02,570 [INFO] IPUIPlugin:80 - create IPUIPlugin
2024-01-23 14:05:02,570 [INFO] IPUIPlugin:80 - create IPUIPlugin
2024-01-23 14:05:02,570 [INFO] IPUIPlugin:80 - create IPUIPlugin
2024-01-23 14:05:02,570 [INFO] IPUIPlugin:80 - create IPUIPlugin
2024-01-23 14:05:02,570 [INFO] IPUIPlugin:80 - create IPUIPlugin
2024-01-23 14:05:02,570 [INFO] IPUIPlugin:80 - create IPUIPlugin
2024-01-23 14:05:02,570 [INFO] IPUIPlugin:80 - create IPUIPlugin
2024-01-23 14:05:02,570 [INFO] IPUIPlugin:80 - create IPUIPlugin
2024-01-23 14:05:02,570 [INFO] IPUIPlugin:80 - create IPUIPlugin
2024-01-23 14:05:02,570 [INFO] IPUIPlugin:80 - create IPUIPlugin
2024-01-23 14:05:02,570 [INFO] IPUIPlugin:80 - create IPUIPlugin
2024-01-23 14:05:02,570 [INFO] IPUIPlugin:80 - create IPUIPlugin
2024-01-23 14:05:02,570 [INFO] IPUIPlugin:80 - create IPUIPlugin
2024-01-23 14:05:02,570 [INFO] IPUIPlugin:80 - create IPUIPlugin
2024-01-23 14:05:02,570 [INFO] IPUIPlugin:80 - create IPUIPlugin
2024-01-23 14:05:02,570 [INFO] IPUIPlugin:80 - create IPUIPlugin
2024-01-23 14:05:02,570 [INFO] IPUIPlugin:80 - create IPUIPlugin
2024-01-23 14:05:02,570 [INFO] IPUIPlugin:80 - create IPUIPlugin
2024-01-23 14:05:02,570 [INFO] IPUIPlugin:80 - create IPUIPlugin
2024-01-23 14:05:02,570 [INFO] IPUIPlugin:80 - create IPUIPlugin
2024-01-23 14:05:02,570 [INFO] IPUIPlugin:80 - create IPUIPlugin
2024-01-23 14:05:02,570 [INFO] IPUIPlugin:80 - create IPUIPlugin
2024-01-23 14:05:02,570 [INFO] IPUIPlugin:80 - create IPUIPlugin
2024-01-23 14:05:02,570 [INFO] IPUIPlugin:80 - create IPUIPlugin
2024-01-23 14:05:02,570 [INFO] IPUIPlugin:80 - create IPUIPlugin
2024-01-23 14:05:02,570 [INFO] IPUIPlugin:80 - create IPUIPlugin
2024-01-23 14:05:02,570 [INFO] IPUIPlugin:80 - create IPUIPlugin
2024-01-23 14:05:02,570 [INFO] IPUIPlugin:80 - create IPUIPlugin
2024-01-23 14:05:02,570 [INFO] IPUIPlugin:80 - create IPUIPlugin
2024-01-23 14:05:02,570 [INFO] IPUIPlugin:80 - create IPUIPlugin
2024-01-23 14:05:02,570 [INFO] IPUIPlugin:80 - create IPUIPlugin
2024-01-23 14:05:02,570 [INFO] IPUIPlugin:80 - create IPUIPlugin
2024-01-23 14:05:02,570 [INFO] IPUIPlugin:80 - create IPUIPlugin
2024-01-23 14:05:02,570 [INFO] IPUIPlugin:80 - create IPUIPlugin
2024-01-23 14:05:02,570 [INFO] IPUIPlugin:80 - create IPUIPlugin
2024-01-23 14:05:02,570 [INFO] IPUIPlugin:80 - create IPUIPlugin
2024-01-23 14:05:02,570 [INFO] IPUIPlugin:80 - create IPUIPlugin
2024-01-23 14:05:02,570 [INFO] IPUIPlugin:80 - create IPUIPlugin
2024-01-23 14:05:02,570 [INFO] IPUIPlugin:80 - create IPUIPlugin
2024-01-23 14:05:02,570 [INFO] IPUIPlugin:80 - create IPUIPlugin
2024-01-23 14:05:02,570 [INFO] IPUIPlugin:80 - create IPUIPlugin
2024-01-23 14:05:02,570 [INFO] IPUIPlugin:80 - create IPUIPlugin
2024-01-23 14:05:02,570 [INFO] IPUIPlugin:80 - create IPUIPlugin
2024-01-23 14:05:02,570 [INFO] IPUIPlugin:80 - create IPUIPlugin
2024-01-23 14:05:02,570 [INFO] IPUIPlugin:80 - create IPUIPlugin
2024-01-23 14:05:02,585 [INFO] IPUIPlugin:80 - create IPUIPlugin
2024-01-23 14:05:02,585 [INFO] IPUIPlugin:80 - create IPUIPlugin
2024-01-23 14:05:02,585 [INFO] IPUIPlugin:80 - create IPUIPlugin
2024-01-23 14:05:02,585 [INFO] IPUIPlugin:80 - create IPUIPlugin
2024-01-23 14:05:02,585 [INFO] IPUIPlugin:80 - create IPUIPlugin
2024-01-23 14:05:02,585 [INFO] IPUIPlugin:80 - create IPUIPlugin
2024-01-23 14:05:02,585 [INFO] IPUIPlugin:80 - create IPUIPlugin
2024-01-23 14:05:02,585 [INFO] IPUIPlugin:80 - create IPUIPlugin
2024-01-23 14:05:02,585 [INFO] IPUIPlugin:80 - create IPUIPlugin
2024-01-23 14:05:02,585 [INFO] IPUIPlugin:80 - create IPUIPlugin
2024-01-23 14:05:02,585 [INFO] IPUIPlugin:80 - create IPUIPlugin
2024-01-23 14:05:02,585 [INFO] IPUIPlugin:80 - create IPUIPlugin
2024-01-23 14:05:02,585 [INFO] IPUIPlugin:80 - create IPUIPlugin
2024-01-23 14:05:02,585 [INFO] IPUIPlugin:80 - create IPUIPlugin
2024-01-23 14:05:02,585 [INFO] IPUIPlugin:80 - create IPUIPlugin
2024-01-23 14:05:02,585 [INFO] IPUIPlugin:80 - create IPUIPlugin
2024-01-23 14:05:02,585 [INFO] IPUIPlugin:80 - create IPUIPlugin
2024-01-23 14:05:02,585 [INFO] IPUIPlugin:80 - create IPUIPlugin
2024-01-23 14:05:02,585 [INFO] IPUIPlugin:80 - create IPUIPlugin
2024-01-23 14:05:02,585 [INFO] ApiDbMcu:507 - Load IP Config File for PDM2PCM
2024-01-23 14:05:02,670 [INFO] CADModel:165 - CPN selected for project levelSTM32F746ZGT6
2024-01-23 14:05:02,670 [INFO] CADModel:114 - Register for checkConnection events
2024-01-23 14:05:02,732 [INFO] OpenFileManager:328 - Restore cursor
2024-01-23 14:32:02,397 [INFO] Can:71 - Can Add PropertyChangeListener com.st.microxplorer.plugins.ip.can.Can@3d7dd5f6
2024-01-23 14:32:09,242 [INFO] Can:71 - Can Add PropertyChangeListener com.st.microxplorer.plugins.ip.can.Can@23d9e70e
2024-01-23 14:33:47,847 [INFO] Gpio:273 - dependency for GPIO [ADC1, ADC2, RCC, TIM1, TIM2, TIM3, TIM8, TIM9, USART1]
2024-01-23 14:35:56,185 [INFO] UtilMem:75 - End SaveConfig() Used Memory: 759567976 Bytes (1048576000)
2024-01-23 14:35:57,190 [INFO] UtilMem:75 - End SaveConfig() Used Memory: 824579648 Bytes (1048576000)
2024-01-23 14:35:59,584 [INFO] UtilMem:75 - End SaveConfig() Used Memory: 718541072 Bytes (1048576000)
2024-01-23 14:35:59,866 [INFO] BlockDiagram:2759 - set Specific Code input for plugin: TIM1_8F7
2024-01-23 14:35:59,866 [INFO] BlockDiagram:2759 - set Specific Code input for plugin: TIM1_8F7
2024-01-23 14:35:59,866 [INFO] BlockDiagram:2759 - set Specific Code input for plugin: TIM1_8F7
2024-01-23 14:35:59,866 [INFO] BlockDiagram:2759 - set Specific Code input for plugin: ADC
2024-01-23 14:35:59,866 [INFO] BlockDiagram:2759 - set Specific Code input for plugin: SYS
2024-01-23 14:35:59,866 [INFO] BlockDiagram:2759 - set Specific Code input for plugin: ADC
2024-01-23 14:35:59,866 [INFO] BlockDiagram:2759 - set Specific Code input for plugin: RCC
2024-01-23 14:35:59,866 [INFO] BlockDiagram:2759 - set Specific Code input for plugin: NVIC
2024-01-23 14:35:59,866 [INFO] BlockDiagram:2759 - set Specific Code input for plugin: USART
2024-01-23 14:35:59,866 [INFO] BlockDiagram:2759 - set Specific Code input for plugin: DMA
2024-01-23 14:35:59,866 [INFO] BlockDiagram:2759 - set Specific Code input for plugin: TIM1_8F7
2024-01-23 14:35:59,866 [INFO] BlockDiagram:2759 - set Specific Code input for plugin: TIM1_8F7
2024-01-23 14:35:59,866 [INFO] BlockDiagram:2759 - set Specific Code input for plugin: GPIO
2024-01-23 14:35:59,866 [INFO] CodeGenerator:793 - code generatio: config db path: C:\ST\STM32CubeIDE_1.12.0\STM32CubeIDE\plugins\com.st.stm32cube.common.mx_6.8.1.202304191431\\db\
2024-01-23 14:35:59,882 [INFO] Argument:319 - Argument : hdmavalue: null
2024-01-23 14:35:59,882 [INFO] Argument:321 - 	 sub Args: 
2024-01-23 14:35:59,882 [INFO] Argument:319 - Argument : Instancevalue: DMA2_Stream0
2024-01-23 14:35:59,882 [INFO] Argument:329 - Argument : Instancevalue: DMA2_Stream0
2024-01-23 14:35:59,882 [INFO] Argument:319 - Argument : Initvalue: null
2024-01-23 14:35:59,882 [INFO] Argument:321 - 	 sub Args: 
2024-01-23 14:35:59,882 [INFO] Argument:319 - Argument : Channelvalue: DMA_CHANNEL_0
2024-01-23 14:35:59,882 [INFO] Argument:329 - Argument : Channelvalue: DMA_CHANNEL_0
2024-01-23 14:35:59,882 [INFO] Argument:319 - Argument : Directionvalue: DMA_PERIPH_TO_MEMORY
2024-01-23 14:35:59,882 [INFO] Argument:329 - Argument : Directionvalue: DMA_PERIPH_TO_MEMORY
2024-01-23 14:35:59,882 [INFO] Argument:319 - Argument : PeriphIncvalue: DMA_PINC_DISABLE
2024-01-23 14:35:59,882 [INFO] Argument:329 - Argument : PeriphIncvalue: DMA_PINC_DISABLE
2024-01-23 14:35:59,882 [INFO] Argument:319 - Argument : MemIncvalue: DMA_MINC_ENABLE
2024-01-23 14:35:59,882 [INFO] Argument:329 - Argument : MemIncvalue: DMA_MINC_ENABLE
2024-01-23 14:35:59,882 [INFO] Argument:319 - Argument : PeriphDataAlignmentvalue: DMA_PDATAALIGN_WORD
2024-01-23 14:35:59,882 [INFO] Argument:329 - Argument : PeriphDataAlignmentvalue: DMA_PDATAALIGN_WORD
2024-01-23 14:35:59,882 [INFO] Argument:319 - Argument : MemDataAlignmentvalue: DMA_MDATAALIGN_WORD
2024-01-23 14:35:59,882 [INFO] Argument:329 - Argument : MemDataAlignmentvalue: DMA_MDATAALIGN_WORD
2024-01-23 14:35:59,882 [INFO] Argument:319 - Argument : Modevalue: DMA_CIRCULAR
2024-01-23 14:35:59,882 [INFO] Argument:329 - Argument : Modevalue: DMA_CIRCULAR
2024-01-23 14:35:59,882 [INFO] Argument:319 - Argument : Priorityvalue: DMA_PRIORITY_HIGH
2024-01-23 14:35:59,882 [INFO] Argument:329 - Argument : Priorityvalue: DMA_PRIORITY_HIGH
2024-01-23 14:35:59,882 [INFO] Argument:319 - Argument : FIFOModevalue: DMA_FIFOMODE_DISABLE
2024-01-23 14:35:59,882 [INFO] Argument:329 - Argument : FIFOModevalue: DMA_FIFOMODE_DISABLE
2024-01-23 14:35:59,882 [INFO] Argument:319 - Argument : FIFOThresholdvalue: null
2024-01-23 14:35:59,882 [INFO] Argument:329 - Argument : FIFOThresholdvalue: null
2024-01-23 14:35:59,882 [INFO] Argument:319 - Argument : MemBurstvalue: null
2024-01-23 14:35:59,882 [INFO] Argument:329 - Argument : MemBurstvalue: null
2024-01-23 14:35:59,882 [INFO] Argument:319 - Argument : PeriphBurstvalue: null
2024-01-23 14:35:59,882 [INFO] Argument:329 - Argument : PeriphBurstvalue: null
2024-01-23 14:35:59,882 [INFO] Argument:319 - Argument : Lockvalue: null
2024-01-23 14:35:59,882 [INFO] Argument:329 - Argument : Lockvalue: null
2024-01-23 14:35:59,882 [INFO] Argument:319 - Argument : Statevalue: null
2024-01-23 14:35:59,882 [INFO] Argument:329 - Argument : Statevalue: null
2024-01-23 14:35:59,882 [INFO] Argument:319 - Argument : Parentvalue: null
2024-01-23 14:35:59,882 [INFO] Argument:329 - Argument : Parentvalue: null
2024-01-23 14:35:59,882 [INFO] Argument:319 - Argument : XferCpltCallbackvalue: null
2024-01-23 14:35:59,882 [INFO] Argument:329 - Argument : XferCpltCallbackvalue: null
2024-01-23 14:35:59,882 [INFO] Argument:319 - Argument : XferHalfCpltCallbackvalue: null
2024-01-23 14:35:59,882 [INFO] Argument:329 - Argument : XferHalfCpltCallbackvalue: null
2024-01-23 14:35:59,882 [INFO] Argument:319 - Argument : XferM1CpltCallbackvalue: null
2024-01-23 14:35:59,882 [INFO] Argument:329 - Argument : XferM1CpltCallbackvalue: null
2024-01-23 14:35:59,882 [INFO] Argument:319 - Argument : XferErrorCallbackvalue: null
2024-01-23 14:35:59,882 [INFO] Argument:329 - Argument : XferErrorCallbackvalue: null
2024-01-23 14:35:59,882 [INFO] Argument:319 - Argument : ErrorCodevalue: null
2024-01-23 14:35:59,882 [INFO] Argument:329 - Argument : ErrorCodevalue: null
2024-01-23 14:35:59,882 [INFO] Argument:319 - Argument : hdmavalue: null
2024-01-23 14:35:59,882 [INFO] Argument:321 - 	 sub Args: 
2024-01-23 14:35:59,882 [INFO] Argument:319 - Argument : Instancevalue: DMA2_Stream2
2024-01-23 14:35:59,882 [INFO] Argument:329 - Argument : Instancevalue: DMA2_Stream2
2024-01-23 14:35:59,882 [INFO] Argument:319 - Argument : Initvalue: null
2024-01-23 14:35:59,882 [INFO] Argument:321 - 	 sub Args: 
2024-01-23 14:35:59,882 [INFO] Argument:319 - Argument : Channelvalue: DMA_CHANNEL_1
2024-01-23 14:35:59,882 [INFO] Argument:329 - Argument : Channelvalue: DMA_CHANNEL_1
2024-01-23 14:35:59,882 [INFO] Argument:319 - Argument : Directionvalue: DMA_PERIPH_TO_MEMORY
2024-01-23 14:35:59,882 [INFO] Argument:329 - Argument : Directionvalue: DMA_PERIPH_TO_MEMORY
2024-01-23 14:35:59,882 [INFO] Argument:319 - Argument : PeriphIncvalue: DMA_PINC_DISABLE
2024-01-23 14:35:59,882 [INFO] Argument:329 - Argument : PeriphIncvalue: DMA_PINC_DISABLE
2024-01-23 14:35:59,882 [INFO] Argument:319 - Argument : MemIncvalue: DMA_MINC_ENABLE
2024-01-23 14:35:59,882 [INFO] Argument:329 - Argument : MemIncvalue: DMA_MINC_ENABLE
2024-01-23 14:35:59,882 [INFO] Argument:319 - Argument : PeriphDataAlignmentvalue: DMA_PDATAALIGN_WORD
2024-01-23 14:35:59,882 [INFO] Argument:329 - Argument : PeriphDataAlignmentvalue: DMA_PDATAALIGN_WORD
2024-01-23 14:35:59,882 [INFO] Argument:319 - Argument : MemDataAlignmentvalue: DMA_MDATAALIGN_WORD
2024-01-23 14:35:59,882 [INFO] Argument:329 - Argument : MemDataAlignmentvalue: DMA_MDATAALIGN_WORD
2024-01-23 14:35:59,882 [INFO] Argument:319 - Argument : Modevalue: DMA_CIRCULAR
2024-01-23 14:35:59,882 [INFO] Argument:329 - Argument : Modevalue: DMA_CIRCULAR
2024-01-23 14:35:59,882 [INFO] Argument:319 - Argument : Priorityvalue: DMA_PRIORITY_LOW
2024-01-23 14:35:59,882 [INFO] Argument:329 - Argument : Priorityvalue: DMA_PRIORITY_LOW
2024-01-23 14:35:59,882 [INFO] Argument:319 - Argument : FIFOModevalue: DMA_FIFOMODE_DISABLE
2024-01-23 14:35:59,882 [INFO] Argument:329 - Argument : FIFOModevalue: DMA_FIFOMODE_DISABLE
2024-01-23 14:35:59,882 [INFO] Argument:319 - Argument : FIFOThresholdvalue: null
2024-01-23 14:35:59,882 [INFO] Argument:329 - Argument : FIFOThresholdvalue: null
2024-01-23 14:35:59,882 [INFO] Argument:319 - Argument : MemBurstvalue: null
2024-01-23 14:35:59,882 [INFO] Argument:329 - Argument : MemBurstvalue: null
2024-01-23 14:35:59,882 [INFO] Argument:319 - Argument : PeriphBurstvalue: null
2024-01-23 14:35:59,882 [INFO] Argument:329 - Argument : PeriphBurstvalue: null
2024-01-23 14:35:59,882 [INFO] Argument:319 - Argument : Lockvalue: null
2024-01-23 14:35:59,882 [INFO] Argument:329 - Argument : Lockvalue: null
2024-01-23 14:35:59,882 [INFO] Argument:319 - Argument : Statevalue: null
2024-01-23 14:35:59,882 [INFO] Argument:329 - Argument : Statevalue: null
2024-01-23 14:35:59,882 [INFO] Argument:319 - Argument : Parentvalue: null
2024-01-23 14:35:59,882 [INFO] Argument:329 - Argument : Parentvalue: null
2024-01-23 14:35:59,882 [INFO] Argument:319 - Argument : XferCpltCallbackvalue: null
2024-01-23 14:35:59,882 [INFO] Argument:329 - Argument : XferCpltCallbackvalue: null
2024-01-23 14:35:59,882 [INFO] Argument:319 - Argument : XferHalfCpltCallbackvalue: null
2024-01-23 14:35:59,882 [INFO] Argument:329 - Argument : XferHalfCpltCallbackvalue: null
2024-01-23 14:35:59,882 [INFO] Argument:319 - Argument : XferM1CpltCallbackvalue: null
2024-01-23 14:35:59,882 [INFO] Argument:329 - Argument : XferM1CpltCallbackvalue: null
2024-01-23 14:35:59,882 [INFO] Argument:319 - Argument : XferErrorCallbackvalue: null
2024-01-23 14:35:59,882 [INFO] Argument:329 - Argument : XferErrorCallbackvalue: null
2024-01-23 14:35:59,882 [INFO] Argument:319 - Argument : ErrorCodevalue: null
2024-01-23 14:35:59,882 [INFO] Argument:329 - Argument : ErrorCodevalue: null
2024-01-23 14:36:00,245 [INFO] CodeEngine:255 - oldGeneratedFile, C:\Users\m-ali.khlifi-ext\STM32CubeIDE\workspace_1.12.0\CADILLAC_V2\MXTmpFiles\license.tmp_save
2024-01-23 14:36:00,330 [INFO] CodeEngine:279 - Generated code: C:\Users\m-ali.khlifi-ext\STM32CubeIDE\workspace_1.12.0\CADILLAC_V2\MXTmpFiles\license.tmp
2024-01-23 14:36:00,415 [INFO] CodeEngine:255 - oldGeneratedFile, C:\Users\m-ali.khlifi-ext\STM32CubeIDE\workspace_1.12.0\CADILLAC_V2\Core\Src\gpio.c_save
2024-01-23 14:36:00,515 [INFO] CodeEngine:279 - Generated code: C:\Users\m-ali.khlifi-ext\STM32CubeIDE\workspace_1.12.0\CADILLAC_V2\Core\Src\gpio.c
2024-01-23 14:36:00,546 [INFO] CodeEngine:255 - oldGeneratedFile, C:\Users\m-ali.khlifi-ext\STM32CubeIDE\workspace_1.12.0\CADILLAC_V2\Core\Inc\gpio.h_save
2024-01-23 14:36:00,631 [INFO] CodeEngine:279 - Generated code: C:\Users\m-ali.khlifi-ext\STM32CubeIDE\workspace_1.12.0\CADILLAC_V2\Core\Inc\gpio.h
2024-01-23 14:36:01,883 [INFO] CodeEngine:255 - oldGeneratedFile, C:\Users\m-ali.khlifi-ext\STM32CubeIDE\workspace_1.12.0\CADILLAC_V2\Core\Src\adc.c_save
2024-01-23 14:36:02,026 [INFO] CodeEngine:279 - Generated code: C:\Users\m-ali.khlifi-ext\STM32CubeIDE\workspace_1.12.0\CADILLAC_V2\Core\Src\adc.c
2024-01-23 14:36:02,046 [INFO] CodeEngine:255 - oldGeneratedFile, C:\Users\m-ali.khlifi-ext\STM32CubeIDE\workspace_1.12.0\CADILLAC_V2\Core\Inc\adc.h_save
2024-01-23 14:36:02,137 [INFO] CodeEngine:279 - Generated code: C:\Users\m-ali.khlifi-ext\STM32CubeIDE\workspace_1.12.0\CADILLAC_V2\Core\Inc\adc.h
2024-01-23 14:36:02,177 [INFO] CodeEngine:255 - oldGeneratedFile, C:\Users\m-ali.khlifi-ext\STM32CubeIDE\workspace_1.12.0\CADILLAC_V2\MXTmpFiles\cortex.tmp_save
2024-01-23 14:36:02,238 [INFO] CodeEngine:279 - Generated code: C:\Users\m-ali.khlifi-ext\STM32CubeIDE\workspace_1.12.0\CADILLAC_V2\MXTmpFiles\cortex.tmp
2024-01-23 14:36:02,337 [INFO] CodeEngine:255 - oldGeneratedFile, C:\Users\m-ali.khlifi-ext\STM32CubeIDE\workspace_1.12.0\CADILLAC_V2\Core\Src\dma.c_save
2024-01-23 14:36:02,463 [INFO] CodeEngine:279 - Generated code: C:\Users\m-ali.khlifi-ext\STM32CubeIDE\workspace_1.12.0\CADILLAC_V2\Core\Src\dma.c
2024-01-23 14:36:02,479 [INFO] CodeEngine:255 - oldGeneratedFile, C:\Users\m-ali.khlifi-ext\STM32CubeIDE\workspace_1.12.0\CADILLAC_V2\Core\Inc\dma.h_save
2024-01-23 14:36:02,579 [INFO] CodeEngine:279 - Generated code: C:\Users\m-ali.khlifi-ext\STM32CubeIDE\workspace_1.12.0\CADILLAC_V2\Core\Inc\dma.h
2024-01-23 14:36:02,610 [INFO] CodeEngine:255 - oldGeneratedFile, C:\Users\m-ali.khlifi-ext\STM32CubeIDE\workspace_1.12.0\CADILLAC_V2\Core\Src\tim.c_save
2024-01-23 14:36:02,826 [INFO] CodeEngine:279 - Generated code: C:\Users\m-ali.khlifi-ext\STM32CubeIDE\workspace_1.12.0\CADILLAC_V2\Core\Src\tim.c
2024-01-23 14:36:02,848 [INFO] CodeEngine:255 - oldGeneratedFile, C:\Users\m-ali.khlifi-ext\STM32CubeIDE\workspace_1.12.0\CADILLAC_V2\Core\Inc\tim.h_save
2024-01-23 14:36:02,939 [INFO] CodeEngine:279 - Generated code: C:\Users\m-ali.khlifi-ext\STM32CubeIDE\workspace_1.12.0\CADILLAC_V2\Core\Inc\tim.h
2024-01-23 14:36:02,982 [INFO] CodeEngine:255 - oldGeneratedFile, C:\Users\m-ali.khlifi-ext\STM32CubeIDE\workspace_1.12.0\CADILLAC_V2\Core\Src\usart.c_save
2024-01-23 14:36:03,083 [INFO] CodeEngine:279 - Generated code: C:\Users\m-ali.khlifi-ext\STM32CubeIDE\workspace_1.12.0\CADILLAC_V2\Core\Src\usart.c
2024-01-23 14:36:03,101 [INFO] CodeEngine:255 - oldGeneratedFile, C:\Users\m-ali.khlifi-ext\STM32CubeIDE\workspace_1.12.0\CADILLAC_V2\Core\Inc\usart.h_save
2024-01-23 14:36:03,177 [INFO] CodeEngine:279 - Generated code: C:\Users\m-ali.khlifi-ext\STM32CubeIDE\workspace_1.12.0\CADILLAC_V2\Core\Inc\usart.h
2024-01-23 14:36:03,224 [INFO] CodeEngine:255 - oldGeneratedFile, C:\Users\m-ali.khlifi-ext\STM32CubeIDE\workspace_1.12.0\CADILLAC_V2\Core\Src\stm32f7xx_it.c_save
2024-01-23 14:36:03,425 [INFO] CodeEngine:279 - Generated code: C:\Users\m-ali.khlifi-ext\STM32CubeIDE\workspace_1.12.0\CADILLAC_V2\Core\Src\stm32f7xx_it.c
2024-01-23 14:36:03,464 [INFO] CodeEngine:255 - oldGeneratedFile, C:\Users\m-ali.khlifi-ext\STM32CubeIDE\workspace_1.12.0\CADILLAC_V2\Core\Inc\stm32f7xx_it.h_save
2024-01-23 14:36:03,565 [INFO] CodeEngine:279 - Generated code: C:\Users\m-ali.khlifi-ext\STM32CubeIDE\workspace_1.12.0\CADILLAC_V2\Core\Inc\stm32f7xx_it.h
2024-01-23 14:36:03,616 [INFO] CodeEngine:255 - oldGeneratedFile, C:\Users\m-ali.khlifi-ext\STM32CubeIDE\workspace_1.12.0\CADILLAC_V2\Core\Src\stm32f7xx_hal_msp.c_save
2024-01-23 14:36:03,757 [INFO] CodeEngine:279 - Generated code: C:\Users\m-ali.khlifi-ext\STM32CubeIDE\workspace_1.12.0\CADILLAC_V2\Core\Src\stm32f7xx_hal_msp.c
2024-01-23 14:36:03,777 [INFO] CodeEngine:255 - oldGeneratedFile, C:\Users\m-ali.khlifi-ext\STM32CubeIDE\workspace_1.12.0\CADILLAC_V2\MXTmpFiles\system.tmp_save
2024-01-23 14:36:03,857 [INFO] CodeEngine:279 - Generated code: C:\Users\m-ali.khlifi-ext\STM32CubeIDE\workspace_1.12.0\CADILLAC_V2\MXTmpFiles\system.tmp
2024-01-23 14:36:03,906 [INFO] CodeEngine:311 - oldGeneratedFile, C:\Users\m-ali.khlifi-ext\STM32CubeIDE\workspace_1.12.0\CADILLAC_V2\Core\Inc\stm32f7xx_hal_conf.h_save
2024-01-23 14:36:04,037 [INFO] CodeEngine:335 - Generated code: C:\Users\m-ali.khlifi-ext\STM32CubeIDE\workspace_1.12.0\CADILLAC_V2\Core\Inc\stm32f7xx_hal_conf.h
2024-01-23 14:36:04,115 [INFO] CodeEngine:255 - oldGeneratedFile, C:\Users\m-ali.khlifi-ext\STM32CubeIDE\workspace_1.12.0\CADILLAC_V2\Core\Inc\main.h_save
2024-01-23 14:36:04,253 [INFO] CodeEngine:279 - Generated code: C:\Users\m-ali.khlifi-ext\STM32CubeIDE\workspace_1.12.0\CADILLAC_V2\Core\Inc\main.h
2024-01-23 14:36:04,284 [INFO] CodeEngine:255 - oldGeneratedFile, C:\Users\m-ali.khlifi-ext\STM32CubeIDE\workspace_1.12.0\CADILLAC_V2\Core\Src\main.c_save
2024-01-23 14:36:04,415 [INFO] CodeEngine:279 - Generated code: C:\Users\m-ali.khlifi-ext\STM32CubeIDE\workspace_1.12.0\CADILLAC_V2\Core\Src\main.c
2024-01-23 14:36:06,320 [INFO] ProjectBuilder:2996 - Time for Copy HAL[1] : 1435mS.
2024-01-23 14:36:06,336 [INFO] ProjectBuilder:4304 - Project Generator version: 3.19.2
2024-01-23 14:36:06,606 [INFO] ConfigFileManager:1483 - The Die is : DIE449
2024-01-23 14:36:06,606 [INFO] ApiDbMcu:507 - Load IP Config File for FATFS
2024-01-23 14:36:06,621 [INFO] ApiDbMcu:507 - Load IP Config File for FREERTOS
2024-01-23 14:36:06,637 [INFO] ApiDbMcu:507 - Load IP Config File for LIBJPEG
2024-01-23 14:36:06,722 [INFO] ApiDbMcu:507 - Load IP Config File for LWIP
2024-01-23 14:36:06,737 [INFO] ApiDbMcu:507 - Load IP Config File for MBEDTLS
2024-01-23 14:36:06,737 [INFO] ApiDbMcu:507 - Load IP Config File for USB_DEVICE
2024-01-23 14:36:06,753 [INFO] ApiDbMcu:507 - Load IP Config File for USB_HOST
2024-01-23 14:36:08,872 [INFO] ProjectBuilder:4505 - Time for Generating toolchain IDE Files: 2536mS.
2024-01-23 14:36:08,888 [INFO] ProjectBuilder:2867 - Time for Copy CMSIS : 0mS.
2024-01-23 14:36:08,888 [INFO] ProjectBuilder:2867 - Time for Copy CMSIS : 0mS.
