2023-12-14 15:56:15,340 [INFO] MainUpdater:2854 - connection check result : 10
2023-12-14 15:56:15,378 [INFO] MainUpdater:2854 - connection check result : 10
2023-12-14 15:56:15,378 [INFO] MicroXplorer:468 - Change Database Path : 
2023-12-14 15:56:15,378 [INFO] MicroXplorer:498 - Change Database Version : DB.6.0.81
2023-12-14 15:56:15,418 [WARN] ThirdParty:871 - waiting for thirdparty lock release [close project]
2023-12-14 15:56:15,418 [INFO] ThirdParty:873 - entering critical section [close project]
2023-12-14 15:56:15,418 [INFO] ThirdParty:883 - exiting critical section [close project]
2023-12-14 15:56:15,419 [INFO] PinOutPanel:1499 - setPackage(No Configuration,No Configuration)
2023-12-14 15:56:15,423 [WARN] IpParametersView:150 - Warning: This peripheral hasn't parameters
2023-12-14 15:56:15,425 [WARN] MainPanel:257 - <html><b><center>Warning: This peripheral has no parameters to be configured<br></b></html>
2023-12-14 15:56:15,425 [INFO] UtilMem:75 - Begin LoadConfig() Used Memory: 807915808 Bytes (1073741824)
2023-12-14 15:56:15,425 [INFO] MicroXplorer:468 - Change Database Path : 
2023-12-14 15:56:15,425 [INFO] MicroXplorer:498 - Change Database Version : DB.6.0.81
2023-12-14 15:56:15,425 [INFO] OpenFileManager:308 - Change cursor
2023-12-14 15:56:15,459 [INFO] RulesReader:64 - Compatibility file has been processed (293 Rules)
2023-12-14 15:56:15,464 [INFO] Mcu:1937 - Initializing MCU STM32F746ZGTx STM32F746ZGTx STM32F746ZGT6
2023-12-14 15:56:17,451 [INFO] Context:659 - Trying to add GPIOservice into a context  which must be forbidden
2023-12-14 15:56:17,893 [INFO] RtosManager:555 - Registered RTOS mode: class=CMSIS, group=RTOS, mode=CMSIS_V1, owner=FREERTOS
2023-12-14 15:56:17,893 [INFO] RtosManager:555 - Registered RTOS mode: class=CMSIS, group=RTOS2, mode=CMSIS_V2, owner=FREERTOS
2023-12-14 15:56:17,893 [INFO] RtosManager:555 - Registered RTOS mode: class=RTOS, group=Core, mode=CMSIS_V1, owner=FREERTOS
2023-12-14 15:56:17,893 [INFO] RtosManager:555 - Registered RTOS mode: class=RTOS, group=Core, mode=CMSIS_V2, owner=FREERTOS
2023-12-14 15:56:17,893 [WARN] ModelIntegratedComponent:184 - Missing modes for component STMicroelectronics:FreeRTOS:0.0.1:STMicroelectronics:RTOS:FreeRTOS:Core:::10.2.0:
2023-12-14 15:56:17,903 [WARN] ModelIntegratedComponent:63 - No mode defined for component null
2023-12-14 15:56:17,903 [WARN] ModelIntegratedComponent:63 - No mode defined for component null
2023-12-14 15:56:17,903 [WARN] ModelIntegratedComponent:63 - No mode defined for component null
2023-12-14 15:56:17,903 [WARN] ModelIntegratedComponent:63 - No mode defined for component null
2023-12-14 15:56:17,903 [WARN] ModelIntegratedComponent:63 - No mode defined for component null
2023-12-14 15:56:17,903 [WARN] ModelIntegratedComponent:63 - No mode defined for component null
2023-12-14 15:56:17,903 [WARN] ModelIntegratedComponent:63 - No mode defined for component null
2023-12-14 15:56:17,903 [WARN] ModelIntegratedComponent:63 - No mode defined for component null
2023-12-14 15:56:17,903 [WARN] ModelIntegratedComponent:63 - No mode defined for component null
2023-12-14 15:56:17,903 [WARN] ModelIntegratedComponent:63 - No mode defined for component null
2023-12-14 15:56:17,903 [WARN] ModelIntegratedComponent:63 - No mode defined for component null
2023-12-14 15:56:17,903 [WARN] ModelIntegratedComponent:63 - No mode defined for component null
2023-12-14 15:56:17,903 [WARN] ModelIntegratedComponent:63 - No mode defined for component null
2023-12-14 15:56:17,903 [WARN] ModelIntegratedComponent:63 - No mode defined for component null
2023-12-14 15:56:17,903 [WARN] ModelIntegratedComponent:63 - No mode defined for component null
2023-12-14 15:56:17,903 [WARN] ModelIntegratedComponent:63 - No mode defined for component null
2023-12-14 15:56:17,903 [WARN] ModelIntegratedComponent:63 - No mode defined for component null
2023-12-14 15:56:17,903 [WARN] ModelIntegratedComponent:63 - No mode defined for component null
2023-12-14 15:56:17,903 [WARN] ModelIntegratedComponent:63 - No mode defined for component null
2023-12-14 15:56:17,903 [WARN] ModelIntegratedComponent:63 - No mode defined for component null
2023-12-14 15:56:17,903 [WARN] ModelIntegratedComponent:63 - No mode defined for component null
2023-12-14 15:56:17,903 [WARN] ModelIntegratedComponent:63 - No mode defined for component null
2023-12-14 15:56:17,903 [WARN] ModelIntegratedComponent:63 - No mode defined for component null
2023-12-14 15:56:17,903 [WARN] ModelIntegratedComponent:63 - No mode defined for component null
2023-12-14 15:56:17,903 [WARN] ModelIntegratedComponent:63 - No mode defined for component null
2023-12-14 15:56:17,903 [WARN] ModelIntegratedComponent:63 - No mode defined for component null
2023-12-14 15:56:17,903 [WARN] ModelIntegratedComponent:63 - No mode defined for component null
2023-12-14 15:56:17,903 [WARN] ModelIntegratedComponent:63 - No mode defined for component null
2023-12-14 15:56:17,903 [WARN] ModelIntegratedComponent:63 - No mode defined for component null
2023-12-14 15:56:17,903 [WARN] ModelIntegratedComponent:63 - No mode defined for component null
2023-12-14 15:56:17,903 [WARN] ModelIntegratedComponent:63 - No mode defined for component null
2023-12-14 15:56:17,903 [WARN] ModelIntegratedComponent:63 - No mode defined for component null
2023-12-14 15:56:17,903 [WARN] ModelIntegratedComponent:63 - No mode defined for component null
2023-12-14 15:56:17,974 [INFO] ThirdPartyModel:298 - Start build external matchings
2023-12-14 15:56:19,142 [INFO] ThirdPartyModel:316 - End build external matchings
2023-12-14 15:56:19,152 [INFO] ImportTextPane:194 - (OptionalMessage_ERROR) IP (DMA) : Parameter (Instance) has Id (ADC1) currently not set
2023-12-14 15:56:19,152 [INFO] ImportTextPane:194 - (OptionalMessage_ERROR) IP (DMA) : Parameter (Channel) has Id (ADC1) currently not set
2023-12-14 15:56:19,152 [INFO] ImportTextPane:194 - (OptionalMessage_ERROR) IP (DMA) : Parameter (Direction) has Id (ADC1) currently not set
2023-12-14 15:56:19,152 [INFO] ImportTextPane:194 - (OptionalMessage_ERROR) IP (DMA) : Parameter (PeriphInc) has Id (ADC1) currently not set
2023-12-14 15:56:19,152 [INFO] ImportTextPane:194 - (OptionalMessage_ERROR) IP (DMA) : Parameter (MemInc) has Id (ADC1) currently not set
2023-12-14 15:56:19,152 [INFO] ImportTextPane:194 - (OptionalMessage_ERROR) IP (DMA) : Parameter (PeriphDataAlignment) has Id (ADC1) currently not set
2023-12-14 15:56:19,152 [INFO] ImportTextPane:194 - (OptionalMessage_ERROR) IP (DMA) : Parameter (MemDataAlignment) has Id (ADC1) currently not set
2023-12-14 15:56:19,152 [INFO] ImportTextPane:194 - (OptionalMessage_ERROR) IP (DMA) : Parameter (Mode) has Id (ADC1) currently not set
2023-12-14 15:56:19,152 [INFO] ImportTextPane:194 - (OptionalMessage_ERROR) IP (DMA) : Parameter (Priority) has Id (ADC1) currently not set
2023-12-14 15:56:19,152 [INFO] ImportTextPane:194 - (OptionalMessage_ERROR) IP (DMA) : Parameter (FIFOMode) has Id (ADC1) currently not set
2023-12-14 15:56:19,152 [INFO] ImportTextPane:194 - (OptionalMessage_ERROR) IP (RCC) : Invalid parameter (48MHZClocksFreq_Value)
2023-12-14 15:56:19,152 [INFO] ImportTextPane:194 - (OptionalMessage_ERROR) IP (RCC) : Invalid parameter (ADC12outputFreq_Value)
2023-12-14 15:56:19,152 [INFO] ImportTextPane:194 - (OptionalMessage_ERROR) IP (RCC) : Invalid parameter (ADC34outputFreq_Value)
2023-12-14 15:56:19,152 [INFO] ImportTextPane:194 - (OptionalMessage_ERROR) IP (RCC) : Invalid parameter (FamilyName)
2023-12-14 15:56:19,152 [INFO] ImportTextPane:194 - (OptionalMessage_ERROR) IP (RCC) : Invalid parameter (I2SClocksFreq_Value)
2023-12-14 15:56:19,152 [INFO] ImportTextPane:194 - (OptionalMessage_ERROR) IP (RCC) : Parameter (LCDTFToutputFreq_Value) has invalid value (96000000)
2023-12-14 15:56:19,152 [INFO] ImportTextPane:194 - (OptionalMessage_ERROR) IP (RCC) : Invalid parameter (MCOFreq_Value)
2023-12-14 15:56:19,152 [INFO] ImportTextPane:194 - (OptionalMessage_ERROR) IP (RCC) : Invalid parameter (PLLMCOFreq_Value)
2023-12-14 15:56:19,152 [INFO] ImportTextPane:194 - (OptionalMessage_ERROR) IP (RCC) : Invalid parameter (PLLMUL)
2023-12-14 15:56:19,152 [INFO] ImportTextPane:194 - (OptionalMessage_ERROR) IP (RCC) : Invalid parameter (PRESCALERUSB)
2023-12-14 15:56:19,152 [INFO] ImportTextPane:194 - (OptionalMessage_ERROR) IP (RCC) : Parameter (RNGFreq_Value) has invalid value (144000000)
2023-12-14 15:56:19,152 [INFO] ImportTextPane:194 - (OptionalMessage_ERROR) IP (RCC) : Invalid parameter (RTCHSEDivFreq_Value)
2023-12-14 15:56:19,152 [INFO] ImportTextPane:194 - (OptionalMessage_ERROR) IP (RCC) : Parameter (SDMMCFreq_Value) has invalid value (216000000)
2023-12-14 15:56:19,152 [INFO] ImportTextPane:194 - (OptionalMessage_ERROR) IP (RCC) : Invalid parameter (SYSCLKSourceVirtual)
2023-12-14 15:56:19,152 [INFO] ImportTextPane:194 - (OptionalMessage_ERROR) IP (RCC) : Invalid parameter (TIM15Freq_Value)
2023-12-14 15:56:19,152 [INFO] ImportTextPane:194 - (OptionalMessage_ERROR) IP (RCC) : Invalid parameter (TIM16Freq_Value)
2023-12-14 15:56:19,152 [INFO] ImportTextPane:194 - (OptionalMessage_ERROR) IP (RCC) : Invalid parameter (TIM17Freq_Value)
2023-12-14 15:56:19,152 [INFO] ImportTextPane:194 - (OptionalMessage_ERROR) IP (RCC) : Invalid parameter (TIM1Freq_Value)
2023-12-14 15:56:19,152 [INFO] ImportTextPane:194 - (OptionalMessage_ERROR) IP (RCC) : Invalid parameter (TIM20Freq_Value)
2023-12-14 15:56:19,152 [INFO] ImportTextPane:194 - (OptionalMessage_ERROR) IP (RCC) : Invalid parameter (TIM2Freq_Value)
2023-12-14 15:56:19,152 [INFO] ImportTextPane:194 - (OptionalMessage_ERROR) IP (RCC) : Invalid parameter (TIM3Freq_Value)
2023-12-14 15:56:19,152 [INFO] ImportTextPane:194 - (OptionalMessage_ERROR) IP (RCC) : Invalid parameter (TIM8Freq_Value)
2023-12-14 15:56:19,152 [INFO] ImportTextPane:194 - (OptionalMessage_ERROR) IP (RCC) : Parameter (USBFreq_Value) has invalid value (144000000)
2023-12-14 15:56:19,152 [INFO] ImportTextPane:194 - (OptionalMessage_ERROR) IP (RCC) : Invalid parameter (VCOOutput2Freq_Value)
2023-12-14 15:56:19,152 [INFO] ImportTextPane:194 - (OptionalMessage_ERROR) IP (RCC) : Invalid parameter (VcooutputI2S)
2023-12-14 15:56:19,518 [INFO] UtilMem:75 - End LoadConfig() Used Memory: 845300032 Bytes (1073741824)
2023-12-14 15:56:19,533 [WARN] ThirdParty:833 - waiting for thirdparty lock release [change project]
2023-12-14 15:56:19,533 [INFO] ThirdParty:835 - entering critical section [change project]
2023-12-14 15:56:19,533 [INFO] ThirdParty:1030 - CMSIS Pack Vendor :STMicroelectronics X-CUBE-ISPU 1.1.0
2023-12-14 15:56:19,533 [INFO] ThirdParty:1030 - CMSIS Pack Vendor :STMicroelectronics X-CUBE-GNSS1 6.0.0
2023-12-14 15:56:19,533 [INFO] ThirdParty:1030 - CMSIS Pack Vendor :STMicroelectronics USB_HOST 2.0.0
2023-12-14 15:56:19,533 [INFO] ThirdParty:1030 - CMSIS Pack Vendor :STMicroelectronics X-CUBE-AZRTOS-F4 1.1.0
2023-12-14 15:56:19,533 [INFO] ThirdParty:1030 - CMSIS Pack Vendor :STMicroelectronics LIBJPEG 8.0.0
2023-12-14 15:56:19,533 [INFO] ThirdParty:1030 - CMSIS Pack Vendor :STMicroelectronics X-CUBE-SMBUS 2.1.0
2023-12-14 15:56:19,533 [INFO] ThirdParty:1030 - CMSIS Pack Vendor :wolfSSL I-CUBE-wolfSSL 5.6.0
2023-12-14 15:56:19,533 [INFO] ThirdParty:1030 - CMSIS Pack Vendor :STMicroelectronics USB_DEVICE 3.0.0
2023-12-14 15:56:19,533 [INFO] ThirdParty:1030 - CMSIS Pack Vendor :STMicroelectronics X-CUBE-AI 8.0.0
2023-12-14 15:56:19,533 [INFO] ThirdParty:1030 - CMSIS Pack Vendor :STMicroelectronics X-CUBE-AZRTOS-WB 2.0.0
2023-12-14 15:56:19,533 [INFO] ThirdParty:1030 - CMSIS Pack Vendor :STMicroelectronics X-CUBE-FREERTOS 1.0.1
2023-12-14 15:56:19,533 [INFO] ThirdParty:1030 - CMSIS Pack Vendor :STMicroelectronics X-CUBE-TOUCHGFX 4.21.3
2023-12-14 15:56:19,533 [INFO] ThirdParty:1030 - CMSIS Pack Vendor :STMicroelectronics X-CUBE-AZRTOS-F7 1.1.0
2023-12-14 15:56:19,533 [INFO] ThirdParty:1030 - CMSIS Pack Vendor :STMicroelectronics X-CUBE-TOUCHGFX 4.21.4
2023-12-14 15:56:19,533 [INFO] ThirdParty:1030 - CMSIS Pack Vendor :STMicroelectronics X-CUBE-AZRTOS-L5 2.0.0
2023-12-14 15:56:19,533 [INFO] ThirdParty:1030 - CMSIS Pack Vendor :STMicroelectronics USB_DEVICE 2.0.0
2023-12-14 15:56:19,533 [INFO] ThirdParty:1030 - CMSIS Pack Vendor :STMicroelectronics X-CUBE-MEMS1 9.6.0
2023-12-14 15:56:19,533 [INFO] ThirdParty:1030 - CMSIS Pack Vendor :STMicroelectronics X-CUBE-EEPRMA1 4.2.0
2023-12-14 15:56:19,533 [INFO] ThirdParty:1030 - CMSIS Pack Vendor :ITTIA_DB I-CUBE-ITTIADB 8.8.0
2023-12-14 15:56:19,533 [INFO] ThirdParty:1030 - CMSIS Pack Vendor :STMicroelectronics FP-SNS-MOTENV1 4.3.0
2023-12-14 15:56:19,533 [INFO] ThirdParty:1030 - CMSIS Pack Vendor :STMicroelectronics FP-SNS-MOTENV1 4.3.2
2023-12-14 15:56:19,533 [INFO] ThirdParty:1030 - CMSIS Pack Vendor :STMicroelectronics FP-SNS-FLIGHT1 5.0.0
2023-12-14 15:56:19,533 [INFO] ThirdParty:1030 - CMSIS Pack Vendor :STMicroelectronics FP-SNS-MOTENV1 4.3.1
2023-12-14 15:56:19,533 [INFO] ThirdParty:1030 - CMSIS Pack Vendor :STMicroelectronics FP-SNS-FLIGHT1 5.0.1
2023-12-14 15:56:19,533 [INFO] ThirdParty:1030 - CMSIS Pack Vendor :STMicroelectronics X-CUBE-ALGOBUILD 1.3.0
2023-12-14 15:56:19,533 [INFO] ThirdParty:1030 - CMSIS Pack Vendor :STMicroelectronics X-CUBE-BLE1 6.2.4
2023-12-14 15:56:19,533 [INFO] ThirdParty:1030 - CMSIS Pack Vendor :STMicroelectronics X-CUBE-AZRTOS-L5 1.1.0
2023-12-14 15:56:19,533 [INFO] ThirdParty:1030 - CMSIS Pack Vendor :STMicroelectronics FreeRTOS 0.0.1
2023-12-14 15:56:19,533 [INFO] ThirdParty:1030 - CMSIS Pack Vendor :STMicroelectronics X-CUBE-AZRTOS-G0 1.1.0
2023-12-14 15:56:19,533 [INFO] ThirdParty:1030 - CMSIS Pack Vendor :emotas I-CUBE-CANOPEN 1.1.3
2023-12-14 15:56:19,533 [INFO] ThirdParty:1030 - CMSIS Pack Vendor :STMicroelectronics X-CUBE-BLEMGR 2.0.0
2023-12-14 15:56:19,533 [INFO] ThirdParty:1030 - CMSIS Pack Vendor :STMicroelectronics X-CUBE-AI 8.0.1
2023-12-14 15:56:19,533 [INFO] ThirdParty:1030 - CMSIS Pack Vendor :STMicroelectronics X-CUBE-NFC4 3.0.0
2023-12-14 15:56:19,533 [INFO] ThirdParty:1030 - CMSIS Pack Vendor :STMicroelectronics X-CUBE-SUBG2 5.0.0
2023-12-14 15:56:19,533 [INFO] ThirdParty:1030 - CMSIS Pack Vendor :STMicroelectronics STM32_WPAN 1.0.0
2023-12-14 15:56:19,533 [INFO] ThirdParty:1030 - CMSIS Pack Vendor :STMicroelectronics lwIP 2.0.3
2023-12-14 15:56:19,533 [INFO] ThirdParty:1030 - CMSIS Pack Vendor :STMicroelectronics FP-SNS-FLIGHT1 5.0.2
2023-12-14 15:56:19,533 [INFO] ThirdParty:1030 - CMSIS Pack Vendor :STMicroelectronics USB_HOST 1.0.0
2023-12-14 15:56:19,533 [INFO] ThirdParty:1030 - CMSIS Pack Vendor :STMicroelectronics X-CUBE-TOF1 3.3.1
2023-12-14 15:56:19,533 [INFO] ThirdParty:1030 - CMSIS Pack Vendor :STMicroelectronics X-CUBE-AZRTOS-G4 2.0.0
2023-12-14 15:56:19,533 [INFO] ThirdParty:1030 - CMSIS Pack Vendor :STMicroelectronics PDM2PCM 3.1.0
2023-12-14 15:56:19,533 [INFO] ThirdParty:1030 - CMSIS Pack Vendor :STMicroelectronics X-CUBE-AZRTOS-H7 3.1.0
2023-12-14 15:56:19,533 [INFO] ThirdParty:1030 - CMSIS Pack Vendor :STMicroelectronics X-CUBE-TOF1 3.3.0
2023-12-14 15:56:19,533 [INFO] ThirdParty:1030 - CMSIS Pack Vendor :Infineon AIROC-Wi-Fi-Bluetooth-STM32 1.5.1
2023-12-14 15:56:19,533 [INFO] ThirdParty:1030 - CMSIS Pack Vendor :STMicroelectronics X-CUBE-BLEMGR 3.0.0
2023-12-14 15:56:19,533 [INFO] ThirdParty:1030 - CMSIS Pack Vendor :STMicroelectronics PDM2PCM 3.3.0
2023-12-14 15:56:19,533 [INFO] ThirdParty:1030 - CMSIS Pack Vendor :STMicroelectronics X-CUBE-DISPLAY 3.0.0
2023-12-14 15:56:19,533 [INFO] ThirdParty:1030 - CMSIS Pack Vendor :STMicroelectronics FP-SNS-MOTENVWB1 1.3.0
2023-12-14 15:56:19,533 [INFO] ThirdParty:1030 - CMSIS Pack Vendor :STMicroelectronics FP-SNS-MOTENVWB1 1.3.1
2023-12-14 15:56:19,533 [INFO] ThirdParty:1030 - CMSIS Pack Vendor :STMicroelectronics X-CUBE-BLE1 7.0.0
2023-12-14 15:56:19,533 [INFO] ThirdParty:1030 - CMSIS Pack Vendor :STMicroelectronics FP-ATR-SIGFOX1 3.2.0
2023-12-14 15:56:19,533 [INFO] ThirdParty:1030 - CMSIS Pack Vendor :STMicroelectronics X-CUBE-AZRTOS-L4 1.0.0
2023-12-14 15:56:19,533 [INFO] ThirdParty:1030 - CMSIS Pack Vendor :STMicroelectronics X-CUBE-ISPU 2.0.0
2023-12-14 15:56:19,533 [INFO] ThirdParty:1030 - CMSIS Pack Vendor :STMicroelectronics HAL Drivers 0.0.0
2023-12-14 15:56:19,533 [INFO] ThirdParty:1030 - CMSIS Pack Vendor :STMicroelectronics MBEDTLS 2.16.2
2023-12-14 15:56:19,533 [INFO] ThirdParty:1030 - CMSIS Pack Vendor :STMicroelectronics X-CUBE-MEMS1 10.0.0
2023-12-14 15:56:19,533 [INFO] ThirdParty:1030 - CMSIS Pack Vendor :STMicroelectronics X-CUBE-FREERTOS 1.1.0
2023-12-14 15:56:19,533 [INFO] ThirdParty:1030 - CMSIS Pack Vendor :STMicroelectronics X-CUBE-TOUCHGFX 4.22.0
2023-12-14 15:56:19,533 [INFO] ThirdParty:1030 - CMSIS Pack Vendor :STMicroelectronics X-CUBE-NFC7 1.0.1
2023-12-14 15:56:19,533 [INFO] ThirdParty:1030 - CMSIS Pack Vendor :STMicroelectronics MBEDTLS 2.14.1
2023-12-14 15:56:19,533 [INFO] ThirdParty:1030 - CMSIS Pack Vendor :STMicroelectronics X-CUBE-NFC7 1.0.0
2023-12-14 15:56:19,533 [INFO] ThirdParty:1030 - CMSIS Pack Vendor :STMicroelectronics X-CUBE-TOUCHGFX 4.22.1
2023-12-14 15:56:19,533 [INFO] ThirdParty:1030 - CMSIS Pack Vendor :STMicroelectronics X-CUBE-AZRTOS-WL 1.0.0
2023-12-14 15:56:19,533 [INFO] ThirdParty:1030 - CMSIS Pack Vendor :STMicroelectronics X-CUBE-NFC6 3.0.0
2023-12-14 15:56:19,533 [INFO] ThirdParty:1030 - CMSIS Pack Vendor :STMicroelectronics X-CUBE-EEPRMA1 4.1.0
2023-12-14 15:56:19,533 [INFO] ThirdParty:1030 - CMSIS Pack Vendor :portGmbH I-Cube-SoM-uGOAL 1.1.0
2023-12-14 15:56:19,533 [INFO] ThirdParty:1030 - CMSIS Pack Vendor :STMicroelectronics X-CUBE-ALS 1.0.1
2023-12-14 15:56:19,533 [INFO] ThirdParty:1030 - CMSIS Pack Vendor :STMicroelectronics ThreadX 1.0.0
2023-12-14 15:56:19,533 [INFO] ThirdParty:1030 - CMSIS Pack Vendor :STMicroelectronics FP-SNS-SMARTAG2 1.2.0
2023-12-14 15:56:19,533 [INFO] ThirdParty:1030 - CMSIS Pack Vendor :STMicroelectronics X-CUBE-AZRTOS-WB 1.1.0
2023-12-14 15:56:19,533 [INFO] ThirdParty:1030 - CMSIS Pack Vendor :STMicroelectronics X-CUBE-AZRTOS-WL 2.0.0
2023-12-14 15:56:19,533 [INFO] ThirdParty:1030 - CMSIS Pack Vendor :SEGGER I-CUBE-embOS 1.3.1
2023-12-14 15:56:19,533 [INFO] ThirdParty:1030 - CMSIS Pack Vendor :STMicroelectronics USB_DEVICE 1.0.0
2023-12-14 15:56:19,533 [INFO] ThirdParty:1030 - CMSIS Pack Vendor :STMicroelectronics X-CUBE-AI 8.1.0
2023-12-14 15:56:19,533 [INFO] ThirdParty:1030 - CMSIS Pack Vendor :STMicroelectronics X-CUBE-AZRTOS-L4 2.0.0
2023-12-14 15:56:19,533 [INFO] ThirdParty:1030 - CMSIS Pack Vendor :STMicroelectronics ThreadX 0.0.2
2023-12-14 15:56:19,533 [INFO] ThirdParty:1030 - CMSIS Pack Vendor :WES I-CUBE-Cesium 1.3.0
2023-12-14 15:56:19,533 [INFO] ThirdParty:1030 - CMSIS Pack Vendor :STMicroelectronics FP-ATR-ASTRA1 2.0.0
2023-12-14 15:56:19,533 [INFO] ThirdParty:1030 - CMSIS Pack Vendor :STMicroelectronics lwIP 2.1.2
2023-12-14 15:56:19,533 [INFO] ThirdParty:1030 - CMSIS Pack Vendor :STMicroelectronics X-CUBE-SFXS2LP1 4.0.0
2023-12-14 15:56:19,533 [INFO] ThirdParty:1030 - CMSIS Pack Vendor :STMicroelectronics X-CUBE-BLE2 3.3.0
2023-12-14 15:56:19,533 [INFO] ThirdParty:1030 - CMSIS Pack Vendor :STMicroelectronics X-CUBE-TOF1 3.4.0
2023-12-14 15:56:19,533 [INFO] ThirdParty:1030 - CMSIS Pack Vendor :STMicroelectronics X-CUBE-AZRTOS-H7 3.2.0
2023-12-14 15:56:19,533 [INFO] ThirdParty:1030 - CMSIS Pack Vendor :STMicroelectronics PDM2PCM 3.2.0
2023-12-14 15:56:19,533 [INFO] ThirdParty:841 - exiting critical section [change project]
2023-12-14 15:56:19,732 [INFO] PinOutPanel:1499 - setPackage(No Configuration,No Configuration)
2023-12-14 15:56:19,742 [INFO] PinOutPanel:1499 - setPackage(STM32F746ZGTx,LQFP144)
2023-12-14 15:56:20,160 [INFO] UtilMem:75 - Before build in PCC Used Memory: 878299808 Bytes (1073741824)
2023-12-14 15:56:20,434 [INFO] UtilMem:75 - After build in PCC Used Memory: 926534304 Bytes (1073741824)
2023-12-14 15:56:20,472 [INFO] IPUIPlugin:80 - create IPUIPlugin
2023-12-14 15:56:20,472 [INFO] IPUIPlugin:80 - create IPUIPlugin
2023-12-14 15:56:20,472 [INFO] IPUIPlugin:80 - create IPUIPlugin
2023-12-14 15:56:20,472 [INFO] IPUIPlugin:80 - create IPUIPlugin
2023-12-14 15:56:20,472 [INFO] IPUIPlugin:80 - create IPUIPlugin
2023-12-14 15:56:20,472 [INFO] IPUIPlugin:80 - create IPUIPlugin
2023-12-14 15:56:20,472 [INFO] IPUIPlugin:80 - create IPUIPlugin
2023-12-14 15:56:20,472 [INFO] IPUIPlugin:80 - create IPUIPlugin
2023-12-14 15:56:20,472 [INFO] IPUIPlugin:80 - create IPUIPlugin
2023-12-14 15:56:20,472 [INFO] IPUIPlugin:80 - create IPUIPlugin
2023-12-14 15:56:20,472 [INFO] IPUIPlugin:80 - create IPUIPlugin
2023-12-14 15:56:20,472 [INFO] IPUIPlugin:80 - create IPUIPlugin
2023-12-14 15:56:20,472 [INFO] IPUIPlugin:80 - create IPUIPlugin
2023-12-14 15:56:20,472 [INFO] IPUIPlugin:80 - create IPUIPlugin
2023-12-14 15:56:20,472 [INFO] IPUIPlugin:80 - create IPUIPlugin
2023-12-14 15:56:20,472 [INFO] IPUIPlugin:80 - create IPUIPlugin
2023-12-14 15:56:20,472 [INFO] IPUIPlugin:80 - create IPUIPlugin
2023-12-14 15:56:20,472 [INFO] IPUIPlugin:80 - create IPUIPlugin
2023-12-14 15:56:20,472 [INFO] IPUIPlugin:80 - create IPUIPlugin
2023-12-14 15:56:20,472 [INFO] IPUIPlugin:80 - create IPUIPlugin
2023-12-14 15:56:20,472 [INFO] IPUIPlugin:80 - create IPUIPlugin
2023-12-14 15:56:20,472 [INFO] IPUIPlugin:80 - create IPUIPlugin
2023-12-14 15:56:20,472 [INFO] IPUIPlugin:80 - create IPUIPlugin
2023-12-14 15:56:20,472 [INFO] IPUIPlugin:80 - create IPUIPlugin
2023-12-14 15:56:20,472 [INFO] IPUIPlugin:80 - create IPUIPlugin
2023-12-14 15:56:20,472 [INFO] IPUIPlugin:80 - create IPUIPlugin
2023-12-14 15:56:20,472 [INFO] IPUIPlugin:80 - create IPUIPlugin
2023-12-14 15:56:20,472 [INFO] IPUIPlugin:80 - create IPUIPlugin
2023-12-14 15:56:20,472 [INFO] IPUIPlugin:80 - create IPUIPlugin
2023-12-14 15:56:20,472 [INFO] IPUIPlugin:80 - create IPUIPlugin
2023-12-14 15:56:20,472 [INFO] IPUIPlugin:80 - create IPUIPlugin
2023-12-14 15:56:20,472 [INFO] IPUIPlugin:80 - create IPUIPlugin
2023-12-14 15:56:20,472 [INFO] IPUIPlugin:80 - create IPUIPlugin
2023-12-14 15:56:20,472 [INFO] IPUIPlugin:80 - create IPUIPlugin
2023-12-14 15:56:20,472 [INFO] IPUIPlugin:80 - create IPUIPlugin
2023-12-14 15:56:20,472 [INFO] IPUIPlugin:80 - create IPUIPlugin
2023-12-14 15:56:20,472 [INFO] IPUIPlugin:80 - create IPUIPlugin
2023-12-14 15:56:20,472 [INFO] IPUIPlugin:80 - create IPUIPlugin
2023-12-14 15:56:20,472 [INFO] IPUIPlugin:80 - create IPUIPlugin
2023-12-14 15:56:20,472 [INFO] IPUIPlugin:80 - create IPUIPlugin
2023-12-14 15:56:20,472 [INFO] IPUIPlugin:80 - create IPUIPlugin
2023-12-14 15:56:20,472 [INFO] IPUIPlugin:80 - create IPUIPlugin
2023-12-14 15:56:20,472 [INFO] IPUIPlugin:80 - create IPUIPlugin
2023-12-14 15:56:20,472 [INFO] IPUIPlugin:80 - create IPUIPlugin
2023-12-14 15:56:20,472 [INFO] IPUIPlugin:80 - create IPUIPlugin
2023-12-14 15:56:20,472 [INFO] IPUIPlugin:80 - create IPUIPlugin
2023-12-14 15:56:20,472 [INFO] IPUIPlugin:80 - create IPUIPlugin
2023-12-14 15:56:20,472 [INFO] IPUIPlugin:80 - create IPUIPlugin
2023-12-14 15:56:20,472 [INFO] IPUIPlugin:80 - create IPUIPlugin
2023-12-14 15:56:20,472 [INFO] IPUIPlugin:80 - create IPUIPlugin
2023-12-14 15:56:20,472 [INFO] IPUIPlugin:80 - create IPUIPlugin
2023-12-14 15:56:20,472 [INFO] IPUIPlugin:80 - create IPUIPlugin
2023-12-14 15:56:20,472 [INFO] IPUIPlugin:80 - create IPUIPlugin
2023-12-14 15:56:20,472 [INFO] IPUIPlugin:80 - create IPUIPlugin
2023-12-14 15:56:20,472 [INFO] IPUIPlugin:80 - create IPUIPlugin
2023-12-14 15:56:20,487 [INFO] IPUIPlugin:80 - create IPUIPlugin
2023-12-14 15:56:20,487 [INFO] IPUIPlugin:80 - create IPUIPlugin
2023-12-14 15:56:20,487 [INFO] IPUIPlugin:80 - create IPUIPlugin
2023-12-14 15:56:20,487 [INFO] IPUIPlugin:80 - create IPUIPlugin
2023-12-14 15:56:20,487 [INFO] IPUIPlugin:80 - create IPUIPlugin
2023-12-14 15:56:20,487 [INFO] IPUIPlugin:80 - create IPUIPlugin
2023-12-14 15:56:20,487 [INFO] IPUIPlugin:80 - create IPUIPlugin
2023-12-14 15:56:20,487 [INFO] IPUIPlugin:80 - create IPUIPlugin
2023-12-14 15:56:20,487 [INFO] IPUIPlugin:80 - create IPUIPlugin
2023-12-14 15:56:20,487 [INFO] IPUIPlugin:80 - create IPUIPlugin
2023-12-14 15:56:20,487 [INFO] IPUIPlugin:80 - create IPUIPlugin
2023-12-14 15:56:20,487 [INFO] IPUIPlugin:80 - create IPUIPlugin
2023-12-14 15:56:20,487 [INFO] IPUIPlugin:80 - create IPUIPlugin
2023-12-14 15:56:20,487 [INFO] IPUIPlugin:80 - create IPUIPlugin
2023-12-14 15:56:20,487 [INFO] IPUIPlugin:80 - create IPUIPlugin
2023-12-14 15:56:20,487 [INFO] IPUIPlugin:80 - create IPUIPlugin
2023-12-14 15:56:20,487 [INFO] IPUIPlugin:80 - create IPUIPlugin
2023-12-14 15:56:20,487 [INFO] IPUIPlugin:80 - create IPUIPlugin
2023-12-14 15:56:20,487 [INFO] IPUIPlugin:80 - create IPUIPlugin
2023-12-14 15:56:20,503 [INFO] ApiDbMcu:507 - Load IP Config File for PDM2PCM
2023-12-14 15:56:20,550 [INFO] CADModel:165 - CPN selected for project levelSTM32F746ZGT6
2023-12-14 15:56:20,550 [INFO] CADModel:114 - Register for checkConnection events
2023-12-14 15:56:20,601 [INFO] OpenFileManager:328 - Restore cursor
