2024-03-03 21:29:18,831 [INFO] MainUpdater:2854 - connection check result : 10
2024-03-03 21:29:18,847 [INFO] MainUpdater:2854 - connection check result : 10
2024-03-03 21:29:18,878 [INFO] MicroXplorer:468 - Change Database Path : 
2024-03-03 21:29:18,878 [INFO] MicroXplorer:498 - Change Database Version : DB.6.0.81
2024-03-03 21:29:18,931 [WARN] ThirdParty:871 - waiting for thirdparty lock release [close project]
2024-03-03 21:29:18,931 [INFO] ThirdParty:873 - entering critical section [close project]
2024-03-03 21:29:18,931 [INFO] ThirdParty:883 - exiting critical section [close project]
2024-03-03 21:29:18,931 [INFO] PinOutPanel:1499 - setPackage(No Configuration,No Configuration)
2024-03-03 21:29:18,947 [WARN] IpParametersView:150 - Warning: This peripheral hasn't parameters
2024-03-03 21:29:18,947 [WARN] MainPanel:257 - <html><b><center>Warning: This peripheral has no parameters to be configured<br></b></html>
2024-03-03 21:29:18,963 [INFO] UtilMem:75 - Begin LoadConfig() Used Memory: 709553272 Bytes (1073741824)
2024-03-03 21:29:18,963 [INFO] MicroXplorer:468 - Change Database Path : 
2024-03-03 21:29:18,963 [INFO] MicroXplorer:498 - Change Database Version : DB.6.0.81
2024-03-03 21:29:18,963 [INFO] OpenFileManager:308 - Change cursor
2024-03-03 21:29:18,985 [INFO] RulesReader:64 - Compatibility file has been processed (293 Rules)
2024-03-03 21:29:19,000 [INFO] Mcu:1937 - Initializing MCU STM32F446R(C-E)Tx STM32F446RETx STM32F446RET6
2024-03-03 21:29:20,549 [INFO] Context:659 - Trying to add GPIOservice into a context  which must be forbidden
2024-03-03 21:29:20,868 [INFO] RtosManager:555 - Registered RTOS mode: class=CMSIS, group=RTOS, mode=CMSIS_V1, owner=FREERTOS
2024-03-03 21:29:20,868 [INFO] RtosManager:555 - Registered RTOS mode: class=CMSIS, group=RTOS2, mode=CMSIS_V2, owner=FREERTOS
2024-03-03 21:29:20,868 [INFO] RtosManager:555 - Registered RTOS mode: class=RTOS, group=Core, mode=CMSIS_V1, owner=FREERTOS
2024-03-03 21:29:20,868 [INFO] RtosManager:555 - Registered RTOS mode: class=RTOS, group=Core, mode=CMSIS_V2, owner=FREERTOS
2024-03-03 21:29:20,868 [WARN] ModelIntegratedComponent:184 - Missing modes for component STMicroelectronics:FreeRTOS:0.0.1:STMicroelectronics:RTOS:FreeRTOS:Core:::10.2.0:
2024-03-03 21:29:20,868 [WARN] ModelIntegratedComponent:63 - No mode defined for component null
2024-03-03 21:29:20,868 [WARN] ModelIntegratedComponent:63 - No mode defined for component null
2024-03-03 21:29:20,868 [WARN] ModelIntegratedComponent:63 - No mode defined for component null
2024-03-03 21:29:20,868 [WARN] ModelIntegratedComponent:63 - No mode defined for component null
2024-03-03 21:29:20,868 [WARN] ModelIntegratedComponent:63 - No mode defined for component null
2024-03-03 21:29:20,868 [WARN] ModelIntegratedComponent:63 - No mode defined for component null
2024-03-03 21:29:20,868 [WARN] ModelIntegratedComponent:63 - No mode defined for component null
2024-03-03 21:29:20,868 [WARN] ModelIntegratedComponent:63 - No mode defined for component null
2024-03-03 21:29:20,868 [WARN] ModelIntegratedComponent:63 - No mode defined for component null
2024-03-03 21:29:20,868 [WARN] ModelIntegratedComponent:63 - No mode defined for component null
2024-03-03 21:29:20,868 [WARN] ModelIntegratedComponent:63 - No mode defined for component null
2024-03-03 21:29:20,868 [WARN] ModelIntegratedComponent:63 - No mode defined for component null
2024-03-03 21:29:20,868 [WARN] ModelIntegratedComponent:63 - No mode defined for component null
2024-03-03 21:29:20,868 [WARN] ModelIntegratedComponent:63 - No mode defined for component null
2024-03-03 21:29:20,868 [WARN] ModelIntegratedComponent:63 - No mode defined for component null
2024-03-03 21:29:20,868 [WARN] ModelIntegratedComponent:63 - No mode defined for component null
2024-03-03 21:29:20,868 [WARN] ModelIntegratedComponent:63 - No mode defined for component null
2024-03-03 21:29:20,868 [WARN] ModelIntegratedComponent:63 - No mode defined for component null
2024-03-03 21:29:20,868 [WARN] ModelIntegratedComponent:63 - No mode defined for component null
2024-03-03 21:29:20,868 [WARN] ModelIntegratedComponent:63 - No mode defined for component null
2024-03-03 21:29:20,868 [WARN] ModelIntegratedComponent:63 - No mode defined for component null
2024-03-03 21:29:20,868 [WARN] ModelIntegratedComponent:63 - No mode defined for component null
2024-03-03 21:29:20,868 [WARN] ModelIntegratedComponent:63 - No mode defined for component null
2024-03-03 21:29:20,868 [WARN] ModelIntegratedComponent:63 - No mode defined for component null
2024-03-03 21:29:20,868 [WARN] ModelIntegratedComponent:63 - No mode defined for component null
2024-03-03 21:29:20,868 [WARN] ModelIntegratedComponent:63 - No mode defined for component null
2024-03-03 21:29:20,868 [WARN] ModelIntegratedComponent:63 - No mode defined for component null
2024-03-03 21:29:20,868 [WARN] ModelIntegratedComponent:63 - No mode defined for component null
2024-03-03 21:29:20,868 [WARN] ModelIntegratedComponent:63 - No mode defined for component null
2024-03-03 21:29:20,868 [WARN] ModelIntegratedComponent:63 - No mode defined for component null
2024-03-03 21:29:20,868 [WARN] ModelIntegratedComponent:63 - No mode defined for component null
2024-03-03 21:29:20,868 [WARN] ModelIntegratedComponent:63 - No mode defined for component null
2024-03-03 21:29:20,868 [WARN] ModelIntegratedComponent:63 - No mode defined for component null
2024-03-03 21:29:20,937 [INFO] ThirdPartyModel:298 - Start build external matchings
2024-03-03 21:29:21,614 [INFO] ThirdPartyModel:316 - End build external matchings
2024-03-03 21:29:21,635 [INFO] ImportTextPane:194 - (OptionalMessage_ERROR) IP (RCC) : Invalid parameter (48MHZClocksFreq_Value)
2024-03-03 21:29:21,635 [INFO] ImportTextPane:194 - (OptionalMessage_ERROR) IP (RCC) : Invalid parameter (EthernetFreq_Value)
2024-03-03 21:29:21,635 [INFO] ImportTextPane:194 - (OptionalMessage_ERROR) IP (RCC) : Parameter (FLatency) has Id (AdvancedSettings) currently not set
2024-03-03 21:29:21,635 [INFO] ImportTextPane:194 - (OptionalMessage_ERROR) IP (RCC) : Invalid parameter (FamilyName)
2024-03-03 21:29:21,635 [INFO] ImportTextPane:194 - (OptionalMessage_ERROR) IP (RCC) : Invalid parameter (I2SClocksFreq_Value)
2024-03-03 21:29:21,635 [INFO] ImportTextPane:194 - (OptionalMessage_ERROR) IP (RCC) : Parameter (MCO2PinFreq_Value) has invalid value (180000000)
2024-03-03 21:29:21,635 [INFO] ImportTextPane:194 - (OptionalMessage_ERROR) IP (RCC) : Parameter (SDIOFreq_Value) has invalid value (180000000)
2024-03-03 21:29:21,635 [INFO] ImportTextPane:194 - (OptionalMessage_ERROR) IP (RCC) : Parameter (USBFreq_Value) has invalid value (180000000)
2024-03-03 21:29:21,635 [INFO] ImportTextPane:194 - (OptionalMessage_ERROR) IP (RCC) : Invalid parameter (VCOInputMFreq_Value)
2024-03-03 21:29:21,635 [INFO] ImportTextPane:194 - (OptionalMessage_ERROR) IP (RCC) : Invalid parameter (VcooutputI2S)
2024-03-03 21:29:21,884 [INFO] UtilMem:75 - End LoadConfig() Used Memory: 771809336 Bytes (1073741824)
2024-03-03 21:29:21,915 [WARN] ThirdParty:833 - waiting for thirdparty lock release [change project]
2024-03-03 21:29:21,915 [INFO] ThirdParty:835 - entering critical section [change project]
2024-03-03 21:29:21,915 [INFO] ThirdParty:1030 - CMSIS Pack Vendor :STMicroelectronics X-CUBE-ISPU 1.1.0
2024-03-03 21:29:21,915 [INFO] ThirdParty:1030 - CMSIS Pack Vendor :STMicroelectronics X-CUBE-GNSS1 6.0.0
2024-03-03 21:29:21,915 [INFO] ThirdParty:1030 - CMSIS Pack Vendor :STMicroelectronics USB_HOST 2.0.0
2024-03-03 21:29:21,915 [INFO] ThirdParty:1030 - CMSIS Pack Vendor :STMicroelectronics X-CUBE-AZRTOS-F4 1.1.0
2024-03-03 21:29:21,915 [INFO] ThirdParty:1030 - CMSIS Pack Vendor :STMicroelectronics LIBJPEG 8.0.0
2024-03-03 21:29:21,915 [INFO] ThirdParty:1030 - CMSIS Pack Vendor :STMicroelectronics X-CUBE-SMBUS 2.1.0
2024-03-03 21:29:21,915 [INFO] ThirdParty:1030 - CMSIS Pack Vendor :wolfSSL I-CUBE-wolfSSL 5.6.0
2024-03-03 21:29:21,915 [INFO] ThirdParty:1030 - CMSIS Pack Vendor :STMicroelectronics USB_DEVICE 3.0.0
2024-03-03 21:29:21,915 [INFO] ThirdParty:1030 - CMSIS Pack Vendor :STMicroelectronics X-CUBE-AI 8.0.0
2024-03-03 21:29:21,915 [INFO] ThirdParty:1030 - CMSIS Pack Vendor :STMicroelectronics X-CUBE-AZRTOS-WB 2.0.0
2024-03-03 21:29:21,915 [INFO] ThirdParty:1030 - CMSIS Pack Vendor :STMicroelectronics X-CUBE-FREERTOS 1.0.1
2024-03-03 21:29:21,915 [INFO] ThirdParty:1030 - CMSIS Pack Vendor :STMicroelectronics X-CUBE-TOUCHGFX 4.21.3
2024-03-03 21:29:21,915 [INFO] ThirdParty:1030 - CMSIS Pack Vendor :STMicroelectronics X-CUBE-TOUCHGFX 4.23.0
2024-03-03 21:29:21,915 [INFO] ThirdParty:1030 - CMSIS Pack Vendor :STMicroelectronics X-CUBE-AZRTOS-F7 1.1.0
2024-03-03 21:29:21,915 [INFO] ThirdParty:1030 - CMSIS Pack Vendor :STMicroelectronics X-CUBE-TOUCHGFX 4.21.4
2024-03-03 21:29:21,915 [INFO] ThirdParty:1030 - CMSIS Pack Vendor :STMicroelectronics X-CUBE-AZRTOS-L5 2.0.0
2024-03-03 21:29:21,915 [INFO] ThirdParty:1030 - CMSIS Pack Vendor :STMicroelectronics USB_DEVICE 2.0.0
2024-03-03 21:29:21,915 [INFO] ThirdParty:1030 - CMSIS Pack Vendor :STMicroelectronics X-CUBE-MEMS1 9.6.0
2024-03-03 21:29:21,915 [INFO] ThirdParty:1030 - CMSIS Pack Vendor :STMicroelectronics X-CUBE-EEPRMA1 4.2.0
2024-03-03 21:29:21,915 [INFO] ThirdParty:1030 - CMSIS Pack Vendor :ITTIA_DB I-CUBE-ITTIADB 8.8.0
2024-03-03 21:29:21,915 [INFO] ThirdParty:1030 - CMSIS Pack Vendor :STMicroelectronics FP-SNS-MOTENV1 4.3.0
2024-03-03 21:29:21,915 [INFO] ThirdParty:1030 - CMSIS Pack Vendor :STMicroelectronics FP-SNS-MOTENV1 4.3.2
2024-03-03 21:29:21,915 [INFO] ThirdParty:1030 - CMSIS Pack Vendor :STMicroelectronics FP-SNS-FLIGHT1 5.0.0
2024-03-03 21:29:21,915 [INFO] ThirdParty:1030 - CMSIS Pack Vendor :STMicroelectronics FP-SNS-MOTENV1 4.3.1
2024-03-03 21:29:21,915 [INFO] ThirdParty:1030 - CMSIS Pack Vendor :STMicroelectronics FP-SNS-FLIGHT1 5.0.1
2024-03-03 21:29:21,915 [INFO] ThirdParty:1030 - CMSIS Pack Vendor :STMicroelectronics X-CUBE-ALGOBUILD 1.3.0
2024-03-03 21:29:21,915 [INFO] ThirdParty:1030 - CMSIS Pack Vendor :STMicroelectronics X-CUBE-BLE1 6.2.4
2024-03-03 21:29:21,915 [INFO] ThirdParty:1030 - CMSIS Pack Vendor :STMicroelectronics X-CUBE-AZRTOS-L5 1.1.0
2024-03-03 21:29:21,915 [INFO] ThirdParty:1030 - CMSIS Pack Vendor :STMicroelectronics FreeRTOS 0.0.1
2024-03-03 21:29:21,915 [INFO] ThirdParty:1030 - CMSIS Pack Vendor :STMicroelectronics X-CUBE-AZRTOS-G0 1.1.0
2024-03-03 21:29:21,915 [INFO] ThirdParty:1030 - CMSIS Pack Vendor :emotas I-CUBE-CANOPEN 1.1.3
2024-03-03 21:29:21,915 [INFO] ThirdParty:1030 - CMSIS Pack Vendor :STMicroelectronics X-CUBE-BLEMGR 2.0.0
2024-03-03 21:29:21,915 [INFO] ThirdParty:1030 - CMSIS Pack Vendor :STMicroelectronics X-CUBE-AI 8.0.1
2024-03-03 21:29:21,915 [INFO] ThirdParty:1030 - CMSIS Pack Vendor :STMicroelectronics X-CUBE-NFC4 3.0.0
2024-03-03 21:29:21,915 [INFO] ThirdParty:1030 - CMSIS Pack Vendor :STMicroelectronics X-CUBE-SUBG2 5.0.0
2024-03-03 21:29:21,915 [INFO] ThirdParty:1030 - CMSIS Pack Vendor :STMicroelectronics STM32_WPAN 1.0.0
2024-03-03 21:29:21,915 [INFO] ThirdParty:1030 - CMSIS Pack Vendor :STMicroelectronics lwIP 2.0.3
2024-03-03 21:29:21,915 [INFO] ThirdParty:1030 - CMSIS Pack Vendor :STMicroelectronics FP-SNS-FLIGHT1 5.0.2
2024-03-03 21:29:21,915 [INFO] ThirdParty:1030 - CMSIS Pack Vendor :STMicroelectronics USB_HOST 1.0.0
2024-03-03 21:29:21,915 [INFO] ThirdParty:1030 - CMSIS Pack Vendor :STMicroelectronics X-CUBE-TOF1 3.3.1
2024-03-03 21:29:21,915 [INFO] ThirdParty:1030 - CMSIS Pack Vendor :STMicroelectronics X-CUBE-AZRTOS-G4 2.0.0
2024-03-03 21:29:21,915 [INFO] ThirdParty:1030 - CMSIS Pack Vendor :STMicroelectronics PDM2PCM 3.1.0
2024-03-03 21:29:21,915 [INFO] ThirdParty:1030 - CMSIS Pack Vendor :STMicroelectronics X-CUBE-AZRTOS-H7 3.1.0
2024-03-03 21:29:21,915 [INFO] ThirdParty:1030 - CMSIS Pack Vendor :STMicroelectronics X-CUBE-TOF1 3.3.0
2024-03-03 21:29:21,915 [INFO] ThirdParty:1030 - CMSIS Pack Vendor :Infineon AIROC-Wi-Fi-Bluetooth-STM32 1.5.1
2024-03-03 21:29:21,915 [INFO] ThirdParty:1030 - CMSIS Pack Vendor :STMicroelectronics X-CUBE-BLEMGR 3.0.0
2024-03-03 21:29:21,915 [INFO] ThirdParty:1030 - CMSIS Pack Vendor :STMicroelectronics PDM2PCM 3.3.0
2024-03-03 21:29:21,915 [INFO] ThirdParty:1030 - CMSIS Pack Vendor :STMicroelectronics X-CUBE-DISPLAY 3.0.0
2024-03-03 21:29:21,915 [INFO] ThirdParty:1030 - CMSIS Pack Vendor :STMicroelectronics FP-SNS-MOTENVWB1 1.3.0
2024-03-03 21:29:21,915 [INFO] ThirdParty:1030 - CMSIS Pack Vendor :STMicroelectronics FP-SNS-MOTENVWB1 1.3.1
2024-03-03 21:29:21,915 [INFO] ThirdParty:1030 - CMSIS Pack Vendor :STMicroelectronics X-CUBE-BLE1 7.0.0
2024-03-03 21:29:21,915 [INFO] ThirdParty:1030 - CMSIS Pack Vendor :STMicroelectronics FP-ATR-SIGFOX1 3.2.0
2024-03-03 21:29:21,915 [INFO] ThirdParty:1030 - CMSIS Pack Vendor :STMicroelectronics X-CUBE-AZRTOS-L4 1.0.0
2024-03-03 21:29:21,915 [INFO] ThirdParty:1030 - CMSIS Pack Vendor :STMicroelectronics X-CUBE-ISPU 2.0.0
2024-03-03 21:29:21,915 [INFO] ThirdParty:1030 - CMSIS Pack Vendor :STMicroelectronics X-CUBE-EEPRMA1 5.1.0
2024-03-03 21:29:21,915 [INFO] ThirdParty:1030 - CMSIS Pack Vendor :STMicroelectronics HAL Drivers 0.0.0
2024-03-03 21:29:21,915 [INFO] ThirdParty:1030 - CMSIS Pack Vendor :STMicroelectronics MBEDTLS 2.16.2
2024-03-03 21:29:21,915 [INFO] ThirdParty:1030 - CMSIS Pack Vendor :STMicroelectronics X-CUBE-MEMS1 10.0.0
2024-03-03 21:29:21,915 [INFO] ThirdParty:1030 - CMSIS Pack Vendor :STMicroelectronics X-CUBE-FREERTOS 1.1.0
2024-03-03 21:29:21,915 [INFO] ThirdParty:1030 - CMSIS Pack Vendor :STMicroelectronics X-CUBE-TOUCHGFX 4.22.0
2024-03-03 21:29:21,915 [INFO] ThirdParty:1030 - CMSIS Pack Vendor :STMicroelectronics X-CUBE-NFC7 1.0.1
2024-03-03 21:29:21,915 [INFO] ThirdParty:1030 - CMSIS Pack Vendor :STMicroelectronics MBEDTLS 2.14.1
2024-03-03 21:29:21,915 [INFO] ThirdParty:1030 - CMSIS Pack Vendor :STMicroelectronics X-CUBE-NFC7 1.0.0
2024-03-03 21:29:21,915 [INFO] ThirdParty:1030 - CMSIS Pack Vendor :STMicroelectronics X-CUBE-TOUCHGFX 4.22.1
2024-03-03 21:29:21,915 [INFO] ThirdParty:1030 - CMSIS Pack Vendor :STMicroelectronics X-CUBE-AZRTOS-WL 1.0.0
2024-03-03 21:29:21,915 [INFO] ThirdParty:1030 - CMSIS Pack Vendor :STMicroelectronics X-CUBE-NFC6 3.0.0
2024-03-03 21:29:21,915 [INFO] ThirdParty:1030 - CMSIS Pack Vendor :STMicroelectronics X-CUBE-EEPRMA1 4.1.0
2024-03-03 21:29:21,915 [INFO] ThirdParty:1030 - CMSIS Pack Vendor :portGmbH I-Cube-SoM-uGOAL 1.1.0
2024-03-03 21:29:21,915 [INFO] ThirdParty:1030 - CMSIS Pack Vendor :STMicroelectronics X-CUBE-ALS 1.0.1
2024-03-03 21:29:21,915 [INFO] ThirdParty:1030 - CMSIS Pack Vendor :STMicroelectronics ThreadX 1.0.0
2024-03-03 21:29:21,915 [INFO] ThirdParty:1030 - CMSIS Pack Vendor :STMicroelectronics FP-SNS-SMARTAG2 1.2.0
2024-03-03 21:29:21,915 [INFO] ThirdParty:1030 - CMSIS Pack Vendor :STMicroelectronics X-CUBE-AZRTOS-WB 1.1.0
2024-03-03 21:29:21,915 [INFO] ThirdParty:1030 - CMSIS Pack Vendor :STMicroelectronics X-CUBE-AZRTOS-WL 2.0.0
2024-03-03 21:29:21,915 [INFO] ThirdParty:1030 - CMSIS Pack Vendor :SEGGER I-CUBE-embOS 1.3.1
2024-03-03 21:29:21,915 [INFO] ThirdParty:1030 - CMSIS Pack Vendor :STMicroelectronics USB_DEVICE 1.0.0
2024-03-03 21:29:21,915 [INFO] ThirdParty:1030 - CMSIS Pack Vendor :STMicroelectronics X-CUBE-AI 8.1.0
2024-03-03 21:29:21,915 [INFO] ThirdParty:1030 - CMSIS Pack Vendor :STMicroelectronics X-CUBE-AZRTOS-L4 2.0.0
2024-03-03 21:29:21,915 [INFO] ThirdParty:1030 - CMSIS Pack Vendor :STMicroelectronics ThreadX 0.0.2
2024-03-03 21:29:21,915 [INFO] ThirdParty:1030 - CMSIS Pack Vendor :WES I-CUBE-Cesium 1.3.0
2024-03-03 21:29:21,915 [INFO] ThirdParty:1030 - CMSIS Pack Vendor :STMicroelectronics FP-ATR-ASTRA1 2.0.0
2024-03-03 21:29:21,915 [INFO] ThirdParty:1030 - CMSIS Pack Vendor :STMicroelectronics lwIP 2.1.2
2024-03-03 21:29:21,915 [INFO] ThirdParty:1030 - CMSIS Pack Vendor :STMicroelectronics X-CUBE-SFXS2LP1 4.0.0
2024-03-03 21:29:21,915 [INFO] ThirdParty:1030 - CMSIS Pack Vendor :STMicroelectronics X-CUBE-BLE2 3.3.0
2024-03-03 21:29:21,915 [INFO] ThirdParty:1030 - CMSIS Pack Vendor :STMicroelectronics X-CUBE-TOF1 3.4.0
2024-03-03 21:29:21,915 [INFO] ThirdParty:1030 - CMSIS Pack Vendor :STMicroelectronics X-CUBE-AZRTOS-H7 3.2.0
2024-03-03 21:29:21,915 [INFO] ThirdParty:1030 - CMSIS Pack Vendor :STMicroelectronics PDM2PCM 3.2.0
2024-03-03 21:29:21,915 [INFO] ThirdParty:841 - exiting critical section [change project]
2024-03-03 21:29:22,031 [INFO] PinOutPanel:1499 - setPackage(No Configuration,No Configuration)
2024-03-03 21:29:22,031 [INFO] PinOutPanel:1499 - setPackage(STM32F446RETx,LQFP64)
2024-03-03 21:29:22,327 [INFO] UtilMem:75 - Before build in PCC Used Memory: 826376832 Bytes (1073741824)
2024-03-03 21:29:22,648 [INFO] UtilMem:75 - After build in PCC Used Memory: 875693344 Bytes (1073741824)
2024-03-03 21:29:22,664 [INFO] IPUIPlugin:80 - create IPUIPlugin
2024-03-03 21:29:22,664 [INFO] IPUIPlugin:80 - create IPUIPlugin
2024-03-03 21:29:22,664 [INFO] IPUIPlugin:80 - create IPUIPlugin
2024-03-03 21:29:22,664 [INFO] IPUIPlugin:80 - create IPUIPlugin
2024-03-03 21:29:22,664 [INFO] IPUIPlugin:80 - create IPUIPlugin
2024-03-03 21:29:22,664 [INFO] IPUIPlugin:80 - create IPUIPlugin
2024-03-03 21:29:22,664 [INFO] IPUIPlugin:80 - create IPUIPlugin
2024-03-03 21:29:22,664 [INFO] IPUIPlugin:80 - create IPUIPlugin
2024-03-03 21:29:22,664 [INFO] IPUIPlugin:80 - create IPUIPlugin
2024-03-03 21:29:22,664 [INFO] IPUIPlugin:80 - create IPUIPlugin
2024-03-03 21:29:22,664 [INFO] IPUIPlugin:80 - create IPUIPlugin
2024-03-03 21:29:22,664 [INFO] IPUIPlugin:80 - create IPUIPlugin
2024-03-03 21:29:22,664 [INFO] IPUIPlugin:80 - create IPUIPlugin
2024-03-03 21:29:22,664 [INFO] IPUIPlugin:80 - create IPUIPlugin
2024-03-03 21:29:22,664 [INFO] IPUIPlugin:80 - create IPUIPlugin
2024-03-03 21:29:22,664 [INFO] IPUIPlugin:80 - create IPUIPlugin
2024-03-03 21:29:22,664 [INFO] IPUIPlugin:80 - create IPUIPlugin
2024-03-03 21:29:22,664 [INFO] IPUIPlugin:80 - create IPUIPlugin
2024-03-03 21:29:22,664 [INFO] IPUIPlugin:80 - create IPUIPlugin
2024-03-03 21:29:22,664 [INFO] IPUIPlugin:80 - create IPUIPlugin
2024-03-03 21:29:22,664 [INFO] IPUIPlugin:80 - create IPUIPlugin
2024-03-03 21:29:22,664 [INFO] IPUIPlugin:80 - create IPUIPlugin
2024-03-03 21:29:22,664 [INFO] IPUIPlugin:80 - create IPUIPlugin
2024-03-03 21:29:22,664 [INFO] IPUIPlugin:80 - create IPUIPlugin
2024-03-03 21:29:22,664 [INFO] IPUIPlugin:80 - create IPUIPlugin
2024-03-03 21:29:22,664 [INFO] IPUIPlugin:80 - create IPUIPlugin
2024-03-03 21:29:22,664 [INFO] IPUIPlugin:80 - create IPUIPlugin
2024-03-03 21:29:22,664 [INFO] IPUIPlugin:80 - create IPUIPlugin
2024-03-03 21:29:22,664 [INFO] IPUIPlugin:80 - create IPUIPlugin
2024-03-03 21:29:22,664 [INFO] IPUIPlugin:80 - create IPUIPlugin
2024-03-03 21:29:22,664 [INFO] IPUIPlugin:80 - create IPUIPlugin
2024-03-03 21:29:22,664 [INFO] IPUIPlugin:80 - create IPUIPlugin
2024-03-03 21:29:22,679 [INFO] IPUIPlugin:80 - create IPUIPlugin
2024-03-03 21:29:22,679 [INFO] IPUIPlugin:80 - create IPUIPlugin
2024-03-03 21:29:22,679 [INFO] IPUIPlugin:80 - create IPUIPlugin
2024-03-03 21:29:22,679 [INFO] IPUIPlugin:80 - create IPUIPlugin
2024-03-03 21:29:22,679 [INFO] IPUIPlugin:80 - create IPUIPlugin
2024-03-03 21:29:22,679 [INFO] IPUIPlugin:80 - create IPUIPlugin
2024-03-03 21:29:22,679 [INFO] IPUIPlugin:80 - create IPUIPlugin
2024-03-03 21:29:22,679 [INFO] IPUIPlugin:80 - create IPUIPlugin
2024-03-03 21:29:22,679 [INFO] IPUIPlugin:80 - create IPUIPlugin
2024-03-03 21:29:22,679 [INFO] IPUIPlugin:80 - create IPUIPlugin
2024-03-03 21:29:22,679 [INFO] IPUIPlugin:80 - create IPUIPlugin
2024-03-03 21:29:22,679 [INFO] IPUIPlugin:80 - create IPUIPlugin
2024-03-03 21:29:22,679 [INFO] IPUIPlugin:80 - create IPUIPlugin
2024-03-03 21:29:22,679 [INFO] IPUIPlugin:80 - create IPUIPlugin
2024-03-03 21:29:22,679 [INFO] IPUIPlugin:80 - create IPUIPlugin
2024-03-03 21:29:22,679 [INFO] IPUIPlugin:80 - create IPUIPlugin
2024-03-03 21:29:22,679 [INFO] IPUIPlugin:80 - create IPUIPlugin
2024-03-03 21:29:22,679 [INFO] IPUIPlugin:80 - create IPUIPlugin
2024-03-03 21:29:22,679 [INFO] IPUIPlugin:80 - create IPUIPlugin
2024-03-03 21:29:22,679 [INFO] IPUIPlugin:80 - create IPUIPlugin
2024-03-03 21:29:22,679 [INFO] IPUIPlugin:80 - create IPUIPlugin
2024-03-03 21:29:22,679 [INFO] IPUIPlugin:80 - create IPUIPlugin
2024-03-03 21:29:22,679 [INFO] IPUIPlugin:80 - create IPUIPlugin
2024-03-03 21:29:22,679 [INFO] IPUIPlugin:80 - create IPUIPlugin
2024-03-03 21:29:22,679 [INFO] IPUIPlugin:80 - create IPUIPlugin
2024-03-03 21:29:22,679 [INFO] IPUIPlugin:80 - create IPUIPlugin
2024-03-03 21:29:22,679 [INFO] IPUIPlugin:80 - create IPUIPlugin
2024-03-03 21:29:22,679 [INFO] IPUIPlugin:80 - create IPUIPlugin
2024-03-03 21:29:22,679 [INFO] ApiDbMcu:507 - Load IP Config File for PDM2PCM
2024-03-03 21:29:22,739 [INFO] CADModel:165 - CPN selected for project levelSTM32F446RET6
2024-03-03 21:29:22,739 [INFO] CADModel:114 - Register for checkConnection events
2024-03-03 21:29:22,789 [INFO] OpenFileManager:328 - Restore cursor
2024-03-03 21:29:28,338 [INFO] Gpio:273 - dependency for GPIO [ADC1, ADC2, ADC3, RCC, TIM2, TIM3, TIM4, USART1, USART3]
2024-03-03 21:31:15,242 [INFO] MainUpdater:2854 - connection check result : 10
2024-03-03 21:31:15,242 [INFO] MainUpdater:2854 - connection check result : 10
2024-03-03 21:31:15,242 [INFO] MicroXplorer:468 - Change Database Path : 
2024-03-03 21:31:15,242 [INFO] MicroXplorer:498 - Change Database Version : DB.6.0.81
2024-03-03 21:31:15,257 [WARN] ThirdParty:871 - waiting for thirdparty lock release [close project]
2024-03-03 21:31:15,257 [INFO] ThirdParty:873 - entering critical section [close project]
2024-03-03 21:31:15,257 [INFO] ThirdParty:883 - exiting critical section [close project]
2024-03-03 21:31:15,257 [INFO] PinOutPanel:1499 - setPackage(No Configuration,No Configuration)
2024-03-03 21:31:15,273 [WARN] IpParametersView:150 - Warning: This peripheral hasn't parameters
2024-03-03 21:31:15,273 [WARN] MainPanel:257 - <html><b><center>Warning: This peripheral has no parameters to be configured<br></b></html>
2024-03-03 21:31:15,273 [INFO] UtilMem:75 - Begin LoadConfig() Used Memory: 846256064 Bytes (1073741824)
2024-03-03 21:31:15,273 [INFO] MicroXplorer:468 - Change Database Path : 
2024-03-03 21:31:15,273 [INFO] MicroXplorer:498 - Change Database Version : DB.6.0.81
2024-03-03 21:31:15,273 [INFO] OpenFileManager:308 - Change cursor
2024-03-03 21:31:15,289 [INFO] Mcu:1937 - Initializing MCU STM32F446R(C-E)Tx STM32F446RETx STM32F446RET6
2024-03-03 21:31:16,341 [INFO] Context:659 - Trying to add GPIOservice into a context  which must be forbidden
2024-03-03 21:31:16,624 [INFO] RtosManager:555 - Registered RTOS mode: class=CMSIS, group=RTOS, mode=CMSIS_V1, owner=FREERTOS
2024-03-03 21:31:16,624 [INFO] RtosManager:555 - Registered RTOS mode: class=CMSIS, group=RTOS2, mode=CMSIS_V2, owner=FREERTOS
2024-03-03 21:31:16,624 [INFO] RtosManager:555 - Registered RTOS mode: class=RTOS, group=Core, mode=CMSIS_V1, owner=FREERTOS
2024-03-03 21:31:16,624 [INFO] RtosManager:555 - Registered RTOS mode: class=RTOS, group=Core, mode=CMSIS_V2, owner=FREERTOS
2024-03-03 21:31:16,624 [WARN] ModelIntegratedComponent:184 - Missing modes for component STMicroelectronics:FreeRTOS:0.0.1:STMicroelectronics:RTOS:FreeRTOS:Core:::10.2.0:
2024-03-03 21:31:16,632 [WARN] ModelIntegratedComponent:63 - No mode defined for component null
2024-03-03 21:31:16,632 [WARN] ModelIntegratedComponent:63 - No mode defined for component null
2024-03-03 21:31:16,632 [WARN] ModelIntegratedComponent:63 - No mode defined for component null
2024-03-03 21:31:16,632 [WARN] ModelIntegratedComponent:63 - No mode defined for component null
2024-03-03 21:31:16,632 [WARN] ModelIntegratedComponent:63 - No mode defined for component null
2024-03-03 21:31:16,632 [WARN] ModelIntegratedComponent:63 - No mode defined for component null
2024-03-03 21:31:16,632 [WARN] ModelIntegratedComponent:63 - No mode defined for component null
2024-03-03 21:31:16,632 [WARN] ModelIntegratedComponent:63 - No mode defined for component null
2024-03-03 21:31:16,632 [WARN] ModelIntegratedComponent:63 - No mode defined for component null
2024-03-03 21:31:16,634 [WARN] ModelIntegratedComponent:63 - No mode defined for component null
2024-03-03 21:31:16,634 [WARN] ModelIntegratedComponent:63 - No mode defined for component null
2024-03-03 21:31:16,634 [WARN] ModelIntegratedComponent:63 - No mode defined for component null
2024-03-03 21:31:16,634 [WARN] ModelIntegratedComponent:63 - No mode defined for component null
2024-03-03 21:31:16,634 [WARN] ModelIntegratedComponent:63 - No mode defined for component null
2024-03-03 21:31:16,634 [WARN] ModelIntegratedComponent:63 - No mode defined for component null
2024-03-03 21:31:16,634 [WARN] ModelIntegratedComponent:63 - No mode defined for component null
2024-03-03 21:31:16,634 [WARN] ModelIntegratedComponent:63 - No mode defined for component null
2024-03-03 21:31:16,634 [WARN] ModelIntegratedComponent:63 - No mode defined for component null
2024-03-03 21:31:16,634 [WARN] ModelIntegratedComponent:63 - No mode defined for component null
2024-03-03 21:31:16,634 [WARN] ModelIntegratedComponent:63 - No mode defined for component null
2024-03-03 21:31:16,634 [WARN] ModelIntegratedComponent:63 - No mode defined for component null
2024-03-03 21:31:16,634 [WARN] ModelIntegratedComponent:63 - No mode defined for component null
2024-03-03 21:31:16,634 [WARN] ModelIntegratedComponent:63 - No mode defined for component null
2024-03-03 21:31:16,634 [WARN] ModelIntegratedComponent:63 - No mode defined for component null
2024-03-03 21:31:16,634 [WARN] ModelIntegratedComponent:63 - No mode defined for component null
2024-03-03 21:31:16,634 [WARN] ModelIntegratedComponent:63 - No mode defined for component null
2024-03-03 21:31:16,634 [WARN] ModelIntegratedComponent:63 - No mode defined for component null
2024-03-03 21:31:16,634 [WARN] ModelIntegratedComponent:63 - No mode defined for component null
2024-03-03 21:31:16,634 [WARN] ModelIntegratedComponent:63 - No mode defined for component null
2024-03-03 21:31:16,634 [WARN] ModelIntegratedComponent:63 - No mode defined for component null
2024-03-03 21:31:16,634 [WARN] ModelIntegratedComponent:63 - No mode defined for component null
2024-03-03 21:31:16,634 [WARN] ModelIntegratedComponent:63 - No mode defined for component null
2024-03-03 21:31:16,634 [WARN] ModelIntegratedComponent:63 - No mode defined for component null
2024-03-03 21:31:16,705 [INFO] ThirdPartyModel:298 - Start build external matchings
2024-03-03 21:31:17,417 [INFO] ThirdPartyModel:316 - End build external matchings
2024-03-03 21:31:17,427 [INFO] ImportTextPane:194 - (OptionalMessage_ERROR) IP (RCC) : Invalid parameter (48MHZClocksFreq_Value)
2024-03-03 21:31:17,427 [INFO] ImportTextPane:194 - (OptionalMessage_ERROR) IP (RCC) : Invalid parameter (EthernetFreq_Value)
2024-03-03 21:31:17,427 [INFO] ImportTextPane:194 - (OptionalMessage_ERROR) IP (RCC) : Parameter (FLatency) has Id (AdvancedSettings) currently not set
2024-03-03 21:31:17,427 [INFO] ImportTextPane:194 - (OptionalMessage_ERROR) IP (RCC) : Invalid parameter (FamilyName)
2024-03-03 21:31:17,427 [INFO] ImportTextPane:194 - (OptionalMessage_ERROR) IP (RCC) : Invalid parameter (I2SClocksFreq_Value)
2024-03-03 21:31:17,427 [INFO] ImportTextPane:194 - (OptionalMessage_ERROR) IP (RCC) : Parameter (MCO2PinFreq_Value) has invalid value (180000000)
2024-03-03 21:31:17,427 [INFO] ImportTextPane:194 - (OptionalMessage_ERROR) IP (RCC) : Parameter (SDIOFreq_Value) has invalid value (180000000)
2024-03-03 21:31:17,427 [INFO] ImportTextPane:194 - (OptionalMessage_ERROR) IP (RCC) : Parameter (USBFreq_Value) has invalid value (180000000)
2024-03-03 21:31:17,427 [INFO] ImportTextPane:194 - (OptionalMessage_ERROR) IP (RCC) : Invalid parameter (VCOInputMFreq_Value)
2024-03-03 21:31:17,427 [INFO] ImportTextPane:194 - (OptionalMessage_ERROR) IP (RCC) : Invalid parameter (VcooutputI2S)
2024-03-03 21:31:17,692 [INFO] UtilMem:75 - End LoadConfig() Used Memory: 837244824 Bytes (1073741824)
2024-03-03 21:31:17,723 [WARN] ThirdParty:833 - waiting for thirdparty lock release [change project]
2024-03-03 21:31:17,723 [INFO] ThirdParty:835 - entering critical section [change project]
2024-03-03 21:31:17,723 [INFO] ThirdParty:1030 - CMSIS Pack Vendor :STMicroelectronics X-CUBE-ISPU 1.1.0
2024-03-03 21:31:17,723 [INFO] ThirdParty:1030 - CMSIS Pack Vendor :STMicroelectronics X-CUBE-GNSS1 6.0.0
2024-03-03 21:31:17,723 [INFO] ThirdParty:1030 - CMSIS Pack Vendor :STMicroelectronics USB_HOST 2.0.0
2024-03-03 21:31:17,723 [INFO] ThirdParty:1030 - CMSIS Pack Vendor :STMicroelectronics X-CUBE-AZRTOS-F4 1.1.0
2024-03-03 21:31:17,723 [INFO] ThirdParty:1030 - CMSIS Pack Vendor :STMicroelectronics LIBJPEG 8.0.0
2024-03-03 21:31:17,723 [INFO] ThirdParty:1030 - CMSIS Pack Vendor :STMicroelectronics X-CUBE-SMBUS 2.1.0
2024-03-03 21:31:17,723 [INFO] ThirdParty:1030 - CMSIS Pack Vendor :wolfSSL I-CUBE-wolfSSL 5.6.0
2024-03-03 21:31:17,723 [INFO] ThirdParty:1030 - CMSIS Pack Vendor :STMicroelectronics USB_DEVICE 3.0.0
2024-03-03 21:31:17,723 [INFO] ThirdParty:1030 - CMSIS Pack Vendor :STMicroelectronics X-CUBE-AI 8.0.0
2024-03-03 21:31:17,723 [INFO] ThirdParty:1030 - CMSIS Pack Vendor :STMicroelectronics X-CUBE-AZRTOS-WB 2.0.0
2024-03-03 21:31:17,723 [INFO] ThirdParty:1030 - CMSIS Pack Vendor :STMicroelectronics X-CUBE-FREERTOS 1.0.1
2024-03-03 21:31:17,723 [INFO] ThirdParty:1030 - CMSIS Pack Vendor :STMicroelectronics X-CUBE-TOUCHGFX 4.21.3
2024-03-03 21:31:17,723 [INFO] ThirdParty:1030 - CMSIS Pack Vendor :STMicroelectronics X-CUBE-TOUCHGFX 4.23.0
2024-03-03 21:31:17,723 [INFO] ThirdParty:1030 - CMSIS Pack Vendor :STMicroelectronics X-CUBE-AZRTOS-F7 1.1.0
2024-03-03 21:31:17,723 [INFO] ThirdParty:1030 - CMSIS Pack Vendor :STMicroelectronics X-CUBE-TOUCHGFX 4.21.4
2024-03-03 21:31:17,723 [INFO] ThirdParty:1030 - CMSIS Pack Vendor :STMicroelectronics X-CUBE-AZRTOS-L5 2.0.0
2024-03-03 21:31:17,723 [INFO] ThirdParty:1030 - CMSIS Pack Vendor :STMicroelectronics USB_DEVICE 2.0.0
2024-03-03 21:31:17,723 [INFO] ThirdParty:1030 - CMSIS Pack Vendor :STMicroelectronics X-CUBE-MEMS1 9.6.0
2024-03-03 21:31:17,723 [INFO] ThirdParty:1030 - CMSIS Pack Vendor :STMicroelectronics X-CUBE-EEPRMA1 4.2.0
2024-03-03 21:31:17,723 [INFO] ThirdParty:1030 - CMSIS Pack Vendor :ITTIA_DB I-CUBE-ITTIADB 8.8.0
2024-03-03 21:31:17,723 [INFO] ThirdParty:1030 - CMSIS Pack Vendor :STMicroelectronics FP-SNS-MOTENV1 4.3.0
2024-03-03 21:31:17,723 [INFO] ThirdParty:1030 - CMSIS Pack Vendor :STMicroelectronics FP-SNS-MOTENV1 4.3.2
2024-03-03 21:31:17,723 [INFO] ThirdParty:1030 - CMSIS Pack Vendor :STMicroelectronics FP-SNS-FLIGHT1 5.0.0
2024-03-03 21:31:17,723 [INFO] ThirdParty:1030 - CMSIS Pack Vendor :STMicroelectronics FP-SNS-MOTENV1 4.3.1
2024-03-03 21:31:17,723 [INFO] ThirdParty:1030 - CMSIS Pack Vendor :STMicroelectronics FP-SNS-FLIGHT1 5.0.1
2024-03-03 21:31:17,723 [INFO] ThirdParty:1030 - CMSIS Pack Vendor :STMicroelectronics X-CUBE-ALGOBUILD 1.3.0
2024-03-03 21:31:17,723 [INFO] ThirdParty:1030 - CMSIS Pack Vendor :STMicroelectronics X-CUBE-BLE1 6.2.4
2024-03-03 21:31:17,723 [INFO] ThirdParty:1030 - CMSIS Pack Vendor :STMicroelectronics X-CUBE-AZRTOS-L5 1.1.0
2024-03-03 21:31:17,723 [INFO] ThirdParty:1030 - CMSIS Pack Vendor :STMicroelectronics FreeRTOS 0.0.1
2024-03-03 21:31:17,723 [INFO] ThirdParty:1030 - CMSIS Pack Vendor :STMicroelectronics X-CUBE-AZRTOS-G0 1.1.0
2024-03-03 21:31:17,723 [INFO] ThirdParty:1030 - CMSIS Pack Vendor :emotas I-CUBE-CANOPEN 1.1.3
2024-03-03 21:31:17,723 [INFO] ThirdParty:1030 - CMSIS Pack Vendor :STMicroelectronics X-CUBE-BLEMGR 2.0.0
2024-03-03 21:31:17,723 [INFO] ThirdParty:1030 - CMSIS Pack Vendor :STMicroelectronics X-CUBE-AI 8.0.1
2024-03-03 21:31:17,723 [INFO] ThirdParty:1030 - CMSIS Pack Vendor :STMicroelectronics X-CUBE-NFC4 3.0.0
2024-03-03 21:31:17,723 [INFO] ThirdParty:1030 - CMSIS Pack Vendor :STMicroelectronics X-CUBE-SUBG2 5.0.0
2024-03-03 21:31:17,723 [INFO] ThirdParty:1030 - CMSIS Pack Vendor :STMicroelectronics STM32_WPAN 1.0.0
2024-03-03 21:31:17,723 [INFO] ThirdParty:1030 - CMSIS Pack Vendor :STMicroelectronics lwIP 2.0.3
2024-03-03 21:31:17,723 [INFO] ThirdParty:1030 - CMSIS Pack Vendor :STMicroelectronics FP-SNS-FLIGHT1 5.0.2
2024-03-03 21:31:17,723 [INFO] ThirdParty:1030 - CMSIS Pack Vendor :STMicroelectronics USB_HOST 1.0.0
2024-03-03 21:31:17,723 [INFO] ThirdParty:1030 - CMSIS Pack Vendor :STMicroelectronics X-CUBE-TOF1 3.3.1
2024-03-03 21:31:17,723 [INFO] ThirdParty:1030 - CMSIS Pack Vendor :STMicroelectronics X-CUBE-AZRTOS-G4 2.0.0
2024-03-03 21:31:17,723 [INFO] ThirdParty:1030 - CMSIS Pack Vendor :STMicroelectronics PDM2PCM 3.1.0
2024-03-03 21:31:17,723 [INFO] ThirdParty:1030 - CMSIS Pack Vendor :STMicroelectronics X-CUBE-AZRTOS-H7 3.1.0
2024-03-03 21:31:17,723 [INFO] ThirdParty:1030 - CMSIS Pack Vendor :STMicroelectronics X-CUBE-TOF1 3.3.0
2024-03-03 21:31:17,723 [INFO] ThirdParty:1030 - CMSIS Pack Vendor :Infineon AIROC-Wi-Fi-Bluetooth-STM32 1.5.1
2024-03-03 21:31:17,723 [INFO] ThirdParty:1030 - CMSIS Pack Vendor :STMicroelectronics X-CUBE-BLEMGR 3.0.0
2024-03-03 21:31:17,723 [INFO] ThirdParty:1030 - CMSIS Pack Vendor :STMicroelectronics PDM2PCM 3.3.0
2024-03-03 21:31:17,723 [INFO] ThirdParty:1030 - CMSIS Pack Vendor :STMicroelectronics X-CUBE-DISPLAY 3.0.0
2024-03-03 21:31:17,723 [INFO] ThirdParty:1030 - CMSIS Pack Vendor :STMicroelectronics FP-SNS-MOTENVWB1 1.3.0
2024-03-03 21:31:17,723 [INFO] ThirdParty:1030 - CMSIS Pack Vendor :STMicroelectronics FP-SNS-MOTENVWB1 1.3.1
2024-03-03 21:31:17,723 [INFO] ThirdParty:1030 - CMSIS Pack Vendor :STMicroelectronics X-CUBE-BLE1 7.0.0
2024-03-03 21:31:17,723 [INFO] ThirdParty:1030 - CMSIS Pack Vendor :STMicroelectronics FP-ATR-SIGFOX1 3.2.0
2024-03-03 21:31:17,723 [INFO] ThirdParty:1030 - CMSIS Pack Vendor :STMicroelectronics X-CUBE-AZRTOS-L4 1.0.0
2024-03-03 21:31:17,723 [INFO] ThirdParty:1030 - CMSIS Pack Vendor :STMicroelectronics X-CUBE-ISPU 2.0.0
2024-03-03 21:31:17,723 [INFO] ThirdParty:1030 - CMSIS Pack Vendor :STMicroelectronics X-CUBE-EEPRMA1 5.1.0
2024-03-03 21:31:17,723 [INFO] ThirdParty:1030 - CMSIS Pack Vendor :STMicroelectronics HAL Drivers 0.0.0
2024-03-03 21:31:17,723 [INFO] ThirdParty:1030 - CMSIS Pack Vendor :STMicroelectronics MBEDTLS 2.16.2
2024-03-03 21:31:17,723 [INFO] ThirdParty:1030 - CMSIS Pack Vendor :STMicroelectronics X-CUBE-MEMS1 10.0.0
2024-03-03 21:31:17,723 [INFO] ThirdParty:1030 - CMSIS Pack Vendor :STMicroelectronics X-CUBE-FREERTOS 1.1.0
2024-03-03 21:31:17,723 [INFO] ThirdParty:1030 - CMSIS Pack Vendor :STMicroelectronics X-CUBE-TOUCHGFX 4.22.0
2024-03-03 21:31:17,723 [INFO] ThirdParty:1030 - CMSIS Pack Vendor :STMicroelectronics X-CUBE-NFC7 1.0.1
2024-03-03 21:31:17,723 [INFO] ThirdParty:1030 - CMSIS Pack Vendor :STMicroelectronics MBEDTLS 2.14.1
2024-03-03 21:31:17,723 [INFO] ThirdParty:1030 - CMSIS Pack Vendor :STMicroelectronics X-CUBE-NFC7 1.0.0
2024-03-03 21:31:17,723 [INFO] ThirdParty:1030 - CMSIS Pack Vendor :STMicroelectronics X-CUBE-TOUCHGFX 4.22.1
2024-03-03 21:31:17,723 [INFO] ThirdParty:1030 - CMSIS Pack Vendor :STMicroelectronics X-CUBE-AZRTOS-WL 1.0.0
2024-03-03 21:31:17,723 [INFO] ThirdParty:1030 - CMSIS Pack Vendor :STMicroelectronics X-CUBE-NFC6 3.0.0
2024-03-03 21:31:17,723 [INFO] ThirdParty:1030 - CMSIS Pack Vendor :STMicroelectronics X-CUBE-EEPRMA1 4.1.0
2024-03-03 21:31:17,723 [INFO] ThirdParty:1030 - CMSIS Pack Vendor :portGmbH I-Cube-SoM-uGOAL 1.1.0
2024-03-03 21:31:17,739 [INFO] ThirdParty:1030 - CMSIS Pack Vendor :STMicroelectronics X-CUBE-ALS 1.0.1
2024-03-03 21:31:17,739 [INFO] ThirdParty:1030 - CMSIS Pack Vendor :STMicroelectronics ThreadX 1.0.0
2024-03-03 21:31:17,739 [INFO] ThirdParty:1030 - CMSIS Pack Vendor :STMicroelectronics FP-SNS-SMARTAG2 1.2.0
2024-03-03 21:31:17,739 [INFO] ThirdParty:1030 - CMSIS Pack Vendor :STMicroelectronics X-CUBE-AZRTOS-WB 1.1.0
2024-03-03 21:31:17,739 [INFO] ThirdParty:1030 - CMSIS Pack Vendor :STMicroelectronics X-CUBE-AZRTOS-WL 2.0.0
2024-03-03 21:31:17,739 [INFO] ThirdParty:1030 - CMSIS Pack Vendor :SEGGER I-CUBE-embOS 1.3.1
2024-03-03 21:31:17,739 [INFO] ThirdParty:1030 - CMSIS Pack Vendor :STMicroelectronics USB_DEVICE 1.0.0
2024-03-03 21:31:17,739 [INFO] ThirdParty:1030 - CMSIS Pack Vendor :STMicroelectronics X-CUBE-AI 8.1.0
2024-03-03 21:31:17,739 [INFO] ThirdParty:1030 - CMSIS Pack Vendor :STMicroelectronics X-CUBE-AZRTOS-L4 2.0.0
2024-03-03 21:31:17,739 [INFO] ThirdParty:1030 - CMSIS Pack Vendor :STMicroelectronics ThreadX 0.0.2
2024-03-03 21:31:17,739 [INFO] ThirdParty:1030 - CMSIS Pack Vendor :WES I-CUBE-Cesium 1.3.0
2024-03-03 21:31:17,739 [INFO] ThirdParty:1030 - CMSIS Pack Vendor :STMicroelectronics FP-ATR-ASTRA1 2.0.0
2024-03-03 21:31:17,739 [INFO] ThirdParty:1030 - CMSIS Pack Vendor :STMicroelectronics lwIP 2.1.2
2024-03-03 21:31:17,739 [INFO] ThirdParty:1030 - CMSIS Pack Vendor :STMicroelectronics X-CUBE-SFXS2LP1 4.0.0
2024-03-03 21:31:17,739 [INFO] ThirdParty:1030 - CMSIS Pack Vendor :STMicroelectronics X-CUBE-BLE2 3.3.0
2024-03-03 21:31:17,739 [INFO] ThirdParty:1030 - CMSIS Pack Vendor :STMicroelectronics X-CUBE-TOF1 3.4.0
2024-03-03 21:31:17,739 [INFO] ThirdParty:1030 - CMSIS Pack Vendor :STMicroelectronics X-CUBE-AZRTOS-H7 3.2.0
2024-03-03 21:31:17,739 [INFO] ThirdParty:1030 - CMSIS Pack Vendor :STMicroelectronics PDM2PCM 3.2.0
2024-03-03 21:31:17,739 [INFO] ThirdParty:841 - exiting critical section [change project]
2024-03-03 21:31:17,839 [INFO] PinOutPanel:1499 - setPackage(No Configuration,No Configuration)
2024-03-03 21:31:17,839 [INFO] PinOutPanel:1499 - setPackage(STM32F446RETx,LQFP64)
2024-03-03 21:31:18,130 [INFO] UtilMem:75 - Before build in PCC Used Memory: 900142592 Bytes (1073741824)
2024-03-03 21:31:18,421 [INFO] UtilMem:75 - After build in PCC Used Memory: 744399176 Bytes (1073741824)
2024-03-03 21:31:18,437 [INFO] IPUIPlugin:80 - create IPUIPlugin
2024-03-03 21:31:18,437 [INFO] IPUIPlugin:80 - create IPUIPlugin
2024-03-03 21:31:18,437 [INFO] IPUIPlugin:80 - create IPUIPlugin
2024-03-03 21:31:18,437 [INFO] IPUIPlugin:80 - create IPUIPlugin
2024-03-03 21:31:18,437 [INFO] IPUIPlugin:80 - create IPUIPlugin
2024-03-03 21:31:18,437 [INFO] IPUIPlugin:80 - create IPUIPlugin
2024-03-03 21:31:18,437 [INFO] IPUIPlugin:80 - create IPUIPlugin
2024-03-03 21:31:18,437 [INFO] IPUIPlugin:80 - create IPUIPlugin
2024-03-03 21:31:18,437 [INFO] IPUIPlugin:80 - create IPUIPlugin
2024-03-03 21:31:18,437 [INFO] IPUIPlugin:80 - create IPUIPlugin
2024-03-03 21:31:18,437 [INFO] IPUIPlugin:80 - create IPUIPlugin
2024-03-03 21:31:18,437 [INFO] IPUIPlugin:80 - create IPUIPlugin
2024-03-03 21:31:18,437 [INFO] IPUIPlugin:80 - create IPUIPlugin
2024-03-03 21:31:18,437 [INFO] IPUIPlugin:80 - create IPUIPlugin
2024-03-03 21:31:18,437 [INFO] IPUIPlugin:80 - create IPUIPlugin
2024-03-03 21:31:18,437 [INFO] IPUIPlugin:80 - create IPUIPlugin
2024-03-03 21:31:18,437 [INFO] IPUIPlugin:80 - create IPUIPlugin
2024-03-03 21:31:18,437 [INFO] IPUIPlugin:80 - create IPUIPlugin
2024-03-03 21:31:18,437 [INFO] IPUIPlugin:80 - create IPUIPlugin
2024-03-03 21:31:18,437 [INFO] IPUIPlugin:80 - create IPUIPlugin
2024-03-03 21:31:18,437 [INFO] IPUIPlugin:80 - create IPUIPlugin
2024-03-03 21:31:18,437 [INFO] IPUIPlugin:80 - create IPUIPlugin
2024-03-03 21:31:18,437 [INFO] IPUIPlugin:80 - create IPUIPlugin
2024-03-03 21:31:18,437 [INFO] IPUIPlugin:80 - create IPUIPlugin
2024-03-03 21:31:18,437 [INFO] IPUIPlugin:80 - create IPUIPlugin
2024-03-03 21:31:18,437 [INFO] IPUIPlugin:80 - create IPUIPlugin
2024-03-03 21:31:18,437 [INFO] IPUIPlugin:80 - create IPUIPlugin
2024-03-03 21:31:18,437 [INFO] IPUIPlugin:80 - create IPUIPlugin
2024-03-03 21:31:18,437 [INFO] IPUIPlugin:80 - create IPUIPlugin
2024-03-03 21:31:18,437 [INFO] IPUIPlugin:80 - create IPUIPlugin
2024-03-03 21:31:18,437 [INFO] IPUIPlugin:80 - create IPUIPlugin
2024-03-03 21:31:18,437 [INFO] IPUIPlugin:80 - create IPUIPlugin
2024-03-03 21:31:18,437 [INFO] IPUIPlugin:80 - create IPUIPlugin
2024-03-03 21:31:18,437 [INFO] IPUIPlugin:80 - create IPUIPlugin
2024-03-03 21:31:18,437 [INFO] IPUIPlugin:80 - create IPUIPlugin
2024-03-03 21:31:18,437 [INFO] IPUIPlugin:80 - create IPUIPlugin
2024-03-03 21:31:18,437 [INFO] IPUIPlugin:80 - create IPUIPlugin
2024-03-03 21:31:18,437 [INFO] IPUIPlugin:80 - create IPUIPlugin
2024-03-03 21:31:18,437 [INFO] IPUIPlugin:80 - create IPUIPlugin
2024-03-03 21:31:18,437 [INFO] IPUIPlugin:80 - create IPUIPlugin
2024-03-03 21:31:18,437 [INFO] IPUIPlugin:80 - create IPUIPlugin
2024-03-03 21:31:18,437 [INFO] IPUIPlugin:80 - create IPUIPlugin
2024-03-03 21:31:18,437 [INFO] IPUIPlugin:80 - create IPUIPlugin
2024-03-03 21:31:18,437 [INFO] IPUIPlugin:80 - create IPUIPlugin
2024-03-03 21:31:18,437 [INFO] IPUIPlugin:80 - create IPUIPlugin
2024-03-03 21:31:18,437 [INFO] IPUIPlugin:80 - create IPUIPlugin
2024-03-03 21:31:18,437 [INFO] IPUIPlugin:80 - create IPUIPlugin
2024-03-03 21:31:18,437 [INFO] IPUIPlugin:80 - create IPUIPlugin
2024-03-03 21:31:18,437 [INFO] IPUIPlugin:80 - create IPUIPlugin
2024-03-03 21:31:18,437 [INFO] IPUIPlugin:80 - create IPUIPlugin
2024-03-03 21:31:18,437 [INFO] IPUIPlugin:80 - create IPUIPlugin
2024-03-03 21:31:18,437 [INFO] IPUIPlugin:80 - create IPUIPlugin
2024-03-03 21:31:18,437 [INFO] IPUIPlugin:80 - create IPUIPlugin
2024-03-03 21:31:18,437 [INFO] IPUIPlugin:80 - create IPUIPlugin
2024-03-03 21:31:18,452 [INFO] IPUIPlugin:80 - create IPUIPlugin
2024-03-03 21:31:18,452 [INFO] IPUIPlugin:80 - create IPUIPlugin
2024-03-03 21:31:18,452 [INFO] IPUIPlugin:80 - create IPUIPlugin
2024-03-03 21:31:18,452 [INFO] IPUIPlugin:80 - create IPUIPlugin
2024-03-03 21:31:18,452 [INFO] IPUIPlugin:80 - create IPUIPlugin
2024-03-03 21:31:18,452 [INFO] IPUIPlugin:80 - create IPUIPlugin
2024-03-03 21:31:18,452 [INFO] ApiDbMcu:507 - Load IP Config File for PDM2PCM
2024-03-03 21:31:18,521 [INFO] CADModel:165 - CPN selected for project levelSTM32F446RET6
2024-03-03 21:31:18,521 [INFO] CADModel:114 - Register for checkConnection events
2024-03-03 21:31:18,590 [INFO] OpenFileManager:328 - Restore cursor
2024-03-03 21:31:22,809 [INFO] Gpio:273 - dependency for GPIO [ADC1, ADC2, ADC3, RCC, TIM2, TIM3, TIM4, USART1, USART3]
2024-03-03 21:31:54,945 [INFO] UtilMem:75 - End SaveConfig() Used Memory: 762846560 Bytes (1073741824)
2024-03-03 21:31:55,446 [INFO] UtilMem:75 - End SaveConfig() Used Memory: 794303840 Bytes (1073741824)
2024-03-03 21:31:56,921 [INFO] UtilMem:75 - End SaveConfig() Used Memory: 735888168 Bytes (1073741824)
2024-03-03 21:31:57,153 [INFO] BlockDiagram:2759 - set Specific Code input for plugin: TIM1_8
2024-03-03 21:31:57,153 [INFO] BlockDiagram:2759 - set Specific Code input for plugin: TIM1_8
2024-03-03 21:31:57,153 [INFO] BlockDiagram:2759 - set Specific Code input for plugin: TIM1_8
2024-03-03 21:31:57,153 [INFO] BlockDiagram:2759 - set Specific Code input for plugin: ADC
2024-03-03 21:31:57,153 [INFO] BlockDiagram:2759 - set Specific Code input for plugin: SYS
2024-03-03 21:31:57,153 [INFO] BlockDiagram:2759 - set Specific Code input for plugin: ADC
2024-03-03 21:31:57,153 [INFO] BlockDiagram:2759 - set Specific Code input for plugin: ADC
2024-03-03 21:31:57,153 [INFO] BlockDiagram:2759 - set Specific Code input for plugin: RCC
2024-03-03 21:31:57,153 [INFO] BlockDiagram:2759 - set Specific Code input for plugin: NVIC
2024-03-03 21:31:57,153 [INFO] BlockDiagram:2759 - set Specific Code input for plugin: USART
2024-03-03 21:31:57,153 [INFO] BlockDiagram:2759 - set Specific Code input for plugin: USART
2024-03-03 21:31:57,153 [INFO] BlockDiagram:2759 - set Specific Code input for plugin: GPIO
2024-03-03 21:31:57,168 [INFO] CodeGenerator:793 - code generatio: config db path: C:\ST\STM32CubeIDE_1.12.0\STM32CubeIDE\plugins\com.st.stm32cube.common.mx_6.8.1.202304191431\\db\
2024-03-03 21:31:57,454 [INFO] CodeEngine:255 - oldGeneratedFile, C:\Users\m-ali.khlifi-ext\STM32CubeIDE\workspace_1.12.0\caddialc v2 parti2 adaptable\MXTmpFiles\license.tmp_save
2024-03-03 21:31:57,592 [INFO] CodeEngine:279 - Generated code: C:\Users\m-ali.khlifi-ext\STM32CubeIDE\workspace_1.12.0\caddialc v2 parti2 adaptable\MXTmpFiles\license.tmp
2024-03-03 21:31:57,712 [INFO] CodeEngine:255 - oldGeneratedFile, C:\Users\m-ali.khlifi-ext\STM32CubeIDE\workspace_1.12.0\caddialc v2 parti2 adaptable\Core\Src\gpio.c_save
2024-03-03 21:31:57,844 [INFO] CodeEngine:279 - Generated code: C:\Users\m-ali.khlifi-ext\STM32CubeIDE\workspace_1.12.0\caddialc v2 parti2 adaptable\Core\Src\gpio.c
2024-03-03 21:31:57,875 [INFO] CodeEngine:255 - oldGeneratedFile, C:\Users\m-ali.khlifi-ext\STM32CubeIDE\workspace_1.12.0\caddialc v2 parti2 adaptable\Core\Inc\gpio.h_save
2024-03-03 21:31:58,000 [INFO] CodeEngine:279 - Generated code: C:\Users\m-ali.khlifi-ext\STM32CubeIDE\workspace_1.12.0\caddialc v2 parti2 adaptable\Core\Inc\gpio.h
2024-03-03 21:31:58,373 [INFO] CodeEngine:255 - oldGeneratedFile, C:\Users\m-ali.khlifi-ext\STM32CubeIDE\workspace_1.12.0\caddialc v2 parti2 adaptable\Core\Src\adc.c_save
2024-03-03 21:31:58,511 [INFO] CodeEngine:279 - Generated code: C:\Users\m-ali.khlifi-ext\STM32CubeIDE\workspace_1.12.0\caddialc v2 parti2 adaptable\Core\Src\adc.c
2024-03-03 21:31:58,526 [INFO] CodeEngine:255 - oldGeneratedFile, C:\Users\m-ali.khlifi-ext\STM32CubeIDE\workspace_1.12.0\caddialc v2 parti2 adaptable\Core\Inc\adc.h_save
2024-03-03 21:31:58,604 [INFO] CodeEngine:279 - Generated code: C:\Users\m-ali.khlifi-ext\STM32CubeIDE\workspace_1.12.0\caddialc v2 parti2 adaptable\Core\Inc\adc.h
2024-03-03 21:31:58,642 [INFO] CodeEngine:255 - oldGeneratedFile, C:\Users\m-ali.khlifi-ext\STM32CubeIDE\workspace_1.12.0\caddialc v2 parti2 adaptable\Core\Src\tim.c_save
2024-03-03 21:31:58,742 [INFO] CodeEngine:279 - Generated code: C:\Users\m-ali.khlifi-ext\STM32CubeIDE\workspace_1.12.0\caddialc v2 parti2 adaptable\Core\Src\tim.c
2024-03-03 21:31:58,758 [INFO] CodeEngine:255 - oldGeneratedFile, C:\Users\m-ali.khlifi-ext\STM32CubeIDE\workspace_1.12.0\caddialc v2 parti2 adaptable\Core\Inc\tim.h_save
2024-03-03 21:31:58,827 [INFO] CodeEngine:279 - Generated code: C:\Users\m-ali.khlifi-ext\STM32CubeIDE\workspace_1.12.0\caddialc v2 parti2 adaptable\Core\Inc\tim.h
2024-03-03 21:31:58,874 [INFO] CodeEngine:255 - oldGeneratedFile, C:\Users\m-ali.khlifi-ext\STM32CubeIDE\workspace_1.12.0\caddialc v2 parti2 adaptable\Core\Src\usart.c_save
2024-03-03 21:31:58,990 [INFO] CodeEngine:279 - Generated code: C:\Users\m-ali.khlifi-ext\STM32CubeIDE\workspace_1.12.0\caddialc v2 parti2 adaptable\Core\Src\usart.c
2024-03-03 21:31:59,005 [INFO] CodeEngine:255 - oldGeneratedFile, C:\Users\m-ali.khlifi-ext\STM32CubeIDE\workspace_1.12.0\caddialc v2 parti2 adaptable\Core\Inc\usart.h_save
2024-03-03 21:31:59,074 [INFO] CodeEngine:279 - Generated code: C:\Users\m-ali.khlifi-ext\STM32CubeIDE\workspace_1.12.0\caddialc v2 parti2 adaptable\Core\Inc\usart.h
2024-03-03 21:31:59,128 [INFO] CodeEngine:255 - oldGeneratedFile, C:\Users\m-ali.khlifi-ext\STM32CubeIDE\workspace_1.12.0\caddialc v2 parti2 adaptable\Core\Src\stm32f4xx_it.c_save
2024-03-03 21:31:59,275 [INFO] CodeEngine:279 - Generated code: C:\Users\m-ali.khlifi-ext\STM32CubeIDE\workspace_1.12.0\caddialc v2 parti2 adaptable\Core\Src\stm32f4xx_it.c
2024-03-03 21:31:59,291 [INFO] CodeEngine:255 - oldGeneratedFile, C:\Users\m-ali.khlifi-ext\STM32CubeIDE\workspace_1.12.0\caddialc v2 parti2 adaptable\Core\Inc\stm32f4xx_it.h_save
2024-03-03 21:31:59,383 [INFO] CodeEngine:279 - Generated code: C:\Users\m-ali.khlifi-ext\STM32CubeIDE\workspace_1.12.0\caddialc v2 parti2 adaptable\Core\Inc\stm32f4xx_it.h
2024-03-03 21:31:59,436 [INFO] CodeEngine:255 - oldGeneratedFile, C:\Users\m-ali.khlifi-ext\STM32CubeIDE\workspace_1.12.0\caddialc v2 parti2 adaptable\Core\Src\stm32f4xx_hal_msp.c_save
2024-03-03 21:31:59,525 [INFO] CodeEngine:279 - Generated code: C:\Users\m-ali.khlifi-ext\STM32CubeIDE\workspace_1.12.0\caddialc v2 parti2 adaptable\Core\Src\stm32f4xx_hal_msp.c
2024-03-03 21:31:59,541 [INFO] CodeEngine:255 - oldGeneratedFile, C:\Users\m-ali.khlifi-ext\STM32CubeIDE\workspace_1.12.0\caddialc v2 parti2 adaptable\MXTmpFiles\system.tmp_save
2024-03-03 21:31:59,603 [INFO] CodeEngine:279 - Generated code: C:\Users\m-ali.khlifi-ext\STM32CubeIDE\workspace_1.12.0\caddialc v2 parti2 adaptable\MXTmpFiles\system.tmp
2024-03-03 21:31:59,641 [INFO] CodeEngine:311 - oldGeneratedFile, C:\Users\m-ali.khlifi-ext\STM32CubeIDE\workspace_1.12.0\caddialc v2 parti2 adaptable\Core\Inc\stm32f4xx_hal_conf.h_save
2024-03-03 21:31:59,773 [INFO] CodeEngine:335 - Generated code: C:\Users\m-ali.khlifi-ext\STM32CubeIDE\workspace_1.12.0\caddialc v2 parti2 adaptable\Core\Inc\stm32f4xx_hal_conf.h
2024-03-03 21:31:59,804 [WARN] IPConfigManager:2937 - Warning: the RefConfig PLL2P_FOR_MCO is not available in your config.xml file
2024-03-03 21:31:59,842 [INFO] CodeEngine:255 - oldGeneratedFile, C:\Users\m-ali.khlifi-ext\STM32CubeIDE\workspace_1.12.0\caddialc v2 parti2 adaptable\Core\Inc\main.h_save
2024-03-03 21:31:59,969 [INFO] CodeEngine:279 - Generated code: C:\Users\m-ali.khlifi-ext\STM32CubeIDE\workspace_1.12.0\caddialc v2 parti2 adaptable\Core\Inc\main.h
2024-03-03 21:32:00,009 [INFO] CodeEngine:255 - oldGeneratedFile, C:\Users\m-ali.khlifi-ext\STM32CubeIDE\workspace_1.12.0\caddialc v2 parti2 adaptable\Core\Src\main.c_save
2024-03-03 21:32:00,180 [INFO] CodeEngine:279 - Generated code: C:\Users\m-ali.khlifi-ext\STM32CubeIDE\workspace_1.12.0\caddialc v2 parti2 adaptable\Core\Src\main.c
2024-03-03 21:32:01,865 [INFO] ProjectBuilder:2996 - Time for Copy HAL[1] : 1192mS.
2024-03-03 21:32:01,881 [INFO] ProjectBuilder:4304 - Project Generator version: 3.19.2
2024-03-03 21:32:02,351 [INFO] ConfigFileManager:1483 - The Die is : DIE421
2024-03-03 21:32:02,367 [INFO] ApiDbMcu:507 - Load IP Config File for FATFS
2024-03-03 21:32:02,382 [INFO] ApiDbMcu:507 - Load IP Config File for FREERTOS
2024-03-03 21:32:02,398 [INFO] ApiDbMcu:507 - Load IP Config File for LIBJPEG
2024-03-03 21:32:02,414 [INFO] ApiDbMcu:507 - Load IP Config File for MBEDTLS
2024-03-03 21:32:02,429 [INFO] ApiDbMcu:507 - Load IP Config File for USB_DEVICE
2024-03-03 21:32:02,436 [INFO] ApiDbMcu:507 - Load IP Config File for USB_HOST
2024-03-03 21:32:05,074 [INFO] ProjectBuilder:4505 - Time for Generating toolchain IDE Files: 3193mS.
2024-03-03 21:32:05,074 [INFO] ProjectBuilder:2867 - Time for Copy CMSIS : 0mS.
2024-03-03 21:32:05,089 [INFO] ProjectBuilder:2867 - Time for Copy CMSIS : 0mS.
