2023-06-05 09:06:10,529 [INFO] Activator:176 - 


2023-06-05 09:06:10,535 [INFO] Activator:177 - !SESSION log4j initialized
2023-06-05 09:06:16,793 [INFO] LogOutputStream:77 - [STDOUT_REDIRECT] 
2023-06-05 09:06:38,804 [ERROR] LogOutputStream:75 - [STDERR_REDIRECT] SLF4J: Failed to load class "org.slf4j.impl.StaticLoggerBinder".
2023-06-05 09:06:38,804 [ERROR] LogOutputStream:75 - [STDERR_REDIRECT] SLF4J: Defaulting to no-operation (NOP) logger implementation
2023-06-05 09:06:38,804 [ERROR] LogOutputStream:75 - [STDERR_REDIRECT] SLF4J: See http://www.slf4j.org/codes.html#StaticLoggerBinder for further details.
2023-06-05 11:34:12,137 [INFO] Activator:176 - 


2023-06-05 11:34:12,137 [INFO] Activator:177 - !SESSION log4j initialized
2023-06-05 11:34:18,540 [INFO] LogOutputStream:77 - [STDOUT_REDIRECT] 
2023-06-05 11:34:40,826 [ERROR] LogOutputStream:75 - [STDERR_REDIRECT] SLF4J: Failed to load class "org.slf4j.impl.StaticLoggerBinder".
2023-06-05 11:34:40,826 [ERROR] LogOutputStream:75 - [STDERR_REDIRECT] SLF4J: Defaulting to no-operation (NOP) logger implementation
2023-06-05 11:34:40,826 [ERROR] LogOutputStream:75 - [STDERR_REDIRECT] SLF4J: See http://www.slf4j.org/codes.html#StaticLoggerBinder for further details.
2023-06-05 12:42:48,829 [INFO] ApplicationProperties:184 - Using Application install path: C:\ST\STM32CubeIDE_1.12.0\STM32CubeIDE\plugins\com.st.stm32cube.common.mx_6.8.1.202304191431
2023-06-05 12:42:48,845 [INFO] DbMcusXml:78 - Set database path to: C:\ST\STM32CubeIDE_1.12.0\STM32CubeIDE\plugins\com.st.stm32cube.common.mx_6.8.1.202304191431\\db\/mcu/
2023-06-05 12:42:48,845 [INFO] ApiDb:274 - Set plugin database path to: C:\ST\STM32CubeIDE_1.12.0\STM32CubeIDE\plugins\com.st.stm32cube.common.mx_6.8.1.202304191431\\db\/plugins/boardmanager/
2023-06-05 12:42:48,845 [WARN] ApiDb:259 - Overriding images path with different value:  => C:\ST\STM32CubeIDE_1.12.0\STM32CubeIDE\plugins\com.st.stm32cube.common.mx_6.8.1.202304191431\\db\/plugins/mcufinder/images/
2023-06-05 12:42:48,876 [INFO] ApiDb:250 - Set database path to: C:\Users\m-ali.khlifi-ext\.stmcufinder\plugins\mcufinder//mcu/
2023-06-05 12:42:48,876 [INFO] DbMcusAds:125 - Set database path to: C:\Users\m-ali.khlifi-ext\.stmcufinder\plugins\mcufinder//mcu/
2023-06-05 12:42:48,961 [INFO] CrossReferenceDbSqlite:203 - Set database path to: C:\Users\m-ali.khlifi-ext\.stmcufinder\plugins\mcufinder//mcu/cs/
2023-06-05 12:42:49,093 [INFO] RulesReader:64 - Compatibility file has been processed (293 Rules)
2023-06-05 12:42:49,277 [INFO] DbMcusXml:78 - Set database path to: C:\ST\STM32CubeIDE_1.12.0\STM32CubeIDE\plugins\com.st.stm32cube.common.mx_6.8.1.202304191431\\db\/mcu/
2023-06-05 12:42:49,277 [INFO] ApiDb:274 - Set plugin database path to: C:\ST\STM32CubeIDE_1.12.0\STM32CubeIDE\plugins\com.st.stm32cube.common.mx_6.8.1.202304191431\\db\/plugins/boardmanager/
2023-06-05 12:42:49,277 [INFO] ApiDb:261 - Set plugin images path to: C:\ST\STM32CubeIDE_1.12.0\STM32CubeIDE\plugins\com.st.stm32cube.common.mx_6.8.1.202304191431\\db\/plugins/mcufinder/images/
2023-06-05 12:42:49,277 [WARN] DbFile:41 - Overriding database path with different value: C:\Users\m-ali.khlifi-ext\.stmcufinder\plugins\mcufinder/ => C:\Users\m-ali.khlifi-ext\.stmcufinder\plugins\mcufinder
2023-06-05 12:42:49,277 [INFO] ApiDb:250 - Set database path to: C:\Users\m-ali.khlifi-ext\.stmcufinder\plugins\mcufinder//mcu/
2023-06-05 12:42:49,277 [WARN] DbFile:41 - Overriding database path with different value: C:\Users\m-ali.khlifi-ext\.stmcufinder\plugins\mcufinder/ => C:\Users\m-ali.khlifi-ext\.stmcufinder\plugins\mcufinder
2023-06-05 12:42:49,277 [INFO] DbMcusAds:125 - Set database path to: C:\Users\m-ali.khlifi-ext\.stmcufinder\plugins\mcufinder//mcu/
2023-06-05 12:42:49,277 [WARN] DbFile:41 - Overriding database path with different value: C:\Users\m-ali.khlifi-ext\.stmcufinder\plugins\mcufinder/ => C:\Users\m-ali.khlifi-ext\.stmcufinder\plugins\mcufinder
2023-06-05 12:42:49,277 [WARN] DbFile:41 - Overriding database path with different value: C:\Users\m-ali.khlifi-ext\.stmcufinder\plugins\mcufinder/ => C:\Users\m-ali.khlifi-ext\.stmcufinder\plugins\mcufinder
2023-06-05 12:42:49,277 [INFO] CrossReferenceDbSqlite:203 - Set database path to: C:\Users\m-ali.khlifi-ext\.stmcufinder\plugins\mcufinder//mcu/cs/
2023-06-05 12:42:49,415 [INFO] MainPanel:253 - HeapMemory: 487587840
2023-06-05 12:42:49,531 [INFO] DbMcusXml:78 - Set database path to: C:\ST\STM32CubeIDE_1.12.0\STM32CubeIDE\plugins\com.st.stm32cube.common.mx_6.8.1.202304191431\\db\/mcu/
2023-06-05 12:42:49,531 [INFO] ApiDb:274 - Set plugin database path to: C:\ST\STM32CubeIDE_1.12.0\STM32CubeIDE\plugins\com.st.stm32cube.common.mx_6.8.1.202304191431\\db\/plugins/boardmanager/
2023-06-05 12:42:49,531 [INFO] ApiDb:261 - Set plugin images path to: C:\ST\STM32CubeIDE_1.12.0\STM32CubeIDE\plugins\com.st.stm32cube.common.mx_6.8.1.202304191431\\db\/plugins/mcufinder/images/
2023-06-05 12:42:49,531 [WARN] DbFile:41 - Overriding database path with different value: C:\Users\m-ali.khlifi-ext\.stmcufinder\plugins\mcufinder/ => C:\Users\m-ali.khlifi-ext\.stmcufinder\plugins\mcufinder
2023-06-05 12:42:49,547 [INFO] ApiDb:250 - Set database path to: C:\Users\m-ali.khlifi-ext\.stmcufinder\plugins\mcufinder//mcu/
2023-06-05 12:42:49,547 [WARN] DbFile:41 - Overriding database path with different value: C:\Users\m-ali.khlifi-ext\.stmcufinder\plugins\mcufinder/ => C:\Users\m-ali.khlifi-ext\.stmcufinder\plugins\mcufinder
2023-06-05 12:42:49,547 [INFO] DbMcusAds:125 - Set database path to: C:\Users\m-ali.khlifi-ext\.stmcufinder\plugins\mcufinder//mcu/
2023-06-05 12:42:49,547 [WARN] DbFile:41 - Overriding database path with different value: C:\Users\m-ali.khlifi-ext\.stmcufinder\plugins\mcufinder/ => C:\Users\m-ali.khlifi-ext\.stmcufinder\plugins\mcufinder
2023-06-05 12:42:49,547 [WARN] DbFile:41 - Overriding database path with different value: C:\Users\m-ali.khlifi-ext\.stmcufinder\plugins\mcufinder/ => C:\Users\m-ali.khlifi-ext\.stmcufinder\plugins\mcufinder
2023-06-05 12:42:49,547 [INFO] CrossReferenceDbSqlite:203 - Set database path to: C:\Users\m-ali.khlifi-ext\.stmcufinder\plugins\mcufinder//mcu/cs/
2023-06-05 12:42:49,578 [INFO] ApplicationProperties:184 - Using Application install path: C:\ST\STM32CubeIDE_1.12.0\STM32CubeIDE\plugins\com.st.stm32cube.common.mx_6.8.1.202304191431
2023-06-05 12:42:49,578 [INFO] PluginManage:196 - Search for loadable plugins [exclusion list=, ]
2023-06-05 12:42:49,578 [INFO] PluginManage:310 - Check plugin analytics
2023-06-05 12:42:49,810 [INFO] AnalyticsPlugin:253 - Accepted Software Licenses: 
2023-06-05 12:42:49,816 [INFO] AnalyticsPlugin:255 - Accepted CMSIS Pack Licenses: 
2023-06-05 12:42:49,816 [INFO] AnalyticsPlugin:257 - Accepted Firmware Licenses: FW.F4.1.27.0
2023-06-05 12:42:49,816 [INFO] PluginManage:359 - Loaded plugin analytics (category:tool,tabindex:-1)
2023-06-05 12:42:49,816 [INFO] PluginManage:310 - Check plugin cadmodel
2023-06-05 12:42:49,848 [INFO] CADModel:105 - Init CAD model plugin
2023-06-05 12:42:49,848 [INFO] PluginManage:359 - Loaded plugin cadmodel (category:power,tabindex:5)
2023-06-05 12:42:49,848 [INFO] PluginManage:310 - Check plugin clock
2023-06-05 12:42:49,881 [INFO] PluginManage:359 - Loaded plugin clock (category:base,tabindex:2)
2023-06-05 12:42:49,881 [INFO] PluginManage:310 - Check plugin ddr
2023-06-05 12:42:49,883 [INFO] PluginManage:359 - Loaded plugin ddr (category:tool,tabindex:6)
2023-06-05 12:42:49,883 [INFO] PluginManage:310 - Check plugin filemanager
2023-06-05 12:42:50,048 [INFO] PluginManage:359 - Loaded plugin filemanager (category:base,tabindex:10)
2023-06-05 12:42:50,048 [INFO] PluginManage:310 - Check plugin ipmanager
2023-06-05 12:42:50,064 [INFO] PluginManage:359 - Loaded plugin ipmanager (category:base,tabindex:5)
2023-06-05 12:42:50,064 [INFO] PluginManage:310 - Check plugin lpbam
2023-06-05 12:42:50,095 [INFO] PluginManage:359 - Loaded plugin lpbam (category:base,tabindex:0)
2023-06-05 12:42:50,095 [INFO] PluginManage:310 - Check plugin pinoutandconfiguration
2023-06-05 12:42:50,117 [INFO] PluginManage:359 - Loaded plugin pinoutandconfiguration (category:base,tabindex:1)
2023-06-05 12:42:50,117 [INFO] PluginManage:310 - Check plugin pinoutconfig
2023-06-05 12:42:50,318 [WARN] SupportedApi:132 - Cannot load RTOS API schema: s4s-elt-must-match.1: The content of 'definitions' must match (annotation?, (simpleType | complexType)?, (unique | key | keyref)*)). A problem was found starting at: attribute.
2023-06-05 12:42:50,496 [INFO] PluginManage:359 - Loaded plugin pinoutconfig (category:base,tabindex:0)
2023-06-05 12:42:50,496 [INFO] PluginManage:310 - Check plugin power
2023-06-05 12:42:50,533 [INFO] PluginManage:359 - Loaded plugin power (category:power,tabindex:4)
2023-06-05 12:42:50,533 [INFO] PluginManage:310 - Check plugin projectmanager
2023-06-05 12:42:50,565 [INFO] PluginManage:359 - Loaded plugin projectmanager (category:projectmanager,tabindex:3)
2023-06-05 12:42:50,565 [INFO] PluginManage:310 - Check plugin thirdparty
2023-06-05 12:42:50,847 [INFO] PluginManage:359 - Loaded plugin thirdparty (category:base,tabindex:-1)
2023-06-05 12:42:50,847 [INFO] PluginManage:310 - Check plugin tools
2023-06-05 12:42:50,847 [WARN] IntegrityCheckThread:84 - waiting for thirdparty lock release [integrity check]
2023-06-05 12:42:50,847 [INFO] IntegrityCheckThread:86 - entering critical section [integrity check]
2023-06-05 12:42:50,862 [INFO] ThirdPartyUpdaterWithRetryManager:70 - Updater plugin not ready yet. [1/15]
2023-06-05 12:42:50,869 [INFO] PluginManage:359 - Loaded plugin tools (category:base,tabindex:7)
2023-06-05 12:42:50,869 [INFO] PluginManage:310 - Check plugin tutovideos
2023-06-05 12:42:51,147 [INFO] PluginManage:359 - Loaded plugin tutovideos (category:base,tabindex:-1)
2023-06-05 12:42:51,147 [INFO] PluginManage:310 - Check plugin updater
2023-06-05 12:42:51,170 [INFO] PluginManage:359 - Loaded plugin updater (category:base,tabindex:12)
2023-06-05 12:42:51,170 [INFO] PluginManage:283 - PluginManage : Loaded plugins [15]
2023-06-05 12:42:51,633 [INFO] PinOutPanel:1499 - setPackage(No Configuration,No Configuration)
2023-06-05 12:42:51,787 [INFO] CADModel:165 - CPN selected for project level
2023-06-05 12:42:51,787 [INFO] CADModel:114 - Register for checkConnection events
2023-06-05 12:42:51,818 [INFO] IPUIPlugin:80 - create IPUIPlugin
2023-06-05 12:42:51,818 [INFO] PluginManager:220 - loadIPPluginJar : add adc
2023-06-05 12:42:51,834 [INFO] IPUIPlugin:80 - create IPUIPlugin
2023-06-05 12:42:51,834 [INFO] PluginManager:220 - loadIPPluginJar : add aes
2023-06-05 12:42:51,849 [INFO] IPUIPlugin:80 - create IPUIPlugin
2023-06-05 12:42:51,849 [INFO] PluginManager:220 - loadIPPluginJar : add can
2023-06-05 12:42:51,866 [INFO] IPUIPlugin:80 - create IPUIPlugin
2023-06-05 12:42:51,866 [INFO] PluginManager:220 - loadIPPluginJar : add comp
2023-06-05 12:42:51,871 [INFO] IPUIPlugin:80 - create IPUIPlugin
2023-06-05 12:42:51,871 [INFO] PluginManager:220 - loadIPPluginJar : add cryp
2023-06-05 12:42:51,887 [INFO] IPUIPlugin:80 - create IPUIPlugin
2023-06-05 12:42:51,887 [INFO] PluginManager:220 - loadIPPluginJar : add dfsdm
2023-06-05 12:42:51,902 [INFO] IPUIPlugin:80 - create IPUIPlugin
2023-06-05 12:42:51,902 [INFO] PluginManager:220 - loadIPPluginJar : add dma
2023-06-05 12:42:51,918 [INFO] IPUIPlugin:80 - create IPUIPlugin
2023-06-05 12:42:51,918 [INFO] PluginManager:220 - loadIPPluginJar : add dma3
2023-06-05 12:42:51,934 [INFO] IPUIPlugin:80 - create IPUIPlugin
2023-06-05 12:42:51,934 [INFO] PluginManager:220 - loadIPPluginJar : add fatfs
2023-06-05 12:42:51,949 [INFO] IPUIPlugin:80 - create IPUIPlugin
2023-06-05 12:42:51,949 [INFO] PluginManager:220 - loadIPPluginJar : add fmc
2023-06-05 12:42:51,971 [INFO] IPUIPlugin:80 - create IPUIPlugin
2023-06-05 12:42:51,971 [INFO] PluginManager:220 - loadIPPluginJar : add freertos
2023-06-05 12:42:51,987 [INFO] IPUIPlugin:80 - create IPUIPlugin
2023-06-05 12:42:51,987 [INFO] PluginManager:220 - loadIPPluginJar : add genericplugin
2023-06-05 12:42:52,003 [INFO] IPUIPlugin:80 - create IPUIPlugin
2023-06-05 12:42:52,003 [INFO] PluginManager:220 - loadIPPluginJar : add gfxmmu
2023-06-05 12:42:52,018 [INFO] IPUIPlugin:80 - create IPUIPlugin
2023-06-05 12:42:52,018 [INFO] PluginManager:220 - loadIPPluginJar : add gic
2023-06-05 12:42:52,050 [INFO] IPUIPlugin:80 - create IPUIPlugin
2023-06-05 12:42:52,050 [INFO] PluginManager:220 - loadIPPluginJar : add gpio
2023-06-05 12:42:52,072 [INFO] IPUIPlugin:80 - create IPUIPlugin
2023-06-05 12:42:52,072 [INFO] PluginManager:220 - loadIPPluginJar : add gtzc
2023-06-05 12:42:52,072 [INFO] IPUIPlugin:80 - create IPUIPlugin
2023-06-05 12:42:52,072 [INFO] PluginManager:220 - loadIPPluginJar : add hash
2023-06-05 12:42:52,103 [INFO] IPUIPlugin:80 - create IPUIPlugin
2023-06-05 12:42:52,103 [INFO] PluginManager:220 - loadIPPluginJar : add i2c
2023-06-05 12:42:52,103 [INFO] IPUIPlugin:80 - create IPUIPlugin
2023-06-05 12:42:52,103 [INFO] PluginManager:220 - loadIPPluginJar : add i2s
2023-06-05 12:42:52,119 [INFO] IPUIPlugin:80 - create IPUIPlugin
2023-06-05 12:42:52,119 [INFO] PluginManager:220 - loadIPPluginJar : add i3c
2023-06-05 12:42:52,150 [INFO] IPUIPlugin:80 - create IPUIPlugin
2023-06-05 12:42:52,150 [INFO] PluginManager:220 - loadIPPluginJar : add ipddr
2023-06-05 12:42:52,172 [INFO] IPUIPlugin:80 - create IPUIPlugin
2023-06-05 12:42:52,172 [INFO] PluginManager:220 - loadIPPluginJar : add linkedlist
2023-06-05 12:42:52,188 [INFO] IPUIPlugin:80 - create IPUIPlugin
2023-06-05 12:42:52,188 [INFO] PluginManager:220 - loadIPPluginJar : add lorawan
2023-06-05 12:42:52,203 [INFO] IPUIPlugin:80 - create IPUIPlugin
2023-06-05 12:42:52,203 [INFO] PluginManager:220 - loadIPPluginJar : add ltdc
2023-06-05 12:42:52,219 [INFO] IPUIPlugin:80 - create IPUIPlugin
2023-06-05 12:42:52,219 [INFO] PluginManager:220 - loadIPPluginJar : add mdma
2023-06-05 12:42:52,250 [INFO] IPUIPlugin:80 - create IPUIPlugin
2023-06-05 12:42:52,250 [INFO] PluginManager:220 - loadIPPluginJar : add nvic
2023-06-05 12:42:52,250 [INFO] IPUIPlugin:80 - create IPUIPlugin
2023-06-05 12:42:52,250 [INFO] PluginManager:220 - loadIPPluginJar : add opamp
2023-06-05 12:42:52,272 [INFO] IPUIPlugin:80 - create IPUIPlugin
2023-06-05 12:42:52,272 [INFO] PluginManager:220 - loadIPPluginJar : add openamp
2023-06-05 12:42:52,288 [INFO] IPUIPlugin:80 - create IPUIPlugin
2023-06-05 12:42:52,288 [INFO] PluginManager:220 - loadIPPluginJar : add pdm2pcm
2023-06-05 12:42:52,319 [INFO] IPUIPlugin:80 - create IPUIPlugin
2023-06-05 12:42:52,319 [INFO] PluginManager:220 - loadIPPluginJar : add plateformsettings
2023-06-05 12:42:52,335 [INFO] IPUIPlugin:80 - create IPUIPlugin
2023-06-05 12:42:52,335 [INFO] PluginManager:220 - loadIPPluginJar : add quadspi
2023-06-05 12:42:52,350 [INFO] IPUIPlugin:80 - create IPUIPlugin
2023-06-05 12:42:52,350 [INFO] PluginManager:220 - loadIPPluginJar : add resmgrutility
2023-06-05 12:42:52,366 [INFO] IPUIPlugin:80 - create IPUIPlugin
2023-06-05 12:42:52,366 [INFO] PluginManager:220 - loadIPPluginJar : add sai
2023-06-05 12:42:52,372 [INFO] IPUIPlugin:80 - create IPUIPlugin
2023-06-05 12:42:52,372 [INFO] PluginManager:220 - loadIPPluginJar : add spi
2023-06-05 12:42:52,404 [INFO] IPUIPlugin:80 - create IPUIPlugin
2023-06-05 12:42:52,404 [INFO] PluginManager:220 - loadIPPluginJar : add stm32_wpan
2023-06-05 12:42:52,404 [INFO] IPUIPlugin:80 - create IPUIPlugin
2023-06-05 12:42:52,404 [INFO] PluginManager:220 - loadIPPluginJar : add tim
2023-06-05 12:42:52,419 [INFO] IPUIPlugin:80 - create IPUIPlugin
2023-06-05 12:42:52,419 [INFO] PluginManager:220 - loadIPPluginJar : add touchsensing
2023-06-05 12:42:52,435 [INFO] IPUIPlugin:80 - create IPUIPlugin
2023-06-05 12:42:52,435 [INFO] PluginManager:220 - loadIPPluginJar : add tracer_emb
2023-06-05 12:42:52,451 [INFO] IPUIPlugin:80 - create IPUIPlugin
2023-06-05 12:42:52,451 [INFO] PluginManager:220 - loadIPPluginJar : add ts
2023-06-05 12:42:52,466 [INFO] IPUIPlugin:80 - create IPUIPlugin
2023-06-05 12:42:52,466 [INFO] PluginManager:220 - loadIPPluginJar : add tsc
2023-06-05 12:42:52,473 [INFO] IPUIPlugin:80 - create IPUIPlugin
2023-06-05 12:42:52,473 [INFO] PluginManager:220 - loadIPPluginJar : add ucpd
2023-06-05 12:42:52,488 [INFO] IPUIPlugin:80 - create IPUIPlugin
2023-06-05 12:42:52,488 [INFO] PluginManager:220 - loadIPPluginJar : add usart
2023-06-05 12:42:52,504 [INFO] IPUIPlugin:80 - create IPUIPlugin
2023-06-05 12:42:52,504 [INFO] PluginManager:220 - loadIPPluginJar : add usbx
2023-06-05 12:42:52,691 [INFO] CADModel:165 - CPN selected for project level
2023-06-05 12:42:52,691 [INFO] CADModel:114 - Register for checkConnection events
2023-06-05 12:42:52,691 [FATAL] Updater:308 - Updater called before beeing initialized
2023-06-05 12:42:52,691 [ERROR] CADModel:125 - Updater not yet initialized, retry later 
2023-06-05 12:42:52,905 [INFO] CADModel:165 - CPN selected for project level
2023-06-05 12:42:52,905 [INFO] CADModel:114 - Register for checkConnection events
2023-06-05 12:42:52,905 [FATAL] Updater:308 - Updater called before beeing initialized
2023-06-05 12:42:52,905 [ERROR] CADModel:125 - Updater not yet initialized, retry later 
2023-06-05 12:42:52,905 [FATAL] Updater:308 - Updater called before beeing initialized
2023-06-05 12:42:53,167 [FATAL] Updater:308 - Updater called before beeing initialized
2023-06-05 12:42:53,177 [INFO] DbMcusAds:53 - JSON generation date=Tue Mar 07 09:50:54 CET 2023 (1678179054945)
2023-06-05 12:42:53,177 [FATAL] Updater:308 - Updater called before beeing initialized
2023-06-05 12:42:53,277 [WARN] DetailPanel:346 - Failed to get advertising image, set to default
2023-06-05 12:42:53,488 [FATAL] Updater:308 - Updater called before beeing initialized
2023-06-05 12:42:53,504 [FATAL] Updater:308 - Updater called before beeing initialized
2023-06-05 12:42:53,504 [FATAL] Updater:308 - Updater called before beeing initialized
2023-06-05 12:42:53,504 [WARN] DetailPanel:346 - Failed to get advertising image, set to default
2023-06-05 12:42:53,504 [FATAL] Updater:308 - Updater called before beeing initialized
2023-06-05 12:42:53,604 [ERROR] Updater:1120 - MainUpdater not yet initialized. External WinMGr cannot be set.
2023-06-05 12:42:53,604 [INFO] Updater:1056 - Updater Version found : 6.8.1
2023-06-05 12:42:53,626 [INFO] ApplicationProperties:184 - Using Application install path: C:\ST\STM32CubeIDE_1.12.0\STM32CubeIDE\plugins\com.st.stm32cube.common.mx_6.8.1.202304191431
2023-06-05 12:42:53,873 [INFO] ThirdPartyUpdaterWithRetryManager:70 - Updater plugin not ready yet. [2/15]
2023-06-05 12:42:54,005 [INFO] MainUpdater:2854 - connection check result : 10
2023-06-05 12:42:54,005 [INFO] MainUpdater:3548 - Updater definition file requires update
2023-06-05 12:42:54,005 [INFO] MainUpdater:283 - Updater Check For Update Now.
2023-06-05 12:42:54,005 [INFO] MicroXplorer:498 - Change Database Version : DB.6.0.81
2023-06-05 12:42:54,074 [INFO] ServerAccessManage:473 - Download File updaters.zip
2023-06-05 12:42:54,407 [INFO] FileExtend:240 - Unzip File : updaters.zip
2023-06-05 12:42:54,407 [INFO] FileExtend:255 - Standard Zip Deflate
2023-06-05 12:42:56,277 [INFO] ServerAccessManage:473 - Download File PacksControlFlags.xml
2023-06-05 12:42:56,424 [INFO] ServerAccessManage:473 - Download File cubemx.pidx
2023-06-05 12:42:56,878 [WARN] MainUpdater:1187 - Updater busy. Cannot search thirdparties
2023-06-05 12:42:56,878 [INFO] ThirdPartyUpdaterWithRetryManager:96 - Updater plugin is busy. [1/15]
2023-06-05 12:42:57,966 [INFO] ServerAccessManage:473 - Download File STMicroelectronics.X-CUBE-AZRTOS-WL.pdsc
2023-06-05 12:42:58,774 [ERROR] ServerAccessManage:1096 - Problem, Http access forbiden
2023-06-05 12:42:58,774 [ERROR] ServerAccessManage:651 - Problem, Http access forbiden : RoweBots.I-CUBE-UNISONRTOS.pdsc.
2023-06-05 12:42:58,974 [INFO] LogOutputStream:77 - [STDOUT_REDIRECT] 1 : Invalid condition id : UX_CORESTACK_Condition cause : null
2023-06-05 12:42:58,974 [INFO] LogOutputStream:77 - [STDOUT_REDIRECT] 1 : Invalid condition id : UX_CORESTACK_Condition cause : null
2023-06-05 12:42:58,974 [INFO] LogOutputStream:77 - [STDOUT_REDIRECT] 1 : Invalid condition id : UX_CORESTACK_Condition cause : null
2023-06-05 12:42:58,974 [INFO] LogOutputStream:77 - [STDOUT_REDIRECT] 1 : Invalid condition id : UX_CORESTACK_Condition cause : null
2023-06-05 12:42:58,974 [INFO] LogOutputStream:77 - [STDOUT_REDIRECT] 1 : Invalid condition id : UX_CORESTACK_Condition cause : null
2023-06-05 12:42:58,990 [WARN] PackLoader:240 - Cannot read IP mode file for STMicroelectronics.X-CUBE-AZRTOS-WL.2.0.0
2023-06-05 12:42:58,990 [INFO] PopulateThirdPartyThread:66 - Ending populate Thread
2023-06-05 12:42:58,990 [INFO] ThirdParty:1030 - CMSIS Pack Vendor :STMicroelectronics X-CUBE-AZRTOS-WL 2.0.0
2023-06-05 12:42:58,990 [INFO] LoadServerUpdatesThread:373 - End of LoadServerUpdate Thread
2023-06-05 12:42:59,089 [INFO] CheckServerUpdateThread:120 - End of CheckServer Thread
2023-06-05 12:42:59,121 [INFO] MainUpdater:2854 - connection check result : 10
2023-06-05 12:42:59,121 [INFO] MainUpdater:2854 - connection check result : 10
2023-06-05 12:42:59,221 [INFO] MicroXplorer:468 - Change Database Path : 
2023-06-05 12:42:59,221 [INFO] MicroXplorer:498 - Change Database Version : DB.6.0.81
2023-06-05 12:42:59,221 [WARN] ThirdParty:871 - waiting for thirdparty lock release [close project]
2023-06-05 12:43:00,154 [WARN] PackLoader:240 - Cannot read IP mode file for STMicroelectronics.X-CUBE-SMBUS.2.1.0
2023-06-05 12:43:00,192 [WARN] PackLoader:240 - Cannot read IP mode file for STMicroelectronics.X-CUBE-AZRTOS-F7.1.1.0
2023-06-05 12:43:00,208 [ERROR] RealEvaluatedCondition:428 - Found unsupported composite condition: GROUP='STM32_MetaDataManager' CLASS='Data Exchange'
2023-06-05 12:43:00,208 [ERROR] RealEvaluatedCondition:428 - Found unsupported composite condition: CLASS='Data Exchange' GROUP='STM32_MetaDataManager'
2023-06-05 12:43:00,208 [WARN] PackLoader:240 - Cannot read IP mode file for STMicroelectronics.FP-SNS-MOTENV1.4.3.0
2023-06-05 12:43:00,223 [WARN] PackLoader:240 - Cannot read IP mode file for STMicroelectronics.FP-SNS-FLIGHT1.5.0.0
2023-06-05 12:43:00,239 [ERROR] RealEvaluatedCondition:428 - Found unsupported composite condition: CLASS='Data Exchange' GROUP='STM32_MetaDataManager'
2023-06-05 12:43:00,239 [ERROR] RealEvaluatedCondition:428 - Found unsupported composite condition: GROUP='STM32_MetaDataManager' CLASS='Data Exchange'
2023-06-05 12:43:00,239 [WARN] PackLoader:240 - Cannot read IP mode file for STMicroelectronics.FP-SNS-MOTENV1.4.3.1
2023-06-05 12:43:00,254 [WARN] PackLoader:240 - Cannot read IP mode file for STMicroelectronics.FP-SNS-FLIGHT1.5.0.1
2023-06-05 12:43:00,270 [WARN] PackLoader:240 - Cannot read IP mode file for STMicroelectronics.X-CUBE-BLE1.6.2.4
2023-06-05 12:43:00,277 [WARN] PackLoader:240 - Cannot read IP mode file for STMicroelectronics.X-CUBE-DISPLAY.3.0.0
2023-06-05 12:43:00,292 [INFO] LogOutputStream:77 - [STDOUT_REDIRECT] 1 : Invalid condition id : UX_CORESTACK_Condition cause : null
2023-06-05 12:43:00,292 [INFO] LogOutputStream:77 - [STDOUT_REDIRECT] 1 : Invalid condition id : UX_CORESTACK_Condition cause : null
2023-06-05 12:43:00,308 [INFO] LogOutputStream:77 - [STDOUT_REDIRECT] 1 : Invalid condition id : UX_CORESTACK_Condition cause : null
2023-06-05 12:43:00,308 [INFO] LogOutputStream:77 - [STDOUT_REDIRECT] 1 : Invalid condition id : UX_CORESTACK_Condition cause : null
2023-06-05 12:43:00,308 [INFO] LogOutputStream:77 - [STDOUT_REDIRECT] 1 : Invalid condition id : UX_CORESTACK_Condition cause : null
2023-06-05 12:43:00,308 [WARN] PackLoader:240 - Cannot read IP mode file for STMicroelectronics.X-CUBE-AZRTOS-WL.2.0.0
2023-06-05 12:43:00,323 [WARN] PackLoader:240 - Cannot read IP mode file for WES.I-CUBE-Cesium.1.3.0
2023-06-05 12:43:00,339 [WARN] PackLoader:240 - Cannot read IP mode file for STMicroelectronics.X-CUBE-BLE2.3.3.0
2023-06-05 12:43:00,355 [WARN] PackLoader:240 - Cannot read IP mode file for STMicroelectronics.X-CUBE-TOUCHGFX.4.21.3
2023-06-05 12:43:00,355 [WARN] PackLoader:240 - Cannot read IP mode file for STMicroelectronics.X-CUBE-TOUCHGFX.4.21.4
2023-06-05 12:43:00,377 [WARN] PackLoader:240 - Cannot read IP mode file for STMicroelectronics.X-CUBE-ALGOBUILD.1.3.0
2023-06-05 12:43:00,408 [WARN] PackLoader:240 - Cannot read IP mode file for STMicroelectronics.X-CUBE-AZRTOS-G0.1.1.0
2023-06-05 12:43:00,424 [WARN] PackLoader:240 - Cannot read IP mode file for STMicroelectronics.X-CUBE-NFC4.3.0.0
2023-06-05 12:43:00,439 [WARN] PackLoader:240 - Cannot read IP mode file for STMicroelectronics.FP-ATR-SIGFOX1.3.2.0
2023-06-05 12:43:00,477 [WARN] PackLoader:240 - Cannot read IP mode file for SEGGER.I-CUBE-embOS.1.3.1
2023-06-05 12:43:00,555 [WARN] PackLoader:240 - Cannot read IP mode file for STMicroelectronics.X-CUBE-GNSS1.6.0.0
2023-06-05 12:43:00,593 [WARN] PackLoader:240 - Cannot read IP mode file for STMicroelectronics.X-CUBE-AZRTOS-F4.1.1.0
2023-06-05 12:43:00,609 [WARN] PackLoader:240 - Cannot read IP mode file for wolfSSL.I-CUBE-wolfSSL.5.6.0
2023-06-05 12:43:00,693 [WARN] PackLoader:240 - Cannot read IP mode file for STMicroelectronics.X-CUBE-MEMS1.9.6.0
2023-06-05 12:43:00,856 [WARN] PackLoader:240 - Cannot read IP mode file for emotas.I-CUBE-CANOPEN.1.1.3
2023-06-05 12:43:00,878 [WARN] PackLoader:240 - Cannot read IP mode file for STMicroelectronics.X-CUBE-BLEMGR.2.0.0
2023-06-05 12:43:00,909 [WARN] ConditionMgr:438 - getConditionDescription Invalid condition id : UX DEVICE CLASS RTOS Condition cause : null
2023-06-05 12:43:00,909 [WARN] ConditionMgr:438 - getConditionDescription Invalid condition id : UX DEVICE CLASS RTOS Condition cause : null
2023-06-05 12:43:00,909 [WARN] PackLoader:240 - Cannot read IP mode file for STMicroelectronics.X-CUBE-AZRTOS-H7.3.1.0
2023-06-05 12:43:00,925 [WARN] ConditionMgr:1039 - genDependencies : Invalid condition id : UX DEVICE CLASS RTOS Condition cause : null
2023-06-05 12:43:00,925 [WARN] ConditionMgr:1039 - genDependencies : Invalid condition id : UX DEVICE CLASS RTOS Condition cause : null
2023-06-05 12:43:00,925 [WARN] ConditionMgr:1039 - genDependencies : Invalid condition id : UX DEVICE CLASS RTOS Condition cause : null
2023-06-05 12:43:00,925 [WARN] ConditionMgr:1039 - genDependencies : Invalid condition id : UX DEVICE CLASS RTOS Condition cause : null
2023-06-05 12:43:00,925 [WARN] ConditionMgr:1039 - genDependencies : Invalid condition id : UX DEVICE CLASS RTOS Condition cause : null
2023-06-05 12:43:00,941 [WARN] PackLoader:240 - Cannot read IP mode file for STMicroelectronics.X-CUBE-NFC7.1.0.0
2023-06-05 12:43:00,941 [WARN] PackLoader:240 - Cannot read IP mode file for STMicroelectronics.X-CUBE-EEPRMA1.4.1.0
2023-06-05 12:43:00,978 [WARN] ConditionMgr:438 - getConditionDescription Invalid condition id : LAN8742 Phy interface Condition cause : null
2023-06-05 12:43:00,978 [WARN] PackLoader:240 - Cannot read IP mode file for STMicroelectronics.X-CUBE-AZRTOS-L4.2.0.0
2023-06-05 12:43:00,978 [WARN] ConditionMgr:1039 - genDependencies : Invalid condition id : LAN8742 Phy interface Condition cause : null
2023-06-05 12:43:00,978 [WARN] ConditionMgr:1039 - genDependencies : Invalid condition id : LAN8742 Phy interface Condition cause : null
2023-06-05 12:43:00,978 [WARN] ConditionMgr:1039 - genDependencies : Invalid condition id : LAN8742 Phy interface Condition cause : null
2023-06-05 12:43:00,994 [WARN] PackLoader:240 - Cannot read IP mode file for STMicroelectronics.X-CUBE-SFXS2LP1.4.0.0
2023-06-05 12:43:01,010 [WARN] PackLoader:240 - Cannot read IP mode file for STMicroelectronics.X-CUBE-ISPU.1.1.0
2023-06-05 12:43:01,025 [WARN] PackLoader:240 - Cannot read IP mode file for STMicroelectronics.X-CUBE-AI.8.0.0
2023-06-05 12:43:01,041 [WARN] PackLoader:240 - Cannot read IP mode file for STMicroelectronics.X-CUBE-FREERTOS.1.0.1
2023-06-05 12:43:01,056 [WARN] PackLoader:240 - Cannot read IP mode file for STMicroelectronics.X-CUBE-AZRTOS-L5.1.1.0
2023-06-05 12:43:01,079 [WARN] PackLoader:240 - Cannot read IP mode file for STMicroelectronics.X-CUBE-AI.8.0.1
2023-06-05 12:43:01,094 [WARN] PackLoader:240 - Cannot read IP mode file for STMicroelectronics.X-CUBE-SUBG2.5.0.0
2023-06-05 12:43:01,125 [WARN] PackLoader:240 - Cannot read IP mode file for STMicroelectronics.X-CUBE-AZRTOS-G4.2.0.0
2023-06-05 12:43:01,157 [WARN] PackLoader:240 - Cannot read IP mode file for STMicroelectronics.X-CUBE-TOF1.3.3.0
2023-06-05 12:43:01,194 [WARN] PackLoader:240 - Cannot read IP mode file for STMicroelectronics.X-CUBE-AZRTOS-L4.1.0.0
2023-06-05 12:43:01,210 [WARN] PackLoader:240 - Cannot read IP mode file for STMicroelectronics.X-CUBE-AZRTOS-WL.1.0.0
2023-06-05 12:43:01,226 [WARN] PackLoader:240 - Cannot read IP mode file for portGmbH.I-Cube-SoM-uGOAL.1.1.0
2023-06-05 12:43:01,241 [WARN] PackLoader:240 - Cannot read IP mode file for STMicroelectronics.X-CUBE-ALS.1.0.1
2023-06-05 12:43:01,272 [WARN] PackLoader:240 - Cannot read IP mode file for STMicroelectronics.X-CUBE-AZRTOS-WB.1.1.0
2023-06-05 12:43:01,279 [WARN] PackLoader:240 - Cannot read IP mode file for STMicroelectronics.FP-ATR-ASTRA1.2.0.0
2023-06-05 12:43:01,279 [INFO] ThirdParty:978 - Integrity check success = true
2023-06-05 12:43:01,279 [INFO] IntegrityCheckThread:100 - exiting critical section [integrity check]
2023-06-05 12:43:01,279 [INFO] IntegrityCheckThread:103 - End integrity checks thread
2023-06-05 12:43:01,279 [INFO] ThirdParty:873 - entering critical section [close project]
2023-06-05 12:43:01,279 [INFO] ThirdParty:883 - exiting critical section [close project]
2023-06-05 12:43:01,279 [INFO] PinOutPanel:1499 - setPackage(No Configuration,No Configuration)
2023-06-05 12:43:01,295 [INFO] UtilMem:75 - Begin LoadConfig() Used Memory: 570172656 Bytes (811597824)
2023-06-05 12:43:01,295 [INFO] MicroXplorer:468 - Change Database Path : C:/Users/m-ali.khlifi-ext/.stm32cubemx/databases/DB.6.0.80/db/
2023-06-05 12:43:01,295 [INFO] MicroXplorer:498 - Change Database Version : DB.6.0.80
2023-06-05 12:43:19,692 [INFO] OpenFileManager:308 - Change cursor
2023-06-05 12:43:19,746 [INFO] Mcu:1937 - Initializing MCU STM32F446R(C-E)Tx STM32F446RETx STM32F446RET6
2023-06-05 12:43:21,818 [INFO] Context:659 - Trying to add GPIOservice into a context  which must be forbidden
2023-06-05 12:43:22,747 [INFO] RtosManager:555 - Registered RTOS mode: class=CMSIS, group=RTOS, mode=CMSIS_V1, owner=FREERTOS
2023-06-05 12:43:22,747 [INFO] RtosManager:555 - Registered RTOS mode: class=CMSIS, group=RTOS2, mode=CMSIS_V2, owner=FREERTOS
2023-06-05 12:43:22,747 [INFO] RtosManager:555 - Registered RTOS mode: class=RTOS, group=Core, mode=CMSIS_V1, owner=FREERTOS
2023-06-05 12:43:22,747 [INFO] RtosManager:555 - Registered RTOS mode: class=RTOS, group=Core, mode=CMSIS_V2, owner=FREERTOS
2023-06-05 12:43:22,747 [WARN] ModelIntegratedComponent:184 - Missing modes for component STMicroelectronics:FreeRTOS:0.0.1:STMicroelectronics:RTOS:FreeRTOS:Core:::10.2.0:
2023-06-05 12:43:22,763 [WARN] ModelIntegratedComponent:63 - No mode defined for component null
2023-06-05 12:43:22,763 [WARN] ModelIntegratedComponent:63 - No mode defined for component null
2023-06-05 12:43:22,763 [WARN] ModelIntegratedComponent:63 - No mode defined for component null
2023-06-05 12:43:22,763 [WARN] ModelIntegratedComponent:63 - No mode defined for component null
2023-06-05 12:43:22,763 [WARN] ModelIntegratedComponent:63 - No mode defined for component null
2023-06-05 12:43:22,763 [WARN] ModelIntegratedComponent:63 - No mode defined for component null
2023-06-05 12:43:22,763 [WARN] ModelIntegratedComponent:63 - No mode defined for component null
2023-06-05 12:43:22,763 [WARN] ModelIntegratedComponent:63 - No mode defined for component null
2023-06-05 12:43:22,763 [WARN] ModelIntegratedComponent:63 - No mode defined for component null
2023-06-05 12:43:22,763 [WARN] ModelIntegratedComponent:63 - No mode defined for component null
2023-06-05 12:43:22,763 [WARN] ModelIntegratedComponent:63 - No mode defined for component null
2023-06-05 12:43:22,763 [WARN] ModelIntegratedComponent:63 - No mode defined for component null
2023-06-05 12:43:22,763 [WARN] ModelIntegratedComponent:63 - No mode defined for component null
2023-06-05 12:43:22,763 [WARN] ModelIntegratedComponent:63 - No mode defined for component null
2023-06-05 12:43:22,763 [WARN] ModelIntegratedComponent:63 - No mode defined for component null
2023-06-05 12:43:22,763 [WARN] ModelIntegratedComponent:63 - No mode defined for component null
2023-06-05 12:43:22,763 [WARN] ModelIntegratedComponent:63 - No mode defined for component null
2023-06-05 12:43:22,763 [WARN] ModelIntegratedComponent:63 - No mode defined for component null
2023-06-05 12:43:22,763 [WARN] ModelIntegratedComponent:63 - No mode defined for component null
2023-06-05 12:43:22,763 [WARN] ModelIntegratedComponent:63 - No mode defined for component null
2023-06-05 12:43:22,763 [WARN] ModelIntegratedComponent:63 - No mode defined for component null
2023-06-05 12:43:22,763 [WARN] ModelIntegratedComponent:63 - No mode defined for component null
2023-06-05 12:43:22,763 [WARN] ModelIntegratedComponent:63 - No mode defined for component null
2023-06-05 12:43:22,763 [WARN] ModelIntegratedComponent:63 - No mode defined for component null
2023-06-05 12:43:22,763 [WARN] ModelIntegratedComponent:63 - No mode defined for component null
2023-06-05 12:43:22,763 [WARN] ModelIntegratedComponent:63 - No mode defined for component null
2023-06-05 12:43:22,763 [WARN] ModelIntegratedComponent:63 - No mode defined for component null
2023-06-05 12:43:22,763 [WARN] ModelIntegratedComponent:63 - No mode defined for component null
2023-06-05 12:43:22,763 [WARN] ModelIntegratedComponent:63 - No mode defined for component null
2023-06-05 12:43:22,763 [WARN] ModelIntegratedComponent:63 - No mode defined for component null
2023-06-05 12:43:22,763 [WARN] ModelIntegratedComponent:63 - No mode defined for component null
2023-06-05 12:43:22,763 [WARN] ModelIntegratedComponent:63 - No mode defined for component null
2023-06-05 12:43:22,763 [WARN] ModelIntegratedComponent:63 - No mode defined for component null
2023-06-05 12:43:22,794 [INFO] ThirdPartyModel:298 - Start build external matchings
2023-06-05 12:43:23,071 [INFO] ThirdPartyModel:316 - End build external matchings
2023-06-05 12:43:23,099 [INFO] ImportTextPane:194 - (OptionalMessage_ERROR) IP (DMA) : Parameter (Instance) has Id (ADC1) currently not set
2023-06-05 12:43:23,099 [INFO] ImportTextPane:194 - (OptionalMessage_ERROR) IP (DMA) : Parameter (Channel) has Id (ADC1) currently not set
2023-06-05 12:43:23,099 [INFO] ImportTextPane:194 - (OptionalMessage_ERROR) IP (DMA) : Parameter (Direction) has Id (ADC1) currently not set
2023-06-05 12:43:23,099 [INFO] ImportTextPane:194 - (OptionalMessage_ERROR) IP (DMA) : Parameter (PeriphInc) has Id (ADC1) currently not set
2023-06-05 12:43:23,099 [INFO] ImportTextPane:194 - (OptionalMessage_ERROR) IP (DMA) : Parameter (MemInc) has Id (ADC1) currently not set
2023-06-05 12:43:23,099 [INFO] ImportTextPane:194 - (OptionalMessage_ERROR) IP (DMA) : Parameter (PeriphDataAlignment) has Id (ADC1) currently not set
2023-06-05 12:43:23,099 [INFO] ImportTextPane:194 - (OptionalMessage_ERROR) IP (DMA) : Parameter (MemDataAlignment) has Id (ADC1) currently not set
2023-06-05 12:43:23,099 [INFO] ImportTextPane:194 - (OptionalMessage_ERROR) IP (DMA) : Parameter (Mode) has Id (ADC1) currently not set
2023-06-05 12:43:23,099 [INFO] ImportTextPane:194 - (OptionalMessage_ERROR) IP (DMA) : Parameter (Priority) has Id (ADC1) currently not set
2023-06-05 12:43:23,099 [INFO] ImportTextPane:194 - (OptionalMessage_ERROR) IP (DMA) : Parameter (FIFOMode) has Id (ADC1) currently not set
2023-06-05 12:43:23,099 [INFO] ImportTextPane:194 - (OptionalMessage_ERROR) IP (DMA) : Parameter (Instance) has Id (TIM2_CH1) currently not set
2023-06-05 12:43:23,099 [INFO] ImportTextPane:194 - (OptionalMessage_ERROR) IP (DMA) : Parameter (Channel) has Id (TIM2_CH1) currently not set
2023-06-05 12:43:23,099 [INFO] ImportTextPane:194 - (OptionalMessage_ERROR) IP (DMA) : Parameter (Direction) has Id (TIM2_CH1) currently not set
2023-06-05 12:43:23,099 [INFO] ImportTextPane:194 - (OptionalMessage_ERROR) IP (DMA) : Parameter (PeriphInc) has Id (TIM2_CH1) currently not set
2023-06-05 12:43:23,099 [INFO] ImportTextPane:194 - (OptionalMessage_ERROR) IP (DMA) : Parameter (MemInc) has Id (TIM2_CH1) currently not set
2023-06-05 12:43:23,099 [INFO] ImportTextPane:194 - (OptionalMessage_ERROR) IP (DMA) : Parameter (PeriphDataAlignment) has Id (TIM2_CH1) currently not set
2023-06-05 12:43:23,109 [INFO] ImportTextPane:194 - (OptionalMessage_ERROR) IP (DMA) : Parameter (MemDataAlignment) has Id (TIM2_CH1) currently not set
2023-06-05 12:43:23,109 [INFO] ImportTextPane:194 - (OptionalMessage_ERROR) IP (DMA) : Parameter (Mode) has Id (TIM2_CH1) currently not set
2023-06-05 12:43:23,109 [INFO] ImportTextPane:194 - (OptionalMessage_ERROR) IP (DMA) : Parameter (Priority) has Id (TIM2_CH1) currently not set
2023-06-05 12:43:23,109 [INFO] ImportTextPane:194 - (OptionalMessage_ERROR) IP (DMA) : Parameter (FIFOMode) has Id (TIM2_CH1) currently not set
2023-06-05 12:43:23,109 [INFO] ImportTextPane:194 - (OptionalMessage_ERROR) IP (RCC) : Invalid parameter (FamilyName)
2023-06-05 12:43:23,140 [WARN] IP:2113 - DEVICE_SERIAL0_CDC_FS not found: check if there is a RefParameter without a condition.
2023-06-05 12:43:23,140 [WARN] IP:2113 - DEVICE_SERIAL1_CDC_FS not found: check if there is a RefParameter without a condition.
2023-06-05 12:43:23,140 [WARN] IP:2113 - DEVICE_SERIAL2_CDC_FS not found: check if there is a RefParameter without a condition.
2023-06-05 12:43:23,543 [INFO] UtilMem:75 - End LoadConfig() Used Memory: 571129368 Bytes (811597824)
2023-06-05 12:43:23,727 [INFO] ApiDb:581 - Connected to CubeFinder SQLite database (C:\Users\m-ali.khlifi-ext\.stmcufinder\plugins\mcufinder\mcu\cube-finder-db.db)
2023-06-05 12:43:23,828 [INFO] ApiDb:668 - CubeFinder database Data Model version=2.1
2023-06-05 12:43:23,828 [INFO] ApiDb:669 - CubeFinder database Configuration version=3.0.35
2023-06-05 12:43:23,828 [INFO] ApiDb:670 - CubeFinder database generation date=2023-05-12 (1683877179)
2023-06-05 12:43:23,828 [INFO] ApiDb:671 - CubeFinder database FW Pack versions=[FP-ATR-ASTRA1_V2.0.0, FP-SNS-FLIGHT1_V5.0.0, FP-SNS-MOTENV1_V4.3.0, STM32Cube_FW_C0_V1.0.1, STM32Cube_FW_F0_V1.11.4, STM32Cube_FW_F3_V1.11.4, STM32Cube_FW_F4_V1.27.1, STM32Cube_FW_F7_V1.17.0, STM32Cube_FW_G0_V1.6.1, STM32Cube_FW_G4_V1.5.1, STM32Cube_FW_H5_V0.5.1, STM32Cube_FW_H5_V1.0.0, STM32Cube_FW_H7_V1.11.0, STM32Cube_FW_L0_V1.12.2, STM32Cube_FW_L5_V1.5.0, STM32Cube_FW_U5_V1.2.0, STM32Cube_FW_WBA_V1.0.0, STM32Cube_FW_WBA_V1.0.0RC1, STM32Cube_FW_WBA_V1.0.0RC3, STM32Cube_FW_WB_V1.15.0RC1, STM32Cube_FW_WB_V1.16.0, STM32Cube_FW_WB_V1.16.0RC2, STM32Cube_FW_WL_V1.3.0, X-CUBE-ALGOBUILD_V1.3.0, X-CUBE-ALS_V1.0.1, X-CUBE-AZRTOS-F4_V1.1.0, X-CUBE-AZRTOS-F7_V1.1.0, X-CUBE-AZRTOS-G0_V1.1.0, X-CUBE-AZRTOS-G4_V2.0.0, X-CUBE-AZRTOS-H7_V3.1.0, X-CUBE-AZRTOS-L4_V1.0.0, X-CUBE-AZRTOS-L5_V1.1.0, X-CUBE-AZRTOS-WB_V1.1.0, X-CUBE-AZRTOS-WL_V1.0.0, X-CUBE-BLE1_V6.2.4, X-CUBE-BLE2_V3.3.0, X-CUBE-BLEMGR_V2.0.0, X-CUBE-EEPRMA1_V4.1.0, X-CUBE-FREERTOS_V1.0.1, X-CUBE-GNSS1_V6.0.0, X-CUBE-MEMS1_V9.1.0, X-CUBE-MEMS1_V9.4.0, X-CUBE-MEMS1_V9.6.0, X-CUBE-NFC4_V3.0.0, X-CUBE-NFC7_V1.0.0, X-CUBE-SFXS2LP1_V4.0.0, X-CUBE-SUBG2_V5.0.0]
2023-06-05 12:43:26,317 [INFO] ApiDb:240 - Found 297 in-development CPN: [B-G473E-ZEST1S, B-WB1M-WPAN1, B-WL5M-SUBG1, NUCLEO-C031C6, NUCLEO-H503RB, NUCLEO-H563ZI, NUCLEO-U545RE-Q, NUCLEO-U5A5ZJ-Q, NUCLEO-WBA52CG, STEVAL-PROTEUS1, STEVAL-STWINBX1, STM320518-EVAL, STM32C0116-DK, STM32C011D6Y3TR, STM32C011D6Y6TR, STM32C011F4P3, STM32C011F4P6, STM32C011F4U3, STM32C011F4U6TR, STM32C011F6P3, STM32C011F6P6, STM32C011F6U3, STM32C011F6U6TR, STM32C011J4M3, STM32C011J4M6, STM32C011J6M3, STM32C011J6M6, STM32C0316-DK, STM32C031C4T3, STM32C031C4T6, STM32C031C4U3, STM32C031C4U6, STM32C031C6T3, STM32C031C6T6, STM32C031C6U3, STM32C031C6U6, STM32C031F4P3, STM32C031F4P6, STM32C031F6P3, STM32C031F6P6, STM32C031G4U3, STM32C031G4U6, STM32C031G6U3, STM32C031G6U6, STM32C031K4T3, STM32C031K4T6, STM32C031K4U3, STM32C031K4U6, STM32C031K6T3, STM32C031K6T6, STM32C031K6U3, STM32C031K6U6, STM32G071K8TXN, STM32G071K8UXN, STM32G081GBU6N, STM32G081KBT6N, STM32G081KBUXN, STM32G0B1CCT6N, STM32G0B1KCT6, STM32G0B1NEY6TR, STM32G0B1RCT6N, STM32G0C1CCT6, STM32G0C1CCT6N, STM32G0C1CCU6N, STM32G0C1CET6N, STM32G0C1CEU6N, STM32G0C1KCT6, STM32G0C1NEY6TR, STM32G0C1RCI6N, STM32G0C1RCT6N, STM32G0C1REI6N, STM32G0C1RET6N, STM32G0C1VCI6, STM32G0C1VEI6, STM32G471CCT6, STM32G471CCU6, STM32G471CET3, STM32G471CET6, STM32G471CEU3, STM32G471CEU6, STM32G471MCT6, STM32G471MET3, STM32G471MET6, STM32G471MEY6TR, STM32G471QCT6, STM32G471QET3, STM32G471RCT6, STM32G471RET3, STM32G471RET6, STM32G471VCH6, STM32G471VCI6, STM32G471VCT6, STM32G471VEH3, STM32G471VEH6, STM32G471VEI3, STM32G471VEI6, STM32G471VET3, STM32G471VET6, STM32G474CCT6, STM32H503CBT6, STM32H503CBU6, STM32H503EBY6TR, STM32H503KBU6, STM32H503RBT6, STM32H562AGI6, STM32H562AII6, STM32H562IGK6, STM32H562IGT6, STM32H562IIK6, STM32H562IIT6, STM32H562RGT6, STM32H562RGV6, STM32H562RIT6, STM32H562RIV6, STM32H562VGT6, STM32H562VIT6, STM32H562ZGT6, STM32H562ZIT6, STM32H563AGI6, STM32H563AII3Q, STM32H563AII6, STM32H563IGK6, STM32H563IGT6, STM32H563IIK3Q, STM32H563IIK6, STM32H563IIT3Q, STM32H563IIT6, STM32H563MIY3QTR, STM32H563RGT6, STM32H563RGV6, STM32H563RIT6, STM32H563RIV6, STM32H563VGT6, STM32H563VIT3Q, STM32H563VIT6, STM32H563ZGT6, STM32H563ZIT3Q, STM32H563ZIT6, STM32H573AII3Q, STM32H573AII6, STM32H573I-DK, STM32H573IIK3Q, STM32H573IIK6, STM32H573IIT3Q, STM32H573IIT6, STM32H573MIY3QTR, STM32H573RIT6, STM32H573RIV6, STM32H573VIT3Q, STM32H573VIT6, STM32H573ZIT3Q, STM32H573ZIT6, STM32L4R5QGI6STR, STM32MP131AAE3, STM32MP131AAF3, STM32MP131AAG3, STM32MP131CAE3, STM32MP131CAF3, STM32MP131CAG3, STM32MP131DAE7, STM32MP131DAF7, STM32MP131DAG7, STM32MP131FAE7, STM32MP131FAF7, STM32MP131FAG7, STM32MP133AAE3, STM32MP133AAF3, STM32MP133AAG3, STM32MP133CAE3, STM32MP133CAF3, STM32MP133CAG3, STM32MP133DAE7, STM32MP133DAF7, STM32MP133DAG7, STM32MP133FAE7, STM32MP133FAF7, STM32MP133FAG7, STM32MP135AAE3, STM32MP135AAF3, STM32MP135AAG3, STM32MP135CAE3, STM32MP135CAF3, STM32MP135CAG3, STM32MP135DAE7, STM32MP135DAF7, STM32MP135DAG7, STM32MP135F-DK, STM32MP135FAE7, STM32MP135FAF7, STM32MP135FAF7T, STM32MP135FAF7U, STM32MP135FAG7, STM32U535CBT6, STM32U535CBT6Q, STM32U535CBU6, STM32U535CBU6Q, STM32U535CCT6, STM32U535CCT6Q, STM32U535CCU6, STM32U535CCU6Q, STM32U535CET6, STM32U535CET6Q, STM32U535CEU6, STM32U535CEU6Q, STM32U535JEY6QTR, STM32U535NCY6QTR, STM32U535NEY6QTR, STM32U535RBI6, STM32U535RBI6Q, STM32U535RBT6, STM32U535RBT6Q, STM32U535RCI6, STM32U535RCI6Q, STM32U535RCT6, STM32U535RCT6Q, STM32U535REI6, STM32U535REI6Q, STM32U535RET6, STM32U535RET6Q, STM32U535VCI6, STM32U535VCI6Q, STM32U535VCT6, STM32U535VCT6Q, STM32U535VEI6, STM32U535VEI6Q, STM32U535VET6, STM32U535VET6Q, STM32U545CET6, STM32U545CET6Q, STM32U545CEU6, STM32U545CEU6Q, STM32U545JEY6QTR, STM32U545NEY6QTR, STM32U545REI6, STM32U545REI6Q, STM32U545RET6, STM32U545RET6Q, STM32U545VEI6, STM32U545VEI6Q, STM32U545VET6, STM32U545VET6Q, STM32U595AIH6, STM32U595AIH6Q, STM32U595AJH6, STM32U595AJH6Q, STM32U595QII6, STM32U595QII6Q, STM32U595QJI6, STM32U595QJI6Q, STM32U595RIT6, STM32U595RIT6Q, STM32U595RJT6, STM32U595RJT6Q, STM32U595VIT6, STM32U595VIT6Q, STM32U595VJT6, STM32U595VJT6Q, STM32U595ZIT6, STM32U595ZIT6Q, STM32U595ZIY6QTR, STM32U595ZJT6, STM32U595ZJT6Q, STM32U595ZJY6QTR, STM32U599BJY6QTR, STM32U599NIH6Q, STM32U599NJH6Q, STM32U599VIT6Q, STM32U599VJT6, STM32U599VJT6Q, STM32U599ZIT6Q, STM32U599ZIY6QTR, STM32U599ZJT6Q, STM32U599ZJY6QTR, STM32U5A5AJH6, STM32U5A5AJH6Q, STM32U5A5QJI6, STM32U5A5QJI6Q, STM32U5A5RJT6, STM32U5A5RJT6Q, STM32U5A5VJT6, STM32U5A5VJT6Q, STM32U5A5ZJT6, STM32U5A5ZJT6Q, STM32U5A5ZJY6QTR, STM32U5A9BJY6QTR, STM32U5A9J-DK, STM32U5A9NJH6Q, STM32U5A9VJT6Q, STM32U5A9ZJT6Q, STM32U5A9ZJY6QTR, STM32WB1MMCH6, STM32WBA52CEU6, STM32WBA52CEU6T, STM32WBA52CGU6, STM32WBA52CGU6T, STM32WL5MOCH6, STM32WL5MOCH6TR]
2023-06-05 12:43:26,317 [INFO] DbMcus:216 - Found 3775 MCUs, 3775 are supported
2023-06-05 12:43:26,317 [INFO] ApiDb:423 - Load user favorites file C:\Users\m-ali.khlifi-ext/.stm32cubeide/favorites.mcus.txt: 0 item(s)
2023-06-05 12:43:26,317 [INFO] ApiDb:427 - User favorites MCUs=[]
2023-06-05 12:43:26,317 [INFO] DbMcus:222 - Set 0 / 0 favorites MCUs
2023-06-05 12:43:26,616 [WARN] ThirdParty:833 - waiting for thirdparty lock release [change project]
2023-06-05 12:43:26,616 [INFO] ThirdParty:835 - entering critical section [change project]
2023-06-05 12:43:26,616 [INFO] ThirdParty:1030 - CMSIS Pack Vendor :STMicroelectronics X-CUBE-ISPU 1.1.0
2023-06-05 12:43:26,616 [INFO] ThirdParty:1030 - CMSIS Pack Vendor :STMicroelectronics X-CUBE-GNSS1 6.0.0
2023-06-05 12:43:26,616 [INFO] ThirdParty:1030 - CMSIS Pack Vendor :STMicroelectronics USB_HOST 2.0.0
2023-06-05 12:43:26,616 [INFO] ThirdParty:1030 - CMSIS Pack Vendor :STMicroelectronics X-CUBE-AZRTOS-F4 1.1.0
2023-06-05 12:43:26,616 [INFO] ThirdParty:1030 - CMSIS Pack Vendor :STMicroelectronics LIBJPEG 8.0.0
2023-06-05 12:43:26,616 [INFO] ThirdParty:1030 - CMSIS Pack Vendor :STMicroelectronics X-CUBE-SMBUS 2.1.0
2023-06-05 12:43:26,616 [INFO] ThirdParty:1030 - CMSIS Pack Vendor :wolfSSL I-CUBE-wolfSSL 5.6.0
2023-06-05 12:43:26,616 [INFO] ThirdParty:1030 - CMSIS Pack Vendor :STMicroelectronics USB_DEVICE 3.0.0
2023-06-05 12:43:26,616 [INFO] ThirdParty:1030 - CMSIS Pack Vendor :STMicroelectronics X-CUBE-AI 8.0.0
2023-06-05 12:43:26,616 [INFO] ThirdParty:1030 - CMSIS Pack Vendor :STMicroelectronics X-CUBE-FREERTOS 1.0.1
2023-06-05 12:43:26,616 [INFO] ThirdParty:1030 - CMSIS Pack Vendor :STMicroelectronics X-CUBE-TOUCHGFX 4.21.3
2023-06-05 12:43:26,616 [INFO] ThirdParty:1030 - CMSIS Pack Vendor :STMicroelectronics X-CUBE-AZRTOS-F7 1.1.0
2023-06-05 12:43:26,616 [INFO] ThirdParty:1030 - CMSIS Pack Vendor :STMicroelectronics X-CUBE-TOUCHGFX 4.21.4
2023-06-05 12:43:26,616 [INFO] ThirdParty:1030 - CMSIS Pack Vendor :STMicroelectronics USB_DEVICE 2.0.0
2023-06-05 12:43:26,616 [INFO] ThirdParty:1030 - CMSIS Pack Vendor :STMicroelectronics X-CUBE-MEMS1 9.6.0
2023-06-05 12:43:26,616 [INFO] ThirdParty:1030 - CMSIS Pack Vendor :STMicroelectronics FP-SNS-MOTENV1 4.3.0
2023-06-05 12:43:26,616 [INFO] ThirdParty:1030 - CMSIS Pack Vendor :STMicroelectronics FP-SNS-FLIGHT1 5.0.0
2023-06-05 12:43:26,616 [INFO] ThirdParty:1030 - CMSIS Pack Vendor :STMicroelectronics FP-SNS-MOTENV1 4.3.1
2023-06-05 12:43:26,616 [INFO] ThirdParty:1030 - CMSIS Pack Vendor :STMicroelectronics FP-SNS-FLIGHT1 5.0.1
2023-06-05 12:43:26,616 [INFO] ThirdParty:1030 - CMSIS Pack Vendor :STMicroelectronics X-CUBE-ALGOBUILD 1.3.0
2023-06-05 12:43:26,616 [INFO] ThirdParty:1030 - CMSIS Pack Vendor :STMicroelectronics X-CUBE-BLE1 6.2.4
2023-06-05 12:43:26,616 [INFO] ThirdParty:1030 - CMSIS Pack Vendor :STMicroelectronics X-CUBE-AZRTOS-L5 1.1.0
2023-06-05 12:43:26,616 [INFO] ThirdParty:1030 - CMSIS Pack Vendor :STMicroelectronics FreeRTOS 0.0.1
2023-06-05 12:43:26,616 [INFO] ThirdParty:1030 - CMSIS Pack Vendor :STMicroelectronics X-CUBE-AZRTOS-G0 1.1.0
2023-06-05 12:43:26,616 [INFO] ThirdParty:1030 - CMSIS Pack Vendor :emotas I-CUBE-CANOPEN 1.1.3
2023-06-05 12:43:26,616 [INFO] ThirdParty:1030 - CMSIS Pack Vendor :STMicroelectronics X-CUBE-BLEMGR 2.0.0
2023-06-05 12:43:26,616 [INFO] ThirdParty:1030 - CMSIS Pack Vendor :STMicroelectronics X-CUBE-AI 8.0.1
2023-06-05 12:43:26,616 [INFO] ThirdParty:1030 - CMSIS Pack Vendor :STMicroelectronics X-CUBE-NFC4 3.0.0
2023-06-05 12:43:26,616 [INFO] ThirdParty:1030 - CMSIS Pack Vendor :STMicroelectronics X-CUBE-SUBG2 5.0.0
2023-06-05 12:43:26,616 [INFO] ThirdParty:1030 - CMSIS Pack Vendor :STMicroelectronics STM32_WPAN 1.0.0
2023-06-05 12:43:26,616 [INFO] ThirdParty:1030 - CMSIS Pack Vendor :STMicroelectronics lwIP 2.0.3
2023-06-05 12:43:26,616 [INFO] ThirdParty:1030 - CMSIS Pack Vendor :STMicroelectronics USB_HOST 1.0.0
2023-06-05 12:43:26,616 [INFO] ThirdParty:1030 - CMSIS Pack Vendor :STMicroelectronics X-CUBE-AZRTOS-G4 2.0.0
2023-06-05 12:43:26,616 [INFO] ThirdParty:1030 - CMSIS Pack Vendor :STMicroelectronics PDM2PCM 3.1.0
2023-06-05 12:43:26,616 [INFO] ThirdParty:1030 - CMSIS Pack Vendor :STMicroelectronics X-CUBE-AZRTOS-H7 3.1.0
2023-06-05 12:43:26,616 [INFO] ThirdParty:1030 - CMSIS Pack Vendor :STMicroelectronics X-CUBE-TOF1 3.3.0
2023-06-05 12:43:26,616 [INFO] ThirdParty:1030 - CMSIS Pack Vendor :STMicroelectronics PDM2PCM 3.3.0
2023-06-05 12:43:26,616 [INFO] ThirdParty:1030 - CMSIS Pack Vendor :STMicroelectronics X-CUBE-DISPLAY 3.0.0
2023-06-05 12:43:26,616 [INFO] ThirdParty:1030 - CMSIS Pack Vendor :STMicroelectronics FP-ATR-SIGFOX1 3.2.0
2023-06-05 12:43:26,616 [INFO] ThirdParty:1030 - CMSIS Pack Vendor :STMicroelectronics X-CUBE-AZRTOS-L4 1.0.0
2023-06-05 12:43:26,616 [INFO] ThirdParty:1030 - CMSIS Pack Vendor :STMicroelectronics HAL Drivers 0.0.0
2023-06-05 12:43:26,616 [INFO] ThirdParty:1030 - CMSIS Pack Vendor :STMicroelectronics MBEDTLS 2.16.2
2023-06-05 12:43:26,616 [INFO] ThirdParty:1030 - CMSIS Pack Vendor :STMicroelectronics MBEDTLS 2.14.1
2023-06-05 12:43:26,616 [INFO] ThirdParty:1030 - CMSIS Pack Vendor :STMicroelectronics X-CUBE-NFC7 1.0.0
2023-06-05 12:43:26,616 [INFO] ThirdParty:1030 - CMSIS Pack Vendor :STMicroelectronics X-CUBE-AZRTOS-WL 1.0.0
2023-06-05 12:43:26,616 [INFO] ThirdParty:1030 - CMSIS Pack Vendor :STMicroelectronics X-CUBE-EEPRMA1 4.1.0
2023-06-05 12:43:26,616 [INFO] ThirdParty:1030 - CMSIS Pack Vendor :portGmbH I-Cube-SoM-uGOAL 1.1.0
2023-06-05 12:43:26,616 [INFO] ThirdParty:1030 - CMSIS Pack Vendor :STMicroelectronics X-CUBE-ALS 1.0.1
2023-06-05 12:43:26,616 [INFO] ThirdParty:1030 - CMSIS Pack Vendor :STMicroelectronics ThreadX 1.0.0
2023-06-05 12:43:26,616 [INFO] ThirdParty:1030 - CMSIS Pack Vendor :STMicroelectronics X-CUBE-AZRTOS-WB 1.1.0
2023-06-05 12:43:26,616 [INFO] ThirdParty:1030 - CMSIS Pack Vendor :STMicroelectronics X-CUBE-AZRTOS-WL 2.0.0
2023-06-05 12:43:26,616 [INFO] ThirdParty:1030 - CMSIS Pack Vendor :SEGGER I-CUBE-embOS 1.3.1
2023-06-05 12:43:26,616 [INFO] ThirdParty:1030 - CMSIS Pack Vendor :STMicroelectronics USB_DEVICE 1.0.0
2023-06-05 12:43:26,616 [INFO] ThirdParty:1030 - CMSIS Pack Vendor :STMicroelectronics X-CUBE-AZRTOS-L4 2.0.0
2023-06-05 12:43:26,616 [INFO] ThirdParty:1030 - CMSIS Pack Vendor :STMicroelectronics ThreadX 0.0.2
2023-06-05 12:43:26,616 [INFO] ThirdParty:1030 - CMSIS Pack Vendor :WES I-CUBE-Cesium 1.3.0
2023-06-05 12:43:26,616 [INFO] ThirdParty:1030 - CMSIS Pack Vendor :STMicroelectronics FP-ATR-ASTRA1 2.0.0
2023-06-05 12:43:26,616 [INFO] ThirdParty:1030 - CMSIS Pack Vendor :STMicroelectronics lwIP 2.1.2
2023-06-05 12:43:26,616 [INFO] ThirdParty:1030 - CMSIS Pack Vendor :STMicroelectronics X-CUBE-SFXS2LP1 4.0.0
2023-06-05 12:43:26,616 [INFO] ThirdParty:1030 - CMSIS Pack Vendor :STMicroelectronics X-CUBE-BLE2 3.3.0
2023-06-05 12:43:26,616 [INFO] ThirdParty:1030 - CMSIS Pack Vendor :STMicroelectronics PDM2PCM 3.2.0
2023-06-05 12:43:26,616 [INFO] ThirdParty:841 - exiting critical section [change project]
2023-06-05 12:43:27,195 [INFO] PinOutPanel:1499 - setPackage(No Configuration,No Configuration)
2023-06-05 12:43:27,211 [INFO] PinOutPanel:1499 - setPackage(STM32F446RETx,LQFP64)
2023-06-05 12:43:28,243 [INFO] UtilMem:75 - Before build in PCC Used Memory: 596700608 Bytes (811597824)
2023-06-05 12:43:29,501 [INFO] UtilMem:75 - After build in PCC Used Memory: 559941624 Bytes (811597824)
2023-06-05 12:43:29,686 [INFO] ApiDbMcu:507 - Load IP Config File for USB_DEVICE
2023-06-05 12:43:29,733 [INFO] IPUIPlugin:80 - create IPUIPlugin
2023-06-05 12:43:29,733 [INFO] IPUIPlugin:80 - create IPUIPlugin
2023-06-05 12:43:29,733 [INFO] IPUIPlugin:80 - create IPUIPlugin
2023-06-05 12:43:29,733 [INFO] IPUIPlugin:80 - create IPUIPlugin
2023-06-05 12:43:29,733 [INFO] IPUIPlugin:80 - create IPUIPlugin
2023-06-05 12:43:29,733 [INFO] IPUIPlugin:80 - create IPUIPlugin
2023-06-05 12:43:29,733 [INFO] IPUIPlugin:80 - create IPUIPlugin
2023-06-05 12:43:29,733 [INFO] IPUIPlugin:80 - create IPUIPlugin
2023-06-05 12:43:29,733 [INFO] IPUIPlugin:80 - create IPUIPlugin
2023-06-05 12:43:29,733 [INFO] IPUIPlugin:80 - create IPUIPlugin
2023-06-05 12:43:29,733 [INFO] IPUIPlugin:80 - create IPUIPlugin
2023-06-05 12:43:29,733 [INFO] IPUIPlugin:80 - create IPUIPlugin
2023-06-05 12:43:29,733 [INFO] IPUIPlugin:80 - create IPUIPlugin
2023-06-05 12:43:29,733 [INFO] IPUIPlugin:80 - create IPUIPlugin
2023-06-05 12:43:29,733 [INFO] IPUIPlugin:80 - create IPUIPlugin
2023-06-05 12:43:29,733 [INFO] IPUIPlugin:80 - create IPUIPlugin
2023-06-05 12:43:29,733 [INFO] IPUIPlugin:80 - create IPUIPlugin
2023-06-05 12:43:29,733 [INFO] IPUIPlugin:80 - create IPUIPlugin
2023-06-05 12:43:29,733 [INFO] IPUIPlugin:80 - create IPUIPlugin
2023-06-05 12:43:29,733 [INFO] IPUIPlugin:80 - create IPUIPlugin
2023-06-05 12:43:29,733 [INFO] IPUIPlugin:80 - create IPUIPlugin
2023-06-05 12:43:29,733 [INFO] IPUIPlugin:80 - create IPUIPlugin
2023-06-05 12:43:29,733 [INFO] IPUIPlugin:80 - create IPUIPlugin
2023-06-05 12:43:29,733 [INFO] IPUIPlugin:80 - create IPUIPlugin
2023-06-05 12:43:29,733 [INFO] IPUIPlugin:80 - create IPUIPlugin
2023-06-05 12:43:29,733 [INFO] IPUIPlugin:80 - create IPUIPlugin
2023-06-05 12:43:29,733 [INFO] IPUIPlugin:80 - create IPUIPlugin
2023-06-05 12:43:29,733 [INFO] IPUIPlugin:80 - create IPUIPlugin
2023-06-05 12:43:29,733 [INFO] IPUIPlugin:80 - create IPUIPlugin
2023-06-05 12:43:29,733 [INFO] IPUIPlugin:80 - create IPUIPlugin
2023-06-05 12:43:29,733 [INFO] IPUIPlugin:80 - create IPUIPlugin
2023-06-05 12:43:29,733 [INFO] IPUIPlugin:80 - create IPUIPlugin
2023-06-05 12:43:29,733 [INFO] IPUIPlugin:80 - create IPUIPlugin
2023-06-05 12:43:29,733 [INFO] IPUIPlugin:80 - create IPUIPlugin
2023-06-05 12:43:29,749 [INFO] IPUIPlugin:80 - create IPUIPlugin
2023-06-05 12:43:29,749 [INFO] IPUIPlugin:80 - create IPUIPlugin
2023-06-05 12:43:29,749 [INFO] IPUIPlugin:80 - create IPUIPlugin
2023-06-05 12:43:29,749 [INFO] IPUIPlugin:80 - create IPUIPlugin
2023-06-05 12:43:29,749 [INFO] IPUIPlugin:80 - create IPUIPlugin
2023-06-05 12:43:29,749 [INFO] IPUIPlugin:80 - create IPUIPlugin
2023-06-05 12:43:29,749 [INFO] IPUIPlugin:80 - create IPUIPlugin
2023-06-05 12:43:29,749 [INFO] IPUIPlugin:80 - create IPUIPlugin
2023-06-05 12:43:29,749 [INFO] IPUIPlugin:80 - create IPUIPlugin
2023-06-05 12:43:29,749 [INFO] IPUIPlugin:80 - create IPUIPlugin
2023-06-05 12:43:29,755 [INFO] IPUIPlugin:80 - create IPUIPlugin
2023-06-05 12:43:29,755 [INFO] IPUIPlugin:80 - create IPUIPlugin
2023-06-05 12:43:29,755 [INFO] IPUIPlugin:80 - create IPUIPlugin
2023-06-05 12:43:29,755 [INFO] IPUIPlugin:80 - create IPUIPlugin
2023-06-05 12:43:29,755 [INFO] IPUIPlugin:80 - create IPUIPlugin
2023-06-05 12:43:29,755 [INFO] IPUIPlugin:80 - create IPUIPlugin
2023-06-05 12:43:29,755 [INFO] IPUIPlugin:80 - create IPUIPlugin
2023-06-05 12:43:29,755 [INFO] IPUIPlugin:80 - create IPUIPlugin
2023-06-05 12:43:29,755 [INFO] IPUIPlugin:80 - create IPUIPlugin
2023-06-05 12:43:29,755 [INFO] IPUIPlugin:80 - create IPUIPlugin
2023-06-05 12:43:29,755 [INFO] IPUIPlugin:80 - create IPUIPlugin
2023-06-05 12:43:29,755 [INFO] IPUIPlugin:80 - create IPUIPlugin
2023-06-05 12:43:29,755 [INFO] IPUIPlugin:80 - create IPUIPlugin
2023-06-05 12:43:29,755 [INFO] IPUIPlugin:80 - create IPUIPlugin
2023-06-05 12:43:29,755 [INFO] IPUIPlugin:80 - create IPUIPlugin
2023-06-05 12:43:29,755 [INFO] IPUIPlugin:80 - create IPUIPlugin
2023-06-05 12:43:29,771 [INFO] ApiDbMcu:507 - Load IP Config File for PDM2PCM
2023-06-05 12:43:30,071 [INFO] CADModel:165 - CPN selected for project levelSTM32F446RET6
2023-06-05 12:43:30,071 [INFO] CADModel:114 - Register for checkConnection events
2023-06-05 12:43:30,128 [INFO] OpenFileManager:328 - Restore cursor
2023-06-05 12:43:30,418 [WARN] IP:2113 - DEVICE_SERIAL0_CDC_FS not found: check if there is a RefParameter without a condition.
2023-06-05 12:43:30,418 [WARN] IP:2113 - DEVICE_SERIAL1_CDC_FS not found: check if there is a RefParameter without a condition.
2023-06-05 12:43:30,418 [WARN] IP:2113 - DEVICE_SERIAL2_CDC_FS not found: check if there is a RefParameter without a condition.
2023-06-05 12:43:30,418 [WARN] IP:2113 - DEVICE_SERIAL0_CDC_FS not found: check if there is a RefParameter without a condition.
2023-06-05 12:43:30,418 [WARN] IP:2113 - DEVICE_SERIAL1_CDC_FS not found: check if there is a RefParameter without a condition.
2023-06-05 12:43:30,418 [WARN] IP:2113 - DEVICE_SERIAL2_CDC_FS not found: check if there is a RefParameter without a condition.
2023-06-05 12:54:28,920 [INFO] NvicIntPanel:101 - NVIC parent = com.st.microxplorer.plugins.ip.nvic.MultiNvicIntPanel[,0,0,450x161,layout=javax.swing.BoxLayout,alignmentX=0.0,alignmentY=0.0,border=,flags=9,maximumSize=,minimumSize=,preferredSize=]
2023-06-05 12:54:45,701 [INFO] Gpio:273 - dependency for GPIO [ADC1, RCC, TIM1, TIM2, TIM3, TIM4, USB_OTG_FS]
2023-06-05 12:54:49,966 [INFO] UtilMem:75 - End SaveConfig() Used Memory: 716503920 Bytes (811597824)
2023-06-05 12:54:51,139 [INFO] UtilMem:75 - End SaveConfig() Used Memory: 501696872 Bytes (811597824)
2023-06-05 12:54:52,327 [INFO] UtilMem:75 - End SaveConfig() Used Memory: 579242040 Bytes (811597824)
2023-06-05 12:54:53,105 [INFO] BlockDiagram:2759 - set Specific Code input for plugin: TIM1_8
2023-06-05 12:54:53,105 [INFO] BlockDiagram:2759 - set Specific Code input for plugin: TIM1_8
2023-06-05 12:54:53,105 [INFO] BlockDiagram:2759 - set Specific Code input for plugin: TIM1_8
2023-06-05 12:54:53,105 [INFO] BlockDiagram:2759 - set Specific Code input for plugin: TIM1_8
2023-06-05 12:54:53,105 [INFO] BlockDiagram:2759 - set Specific Code input for plugin: USB_DEVICE
2023-06-05 12:54:53,105 [INFO] BlockDiagram:2759 - set Specific Code input for plugin: ADC
2023-06-05 12:54:53,105 [INFO] BlockDiagram:2759 - set Specific Code input for plugin: RCC
2023-06-05 12:54:53,105 [INFO] BlockDiagram:2759 - set Specific Code input for plugin: USB_OTG_FS
2023-06-05 12:54:53,105 [INFO] BlockDiagram:2759 - set Specific Code input for plugin: NVIC
2023-06-05 12:54:53,105 [INFO] BlockDiagram:2759 - set Specific Code input for plugin: DMA
2023-06-05 12:54:53,105 [INFO] BlockDiagram:2759 - set Specific Code input for plugin: GPIO
2023-06-05 12:54:53,115 [INFO] CodeGenerator:793 - code generatio: config db path: C:/Users/m-ali.khlifi-ext/.stm32cubemx/databases/DB.6.0.80/db/
2023-06-05 12:54:53,246 [WARN] IP:2113 - DEVICE_SERIAL0_CDC_FS not found: check if there is a RefParameter without a condition.
2023-06-05 12:54:53,246 [WARN] IP:2113 - DEVICE_SERIAL1_CDC_FS not found: check if there is a RefParameter without a condition.
2023-06-05 12:54:53,246 [WARN] IP:2113 - DEVICE_SERIAL2_CDC_FS not found: check if there is a RefParameter without a condition.
2023-06-05 12:54:53,877 [INFO] CodeEngine:255 - oldGeneratedFile, C:\Users\m-ali.khlifi-ext\OneDrive - DELACHAUX SA\work2\cadilac1.1\MXTmpFiles\license.tmp_save
2023-06-05 12:54:54,486 [INFO] CodeEngine:279 - Generated code: C:\Users\m-ali.khlifi-ext\OneDrive - DELACHAUX SA\work2\cadilac1.1\MXTmpFiles\license.tmp
2023-06-05 12:54:54,708 [INFO] CodeEngine:255 - oldGeneratedFile, C:\Users\m-ali.khlifi-ext\OneDrive - DELACHAUX SA\work2\cadilac1.1\Core\Src\gpio.c_save
2023-06-05 12:54:55,025 [INFO] CodeEngine:279 - Generated code: C:\Users\m-ali.khlifi-ext\OneDrive - DELACHAUX SA\work2\cadilac1.1\Core\Src\gpio.c
2023-06-05 12:54:55,040 [INFO] CodeEngine:255 - oldGeneratedFile, C:\Users\m-ali.khlifi-ext\OneDrive - DELACHAUX SA\work2\cadilac1.1\Core\Inc\gpio.h_save
2023-06-05 12:54:55,225 [INFO] CodeEngine:279 - Generated code: C:\Users\m-ali.khlifi-ext\OneDrive - DELACHAUX SA\work2\cadilac1.1\Core\Inc\gpio.h
2023-06-05 12:54:55,403 [WARN] IPConfigManager:2937 - Warning: the RefConfig PWREx_EnableUSBVoltageDetector is not available in your config.xml file
2023-06-05 12:54:55,441 [INFO] CodeEngine:255 - oldGeneratedFile, C:\Users\m-ali.khlifi-ext\OneDrive - DELACHAUX SA\work2\cadilac1.1\MXTmpFiles\usb_otg_fs_vars.tmp_save
2023-06-05 12:54:55,626 [INFO] CodeEngine:279 - Generated code: C:\Users\m-ali.khlifi-ext\OneDrive - DELACHAUX SA\work2\cadilac1.1\MXTmpFiles\usb_otg_fs_vars.tmp
2023-06-05 12:54:55,641 [INFO] CodeEngine:255 - oldGeneratedFile, C:\Users\m-ali.khlifi-ext\OneDrive - DELACHAUX SA\work2\cadilac1.1\MXTmpFiles\usb_otg_fs_inc.tmp_save
2023-06-05 12:54:55,789 [INFO] CodeEngine:279 - Generated code: C:\Users\m-ali.khlifi-ext\OneDrive - DELACHAUX SA\work2\cadilac1.1\MXTmpFiles\usb_otg_fs_inc.tmp
2023-06-05 12:54:55,811 [INFO] CodeEngine:255 - oldGeneratedFile, C:\Users\m-ali.khlifi-ext\OneDrive - DELACHAUX SA\work2\cadilac1.1\MXTmpFiles\usb_otg_fs_HalInit.tmp_save
2023-06-05 12:54:55,973 [INFO] CodeEngine:279 - Generated code: C:\Users\m-ali.khlifi-ext\OneDrive - DELACHAUX SA\work2\cadilac1.1\MXTmpFiles\usb_otg_fs_HalInit.tmp
2023-06-05 12:54:55,989 [INFO] CodeEngine:255 - oldGeneratedFile, C:\Users\m-ali.khlifi-ext\OneDrive - DELACHAUX SA\work2\cadilac1.1\MXTmpFiles\usb_otg_fs_Msp.tmp_save
2023-06-05 12:54:56,145 [INFO] CodeEngine:279 - Generated code: C:\Users\m-ali.khlifi-ext\OneDrive - DELACHAUX SA\work2\cadilac1.1\MXTmpFiles\usb_otg_fs_Msp.tmp
2023-06-05 12:54:56,831 [INFO] Middleware:1439 - No code input for Bsp Dependency
2023-06-05 12:54:56,894 [INFO] CodeEngine:255 - oldGeneratedFile, C:\Users\m-ali.khlifi-ext\OneDrive - DELACHAUX SA\work2\cadilac1.1\Core\Src\adc.c_save
2023-06-05 12:54:57,116 [INFO] CodeEngine:279 - Generated code: C:\Users\m-ali.khlifi-ext\OneDrive - DELACHAUX SA\work2\cadilac1.1\Core\Src\adc.c
2023-06-05 12:54:57,133 [INFO] CodeEngine:255 - oldGeneratedFile, C:\Users\m-ali.khlifi-ext\OneDrive - DELACHAUX SA\work2\cadilac1.1\Core\Inc\adc.h_save
2023-06-05 12:54:57,263 [INFO] CodeEngine:279 - Generated code: C:\Users\m-ali.khlifi-ext\OneDrive - DELACHAUX SA\work2\cadilac1.1\Core\Inc\adc.h
2023-06-05 12:54:57,332 [INFO] CodeEngine:255 - oldGeneratedFile, C:\Users\m-ali.khlifi-ext\OneDrive - DELACHAUX SA\work2\cadilac1.1\Core\Src\dma.c_save
2023-06-05 12:54:57,479 [INFO] CodeEngine:279 - Generated code: C:\Users\m-ali.khlifi-ext\OneDrive - DELACHAUX SA\work2\cadilac1.1\Core\Src\dma.c
2023-06-05 12:54:57,517 [INFO] CodeEngine:255 - oldGeneratedFile, C:\Users\m-ali.khlifi-ext\OneDrive - DELACHAUX SA\work2\cadilac1.1\Core\Inc\dma.h_save
2023-06-05 12:54:57,648 [INFO] CodeEngine:279 - Generated code: C:\Users\m-ali.khlifi-ext\OneDrive - DELACHAUX SA\work2\cadilac1.1\Core\Inc\dma.h
2023-06-05 12:54:57,717 [INFO] CodeEngine:255 - oldGeneratedFile, C:\Users\m-ali.khlifi-ext\OneDrive - DELACHAUX SA\work2\cadilac1.1\Core\Src\tim.c_save
2023-06-05 12:54:58,096 [INFO] CodeEngine:279 - Generated code: C:\Users\m-ali.khlifi-ext\OneDrive - DELACHAUX SA\work2\cadilac1.1\Core\Src\tim.c
2023-06-05 12:54:58,151 [INFO] CodeEngine:255 - oldGeneratedFile, C:\Users\m-ali.khlifi-ext\OneDrive - DELACHAUX SA\work2\cadilac1.1\Core\Inc\tim.h_save
2023-06-05 12:54:58,301 [INFO] CodeEngine:279 - Generated code: C:\Users\m-ali.khlifi-ext\OneDrive - DELACHAUX SA\work2\cadilac1.1\Core\Inc\tim.h
2023-06-05 12:54:58,332 [INFO] Middleware:1439 - No code input for Bsp Dependency
2023-06-05 12:54:58,392 [INFO] CodeEngine:255 - oldGeneratedFile, C:\Users\m-ali.khlifi-ext\OneDrive - DELACHAUX SA\work2\cadilac1.1\USB_DEVICE\App\usb_device.c_save
2023-06-05 12:54:58,531 [INFO] CodeEngine:279 - Generated code: C:\Users\m-ali.khlifi-ext\OneDrive - DELACHAUX SA\work2\cadilac1.1\USB_DEVICE\App\usb_device.c
2023-06-05 12:54:58,553 [INFO] CodeEngine:255 - oldGeneratedFile, C:\Users\m-ali.khlifi-ext\OneDrive - DELACHAUX SA\work2\cadilac1.1\USB_DEVICE\App\usb_device.h_save
2023-06-05 12:54:58,704 [INFO] CodeEngine:279 - Generated code: C:\Users\m-ali.khlifi-ext\OneDrive - DELACHAUX SA\work2\cadilac1.1\USB_DEVICE\App\usb_device.h
2023-06-05 12:54:58,742 [INFO] CodeEngine:255 - oldGeneratedFile, C:\Users\m-ali.khlifi-ext\OneDrive - DELACHAUX SA\work2\cadilac1.1\USB_DEVICE\Target\usbd_conf.h_save
2023-06-05 12:54:58,904 [INFO] CodeEngine:279 - Generated code: C:\Users\m-ali.khlifi-ext\OneDrive - DELACHAUX SA\work2\cadilac1.1\USB_DEVICE\Target\usbd_conf.h
2023-06-05 12:54:58,945 [INFO] CodeEngine:255 - oldGeneratedFile, C:\Users\m-ali.khlifi-ext\OneDrive - DELACHAUX SA\work2\cadilac1.1\USB_DEVICE\Target\usbd_conf.c_save
2023-06-05 12:54:59,111 [INFO] CodeEngine:279 - Generated code: C:\Users\m-ali.khlifi-ext\OneDrive - DELACHAUX SA\work2\cadilac1.1\USB_DEVICE\Target\usbd_conf.c
2023-06-05 12:54:59,123 [INFO] CodeEngine:255 - oldGeneratedFile, C:\Users\m-ali.khlifi-ext\OneDrive - DELACHAUX SA\work2\cadilac1.1\USB_DEVICE\App\usbd_desc.h_save
2023-06-05 12:54:59,260 [INFO] CodeEngine:279 - Generated code: C:\Users\m-ali.khlifi-ext\OneDrive - DELACHAUX SA\work2\cadilac1.1\USB_DEVICE\App\usbd_desc.h
2023-06-05 12:54:59,292 [INFO] CodeEngine:255 - oldGeneratedFile, C:\Users\m-ali.khlifi-ext\OneDrive - DELACHAUX SA\work2\cadilac1.1\USB_DEVICE\App\usbd_desc.c_save
2023-06-05 12:54:59,414 [INFO] CodeEngine:279 - Generated code: C:\Users\m-ali.khlifi-ext\OneDrive - DELACHAUX SA\work2\cadilac1.1\USB_DEVICE\App\usbd_desc.c
2023-06-05 12:54:59,445 [INFO] CodeEngine:255 - oldGeneratedFile, C:\Users\m-ali.khlifi-ext\OneDrive - DELACHAUX SA\work2\cadilac1.1\USB_DEVICE\App\usbd_cdc_if.h_save
2023-06-05 12:54:59,530 [INFO] CodeEngine:279 - Generated code: C:\Users\m-ali.khlifi-ext\OneDrive - DELACHAUX SA\work2\cadilac1.1\USB_DEVICE\App\usbd_cdc_if.h
2023-06-05 12:54:59,561 [INFO] CodeEngine:255 - oldGeneratedFile, C:\Users\m-ali.khlifi-ext\OneDrive - DELACHAUX SA\work2\cadilac1.1\USB_DEVICE\App\usbd_cdc_if.c_save
2023-06-05 12:54:59,693 [INFO] CodeEngine:279 - Generated code: C:\Users\m-ali.khlifi-ext\OneDrive - DELACHAUX SA\work2\cadilac1.1\USB_DEVICE\App\usbd_cdc_if.c
2023-06-05 12:54:59,762 [INFO] CodeEngine:255 - oldGeneratedFile, C:\Users\m-ali.khlifi-ext\OneDrive - DELACHAUX SA\work2\cadilac1.1\Core\Src\stm32f4xx_it.c_save
2023-06-05 12:54:59,973 [INFO] CodeEngine:279 - Generated code: C:\Users\m-ali.khlifi-ext\OneDrive - DELACHAUX SA\work2\cadilac1.1\Core\Src\stm32f4xx_it.c
2023-06-05 12:55:00,020 [INFO] CodeEngine:255 - oldGeneratedFile, C:\Users\m-ali.khlifi-ext\OneDrive - DELACHAUX SA\work2\cadilac1.1\Core\Inc\stm32f4xx_it.h_save
2023-06-05 12:55:00,163 [INFO] CodeEngine:279 - Generated code: C:\Users\m-ali.khlifi-ext\OneDrive - DELACHAUX SA\work2\cadilac1.1\Core\Inc\stm32f4xx_it.h
2023-06-05 12:55:00,262 [INFO] CodeEngine:255 - oldGeneratedFile, C:\Users\m-ali.khlifi-ext\OneDrive - DELACHAUX SA\work2\cadilac1.1\Core\Src\stm32f4xx_hal_msp.c_save
2023-06-05 12:55:00,416 [INFO] CodeEngine:279 - Generated code: C:\Users\m-ali.khlifi-ext\OneDrive - DELACHAUX SA\work2\cadilac1.1\Core\Src\stm32f4xx_hal_msp.c
2023-06-05 12:55:00,432 [INFO] CodeEngine:255 - oldGeneratedFile, C:\Users\m-ali.khlifi-ext\OneDrive - DELACHAUX SA\work2\cadilac1.1\MXTmpFiles\system.tmp_save
2023-06-05 12:55:00,516 [INFO] CodeEngine:279 - Generated code: C:\Users\m-ali.khlifi-ext\OneDrive - DELACHAUX SA\work2\cadilac1.1\MXTmpFiles\system.tmp
2023-06-05 12:55:00,579 [INFO] CodeEngine:311 - oldGeneratedFile, C:\Users\m-ali.khlifi-ext\OneDrive - DELACHAUX SA\work2\cadilac1.1\Core\Inc\stm32f4xx_hal_conf.h_save
2023-06-05 12:55:00,748 [INFO] CodeEngine:335 - Generated code: C:\Users\m-ali.khlifi-ext\OneDrive - DELACHAUX SA\work2\cadilac1.1\Core\Inc\stm32f4xx_hal_conf.h
2023-06-05 12:55:00,833 [WARN] IPConfigManager:2937 - Warning: the RefConfig PLL2P_FOR_MCO is not available in your config.xml file
2023-06-05 12:55:00,895 [INFO] CodeEngine:255 - oldGeneratedFile, C:\Users\m-ali.khlifi-ext\OneDrive - DELACHAUX SA\work2\cadilac1.1\Core\Inc\main.h_save
2023-06-05 12:55:01,049 [INFO] CodeEngine:279 - Generated code: C:\Users\m-ali.khlifi-ext\OneDrive - DELACHAUX SA\work2\cadilac1.1\Core\Inc\main.h
2023-06-05 12:55:01,096 [INFO] CodeEngine:255 - oldGeneratedFile, C:\Users\m-ali.khlifi-ext\OneDrive - DELACHAUX SA\work2\cadilac1.1\Core\Src\main.c_save
2023-06-05 12:55:01,296 [INFO] CodeEngine:279 - Generated code: C:\Users\m-ali.khlifi-ext\OneDrive - DELACHAUX SA\work2\cadilac1.1\Core\Src\main.c
2023-06-05 12:55:04,013 [INFO] ProjectBuilder:2996 - Time for Copy HAL[1] : 1872mS.
2023-06-05 12:55:04,029 [INFO] ProjectBuilder:4304 - Project Generator version: 3.19.2
2023-06-05 12:55:04,410 [INFO] ConfigFileManager:1483 - The Die is : DIE421
2023-06-05 12:55:04,425 [INFO] ApiDbMcu:507 - Load IP Config File for FATFS
2023-06-05 12:55:04,447 [INFO] ApiDbMcu:507 - Load IP Config File for FREERTOS
2023-06-05 12:55:04,463 [INFO] ApiDbMcu:507 - Load IP Config File for LIBJPEG
2023-06-05 12:55:04,494 [INFO] ApiDbMcu:507 - Load IP Config File for MBEDTLS
2023-06-05 12:55:04,510 [INFO] ApiDbMcu:507 - Load IP Config File for USB_HOST
2023-06-05 12:55:05,990 [INFO] LogOutputStream:77 - [STDOUT_REDIRECT] 
2023-06-05 12:55:09,060 [INFO] ProjectBuilder:4505 - Time for Generating toolchain IDE Files: 5029mS.
2023-06-05 12:55:09,060 [INFO] ProjectBuilder:2867 - Time for Copy CMSIS : 0mS.
2023-06-05 12:55:09,118 [INFO] ProjectBuilder:2867 - Time for Copy CMSIS : 0mS.
2023-06-05 14:45:41,043 [INFO] NvicIntPanel:101 - NVIC parent = com.st.microxplorer.plugins.ip.nvic.MultiNvicIntPanel[,0,0,0x0,invalid,layout=javax.swing.BoxLayout,alignmentX=0.0,alignmentY=0.0,border=,flags=9,maximumSize=,minimumSize=,preferredSize=]
2023-06-05 14:59:33,209 [INFO] Gpio:273 - dependency for GPIO [ADC1, RCC, TIM1, TIM2, TIM3, TIM4, USB_OTG_FS]
2023-06-05 15:04:14,943 [INFO] NvicIntPanel:101 - NVIC parent = com.st.microxplorer.plugins.ip.nvic.MultiNvicIntPanel[,0,0,450x89,layout=javax.swing.BoxLayout,alignmentX=0.0,alignmentY=0.0,border=,flags=9,maximumSize=,minimumSize=,preferredSize=]
2023-06-05 15:05:08,868 [INFO] Gpio:273 - dependency for GPIO [ADC1, RCC, TIM1, TIM2, TIM3, TIM4, TIM5, USB_OTG_FS]
2023-06-05 15:06:28,861 [INFO] Gpio:273 - dependency for GPIO [ADC1, RCC, TIM1, TIM2, TIM3, TIM4, TIM5, USB_OTG_FS]
2023-06-05 15:07:04,094 [WARN] IP:2113 - DEVICE_SERIAL0_CDC_FS not found: check if there is a RefParameter without a condition.
2023-06-05 15:07:04,094 [WARN] IP:2113 - DEVICE_SERIAL1_CDC_FS not found: check if there is a RefParameter without a condition.
2023-06-05 15:07:04,094 [WARN] IP:2113 - DEVICE_SERIAL2_CDC_FS not found: check if there is a RefParameter without a condition.
2023-06-05 15:07:04,094 [WARN] IP:2113 - DEVICE_SERIAL0_CDC_FS not found: check if there is a RefParameter without a condition.
2023-06-05 15:07:04,094 [WARN] IP:2113 - DEVICE_SERIAL1_CDC_FS not found: check if there is a RefParameter without a condition.
2023-06-05 15:07:04,094 [WARN] IP:2113 - DEVICE_SERIAL2_CDC_FS not found: check if there is a RefParameter without a condition.
2023-06-05 15:07:04,266 [WARN] IP:2113 - DEVICE_SERIAL0_CDC_FS not found: check if there is a RefParameter without a condition.
2023-06-05 15:07:04,266 [WARN] IP:2113 - DEVICE_SERIAL1_CDC_FS not found: check if there is a RefParameter without a condition.
2023-06-05 15:07:04,266 [WARN] IP:2113 - DEVICE_SERIAL2_CDC_FS not found: check if there is a RefParameter without a condition.
2023-06-05 15:07:04,359 [WARN] IP:2113 - DEVICE_SERIAL0_CDC_FS not found: check if there is a RefParameter without a condition.
2023-06-05 15:07:04,359 [WARN] IP:2113 - DEVICE_SERIAL1_CDC_FS not found: check if there is a RefParameter without a condition.
2023-06-05 15:07:04,359 [WARN] IP:2113 - DEVICE_SERIAL2_CDC_FS not found: check if there is a RefParameter without a condition.
2023-06-05 15:07:06,602 [INFO] Gpio:273 - dependency for GPIO [ADC1, RCC, TIM1, TIM2, TIM3, TIM4, TIM5, USB_OTG_FS]
2023-06-05 15:08:22,426 [INFO] Gpio:273 - dependency for GPIO [ADC1, RCC, TIM1, TIM2, TIM3, TIM4, TIM5, USB_OTG_FS]
2023-06-05 15:08:48,440 [INFO] Pin:2113 - value.trim() -axe-x
2023-06-05 15:08:48,440 [INFO] Pin:2114 - Pin value PA5
2023-06-05 15:11:36,814 [INFO] UtilMem:75 - End SaveConfig() Used Memory: 651337000 Bytes (830472192)
2023-06-05 15:11:38,461 [INFO] UtilMem:75 - End SaveConfig() Used Memory: 672302488 Bytes (830472192)
2023-06-05 15:11:41,261 [INFO] UtilMem:75 - End SaveConfig() Used Memory: 683377568 Bytes (830472192)
2023-06-05 15:11:41,593 [INFO] BlockDiagram:2759 - set Specific Code input for plugin: TIM1_8
2023-06-05 15:11:41,609 [INFO] BlockDiagram:2759 - set Specific Code input for plugin: TIM1_8
2023-06-05 15:11:41,609 [INFO] BlockDiagram:2759 - set Specific Code input for plugin: TIM1_8
2023-06-05 15:11:41,609 [INFO] BlockDiagram:2759 - set Specific Code input for plugin: TIM1_8
2023-06-05 15:11:41,609 [INFO] BlockDiagram:2759 - set Specific Code input for plugin: TIM1_8
2023-06-05 15:11:41,609 [INFO] BlockDiagram:2759 - set Specific Code input for plugin: USB_DEVICE
2023-06-05 15:11:41,609 [INFO] BlockDiagram:2759 - set Specific Code input for plugin: ADC
2023-06-05 15:11:41,609 [INFO] BlockDiagram:2759 - set Specific Code input for plugin: RCC
2023-06-05 15:11:41,609 [INFO] BlockDiagram:2759 - set Specific Code input for plugin: USB_OTG_FS
2023-06-05 15:11:41,609 [INFO] BlockDiagram:2759 - set Specific Code input for plugin: NVIC
2023-06-05 15:11:41,609 [INFO] BlockDiagram:2759 - set Specific Code input for plugin: DMA
2023-06-05 15:11:41,609 [INFO] BlockDiagram:2759 - set Specific Code input for plugin: GPIO
2023-06-05 15:11:41,609 [INFO] CodeGenerator:793 - code generatio: config db path: C:/Users/m-ali.khlifi-ext/.stm32cubemx/databases/DB.6.0.80/db/
2023-06-05 15:11:41,615 [INFO] Argument:319 - Argument : hdmavalue: null
2023-06-05 15:11:41,615 [INFO] Argument:321 - 	 sub Args: 
2023-06-05 15:11:41,615 [INFO] Argument:319 - Argument : Instancevalue: DMA2_Stream0
2023-06-05 15:11:41,615 [INFO] Argument:329 - Argument : Instancevalue: DMA2_Stream0
2023-06-05 15:11:41,615 [INFO] Argument:319 - Argument : Initvalue: null
2023-06-05 15:11:41,615 [INFO] Argument:321 - 	 sub Args: 
2023-06-05 15:11:41,615 [INFO] Argument:319 - Argument : Channelvalue: DMA_CHANNEL_0
2023-06-05 15:11:41,615 [INFO] Argument:329 - Argument : Channelvalue: DMA_CHANNEL_0
2023-06-05 15:11:41,615 [INFO] Argument:319 - Argument : Directionvalue: DMA_PERIPH_TO_MEMORY
2023-06-05 15:11:41,615 [INFO] Argument:329 - Argument : Directionvalue: DMA_PERIPH_TO_MEMORY
2023-06-05 15:11:41,615 [INFO] Argument:319 - Argument : PeriphIncvalue: DMA_PINC_DISABLE
2023-06-05 15:11:41,615 [INFO] Argument:329 - Argument : PeriphIncvalue: DMA_PINC_DISABLE
2023-06-05 15:11:41,615 [INFO] Argument:319 - Argument : MemIncvalue: DMA_MINC_ENABLE
2023-06-05 15:11:41,615 [INFO] Argument:329 - Argument : MemIncvalue: DMA_MINC_ENABLE
2023-06-05 15:11:41,615 [INFO] Argument:319 - Argument : PeriphDataAlignmentvalue: DMA_PDATAALIGN_WORD
2023-06-05 15:11:41,615 [INFO] Argument:329 - Argument : PeriphDataAlignmentvalue: DMA_PDATAALIGN_WORD
2023-06-05 15:11:41,615 [INFO] Argument:319 - Argument : MemDataAlignmentvalue: DMA_MDATAALIGN_WORD
2023-06-05 15:11:41,615 [INFO] Argument:329 - Argument : MemDataAlignmentvalue: DMA_MDATAALIGN_WORD
2023-06-05 15:11:41,615 [INFO] Argument:319 - Argument : Modevalue: DMA_CIRCULAR
2023-06-05 15:11:41,615 [INFO] Argument:329 - Argument : Modevalue: DMA_CIRCULAR
2023-06-05 15:11:41,615 [INFO] Argument:319 - Argument : Priorityvalue: DMA_PRIORITY_LOW
2023-06-05 15:11:41,615 [INFO] Argument:329 - Argument : Priorityvalue: DMA_PRIORITY_LOW
2023-06-05 15:11:41,615 [INFO] Argument:319 - Argument : FIFOModevalue: DMA_FIFOMODE_DISABLE
2023-06-05 15:11:41,615 [INFO] Argument:329 - Argument : FIFOModevalue: DMA_FIFOMODE_DISABLE
2023-06-05 15:11:41,615 [INFO] Argument:319 - Argument : FIFOThresholdvalue: null
2023-06-05 15:11:41,615 [INFO] Argument:329 - Argument : FIFOThresholdvalue: null
2023-06-05 15:11:41,615 [INFO] Argument:319 - Argument : MemBurstvalue: null
2023-06-05 15:11:41,615 [INFO] Argument:329 - Argument : MemBurstvalue: null
2023-06-05 15:11:41,615 [INFO] Argument:319 - Argument : PeriphBurstvalue: null
2023-06-05 15:11:41,615 [INFO] Argument:329 - Argument : PeriphBurstvalue: null
2023-06-05 15:11:41,615 [INFO] Argument:319 - Argument : Lockvalue: null
2023-06-05 15:11:41,615 [INFO] Argument:329 - Argument : Lockvalue: null
2023-06-05 15:11:41,615 [INFO] Argument:319 - Argument : Statevalue: null
2023-06-05 15:11:41,615 [INFO] Argument:329 - Argument : Statevalue: null
2023-06-05 15:11:41,615 [INFO] Argument:319 - Argument : Parentvalue: null
2023-06-05 15:11:41,615 [INFO] Argument:329 - Argument : Parentvalue: null
2023-06-05 15:11:41,615 [INFO] Argument:319 - Argument : XferCpltCallbackvalue: null
2023-06-05 15:11:41,615 [INFO] Argument:329 - Argument : XferCpltCallbackvalue: null
2023-06-05 15:11:41,615 [INFO] Argument:319 - Argument : XferHalfCpltCallbackvalue: null
2023-06-05 15:11:41,615 [INFO] Argument:329 - Argument : XferHalfCpltCallbackvalue: null
2023-06-05 15:11:41,615 [INFO] Argument:319 - Argument : XferM1CpltCallbackvalue: null
2023-06-05 15:11:41,615 [INFO] Argument:329 - Argument : XferM1CpltCallbackvalue: null
2023-06-05 15:11:41,615 [INFO] Argument:319 - Argument : XferErrorCallbackvalue: null
2023-06-05 15:11:41,615 [INFO] Argument:329 - Argument : XferErrorCallbackvalue: null
2023-06-05 15:11:41,615 [INFO] Argument:319 - Argument : ErrorCodevalue: null
2023-06-05 15:11:41,615 [INFO] Argument:329 - Argument : ErrorCodevalue: null
2023-06-05 15:11:41,662 [WARN] IP:2113 - DEVICE_SERIAL0_CDC_FS not found: check if there is a RefParameter without a condition.
2023-06-05 15:11:41,662 [WARN] IP:2113 - DEVICE_SERIAL1_CDC_FS not found: check if there is a RefParameter without a condition.
2023-06-05 15:11:41,662 [WARN] IP:2113 - DEVICE_SERIAL2_CDC_FS not found: check if there is a RefParameter without a condition.
2023-06-05 15:11:41,968 [INFO] CodeEngine:255 - oldGeneratedFile, C:\Users\m-ali.khlifi-ext\OneDrive - DELACHAUX SA\work2\cadilac1.1\MXTmpFiles\license.tmp_save
2023-06-05 15:11:42,159 [INFO] CodeEngine:279 - Generated code: C:\Users\m-ali.khlifi-ext\OneDrive - DELACHAUX SA\work2\cadilac1.1\MXTmpFiles\license.tmp
2023-06-05 15:11:42,268 [INFO] CodeEngine:255 - oldGeneratedFile, C:\Users\m-ali.khlifi-ext\OneDrive - DELACHAUX SA\work2\cadilac1.1\Core\Src\gpio.c_save
2023-06-05 15:11:42,481 [INFO] CodeEngine:279 - Generated code: C:\Users\m-ali.khlifi-ext\OneDrive - DELACHAUX SA\work2\cadilac1.1\Core\Src\gpio.c
2023-06-05 15:11:42,521 [INFO] CodeEngine:255 - oldGeneratedFile, C:\Users\m-ali.khlifi-ext\OneDrive - DELACHAUX SA\work2\cadilac1.1\Core\Inc\gpio.h_save
2023-06-05 15:11:42,750 [INFO] CodeEngine:279 - Generated code: C:\Users\m-ali.khlifi-ext\OneDrive - DELACHAUX SA\work2\cadilac1.1\Core\Inc\gpio.h
2023-06-05 15:11:42,897 [WARN] IPConfigManager:2937 - Warning: the RefConfig PWREx_EnableUSBVoltageDetector is not available in your config.xml file
2023-06-05 15:11:42,928 [INFO] CodeEngine:255 - oldGeneratedFile, C:\Users\m-ali.khlifi-ext\OneDrive - DELACHAUX SA\work2\cadilac1.1\MXTmpFiles\usb_otg_fs_vars.tmp_save
2023-06-05 15:11:43,082 [INFO] CodeEngine:279 - Generated code: C:\Users\m-ali.khlifi-ext\OneDrive - DELACHAUX SA\work2\cadilac1.1\MXTmpFiles\usb_otg_fs_vars.tmp
2023-06-05 15:11:43,098 [INFO] CodeEngine:255 - oldGeneratedFile, C:\Users\m-ali.khlifi-ext\OneDrive - DELACHAUX SA\work2\cadilac1.1\MXTmpFiles\usb_otg_fs_inc.tmp_save
2023-06-05 15:11:43,230 [INFO] CodeEngine:279 - Generated code: C:\Users\m-ali.khlifi-ext\OneDrive - DELACHAUX SA\work2\cadilac1.1\MXTmpFiles\usb_otg_fs_inc.tmp
2023-06-05 15:11:43,267 [INFO] CodeEngine:255 - oldGeneratedFile, C:\Users\m-ali.khlifi-ext\OneDrive - DELACHAUX SA\work2\cadilac1.1\MXTmpFiles\usb_otg_fs_HalInit.tmp_save
2023-06-05 15:11:43,382 [INFO] CodeEngine:279 - Generated code: C:\Users\m-ali.khlifi-ext\OneDrive - DELACHAUX SA\work2\cadilac1.1\MXTmpFiles\usb_otg_fs_HalInit.tmp
2023-06-05 15:11:43,414 [INFO] CodeEngine:255 - oldGeneratedFile, C:\Users\m-ali.khlifi-ext\OneDrive - DELACHAUX SA\work2\cadilac1.1\MXTmpFiles\usb_otg_fs_Msp.tmp_save
2023-06-05 15:11:43,514 [INFO] CodeEngine:279 - Generated code: C:\Users\m-ali.khlifi-ext\OneDrive - DELACHAUX SA\work2\cadilac1.1\MXTmpFiles\usb_otg_fs_Msp.tmp
2023-06-05 15:11:43,968 [INFO] Middleware:1439 - No code input for Bsp Dependency
2023-06-05 15:11:44,035 [INFO] CodeEngine:255 - oldGeneratedFile, C:\Users\m-ali.khlifi-ext\OneDrive - DELACHAUX SA\work2\cadilac1.1\Core\Src\adc.c_save
2023-06-05 15:11:44,215 [INFO] CodeEngine:279 - Generated code: C:\Users\m-ali.khlifi-ext\OneDrive - DELACHAUX SA\work2\cadilac1.1\Core\Src\adc.c
2023-06-05 15:11:44,253 [INFO] CodeEngine:255 - oldGeneratedFile, C:\Users\m-ali.khlifi-ext\OneDrive - DELACHAUX SA\work2\cadilac1.1\Core\Inc\adc.h_save
2023-06-05 15:11:44,413 [INFO] CodeEngine:279 - Generated code: C:\Users\m-ali.khlifi-ext\OneDrive - DELACHAUX SA\work2\cadilac1.1\Core\Inc\adc.h
2023-06-05 15:11:44,505 [INFO] CodeEngine:255 - oldGeneratedFile, C:\Users\m-ali.khlifi-ext\OneDrive - DELACHAUX SA\work2\cadilac1.1\Core\Src\dma.c_save
2023-06-05 15:11:44,694 [INFO] CodeEngine:279 - Generated code: C:\Users\m-ali.khlifi-ext\OneDrive - DELACHAUX SA\work2\cadilac1.1\Core\Src\dma.c
2023-06-05 15:11:44,710 [INFO] CodeEngine:255 - oldGeneratedFile, C:\Users\m-ali.khlifi-ext\OneDrive - DELACHAUX SA\work2\cadilac1.1\Core\Inc\dma.h_save
2023-06-05 15:11:44,826 [INFO] CodeEngine:279 - Generated code: C:\Users\m-ali.khlifi-ext\OneDrive - DELACHAUX SA\work2\cadilac1.1\Core\Inc\dma.h
2023-06-05 15:11:44,872 [INFO] CodeEngine:255 - oldGeneratedFile, C:\Users\m-ali.khlifi-ext\OneDrive - DELACHAUX SA\work2\cadilac1.1\Core\Src\tim.c_save
2023-06-05 15:11:45,116 [INFO] CodeEngine:279 - Generated code: C:\Users\m-ali.khlifi-ext\OneDrive - DELACHAUX SA\work2\cadilac1.1\Core\Src\tim.c
2023-06-05 15:11:45,162 [INFO] CodeEngine:255 - oldGeneratedFile, C:\Users\m-ali.khlifi-ext\OneDrive - DELACHAUX SA\work2\cadilac1.1\Core\Inc\tim.h_save
2023-06-05 15:11:45,263 [INFO] CodeEngine:279 - Generated code: C:\Users\m-ali.khlifi-ext\OneDrive - DELACHAUX SA\work2\cadilac1.1\Core\Inc\tim.h
2023-06-05 15:11:45,316 [INFO] Middleware:1439 - No code input for Bsp Dependency
2023-06-05 15:11:45,347 [INFO] CodeEngine:255 - oldGeneratedFile, C:\Users\m-ali.khlifi-ext\OneDrive - DELACHAUX SA\work2\cadilac1.1\USB_DEVICE\App\usb_device.c_save
2023-06-05 15:11:45,447 [INFO] CodeEngine:279 - Generated code: C:\Users\m-ali.khlifi-ext\OneDrive - DELACHAUX SA\work2\cadilac1.1\USB_DEVICE\App\usb_device.c
2023-06-05 15:11:45,479 [INFO] CodeEngine:255 - oldGeneratedFile, C:\Users\m-ali.khlifi-ext\OneDrive - DELACHAUX SA\work2\cadilac1.1\USB_DEVICE\App\usb_device.h_save
2023-06-05 15:11:45,617 [INFO] CodeEngine:279 - Generated code: C:\Users\m-ali.khlifi-ext\OneDrive - DELACHAUX SA\work2\cadilac1.1\USB_DEVICE\App\usb_device.h
2023-06-05 15:11:45,648 [INFO] CodeEngine:255 - oldGeneratedFile, C:\Users\m-ali.khlifi-ext\OneDrive - DELACHAUX SA\work2\cadilac1.1\USB_DEVICE\Target\usbd_conf.h_save
2023-06-05 15:11:45,748 [INFO] CodeEngine:279 - Generated code: C:\Users\m-ali.khlifi-ext\OneDrive - DELACHAUX SA\work2\cadilac1.1\USB_DEVICE\Target\usbd_conf.h
2023-06-05 15:11:45,779 [INFO] CodeEngine:255 - oldGeneratedFile, C:\Users\m-ali.khlifi-ext\OneDrive - DELACHAUX SA\work2\cadilac1.1\USB_DEVICE\Target\usbd_conf.c_save
2023-06-05 15:11:45,895 [INFO] CodeEngine:279 - Generated code: C:\Users\m-ali.khlifi-ext\OneDrive - DELACHAUX SA\work2\cadilac1.1\USB_DEVICE\Target\usbd_conf.c
2023-06-05 15:11:45,917 [INFO] CodeEngine:255 - oldGeneratedFile, C:\Users\m-ali.khlifi-ext\OneDrive - DELACHAUX SA\work2\cadilac1.1\USB_DEVICE\App\usbd_desc.h_save
2023-06-05 15:11:46,017 [INFO] CodeEngine:279 - Generated code: C:\Users\m-ali.khlifi-ext\OneDrive - DELACHAUX SA\work2\cadilac1.1\USB_DEVICE\App\usbd_desc.h
2023-06-05 15:11:46,033 [INFO] CodeEngine:255 - oldGeneratedFile, C:\Users\m-ali.khlifi-ext\OneDrive - DELACHAUX SA\work2\cadilac1.1\USB_DEVICE\App\usbd_desc.c_save
2023-06-05 15:11:46,149 [INFO] CodeEngine:279 - Generated code: C:\Users\m-ali.khlifi-ext\OneDrive - DELACHAUX SA\work2\cadilac1.1\USB_DEVICE\App\usbd_desc.c
2023-06-05 15:11:46,180 [INFO] CodeEngine:255 - oldGeneratedFile, C:\Users\m-ali.khlifi-ext\OneDrive - DELACHAUX SA\work2\cadilac1.1\USB_DEVICE\App\usbd_cdc_if.h_save
2023-06-05 15:11:46,265 [INFO] CodeEngine:279 - Generated code: C:\Users\m-ali.khlifi-ext\OneDrive - DELACHAUX SA\work2\cadilac1.1\USB_DEVICE\App\usbd_cdc_if.h
2023-06-05 15:11:46,296 [INFO] CodeEngine:255 - oldGeneratedFile, C:\Users\m-ali.khlifi-ext\OneDrive - DELACHAUX SA\work2\cadilac1.1\USB_DEVICE\App\usbd_cdc_if.c_save
2023-06-05 15:11:46,434 [INFO] CodeEngine:279 - Generated code: C:\Users\m-ali.khlifi-ext\OneDrive - DELACHAUX SA\work2\cadilac1.1\USB_DEVICE\App\usbd_cdc_if.c
2023-06-05 15:11:46,497 [INFO] CodeEngine:255 - oldGeneratedFile, C:\Users\m-ali.khlifi-ext\OneDrive - DELACHAUX SA\work2\cadilac1.1\Core\Src\stm32f4xx_it.c_save
2023-06-05 15:11:46,682 [INFO] CodeEngine:279 - Generated code: C:\Users\m-ali.khlifi-ext\OneDrive - DELACHAUX SA\work2\cadilac1.1\Core\Src\stm32f4xx_it.c
2023-06-05 15:11:46,713 [INFO] CodeEngine:255 - oldGeneratedFile, C:\Users\m-ali.khlifi-ext\OneDrive - DELACHAUX SA\work2\cadilac1.1\Core\Inc\stm32f4xx_it.h_save
2023-06-05 15:11:46,870 [INFO] CodeEngine:279 - Generated code: C:\Users\m-ali.khlifi-ext\OneDrive - DELACHAUX SA\work2\cadilac1.1\Core\Inc\stm32f4xx_it.h
2023-06-05 15:11:46,973 [INFO] CodeEngine:255 - oldGeneratedFile, C:\Users\m-ali.khlifi-ext\OneDrive - DELACHAUX SA\work2\cadilac1.1\Core\Src\stm32f4xx_hal_msp.c_save
2023-06-05 15:11:47,111 [INFO] CodeEngine:279 - Generated code: C:\Users\m-ali.khlifi-ext\OneDrive - DELACHAUX SA\work2\cadilac1.1\Core\Src\stm32f4xx_hal_msp.c
2023-06-05 15:11:47,132 [INFO] CodeEngine:255 - oldGeneratedFile, C:\Users\m-ali.khlifi-ext\OneDrive - DELACHAUX SA\work2\cadilac1.1\MXTmpFiles\system.tmp_save
2023-06-05 15:11:47,233 [INFO] CodeEngine:279 - Generated code: C:\Users\m-ali.khlifi-ext\OneDrive - DELACHAUX SA\work2\cadilac1.1\MXTmpFiles\system.tmp
2023-06-05 15:11:47,296 [INFO] CodeEngine:311 - oldGeneratedFile, C:\Users\m-ali.khlifi-ext\OneDrive - DELACHAUX SA\work2\cadilac1.1\Core\Inc\stm32f4xx_hal_conf.h_save
2023-06-05 15:11:47,413 [INFO] CodeEngine:335 - Generated code: C:\Users\m-ali.khlifi-ext\OneDrive - DELACHAUX SA\work2\cadilac1.1\Core\Inc\stm32f4xx_hal_conf.h
2023-06-05 15:11:47,455 [WARN] IPConfigManager:2937 - Warning: the RefConfig PLL2P_FOR_MCO is not available in your config.xml file
2023-06-05 15:11:47,505 [INFO] CodeEngine:255 - oldGeneratedFile, C:\Users\m-ali.khlifi-ext\OneDrive - DELACHAUX SA\work2\cadilac1.1\Core\Inc\main.h_save
2023-06-05 15:11:47,631 [INFO] CodeEngine:279 - Generated code: C:\Users\m-ali.khlifi-ext\OneDrive - DELACHAUX SA\work2\cadilac1.1\Core\Inc\main.h
2023-06-05 15:11:47,678 [INFO] CodeEngine:255 - oldGeneratedFile, C:\Users\m-ali.khlifi-ext\OneDrive - DELACHAUX SA\work2\cadilac1.1\Core\Src\main.c_save
2023-06-05 15:11:47,816 [INFO] CodeEngine:279 - Generated code: C:\Users\m-ali.khlifi-ext\OneDrive - DELACHAUX SA\work2\cadilac1.1\Core\Src\main.c
2023-06-05 15:11:50,330 [INFO] ProjectBuilder:2996 - Time for Copy HAL[1] : 1815mS.
2023-06-05 15:11:50,345 [INFO] ProjectBuilder:4304 - Project Generator version: 3.19.2
2023-06-05 15:11:50,762 [INFO] ConfigFileManager:1483 - The Die is : DIE421
2023-06-05 15:11:54,847 [INFO] ProjectBuilder:4505 - Time for Generating toolchain IDE Files: 4502mS.
2023-06-05 15:11:54,847 [INFO] ProjectBuilder:2867 - Time for Copy CMSIS : 0mS.
2023-06-05 15:11:54,869 [INFO] ProjectBuilder:2867 - Time for Copy CMSIS : 0mS.
