2023-10-25 15:27:47,380 [ERROR] LogOutputStream:75 - [STDERR_REDIRECT] Error while informing user about event loop exception:
2023-10-25 15:27:47,380 [ERROR] LogOutputStream:75 - [STDERR_REDIRECT] org.eclipse.swt.SWTError: No more handles
2023-10-25 15:27:47,380 [ERROR] LogOutputStream:75 - [STDERR_REDIRECT] 	at org.eclipse.swt.SWT.error(SWT.java:4944)
2023-10-25 15:27:47,395 [ERROR] LogOutputStream:75 - [STDERR_REDIRECT] 	at org.eclipse.swt.SWT.error(SWT.java:4833)
2023-10-25 15:27:47,395 [ERROR] LogOutputStream:75 - [STDERR_REDIRECT] 	at org.eclipse.swt.SWT.error(SWT.java:4804)
2023-10-25 15:27:47,395 [ERROR] LogOutputStream:75 - [STDERR_REDIRECT] 	at org.eclipse.swt.widgets.Widget.error(Widget.java:447)
2023-10-25 15:27:47,395 [ERROR] LogOutputStream:75 - [STDERR_REDIRECT] 	at org.eclipse.swt.widgets.Control.internal_new_GC(Control.java:1776)
2023-10-25 15:27:47,395 [ERROR] LogOutputStream:75 - [STDERR_REDIRECT] 	at org.eclipse.swt.graphics.GC.win32_new(GC.java:5090)
2023-10-25 15:27:47,395 [ERROR] LogOutputStream:75 - [STDERR_REDIRECT] 	at org.eclipse.swt.widgets.Composite.WM_PAINT(Composite.java:1548)
2023-10-25 15:27:47,395 [ERROR] LogOutputStream:75 - [STDERR_REDIRECT] 	at org.eclipse.swt.widgets.Control.windowProc(Control.java:4803)
2023-10-25 15:27:47,411 [ERROR] LogOutputStream:75 - [STDERR_REDIRECT] 	at org.eclipse.swt.widgets.Canvas.windowProc(Canvas.java:340)
2023-10-25 15:27:47,411 [ERROR] LogOutputStream:75 - [STDERR_REDIRECT] 	at org.eclipse.swt.widgets.Display.windowProc(Display.java:5023)
2023-10-25 15:27:47,411 [ERROR] LogOutputStream:75 - [STDERR_REDIRECT] 	at org.eclipse.swt.internal.win32.OS.DispatchMessage(Native Method)
2023-10-25 15:27:47,411 [ERROR] LogOutputStream:75 - [STDERR_REDIRECT] 	at org.eclipse.swt.widgets.Display.readAndDispatch(Display.java:3630)
2023-10-25 15:27:47,411 [ERROR] LogOutputStream:75 - [STDERR_REDIRECT] 	at org.eclipse.e4.ui.internal.workbench.swt.PartRenderingEngine$5.run(PartRenderingEngine.java:1155)
2023-10-25 15:27:47,411 [ERROR] LogOutputStream:75 - [STDERR_REDIRECT] 	at org.eclipse.core.databinding.observable.Realm.runWithDefault(Realm.java:338)
2023-10-25 15:27:47,411 [ERROR] LogOutputStream:75 - [STDERR_REDIRECT] 	at org.eclipse.e4.ui.internal.workbench.swt.PartRenderingEngine.run(PartRenderingEngine.java:1046)
2023-10-25 15:27:47,411 [ERROR] LogOutputStream:75 - [STDERR_REDIRECT] 	at org.eclipse.e4.ui.internal.workbench.E4Workbench.createAndRunUI(E4Workbench.java:155)
2023-10-25 15:27:47,427 [ERROR] LogOutputStream:75 - [STDERR_REDIRECT] 	at org.eclipse.ui.internal.Workbench.lambda$3(Workbench.java:644)
2023-10-25 15:27:47,427 [ERROR] LogOutputStream:75 - [STDERR_REDIRECT] 	at org.eclipse.core.databinding.observable.Realm.runWithDefault(Realm.java:338)
2023-10-25 15:27:47,427 [ERROR] LogOutputStream:75 - [STDERR_REDIRECT] 	at org.eclipse.ui.internal.Workbench.createAndRunWorkbench(Workbench.java:551)
2023-10-25 15:27:47,427 [ERROR] LogOutputStream:75 - [STDERR_REDIRECT] 	at org.eclipse.ui.PlatformUI.createAndRunWorkbench(PlatformUI.java:156)
2023-10-25 15:27:47,433 [ERROR] LogOutputStream:75 - [STDERR_REDIRECT] 	at org.eclipse.ui.internal.ide.application.IDEApplication.start(IDEApplication.java:152)
2023-10-25 15:27:47,433 [ERROR] LogOutputStream:75 - [STDERR_REDIRECT] 	at org.eclipse.equinox.internal.app.EclipseAppHandle.run(EclipseAppHandle.java:203)
2023-10-25 15:27:47,433 [ERROR] LogOutputStream:75 - [STDERR_REDIRECT] 	at org.eclipse.core.runtime.internal.adaptor.EclipseAppLauncher.runApplication(EclipseAppLauncher.java:136)
2023-10-25 15:27:47,433 [ERROR] LogOutputStream:75 - [STDERR_REDIRECT] 	at org.eclipse.core.runtime.internal.adaptor.EclipseAppLauncher.start(EclipseAppLauncher.java:104)
2023-10-25 15:27:47,464 [ERROR] LogOutputStream:75 - [STDERR_REDIRECT] 	at org.eclipse.core.runtime.adaptor.EclipseStarter.run(EclipseStarter.java:401)
2023-10-25 15:27:47,464 [ERROR] LogOutputStream:75 - [STDERR_REDIRECT] 	at org.eclipse.core.runtime.adaptor.EclipseStarter.run(EclipseStarter.java:255)
2023-10-25 15:27:47,464 [ERROR] LogOutputStream:75 - [STDERR_REDIRECT] 	at java.base/jdk.internal.reflect.NativeMethodAccessorImpl.invoke0(Native Method)
2023-10-25 15:27:47,464 [ERROR] LogOutputStream:75 - [STDERR_REDIRECT] 	at java.base/jdk.internal.reflect.NativeMethodAccessorImpl.invoke(NativeMethodAccessorImpl.java:62)
2023-10-25 15:27:47,464 [ERROR] LogOutputStream:75 - [STDERR_REDIRECT] 	at java.base/jdk.internal.reflect.DelegatingMethodAccessorImpl.invoke(DelegatingMethodAccessorImpl.java:43)
2023-10-25 15:27:47,464 [ERROR] LogOutputStream:75 - [STDERR_REDIRECT] 	at java.base/java.lang.reflect.Method.invoke(Method.java:566)
2023-10-25 15:27:47,480 [ERROR] LogOutputStream:75 - [STDERR_REDIRECT] 	at org.eclipse.equinox.launcher.Main.invokeFramework(Main.java:659)
2023-10-25 15:27:47,480 [ERROR] LogOutputStream:75 - [STDERR_REDIRECT] 	at org.eclipse.equinox.launcher.Main.basicRun(Main.java:596)
2023-10-25 15:27:47,480 [ERROR] LogOutputStream:75 - [STDERR_REDIRECT] 	at org.eclipse.equinox.launcher.Main.run(Main.java:1467)
2023-10-25 15:27:47,480 [ERROR] LogOutputStream:75 - [STDERR_REDIRECT] Dialog open exception:
2023-10-25 15:27:47,480 [ERROR] LogOutputStream:75 - [STDERR_REDIRECT] org.eclipse.swt.SWTError: No more handles
2023-10-25 15:27:47,480 [ERROR] LogOutputStream:75 - [STDERR_REDIRECT] 	at org.eclipse.swt.SWT.error(SWT.java:4944)
2023-10-25 15:27:47,480 [ERROR] LogOutputStream:75 - [STDERR_REDIRECT] 	at org.eclipse.swt.SWT.error(SWT.java:4833)
2023-10-25 15:27:47,480 [ERROR] LogOutputStream:75 - [STDERR_REDIRECT] 	at org.eclipse.swt.SWT.error(SWT.java:4804)
2023-10-25 15:27:47,480 [ERROR] LogOutputStream:75 - [STDERR_REDIRECT] 	at org.eclipse.swt.graphics.Image.createGdipImage(Image.java:990)
2023-10-25 15:27:47,480 [ERROR] LogOutputStream:75 - [STDERR_REDIRECT] 	at org.eclipse.swt.graphics.GC.drawImage(GC.java:1002)
2023-10-25 15:27:47,496 [ERROR] LogOutputStream:75 - [STDERR_REDIRECT] 	at org.eclipse.swt.graphics.GC.drawImage(GC.java:993)
2023-10-25 15:27:47,496 [ERROR] LogOutputStream:75 - [STDERR_REDIRECT] 	at org.eclipse.swt.custom.CTabFolderRenderer.drawUnselected(CTabFolderRenderer.java:1608)
2023-10-25 15:27:47,502 [ERROR] LogOutputStream:75 - [STDERR_REDIRECT] 	at org.eclipse.swt.custom.CTabFolderRenderer.draw(CTabFolderRenderer.java:619)
2023-10-25 15:27:47,502 [ERROR] LogOutputStream:75 - [STDERR_REDIRECT] 	at org.eclipse.e4.ui.workbench.renderers.swt.CTabRendering.draw(CTabRendering.java:291)
2023-10-25 15:27:47,502 [ERROR] LogOutputStream:75 - [STDERR_REDIRECT] 	at org.eclipse.swt.custom.CTabFolder.onPaint(CTabFolder.java:2081)
2023-10-25 15:27:47,502 [ERROR] LogOutputStream:75 - [STDERR_REDIRECT] 	at org.eclipse.swt.custom.CTabFolder.lambda$0(CTabFolder.java:337)
2023-10-25 15:27:47,502 [ERROR] LogOutputStream:75 - [STDERR_REDIRECT] 	at org.eclipse.swt.widgets.EventTable.sendEvent(EventTable.java:89)
2023-10-25 15:27:47,502 [ERROR] LogOutputStream:75 - [STDERR_REDIRECT] 	at org.eclipse.swt.widgets.Display.sendEvent(Display.java:4243)
2023-10-25 15:27:47,502 [ERROR] LogOutputStream:75 - [STDERR_REDIRECT] 	at org.eclipse.swt.widgets.Widget.sendEvent(Widget.java:1063)
2023-10-25 15:27:47,502 [ERROR] LogOutputStream:75 - [STDERR_REDIRECT] 	at org.eclipse.swt.widgets.Widget.sendEvent(Widget.java:1087)
2023-10-25 15:27:47,502 [ERROR] LogOutputStream:75 - [STDERR_REDIRECT] 	at org.eclipse.swt.widgets.Widget.sendEvent(Widget.java:1072)
2023-10-25 15:27:47,502 [ERROR] LogOutputStream:75 - [STDERR_REDIRECT] 	at org.eclipse.swt.widgets.Composite.WM_PAINT(Composite.java:1536)
2023-10-25 15:27:47,517 [ERROR] LogOutputStream:75 - [STDERR_REDIRECT] 	at org.eclipse.swt.widgets.Control.windowProc(Control.java:4803)
2023-10-25 15:27:47,517 [ERROR] LogOutputStream:75 - [STDERR_REDIRECT] 	at org.eclipse.swt.widgets.Display.windowProc(Display.java:5023)
2023-10-25 15:27:47,517 [ERROR] LogOutputStream:75 - [STDERR_REDIRECT] 	at org.eclipse.swt.internal.win32.OS.RedrawWindow(Native Method)
2023-10-25 15:27:47,517 [ERROR] LogOutputStream:75 - [STDERR_REDIRECT] 	at org.eclipse.swt.widgets.Control.update(Control.java:4590)
2023-10-25 15:27:47,517 [ERROR] LogOutputStream:75 - [STDERR_REDIRECT] 	at org.eclipse.swt.widgets.Display.update(Display.java:4986)
2023-10-25 15:27:47,517 [ERROR] LogOutputStream:75 - [STDERR_REDIRECT] 	at org.eclipse.jface.window.Window.runEventLoop(Window.java:830)
2023-10-25 15:27:47,517 [ERROR] LogOutputStream:75 - [STDERR_REDIRECT] 	at org.eclipse.jface.window.Window.open(Window.java:799)
2023-10-25 15:27:47,517 [ERROR] LogOutputStream:75 - [STDERR_REDIRECT] 	at org.eclipse.ui.internal.ide.dialogs.InternalErrorDialog.open(InternalErrorDialog.java:85)
2023-10-25 15:27:47,533 [ERROR] LogOutputStream:75 - [STDERR_REDIRECT] 	at org.eclipse.ui.internal.ide.IDEWorkbenchErrorHandler.openQuestionDialog(IDEWorkbenchErrorHandler.java:188)
2023-10-25 15:27:47,533 [ERROR] LogOutputStream:75 - [STDERR_REDIRECT] 	at org.eclipse.ui.internal.ide.IDEWorkbenchErrorHandler.handleException(IDEWorkbenchErrorHandler.java:147)
2023-10-25 15:27:47,533 [ERROR] LogOutputStream:75 - [STDERR_REDIRECT] 	at org.eclipse.ui.internal.ide.IDEWorkbenchErrorHandler$1.runInUIThread(IDEWorkbenchErrorHandler.java:115)
2023-10-25 15:27:47,533 [ERROR] LogOutputStream:75 - [STDERR_REDIRECT] 	at org.eclipse.ui.progress.UIJob.lambda$0(UIJob.java:95)
2023-10-25 15:27:47,533 [ERROR] LogOutputStream:75 - [STDERR_REDIRECT] 	at org.eclipse.swt.widgets.RunnableLock.run(RunnableLock.java:40)
2023-10-25 15:27:47,533 [ERROR] LogOutputStream:75 - [STDERR_REDIRECT] 	at org.eclipse.swt.widgets.Synchronizer.runAsyncMessages(Synchronizer.java:185)
2023-10-25 15:27:47,533 [ERROR] LogOutputStream:75 - [STDERR_REDIRECT] 	at org.eclipse.swt.widgets.Display.runAsyncMessages(Display.java:4035)
2023-10-25 15:27:47,533 [ERROR] LogOutputStream:75 - [STDERR_REDIRECT] 	at org.eclipse.swt.widgets.Display.readAndDispatch(Display.java:3635)
2023-10-25 15:27:47,533 [ERROR] LogOutputStream:75 - [STDERR_REDIRECT] 	at org.eclipse.e4.ui.internal.workbench.swt.PartRenderingEngine$5.run(PartRenderingEngine.java:1155)
2023-10-25 15:27:47,549 [ERROR] LogOutputStream:75 - [STDERR_REDIRECT] 	at org.eclipse.core.databinding.observable.Realm.runWithDefault(Realm.java:338)
2023-10-25 15:27:47,549 [ERROR] LogOutputStream:75 - [STDERR_REDIRECT] 	at org.eclipse.e4.ui.internal.workbench.swt.PartRenderingEngine.run(PartRenderingEngine.java:1046)
2023-10-25 15:27:47,549 [ERROR] LogOutputStream:75 - [STDERR_REDIRECT] 	at org.eclipse.e4.ui.internal.workbench.E4Workbench.createAndRunUI(E4Workbench.java:155)
2023-10-25 15:27:47,549 [ERROR] LogOutputStream:75 - [STDERR_REDIRECT] 	at org.eclipse.ui.internal.Workbench.lambda$3(Workbench.java:644)
2023-10-25 15:27:47,549 [ERROR] LogOutputStream:75 - [STDERR_REDIRECT] 	at org.eclipse.core.databinding.observable.Realm.runWithDefault(Realm.java:338)
2023-10-25 15:27:47,549 [ERROR] LogOutputStream:75 - [STDERR_REDIRECT] 	at org.eclipse.ui.internal.Workbench.createAndRunWorkbench(Workbench.java:551)
2023-10-25 15:27:47,565 [ERROR] LogOutputStream:75 - [STDERR_REDIRECT] 	at org.eclipse.ui.PlatformUI.createAndRunWorkbench(PlatformUI.java:156)
2023-10-25 15:27:47,565 [ERROR] LogOutputStream:75 - [STDERR_REDIRECT] 	at org.eclipse.ui.internal.ide.application.IDEApplication.start(IDEApplication.java:152)
2023-10-25 15:27:47,565 [ERROR] LogOutputStream:75 - [STDERR_REDIRECT] 	at org.eclipse.equinox.internal.app.EclipseAppHandle.run(EclipseAppHandle.java:203)
2023-10-25 15:27:47,565 [ERROR] LogOutputStream:75 - [STDERR_REDIRECT] 	at org.eclipse.core.runtime.internal.adaptor.EclipseAppLauncher.runApplication(EclipseAppLauncher.java:136)
2023-10-25 15:27:47,565 [ERROR] LogOutputStream:75 - [STDERR_REDIRECT] 	at org.eclipse.core.runtime.internal.adaptor.EclipseAppLauncher.start(EclipseAppLauncher.java:104)
2023-10-25 15:27:47,565 [ERROR] LogOutputStream:75 - [STDERR_REDIRECT] 	at org.eclipse.core.runtime.adaptor.EclipseStarter.run(EclipseStarter.java:401)
2023-10-25 15:27:47,565 [ERROR] LogOutputStream:75 - [STDERR_REDIRECT] 	at org.eclipse.core.runtime.adaptor.EclipseStarter.run(EclipseStarter.java:255)
2023-10-25 15:27:47,565 [ERROR] LogOutputStream:75 - [STDERR_REDIRECT] 	at java.base/jdk.internal.reflect.NativeMethodAccessorImpl.invoke0(Native Method)
2023-10-25 15:27:47,581 [ERROR] LogOutputStream:75 - [STDERR_REDIRECT] 	at java.base/jdk.internal.reflect.NativeMethodAccessorImpl.invoke(NativeMethodAccessorImpl.java:62)
2023-10-25 15:27:47,581 [ERROR] LogOutputStream:75 - [STDERR_REDIRECT] 	at java.base/jdk.internal.reflect.DelegatingMethodAccessorImpl.invoke(DelegatingMethodAccessorImpl.java:43)
2023-10-25 15:27:47,581 [ERROR] LogOutputStream:75 - [STDERR_REDIRECT] 	at java.base/java.lang.reflect.Method.invoke(Method.java:566)
2023-10-25 15:27:47,581 [ERROR] LogOutputStream:75 - [STDERR_REDIRECT] 	at org.eclipse.equinox.launcher.Main.invokeFramework(Main.java:659)
2023-10-25 15:27:47,581 [ERROR] LogOutputStream:75 - [STDERR_REDIRECT] 	at org.eclipse.equinox.launcher.Main.basicRun(Main.java:596)
2023-10-25 15:27:47,589 [ERROR] LogOutputStream:75 - [STDERR_REDIRECT] 	at org.eclipse.equinox.launcher.Main.run(Main.java:1467)
2023-10-25 15:27:47,589 [ERROR] LogOutputStream:75 - [STDERR_REDIRECT] 	Suppressed: org.eclipse.swt.SWTError: No more handles
2023-10-25 15:27:47,589 [ERROR] LogOutputStream:75 - [STDERR_REDIRECT] 		at org.eclipse.swt.SWT.error(SWT.java:4944)
2023-10-25 15:27:47,589 [ERROR] LogOutputStream:75 - [STDERR_REDIRECT] 		at org.eclipse.swt.SWT.error(SWT.java:4833)
2023-10-25 15:27:47,589 [ERROR] LogOutputStream:75 - [STDERR_REDIRECT] 		at org.eclipse.swt.SWT.error(SWT.java:4804)
2023-10-25 15:27:47,589 [ERROR] LogOutputStream:75 - [STDERR_REDIRECT] 		at org.eclipse.swt.widgets.Widget.error(Widget.java:447)
2023-10-25 15:27:47,589 [ERROR] LogOutputStream:75 - [STDERR_REDIRECT] 		at org.eclipse.swt.widgets.Control.internal_new_GC(Control.java:1776)
2023-10-25 15:27:47,589 [ERROR] LogOutputStream:75 - [STDERR_REDIRECT] 		at org.eclipse.swt.graphics.GC.win32_new(GC.java:5090)
2023-10-25 15:27:47,589 [ERROR] LogOutputStream:75 - [STDERR_REDIRECT] 		at org.eclipse.swt.widgets.Composite.WM_PAINT(Composite.java:1548)
2023-10-25 15:27:47,589 [ERROR] LogOutputStream:75 - [STDERR_REDIRECT] 		at org.eclipse.swt.widgets.Control.windowProc(Control.java:4803)
2023-10-25 15:27:47,589 [ERROR] LogOutputStream:75 - [STDERR_REDIRECT] 		at org.eclipse.swt.widgets.Canvas.windowProc(Canvas.java:340)
2023-10-25 15:27:47,589 [ERROR] LogOutputStream:75 - [STDERR_REDIRECT] 		... 36 more
2023-10-25 15:27:47,589 [ERROR] LogOutputStream:75 - [STDERR_REDIRECT] 	Suppressed: org.eclipse.swt.SWTError: No more handles
2023-10-25 15:27:47,604 [ERROR] LogOutputStream:75 - [STDERR_REDIRECT] 		at org.eclipse.swt.SWT.error(SWT.java:4944)
2023-10-25 15:27:47,604 [ERROR] LogOutputStream:75 - [STDERR_REDIRECT] 		at org.eclipse.swt.SWT.error(SWT.java:4833)
2023-10-25 15:27:47,604 [ERROR] LogOutputStream:75 - [STDERR_REDIRECT] 		at org.eclipse.swt.SWT.error(SWT.java:4804)
2023-10-25 15:27:47,604 [ERROR] LogOutputStream:75 - [STDERR_REDIRECT] 		at org.eclipse.swt.widgets.Widget.error(Widget.java:447)
2023-10-25 15:27:47,604 [ERROR] LogOutputStream:75 - [STDERR_REDIRECT] 		at org.eclipse.swt.widgets.Control.internal_new_GC(Control.java:1776)
2023-10-25 15:27:47,604 [ERROR] LogOutputStream:75 - [STDERR_REDIRECT] 		at org.eclipse.swt.graphics.GC.win32_new(GC.java:5090)
2023-10-25 15:27:47,604 [ERROR] LogOutputStream:75 - [STDERR_REDIRECT] 		at org.eclipse.swt.widgets.Composite.WM_PAINT(Composite.java:1548)
2023-10-25 15:27:47,604 [ERROR] LogOutputStream:75 - [STDERR_REDIRECT] 		at org.eclipse.swt.widgets.Control.windowProc(Control.java:4803)
2023-10-25 15:27:47,604 [ERROR] LogOutputStream:75 - [STDERR_REDIRECT] 		at org.eclipse.swt.widgets.Canvas.windowProc(Canvas.java:340)
2023-10-25 15:27:47,604 [ERROR] LogOutputStream:75 - [STDERR_REDIRECT] 		... 36 more
2023-10-25 15:27:47,604 [ERROR] LogOutputStream:75 - [STDERR_REDIRECT] 	Suppressed: org.eclipse.swt.SWTError: No more handles
2023-10-25 15:27:47,604 [ERROR] LogOutputStream:75 - [STDERR_REDIRECT] 		at org.eclipse.swt.SWT.error(SWT.java:4944)
2023-10-25 15:27:47,620 [ERROR] LogOutputStream:75 - [STDERR_REDIRECT] 		at org.eclipse.swt.SWT.error(SWT.java:4833)
2023-10-25 15:27:47,620 [ERROR] LogOutputStream:75 - [STDERR_REDIRECT] 		at org.eclipse.swt.SWT.error(SWT.java:4804)
2023-10-25 15:27:47,620 [ERROR] LogOutputStream:75 - [STDERR_REDIRECT] 		at org.eclipse.swt.widgets.Widget.error(Widget.java:447)
2023-10-25 15:27:47,620 [ERROR] LogOutputStream:75 - [STDERR_REDIRECT] 		at org.eclipse.swt.widgets.Control.internal_new_GC(Control.java:1776)
2023-10-25 15:27:47,620 [ERROR] LogOutputStream:75 - [STDERR_REDIRECT] 		at org.eclipse.swt.graphics.GC.win32_new(GC.java:5090)
2023-10-25 15:27:47,620 [ERROR] LogOutputStream:75 - [STDERR_REDIRECT] 		at org.eclipse.swt.widgets.Composite.WM_PAINT(Composite.java:1548)
2023-10-25 15:27:47,620 [ERROR] LogOutputStream:75 - [STDERR_REDIRECT] 		at org.eclipse.swt.widgets.Control.windowProc(Control.java:4803)
2023-10-25 15:27:47,620 [ERROR] LogOutputStream:75 - [STDERR_REDIRECT] 		at org.eclipse.swt.widgets.Canvas.windowProc(Canvas.java:340)
2023-10-25 15:27:47,620 [ERROR] LogOutputStream:75 - [STDERR_REDIRECT] 		... 36 more
2023-10-25 15:27:47,620 [ERROR] LogOutputStream:75 - [STDERR_REDIRECT] 	Suppressed: org.eclipse.swt.SWTError: No more handles
2023-10-25 15:27:47,620 [ERROR] LogOutputStream:75 - [STDERR_REDIRECT] 		at org.eclipse.swt.SWT.error(SWT.java:4944)
2023-10-25 15:27:47,633 [ERROR] LogOutputStream:75 - [STDERR_REDIRECT] 		at org.eclipse.swt.SWT.error(SWT.java:4833)
2023-10-25 15:27:47,633 [ERROR] LogOutputStream:75 - [STDERR_REDIRECT] 		at org.eclipse.swt.SWT.error(SWT.java:4804)
2023-10-25 15:27:47,633 [ERROR] LogOutputStream:75 - [STDERR_REDIRECT] 		at org.eclipse.swt.widgets.Widget.error(Widget.java:447)
2023-10-25 15:27:47,633 [ERROR] LogOutputStream:75 - [STDERR_REDIRECT] 		at org.eclipse.swt.widgets.Control.internal_new_GC(Control.java:1776)
2023-10-25 15:27:47,633 [ERROR] LogOutputStream:75 - [STDERR_REDIRECT] 		at org.eclipse.swt.graphics.GC.win32_new(GC.java:5090)
2023-10-25 15:27:47,633 [ERROR] LogOutputStream:75 - [STDERR_REDIRECT] 		at org.eclipse.swt.widgets.Composite.WM_PAINT(Composite.java:1548)
2023-10-25 15:27:47,633 [ERROR] LogOutputStream:75 - [STDERR_REDIRECT] 		at org.eclipse.swt.widgets.Control.windowProc(Control.java:4803)
2023-10-25 15:27:47,633 [ERROR] LogOutputStream:75 - [STDERR_REDIRECT] 		at org.eclipse.swt.widgets.Canvas.windowProc(Canvas.java:340)
2023-10-25 15:27:47,633 [ERROR] LogOutputStream:75 - [STDERR_REDIRECT] 		... 36 more
2023-10-25 15:27:47,633 [ERROR] LogOutputStream:75 - [STDERR_REDIRECT] 	Suppressed: org.eclipse.swt.SWTError: No more handles
2023-10-25 15:27:47,633 [ERROR] LogOutputStream:75 - [STDERR_REDIRECT] 		at org.eclipse.swt.SWT.error(SWT.java:4944)
2023-10-25 15:27:47,633 [ERROR] LogOutputStream:75 - [STDERR_REDIRECT] 		at org.eclipse.swt.SWT.error(SWT.java:4833)
2023-10-25 15:27:47,633 [ERROR] LogOutputStream:75 - [STDERR_REDIRECT] 		at org.eclipse.swt.SWT.error(SWT.java:4804)
2023-10-25 15:27:47,633 [ERROR] LogOutputStream:75 - [STDERR_REDIRECT] 		at org.eclipse.swt.widgets.Widget.error(Widget.java:447)
2023-10-25 15:27:47,649 [ERROR] LogOutputStream:75 - [STDERR_REDIRECT] 		at org.eclipse.swt.widgets.Control.internal_new_GC(Control.java:1776)
2023-10-25 15:27:47,649 [ERROR] LogOutputStream:75 - [STDERR_REDIRECT] 		at org.eclipse.swt.graphics.GC.win32_new(GC.java:5090)
2023-10-25 15:27:47,649 [ERROR] LogOutputStream:75 - [STDERR_REDIRECT] 		at org.eclipse.swt.widgets.Composite.WM_PAINT(Composite.java:1548)
2023-10-25 15:27:47,649 [ERROR] LogOutputStream:75 - [STDERR_REDIRECT] 		at org.eclipse.swt.widgets.Control.windowProc(Control.java:4803)
2023-10-25 15:27:47,649 [ERROR] LogOutputStream:75 - [STDERR_REDIRECT] 		at org.eclipse.swt.widgets.Canvas.windowProc(Canvas.java:340)
2023-10-25 15:27:47,649 [ERROR] LogOutputStream:75 - [STDERR_REDIRECT] 		... 36 more
2023-10-25 15:27:47,649 [ERROR] LogOutputStream:75 - [STDERR_REDIRECT] 	Suppressed: org.eclipse.swt.SWTError: No more handles
2023-10-25 15:27:47,649 [ERROR] LogOutputStream:75 - [STDERR_REDIRECT] 		at org.eclipse.swt.SWT.error(SWT.java:4944)
2023-10-25 15:27:47,649 [ERROR] LogOutputStream:75 - [STDERR_REDIRECT] 		at org.eclipse.swt.SWT.error(SWT.java:4833)
2023-10-25 15:27:47,649 [ERROR] LogOutputStream:75 - [STDERR_REDIRECT] 		at org.eclipse.swt.SWT.error(SWT.java:4804)
2023-10-25 15:27:47,649 [ERROR] LogOutputStream:75 - [STDERR_REDIRECT] 		at org.eclipse.swt.widgets.Widget.error(Widget.java:447)
2023-10-25 15:27:47,649 [ERROR] LogOutputStream:75 - [STDERR_REDIRECT] 		at org.eclipse.swt.widgets.Control.internal_new_GC(Control.java:1776)
2023-10-25 15:27:47,649 [ERROR] LogOutputStream:75 - [STDERR_REDIRECT] 		at org.eclipse.swt.graphics.GC.win32_new(GC.java:5090)
2023-10-25 15:27:47,665 [ERROR] LogOutputStream:75 - [STDERR_REDIRECT] 		at org.eclipse.swt.widgets.Composite.WM_PAINT(Composite.java:1548)
2023-10-25 15:27:47,665 [ERROR] LogOutputStream:75 - [STDERR_REDIRECT] 		at org.eclipse.swt.widgets.Control.windowProc(Control.java:4803)
2023-10-25 15:27:47,665 [ERROR] LogOutputStream:75 - [STDERR_REDIRECT] 		at org.eclipse.swt.widgets.Canvas.windowProc(Canvas.java:340)
2023-10-25 15:27:47,665 [ERROR] LogOutputStream:75 - [STDERR_REDIRECT] 		... 36 more
2023-10-25 15:27:47,665 [ERROR] LogOutputStream:75 - [STDERR_REDIRECT] 	Suppressed: org.eclipse.swt.SWTError: No more handles
2023-10-25 15:27:47,665 [ERROR] LogOutputStream:75 - [STDERR_REDIRECT] 		at org.eclipse.swt.SWT.error(SWT.java:4944)
2023-10-25 15:27:47,665 [ERROR] LogOutputStream:75 - [STDERR_REDIRECT] 		at org.eclipse.swt.SWT.error(SWT.java:4833)
2023-10-25 15:27:47,665 [ERROR] LogOutputStream:75 - [STDERR_REDIRECT] 		at org.eclipse.swt.SWT.error(SWT.java:4804)
2023-10-25 15:27:47,665 [ERROR] LogOutputStream:75 - [STDERR_REDIRECT] 		at org.eclipse.swt.widgets.Widget.error(Widget.java:447)
2023-10-25 15:27:47,665 [ERROR] LogOutputStream:75 - [STDERR_REDIRECT] 		at org.eclipse.swt.widgets.Control.internal_new_GC(Control.java:1776)
2023-10-25 15:27:47,680 [ERROR] LogOutputStream:75 - [STDERR_REDIRECT] 		at org.eclipse.swt.graphics.GC.win32_new(GC.java:5090)
2023-10-25 15:27:47,680 [ERROR] LogOutputStream:75 - [STDERR_REDIRECT] 		at org.eclipse.swt.widgets.Composite.WM_PAINT(Composite.java:1548)
2023-10-25 15:27:47,680 [ERROR] LogOutputStream:75 - [STDERR_REDIRECT] 		at org.eclipse.swt.widgets.Control.windowProc(Control.java:4803)
2023-10-25 15:27:47,680 [ERROR] LogOutputStream:75 - [STDERR_REDIRECT] 		at org.eclipse.swt.widgets.Canvas.windowProc(Canvas.java:340)
2023-10-25 15:27:47,680 [ERROR] LogOutputStream:75 - [STDERR_REDIRECT] 		... 36 more
2023-10-25 15:27:47,680 [ERROR] LogOutputStream:75 - [STDERR_REDIRECT] 	Suppressed: org.eclipse.swt.SWTError: No more handles
2023-10-25 15:27:47,680 [ERROR] LogOutputStream:75 - [STDERR_REDIRECT] 		at org.eclipse.swt.SWT.error(SWT.java:4944)
2023-10-25 15:27:47,680 [ERROR] LogOutputStream:75 - [STDERR_REDIRECT] 		at org.eclipse.swt.SWT.error(SWT.java:4833)
2023-10-25 15:27:47,680 [ERROR] LogOutputStream:75 - [STDERR_REDIRECT] 		at org.eclipse.swt.SWT.error(SWT.java:4804)
2023-10-25 15:27:47,680 [ERROR] LogOutputStream:75 - [STDERR_REDIRECT] 		at org.eclipse.swt.widgets.Widget.error(Widget.java:447)
2023-10-25 15:27:47,696 [ERROR] LogOutputStream:75 - [STDERR_REDIRECT] 		at org.eclipse.swt.widgets.Control.internal_new_GC(Control.java:1776)
2023-10-25 15:27:47,696 [ERROR] LogOutputStream:75 - [STDERR_REDIRECT] 		at org.eclipse.swt.graphics.GC.win32_new(GC.java:5090)
2023-10-25 15:27:47,696 [ERROR] LogOutputStream:75 - [STDERR_REDIRECT] 		at org.eclipse.swt.widgets.Composite.WM_PAINT(Composite.java:1548)
2023-10-25 15:27:47,696 [ERROR] LogOutputStream:75 - [STDERR_REDIRECT] 		at org.eclipse.swt.widgets.Control.windowProc(Control.java:4803)
2023-10-25 15:27:47,696 [ERROR] LogOutputStream:75 - [STDERR_REDIRECT] 		at org.eclipse.swt.widgets.Canvas.windowProc(Canvas.java:340)
2023-10-25 15:27:47,696 [ERROR] LogOutputStream:75 - [STDERR_REDIRECT] 		... 36 more
2023-10-25 15:27:47,696 [ERROR] LogOutputStream:75 - [STDERR_REDIRECT] 	Suppressed: org.eclipse.swt.SWTError: No more handles
2023-10-25 15:27:47,696 [ERROR] LogOutputStream:75 - [STDERR_REDIRECT] 		at org.eclipse.swt.SWT.error(SWT.java:4944)
2023-10-25 15:27:47,696 [ERROR] LogOutputStream:75 - [STDERR_REDIRECT] 		at org.eclipse.swt.SWT.error(SWT.java:4833)
2023-10-25 15:27:47,696 [ERROR] LogOutputStream:75 - [STDERR_REDIRECT] 		at org.eclipse.swt.SWT.error(SWT.java:4804)
2023-10-25 15:27:47,696 [ERROR] LogOutputStream:75 - [STDERR_REDIRECT] 		at org.eclipse.swt.widgets.Widget.error(Widget.java:447)
2023-10-25 15:27:47,712 [ERROR] LogOutputStream:75 - [STDERR_REDIRECT] 		at org.eclipse.swt.widgets.Control.internal_new_GC(Control.java:1776)
2023-10-25 15:27:47,712 [ERROR] LogOutputStream:75 - [STDERR_REDIRECT] 		at org.eclipse.swt.graphics.GC.win32_new(GC.java:5090)
2023-10-25 15:27:47,712 [ERROR] LogOutputStream:75 - [STDERR_REDIRECT] 		at org.eclipse.swt.widgets.Composite.WM_PAINT(Composite.java:1548)
2023-10-25 15:27:47,712 [ERROR] LogOutputStream:75 - [STDERR_REDIRECT] 		at org.eclipse.swt.widgets.Control.windowProc(Control.java:4803)
2023-10-25 15:27:47,712 [ERROR] LogOutputStream:75 - [STDERR_REDIRECT] 		at org.eclipse.swt.widgets.Canvas.windowProc(Canvas.java:340)
2023-10-25 15:27:47,712 [ERROR] LogOutputStream:75 - [STDERR_REDIRECT] 		... 36 more
2023-10-25 15:27:47,712 [ERROR] LogOutputStream:75 - [STDERR_REDIRECT] 	Suppressed: org.eclipse.swt.SWTError: No more handles
2023-10-25 15:27:47,712 [ERROR] LogOutputStream:75 - [STDERR_REDIRECT] 		at org.eclipse.swt.SWT.error(SWT.java:4944)
2023-10-25 15:27:47,712 [ERROR] LogOutputStream:75 - [STDERR_REDIRECT] 		at org.eclipse.swt.SWT.error(SWT.java:4833)
2023-10-25 15:27:47,712 [ERROR] LogOutputStream:75 - [STDERR_REDIRECT] 		at org.eclipse.swt.SWT.error(SWT.java:4804)
2023-10-25 15:27:47,712 [ERROR] LogOutputStream:75 - [STDERR_REDIRECT] 		at org.eclipse.swt.widgets.Widget.error(Widget.java:447)
2023-10-25 15:27:47,712 [ERROR] LogOutputStream:75 - [STDERR_REDIRECT] 		at org.eclipse.swt.widgets.Control.internal_new_GC(Control.java:1776)
2023-10-25 15:27:47,727 [ERROR] LogOutputStream:75 - [STDERR_REDIRECT] 		at org.eclipse.swt.graphics.GC.win32_new(GC.java:5090)
2023-10-25 15:27:47,727 [ERROR] LogOutputStream:75 - [STDERR_REDIRECT] 		at org.eclipse.swt.widgets.Composite.WM_PAINT(Composite.java:1548)
2023-10-25 15:27:47,727 [ERROR] LogOutputStream:75 - [STDERR_REDIRECT] 		at org.eclipse.swt.widgets.Control.windowProc(Control.java:4803)
2023-10-25 15:27:47,734 [ERROR] LogOutputStream:75 - [STDERR_REDIRECT] 		at org.eclipse.swt.widgets.Canvas.windowProc(Canvas.java:340)
2023-10-25 15:27:47,734 [ERROR] LogOutputStream:75 - [STDERR_REDIRECT] 		... 36 more
2023-10-25 15:27:47,736 [ERROR] LogOutputStream:75 - [STDERR_REDIRECT] 	Suppressed: org.eclipse.swt.SWTError: No more handles
2023-10-25 15:27:47,736 [ERROR] LogOutputStream:75 - [STDERR_REDIRECT] 		at org.eclipse.swt.SWT.error(SWT.java:4944)
2023-10-25 15:27:47,736 [ERROR] LogOutputStream:75 - [STDERR_REDIRECT] 		at org.eclipse.swt.SWT.error(SWT.java:4833)
2023-10-25 15:27:47,736 [ERROR] LogOutputStream:75 - [STDERR_REDIRECT] 		at org.eclipse.swt.SWT.error(SWT.java:4804)
2023-10-25 15:27:47,736 [ERROR] LogOutputStream:75 - [STDERR_REDIRECT] 		at org.eclipse.swt.widgets.Widget.error(Widget.java:447)
2023-10-25 15:27:47,744 [ERROR] LogOutputStream:75 - [STDERR_REDIRECT] 		at org.eclipse.swt.widgets.Control.internal_new_GC(Control.java:1776)
2023-10-25 15:27:47,744 [ERROR] LogOutputStream:75 - [STDERR_REDIRECT] 		at org.eclipse.swt.graphics.GC.win32_new(GC.java:5090)
2023-10-25 15:27:47,746 [ERROR] LogOutputStream:75 - [STDERR_REDIRECT] 		at org.eclipse.swt.widgets.Composite.WM_PAINT(Composite.java:1548)
2023-10-25 15:27:47,746 [ERROR] LogOutputStream:75 - [STDERR_REDIRECT] 		at org.eclipse.swt.widgets.Control.windowProc(Control.java:4803)
2023-10-25 15:27:47,746 [ERROR] LogOutputStream:75 - [STDERR_REDIRECT] 		at org.eclipse.swt.widgets.Canvas.windowProc(Canvas.java:340)
2023-10-25 15:27:47,746 [ERROR] LogOutputStream:75 - [STDERR_REDIRECT] 		... 36 more
2023-10-25 15:27:47,746 [ERROR] LogOutputStream:75 - [STDERR_REDIRECT] 	Suppressed: org.eclipse.swt.SWTError: No more handles
2023-10-25 15:27:47,746 [ERROR] LogOutputStream:75 - [STDERR_REDIRECT] 		at org.eclipse.swt.SWT.error(SWT.java:4944)
2023-10-25 15:27:47,746 [ERROR] LogOutputStream:75 - [STDERR_REDIRECT] 		at org.eclipse.swt.SWT.error(SWT.java:4833)
2023-10-25 15:27:47,746 [ERROR] LogOutputStream:75 - [STDERR_REDIRECT] 		at org.eclipse.swt.SWT.error(SWT.java:4804)
2023-10-25 15:27:47,754 [ERROR] LogOutputStream:75 - [STDERR_REDIRECT] 		at org.eclipse.swt.widgets.Widget.error(Widget.java:447)
2023-10-25 15:27:47,756 [ERROR] LogOutputStream:75 - [STDERR_REDIRECT] 		at org.eclipse.swt.widgets.Control.internal_new_GC(Control.java:1776)
2023-10-25 15:27:47,756 [ERROR] LogOutputStream:75 - [STDERR_REDIRECT] 		at org.eclipse.swt.graphics.GC.win32_new(GC.java:5090)
2023-10-25 15:27:47,756 [ERROR] LogOutputStream:75 - [STDERR_REDIRECT] 		at org.eclipse.swt.widgets.Composite.WM_PAINT(Composite.java:1548)
2023-10-25 15:27:47,756 [ERROR] LogOutputStream:75 - [STDERR_REDIRECT] 		at org.eclipse.swt.widgets.Control.windowProc(Control.java:4803)
2023-10-25 15:27:47,756 [ERROR] LogOutputStream:75 - [STDERR_REDIRECT] 		at org.eclipse.swt.widgets.Canvas.windowProc(Canvas.java:340)
2023-10-25 15:27:47,756 [ERROR] LogOutputStream:75 - [STDERR_REDIRECT] 		... 36 more
2023-10-25 15:27:47,756 [ERROR] LogOutputStream:75 - [STDERR_REDIRECT] 	Suppressed: org.eclipse.swt.SWTError: No more handles
2023-10-25 15:27:47,756 [ERROR] LogOutputStream:75 - [STDERR_REDIRECT] 		at org.eclipse.swt.SWT.error(SWT.java:4944)
2023-10-25 15:27:47,764 [ERROR] LogOutputStream:75 - [STDERR_REDIRECT] 		at org.eclipse.swt.SWT.error(SWT.java:4833)
2023-10-25 15:27:47,764 [ERROR] LogOutputStream:75 - [STDERR_REDIRECT] 		at org.eclipse.swt.SWT.error(SWT.java:4804)
2023-10-25 15:27:47,766 [ERROR] LogOutputStream:75 - [STDERR_REDIRECT] 		at org.eclipse.swt.widgets.Widget.error(Widget.java:447)
2023-10-25 15:27:47,766 [ERROR] LogOutputStream:75 - [STDERR_REDIRECT] 		at org.eclipse.swt.widgets.Control.internal_new_GC(Control.java:1776)
2023-10-25 15:27:47,766 [ERROR] LogOutputStream:75 - [STDERR_REDIRECT] 		at org.eclipse.swt.graphics.GC.win32_new(GC.java:5090)
2023-10-25 15:27:47,766 [ERROR] LogOutputStream:75 - [STDERR_REDIRECT] 		at org.eclipse.swt.widgets.Composite.WM_PAINT(Composite.java:1548)
2023-10-25 15:27:47,766 [ERROR] LogOutputStream:75 - [STDERR_REDIRECT] 		at org.eclipse.swt.widgets.Control.windowProc(Control.java:4803)
2023-10-25 15:27:47,766 [ERROR] LogOutputStream:75 - [STDERR_REDIRECT] 		at org.eclipse.swt.widgets.Canvas.windowProc(Canvas.java:340)
2023-10-25 15:27:47,766 [ERROR] LogOutputStream:75 - [STDERR_REDIRECT] 		... 36 more
2023-10-25 15:27:47,774 [ERROR] LogOutputStream:75 - [STDERR_REDIRECT] 	Suppressed: org.eclipse.swt.SWTError: No more handles
2023-10-25 15:27:47,774 [ERROR] LogOutputStream:75 - [STDERR_REDIRECT] 		at org.eclipse.swt.SWT.error(SWT.java:4944)
2023-10-25 15:27:47,776 [ERROR] LogOutputStream:75 - [STDERR_REDIRECT] 		at org.eclipse.swt.SWT.error(SWT.java:4833)
2023-10-25 15:27:47,776 [ERROR] LogOutputStream:75 - [STDERR_REDIRECT] 		at org.eclipse.swt.SWT.error(SWT.java:4804)
2023-10-25 15:27:47,776 [ERROR] LogOutputStream:75 - [STDERR_REDIRECT] 		at org.eclipse.swt.widgets.Widget.error(Widget.java:447)
2023-10-25 15:27:47,776 [ERROR] LogOutputStream:75 - [STDERR_REDIRECT] 		at org.eclipse.swt.widgets.Control.internal_new_GC(Control.java:1776)
2023-10-25 15:27:47,776 [ERROR] LogOutputStream:75 - [STDERR_REDIRECT] 		at org.eclipse.swt.graphics.GC.win32_new(GC.java:5090)
2023-10-25 15:27:47,776 [ERROR] LogOutputStream:75 - [STDERR_REDIRECT] 		at org.eclipse.swt.widgets.Composite.WM_PAINT(Composite.java:1548)
2023-10-25 15:27:47,776 [ERROR] LogOutputStream:75 - [STDERR_REDIRECT] 		at org.eclipse.swt.widgets.Control.windowProc(Control.java:4803)
2023-10-25 15:27:47,784 [ERROR] LogOutputStream:75 - [STDERR_REDIRECT] 		at org.eclipse.swt.widgets.Canvas.windowProc(Canvas.java:340)
2023-10-25 15:27:47,786 [ERROR] LogOutputStream:75 - [STDERR_REDIRECT] 		... 36 more
2023-10-25 15:27:47,786 [ERROR] LogOutputStream:75 - [STDERR_REDIRECT] 	Suppressed: org.eclipse.swt.SWTError: No more handles
2023-10-25 15:27:47,786 [ERROR] LogOutputStream:75 - [STDERR_REDIRECT] 		at org.eclipse.swt.SWT.error(SWT.java:4944)
2023-10-25 15:27:47,786 [ERROR] LogOutputStream:75 - [STDERR_REDIRECT] 		at org.eclipse.swt.SWT.error(SWT.java:4833)
2023-10-25 15:27:47,786 [ERROR] LogOutputStream:75 - [STDERR_REDIRECT] 		at org.eclipse.swt.SWT.error(SWT.java:4804)
2023-10-25 15:27:47,786 [ERROR] LogOutputStream:75 - [STDERR_REDIRECT] 		at org.eclipse.swt.widgets.Widget.error(Widget.java:447)
2023-10-25 15:27:47,794 [ERROR] LogOutputStream:75 - [STDERR_REDIRECT] 		at org.eclipse.swt.widgets.Control.internal_new_GC(Control.java:1776)
2023-10-25 15:27:47,794 [ERROR] LogOutputStream:75 - [STDERR_REDIRECT] 		at org.eclipse.swt.graphics.GC.win32_new(GC.java:5090)
2023-10-25 15:27:47,796 [ERROR] LogOutputStream:75 - [STDERR_REDIRECT] 		at org.eclipse.swt.widgets.Composite.WM_PAINT(Composite.java:1548)
2023-10-25 15:27:47,796 [ERROR] LogOutputStream:75 - [STDERR_REDIRECT] 		at org.eclipse.swt.widgets.Control.windowProc(Control.java:4803)
2023-10-25 15:27:47,796 [ERROR] LogOutputStream:75 - [STDERR_REDIRECT] 		at org.eclipse.swt.widgets.Canvas.windowProc(Canvas.java:340)
2023-10-25 15:27:47,796 [ERROR] LogOutputStream:75 - [STDERR_REDIRECT] 		... 36 more
2023-10-25 15:27:47,796 [ERROR] LogOutputStream:75 - [STDERR_REDIRECT] 	Suppressed: org.eclipse.swt.SWTError: No more handles
2023-10-25 15:27:47,796 [ERROR] LogOutputStream:75 - [STDERR_REDIRECT] 		at org.eclipse.swt.SWT.error(SWT.java:4944)
2023-10-25 15:27:47,796 [ERROR] LogOutputStream:75 - [STDERR_REDIRECT] 		at org.eclipse.swt.SWT.error(SWT.java:4833)
2023-10-25 15:27:47,796 [ERROR] LogOutputStream:75 - [STDERR_REDIRECT] 		at org.eclipse.swt.SWT.error(SWT.java:4804)
2023-10-25 15:27:47,804 [ERROR] LogOutputStream:75 - [STDERR_REDIRECT] 		at org.eclipse.swt.widgets.Widget.error(Widget.java:447)
2023-10-25 15:27:47,806 [ERROR] LogOutputStream:75 - [STDERR_REDIRECT] 		at org.eclipse.swt.widgets.Control.internal_new_GC(Control.java:1776)
2023-10-25 15:27:47,806 [ERROR] LogOutputStream:75 - [STDERR_REDIRECT] 		at org.eclipse.swt.graphics.GC.win32_new(GC.java:5090)
2023-10-25 15:27:47,806 [ERROR] LogOutputStream:75 - [STDERR_REDIRECT] 		at org.eclipse.swt.widgets.Composite.WM_PAINT(Composite.java:1548)
2023-10-25 15:27:47,806 [ERROR] LogOutputStream:75 - [STDERR_REDIRECT] 		at org.eclipse.swt.widgets.Control.windowProc(Control.java:4803)
2023-10-25 15:27:47,806 [ERROR] LogOutputStream:75 - [STDERR_REDIRECT] 		at org.eclipse.swt.widgets.Canvas.windowProc(Canvas.java:340)
2023-10-25 15:27:47,806 [ERROR] LogOutputStream:75 - [STDERR_REDIRECT] 		... 36 more
2023-10-25 15:27:47,876 [ERROR] LogOutputStream:75 - [STDERR_REDIRECT] Fatal error happened during workbench emergency close.
2023-10-25 15:27:47,876 [ERROR] LogOutputStream:75 - [STDERR_REDIRECT] org.eclipse.swt.SWTError: No more handles
2023-10-25 15:27:47,876 [ERROR] LogOutputStream:75 - [STDERR_REDIRECT] 	at org.eclipse.swt.SWT.error(SWT.java:4944)
2023-10-25 15:27:47,892 [ERROR] LogOutputStream:75 - [STDERR_REDIRECT] 	at org.eclipse.swt.SWT.error(SWT.java:4833)
2023-10-25 15:27:47,892 [ERROR] LogOutputStream:75 - [STDERR_REDIRECT] 	at org.eclipse.swt.SWT.error(SWT.java:4804)
2023-10-25 15:27:47,892 [ERROR] LogOutputStream:75 - [STDERR_REDIRECT] 	at org.eclipse.swt.widgets.Widget.error(Widget.java:447)
2023-10-25 15:27:47,892 [ERROR] LogOutputStream:75 - [STDERR_REDIRECT] 	at org.eclipse.swt.widgets.Control.internal_new_GC(Control.java:1776)
2023-10-25 15:27:47,892 [ERROR] LogOutputStream:75 - [STDERR_REDIRECT] 	at org.eclipse.swt.graphics.GC.<init>(GC.java:171)
2023-10-25 15:27:47,892 [ERROR] LogOutputStream:75 - [STDERR_REDIRECT] 	at org.eclipse.swt.graphics.GC.<init>(GC.java:135)
2023-10-25 15:27:47,892 [ERROR] LogOutputStream:75 - [STDERR_REDIRECT] 	at org.eclipse.swt.custom.CTabFolderLayout.computeSize(CTabFolderLayout.java:35)
2023-10-25 15:27:47,892 [ERROR] LogOutputStream:75 - [STDERR_REDIRECT] 	at org.eclipse.swt.widgets.Composite.computeSizeInPixels(Composite.java:217)
2023-10-25 15:27:47,892 [ERROR] LogOutputStream:75 - [STDERR_REDIRECT] 	at org.eclipse.swt.widgets.Control.computeSize(Control.java:663)
2023-10-25 15:27:47,892 [ERROR] LogOutputStream:75 - [STDERR_REDIRECT] 	at org.eclipse.swt.custom.SashFormLayout.computeSize(SashFormLayout.java:43)
2023-10-25 15:27:47,892 [ERROR] LogOutputStream:75 - [STDERR_REDIRECT] 	at org.eclipse.swt.widgets.Composite.computeSizeInPixels(Composite.java:217)
2023-10-25 15:27:47,907 [ERROR] LogOutputStream:75 - [STDERR_REDIRECT] 	at org.eclipse.swt.widgets.Control.computeSize(Control.java:663)
2023-10-25 15:27:47,909 [ERROR] LogOutputStream:75 - [STDERR_REDIRECT] 	at org.eclipse.swt.layout.GridData.computeSize(GridData.java:493)
2023-10-25 15:27:47,909 [ERROR] LogOutputStream:75 - [STDERR_REDIRECT] 	at org.eclipse.swt.layout.GridLayout.layout(GridLayout.java:225)
2023-10-25 15:27:47,909 [ERROR] LogOutputStream:75 - [STDERR_REDIRECT] 	at org.eclipse.swt.layout.GridLayout.computeSize(GridLayout.java:168)
2023-10-25 15:27:47,914 [ERROR] LogOutputStream:75 - [STDERR_REDIRECT] 	at org.eclipse.swt.widgets.Composite.computeSizeInPixels(Composite.java:217)
2023-10-25 15:27:47,914 [ERROR] LogOutputStream:75 - [STDERR_REDIRECT] 	at org.eclipse.swt.widgets.Control.computeSize(Control.java:663)
2023-10-25 15:27:47,914 [ERROR] LogOutputStream:75 - [STDERR_REDIRECT] 	at org.eclipse.swt.layout.GridData.computeSize(GridData.java:493)
2023-10-25 15:27:47,918 [ERROR] LogOutputStream:75 - [STDERR_REDIRECT] 	at org.eclipse.swt.layout.GridLayout.layout(GridLayout.java:225)
2023-10-25 15:27:47,918 [ERROR] LogOutputStream:75 - [STDERR_REDIRECT] 	at org.eclipse.swt.layout.GridLayout.layout(GridLayout.java:201)
2023-10-25 15:27:47,918 [ERROR] LogOutputStream:75 - [STDERR_REDIRECT] 	at org.eclipse.swt.widgets.Composite.updateLayout(Composite.java:1335)
2023-10-25 15:27:47,918 [ERROR] LogOutputStream:75 - [STDERR_REDIRECT] 	at org.eclipse.swt.widgets.Composite.updateLayout(Composite.java:1341)
2023-10-25 15:27:47,918 [ERROR] LogOutputStream:75 - [STDERR_REDIRECT] 	at org.eclipse.swt.widgets.Composite.updateLayout(Composite.java:1341)
2023-10-25 15:27:47,918 [ERROR] LogOutputStream:75 - [STDERR_REDIRECT] 	at org.eclipse.swt.widgets.Composite.updateLayout(Composite.java:1341)
2023-10-25 15:27:47,918 [ERROR] LogOutputStream:75 - [STDERR_REDIRECT] 	at org.eclipse.swt.widgets.Composite.updateLayout(Composite.java:1341)
2023-10-25 15:27:47,918 [ERROR] LogOutputStream:75 - [STDERR_REDIRECT] 	at org.eclipse.swt.widgets.Composite.updateLayout(Composite.java:1320)
2023-10-25 15:27:47,928 [ERROR] LogOutputStream:75 - [STDERR_REDIRECT] 	at org.eclipse.swt.widgets.Composite.layout(Composite.java:700)
2023-10-25 15:27:47,928 [ERROR] LogOutputStream:75 - [STDERR_REDIRECT] 	at org.eclipse.e4.ui.workbench.renderers.swt.SashRenderer.forceLayout(SashRenderer.java:90)
2023-10-25 15:27:47,928 [ERROR] LogOutputStream:75 - [STDERR_REDIRECT] 	at org.eclipse.e4.ui.workbench.renderers.swt.SashRenderer.hideChild(SashRenderer.java:163)
2023-10-25 15:27:47,928 [ERROR] LogOutputStream:75 - [STDERR_REDIRECT] 	at org.eclipse.e4.ui.internal.workbench.swt.PartRenderingEngine.safeRemoveGui(PartRenderingEngine.java:876)
2023-10-25 15:27:47,928 [ERROR] LogOutputStream:75 - [STDERR_REDIRECT] 	at org.eclipse.e4.ui.internal.workbench.swt.PartRenderingEngine$4.run(PartRenderingEngine.java:861)
2023-10-25 15:27:47,928 [ERROR] LogOutputStream:75 - [STDERR_REDIRECT] 	at org.eclipse.core.runtime.SafeRunner.run(SafeRunner.java:45)
2023-10-25 15:27:47,938 [ERROR] LogOutputStream:75 - [STDERR_REDIRECT] 	at org.eclipse.e4.ui.internal.workbench.swt.PartRenderingEngine.removeGui(PartRenderingEngine.java:845)
2023-10-25 15:27:47,938 [ERROR] LogOutputStream:75 - [STDERR_REDIRECT] 	at org.eclipse.e4.ui.internal.workbench.swt.PartRenderingEngine.safeRemoveGui(PartRenderingEngine.java:893)
2023-10-25 15:27:47,938 [ERROR] LogOutputStream:75 - [STDERR_REDIRECT] 	at org.eclipse.e4.ui.internal.workbench.swt.PartRenderingEngine$4.run(PartRenderingEngine.java:861)
2023-10-25 15:27:47,938 [ERROR] LogOutputStream:75 - [STDERR_REDIRECT] 	at org.eclipse.core.runtime.SafeRunner.run(SafeRunner.java:45)
2023-10-25 15:27:47,938 [ERROR] LogOutputStream:75 - [STDERR_REDIRECT] 	at org.eclipse.e4.ui.internal.workbench.swt.PartRenderingEngine.removeGui(PartRenderingEngine.java:845)
2023-10-25 15:27:47,938 [ERROR] LogOutputStream:75 - [STDERR_REDIRECT] 	at org.eclipse.e4.ui.internal.workbench.swt.PartRenderingEngine.safeRemoveGui(PartRenderingEngine.java:900)
2023-10-25 15:27:47,948 [ERROR] LogOutputStream:75 - [STDERR_REDIRECT] 	at org.eclipse.e4.ui.internal.workbench.swt.PartRenderingEngine$4.run(PartRenderingEngine.java:861)
2023-10-25 15:27:47,948 [ERROR] LogOutputStream:75 - [STDERR_REDIRECT] 	at org.eclipse.core.runtime.SafeRunner.run(SafeRunner.java:45)
2023-10-25 15:27:47,948 [ERROR] LogOutputStream:75 - [STDERR_REDIRECT] 	at org.eclipse.e4.ui.internal.workbench.swt.PartRenderingEngine.removeGui(PartRenderingEngine.java:845)
2023-10-25 15:27:47,948 [ERROR] LogOutputStream:75 - [STDERR_REDIRECT] 	at org.eclipse.e4.ui.internal.workbench.swt.PartRenderingEngine.safeRemoveGui(PartRenderingEngine.java:893)
2023-10-25 15:27:47,948 [ERROR] LogOutputStream:75 - [STDERR_REDIRECT] 	at org.eclipse.e4.ui.internal.workbench.swt.PartRenderingEngine$4.run(PartRenderingEngine.java:861)
2023-10-25 15:27:47,948 [ERROR] LogOutputStream:75 - [STDERR_REDIRECT] 	at org.eclipse.core.runtime.SafeRunner.run(SafeRunner.java:45)
2023-10-25 15:27:47,958 [ERROR] LogOutputStream:75 - [STDERR_REDIRECT] 	at org.eclipse.e4.ui.internal.workbench.swt.PartRenderingEngine.removeGui(PartRenderingEngine.java:845)
2023-10-25 15:27:47,958 [ERROR] LogOutputStream:75 - [STDERR_REDIRECT] 	at org.eclipse.e4.ui.internal.workbench.swt.PartRenderingEngine.safeRemoveGui(PartRenderingEngine.java:900)
2023-10-25 15:27:47,958 [ERROR] LogOutputStream:75 - [STDERR_REDIRECT] 	at org.eclipse.e4.ui.internal.workbench.swt.PartRenderingEngine$4.run(PartRenderingEngine.java:861)
2023-10-25 15:27:47,963 [ERROR] LogOutputStream:75 - [STDERR_REDIRECT] 	at org.eclipse.core.runtime.SafeRunner.run(SafeRunner.java:45)
2023-10-25 15:27:47,963 [ERROR] LogOutputStream:75 - [STDERR_REDIRECT] 	at org.eclipse.e4.ui.internal.workbench.swt.PartRenderingEngine.removeGui(PartRenderingEngine.java:845)
2023-10-25 15:27:47,963 [ERROR] LogOutputStream:75 - [STDERR_REDIRECT] 	at org.eclipse.e4.ui.internal.workbench.swt.PartRenderingEngine.safeRemoveGui(PartRenderingEngine.java:900)
2023-10-25 15:27:47,968 [ERROR] LogOutputStream:75 - [STDERR_REDIRECT] 	at org.eclipse.e4.ui.internal.workbench.swt.PartRenderingEngine$4.run(PartRenderingEngine.java:861)
2023-10-25 15:27:47,968 [ERROR] LogOutputStream:75 - [STDERR_REDIRECT] 	at org.eclipse.core.runtime.SafeRunner.run(SafeRunner.java:45)
2023-10-25 15:27:47,968 [ERROR] LogOutputStream:75 - [STDERR_REDIRECT] 	at org.eclipse.e4.ui.internal.workbench.swt.PartRenderingEngine.removeGui(PartRenderingEngine.java:845)
2023-10-25 15:27:47,968 [ERROR] LogOutputStream:75 - [STDERR_REDIRECT] 	at org.eclipse.ui.internal.WorkbenchWindow.hardClose(WorkbenchWindow.java:2087)
2023-10-25 15:27:47,968 [ERROR] LogOutputStream:75 - [STDERR_REDIRECT] 	at org.eclipse.ui.internal.WorkbenchWindow.busyClose(WorkbenchWindow.java:1719)
2023-10-25 15:27:47,968 [ERROR] LogOutputStream:75 - [STDERR_REDIRECT] 	at org.eclipse.ui.internal.WorkbenchWindow.lambda$5(WorkbenchWindow.java:1743)
2023-10-25 15:27:47,968 [ERROR] LogOutputStream:75 - [STDERR_REDIRECT] 	at org.eclipse.swt.custom.BusyIndicator.showWhile(BusyIndicator.java:74)
2023-10-25 15:27:47,968 [ERROR] LogOutputStream:75 - [STDERR_REDIRECT] 	at org.eclipse.ui.internal.WorkbenchWindow.close(WorkbenchWindow.java:1743)
2023-10-25 15:27:47,978 [ERROR] LogOutputStream:75 - [STDERR_REDIRECT] 	at org.eclipse.ui.internal.Workbench$11.run(Workbench.java:1108)
2023-10-25 15:27:47,978 [ERROR] LogOutputStream:75 - [STDERR_REDIRECT] 	at org.eclipse.core.runtime.SafeRunner.run(SafeRunner.java:45)
2023-10-25 15:27:47,978 [ERROR] LogOutputStream:75 - [STDERR_REDIRECT] 	at org.eclipse.ui.internal.Workbench.busyClose(Workbench.java:1091)
2023-10-25 15:27:47,978 [ERROR] LogOutputStream:75 - [STDERR_REDIRECT] 	at org.eclipse.ui.internal.Workbench.lambda$4(Workbench.java:1392)
2023-10-25 15:27:47,978 [ERROR] LogOutputStream:75 - [STDERR_REDIRECT] 	at org.eclipse.swt.custom.BusyIndicator.showWhile(BusyIndicator.java:74)
2023-10-25 15:27:47,978 [ERROR] LogOutputStream:75 - [STDERR_REDIRECT] 	at org.eclipse.ui.internal.Workbench.close(Workbench.java:1392)
2023-10-25 15:27:47,978 [ERROR] LogOutputStream:75 - [STDERR_REDIRECT] 	at org.eclipse.ui.internal.WorkbenchConfigurer.emergencyClose(WorkbenchConfigurer.java:148)
2023-10-25 15:27:47,988 [ERROR] LogOutputStream:75 - [STDERR_REDIRECT] 	at org.eclipse.ui.internal.ide.IDEWorkbenchErrorHandler.closeWorkbench(IDEWorkbenchErrorHandler.java:242)
2023-10-25 15:27:47,988 [ERROR] LogOutputStream:75 - [STDERR_REDIRECT] 	at org.eclipse.ui.internal.ide.IDEWorkbenchErrorHandler.handleException(IDEWorkbenchErrorHandler.java:148)
2023-10-25 15:27:47,988 [ERROR] LogOutputStream:75 - [STDERR_REDIRECT] 	at org.eclipse.ui.internal.ide.IDEWorkbenchErrorHandler$1.runInUIThread(IDEWorkbenchErrorHandler.java:115)
2023-10-25 15:27:47,988 [ERROR] LogOutputStream:75 - [STDERR_REDIRECT] 	at org.eclipse.ui.progress.UIJob.lambda$0(UIJob.java:95)
2023-10-25 15:27:47,993 [ERROR] LogOutputStream:75 - [STDERR_REDIRECT] 	at org.eclipse.swt.widgets.RunnableLock.run(RunnableLock.java:40)
2023-10-25 15:27:47,993 [ERROR] LogOutputStream:75 - [STDERR_REDIRECT] 	at org.eclipse.swt.widgets.Synchronizer.runAsyncMessages(Synchronizer.java:185)
2023-10-25 15:27:47,993 [ERROR] LogOutputStream:75 - [STDERR_REDIRECT] 	at org.eclipse.swt.widgets.Display.runAsyncMessages(Display.java:4035)
2023-10-25 15:27:47,993 [ERROR] LogOutputStream:75 - [STDERR_REDIRECT] 	at org.eclipse.swt.widgets.Display.readAndDispatch(Display.java:3635)
2023-10-25 15:27:47,998 [ERROR] LogOutputStream:75 - [STDERR_REDIRECT] 	at org.eclipse.e4.ui.internal.workbench.swt.PartRenderingEngine$5.run(PartRenderingEngine.java:1155)
2023-10-25 15:27:47,998 [ERROR] LogOutputStream:75 - [STDERR_REDIRECT] 	at org.eclipse.core.databinding.observable.Realm.runWithDefault(Realm.java:338)
2023-10-25 15:27:47,998 [ERROR] LogOutputStream:75 - [STDERR_REDIRECT] 	at org.eclipse.e4.ui.internal.workbench.swt.PartRenderingEngine.run(PartRenderingEngine.java:1046)
2023-10-25 15:27:47,998 [ERROR] LogOutputStream:75 - [STDERR_REDIRECT] 	at org.eclipse.e4.ui.internal.workbench.E4Workbench.createAndRunUI(E4Workbench.java:155)
2023-10-25 15:27:47,998 [ERROR] LogOutputStream:75 - [STDERR_REDIRECT] 	at org.eclipse.ui.internal.Workbench.lambda$3(Workbench.java:644)
2023-10-25 15:27:47,998 [ERROR] LogOutputStream:75 - [STDERR_REDIRECT] 	at org.eclipse.core.databinding.observable.Realm.runWithDefault(Realm.java:338)
2023-10-25 15:27:48,008 [ERROR] LogOutputStream:75 - [STDERR_REDIRECT] 	at org.eclipse.ui.internal.Workbench.createAndRunWorkbench(Workbench.java:551)
2023-10-25 15:27:48,009 [ERROR] LogOutputStream:75 - [STDERR_REDIRECT] 	at org.eclipse.ui.PlatformUI.createAndRunWorkbench(PlatformUI.java:156)
2023-10-25 15:27:48,009 [ERROR] LogOutputStream:75 - [STDERR_REDIRECT] 	at org.eclipse.ui.internal.ide.application.IDEApplication.start(IDEApplication.java:152)
2023-10-25 15:27:48,009 [ERROR] LogOutputStream:75 - [STDERR_REDIRECT] 	at org.eclipse.equinox.internal.app.EclipseAppHandle.run(EclipseAppHandle.java:203)
2023-10-25 15:27:48,013 [ERROR] LogOutputStream:75 - [STDERR_REDIRECT] 	at org.eclipse.core.runtime.internal.adaptor.EclipseAppLauncher.runApplication(EclipseAppLauncher.java:136)
2023-10-25 15:27:48,013 [ERROR] LogOutputStream:75 - [STDERR_REDIRECT] 	at org.eclipse.core.runtime.internal.adaptor.EclipseAppLauncher.start(EclipseAppLauncher.java:104)
2023-10-25 15:27:48,013 [ERROR] LogOutputStream:75 - [STDERR_REDIRECT] 	at org.eclipse.core.runtime.adaptor.EclipseStarter.run(EclipseStarter.java:401)
2023-10-25 15:27:48,018 [ERROR] LogOutputStream:75 - [STDERR_REDIRECT] 	at org.eclipse.core.runtime.adaptor.EclipseStarter.run(EclipseStarter.java:255)
2023-10-25 15:27:48,018 [ERROR] LogOutputStream:75 - [STDERR_REDIRECT] 	at java.base/jdk.internal.reflect.NativeMethodAccessorImpl.invoke0(Native Method)
2023-10-25 15:27:48,018 [ERROR] LogOutputStream:75 - [STDERR_REDIRECT] 	at java.base/jdk.internal.reflect.NativeMethodAccessorImpl.invoke(NativeMethodAccessorImpl.java:62)
2023-10-25 15:27:48,018 [ERROR] LogOutputStream:75 - [STDERR_REDIRECT] 	at java.base/jdk.internal.reflect.DelegatingMethodAccessorImpl.invoke(DelegatingMethodAccessorImpl.java:43)
2023-10-25 15:27:48,018 [ERROR] LogOutputStream:75 - [STDERR_REDIRECT] 	at java.base/java.lang.reflect.Method.invoke(Method.java:566)
2023-10-25 15:27:48,018 [ERROR] LogOutputStream:75 - [STDERR_REDIRECT] 	at org.eclipse.equinox.launcher.Main.invokeFramework(Main.java:659)
2023-10-25 15:27:48,018 [ERROR] LogOutputStream:75 - [STDERR_REDIRECT] 	at org.eclipse.equinox.launcher.Main.basicRun(Main.java:596)
2023-10-25 15:27:48,018 [ERROR] LogOutputStream:75 - [STDERR_REDIRECT] 	at org.eclipse.equinox.launcher.Main.run(Main.java:1467)
2023-10-25 15:28:06,521 [ERROR] LogOutputStream:75 - [STDERR_REDIRECT] Error while informing user about event loop exception:
2023-10-25 15:28:06,521 [ERROR] LogOutputStream:75 - [STDERR_REDIRECT] org.eclipse.swt.SWTError: No more handles
2023-10-25 15:28:06,521 [ERROR] LogOutputStream:75 - [STDERR_REDIRECT] 	at org.eclipse.swt.SWT.error(SWT.java:4944)
2023-10-25 15:28:06,521 [ERROR] LogOutputStream:75 - [STDERR_REDIRECT] 	at org.eclipse.swt.SWT.error(SWT.java:4833)
2023-10-25 15:28:06,521 [ERROR] LogOutputStream:75 - [STDERR_REDIRECT] 	at org.eclipse.swt.SWT.error(SWT.java:4804)
2023-10-25 15:28:06,521 [ERROR] LogOutputStream:75 - [STDERR_REDIRECT] 	at org.eclipse.swt.widgets.Widget.error(Widget.java:447)
2023-10-25 15:28:06,521 [ERROR] LogOutputStream:75 - [STDERR_REDIRECT] 	at org.eclipse.swt.widgets.Control.internal_new_GC(Control.java:1776)
2023-10-25 15:28:06,521 [ERROR] LogOutputStream:75 - [STDERR_REDIRECT] 	at org.eclipse.swt.graphics.GC.<init>(GC.java:171)
2023-10-25 15:28:06,521 [ERROR] LogOutputStream:75 - [STDERR_REDIRECT] 	at org.eclipse.swt.graphics.GC.<init>(GC.java:135)
2023-10-25 15:28:06,521 [ERROR] LogOutputStream:75 - [STDERR_REDIRECT] 	at org.eclipse.swt.custom.CTabFolderLayout.computeSize(CTabFolderLayout.java:35)
2023-10-25 15:28:06,521 [ERROR] LogOutputStream:75 - [STDERR_REDIRECT] 	at org.eclipse.swt.widgets.Composite.computeSizeInPixels(Composite.java:217)
2023-10-25 15:28:06,537 [ERROR] LogOutputStream:75 - [STDERR_REDIRECT] 	at org.eclipse.swt.widgets.Control.computeSize(Control.java:663)
2023-10-25 15:28:06,537 [ERROR] LogOutputStream:75 - [STDERR_REDIRECT] 	at org.eclipse.swt.custom.SashFormLayout.computeSize(SashFormLayout.java:43)
2023-10-25 15:28:06,537 [ERROR] LogOutputStream:75 - [STDERR_REDIRECT] 	at org.eclipse.swt.widgets.Composite.computeSizeInPixels(Composite.java:217)
2023-10-25 15:28:06,537 [ERROR] LogOutputStream:75 - [STDERR_REDIRECT] 	at org.eclipse.swt.widgets.Control.computeSize(Control.java:663)
2023-10-25 15:28:06,537 [ERROR] LogOutputStream:75 - [STDERR_REDIRECT] 	at org.eclipse.swt.layout.GridData.computeSize(GridData.java:493)
2023-10-25 15:28:06,537 [ERROR] LogOutputStream:75 - [STDERR_REDIRECT] 	at org.eclipse.swt.layout.GridLayout.layout(GridLayout.java:225)
2023-10-25 15:28:06,537 [ERROR] LogOutputStream:75 - [STDERR_REDIRECT] 	at org.eclipse.swt.layout.GridLayout.computeSize(GridLayout.java:168)
2023-10-25 15:28:06,537 [ERROR] LogOutputStream:75 - [STDERR_REDIRECT] 	at org.eclipse.swt.widgets.Composite.computeSizeInPixels(Composite.java:217)
2023-10-25 15:28:06,537 [ERROR] LogOutputStream:75 - [STDERR_REDIRECT] 	at org.eclipse.swt.widgets.Control.computeSize(Control.java:663)
2023-10-25 15:28:06,537 [ERROR] LogOutputStream:75 - [STDERR_REDIRECT] 	at org.eclipse.swt.layout.GridData.computeSize(GridData.java:493)
2023-10-25 15:28:06,553 [ERROR] LogOutputStream:75 - [STDERR_REDIRECT] 	at org.eclipse.swt.layout.GridLayout.layout(GridLayout.java:225)
2023-10-25 15:28:06,553 [ERROR] LogOutputStream:75 - [STDERR_REDIRECT] 	at org.eclipse.swt.layout.GridLayout.layout(GridLayout.java:201)
2023-10-25 15:28:06,553 [ERROR] LogOutputStream:75 - [STDERR_REDIRECT] 	at org.eclipse.swt.widgets.Composite.updateLayout(Composite.java:1335)
2023-10-25 15:28:06,553 [ERROR] LogOutputStream:75 - [STDERR_REDIRECT] 	at org.eclipse.swt.widgets.Composite.updateLayout(Composite.java:1341)
2023-10-25 15:28:06,553 [ERROR] LogOutputStream:75 - [STDERR_REDIRECT] 	at org.eclipse.swt.widgets.Composite.updateLayout(Composite.java:1341)
2023-10-25 15:28:06,553 [ERROR] LogOutputStream:75 - [STDERR_REDIRECT] 	at org.eclipse.swt.widgets.Composite.updateLayout(Composite.java:1341)
2023-10-25 15:28:06,553 [ERROR] LogOutputStream:75 - [STDERR_REDIRECT] 	at org.eclipse.swt.widgets.Composite.updateLayout(Composite.java:1341)
2023-10-25 15:28:06,553 [ERROR] LogOutputStream:75 - [STDERR_REDIRECT] 	at org.eclipse.swt.widgets.Composite.updateLayout(Composite.java:1320)
2023-10-25 15:28:06,564 [ERROR] LogOutputStream:75 - [STDERR_REDIRECT] 	at org.eclipse.swt.widgets.Composite.layout(Composite.java:700)
2023-10-25 15:28:06,564 [ERROR] LogOutputStream:75 - [STDERR_REDIRECT] 	at org.eclipse.e4.ui.workbench.renderers.swt.SashRenderer.forceLayout(SashRenderer.java:90)
2023-10-25 15:28:06,564 [ERROR] LogOutputStream:75 - [STDERR_REDIRECT] 	at org.eclipse.e4.ui.workbench.renderers.swt.SashRenderer.hideChild(SashRenderer.java:163)
2023-10-25 15:28:06,564 [ERROR] LogOutputStream:75 - [STDERR_REDIRECT] 	at org.eclipse.e4.ui.internal.workbench.swt.PartRenderingEngine.safeRemoveGui(PartRenderingEngine.java:876)
2023-10-25 15:28:06,564 [ERROR] LogOutputStream:75 - [STDERR_REDIRECT] 	at org.eclipse.e4.ui.internal.workbench.swt.PartRenderingEngine$4.run(PartRenderingEngine.java:861)
2023-10-25 15:28:06,564 [ERROR] LogOutputStream:75 - [STDERR_REDIRECT] 	at org.eclipse.core.runtime.SafeRunner.run(SafeRunner.java:45)
2023-10-25 15:28:06,564 [ERROR] LogOutputStream:75 - [STDERR_REDIRECT] 	at org.eclipse.e4.ui.internal.workbench.swt.PartRenderingEngine.removeGui(PartRenderingEngine.java:845)
2023-10-25 15:28:06,564 [ERROR] LogOutputStream:75 - [STDERR_REDIRECT] 	at org.eclipse.e4.ui.internal.workbench.swt.PartRenderingEngine.safeRemoveGui(PartRenderingEngine.java:893)
2023-10-25 15:28:06,564 [ERROR] LogOutputStream:75 - [STDERR_REDIRECT] 	at org.eclipse.e4.ui.internal.workbench.swt.PartRenderingEngine$4.run(PartRenderingEngine.java:861)
2023-10-25 15:28:06,564 [ERROR] LogOutputStream:75 - [STDERR_REDIRECT] 	at org.eclipse.core.runtime.SafeRunner.run(SafeRunner.java:45)
2023-10-25 15:28:06,579 [ERROR] LogOutputStream:75 - [STDERR_REDIRECT] 	at org.eclipse.e4.ui.internal.workbench.swt.PartRenderingEngine.removeGui(PartRenderingEngine.java:845)
2023-10-25 15:28:06,579 [ERROR] LogOutputStream:75 - [STDERR_REDIRECT] 	at org.eclipse.e4.ui.internal.workbench.swt.PartRenderingEngine.safeRemoveGui(PartRenderingEngine.java:900)
2023-10-25 15:28:06,579 [ERROR] LogOutputStream:75 - [STDERR_REDIRECT] 	at org.eclipse.e4.ui.internal.workbench.swt.PartRenderingEngine$4.run(PartRenderingEngine.java:861)
2023-10-25 15:28:06,579 [ERROR] LogOutputStream:75 - [STDERR_REDIRECT] 	at org.eclipse.core.runtime.SafeRunner.run(SafeRunner.java:45)
2023-10-25 15:28:06,579 [ERROR] LogOutputStream:75 - [STDERR_REDIRECT] 	at org.eclipse.e4.ui.internal.workbench.swt.PartRenderingEngine.removeGui(PartRenderingEngine.java:845)
2023-10-25 15:28:06,579 [ERROR] LogOutputStream:75 - [STDERR_REDIRECT] 	at org.eclipse.e4.ui.internal.workbench.swt.PartRenderingEngine.safeRemoveGui(PartRenderingEngine.java:893)
2023-10-25 15:28:06,579 [ERROR] LogOutputStream:75 - [STDERR_REDIRECT] 	at org.eclipse.e4.ui.internal.workbench.swt.PartRenderingEngine$4.run(PartRenderingEngine.java:861)
2023-10-25 15:28:06,579 [ERROR] LogOutputStream:75 - [STDERR_REDIRECT] 	at org.eclipse.core.runtime.SafeRunner.run(SafeRunner.java:45)
2023-10-25 15:28:06,579 [ERROR] LogOutputStream:75 - [STDERR_REDIRECT] 	at org.eclipse.e4.ui.internal.workbench.swt.PartRenderingEngine.removeGui(PartRenderingEngine.java:845)
2023-10-25 15:28:06,595 [ERROR] LogOutputStream:75 - [STDERR_REDIRECT] 	at org.eclipse.e4.ui.internal.workbench.swt.PartRenderingEngine.safeRemoveGui(PartRenderingEngine.java:900)
2023-10-25 15:28:06,595 [ERROR] LogOutputStream:75 - [STDERR_REDIRECT] 	at org.eclipse.e4.ui.internal.workbench.swt.PartRenderingEngine$4.run(PartRenderingEngine.java:861)
2023-10-25 15:28:06,595 [ERROR] LogOutputStream:75 - [STDERR_REDIRECT] 	at org.eclipse.core.runtime.SafeRunner.run(SafeRunner.java:45)
2023-10-25 15:28:06,595 [ERROR] LogOutputStream:75 - [STDERR_REDIRECT] 	at org.eclipse.e4.ui.internal.workbench.swt.PartRenderingEngine.removeGui(PartRenderingEngine.java:845)
2023-10-25 15:28:06,595 [ERROR] LogOutputStream:75 - [STDERR_REDIRECT] 	at org.eclipse.e4.ui.internal.workbench.swt.PartRenderingEngine.safeRemoveGui(PartRenderingEngine.java:900)
2023-10-25 15:28:06,595 [ERROR] LogOutputStream:75 - [STDERR_REDIRECT] 	at org.eclipse.e4.ui.internal.workbench.swt.PartRenderingEngine$4.run(PartRenderingEngine.java:861)
2023-10-25 15:28:06,595 [ERROR] LogOutputStream:75 - [STDERR_REDIRECT] 	at org.eclipse.core.runtime.SafeRunner.run(SafeRunner.java:45)
2023-10-25 15:28:06,595 [ERROR] LogOutputStream:75 - [STDERR_REDIRECT] 	at org.eclipse.e4.ui.internal.workbench.swt.PartRenderingEngine.removeGui(PartRenderingEngine.java:845)
2023-10-25 15:28:06,595 [ERROR] LogOutputStream:75 - [STDERR_REDIRECT] 	at org.eclipse.ui.internal.WorkbenchWindow.hardClose(WorkbenchWindow.java:2087)
2023-10-25 15:28:06,611 [ERROR] LogOutputStream:75 - [STDERR_REDIRECT] 	at org.eclipse.ui.internal.WorkbenchWindow.busyClose(WorkbenchWindow.java:1719)
2023-10-25 15:28:06,611 [ERROR] LogOutputStream:75 - [STDERR_REDIRECT] 	at org.eclipse.ui.internal.WorkbenchWindow.lambda$5(WorkbenchWindow.java:1743)
2023-10-25 15:28:06,611 [ERROR] LogOutputStream:75 - [STDERR_REDIRECT] 	at org.eclipse.swt.custom.BusyIndicator.showWhile(BusyIndicator.java:74)
2023-10-25 15:28:06,611 [ERROR] LogOutputStream:75 - [STDERR_REDIRECT] 	at org.eclipse.ui.internal.WorkbenchWindow.close(WorkbenchWindow.java:1743)
2023-10-25 15:28:06,611 [ERROR] LogOutputStream:75 - [STDERR_REDIRECT] 	at org.eclipse.ui.internal.Workbench$11.run(Workbench.java:1108)
2023-10-25 15:28:06,611 [ERROR] LogOutputStream:75 - [STDERR_REDIRECT] 	at org.eclipse.core.runtime.SafeRunner.run(SafeRunner.java:45)
2023-10-25 15:28:06,611 [ERROR] LogOutputStream:75 - [STDERR_REDIRECT] 	at org.eclipse.ui.internal.Workbench.busyClose(Workbench.java:1091)
2023-10-25 15:28:06,611 [ERROR] LogOutputStream:75 - [STDERR_REDIRECT] 	at org.eclipse.ui.internal.Workbench.lambda$4(Workbench.java:1392)
2023-10-25 15:28:06,611 [ERROR] LogOutputStream:75 - [STDERR_REDIRECT] 	at org.eclipse.swt.custom.BusyIndicator.showWhile(BusyIndicator.java:74)
2023-10-25 15:28:06,611 [ERROR] LogOutputStream:75 - [STDERR_REDIRECT] 	at org.eclipse.ui.internal.Workbench.close(Workbench.java:1392)
2023-10-25 15:28:06,611 [ERROR] LogOutputStream:75 - [STDERR_REDIRECT] 	at org.eclipse.ui.internal.WorkbenchConfigurer.emergencyClose(WorkbenchConfigurer.java:148)
2023-10-25 15:28:06,626 [ERROR] LogOutputStream:75 - [STDERR_REDIRECT] 	at org.eclipse.ui.internal.ide.IDEWorkbenchErrorHandler.closeWorkbench(IDEWorkbenchErrorHandler.java:242)
2023-10-25 15:28:06,626 [ERROR] LogOutputStream:75 - [STDERR_REDIRECT] 	at org.eclipse.ui.internal.ide.IDEWorkbenchErrorHandler.handleException(IDEWorkbenchErrorHandler.java:148)
2023-10-25 15:28:06,626 [ERROR] LogOutputStream:75 - [STDERR_REDIRECT] 	at org.eclipse.ui.internal.ide.IDEWorkbenchErrorHandler$1.runInUIThread(IDEWorkbenchErrorHandler.java:115)
2023-10-25 15:28:06,626 [ERROR] LogOutputStream:75 - [STDERR_REDIRECT] 	at org.eclipse.ui.progress.UIJob.lambda$0(UIJob.java:95)
2023-10-25 15:28:06,626 [ERROR] LogOutputStream:75 - [STDERR_REDIRECT] 	at org.eclipse.swt.widgets.RunnableLock.run(RunnableLock.java:40)
2023-10-25 15:28:06,626 [ERROR] LogOutputStream:75 - [STDERR_REDIRECT] 	at org.eclipse.swt.widgets.Synchronizer.runAsyncMessages(Synchronizer.java:185)
2023-10-25 15:28:06,626 [ERROR] LogOutputStream:75 - [STDERR_REDIRECT] 	at org.eclipse.swt.widgets.Display.runAsyncMessages(Display.java:4035)
2023-10-25 15:28:06,626 [ERROR] LogOutputStream:75 - [STDERR_REDIRECT] 	at org.eclipse.swt.widgets.Display.readAndDispatch(Display.java:3635)
2023-10-25 15:28:06,626 [ERROR] LogOutputStream:75 - [STDERR_REDIRECT] 	at org.eclipse.e4.ui.internal.workbench.swt.PartRenderingEngine$5.run(PartRenderingEngine.java:1155)
2023-10-25 15:28:06,626 [ERROR] LogOutputStream:75 - [STDERR_REDIRECT] 	at org.eclipse.core.databinding.observable.Realm.runWithDefault(Realm.java:338)
2023-10-25 15:28:06,642 [ERROR] LogOutputStream:75 - [STDERR_REDIRECT] 	at org.eclipse.e4.ui.internal.workbench.swt.PartRenderingEngine.run(PartRenderingEngine.java:1046)
2023-10-25 15:28:06,642 [ERROR] LogOutputStream:75 - [STDERR_REDIRECT] 	at org.eclipse.e4.ui.internal.workbench.E4Workbench.createAndRunUI(E4Workbench.java:155)
2023-10-25 15:28:06,642 [ERROR] LogOutputStream:75 - [STDERR_REDIRECT] 	at org.eclipse.ui.internal.Workbench.lambda$3(Workbench.java:644)
2023-10-25 15:28:06,642 [ERROR] LogOutputStream:75 - [STDERR_REDIRECT] 	at org.eclipse.core.databinding.observable.Realm.runWithDefault(Realm.java:338)
2023-10-25 15:28:06,642 [ERROR] LogOutputStream:75 - [STDERR_REDIRECT] 	at org.eclipse.ui.internal.Workbench.createAndRunWorkbench(Workbench.java:551)
2023-10-25 15:28:06,642 [ERROR] LogOutputStream:75 - [STDERR_REDIRECT] 	at org.eclipse.ui.PlatformUI.createAndRunWorkbench(PlatformUI.java:156)
2023-10-25 15:28:06,642 [ERROR] LogOutputStream:75 - [STDERR_REDIRECT] 	at org.eclipse.ui.internal.ide.application.IDEApplication.start(IDEApplication.java:152)
2023-10-25 15:28:06,642 [ERROR] LogOutputStream:75 - [STDERR_REDIRECT] 	at org.eclipse.equinox.internal.app.EclipseAppHandle.run(EclipseAppHandle.java:203)
2023-10-25 15:28:06,642 [ERROR] LogOutputStream:75 - [STDERR_REDIRECT] 	at org.eclipse.core.runtime.internal.adaptor.EclipseAppLauncher.runApplication(EclipseAppLauncher.java:136)
2023-10-25 15:28:06,658 [ERROR] LogOutputStream:75 - [STDERR_REDIRECT] 	at org.eclipse.core.runtime.internal.adaptor.EclipseAppLauncher.start(EclipseAppLauncher.java:104)
2023-10-25 15:28:06,658 [ERROR] LogOutputStream:75 - [STDERR_REDIRECT] 	at org.eclipse.core.runtime.adaptor.EclipseStarter.run(EclipseStarter.java:401)
2023-10-25 15:28:06,658 [ERROR] LogOutputStream:75 - [STDERR_REDIRECT] 	at org.eclipse.core.runtime.adaptor.EclipseStarter.run(EclipseStarter.java:255)
2023-10-25 15:28:06,664 [ERROR] LogOutputStream:75 - [STDERR_REDIRECT] 	at java.base/jdk.internal.reflect.NativeMethodAccessorImpl.invoke0(Native Method)
2023-10-25 15:28:06,664 [ERROR] LogOutputStream:75 - [STDERR_REDIRECT] 	at java.base/jdk.internal.reflect.NativeMethodAccessorImpl.invoke(NativeMethodAccessorImpl.java:62)
2023-10-25 15:28:06,664 [ERROR] LogOutputStream:75 - [STDERR_REDIRECT] 	at java.base/jdk.internal.reflect.DelegatingMethodAccessorImpl.invoke(DelegatingMethodAccessorImpl.java:43)
2023-10-25 15:28:06,664 [ERROR] LogOutputStream:75 - [STDERR_REDIRECT] 	at java.base/java.lang.reflect.Method.invoke(Method.java:566)
2023-10-25 15:28:06,664 [ERROR] LogOutputStream:75 - [STDERR_REDIRECT] 	at org.eclipse.equinox.launcher.Main.invokeFramework(Main.java:659)
2023-10-25 15:28:06,664 [ERROR] LogOutputStream:75 - [STDERR_REDIRECT] 	at org.eclipse.equinox.launcher.Main.basicRun(Main.java:596)
2023-10-25 15:28:06,664 [ERROR] LogOutputStream:75 - [STDERR_REDIRECT] 	at org.eclipse.equinox.launcher.Main.run(Main.java:1467)
2023-10-25 15:28:06,664 [ERROR] LogOutputStream:75 - [STDERR_REDIRECT] Dialog open exception:
2023-10-25 15:28:06,664 [ERROR] LogOutputStream:75 - [STDERR_REDIRECT] org.eclipse.swt.SWTError: No more handles
2023-10-25 15:28:06,664 [ERROR] LogOutputStream:75 - [STDERR_REDIRECT] 	at org.eclipse.swt.SWT.error(SWT.java:4944)
2023-10-25 15:28:06,680 [ERROR] LogOutputStream:75 - [STDERR_REDIRECT] 	at org.eclipse.swt.SWT.error(SWT.java:4833)
2023-10-25 15:28:06,680 [ERROR] LogOutputStream:75 - [STDERR_REDIRECT] 	at org.eclipse.swt.SWT.error(SWT.java:4804)
2023-10-25 15:28:06,680 [ERROR] LogOutputStream:75 - [STDERR_REDIRECT] 	at org.eclipse.swt.graphics.GC.drawBitmapAlpha(GC.java:1266)
2023-10-25 15:28:06,680 [ERROR] LogOutputStream:75 - [STDERR_REDIRECT] 	at org.eclipse.swt.graphics.GC.drawBitmap(GC.java:1224)
2023-10-25 15:28:06,680 [ERROR] LogOutputStream:75 - [STDERR_REDIRECT] 	at org.eclipse.swt.graphics.GC.drawImage(GC.java:1058)
2023-10-25 15:28:06,680 [ERROR] LogOutputStream:75 - [STDERR_REDIRECT] 	at org.eclipse.swt.graphics.GC.drawImageInPixels(GC.java:929)
2023-10-25 15:28:06,680 [ERROR] LogOutputStream:75 - [STDERR_REDIRECT] 	at org.eclipse.swt.graphics.GC.drawImage(GC.java:922)
2023-10-25 15:28:06,680 [ERROR] LogOutputStream:75 - [STDERR_REDIRECT] 	at org.eclipse.jface.viewers.StyledCellLabelProvider.paint(StyledCellLabelProvider.java:372)
2023-10-25 15:28:06,680 [ERROR] LogOutputStream:75 - [STDERR_REDIRECT] 	at org.eclipse.jface.viewers.OwnerDrawLabelProvider$OwnerDrawListener.handleEvent(OwnerDrawLabelProvider.java:62)
2023-10-25 15:28:06,680 [ERROR] LogOutputStream:75 - [STDERR_REDIRECT] 	at org.eclipse.swt.widgets.EventTable.sendEvent(EventTable.java:89)
2023-10-25 15:28:06,680 [ERROR] LogOutputStream:75 - [STDERR_REDIRECT] 	at org.eclipse.swt.widgets.Display.sendEvent(Display.java:4243)
2023-10-25 15:28:06,680 [ERROR] LogOutputStream:75 - [STDERR_REDIRECT] 	at org.eclipse.swt.widgets.Widget.sendEvent(Widget.java:1063)
2023-10-25 15:28:06,680 [ERROR] LogOutputStream:75 - [STDERR_REDIRECT] 	at org.eclipse.swt.widgets.Widget.sendEvent(Widget.java:1087)
2023-10-25 15:28:06,695 [ERROR] LogOutputStream:75 - [STDERR_REDIRECT] 	at org.eclipse.swt.widgets.Widget.sendEvent(Widget.java:1072)
2023-10-25 15:28:06,695 [ERROR] LogOutputStream:75 - [STDERR_REDIRECT] 	at org.eclipse.swt.widgets.Tree.CDDS_ITEMPOSTPAINT(Tree.java:867)
2023-10-25 15:28:06,695 [ERROR] LogOutputStream:75 - [STDERR_REDIRECT] 	at org.eclipse.swt.widgets.Tree.wmNotifyChild(Tree.java:7468)
2023-10-25 15:28:06,695 [ERROR] LogOutputStream:75 - [STDERR_REDIRECT] 	at org.eclipse.swt.widgets.Control.wmNotify(Control.java:5800)
2023-10-25 15:28:06,695 [ERROR] LogOutputStream:75 - [STDERR_REDIRECT] 	at org.eclipse.swt.widgets.Composite.wmNotify(Composite.java:1961)
2023-10-25 15:28:06,695 [ERROR] LogOutputStream:75 - [STDERR_REDIRECT] 	at org.eclipse.swt.widgets.Control.WM_NOTIFY(Control.java:5368)
2023-10-25 15:28:06,695 [ERROR] LogOutputStream:75 - [STDERR_REDIRECT] 	at org.eclipse.swt.widgets.Control.windowProc(Control.java:4802)
2023-10-25 15:28:06,695 [ERROR] LogOutputStream:75 - [STDERR_REDIRECT] 	at org.eclipse.swt.widgets.Display.windowProc(Display.java:5023)
2023-10-25 15:28:06,695 [ERROR] LogOutputStream:75 - [STDERR_REDIRECT] 	at org.eclipse.swt.internal.win32.OS.CallWindowProc(Native Method)
2023-10-25 15:28:06,695 [ERROR] LogOutputStream:75 - [STDERR_REDIRECT] 	at org.eclipse.swt.widgets.Tree.callWindowProc(Tree.java:1542)
2023-10-25 15:28:06,695 [ERROR] LogOutputStream:75 - [STDERR_REDIRECT] 	at org.eclipse.swt.widgets.Control.windowProc(Control.java:4847)
2023-10-25 15:28:06,695 [ERROR] LogOutputStream:75 - [STDERR_REDIRECT] 	at org.eclipse.swt.widgets.Tree.windowProc(Tree.java:6059)
2023-10-25 15:28:06,711 [ERROR] LogOutputStream:75 - [STDERR_REDIRECT] 	at org.eclipse.swt.widgets.Display.windowProc(Display.java:5023)
2023-10-25 15:28:06,711 [ERROR] LogOutputStream:75 - [STDERR_REDIRECT] 	at org.eclipse.swt.internal.win32.OS.RedrawWindow(Native Method)
2023-10-25 15:28:06,711 [ERROR] LogOutputStream:75 - [STDERR_REDIRECT] 	at org.eclipse.swt.widgets.Control.update(Control.java:4590)
2023-10-25 15:28:06,711 [ERROR] LogOutputStream:75 - [STDERR_REDIRECT] 	at org.eclipse.swt.widgets.Display.update(Display.java:4986)
2023-10-25 15:28:06,711 [ERROR] LogOutputStream:75 - [STDERR_REDIRECT] 	at org.eclipse.jface.window.Window.runEventLoop(Window.java:830)
2023-10-25 15:28:06,711 [ERROR] LogOutputStream:75 - [STDERR_REDIRECT] 	at org.eclipse.jface.window.Window.open(Window.java:799)
2023-10-25 15:28:06,711 [ERROR] LogOutputStream:75 - [STDERR_REDIRECT] 	at org.eclipse.ui.internal.ide.dialogs.InternalErrorDialog.open(InternalErrorDialog.java:85)
2023-10-25 15:28:06,711 [ERROR] LogOutputStream:75 - [STDERR_REDIRECT] 	at org.eclipse.ui.internal.ide.IDEWorkbenchErrorHandler.openQuestionDialog(IDEWorkbenchErrorHandler.java:188)
2023-10-25 15:28:06,711 [ERROR] LogOutputStream:75 - [STDERR_REDIRECT] 	at org.eclipse.ui.internal.ide.IDEWorkbenchErrorHandler.handleException(IDEWorkbenchErrorHandler.java:147)
2023-10-25 15:28:06,711 [ERROR] LogOutputStream:75 - [STDERR_REDIRECT] 	at org.eclipse.ui.internal.ide.IDEWorkbenchErrorHandler$1.runInUIThread(IDEWorkbenchErrorHandler.java:115)
2023-10-25 15:28:06,711 [ERROR] LogOutputStream:75 - [STDERR_REDIRECT] 	at org.eclipse.ui.progress.UIJob.lambda$0(UIJob.java:95)
2023-10-25 15:28:06,727 [ERROR] LogOutputStream:75 - [STDERR_REDIRECT] 	at org.eclipse.swt.widgets.RunnableLock.run(RunnableLock.java:40)
2023-10-25 15:28:06,727 [ERROR] LogOutputStream:75 - [STDERR_REDIRECT] 	at org.eclipse.swt.widgets.Synchronizer.runAsyncMessages(Synchronizer.java:185)
2023-10-25 15:28:06,727 [ERROR] LogOutputStream:75 - [STDERR_REDIRECT] 	at org.eclipse.swt.widgets.Display.runAsyncMessages(Display.java:4035)
2023-10-25 15:28:06,727 [ERROR] LogOutputStream:75 - [STDERR_REDIRECT] 	at org.eclipse.swt.widgets.Display.readAndDispatch(Display.java:3635)
2023-10-25 15:28:06,727 [ERROR] LogOutputStream:75 - [STDERR_REDIRECT] 	at org.eclipse.e4.ui.internal.workbench.swt.PartRenderingEngine$5.run(PartRenderingEngine.java:1155)
2023-10-25 15:28:06,727 [ERROR] LogOutputStream:75 - [STDERR_REDIRECT] 	at org.eclipse.core.databinding.observable.Realm.runWithDefault(Realm.java:338)
2023-10-25 15:28:06,727 [ERROR] LogOutputStream:75 - [STDERR_REDIRECT] 	at org.eclipse.e4.ui.internal.workbench.swt.PartRenderingEngine.run(PartRenderingEngine.java:1046)
2023-10-25 15:28:06,727 [ERROR] LogOutputStream:75 - [STDERR_REDIRECT] 	at org.eclipse.e4.ui.internal.workbench.E4Workbench.createAndRunUI(E4Workbench.java:155)
2023-10-25 15:28:06,727 [ERROR] LogOutputStream:75 - [STDERR_REDIRECT] 	at org.eclipse.ui.internal.Workbench.lambda$3(Workbench.java:644)
2023-10-25 15:28:06,727 [ERROR] LogOutputStream:75 - [STDERR_REDIRECT] 	at org.eclipse.core.databinding.observable.Realm.runWithDefault(Realm.java:338)
2023-10-25 15:28:06,727 [ERROR] LogOutputStream:75 - [STDERR_REDIRECT] 	at org.eclipse.ui.internal.Workbench.createAndRunWorkbench(Workbench.java:551)
2023-10-25 15:28:06,742 [ERROR] LogOutputStream:75 - [STDERR_REDIRECT] 	at org.eclipse.ui.PlatformUI.createAndRunWorkbench(PlatformUI.java:156)
2023-10-25 15:28:06,742 [ERROR] LogOutputStream:75 - [STDERR_REDIRECT] 	at org.eclipse.ui.internal.ide.application.IDEApplication.start(IDEApplication.java:152)
2023-10-25 15:28:06,742 [ERROR] LogOutputStream:75 - [STDERR_REDIRECT] 	at org.eclipse.equinox.internal.app.EclipseAppHandle.run(EclipseAppHandle.java:203)
2023-10-25 15:28:06,742 [ERROR] LogOutputStream:75 - [STDERR_REDIRECT] 	at org.eclipse.core.runtime.internal.adaptor.EclipseAppLauncher.runApplication(EclipseAppLauncher.java:136)
2023-10-25 15:28:06,742 [ERROR] LogOutputStream:75 - [STDERR_REDIRECT] 	at org.eclipse.core.runtime.internal.adaptor.EclipseAppLauncher.start(EclipseAppLauncher.java:104)
2023-10-25 15:28:06,742 [ERROR] LogOutputStream:75 - [STDERR_REDIRECT] 	at org.eclipse.core.runtime.adaptor.EclipseStarter.run(EclipseStarter.java:401)
2023-10-25 15:28:06,742 [ERROR] LogOutputStream:75 - [STDERR_REDIRECT] 	at org.eclipse.core.runtime.adaptor.EclipseStarter.run(EclipseStarter.java:255)
2023-10-25 15:28:06,742 [ERROR] LogOutputStream:75 - [STDERR_REDIRECT] 	at java.base/jdk.internal.reflect.NativeMethodAccessorImpl.invoke0(Native Method)
2023-10-25 15:28:06,742 [ERROR] LogOutputStream:75 - [STDERR_REDIRECT] 	at java.base/jdk.internal.reflect.NativeMethodAccessorImpl.invoke(NativeMethodAccessorImpl.java:62)
2023-10-25 15:28:06,742 [ERROR] LogOutputStream:75 - [STDERR_REDIRECT] 	at java.base/jdk.internal.reflect.DelegatingMethodAccessorImpl.invoke(DelegatingMethodAccessorImpl.java:43)
2023-10-25 15:28:06,742 [ERROR] LogOutputStream:75 - [STDERR_REDIRECT] 	at java.base/java.lang.reflect.Method.invoke(Method.java:566)
2023-10-25 15:28:06,758 [ERROR] LogOutputStream:75 - [STDERR_REDIRECT] 	at org.eclipse.equinox.launcher.Main.invokeFramework(Main.java:659)
2023-10-25 15:28:06,758 [ERROR] LogOutputStream:75 - [STDERR_REDIRECT] 	at org.eclipse.equinox.launcher.Main.basicRun(Main.java:596)
2023-10-25 15:28:06,758 [ERROR] LogOutputStream:75 - [STDERR_REDIRECT] 	at org.eclipse.equinox.launcher.Main.run(Main.java:1467)
2023-10-25 15:28:06,758 [ERROR] LogOutputStream:75 - [STDERR_REDIRECT] 	Suppressed: org.eclipse.swt.SWTError: No more handles
2023-10-25 15:28:06,758 [ERROR] LogOutputStream:75 - [STDERR_REDIRECT] 		at org.eclipse.swt.SWT.error(SWT.java:4944)
2023-10-25 15:28:06,758 [ERROR] LogOutputStream:75 - [STDERR_REDIRECT] 		at org.eclipse.swt.SWT.error(SWT.java:4833)
2023-10-25 15:28:06,764 [ERROR] LogOutputStream:75 - [STDERR_REDIRECT] 		at org.eclipse.swt.SWT.error(SWT.java:4804)
2023-10-25 15:28:06,764 [ERROR] LogOutputStream:75 - [STDERR_REDIRECT] 		at org.eclipse.swt.graphics.Image.createGdipImage(Image.java:990)
2023-10-25 15:28:06,764 [ERROR] LogOutputStream:75 - [STDERR_REDIRECT] 		at org.eclipse.swt.graphics.GC.drawImage(GC.java:1002)
2023-10-25 15:28:06,764 [ERROR] LogOutputStream:75 - [STDERR_REDIRECT] 		at org.eclipse.swt.graphics.GC.drawImage(GC.java:993)
2023-10-25 15:28:06,764 [ERROR] LogOutputStream:75 - [STDERR_REDIRECT] 		at org.eclipse.swt.custom.CTabFolderRenderer.drawUnselected(CTabFolderRenderer.java:1608)
2023-10-25 15:28:06,764 [ERROR] LogOutputStream:75 - [STDERR_REDIRECT] 		at org.eclipse.swt.custom.CTabFolderRenderer.draw(CTabFolderRenderer.java:619)
2023-10-25 15:28:06,764 [ERROR] LogOutputStream:75 - [STDERR_REDIRECT] 		at org.eclipse.e4.ui.workbench.renderers.swt.CTabRendering.draw(CTabRendering.java:291)
2023-10-25 15:28:06,764 [ERROR] LogOutputStream:75 - [STDERR_REDIRECT] 		at org.eclipse.swt.custom.CTabFolder.onPaint(CTabFolder.java:2081)
2023-10-25 15:28:06,764 [ERROR] LogOutputStream:75 - [STDERR_REDIRECT] 		at org.eclipse.swt.custom.CTabFolder.lambda$0(CTabFolder.java:337)
2023-10-25 15:28:06,764 [ERROR] LogOutputStream:75 - [STDERR_REDIRECT] 		at org.eclipse.swt.widgets.EventTable.sendEvent(EventTable.java:89)
2023-10-25 15:28:06,764 [ERROR] LogOutputStream:75 - [STDERR_REDIRECT] 		at org.eclipse.swt.widgets.Display.sendEvent(Display.java:4243)
2023-10-25 15:28:06,764 [ERROR] LogOutputStream:75 - [STDERR_REDIRECT] 		at org.eclipse.swt.widgets.Widget.sendEvent(Widget.java:1063)
2023-10-25 15:28:06,764 [ERROR] LogOutputStream:75 - [STDERR_REDIRECT] 		at org.eclipse.swt.widgets.Widget.sendEvent(Widget.java:1087)
2023-10-25 15:28:06,764 [ERROR] LogOutputStream:75 - [STDERR_REDIRECT] 		at org.eclipse.swt.widgets.Widget.sendEvent(Widget.java:1072)
2023-10-25 15:28:06,780 [ERROR] LogOutputStream:75 - [STDERR_REDIRECT] 		at org.eclipse.swt.widgets.Composite.WM_PAINT(Composite.java:1536)
2023-10-25 15:28:06,780 [ERROR] LogOutputStream:75 - [STDERR_REDIRECT] 		at org.eclipse.swt.widgets.Control.windowProc(Control.java:4803)
2023-10-25 15:28:06,780 [ERROR] LogOutputStream:75 - [STDERR_REDIRECT] 		... 36 more
2023-10-25 15:28:06,780 [ERROR] LogOutputStream:75 - [STDERR_REDIRECT] 	Suppressed: org.eclipse.swt.SWTError: No more handles
2023-10-25 15:28:06,780 [ERROR] LogOutputStream:75 - [STDERR_REDIRECT] 		at org.eclipse.swt.SWT.error(SWT.java:4944)
2023-10-25 15:28:06,780 [ERROR] LogOutputStream:75 - [STDERR_REDIRECT] 		at org.eclipse.swt.SWT.error(SWT.java:4833)
2023-10-25 15:28:06,780 [ERROR] LogOutputStream:75 - [STDERR_REDIRECT] 		at org.eclipse.swt.SWT.error(SWT.java:4804)
2023-10-25 15:28:06,780 [ERROR] LogOutputStream:75 - [STDERR_REDIRECT] 		at org.eclipse.swt.widgets.Widget.error(Widget.java:447)
2023-10-25 15:28:06,780 [ERROR] LogOutputStream:75 - [STDERR_REDIRECT] 		at org.eclipse.swt.widgets.Control.internal_new_GC(Control.java:1776)
2023-10-25 15:28:06,780 [ERROR] LogOutputStream:75 - [STDERR_REDIRECT] 		at org.eclipse.swt.graphics.GC.win32_new(GC.java:5090)
2023-10-25 15:28:06,780 [ERROR] LogOutputStream:75 - [STDERR_REDIRECT] 		at org.eclipse.swt.widgets.Composite.WM_PAINT(Composite.java:1548)
2023-10-25 15:28:06,780 [ERROR] LogOutputStream:75 - [STDERR_REDIRECT] 		at org.eclipse.swt.widgets.Control.windowProc(Control.java:4803)
2023-10-25 15:28:06,780 [ERROR] LogOutputStream:75 - [STDERR_REDIRECT] 		at org.eclipse.swt.widgets.Canvas.windowProc(Canvas.java:340)
2023-10-25 15:28:06,780 [ERROR] LogOutputStream:75 - [STDERR_REDIRECT] 		... 36 more
2023-10-25 15:28:06,780 [ERROR] LogOutputStream:75 - [STDERR_REDIRECT] 	Suppressed: org.eclipse.swt.SWTError: No more handles
2023-10-25 15:28:06,780 [ERROR] LogOutputStream:75 - [STDERR_REDIRECT] 		at org.eclipse.swt.SWT.error(SWT.java:4944)
2023-10-25 15:28:06,780 [ERROR] LogOutputStream:75 - [STDERR_REDIRECT] 		at org.eclipse.swt.SWT.error(SWT.java:4833)
2023-10-25 15:28:06,796 [ERROR] LogOutputStream:75 - [STDERR_REDIRECT] 		at org.eclipse.swt.SWT.error(SWT.java:4804)
2023-10-25 15:28:06,796 [ERROR] LogOutputStream:75 - [STDERR_REDIRECT] 		at org.eclipse.swt.widgets.Widget.error(Widget.java:447)
2023-10-25 15:28:06,796 [ERROR] LogOutputStream:75 - [STDERR_REDIRECT] 		at org.eclipse.swt.widgets.Control.internal_new_GC(Control.java:1776)
2023-10-25 15:28:06,796 [ERROR] LogOutputStream:75 - [STDERR_REDIRECT] 		at org.eclipse.swt.graphics.GC.win32_new(GC.java:5090)
2023-10-25 15:28:06,796 [ERROR] LogOutputStream:75 - [STDERR_REDIRECT] 		at org.eclipse.swt.widgets.Composite.WM_PAINT(Composite.java:1548)
2023-10-25 15:28:06,796 [ERROR] LogOutputStream:75 - [STDERR_REDIRECT] 		at org.eclipse.swt.widgets.Control.windowProc(Control.java:4803)
2023-10-25 15:28:06,796 [ERROR] LogOutputStream:75 - [STDERR_REDIRECT] 		at org.eclipse.swt.widgets.Canvas.windowProc(Canvas.java:340)
2023-10-25 15:28:06,796 [ERROR] LogOutputStream:75 - [STDERR_REDIRECT] 		... 36 more
2023-10-25 15:28:06,796 [ERROR] LogOutputStream:75 - [STDERR_REDIRECT] 	Suppressed: org.eclipse.swt.SWTError: No more handles
2023-10-25 15:28:06,796 [ERROR] LogOutputStream:75 - [STDERR_REDIRECT] 		at org.eclipse.swt.SWT.error(SWT.java:4944)
2023-10-25 15:28:06,796 [ERROR] LogOutputStream:75 - [STDERR_REDIRECT] 		at org.eclipse.swt.SWT.error(SWT.java:4833)
2023-10-25 15:28:06,796 [ERROR] LogOutputStream:75 - [STDERR_REDIRECT] 		at org.eclipse.swt.SWT.error(SWT.java:4804)
2023-10-25 15:28:06,796 [ERROR] LogOutputStream:75 - [STDERR_REDIRECT] 		at org.eclipse.swt.widgets.Widget.error(Widget.java:447)
2023-10-25 15:28:06,796 [ERROR] LogOutputStream:75 - [STDERR_REDIRECT] 		at org.eclipse.swt.widgets.Control.internal_new_GC(Control.java:1776)
2023-10-25 15:28:06,796 [ERROR] LogOutputStream:75 - [STDERR_REDIRECT] 		at org.eclipse.swt.graphics.GC.win32_new(GC.java:5090)
2023-10-25 15:28:06,811 [ERROR] LogOutputStream:75 - [STDERR_REDIRECT] 		at org.eclipse.swt.widgets.Composite.WM_PAINT(Composite.java:1548)
2023-10-25 15:28:06,811 [ERROR] LogOutputStream:75 - [STDERR_REDIRECT] 		at org.eclipse.swt.widgets.Control.windowProc(Control.java:4803)
2023-10-25 15:28:06,811 [ERROR] LogOutputStream:75 - [STDERR_REDIRECT] 		at org.eclipse.swt.widgets.Canvas.windowProc(Canvas.java:340)
2023-10-25 15:28:06,811 [ERROR] LogOutputStream:75 - [STDERR_REDIRECT] 		... 36 more
2023-10-25 15:28:06,811 [ERROR] LogOutputStream:75 - [STDERR_REDIRECT] 	Suppressed: org.eclipse.swt.SWTError: No more handles
2023-10-25 15:28:06,811 [ERROR] LogOutputStream:75 - [STDERR_REDIRECT] 		at org.eclipse.swt.SWT.error(SWT.java:4944)
2023-10-25 15:28:06,811 [ERROR] LogOutputStream:75 - [STDERR_REDIRECT] 		at org.eclipse.swt.SWT.error(SWT.java:4833)
2023-10-25 15:28:06,811 [ERROR] LogOutputStream:75 - [STDERR_REDIRECT] 		at org.eclipse.swt.SWT.error(SWT.java:4804)
2023-10-25 15:28:06,811 [ERROR] LogOutputStream:75 - [STDERR_REDIRECT] 		at org.eclipse.swt.widgets.Widget.error(Widget.java:447)
2023-10-25 15:28:06,811 [ERROR] LogOutputStream:75 - [STDERR_REDIRECT] 		at org.eclipse.swt.widgets.Control.internal_new_GC(Control.java:1776)
2023-10-25 15:28:06,811 [ERROR] LogOutputStream:75 - [STDERR_REDIRECT] 		at org.eclipse.swt.graphics.GC.win32_new(GC.java:5090)
2023-10-25 15:28:06,811 [ERROR] LogOutputStream:75 - [STDERR_REDIRECT] 		at org.eclipse.swt.widgets.Composite.WM_PAINT(Composite.java:1548)
2023-10-25 15:28:06,811 [ERROR] LogOutputStream:75 - [STDERR_REDIRECT] 		at org.eclipse.swt.widgets.Control.windowProc(Control.java:4803)
2023-10-25 15:28:06,827 [ERROR] LogOutputStream:75 - [STDERR_REDIRECT] 		at org.eclipse.swt.widgets.Canvas.windowProc(Canvas.java:340)
2023-10-25 15:28:06,827 [ERROR] LogOutputStream:75 - [STDERR_REDIRECT] 		... 36 more
2023-10-25 15:28:06,827 [ERROR] LogOutputStream:75 - [STDERR_REDIRECT] 	Suppressed: org.eclipse.swt.SWTError: No more handles
2023-10-25 15:28:06,827 [ERROR] LogOutputStream:75 - [STDERR_REDIRECT] 		at org.eclipse.swt.SWT.error(SWT.java:4944)
2023-10-25 15:28:06,827 [ERROR] LogOutputStream:75 - [STDERR_REDIRECT] 		at org.eclipse.swt.SWT.error(SWT.java:4833)
2023-10-25 15:28:06,827 [ERROR] LogOutputStream:75 - [STDERR_REDIRECT] 		at org.eclipse.swt.SWT.error(SWT.java:4804)
2023-10-25 15:28:06,827 [ERROR] LogOutputStream:75 - [STDERR_REDIRECT] 		at org.eclipse.swt.widgets.Widget.error(Widget.java:447)
2023-10-25 15:28:06,827 [ERROR] LogOutputStream:75 - [STDERR_REDIRECT] 		at org.eclipse.swt.widgets.Control.internal_new_GC(Control.java:1776)
2023-10-25 15:28:06,827 [ERROR] LogOutputStream:75 - [STDERR_REDIRECT] 		at org.eclipse.swt.graphics.GC.win32_new(GC.java:5090)
2023-10-25 15:28:06,827 [ERROR] LogOutputStream:75 - [STDERR_REDIRECT] 		at org.eclipse.swt.widgets.Composite.WM_PAINT(Composite.java:1548)
2023-10-25 15:28:06,827 [ERROR] LogOutputStream:75 - [STDERR_REDIRECT] 		at org.eclipse.swt.widgets.Control.windowProc(Control.java:4803)
2023-10-25 15:28:06,827 [ERROR] LogOutputStream:75 - [STDERR_REDIRECT] 		at org.eclipse.swt.widgets.Canvas.windowProc(Canvas.java:340)
2023-10-25 15:28:06,827 [ERROR] LogOutputStream:75 - [STDERR_REDIRECT] 		... 36 more
2023-10-25 15:28:06,827 [ERROR] LogOutputStream:75 - [STDERR_REDIRECT] 	Suppressed: org.eclipse.swt.SWTError: No more handles
2023-10-25 15:28:06,827 [ERROR] LogOutputStream:75 - [STDERR_REDIRECT] 		at org.eclipse.swt.SWT.error(SWT.java:4944)
2023-10-25 15:28:06,827 [ERROR] LogOutputStream:75 - [STDERR_REDIRECT] 		at org.eclipse.swt.SWT.error(SWT.java:4833)
2023-10-25 15:28:06,842 [ERROR] LogOutputStream:75 - [STDERR_REDIRECT] 		at org.eclipse.swt.SWT.error(SWT.java:4804)
2023-10-25 15:28:06,842 [ERROR] LogOutputStream:75 - [STDERR_REDIRECT] 		at org.eclipse.swt.widgets.Widget.error(Widget.java:447)
2023-10-25 15:28:06,842 [ERROR] LogOutputStream:75 - [STDERR_REDIRECT] 		at org.eclipse.swt.widgets.Control.internal_new_GC(Control.java:1776)
2023-10-25 15:28:06,842 [ERROR] LogOutputStream:75 - [STDERR_REDIRECT] 		at org.eclipse.swt.graphics.GC.win32_new(GC.java:5090)
2023-10-25 15:28:06,847 [ERROR] LogOutputStream:75 - [STDERR_REDIRECT] 		at org.eclipse.swt.widgets.Composite.WM_PAINT(Composite.java:1548)
2023-10-25 15:28:06,847 [ERROR] LogOutputStream:75 - [STDERR_REDIRECT] 		at org.eclipse.swt.widgets.Control.windowProc(Control.java:4803)
2023-10-25 15:28:06,847 [ERROR] LogOutputStream:75 - [STDERR_REDIRECT] 		at org.eclipse.swt.widgets.Canvas.windowProc(Canvas.java:340)
2023-10-25 15:28:06,847 [ERROR] LogOutputStream:75 - [STDERR_REDIRECT] 		... 36 more
2023-10-25 15:28:06,847 [ERROR] LogOutputStream:75 - [STDERR_REDIRECT] 	Suppressed: org.eclipse.swt.SWTError: No more handles
2023-10-25 15:28:06,847 [ERROR] LogOutputStream:75 - [STDERR_REDIRECT] 		at org.eclipse.swt.SWT.error(SWT.java:4944)
2023-10-25 15:28:06,847 [ERROR] LogOutputStream:75 - [STDERR_REDIRECT] 		at org.eclipse.swt.SWT.error(SWT.java:4833)
2023-10-25 15:28:06,847 [ERROR] LogOutputStream:75 - [STDERR_REDIRECT] 		at org.eclipse.swt.SWT.error(SWT.java:4804)
2023-10-25 15:28:06,847 [ERROR] LogOutputStream:75 - [STDERR_REDIRECT] 		at org.eclipse.swt.widgets.Widget.error(Widget.java:447)
2023-10-25 15:28:06,847 [ERROR] LogOutputStream:75 - [STDERR_REDIRECT] 		at org.eclipse.swt.widgets.Control.internal_new_GC(Control.java:1776)
2023-10-25 15:28:06,856 [ERROR] LogOutputStream:75 - [STDERR_REDIRECT] 		at org.eclipse.swt.graphics.GC.win32_new(GC.java:5090)
2023-10-25 15:28:06,856 [ERROR] LogOutputStream:75 - [STDERR_REDIRECT] 		at org.eclipse.swt.widgets.Composite.WM_PAINT(Composite.java:1548)
2023-10-25 15:28:06,856 [ERROR] LogOutputStream:75 - [STDERR_REDIRECT] 		at org.eclipse.swt.widgets.Control.windowProc(Control.java:4803)
2023-10-25 15:28:06,856 [ERROR] LogOutputStream:75 - [STDERR_REDIRECT] 		at org.eclipse.swt.widgets.Canvas.windowProc(Canvas.java:340)
2023-10-25 15:28:06,856 [ERROR] LogOutputStream:75 - [STDERR_REDIRECT] 		... 36 more
2023-10-25 15:28:06,856 [ERROR] LogOutputStream:75 - [STDERR_REDIRECT] 	Suppressed: org.eclipse.swt.SWTError: No more handles
2023-10-25 15:28:06,856 [ERROR] LogOutputStream:75 - [STDERR_REDIRECT] 		at org.eclipse.swt.SWT.error(SWT.java:4944)
2023-10-25 15:28:06,856 [ERROR] LogOutputStream:75 - [STDERR_REDIRECT] 		at org.eclipse.swt.SWT.error(SWT.java:4833)
2023-10-25 15:28:06,856 [ERROR] LogOutputStream:75 - [STDERR_REDIRECT] 		at org.eclipse.swt.SWT.error(SWT.java:4804)
2023-10-25 15:28:06,856 [ERROR] LogOutputStream:75 - [STDERR_REDIRECT] 		at org.eclipse.swt.widgets.Widget.error(Widget.java:447)
2023-10-25 15:28:06,856 [ERROR] LogOutputStream:75 - [STDERR_REDIRECT] 		at org.eclipse.swt.widgets.Control.internal_new_GC(Control.java:1776)
2023-10-25 15:28:06,866 [ERROR] LogOutputStream:75 - [STDERR_REDIRECT] 		at org.eclipse.swt.graphics.GC.win32_new(GC.java:5090)
2023-10-25 15:28:06,866 [ERROR] LogOutputStream:75 - [STDERR_REDIRECT] 		at org.eclipse.swt.widgets.Composite.WM_PAINT(Composite.java:1548)
2023-10-25 15:28:06,866 [ERROR] LogOutputStream:75 - [STDERR_REDIRECT] 		at org.eclipse.swt.widgets.Control.windowProc(Control.java:4803)
2023-10-25 15:28:06,866 [ERROR] LogOutputStream:75 - [STDERR_REDIRECT] 		at org.eclipse.swt.widgets.Canvas.windowProc(Canvas.java:340)
2023-10-25 15:28:06,866 [ERROR] LogOutputStream:75 - [STDERR_REDIRECT] 		... 36 more
2023-10-25 15:28:06,866 [ERROR] LogOutputStream:75 - [STDERR_REDIRECT] 	Suppressed: org.eclipse.swt.SWTError: No more handles
2023-10-25 15:28:06,866 [ERROR] LogOutputStream:75 - [STDERR_REDIRECT] 		at org.eclipse.swt.SWT.error(SWT.java:4944)
2023-10-25 15:28:06,866 [ERROR] LogOutputStream:75 - [STDERR_REDIRECT] 		at org.eclipse.swt.SWT.error(SWT.java:4833)
2023-10-25 15:28:06,866 [ERROR] LogOutputStream:75 - [STDERR_REDIRECT] 		at org.eclipse.swt.SWT.error(SWT.java:4804)
2023-10-25 15:28:06,866 [ERROR] LogOutputStream:75 - [STDERR_REDIRECT] 		at org.eclipse.swt.widgets.Widget.error(Widget.java:447)
2023-10-25 15:28:06,876 [ERROR] LogOutputStream:75 - [STDERR_REDIRECT] 		at org.eclipse.swt.widgets.Control.internal_new_GC(Control.java:1776)
2023-10-25 15:28:06,876 [ERROR] LogOutputStream:75 - [STDERR_REDIRECT] 		at org.eclipse.swt.graphics.GC.win32_new(GC.java:5090)
2023-10-25 15:28:06,876 [ERROR] LogOutputStream:75 - [STDERR_REDIRECT] 		at org.eclipse.swt.widgets.Composite.WM_PAINT(Composite.java:1548)
2023-10-25 15:28:06,876 [ERROR] LogOutputStream:75 - [STDERR_REDIRECT] 		at org.eclipse.swt.widgets.Control.windowProc(Control.java:4803)
2023-10-25 15:28:06,876 [ERROR] LogOutputStream:75 - [STDERR_REDIRECT] 		at org.eclipse.swt.widgets.Canvas.windowProc(Canvas.java:340)
2023-10-25 15:28:06,881 [ERROR] LogOutputStream:75 - [STDERR_REDIRECT] 		... 36 more
2023-10-25 15:28:06,881 [ERROR] LogOutputStream:75 - [STDERR_REDIRECT] 	Suppressed: org.eclipse.swt.SWTError: No more handles
2023-10-25 15:28:06,881 [ERROR] LogOutputStream:75 - [STDERR_REDIRECT] 		at org.eclipse.swt.SWT.error(SWT.java:4944)
2023-10-25 15:28:06,881 [ERROR] LogOutputStream:75 - [STDERR_REDIRECT] 		at org.eclipse.swt.SWT.error(SWT.java:4833)
2023-10-25 15:28:06,881 [ERROR] LogOutputStream:75 - [STDERR_REDIRECT] 		at org.eclipse.swt.SWT.error(SWT.java:4804)
2023-10-25 15:28:06,881 [ERROR] LogOutputStream:75 - [STDERR_REDIRECT] 		at org.eclipse.swt.widgets.Widget.error(Widget.java:447)
2023-10-25 15:28:06,886 [ERROR] LogOutputStream:75 - [STDERR_REDIRECT] 		at org.eclipse.swt.widgets.Control.internal_new_GC(Control.java:1776)
2023-10-25 15:28:06,886 [ERROR] LogOutputStream:75 - [STDERR_REDIRECT] 		at org.eclipse.swt.graphics.GC.win32_new(GC.java:5090)
2023-10-25 15:28:06,886 [ERROR] LogOutputStream:75 - [STDERR_REDIRECT] 		at org.eclipse.swt.widgets.Composite.WM_PAINT(Composite.java:1548)
2023-10-25 15:28:06,886 [ERROR] LogOutputStream:75 - [STDERR_REDIRECT] 		at org.eclipse.swt.widgets.Control.windowProc(Control.java:4803)
2023-10-25 15:28:06,886 [ERROR] LogOutputStream:75 - [STDERR_REDIRECT] 		at org.eclipse.swt.widgets.Canvas.windowProc(Canvas.java:340)
2023-10-25 15:28:06,886 [ERROR] LogOutputStream:75 - [STDERR_REDIRECT] 		... 36 more
2023-10-25 15:28:06,886 [ERROR] LogOutputStream:75 - [STDERR_REDIRECT] 	Suppressed: org.eclipse.swt.SWTError: No more handles
2023-10-25 15:28:06,886 [ERROR] LogOutputStream:75 - [STDERR_REDIRECT] 		at org.eclipse.swt.SWT.error(SWT.java:4944)
2023-10-25 15:28:06,886 [ERROR] LogOutputStream:75 - [STDERR_REDIRECT] 		at org.eclipse.swt.SWT.error(SWT.java:4833)
2023-10-25 15:28:06,886 [ERROR] LogOutputStream:75 - [STDERR_REDIRECT] 		at org.eclipse.swt.SWT.error(SWT.java:4804)
2023-10-25 15:28:06,886 [ERROR] LogOutputStream:75 - [STDERR_REDIRECT] 		at org.eclipse.swt.widgets.Widget.error(Widget.java:447)
2023-10-25 15:28:06,896 [ERROR] LogOutputStream:75 - [STDERR_REDIRECT] 		at org.eclipse.swt.widgets.Control.internal_new_GC(Control.java:1776)
2023-10-25 15:28:06,896 [ERROR] LogOutputStream:75 - [STDERR_REDIRECT] 		at org.eclipse.swt.graphics.GC.win32_new(GC.java:5090)
2023-10-25 15:28:06,896 [ERROR] LogOutputStream:75 - [STDERR_REDIRECT] 		at org.eclipse.swt.widgets.Composite.WM_PAINT(Composite.java:1548)
2023-10-25 15:28:06,896 [ERROR] LogOutputStream:75 - [STDERR_REDIRECT] 		at org.eclipse.swt.widgets.Control.windowProc(Control.java:4803)
2023-10-25 15:28:06,896 [ERROR] LogOutputStream:75 - [STDERR_REDIRECT] 		at org.eclipse.swt.widgets.Canvas.windowProc(Canvas.java:340)
2023-10-25 15:28:06,896 [ERROR] LogOutputStream:75 - [STDERR_REDIRECT] 		... 36 more
2023-10-25 15:28:06,901 [ERROR] LogOutputStream:75 - [STDERR_REDIRECT] 	Suppressed: org.eclipse.swt.SWTError: No more handles
2023-10-25 15:28:06,901 [ERROR] LogOutputStream:75 - [STDERR_REDIRECT] 		at org.eclipse.swt.SWT.error(SWT.java:4944)
2023-10-25 15:28:06,901 [ERROR] LogOutputStream:75 - [STDERR_REDIRECT] 		at org.eclipse.swt.SWT.error(SWT.java:4833)
2023-10-25 15:28:06,901 [ERROR] LogOutputStream:75 - [STDERR_REDIRECT] 		at org.eclipse.swt.SWT.error(SWT.java:4804)
2023-10-25 15:28:06,901 [ERROR] LogOutputStream:75 - [STDERR_REDIRECT] 		at org.eclipse.swt.widgets.Widget.error(Widget.java:447)
2023-10-25 15:28:06,906 [ERROR] LogOutputStream:75 - [STDERR_REDIRECT] 		at org.eclipse.swt.widgets.Control.internal_new_GC(Control.java:1776)
2023-10-25 15:28:06,906 [ERROR] LogOutputStream:75 - [STDERR_REDIRECT] 		at org.eclipse.swt.graphics.GC.win32_new(GC.java:5090)
2023-10-25 15:28:06,906 [ERROR] LogOutputStream:75 - [STDERR_REDIRECT] 		at org.eclipse.swt.widgets.Composite.WM_PAINT(Composite.java:1548)
2023-10-25 15:28:06,906 [ERROR] LogOutputStream:75 - [STDERR_REDIRECT] 		at org.eclipse.swt.widgets.Control.windowProc(Control.java:4803)
2023-10-25 15:28:06,906 [ERROR] LogOutputStream:75 - [STDERR_REDIRECT] 		at org.eclipse.swt.widgets.Canvas.windowProc(Canvas.java:340)
2023-10-25 15:28:06,906 [ERROR] LogOutputStream:75 - [STDERR_REDIRECT] 		... 36 more
2023-10-25 15:28:06,906 [ERROR] LogOutputStream:75 - [STDERR_REDIRECT] 	Suppressed: org.eclipse.swt.SWTError: No more handles
2023-10-25 15:28:06,906 [ERROR] LogOutputStream:75 - [STDERR_REDIRECT] 		at org.eclipse.swt.SWT.error(SWT.java:4944)
2023-10-25 15:28:06,906 [ERROR] LogOutputStream:75 - [STDERR_REDIRECT] 		at org.eclipse.swt.SWT.error(SWT.java:4833)
2023-10-25 15:28:06,906 [ERROR] LogOutputStream:75 - [STDERR_REDIRECT] 		at org.eclipse.swt.SWT.error(SWT.java:4804)
2023-10-25 15:28:06,906 [ERROR] LogOutputStream:75 - [STDERR_REDIRECT] 		at org.eclipse.swt.widgets.Widget.error(Widget.java:447)
2023-10-25 15:28:06,906 [ERROR] LogOutputStream:75 - [STDERR_REDIRECT] 		at org.eclipse.swt.widgets.Control.internal_new_GC(Control.java:1776)
2023-10-25 15:28:06,916 [ERROR] LogOutputStream:75 - [STDERR_REDIRECT] 		at org.eclipse.swt.graphics.GC.win32_new(GC.java:5090)
2023-10-25 15:28:06,916 [ERROR] LogOutputStream:75 - [STDERR_REDIRECT] 		at org.eclipse.swt.widgets.Composite.WM_PAINT(Composite.java:1548)
2023-10-25 15:28:06,916 [ERROR] LogOutputStream:75 - [STDERR_REDIRECT] 		at org.eclipse.swt.widgets.Control.windowProc(Control.java:4803)
2023-10-25 15:28:06,916 [ERROR] LogOutputStream:75 - [STDERR_REDIRECT] 		at org.eclipse.swt.widgets.Canvas.windowProc(Canvas.java:340)
2023-10-25 15:28:06,916 [ERROR] LogOutputStream:75 - [STDERR_REDIRECT] 		... 36 more
2023-10-25 15:28:06,916 [ERROR] LogOutputStream:75 - [STDERR_REDIRECT] 	Suppressed: org.eclipse.swt.SWTError: No more handles
2023-10-25 15:28:06,921 [ERROR] LogOutputStream:75 - [STDERR_REDIRECT] 		at org.eclipse.swt.SWT.error(SWT.java:4944)
2023-10-25 15:28:06,921 [ERROR] LogOutputStream:75 - [STDERR_REDIRECT] 		at org.eclipse.swt.SWT.error(SWT.java:4833)
2023-10-25 15:28:06,921 [ERROR] LogOutputStream:75 - [STDERR_REDIRECT] 		at org.eclipse.swt.SWT.error(SWT.java:4804)
2023-10-25 15:28:06,921 [ERROR] LogOutputStream:75 - [STDERR_REDIRECT] 		at org.eclipse.swt.widgets.Widget.error(Widget.java:447)
2023-10-25 15:28:06,921 [ERROR] LogOutputStream:75 - [STDERR_REDIRECT] 		at org.eclipse.swt.widgets.Control.internal_new_GC(Control.java:1776)
2023-10-25 15:28:06,926 [ERROR] LogOutputStream:75 - [STDERR_REDIRECT] 		at org.eclipse.swt.graphics.GC.win32_new(GC.java:5090)
2023-10-25 15:28:06,926 [ERROR] LogOutputStream:75 - [STDERR_REDIRECT] 		at org.eclipse.swt.widgets.Composite.WM_PAINT(Composite.java:1548)
2023-10-25 15:28:06,926 [ERROR] LogOutputStream:75 - [STDERR_REDIRECT] 		at org.eclipse.swt.widgets.Control.windowProc(Control.java:4803)
2023-10-25 15:28:06,926 [ERROR] LogOutputStream:75 - [STDERR_REDIRECT] 		at org.eclipse.swt.widgets.Canvas.windowProc(Canvas.java:340)
2023-10-25 15:28:06,926 [ERROR] LogOutputStream:75 - [STDERR_REDIRECT] 		... 36 more
2023-10-25 15:28:06,926 [ERROR] LogOutputStream:75 - [STDERR_REDIRECT] 	Suppressed: org.eclipse.swt.SWTError: No more handles
2023-10-25 15:28:06,926 [ERROR] LogOutputStream:75 - [STDERR_REDIRECT] 		at org.eclipse.swt.SWT.error(SWT.java:4944)
2023-10-25 15:28:06,926 [ERROR] LogOutputStream:75 - [STDERR_REDIRECT] 		at org.eclipse.swt.SWT.error(SWT.java:4833)
2023-10-25 15:28:06,926 [ERROR] LogOutputStream:75 - [STDERR_REDIRECT] 		at org.eclipse.swt.SWT.error(SWT.java:4804)
2023-10-25 15:28:06,926 [ERROR] LogOutputStream:75 - [STDERR_REDIRECT] 		at org.eclipse.swt.widgets.Widget.error(Widget.java:447)
2023-10-25 15:28:06,926 [ERROR] LogOutputStream:75 - [STDERR_REDIRECT] 		at org.eclipse.swt.widgets.Control.internal_new_GC(Control.java:1776)
2023-10-25 15:28:06,926 [ERROR] LogOutputStream:75 - [STDERR_REDIRECT] 		at org.eclipse.swt.graphics.GC.win32_new(GC.java:5090)
2023-10-25 15:28:06,936 [ERROR] LogOutputStream:75 - [STDERR_REDIRECT] 		at org.eclipse.swt.widgets.Composite.WM_PAINT(Composite.java:1548)
2023-10-25 15:28:06,936 [ERROR] LogOutputStream:75 - [STDERR_REDIRECT] 		at org.eclipse.swt.widgets.Control.windowProc(Control.java:4803)
2023-10-25 15:28:06,936 [ERROR] LogOutputStream:75 - [STDERR_REDIRECT] 		at org.eclipse.swt.widgets.Canvas.windowProc(Canvas.java:340)
2023-10-25 15:28:06,936 [ERROR] LogOutputStream:75 - [STDERR_REDIRECT] 		... 36 more
2023-10-25 15:28:06,936 [ERROR] LogOutputStream:75 - [STDERR_REDIRECT] 	Suppressed: org.eclipse.swt.SWTError: No more handles
2023-10-25 15:28:06,936 [ERROR] LogOutputStream:75 - [STDERR_REDIRECT] 		at org.eclipse.swt.SWT.error(SWT.java:4944)
2023-10-25 15:28:06,936 [ERROR] LogOutputStream:75 - [STDERR_REDIRECT] 		at org.eclipse.swt.SWT.error(SWT.java:4833)
2023-10-25 15:28:06,936 [ERROR] LogOutputStream:75 - [STDERR_REDIRECT] 		at org.eclipse.swt.SWT.error(SWT.java:4804)
2023-10-25 15:28:06,936 [ERROR] LogOutputStream:75 - [STDERR_REDIRECT] 		at org.eclipse.swt.widgets.Widget.error(Widget.java:447)
2023-10-25 15:28:06,936 [ERROR] LogOutputStream:75 - [STDERR_REDIRECT] 		at org.eclipse.swt.widgets.Control.internal_new_GC(Control.java:1776)
2023-10-25 15:28:06,936 [ERROR] LogOutputStream:75 - [STDERR_REDIRECT] 		at org.eclipse.swt.graphics.GC.win32_new(GC.java:5090)
2023-10-25 15:28:06,936 [ERROR] LogOutputStream:75 - [STDERR_REDIRECT] 		at org.eclipse.swt.widgets.Composite.WM_PAINT(Composite.java:1548)
2023-10-25 15:28:06,946 [ERROR] LogOutputStream:75 - [STDERR_REDIRECT] 		at org.eclipse.swt.widgets.Control.windowProc(Control.java:4803)
2023-10-25 15:28:06,946 [ERROR] LogOutputStream:75 - [STDERR_REDIRECT] 		at org.eclipse.swt.widgets.Canvas.windowProc(Canvas.java:340)
2023-10-25 15:28:06,946 [ERROR] LogOutputStream:75 - [STDERR_REDIRECT] 		... 36 more
2023-10-25 15:40:10,146 [INFO] Activator:176 - 


2023-10-25 15:40:10,146 [INFO] Activator:177 - !SESSION log4j initialized
2023-10-25 15:40:17,306 [INFO] LogOutputStream:77 - [STDOUT_REDIRECT] 
2023-10-25 15:40:39,934 [ERROR] LogOutputStream:75 - [STDERR_REDIRECT] SLF4J: Failed to load class "org.slf4j.impl.StaticLoggerBinder".
2023-10-25 15:40:39,934 [ERROR] LogOutputStream:75 - [STDERR_REDIRECT] SLF4J: Defaulting to no-operation (NOP) logger implementation
2023-10-25 15:40:39,934 [ERROR] LogOutputStream:75 - [STDERR_REDIRECT] SLF4J: See http://www.slf4j.org/codes.html#StaticLoggerBinder for further details.
2023-10-25 15:56:03,523 [INFO] Activator:176 - 


2023-10-25 15:56:03,523 [INFO] Activator:177 - !SESSION log4j initialized
2023-10-25 15:56:12,467 [INFO] LogOutputStream:77 - [STDOUT_REDIRECT] 
2023-10-25 15:56:35,463 [ERROR] LogOutputStream:75 - [STDERR_REDIRECT] SLF4J: Failed to load class "org.slf4j.impl.StaticLoggerBinder".
2023-10-25 15:56:35,463 [ERROR] LogOutputStream:75 - [STDERR_REDIRECT] SLF4J: Defaulting to no-operation (NOP) logger implementation
2023-10-25 15:56:35,463 [ERROR] LogOutputStream:75 - [STDERR_REDIRECT] SLF4J: See http://www.slf4j.org/codes.html#StaticLoggerBinder for further details.
