2024-02-21 11:25:32,535 [INFO] MainUpdater:2854 - connection check result : 10
2024-02-21 11:25:32,557 [INFO] MainUpdater:2854 - connection check result : 10
2024-02-21 11:25:32,573 [INFO] MicroXplorer:468 - Change Database Path : 
2024-02-21 11:25:32,573 [INFO] MicroXplorer:498 - Change Database Version : DB.6.0.81
2024-02-21 11:25:32,614 [WARN] ThirdParty:871 - waiting for thirdparty lock release [close project]
2024-02-21 11:25:32,614 [INFO] ThirdParty:873 - entering critical section [close project]
2024-02-21 11:25:32,614 [INFO] ThirdParty:883 - exiting critical section [close project]
2024-02-21 11:25:32,614 [INFO] PinOutPanel:1499 - setPackage(No Configuration,No Configuration)
2024-02-21 11:25:32,630 [WARN] IpParametersView:150 - Warning: This peripheral hasn't parameters
2024-02-21 11:25:32,630 [WARN] MainPanel:257 - <html><b><center>Warning: This peripheral has no parameters to be configured<br></b></html>
2024-02-21 11:25:32,630 [INFO] UtilMem:75 - Begin LoadConfig() Used Memory: 698293712 Bytes (987758592)
2024-02-21 11:25:32,630 [INFO] MicroXplorer:468 - Change Database Path : 
2024-02-21 11:25:32,630 [INFO] MicroXplorer:498 - Change Database Version : DB.6.0.81
2024-02-21 11:25:32,630 [INFO] OpenFileManager:308 - Change cursor
2024-02-21 11:25:32,662 [INFO] Mcu:1937 - Initializing MCU STM32F746ZGTx STM32F746ZGTx STM32F746ZGT6
2024-02-21 11:25:34,503 [INFO] Context:659 - Trying to add GPIOservice into a context  which must be forbidden
2024-02-21 11:25:35,022 [INFO] RtosManager:555 - Registered RTOS mode: class=CMSIS, group=RTOS, mode=CMSIS_V1, owner=FREERTOS
2024-02-21 11:25:35,022 [INFO] RtosManager:555 - Registered RTOS mode: class=CMSIS, group=RTOS2, mode=CMSIS_V2, owner=FREERTOS
2024-02-21 11:25:35,022 [INFO] RtosManager:555 - Registered RTOS mode: class=RTOS, group=Core, mode=CMSIS_V1, owner=FREERTOS
2024-02-21 11:25:35,022 [INFO] RtosManager:555 - Registered RTOS mode: class=RTOS, group=Core, mode=CMSIS_V2, owner=FREERTOS
2024-02-21 11:25:35,022 [WARN] ModelIntegratedComponent:184 - Missing modes for component STMicroelectronics:FreeRTOS:0.0.1:STMicroelectronics:RTOS:FreeRTOS:Core:::10.2.0:
2024-02-21 11:25:35,032 [WARN] ModelIntegratedComponent:63 - No mode defined for component null
2024-02-21 11:25:35,032 [WARN] ModelIntegratedComponent:63 - No mode defined for component null
2024-02-21 11:25:35,032 [WARN] ModelIntegratedComponent:63 - No mode defined for component null
2024-02-21 11:25:35,032 [WARN] ModelIntegratedComponent:63 - No mode defined for component null
2024-02-21 11:25:35,032 [WARN] ModelIntegratedComponent:63 - No mode defined for component null
2024-02-21 11:25:35,032 [WARN] ModelIntegratedComponent:63 - No mode defined for component null
2024-02-21 11:25:35,032 [WARN] ModelIntegratedComponent:63 - No mode defined for component null
2024-02-21 11:25:35,032 [WARN] ModelIntegratedComponent:63 - No mode defined for component null
2024-02-21 11:25:35,032 [WARN] ModelIntegratedComponent:63 - No mode defined for component null
2024-02-21 11:25:35,032 [WARN] ModelIntegratedComponent:63 - No mode defined for component null
2024-02-21 11:25:35,032 [WARN] ModelIntegratedComponent:63 - No mode defined for component null
2024-02-21 11:25:35,032 [WARN] ModelIntegratedComponent:63 - No mode defined for component null
2024-02-21 11:25:35,032 [WARN] ModelIntegratedComponent:63 - No mode defined for component null
2024-02-21 11:25:35,032 [WARN] ModelIntegratedComponent:63 - No mode defined for component null
2024-02-21 11:25:35,032 [WARN] ModelIntegratedComponent:63 - No mode defined for component null
2024-02-21 11:25:35,032 [WARN] ModelIntegratedComponent:63 - No mode defined for component null
2024-02-21 11:25:35,032 [WARN] ModelIntegratedComponent:63 - No mode defined for component null
2024-02-21 11:25:35,032 [WARN] ModelIntegratedComponent:63 - No mode defined for component null
2024-02-21 11:25:35,032 [WARN] ModelIntegratedComponent:63 - No mode defined for component null
2024-02-21 11:25:35,032 [WARN] ModelIntegratedComponent:63 - No mode defined for component null
2024-02-21 11:25:35,032 [WARN] ModelIntegratedComponent:63 - No mode defined for component null
2024-02-21 11:25:35,032 [WARN] ModelIntegratedComponent:63 - No mode defined for component null
2024-02-21 11:25:35,032 [WARN] ModelIntegratedComponent:63 - No mode defined for component null
2024-02-21 11:25:35,032 [WARN] ModelIntegratedComponent:63 - No mode defined for component null
2024-02-21 11:25:35,032 [WARN] ModelIntegratedComponent:63 - No mode defined for component null
2024-02-21 11:25:35,032 [WARN] ModelIntegratedComponent:63 - No mode defined for component null
2024-02-21 11:25:35,032 [WARN] ModelIntegratedComponent:63 - No mode defined for component null
2024-02-21 11:25:35,032 [WARN] ModelIntegratedComponent:63 - No mode defined for component null
2024-02-21 11:25:35,032 [WARN] ModelIntegratedComponent:63 - No mode defined for component null
2024-02-21 11:25:35,032 [WARN] ModelIntegratedComponent:63 - No mode defined for component null
2024-02-21 11:25:35,032 [WARN] ModelIntegratedComponent:63 - No mode defined for component null
2024-02-21 11:25:35,032 [WARN] ModelIntegratedComponent:63 - No mode defined for component null
2024-02-21 11:25:35,032 [WARN] ModelIntegratedComponent:63 - No mode defined for component null
2024-02-21 11:25:35,123 [INFO] ThirdPartyModel:298 - Start build external matchings
2024-02-21 11:25:35,805 [INFO] ThirdPartyModel:316 - End build external matchings
2024-02-21 11:25:35,815 [INFO] ImportTextPane:194 - (OptionalMessage_ERROR) IP (DMA) : Parameter (Instance) has Id (ADC2) currently not set
2024-02-21 11:25:35,815 [INFO] ImportTextPane:194 - (OptionalMessage_ERROR) IP (DMA) : Parameter (Channel) has Id (ADC2) currently not set
2024-02-21 11:25:35,815 [INFO] ImportTextPane:194 - (OptionalMessage_ERROR) IP (DMA) : Parameter (Direction) has Id (ADC2) currently not set
2024-02-21 11:25:35,815 [INFO] ImportTextPane:194 - (OptionalMessage_ERROR) IP (DMA) : Parameter (PeriphInc) has Id (ADC2) currently not set
2024-02-21 11:25:35,815 [INFO] ImportTextPane:194 - (OptionalMessage_ERROR) IP (DMA) : Parameter (MemInc) has Id (ADC2) currently not set
2024-02-21 11:25:35,815 [INFO] ImportTextPane:194 - (OptionalMessage_ERROR) IP (DMA) : Parameter (PeriphDataAlignment) has Id (ADC2) currently not set
2024-02-21 11:25:35,823 [INFO] ImportTextPane:194 - (OptionalMessage_ERROR) IP (DMA) : Parameter (MemDataAlignment) has Id (ADC2) currently not set
2024-02-21 11:25:35,823 [INFO] ImportTextPane:194 - (OptionalMessage_ERROR) IP (DMA) : Parameter (Mode) has Id (ADC2) currently not set
2024-02-21 11:25:35,823 [INFO] ImportTextPane:194 - (OptionalMessage_ERROR) IP (DMA) : Parameter (Priority) has Id (ADC2) currently not set
2024-02-21 11:25:35,823 [INFO] ImportTextPane:194 - (OptionalMessage_ERROR) IP (DMA) : Parameter (FIFOMode) has Id (ADC2) currently not set
2024-02-21 11:25:35,823 [INFO] ImportTextPane:194 - (OptionalMessage_ERROR) IP (DMA) : Parameter (Instance) has Id (ADC1) currently not set
2024-02-21 11:25:35,823 [INFO] ImportTextPane:194 - (OptionalMessage_ERROR) IP (DMA) : Parameter (Channel) has Id (ADC1) currently not set
2024-02-21 11:25:35,823 [INFO] ImportTextPane:194 - (OptionalMessage_ERROR) IP (DMA) : Parameter (Direction) has Id (ADC1) currently not set
2024-02-21 11:25:35,823 [INFO] ImportTextPane:194 - (OptionalMessage_ERROR) IP (DMA) : Parameter (PeriphInc) has Id (ADC1) currently not set
2024-02-21 11:25:35,823 [INFO] ImportTextPane:194 - (OptionalMessage_ERROR) IP (DMA) : Parameter (MemInc) has Id (ADC1) currently not set
2024-02-21 11:25:35,823 [INFO] ImportTextPane:194 - (OptionalMessage_ERROR) IP (DMA) : Parameter (PeriphDataAlignment) has Id (ADC1) currently not set
2024-02-21 11:25:35,823 [INFO] ImportTextPane:194 - (OptionalMessage_ERROR) IP (DMA) : Parameter (MemDataAlignment) has Id (ADC1) currently not set
2024-02-21 11:25:35,823 [INFO] ImportTextPane:194 - (OptionalMessage_ERROR) IP (DMA) : Parameter (Mode) has Id (ADC1) currently not set
2024-02-21 11:25:35,823 [INFO] ImportTextPane:194 - (OptionalMessage_ERROR) IP (DMA) : Parameter (Priority) has Id (ADC1) currently not set
2024-02-21 11:25:35,823 [INFO] ImportTextPane:194 - (OptionalMessage_ERROR) IP (DMA) : Parameter (FIFOMode) has Id (ADC1) currently not set
2024-02-21 11:25:35,823 [INFO] ImportTextPane:194 - (OptionalMessage_ERROR) IP (DMA) : Parameter (Instance) has Id (ADC3) currently not set
2024-02-21 11:25:35,823 [INFO] ImportTextPane:194 - (OptionalMessage_ERROR) IP (DMA) : Parameter (Channel) has Id (ADC3) currently not set
2024-02-21 11:25:35,823 [INFO] ImportTextPane:194 - (OptionalMessage_ERROR) IP (DMA) : Parameter (Direction) has Id (ADC3) currently not set
2024-02-21 11:25:35,823 [INFO] ImportTextPane:194 - (OptionalMessage_ERROR) IP (DMA) : Parameter (PeriphInc) has Id (ADC3) currently not set
2024-02-21 11:25:35,823 [INFO] ImportTextPane:194 - (OptionalMessage_ERROR) IP (DMA) : Parameter (MemInc) has Id (ADC3) currently not set
2024-02-21 11:25:35,823 [INFO] ImportTextPane:194 - (OptionalMessage_ERROR) IP (DMA) : Parameter (PeriphDataAlignment) has Id (ADC3) currently not set
2024-02-21 11:25:35,823 [INFO] ImportTextPane:194 - (OptionalMessage_ERROR) IP (DMA) : Parameter (MemDataAlignment) has Id (ADC3) currently not set
2024-02-21 11:25:35,823 [INFO] ImportTextPane:194 - (OptionalMessage_ERROR) IP (DMA) : Parameter (Mode) has Id (ADC3) currently not set
2024-02-21 11:25:35,823 [INFO] ImportTextPane:194 - (OptionalMessage_ERROR) IP (DMA) : Parameter (Priority) has Id (ADC3) currently not set
2024-02-21 11:25:35,823 [INFO] ImportTextPane:194 - (OptionalMessage_ERROR) IP (DMA) : Parameter (FIFOMode) has Id (ADC3) currently not set
2024-02-21 11:25:35,823 [INFO] ImportTextPane:194 - (OptionalMessage_ERROR) IP (DMA) : Parameter (Instance) has Id (USART1_RX) currently not set
2024-02-21 11:25:35,823 [INFO] ImportTextPane:194 - (OptionalMessage_ERROR) IP (DMA) : Parameter (Channel) has Id (USART1_RX) currently not set
2024-02-21 11:25:35,823 [INFO] ImportTextPane:194 - (OptionalMessage_ERROR) IP (DMA) : Parameter (Direction) has Id (USART1_RX) currently not set
2024-02-21 11:25:35,823 [INFO] ImportTextPane:194 - (OptionalMessage_ERROR) IP (DMA) : Parameter (PeriphInc) has Id (USART1_RX) currently not set
2024-02-21 11:25:35,823 [INFO] ImportTextPane:194 - (OptionalMessage_ERROR) IP (DMA) : Parameter (MemInc) has Id (USART1_RX) currently not set
2024-02-21 11:25:35,823 [INFO] ImportTextPane:194 - (OptionalMessage_ERROR) IP (DMA) : Parameter (PeriphDataAlignment) has Id (USART1_RX) currently not set
2024-02-21 11:25:35,823 [INFO] ImportTextPane:194 - (OptionalMessage_ERROR) IP (DMA) : Parameter (MemDataAlignment) has Id (USART1_RX) currently not set
2024-02-21 11:25:35,823 [INFO] ImportTextPane:194 - (OptionalMessage_ERROR) IP (DMA) : Parameter (Mode) has Id (USART1_RX) currently not set
2024-02-21 11:25:35,823 [INFO] ImportTextPane:194 - (OptionalMessage_ERROR) IP (DMA) : Parameter (Priority) has Id (USART1_RX) currently not set
2024-02-21 11:25:35,823 [INFO] ImportTextPane:194 - (OptionalMessage_ERROR) IP (DMA) : Parameter (FIFOMode) has Id (USART1_RX) currently not set
2024-02-21 11:25:35,823 [INFO] ImportTextPane:194 - (OptionalMessage_ERROR) IP (DMA) : Parameter (Instance) has Id (USART1_TX) currently not set
2024-02-21 11:25:35,823 [INFO] ImportTextPane:194 - (OptionalMessage_ERROR) IP (DMA) : Parameter (Channel) has Id (USART1_TX) currently not set
2024-02-21 11:25:35,823 [INFO] ImportTextPane:194 - (OptionalMessage_ERROR) IP (DMA) : Parameter (Direction) has Id (USART1_TX) currently not set
2024-02-21 11:25:35,823 [INFO] ImportTextPane:194 - (OptionalMessage_ERROR) IP (DMA) : Parameter (PeriphInc) has Id (USART1_TX) currently not set
2024-02-21 11:25:35,823 [INFO] ImportTextPane:194 - (OptionalMessage_ERROR) IP (DMA) : Parameter (MemInc) has Id (USART1_TX) currently not set
2024-02-21 11:25:35,823 [INFO] ImportTextPane:194 - (OptionalMessage_ERROR) IP (DMA) : Parameter (PeriphDataAlignment) has Id (USART1_TX) currently not set
2024-02-21 11:25:35,823 [INFO] ImportTextPane:194 - (OptionalMessage_ERROR) IP (DMA) : Parameter (MemDataAlignment) has Id (USART1_TX) currently not set
2024-02-21 11:25:35,823 [INFO] ImportTextPane:194 - (OptionalMessage_ERROR) IP (DMA) : Parameter (Mode) has Id (USART1_TX) currently not set
2024-02-21 11:25:35,823 [INFO] ImportTextPane:194 - (OptionalMessage_ERROR) IP (DMA) : Parameter (Priority) has Id (USART1_TX) currently not set
2024-02-21 11:25:35,823 [INFO] ImportTextPane:194 - (OptionalMessage_ERROR) IP (DMA) : Parameter (FIFOMode) has Id (USART1_TX) currently not set
2024-02-21 11:25:35,823 [INFO] ImportTextPane:194 - (OptionalMessage_ERROR) IP (RCC) : Invalid parameter (48MHZClocksFreq_Value)
2024-02-21 11:25:35,823 [INFO] ImportTextPane:194 - (OptionalMessage_ERROR) IP (RCC) : Invalid parameter (ADC12outputFreq_Value)
2024-02-21 11:25:35,823 [INFO] ImportTextPane:194 - (OptionalMessage_ERROR) IP (RCC) : Invalid parameter (ADC34outputFreq_Value)
2024-02-21 11:25:35,823 [INFO] ImportTextPane:194 - (OptionalMessage_ERROR) IP (RCC) : Invalid parameter (FamilyName)
2024-02-21 11:25:35,823 [INFO] ImportTextPane:194 - (OptionalMessage_ERROR) IP (RCC) : Invalid parameter (I2SClocksFreq_Value)
2024-02-21 11:25:35,823 [INFO] ImportTextPane:194 - (OptionalMessage_ERROR) IP (RCC) : Parameter (LCDTFToutputFreq_Value) has invalid value (96000000)
2024-02-21 11:25:35,823 [INFO] ImportTextPane:194 - (OptionalMessage_ERROR) IP (RCC) : Invalid parameter (MCOFreq_Value)
2024-02-21 11:25:35,823 [INFO] ImportTextPane:194 - (OptionalMessage_ERROR) IP (RCC) : Invalid parameter (PLLMCOFreq_Value)
2024-02-21 11:25:35,823 [INFO] ImportTextPane:194 - (OptionalMessage_ERROR) IP (RCC) : Invalid parameter (PLLMUL)
2024-02-21 11:25:35,823 [INFO] ImportTextPane:194 - (OptionalMessage_ERROR) IP (RCC) : Invalid parameter (PRESCALERUSB)
2024-02-21 11:25:35,823 [INFO] ImportTextPane:194 - (OptionalMessage_ERROR) IP (RCC) : Parameter (RNGFreq_Value) has invalid value (144000000)
2024-02-21 11:25:35,823 [INFO] ImportTextPane:194 - (OptionalMessage_ERROR) IP (RCC) : Invalid parameter (RTCHSEDivFreq_Value)
2024-02-21 11:25:35,823 [INFO] ImportTextPane:194 - (OptionalMessage_ERROR) IP (RCC) : Parameter (SDMMCFreq_Value) has invalid value (216000000)
2024-02-21 11:25:35,823 [INFO] ImportTextPane:194 - (OptionalMessage_ERROR) IP (RCC) : Invalid parameter (SYSCLKSourceVirtual)
2024-02-21 11:25:35,823 [INFO] ImportTextPane:194 - (OptionalMessage_ERROR) IP (RCC) : Invalid parameter (TIM15Freq_Value)
2024-02-21 11:25:35,823 [INFO] ImportTextPane:194 - (OptionalMessage_ERROR) IP (RCC) : Invalid parameter (TIM16Freq_Value)
2024-02-21 11:25:35,823 [INFO] ImportTextPane:194 - (OptionalMessage_ERROR) IP (RCC) : Invalid parameter (TIM17Freq_Value)
2024-02-21 11:25:35,823 [INFO] ImportTextPane:194 - (OptionalMessage_ERROR) IP (RCC) : Invalid parameter (TIM1Freq_Value)
2024-02-21 11:25:35,823 [INFO] ImportTextPane:194 - (OptionalMessage_ERROR) IP (RCC) : Invalid parameter (TIM20Freq_Value)
2024-02-21 11:25:35,823 [INFO] ImportTextPane:194 - (OptionalMessage_ERROR) IP (RCC) : Invalid parameter (TIM2Freq_Value)
2024-02-21 11:25:35,823 [INFO] ImportTextPane:194 - (OptionalMessage_ERROR) IP (RCC) : Invalid parameter (TIM3Freq_Value)
2024-02-21 11:25:35,823 [INFO] ImportTextPane:194 - (OptionalMessage_ERROR) IP (RCC) : Invalid parameter (TIM8Freq_Value)
2024-02-21 11:25:35,823 [INFO] ImportTextPane:194 - (OptionalMessage_ERROR) IP (RCC) : Parameter (USBFreq_Value) has invalid value (144000000)
2024-02-21 11:25:35,823 [INFO] ImportTextPane:194 - (OptionalMessage_ERROR) IP (RCC) : Invalid parameter (VCOOutput2Freq_Value)
2024-02-21 11:25:35,823 [INFO] ImportTextPane:194 - (OptionalMessage_ERROR) IP (RCC) : Invalid parameter (VcooutputI2S)
2024-02-21 11:25:36,166 [INFO] UtilMem:75 - End LoadConfig() Used Memory: 722937272 Bytes (987758592)
2024-02-21 11:25:36,191 [WARN] ThirdParty:833 - waiting for thirdparty lock release [change project]
2024-02-21 11:25:36,191 [INFO] ThirdParty:835 - entering critical section [change project]
2024-02-21 11:25:36,191 [INFO] ThirdParty:1030 - CMSIS Pack Vendor :STMicroelectronics X-CUBE-ISPU 1.1.0
2024-02-21 11:25:36,191 [INFO] ThirdParty:1030 - CMSIS Pack Vendor :STMicroelectronics X-CUBE-GNSS1 6.0.0
2024-02-21 11:25:36,191 [INFO] ThirdParty:1030 - CMSIS Pack Vendor :STMicroelectronics USB_HOST 2.0.0
2024-02-21 11:25:36,191 [INFO] ThirdParty:1030 - CMSIS Pack Vendor :STMicroelectronics X-CUBE-AZRTOS-F4 1.1.0
2024-02-21 11:25:36,191 [INFO] ThirdParty:1030 - CMSIS Pack Vendor :STMicroelectronics LIBJPEG 8.0.0
2024-02-21 11:25:36,191 [INFO] ThirdParty:1030 - CMSIS Pack Vendor :STMicroelectronics X-CUBE-SMBUS 2.1.0
2024-02-21 11:25:36,191 [INFO] ThirdParty:1030 - CMSIS Pack Vendor :wolfSSL I-CUBE-wolfSSL 5.6.0
2024-02-21 11:25:36,191 [INFO] ThirdParty:1030 - CMSIS Pack Vendor :STMicroelectronics USB_DEVICE 3.0.0
2024-02-21 11:25:36,191 [INFO] ThirdParty:1030 - CMSIS Pack Vendor :STMicroelectronics X-CUBE-AI 8.0.0
2024-02-21 11:25:36,191 [INFO] ThirdParty:1030 - CMSIS Pack Vendor :STMicroelectronics X-CUBE-AZRTOS-WB 2.0.0
2024-02-21 11:25:36,191 [INFO] ThirdParty:1030 - CMSIS Pack Vendor :STMicroelectronics X-CUBE-FREERTOS 1.0.1
2024-02-21 11:25:36,191 [INFO] ThirdParty:1030 - CMSIS Pack Vendor :STMicroelectronics X-CUBE-TOUCHGFX 4.21.3
2024-02-21 11:25:36,191 [INFO] ThirdParty:1030 - CMSIS Pack Vendor :STMicroelectronics X-CUBE-TOUCHGFX 4.23.0
2024-02-21 11:25:36,191 [INFO] ThirdParty:1030 - CMSIS Pack Vendor :STMicroelectronics X-CUBE-AZRTOS-F7 1.1.0
2024-02-21 11:25:36,191 [INFO] ThirdParty:1030 - CMSIS Pack Vendor :STMicroelectronics X-CUBE-TOUCHGFX 4.21.4
2024-02-21 11:25:36,191 [INFO] ThirdParty:1030 - CMSIS Pack Vendor :STMicroelectronics X-CUBE-AZRTOS-L5 2.0.0
2024-02-21 11:25:36,191 [INFO] ThirdParty:1030 - CMSIS Pack Vendor :STMicroelectronics USB_DEVICE 2.0.0
2024-02-21 11:25:36,191 [INFO] ThirdParty:1030 - CMSIS Pack Vendor :STMicroelectronics X-CUBE-MEMS1 9.6.0
2024-02-21 11:25:36,191 [INFO] ThirdParty:1030 - CMSIS Pack Vendor :STMicroelectronics X-CUBE-EEPRMA1 4.2.0
2024-02-21 11:25:36,191 [INFO] ThirdParty:1030 - CMSIS Pack Vendor :ITTIA_DB I-CUBE-ITTIADB 8.8.0
2024-02-21 11:25:36,191 [INFO] ThirdParty:1030 - CMSIS Pack Vendor :STMicroelectronics FP-SNS-MOTENV1 4.3.0
2024-02-21 11:25:36,191 [INFO] ThirdParty:1030 - CMSIS Pack Vendor :STMicroelectronics FP-SNS-MOTENV1 4.3.2
2024-02-21 11:25:36,191 [INFO] ThirdParty:1030 - CMSIS Pack Vendor :STMicroelectronics FP-SNS-FLIGHT1 5.0.0
2024-02-21 11:25:36,191 [INFO] ThirdParty:1030 - CMSIS Pack Vendor :STMicroelectronics FP-SNS-MOTENV1 4.3.1
2024-02-21 11:25:36,191 [INFO] ThirdParty:1030 - CMSIS Pack Vendor :STMicroelectronics FP-SNS-FLIGHT1 5.0.1
2024-02-21 11:25:36,191 [INFO] ThirdParty:1030 - CMSIS Pack Vendor :STMicroelectronics X-CUBE-ALGOBUILD 1.3.0
2024-02-21 11:25:36,191 [INFO] ThirdParty:1030 - CMSIS Pack Vendor :STMicroelectronics X-CUBE-BLE1 6.2.4
2024-02-21 11:25:36,191 [INFO] ThirdParty:1030 - CMSIS Pack Vendor :STMicroelectronics X-CUBE-AZRTOS-L5 1.1.0
2024-02-21 11:25:36,191 [INFO] ThirdParty:1030 - CMSIS Pack Vendor :STMicroelectronics FreeRTOS 0.0.1
2024-02-21 11:25:36,191 [INFO] ThirdParty:1030 - CMSIS Pack Vendor :STMicroelectronics X-CUBE-AZRTOS-G0 1.1.0
2024-02-21 11:25:36,191 [INFO] ThirdParty:1030 - CMSIS Pack Vendor :emotas I-CUBE-CANOPEN 1.1.3
2024-02-21 11:25:36,191 [INFO] ThirdParty:1030 - CMSIS Pack Vendor :STMicroelectronics X-CUBE-BLEMGR 2.0.0
2024-02-21 11:25:36,191 [INFO] ThirdParty:1030 - CMSIS Pack Vendor :STMicroelectronics X-CUBE-AI 8.0.1
2024-02-21 11:25:36,191 [INFO] ThirdParty:1030 - CMSIS Pack Vendor :STMicroelectronics X-CUBE-NFC4 3.0.0
2024-02-21 11:25:36,191 [INFO] ThirdParty:1030 - CMSIS Pack Vendor :STMicroelectronics X-CUBE-SUBG2 5.0.0
2024-02-21 11:25:36,191 [INFO] ThirdParty:1030 - CMSIS Pack Vendor :STMicroelectronics STM32_WPAN 1.0.0
2024-02-21 11:25:36,191 [INFO] ThirdParty:1030 - CMSIS Pack Vendor :STMicroelectronics lwIP 2.0.3
2024-02-21 11:25:36,191 [INFO] ThirdParty:1030 - CMSIS Pack Vendor :STMicroelectronics FP-SNS-FLIGHT1 5.0.2
2024-02-21 11:25:36,191 [INFO] ThirdParty:1030 - CMSIS Pack Vendor :STMicroelectronics USB_HOST 1.0.0
2024-02-21 11:25:36,191 [INFO] ThirdParty:1030 - CMSIS Pack Vendor :STMicroelectronics X-CUBE-TOF1 3.3.1
2024-02-21 11:25:36,191 [INFO] ThirdParty:1030 - CMSIS Pack Vendor :STMicroelectronics X-CUBE-AZRTOS-G4 2.0.0
2024-02-21 11:25:36,191 [INFO] ThirdParty:1030 - CMSIS Pack Vendor :STMicroelectronics PDM2PCM 3.1.0
2024-02-21 11:25:36,191 [INFO] ThirdParty:1030 - CMSIS Pack Vendor :STMicroelectronics X-CUBE-AZRTOS-H7 3.1.0
2024-02-21 11:25:36,191 [INFO] ThirdParty:1030 - CMSIS Pack Vendor :STMicroelectronics X-CUBE-TOF1 3.3.0
2024-02-21 11:25:36,191 [INFO] ThirdParty:1030 - CMSIS Pack Vendor :Infineon AIROC-Wi-Fi-Bluetooth-STM32 1.5.1
2024-02-21 11:25:36,191 [INFO] ThirdParty:1030 - CMSIS Pack Vendor :STMicroelectronics X-CUBE-BLEMGR 3.0.0
2024-02-21 11:25:36,191 [INFO] ThirdParty:1030 - CMSIS Pack Vendor :STMicroelectronics PDM2PCM 3.3.0
2024-02-21 11:25:36,191 [INFO] ThirdParty:1030 - CMSIS Pack Vendor :STMicroelectronics X-CUBE-DISPLAY 3.0.0
2024-02-21 11:25:36,191 [INFO] ThirdParty:1030 - CMSIS Pack Vendor :STMicroelectronics FP-SNS-MOTENVWB1 1.3.0
2024-02-21 11:25:36,191 [INFO] ThirdParty:1030 - CMSIS Pack Vendor :STMicroelectronics FP-SNS-MOTENVWB1 1.3.1
2024-02-21 11:25:36,191 [INFO] ThirdParty:1030 - CMSIS Pack Vendor :STMicroelectronics X-CUBE-BLE1 7.0.0
2024-02-21 11:25:36,191 [INFO] ThirdParty:1030 - CMSIS Pack Vendor :STMicroelectronics FP-ATR-SIGFOX1 3.2.0
2024-02-21 11:25:36,191 [INFO] ThirdParty:1030 - CMSIS Pack Vendor :STMicroelectronics X-CUBE-AZRTOS-L4 1.0.0
2024-02-21 11:25:36,191 [INFO] ThirdParty:1030 - CMSIS Pack Vendor :STMicroelectronics X-CUBE-ISPU 2.0.0
2024-02-21 11:25:36,191 [INFO] ThirdParty:1030 - CMSIS Pack Vendor :STMicroelectronics X-CUBE-EEPRMA1 5.1.0
2024-02-21 11:25:36,191 [INFO] ThirdParty:1030 - CMSIS Pack Vendor :STMicroelectronics HAL Drivers 0.0.0
2024-02-21 11:25:36,191 [INFO] ThirdParty:1030 - CMSIS Pack Vendor :STMicroelectronics MBEDTLS 2.16.2
2024-02-21 11:25:36,191 [INFO] ThirdParty:1030 - CMSIS Pack Vendor :STMicroelectronics X-CUBE-MEMS1 10.0.0
2024-02-21 11:25:36,191 [INFO] ThirdParty:1030 - CMSIS Pack Vendor :STMicroelectronics X-CUBE-FREERTOS 1.1.0
2024-02-21 11:25:36,191 [INFO] ThirdParty:1030 - CMSIS Pack Vendor :STMicroelectronics X-CUBE-TOUCHGFX 4.22.0
2024-02-21 11:25:36,191 [INFO] ThirdParty:1030 - CMSIS Pack Vendor :STMicroelectronics X-CUBE-NFC7 1.0.1
2024-02-21 11:25:36,191 [INFO] ThirdParty:1030 - CMSIS Pack Vendor :STMicroelectronics MBEDTLS 2.14.1
2024-02-21 11:25:36,191 [INFO] ThirdParty:1030 - CMSIS Pack Vendor :STMicroelectronics X-CUBE-NFC7 1.0.0
2024-02-21 11:25:36,191 [INFO] ThirdParty:1030 - CMSIS Pack Vendor :STMicroelectronics X-CUBE-TOUCHGFX 4.22.1
2024-02-21 11:25:36,191 [INFO] ThirdParty:1030 - CMSIS Pack Vendor :STMicroelectronics X-CUBE-AZRTOS-WL 1.0.0
2024-02-21 11:25:36,191 [INFO] ThirdParty:1030 - CMSIS Pack Vendor :STMicroelectronics X-CUBE-NFC6 3.0.0
2024-02-21 11:25:36,191 [INFO] ThirdParty:1030 - CMSIS Pack Vendor :STMicroelectronics X-CUBE-EEPRMA1 4.1.0
2024-02-21 11:25:36,191 [INFO] ThirdParty:1030 - CMSIS Pack Vendor :portGmbH I-Cube-SoM-uGOAL 1.1.0
2024-02-21 11:25:36,191 [INFO] ThirdParty:1030 - CMSIS Pack Vendor :STMicroelectronics X-CUBE-ALS 1.0.1
2024-02-21 11:25:36,191 [INFO] ThirdParty:1030 - CMSIS Pack Vendor :STMicroelectronics ThreadX 1.0.0
2024-02-21 11:25:36,191 [INFO] ThirdParty:1030 - CMSIS Pack Vendor :STMicroelectronics FP-SNS-SMARTAG2 1.2.0
2024-02-21 11:25:36,191 [INFO] ThirdParty:1030 - CMSIS Pack Vendor :STMicroelectronics X-CUBE-AZRTOS-WB 1.1.0
2024-02-21 11:25:36,191 [INFO] ThirdParty:1030 - CMSIS Pack Vendor :STMicroelectronics X-CUBE-AZRTOS-WL 2.0.0
2024-02-21 11:25:36,191 [INFO] ThirdParty:1030 - CMSIS Pack Vendor :SEGGER I-CUBE-embOS 1.3.1
2024-02-21 11:25:36,191 [INFO] ThirdParty:1030 - CMSIS Pack Vendor :STMicroelectronics USB_DEVICE 1.0.0
2024-02-21 11:25:36,191 [INFO] ThirdParty:1030 - CMSIS Pack Vendor :STMicroelectronics X-CUBE-AI 8.1.0
2024-02-21 11:25:36,191 [INFO] ThirdParty:1030 - CMSIS Pack Vendor :STMicroelectronics X-CUBE-AZRTOS-L4 2.0.0
2024-02-21 11:25:36,191 [INFO] ThirdParty:1030 - CMSIS Pack Vendor :STMicroelectronics ThreadX 0.0.2
2024-02-21 11:25:36,191 [INFO] ThirdParty:1030 - CMSIS Pack Vendor :WES I-CUBE-Cesium 1.3.0
2024-02-21 11:25:36,191 [INFO] ThirdParty:1030 - CMSIS Pack Vendor :STMicroelectronics FP-ATR-ASTRA1 2.0.0
2024-02-21 11:25:36,191 [INFO] ThirdParty:1030 - CMSIS Pack Vendor :STMicroelectronics lwIP 2.1.2
2024-02-21 11:25:36,191 [INFO] ThirdParty:1030 - CMSIS Pack Vendor :STMicroelectronics X-CUBE-SFXS2LP1 4.0.0
2024-02-21 11:25:36,191 [INFO] ThirdParty:1030 - CMSIS Pack Vendor :STMicroelectronics X-CUBE-BLE2 3.3.0
2024-02-21 11:25:36,191 [INFO] ThirdParty:1030 - CMSIS Pack Vendor :STMicroelectronics X-CUBE-TOF1 3.4.0
2024-02-21 11:25:36,191 [INFO] ThirdParty:1030 - CMSIS Pack Vendor :STMicroelectronics X-CUBE-AZRTOS-H7 3.2.0
2024-02-21 11:25:36,191 [INFO] ThirdParty:1030 - CMSIS Pack Vendor :STMicroelectronics PDM2PCM 3.2.0
2024-02-21 11:25:36,191 [INFO] ThirdParty:841 - exiting critical section [change project]
2024-02-21 11:25:36,398 [INFO] PinOutPanel:1499 - setPackage(No Configuration,No Configuration)
2024-02-21 11:25:36,413 [INFO] PinOutPanel:1499 - setPackage(STM32F746ZGTx,LQFP144)
2024-02-21 11:25:36,903 [INFO] UtilMem:75 - Before build in PCC Used Memory: 689873552 Bytes (987758592)
2024-02-21 11:25:37,219 [INFO] UtilMem:75 - After build in PCC Used Memory: 737059472 Bytes (987758592)
2024-02-21 11:25:37,235 [INFO] IPUIPlugin:80 - create IPUIPlugin
2024-02-21 11:25:37,235 [INFO] IPUIPlugin:80 - create IPUIPlugin
2024-02-21 11:25:37,235 [INFO] IPUIPlugin:80 - create IPUIPlugin
2024-02-21 11:25:37,235 [INFO] IPUIPlugin:80 - create IPUIPlugin
2024-02-21 11:25:37,235 [INFO] IPUIPlugin:80 - create IPUIPlugin
2024-02-21 11:25:37,235 [INFO] IPUIPlugin:80 - create IPUIPlugin
2024-02-21 11:25:37,235 [INFO] IPUIPlugin:80 - create IPUIPlugin
2024-02-21 11:25:37,235 [INFO] IPUIPlugin:80 - create IPUIPlugin
2024-02-21 11:25:37,235 [INFO] IPUIPlugin:80 - create IPUIPlugin
2024-02-21 11:25:37,235 [INFO] IPUIPlugin:80 - create IPUIPlugin
2024-02-21 11:25:37,235 [INFO] IPUIPlugin:80 - create IPUIPlugin
2024-02-21 11:25:37,235 [INFO] IPUIPlugin:80 - create IPUIPlugin
2024-02-21 11:25:37,235 [INFO] IPUIPlugin:80 - create IPUIPlugin
2024-02-21 11:25:37,235 [INFO] IPUIPlugin:80 - create IPUIPlugin
2024-02-21 11:25:37,235 [INFO] IPUIPlugin:80 - create IPUIPlugin
2024-02-21 11:25:37,235 [INFO] IPUIPlugin:80 - create IPUIPlugin
2024-02-21 11:25:37,235 [INFO] IPUIPlugin:80 - create IPUIPlugin
2024-02-21 11:25:37,235 [INFO] IPUIPlugin:80 - create IPUIPlugin
2024-02-21 11:25:37,235 [INFO] IPUIPlugin:80 - create IPUIPlugin
2024-02-21 11:25:37,235 [INFO] IPUIPlugin:80 - create IPUIPlugin
2024-02-21 11:25:37,235 [INFO] IPUIPlugin:80 - create IPUIPlugin
2024-02-21 11:25:37,235 [INFO] IPUIPlugin:80 - create IPUIPlugin
2024-02-21 11:25:37,235 [INFO] IPUIPlugin:80 - create IPUIPlugin
2024-02-21 11:25:37,235 [INFO] IPUIPlugin:80 - create IPUIPlugin
2024-02-21 11:25:37,235 [INFO] IPUIPlugin:80 - create IPUIPlugin
2024-02-21 11:25:37,235 [INFO] IPUIPlugin:80 - create IPUIPlugin
2024-02-21 11:25:37,235 [INFO] IPUIPlugin:80 - create IPUIPlugin
2024-02-21 11:25:37,235 [INFO] IPUIPlugin:80 - create IPUIPlugin
2024-02-21 11:25:37,235 [INFO] IPUIPlugin:80 - create IPUIPlugin
2024-02-21 11:25:37,235 [INFO] IPUIPlugin:80 - create IPUIPlugin
2024-02-21 11:25:37,235 [INFO] IPUIPlugin:80 - create IPUIPlugin
2024-02-21 11:25:37,235 [INFO] IPUIPlugin:80 - create IPUIPlugin
2024-02-21 11:25:37,235 [INFO] IPUIPlugin:80 - create IPUIPlugin
2024-02-21 11:25:37,235 [INFO] IPUIPlugin:80 - create IPUIPlugin
2024-02-21 11:25:37,235 [INFO] IPUIPlugin:80 - create IPUIPlugin
2024-02-21 11:25:37,235 [INFO] IPUIPlugin:80 - create IPUIPlugin
2024-02-21 11:25:37,235 [INFO] IPUIPlugin:80 - create IPUIPlugin
2024-02-21 11:25:37,235 [INFO] IPUIPlugin:80 - create IPUIPlugin
2024-02-21 11:25:37,251 [INFO] IPUIPlugin:80 - create IPUIPlugin
2024-02-21 11:25:37,251 [INFO] IPUIPlugin:80 - create IPUIPlugin
2024-02-21 11:25:37,251 [INFO] IPUIPlugin:80 - create IPUIPlugin
2024-02-21 11:25:37,251 [INFO] IPUIPlugin:80 - create IPUIPlugin
2024-02-21 11:25:37,251 [INFO] IPUIPlugin:80 - create IPUIPlugin
2024-02-21 11:25:37,251 [INFO] IPUIPlugin:80 - create IPUIPlugin
2024-02-21 11:25:37,251 [INFO] IPUIPlugin:80 - create IPUIPlugin
2024-02-21 11:25:37,251 [INFO] IPUIPlugin:80 - create IPUIPlugin
2024-02-21 11:25:37,251 [INFO] IPUIPlugin:80 - create IPUIPlugin
2024-02-21 11:25:37,251 [INFO] IPUIPlugin:80 - create IPUIPlugin
2024-02-21 11:25:37,251 [INFO] IPUIPlugin:80 - create IPUIPlugin
2024-02-21 11:25:37,251 [INFO] IPUIPlugin:80 - create IPUIPlugin
2024-02-21 11:25:37,251 [INFO] IPUIPlugin:80 - create IPUIPlugin
2024-02-21 11:25:37,251 [INFO] IPUIPlugin:80 - create IPUIPlugin
2024-02-21 11:25:37,251 [INFO] IPUIPlugin:80 - create IPUIPlugin
2024-02-21 11:25:37,251 [INFO] IPUIPlugin:80 - create IPUIPlugin
2024-02-21 11:25:37,251 [INFO] IPUIPlugin:80 - create IPUIPlugin
2024-02-21 11:25:37,251 [INFO] IPUIPlugin:80 - create IPUIPlugin
2024-02-21 11:25:37,251 [INFO] IPUIPlugin:80 - create IPUIPlugin
2024-02-21 11:25:37,251 [INFO] IPUIPlugin:80 - create IPUIPlugin
2024-02-21 11:25:37,251 [INFO] IPUIPlugin:80 - create IPUIPlugin
2024-02-21 11:25:37,251 [INFO] IPUIPlugin:80 - create IPUIPlugin
2024-02-21 11:25:37,251 [INFO] IPUIPlugin:80 - create IPUIPlugin
2024-02-21 11:25:37,251 [INFO] IPUIPlugin:80 - create IPUIPlugin
2024-02-21 11:25:37,251 [INFO] IPUIPlugin:80 - create IPUIPlugin
2024-02-21 11:25:37,251 [INFO] IPUIPlugin:80 - create IPUIPlugin
2024-02-21 11:25:37,251 [INFO] IPUIPlugin:80 - create IPUIPlugin
2024-02-21 11:25:37,251 [INFO] IPUIPlugin:80 - create IPUIPlugin
2024-02-21 11:25:37,251 [INFO] IPUIPlugin:80 - create IPUIPlugin
2024-02-21 11:25:37,251 [INFO] IPUIPlugin:80 - create IPUIPlugin
2024-02-21 11:25:37,251 [INFO] IPUIPlugin:80 - create IPUIPlugin
2024-02-21 11:25:37,251 [INFO] IPUIPlugin:80 - create IPUIPlugin
2024-02-21 11:25:37,251 [INFO] IPUIPlugin:80 - create IPUIPlugin
2024-02-21 11:25:37,251 [INFO] IPUIPlugin:80 - create IPUIPlugin
2024-02-21 11:25:37,251 [INFO] IPUIPlugin:80 - create IPUIPlugin
2024-02-21 11:25:37,251 [INFO] IPUIPlugin:80 - create IPUIPlugin
2024-02-21 11:25:37,266 [INFO] ApiDbMcu:507 - Load IP Config File for PDM2PCM
2024-02-21 11:25:37,320 [INFO] CADModel:165 - CPN selected for project levelSTM32F746ZGT6
2024-02-21 11:25:37,320 [INFO] CADModel:114 - Register for checkConnection events
2024-02-21 11:25:37,392 [INFO] OpenFileManager:328 - Restore cursor
2024-02-21 11:25:44,519 [INFO] ADCParametersView:116 -                Rank 1 : false
2024-02-21 11:25:44,519 [INFO] ADCParametersView:116 -                Rank 1 : false
2024-02-21 11:25:44,519 [INFO] ADCParametersView:116 -                Rank 2 : false
2024-02-21 11:25:44,519 [INFO] ADCParametersView:116 -                Rank 1 : false
2024-02-21 11:25:44,519 [INFO] ADCParametersView:116 -                Rank 2 : false
2024-02-21 11:25:44,519 [INFO] ADCParametersView:116 -                Rank 3 : false
2024-02-21 11:25:44,588 [INFO] ADCParametersView:116 -                Rank 1 : false
2024-02-21 11:25:44,588 [INFO] ADCParametersView:116 -                Rank 2 : false
2024-02-21 11:25:44,588 [INFO] ADCParametersView:116 -                Rank 3 : false
2024-02-21 11:25:44,588 [INFO] ADCParametersView:116 -                Rank 1 : false
2024-02-21 11:25:44,588 [INFO] ADCParametersView:116 -                Rank 2 : false
2024-02-21 11:25:44,588 [INFO] ADCParametersView:116 -                Rank 3 : false
2024-02-21 11:25:44,588 [INFO] ADCParametersView:116 -                Rank 1 : false
2024-02-21 11:25:44,588 [INFO] ADCParametersView:116 -                Rank 2 : false
2024-02-21 11:25:44,588 [INFO] ADCParametersView:116 -                Rank 3 : false
2024-02-21 11:25:44,588 [INFO] ADCParametersView:116 -                Rank 1 : false
2024-02-21 11:25:44,588 [INFO] ADCParametersView:116 -                Rank 2 : false
2024-02-21 11:25:44,588 [INFO] ADCParametersView:116 -                Rank 3 : false
2024-02-21 11:25:44,603 [INFO] ADCParametersView:116 -                Rank 1 : false
2024-02-21 11:25:44,603 [INFO] ADCParametersView:116 -                Rank 2 : false
2024-02-21 11:25:44,603 [INFO] ADCParametersView:116 -                Rank 3 : false
2024-02-21 11:25:44,603 [INFO] ADCParametersView:116 -                Rank 1 : false
2024-02-21 11:25:44,603 [INFO] ADCParametersView:116 -                Rank 2 : false
2024-02-21 11:25:44,603 [INFO] ADCParametersView:116 -                Rank 3 : false
2024-02-21 11:25:44,603 [INFO] ADCParametersView:116 -                Rank 1 : false
2024-02-21 11:25:44,603 [INFO] ADCParametersView:116 -                Rank 2 : false
2024-02-21 11:25:44,603 [INFO] ADCParametersView:116 -                Rank 3 : false
2024-02-21 11:25:44,603 [INFO] ADCParametersView:116 -                Rank 1 : false
2024-02-21 11:25:44,603 [INFO] ADCParametersView:116 -                Rank 2 : false
2024-02-21 11:25:44,603 [INFO] ADCParametersView:116 -                Rank 3 : false
2024-02-21 11:25:44,603 [INFO] ADCParametersView:116 -                Rank 1 : false
2024-02-21 11:25:44,603 [INFO] ADCParametersView:116 -                Rank 2 : false
2024-02-21 11:25:44,603 [INFO] ADCParametersView:116 -                Rank 3 : false
2024-02-21 11:25:44,603 [INFO] ADCParametersView:116 -                Rank 1 : false
2024-02-21 11:25:44,603 [INFO] ADCParametersView:116 -                Rank 2 : false
2024-02-21 11:25:44,603 [INFO] ADCParametersView:116 -                Rank 3 : false
2024-02-21 11:25:44,603 [INFO] ADCParametersView:116 -                Rank 1 : false
2024-02-21 11:25:44,603 [INFO] ADCParametersView:116 -                Rank 2 : false
2024-02-21 11:25:44,603 [INFO] ADCParametersView:116 -                Rank 3 : false
2024-02-21 11:25:44,603 [INFO] ADCParametersView:116 -                Rank 1 : false
2024-02-21 11:25:44,603 [INFO] ADCParametersView:116 -                Rank 2 : false
2024-02-21 11:25:44,603 [INFO] ADCParametersView:116 -                Rank 3 : false
2024-02-21 11:25:44,603 [INFO] ADCParametersView:116 -                Rank 1 : false
2024-02-21 11:25:44,603 [INFO] ADCParametersView:116 -                Rank 2 : false
2024-02-21 11:25:44,603 [INFO] ADCParametersView:116 -                Rank 3 : false
2024-02-21 11:25:44,603 [INFO] ADCParametersView:116 -                Rank 1 : false
2024-02-21 11:25:44,603 [INFO] ADCParametersView:116 -                Rank 2 : false
2024-02-21 11:25:44,603 [INFO] ADCParametersView:116 -                Rank 3 : false
2024-02-21 11:25:44,603 [INFO] ADCParametersView:116 -                Rank 2 : false
2024-02-21 11:25:44,603 [INFO] ADCParametersView:116 -                Rank 3 : false
2024-02-21 11:25:44,603 [INFO] ADCParametersView:116 -                Rank 3 : false
2024-02-21 11:25:44,650 [INFO] ADCParametersView:116 -                Rank 1 : false
2024-02-21 11:25:44,650 [INFO] ADCParametersView:116 -                Rank 1 : false
2024-02-21 11:25:44,650 [INFO] ADCParametersView:116 -                Rank 2 : false
2024-02-21 11:25:44,650 [INFO] ADCParametersView:116 -                Rank 1 : false
2024-02-21 11:25:44,650 [INFO] ADCParametersView:116 -                Rank 2 : false
2024-02-21 11:25:44,650 [INFO] ADCParametersView:116 -                Rank 3 : false
2024-02-21 11:25:46,517 [INFO] ADCParametersView:116 -                Rank 1 : false
2024-02-21 11:25:46,517 [INFO] ADCParametersView:116 -                Rank 1 : false
2024-02-21 11:25:46,517 [INFO] ADCParametersView:116 -                Rank 2 : false
2024-02-21 11:25:46,517 [INFO] ADCParametersView:116 -                Rank 1 : false
2024-02-21 11:25:46,517 [INFO] ADCParametersView:116 -                Rank 2 : false
2024-02-21 11:25:46,517 [INFO] ADCParametersView:116 -                Rank 3 : false
2024-02-21 11:25:46,590 [INFO] ADCParametersView:116 -                Rank 1 : false
2024-02-21 11:25:46,590 [INFO] ADCParametersView:116 -                Rank 2 : false
2024-02-21 11:25:46,590 [INFO] ADCParametersView:116 -                Rank 3 : false
2024-02-21 11:25:46,590 [INFO] ADCParametersView:116 -                Rank 1 : false
2024-02-21 11:25:46,590 [INFO] ADCParametersView:116 -                Rank 2 : false
2024-02-21 11:25:46,590 [INFO] ADCParametersView:116 -                Rank 3 : false
2024-02-21 11:25:46,590 [INFO] ADCParametersView:116 -                Rank 1 : false
2024-02-21 11:25:46,590 [INFO] ADCParametersView:116 -                Rank 2 : false
2024-02-21 11:25:46,590 [INFO] ADCParametersView:116 -                Rank 3 : false
2024-02-21 11:25:46,590 [INFO] ADCParametersView:116 -                Rank 1 : false
2024-02-21 11:25:46,590 [INFO] ADCParametersView:116 -                Rank 2 : false
2024-02-21 11:25:46,590 [INFO] ADCParametersView:116 -                Rank 3 : false
2024-02-21 11:25:46,590 [INFO] ADCParametersView:116 -                Rank 1 : false
2024-02-21 11:25:46,590 [INFO] ADCParametersView:116 -                Rank 2 : false
2024-02-21 11:25:46,590 [INFO] ADCParametersView:116 -                Rank 3 : false
2024-02-21 11:25:46,590 [INFO] ADCParametersView:116 -                Rank 1 : false
2024-02-21 11:25:46,590 [INFO] ADCParametersView:116 -                Rank 2 : false
2024-02-21 11:25:46,590 [INFO] ADCParametersView:116 -                Rank 3 : false
2024-02-21 11:25:46,590 [INFO] ADCParametersView:116 -                Rank 1 : false
2024-02-21 11:25:46,590 [INFO] ADCParametersView:116 -                Rank 2 : false
2024-02-21 11:25:46,590 [INFO] ADCParametersView:116 -                Rank 3 : false
2024-02-21 11:25:46,590 [INFO] ADCParametersView:116 -                Rank 1 : false
2024-02-21 11:25:46,590 [INFO] ADCParametersView:116 -                Rank 2 : false
2024-02-21 11:25:46,590 [INFO] ADCParametersView:116 -                Rank 3 : false
2024-02-21 11:25:46,590 [INFO] ADCParametersView:116 -                Rank 1 : false
2024-02-21 11:25:46,590 [INFO] ADCParametersView:116 -                Rank 2 : false
2024-02-21 11:25:46,590 [INFO] ADCParametersView:116 -                Rank 3 : false
2024-02-21 11:25:46,590 [INFO] ADCParametersView:116 -                Rank 1 : false
2024-02-21 11:25:46,590 [INFO] ADCParametersView:116 -                Rank 2 : false
2024-02-21 11:25:46,590 [INFO] ADCParametersView:116 -                Rank 3 : false
2024-02-21 11:25:46,590 [INFO] ADCParametersView:116 -                Rank 1 : false
2024-02-21 11:25:46,590 [INFO] ADCParametersView:116 -                Rank 2 : false
2024-02-21 11:25:46,590 [INFO] ADCParametersView:116 -                Rank 3 : false
2024-02-21 11:25:46,590 [INFO] ADCParametersView:116 -                Rank 1 : false
2024-02-21 11:25:46,590 [INFO] ADCParametersView:116 -                Rank 2 : false
2024-02-21 11:25:46,590 [INFO] ADCParametersView:116 -                Rank 3 : false
2024-02-21 11:25:46,590 [INFO] ADCParametersView:116 -                Rank 1 : false
2024-02-21 11:25:46,590 [INFO] ADCParametersView:116 -                Rank 2 : false
2024-02-21 11:25:46,590 [INFO] ADCParametersView:116 -                Rank 3 : false
2024-02-21 11:25:46,590 [INFO] ADCParametersView:116 -                Rank 2 : false
2024-02-21 11:25:46,590 [INFO] ADCParametersView:116 -                Rank 3 : false
2024-02-21 11:25:46,590 [INFO] ADCParametersView:116 -                Rank 3 : false
2024-02-21 11:25:46,636 [INFO] ADCParametersView:116 -                Rank 1 : false
2024-02-21 11:25:46,636 [INFO] ADCParametersView:116 -                Rank 1 : false
2024-02-21 11:25:46,636 [INFO] ADCParametersView:116 -                Rank 2 : false
2024-02-21 11:25:46,636 [INFO] ADCParametersView:116 -                Rank 1 : false
2024-02-21 11:25:46,636 [INFO] ADCParametersView:116 -                Rank 2 : false
2024-02-21 11:25:46,636 [INFO] ADCParametersView:116 -                Rank 3 : false
2024-02-21 11:25:48,011 [INFO] ADCParametersView:116 -                Rank 1 : false
2024-02-21 11:25:48,080 [INFO] ADCParametersView:116 -                Rank 1 : false
2024-02-21 11:25:48,080 [INFO] ADCParametersView:116 -                Rank 1 : false
2024-02-21 11:25:48,080 [INFO] ADCParametersView:116 -                Rank 1 : false
2024-02-21 11:25:48,080 [INFO] ADCParametersView:116 -                Rank 1 : false
2024-02-21 11:25:48,080 [INFO] ADCParametersView:116 -                Rank 1 : false
2024-02-21 11:25:48,080 [INFO] ADCParametersView:116 -                Rank 1 : false
2024-02-21 11:25:48,080 [INFO] ADCParametersView:116 -                Rank 1 : false
2024-02-21 11:25:48,080 [INFO] ADCParametersView:116 -                Rank 1 : false
2024-02-21 11:25:48,080 [INFO] ADCParametersView:116 -                Rank 1 : false
2024-02-21 11:25:48,080 [INFO] ADCParametersView:116 -                Rank 1 : false
2024-02-21 11:25:48,080 [INFO] ADCParametersView:116 -                Rank 1 : false
2024-02-21 11:25:48,080 [INFO] ADCParametersView:116 -                Rank 1 : false
2024-02-21 11:25:48,080 [INFO] ADCParametersView:116 -                Rank 1 : false
2024-02-21 11:25:48,080 [INFO] ADCParametersView:116 -                Rank 1 : false
2024-02-21 11:25:48,127 [INFO] ADCParametersView:116 -                Rank 1 : false
2024-02-21 11:25:57,304 [INFO] NvicIntPanel:101 - NVIC parent = com.st.microxplorer.plugins.ip.nvic.MultiNvicIntPanel[,0,0,450x164,layout=javax.swing.BoxLayout,alignmentX=0.0,alignmentY=0.0,border=,flags=9,maximumSize=,minimumSize=,preferredSize=]
2024-02-21 11:26:04,837 [INFO] ADCParametersView:116 -                Rank 1 : false
2024-02-21 11:26:04,837 [INFO] ADCParametersView:116 -                Rank 1 : false
2024-02-21 11:26:04,837 [INFO] ADCParametersView:116 -                Rank 1 : false
2024-02-21 11:26:04,837 [INFO] ADCParametersView:116 -                Rank 1 : false
2024-02-21 11:26:04,837 [INFO] ADCParametersView:116 -                Rank 1 : false
2024-02-21 11:26:04,837 [INFO] ADCParametersView:116 -                Rank 1 : false
2024-02-21 11:26:04,837 [INFO] ADCParametersView:116 -                Rank 1 : false
2024-02-21 11:26:04,837 [INFO] ADCParametersView:116 -                Rank 1 : false
2024-02-21 11:26:04,837 [INFO] ADCParametersView:116 -                Rank 1 : false
2024-02-21 11:26:04,837 [INFO] ADCParametersView:116 -                Rank 1 : false
2024-02-21 11:26:04,837 [INFO] ADCParametersView:116 -                Rank 1 : false
2024-02-21 11:26:04,837 [INFO] ADCParametersView:116 -                Rank 1 : false
2024-02-21 11:26:04,837 [INFO] ADCParametersView:116 -                Rank 1 : false
2024-02-21 11:26:04,837 [INFO] ADCParametersView:116 -                Rank 1 : false
2024-02-21 11:26:04,868 [INFO] ADCParametersView:116 -                Rank 1 : false
2024-02-21 11:26:53,654 [INFO] ADCParametersView:116 -                Rank 1 : false
2024-02-21 11:26:53,654 [INFO] ADCParametersView:116 -                Rank 1 : false
2024-02-21 11:26:53,654 [INFO] ADCParametersView:116 -                Rank 1 : false
2024-02-21 11:26:53,654 [INFO] ADCParametersView:116 -                Rank 1 : false
2024-02-21 11:26:53,654 [INFO] ADCParametersView:116 -                Rank 1 : false
2024-02-21 11:26:53,654 [INFO] ADCParametersView:116 -                Rank 1 : false
2024-02-21 11:26:53,654 [INFO] ADCParametersView:116 -                Rank 1 : false
2024-02-21 11:26:53,654 [INFO] ADCParametersView:116 -                Rank 1 : false
2024-02-21 11:26:53,654 [INFO] ADCParametersView:116 -                Rank 1 : false
2024-02-21 11:26:53,654 [INFO] ADCParametersView:116 -                Rank 1 : false
2024-02-21 11:26:53,654 [INFO] ADCParametersView:116 -                Rank 1 : false
2024-02-21 11:26:53,654 [INFO] ADCParametersView:116 -                Rank 1 : false
2024-02-21 11:26:53,654 [INFO] ADCParametersView:116 -                Rank 1 : false
2024-02-21 11:26:53,654 [INFO] ADCParametersView:116 -                Rank 1 : false
2024-02-21 11:26:53,685 [INFO] ADCParametersView:116 -                Rank 1 : false
2024-02-21 11:27:01,323 [INFO] ADCParametersView:116 -                Rank 1 : true
2024-02-21 11:27:25,855 [INFO] NvicIntPanel:101 - NVIC parent = com.st.microxplorer.plugins.ip.nvic.MultiNvicIntPanel[,0,0,0x0,invalid,layout=javax.swing.BoxLayout,alignmentX=0.0,alignmentY=0.0,border=,flags=9,maximumSize=,minimumSize=,preferredSize=]
2024-02-21 11:27:26,024 [INFO] NvicIntPanel:101 - NVIC parent = com.st.microxplorer.plugins.ip.nvic.MultiNvicIntPanel[,0,0,0x0,invalid,layout=javax.swing.BoxLayout,alignmentX=0.0,alignmentY=0.0,border=,flags=9,maximumSize=,minimumSize=,preferredSize=]
2024-02-21 11:27:26,156 [INFO] NvicIntPanel:101 - NVIC parent = com.st.microxplorer.plugins.ip.nvic.MultiNvicIntPanel[,0,0,0x0,invalid,layout=javax.swing.BoxLayout,alignmentX=0.0,alignmentY=0.0,border=,flags=9,maximumSize=,minimumSize=,preferredSize=]
2024-02-21 11:27:26,203 [INFO] ADCParametersView:116 -                Rank 1 : true
2024-02-21 11:27:26,203 [INFO] ADCParametersView:116 -                Rank 1 : true
2024-02-21 11:27:26,203 [INFO] ADCParametersView:116 -                Rank 1 : true
2024-02-21 11:27:26,203 [INFO] ADCParametersView:116 -                Rank 1 : true
2024-02-21 11:27:26,203 [INFO] ADCParametersView:116 -                Rank 1 : true
2024-02-21 11:27:26,203 [INFO] ADCParametersView:116 -                Rank 1 : true
2024-02-21 11:27:26,203 [INFO] ADCParametersView:116 -                Rank 1 : true
2024-02-21 11:27:26,203 [INFO] ADCParametersView:116 -                Rank 1 : true
2024-02-21 11:27:26,203 [INFO] ADCParametersView:116 -                Rank 1 : true
2024-02-21 11:27:26,203 [INFO] ADCParametersView:116 -                Rank 1 : true
2024-02-21 11:27:26,203 [INFO] ADCParametersView:116 -                Rank 1 : true
2024-02-21 11:27:26,203 [INFO] ADCParametersView:116 -                Rank 1 : true
2024-02-21 11:27:26,203 [INFO] ADCParametersView:116 -                Rank 1 : true
2024-02-21 11:27:26,203 [INFO] ADCParametersView:116 -                Rank 1 : true
2024-02-21 11:27:26,241 [INFO] ADCParametersView:116 -                Rank 1 : true
2024-02-21 11:27:31,011 [INFO] UtilMem:75 - End SaveConfig() Used Memory: 652212880 Bytes (987758592)
2024-02-21 11:27:35,449 [INFO] UtilMem:75 - End SaveConfig() Used Memory: 679049744 Bytes (987758592)
2024-02-21 11:27:36,913 [INFO] UtilMem:75 - End SaveConfig() Used Memory: 769751792 Bytes (987758592)
2024-02-21 11:27:37,602 [INFO] BlockDiagram:2759 - set Specific Code input for plugin: TIM1_8F7
2024-02-21 11:27:37,602 [INFO] BlockDiagram:2759 - set Specific Code input for plugin: TIM1_8F7
2024-02-21 11:27:37,602 [INFO] BlockDiagram:2759 - set Specific Code input for plugin: TIM1_8F7
2024-02-21 11:27:37,602 [INFO] BlockDiagram:2759 - set Specific Code input for plugin: ADC
2024-02-21 11:27:37,602 [INFO] BlockDiagram:2759 - set Specific Code input for plugin: SYS
2024-02-21 11:27:37,602 [INFO] BlockDiagram:2759 - set Specific Code input for plugin: ADC
2024-02-21 11:27:37,602 [INFO] BlockDiagram:2759 - set Specific Code input for plugin: ADC
2024-02-21 11:27:37,602 [INFO] BlockDiagram:2759 - set Specific Code input for plugin: RCC
2024-02-21 11:27:37,602 [INFO] BlockDiagram:2759 - set Specific Code input for plugin: NVIC
2024-02-21 11:27:37,602 [INFO] BlockDiagram:2759 - set Specific Code input for plugin: USART
2024-02-21 11:27:37,602 [INFO] BlockDiagram:2759 - set Specific Code input for plugin: DMA
2024-02-21 11:27:37,602 [INFO] BlockDiagram:2759 - set Specific Code input for plugin: TIM1_8F7
2024-02-21 11:27:37,602 [INFO] BlockDiagram:2759 - set Specific Code input for plugin: GPIO
2024-02-21 11:27:37,618 [INFO] CodeGenerator:793 - code generatio: config db path: C:\ST\STM32CubeIDE_1.12.0\STM32CubeIDE\plugins\com.st.stm32cube.common.mx_6.8.1.202304191431\\db\
2024-02-21 11:27:38,295 [INFO] CodeEngine:255 - oldGeneratedFile, C:\Users\m-ali.khlifi-ext\STM32CubeIDE\workspace_1.12.0\CADILLAC_V2\MXTmpFiles\license.tmp_save
2024-02-21 11:27:38,850 [INFO] CodeEngine:279 - Generated code: C:\Users\m-ali.khlifi-ext\STM32CubeIDE\workspace_1.12.0\CADILLAC_V2\MXTmpFiles\license.tmp
2024-02-21 11:27:39,028 [INFO] CodeEngine:255 - oldGeneratedFile, C:\Users\m-ali.khlifi-ext\STM32CubeIDE\workspace_1.12.0\CADILLAC_V2\Core\Src\gpio.c_save
2024-02-21 11:27:39,229 [INFO] CodeEngine:279 - Generated code: C:\Users\m-ali.khlifi-ext\STM32CubeIDE\workspace_1.12.0\CADILLAC_V2\Core\Src\gpio.c
2024-02-21 11:27:39,251 [INFO] CodeEngine:255 - oldGeneratedFile, C:\Users\m-ali.khlifi-ext\STM32CubeIDE\workspace_1.12.0\CADILLAC_V2\Core\Inc\gpio.h_save
2024-02-21 11:27:39,398 [INFO] CodeEngine:279 - Generated code: C:\Users\m-ali.khlifi-ext\STM32CubeIDE\workspace_1.12.0\CADILLAC_V2\Core\Inc\gpio.h
2024-02-21 11:27:42,289 [INFO] CodeEngine:255 - oldGeneratedFile, C:\Users\m-ali.khlifi-ext\STM32CubeIDE\workspace_1.12.0\CADILLAC_V2\Core\Src\adc.c_save
2024-02-21 11:27:42,574 [INFO] CodeEngine:279 - Generated code: C:\Users\m-ali.khlifi-ext\STM32CubeIDE\workspace_1.12.0\CADILLAC_V2\Core\Src\adc.c
2024-02-21 11:27:42,605 [INFO] CodeEngine:255 - oldGeneratedFile, C:\Users\m-ali.khlifi-ext\STM32CubeIDE\workspace_1.12.0\CADILLAC_V2\Core\Inc\adc.h_save
2024-02-21 11:27:42,721 [INFO] CodeEngine:279 - Generated code: C:\Users\m-ali.khlifi-ext\STM32CubeIDE\workspace_1.12.0\CADILLAC_V2\Core\Inc\adc.h
2024-02-21 11:27:42,774 [INFO] CodeEngine:255 - oldGeneratedFile, C:\Users\m-ali.khlifi-ext\STM32CubeIDE\workspace_1.12.0\CADILLAC_V2\MXTmpFiles\cortex.tmp_save
2024-02-21 11:27:42,859 [INFO] CodeEngine:279 - Generated code: C:\Users\m-ali.khlifi-ext\STM32CubeIDE\workspace_1.12.0\CADILLAC_V2\MXTmpFiles\cortex.tmp
2024-02-21 11:27:43,075 [INFO] CodeEngine:255 - oldGeneratedFile, C:\Users\m-ali.khlifi-ext\STM32CubeIDE\workspace_1.12.0\CADILLAC_V2\Core\Src\dma.c_save
2024-02-21 11:27:43,160 [INFO] CodeEngine:279 - Generated code: C:\Users\m-ali.khlifi-ext\STM32CubeIDE\workspace_1.12.0\CADILLAC_V2\Core\Src\dma.c
2024-02-21 11:27:43,191 [INFO] CodeEngine:255 - oldGeneratedFile, C:\Users\m-ali.khlifi-ext\STM32CubeIDE\workspace_1.12.0\CADILLAC_V2\Core\Inc\dma.h_save
2024-02-21 11:27:43,322 [INFO] CodeEngine:279 - Generated code: C:\Users\m-ali.khlifi-ext\STM32CubeIDE\workspace_1.12.0\CADILLAC_V2\Core\Inc\dma.h
2024-02-21 11:27:43,372 [INFO] CodeEngine:255 - oldGeneratedFile, C:\Users\m-ali.khlifi-ext\STM32CubeIDE\workspace_1.12.0\CADILLAC_V2\Core\Src\tim.c_save
2024-02-21 11:27:43,685 [INFO] CodeEngine:279 - Generated code: C:\Users\m-ali.khlifi-ext\STM32CubeIDE\workspace_1.12.0\CADILLAC_V2\Core\Src\tim.c
2024-02-21 11:27:43,715 [INFO] CodeEngine:255 - oldGeneratedFile, C:\Users\m-ali.khlifi-ext\STM32CubeIDE\workspace_1.12.0\CADILLAC_V2\Core\Inc\tim.h_save
2024-02-21 11:27:43,823 [INFO] CodeEngine:279 - Generated code: C:\Users\m-ali.khlifi-ext\STM32CubeIDE\workspace_1.12.0\CADILLAC_V2\Core\Inc\tim.h
2024-02-21 11:27:43,896 [INFO] CodeEngine:255 - oldGeneratedFile, C:\Users\m-ali.khlifi-ext\STM32CubeIDE\workspace_1.12.0\CADILLAC_V2\Core\Src\usart.c_save
2024-02-21 11:27:44,012 [INFO] CodeEngine:279 - Generated code: C:\Users\m-ali.khlifi-ext\STM32CubeIDE\workspace_1.12.0\CADILLAC_V2\Core\Src\usart.c
2024-02-21 11:27:44,046 [INFO] CodeEngine:255 - oldGeneratedFile, C:\Users\m-ali.khlifi-ext\STM32CubeIDE\workspace_1.12.0\CADILLAC_V2\Core\Inc\usart.h_save
2024-02-21 11:27:44,157 [INFO] CodeEngine:279 - Generated code: C:\Users\m-ali.khlifi-ext\STM32CubeIDE\workspace_1.12.0\CADILLAC_V2\Core\Inc\usart.h
2024-02-21 11:27:44,217 [INFO] CodeEngine:255 - oldGeneratedFile, C:\Users\m-ali.khlifi-ext\STM32CubeIDE\workspace_1.12.0\CADILLAC_V2\Core\Src\stm32f7xx_it.c_save
2024-02-21 11:27:44,396 [INFO] CodeEngine:279 - Generated code: C:\Users\m-ali.khlifi-ext\STM32CubeIDE\workspace_1.12.0\CADILLAC_V2\Core\Src\stm32f7xx_it.c
2024-02-21 11:27:44,412 [INFO] CodeEngine:255 - oldGeneratedFile, C:\Users\m-ali.khlifi-ext\STM32CubeIDE\workspace_1.12.0\CADILLAC_V2\Core\Inc\stm32f7xx_it.h_save
2024-02-21 11:27:44,528 [INFO] CodeEngine:279 - Generated code: C:\Users\m-ali.khlifi-ext\STM32CubeIDE\workspace_1.12.0\CADILLAC_V2\Core\Inc\stm32f7xx_it.h
2024-02-21 11:27:44,590 [INFO] CodeEngine:255 - oldGeneratedFile, C:\Users\m-ali.khlifi-ext\STM32CubeIDE\workspace_1.12.0\CADILLAC_V2\Core\Src\stm32f7xx_hal_msp.c_save
2024-02-21 11:27:44,697 [INFO] CodeEngine:279 - Generated code: C:\Users\m-ali.khlifi-ext\STM32CubeIDE\workspace_1.12.0\CADILLAC_V2\Core\Src\stm32f7xx_hal_msp.c
2024-02-21 11:27:44,712 [INFO] CodeEngine:255 - oldGeneratedFile, C:\Users\m-ali.khlifi-ext\STM32CubeIDE\workspace_1.12.0\CADILLAC_V2\MXTmpFiles\system.tmp_save
2024-02-21 11:27:44,775 [INFO] CodeEngine:279 - Generated code: C:\Users\m-ali.khlifi-ext\STM32CubeIDE\workspace_1.12.0\CADILLAC_V2\MXTmpFiles\system.tmp
2024-02-21 11:27:44,813 [INFO] CodeEngine:311 - oldGeneratedFile, C:\Users\m-ali.khlifi-ext\STM32CubeIDE\workspace_1.12.0\CADILLAC_V2\Core\Inc\stm32f7xx_hal_conf.h_save
2024-02-21 11:27:44,897 [INFO] CodeEngine:335 - Generated code: C:\Users\m-ali.khlifi-ext\STM32CubeIDE\workspace_1.12.0\CADILLAC_V2\Core\Inc\stm32f7xx_hal_conf.h
2024-02-21 11:27:45,013 [INFO] CodeEngine:255 - oldGeneratedFile, C:\Users\m-ali.khlifi-ext\STM32CubeIDE\workspace_1.12.0\CADILLAC_V2\Core\Inc\main.h_save
2024-02-21 11:27:45,129 [INFO] CodeEngine:279 - Generated code: C:\Users\m-ali.khlifi-ext\STM32CubeIDE\workspace_1.12.0\CADILLAC_V2\Core\Inc\main.h
2024-02-21 11:27:45,160 [INFO] CodeEngine:255 - oldGeneratedFile, C:\Users\m-ali.khlifi-ext\STM32CubeIDE\workspace_1.12.0\CADILLAC_V2\Core\Src\main.c_save
2024-02-21 11:27:45,361 [INFO] CodeEngine:279 - Generated code: C:\Users\m-ali.khlifi-ext\STM32CubeIDE\workspace_1.12.0\CADILLAC_V2\Core\Src\main.c
2024-02-21 11:27:47,301 [INFO] ProjectBuilder:2996 - Time for Copy HAL[1] : 1337mS.
2024-02-21 11:27:47,385 [INFO] ProjectBuilder:4304 - Project Generator version: 3.19.2
2024-02-21 11:27:47,802 [INFO] ConfigFileManager:1483 - The Die is : DIE449
2024-02-21 11:27:47,808 [INFO] ApiDbMcu:507 - Load IP Config File for FATFS
2024-02-21 11:27:47,824 [INFO] ApiDbMcu:507 - Load IP Config File for FREERTOS
2024-02-21 11:27:47,840 [INFO] ApiDbMcu:507 - Load IP Config File for LIBJPEG
2024-02-21 11:27:47,840 [INFO] ApiDbMcu:507 - Load IP Config File for LWIP
2024-02-21 11:27:47,855 [INFO] ApiDbMcu:507 - Load IP Config File for MBEDTLS
2024-02-21 11:27:47,871 [INFO] ApiDbMcu:507 - Load IP Config File for USB_DEVICE
2024-02-21 11:27:47,887 [INFO] ApiDbMcu:507 - Load IP Config File for USB_HOST
