2023-11-23 10:05:11,441 [INFO] Activator:176 - 


2023-11-23 10:05:11,456 [INFO] Activator:177 - !SESSION log4j initialized
2023-11-23 10:05:20,862 [INFO] LogOutputStream:77 - [STDOUT_REDIRECT] 
2023-11-23 10:05:44,167 [ERROR] LogOutputStream:75 - [STDERR_REDIRECT] SLF4J: Failed to load class "org.slf4j.impl.StaticLoggerBinder".
2023-11-23 10:05:44,167 [ERROR] LogOutputStream:75 - [STDERR_REDIRECT] SLF4J: Defaulting to no-operation (NOP) logger implementation
2023-11-23 10:05:44,167 [ERROR] LogOutputStream:75 - [STDERR_REDIRECT] SLF4J: See http://www.slf4j.org/codes.html#StaticLoggerBinder for further details.
2023-11-23 10:26:39,228 [INFO] ApplicationProperties:184 - Using Application install path: C:\ST\STM32CubeIDE_1.12.0\STM32CubeIDE\plugins\com.st.stm32cube.common.mx_6.8.1.202304191431
2023-11-23 10:26:39,260 [INFO] DbMcusXml:78 - Set database path to: C:\ST\STM32CubeIDE_1.12.0\STM32CubeIDE\plugins\com.st.stm32cube.common.mx_6.8.1.202304191431\\db\/mcu/
2023-11-23 10:26:39,260 [INFO] ApiDb:274 - Set plugin database path to: C:\ST\STM32CubeIDE_1.12.0\STM32CubeIDE\plugins\com.st.stm32cube.common.mx_6.8.1.202304191431\\db\/plugins/boardmanager/
2023-11-23 10:26:39,260 [WARN] ApiDb:259 - Overriding images path with different value:  => C:\ST\STM32CubeIDE_1.12.0\STM32CubeIDE\plugins\com.st.stm32cube.common.mx_6.8.1.202304191431\\db\/plugins/mcufinder/images/
2023-11-23 10:26:39,282 [INFO] ApiDb:250 - Set database path to: C:\Users\m-ali.khlifi-ext\.stmcufinder\plugins\mcufinder//mcu/
2023-11-23 10:26:39,282 [INFO] DbMcusAds:125 - Set database path to: C:\Users\m-ali.khlifi-ext\.stmcufinder\plugins\mcufinder//mcu/
2023-11-23 10:26:39,345 [INFO] CrossReferenceDbSqlite:203 - Set database path to: C:\Users\m-ali.khlifi-ext\.stmcufinder\plugins\mcufinder//mcu/cs/
2023-11-23 10:26:39,482 [INFO] RulesReader:64 - Compatibility file has been processed (293 Rules)
2023-11-23 10:26:39,683 [INFO] DbMcusXml:78 - Set database path to: C:\ST\STM32CubeIDE_1.12.0\STM32CubeIDE\plugins\com.st.stm32cube.common.mx_6.8.1.202304191431\\db\/mcu/
2023-11-23 10:26:39,683 [INFO] ApiDb:274 - Set plugin database path to: C:\ST\STM32CubeIDE_1.12.0\STM32CubeIDE\plugins\com.st.stm32cube.common.mx_6.8.1.202304191431\\db\/plugins/boardmanager/
2023-11-23 10:26:39,683 [INFO] ApiDb:261 - Set plugin images path to: C:\ST\STM32CubeIDE_1.12.0\STM32CubeIDE\plugins\com.st.stm32cube.common.mx_6.8.1.202304191431\\db\/plugins/mcufinder/images/
2023-11-23 10:26:39,683 [WARN] DbFile:41 - Overriding database path with different value: C:\Users\m-ali.khlifi-ext\.stmcufinder\plugins\mcufinder/ => C:\Users\m-ali.khlifi-ext\.stmcufinder\plugins\mcufinder
2023-11-23 10:26:39,683 [INFO] ApiDb:250 - Set database path to: C:\Users\m-ali.khlifi-ext\.stmcufinder\plugins\mcufinder//mcu/
2023-11-23 10:26:39,683 [WARN] DbFile:41 - Overriding database path with different value: C:\Users\m-ali.khlifi-ext\.stmcufinder\plugins\mcufinder/ => C:\Users\m-ali.khlifi-ext\.stmcufinder\plugins\mcufinder
2023-11-23 10:26:39,683 [INFO] DbMcusAds:125 - Set database path to: C:\Users\m-ali.khlifi-ext\.stmcufinder\plugins\mcufinder//mcu/
2023-11-23 10:26:39,683 [WARN] DbFile:41 - Overriding database path with different value: C:\Users\m-ali.khlifi-ext\.stmcufinder\plugins\mcufinder/ => C:\Users\m-ali.khlifi-ext\.stmcufinder\plugins\mcufinder
2023-11-23 10:26:39,683 [WARN] DbFile:41 - Overriding database path with different value: C:\Users\m-ali.khlifi-ext\.stmcufinder\plugins\mcufinder/ => C:\Users\m-ali.khlifi-ext\.stmcufinder\plugins\mcufinder
2023-11-23 10:26:39,683 [INFO] CrossReferenceDbSqlite:203 - Set database path to: C:\Users\m-ali.khlifi-ext\.stmcufinder\plugins\mcufinder//mcu/cs/
2023-11-23 10:26:39,814 [INFO] MainPanel:253 - HeapMemory: 567279616
2023-11-23 10:26:39,961 [INFO] DbMcusXml:78 - Set database path to: C:\ST\STM32CubeIDE_1.12.0\STM32CubeIDE\plugins\com.st.stm32cube.common.mx_6.8.1.202304191431\\db\/mcu/
2023-11-23 10:26:39,961 [INFO] ApiDb:274 - Set plugin database path to: C:\ST\STM32CubeIDE_1.12.0\STM32CubeIDE\plugins\com.st.stm32cube.common.mx_6.8.1.202304191431\\db\/plugins/boardmanager/
2023-11-23 10:26:39,961 [INFO] ApiDb:261 - Set plugin images path to: C:\ST\STM32CubeIDE_1.12.0\STM32CubeIDE\plugins\com.st.stm32cube.common.mx_6.8.1.202304191431\\db\/plugins/mcufinder/images/
2023-11-23 10:26:39,961 [WARN] DbFile:41 - Overriding database path with different value: C:\Users\m-ali.khlifi-ext\.stmcufinder\plugins\mcufinder/ => C:\Users\m-ali.khlifi-ext\.stmcufinder\plugins\mcufinder
2023-11-23 10:26:39,961 [INFO] ApiDb:250 - Set database path to: C:\Users\m-ali.khlifi-ext\.stmcufinder\plugins\mcufinder//mcu/
2023-11-23 10:26:39,961 [WARN] DbFile:41 - Overriding database path with different value: C:\Users\m-ali.khlifi-ext\.stmcufinder\plugins\mcufinder/ => C:\Users\m-ali.khlifi-ext\.stmcufinder\plugins\mcufinder
2023-11-23 10:26:39,961 [INFO] DbMcusAds:125 - Set database path to: C:\Users\m-ali.khlifi-ext\.stmcufinder\plugins\mcufinder//mcu/
2023-11-23 10:26:39,961 [WARN] DbFile:41 - Overriding database path with different value: C:\Users\m-ali.khlifi-ext\.stmcufinder\plugins\mcufinder/ => C:\Users\m-ali.khlifi-ext\.stmcufinder\plugins\mcufinder
2023-11-23 10:26:39,961 [WARN] DbFile:41 - Overriding database path with different value: C:\Users\m-ali.khlifi-ext\.stmcufinder\plugins\mcufinder/ => C:\Users\m-ali.khlifi-ext\.stmcufinder\plugins\mcufinder
2023-11-23 10:26:39,961 [INFO] CrossReferenceDbSqlite:203 - Set database path to: C:\Users\m-ali.khlifi-ext\.stmcufinder\plugins\mcufinder//mcu/cs/
2023-11-23 10:26:40,015 [INFO] ApplicationProperties:184 - Using Application install path: C:\ST\STM32CubeIDE_1.12.0\STM32CubeIDE\plugins\com.st.stm32cube.common.mx_6.8.1.202304191431
2023-11-23 10:26:40,030 [INFO] PluginManage:196 - Search for loadable plugins [exclusion list=, ]
2023-11-23 10:26:40,030 [INFO] PluginManage:310 - Check plugin analytics
2023-11-23 10:26:40,262 [INFO] AnalyticsPlugin:253 - Accepted Software Licenses: 
2023-11-23 10:26:40,262 [INFO] AnalyticsPlugin:255 - Accepted CMSIS Pack Licenses: 
2023-11-23 10:26:40,262 [INFO] AnalyticsPlugin:257 - Accepted Firmware Licenses: FW.F4.1.27.0
2023-11-23 10:26:40,277 [INFO] PluginManage:359 - Loaded plugin analytics (category:tool,tabindex:-1)
2023-11-23 10:26:40,277 [INFO] PluginManage:310 - Check plugin cadmodel
2023-11-23 10:26:40,300 [INFO] CADModel:105 - Init CAD model plugin
2023-11-23 10:26:40,300 [INFO] PluginManage:359 - Loaded plugin cadmodel (category:power,tabindex:5)
2023-11-23 10:26:40,300 [INFO] PluginManage:310 - Check plugin clock
2023-11-23 10:26:40,331 [INFO] PluginManage:359 - Loaded plugin clock (category:base,tabindex:2)
2023-11-23 10:26:40,331 [INFO] PluginManage:310 - Check plugin ddr
2023-11-23 10:26:40,346 [INFO] PluginManage:359 - Loaded plugin ddr (category:tool,tabindex:6)
2023-11-23 10:26:40,346 [INFO] PluginManage:310 - Check plugin filemanager
2023-11-23 10:26:40,531 [INFO] PluginManage:359 - Loaded plugin filemanager (category:base,tabindex:10)
2023-11-23 10:26:40,531 [INFO] PluginManage:310 - Check plugin ipmanager
2023-11-23 10:26:40,563 [INFO] PluginManage:359 - Loaded plugin ipmanager (category:base,tabindex:5)
2023-11-23 10:26:40,563 [INFO] PluginManage:310 - Check plugin lpbam
2023-11-23 10:26:40,600 [INFO] PluginManage:359 - Loaded plugin lpbam (category:base,tabindex:0)
2023-11-23 10:26:40,600 [INFO] PluginManage:310 - Check plugin pinoutandconfiguration
2023-11-23 10:26:40,632 [INFO] PluginManage:359 - Loaded plugin pinoutandconfiguration (category:base,tabindex:1)
2023-11-23 10:26:40,632 [INFO] PluginManage:310 - Check plugin pinoutconfig
2023-11-23 10:26:40,779 [WARN] SupportedApi:132 - Cannot load RTOS API schema: s4s-elt-must-match.1: The content of 'definitions' must match (annotation?, (simpleType | complexType)?, (unique | key | keyref)*)). A problem was found starting at: attribute.
2023-11-23 10:26:41,001 [INFO] PluginManage:359 - Loaded plugin pinoutconfig (category:base,tabindex:0)
2023-11-23 10:26:41,001 [INFO] PluginManage:310 - Check plugin power
2023-11-23 10:26:41,033 [INFO] PluginManage:359 - Loaded plugin power (category:power,tabindex:4)
2023-11-23 10:26:41,033 [INFO] PluginManage:310 - Check plugin projectmanager
2023-11-23 10:26:41,064 [INFO] PluginManage:359 - Loaded plugin projectmanager (category:projectmanager,tabindex:3)
2023-11-23 10:26:41,064 [INFO] PluginManage:310 - Check plugin thirdparty
2023-11-23 10:26:41,370 [INFO] PluginManage:359 - Loaded plugin thirdparty (category:base,tabindex:-1)
2023-11-23 10:26:41,370 [WARN] IntegrityCheckThread:84 - waiting for thirdparty lock release [integrity check]
2023-11-23 10:26:41,370 [INFO] PluginManage:310 - Check plugin tools
2023-11-23 10:26:41,370 [INFO] IntegrityCheckThread:86 - entering critical section [integrity check]
2023-11-23 10:26:41,378 [INFO] ThirdPartyUpdaterWithRetryManager:70 - Updater plugin not ready yet. [1/15]
2023-11-23 10:26:41,404 [INFO] PluginManage:359 - Loaded plugin tools (category:base,tabindex:7)
2023-11-23 10:26:41,404 [INFO] PluginManage:310 - Check plugin tutovideos
2023-11-23 10:26:41,770 [INFO] PluginManage:359 - Loaded plugin tutovideos (category:base,tabindex:-1)
2023-11-23 10:26:41,770 [INFO] PluginManage:310 - Check plugin updater
2023-11-23 10:26:41,800 [INFO] PluginManage:359 - Loaded plugin updater (category:base,tabindex:12)
2023-11-23 10:26:41,800 [INFO] PluginManage:283 - PluginManage : Loaded plugins [15]
2023-11-23 10:26:42,348 [INFO] PinOutPanel:1499 - setPackage(No Configuration,No Configuration)
2023-11-23 10:26:42,533 [INFO] CADModel:165 - CPN selected for project level
2023-11-23 10:26:42,533 [INFO] CADModel:114 - Register for checkConnection events
2023-11-23 10:26:42,579 [INFO] IPUIPlugin:80 - create IPUIPlugin
2023-11-23 10:26:42,579 [INFO] PluginManager:220 - loadIPPluginJar : add adc
2023-11-23 10:26:42,602 [INFO] IPUIPlugin:80 - create IPUIPlugin
2023-11-23 10:26:42,602 [INFO] PluginManager:220 - loadIPPluginJar : add aes
2023-11-23 10:26:42,617 [INFO] IPUIPlugin:80 - create IPUIPlugin
2023-11-23 10:26:42,617 [INFO] PluginManager:220 - loadIPPluginJar : add can
2023-11-23 10:26:42,633 [INFO] IPUIPlugin:80 - create IPUIPlugin
2023-11-23 10:26:42,633 [INFO] PluginManager:220 - loadIPPluginJar : add comp
2023-11-23 10:26:42,648 [INFO] IPUIPlugin:80 - create IPUIPlugin
2023-11-23 10:26:42,648 [INFO] PluginManager:220 - loadIPPluginJar : add cryp
2023-11-23 10:26:42,664 [INFO] IPUIPlugin:80 - create IPUIPlugin
2023-11-23 10:26:42,664 [INFO] PluginManager:220 - loadIPPluginJar : add dfsdm
2023-11-23 10:26:42,702 [INFO] IPUIPlugin:80 - create IPUIPlugin
2023-11-23 10:26:42,702 [INFO] PluginManager:220 - loadIPPluginJar : add dma
2023-11-23 10:26:42,717 [INFO] IPUIPlugin:80 - create IPUIPlugin
2023-11-23 10:26:42,717 [INFO] PluginManager:220 - loadIPPluginJar : add dma3
2023-11-23 10:26:42,733 [INFO] IPUIPlugin:80 - create IPUIPlugin
2023-11-23 10:26:42,733 [INFO] PluginManager:220 - loadIPPluginJar : add fatfs
2023-11-23 10:26:42,749 [INFO] IPUIPlugin:80 - create IPUIPlugin
2023-11-23 10:26:42,749 [INFO] PluginManager:220 - loadIPPluginJar : add fmc
2023-11-23 10:26:42,780 [INFO] IPUIPlugin:80 - create IPUIPlugin
2023-11-23 10:26:42,780 [INFO] PluginManager:220 - loadIPPluginJar : add freertos
2023-11-23 10:26:42,796 [INFO] IPUIPlugin:80 - create IPUIPlugin
2023-11-23 10:26:42,796 [INFO] PluginManager:220 - loadIPPluginJar : add genericplugin
2023-11-23 10:26:42,818 [INFO] IPUIPlugin:80 - create IPUIPlugin
2023-11-23 10:26:42,818 [INFO] PluginManager:220 - loadIPPluginJar : add gfxmmu
2023-11-23 10:26:42,833 [INFO] IPUIPlugin:80 - create IPUIPlugin
2023-11-23 10:26:42,833 [INFO] PluginManager:220 - loadIPPluginJar : add gic
2023-11-23 10:26:42,865 [INFO] IPUIPlugin:80 - create IPUIPlugin
2023-11-23 10:26:42,865 [INFO] PluginManager:220 - loadIPPluginJar : add gpio
2023-11-23 10:26:42,896 [INFO] IPUIPlugin:80 - create IPUIPlugin
2023-11-23 10:26:42,896 [INFO] PluginManager:220 - loadIPPluginJar : add gtzc
2023-11-23 10:26:42,902 [INFO] IPUIPlugin:80 - create IPUIPlugin
2023-11-23 10:26:42,902 [INFO] PluginManager:220 - loadIPPluginJar : add hash
2023-11-23 10:26:42,934 [INFO] IPUIPlugin:80 - create IPUIPlugin
2023-11-23 10:26:42,934 [INFO] PluginManager:220 - loadIPPluginJar : add i2c
2023-11-23 10:26:42,949 [INFO] IPUIPlugin:80 - create IPUIPlugin
2023-11-23 10:26:42,949 [INFO] PluginManager:220 - loadIPPluginJar : add i2s
2023-11-23 10:26:42,965 [INFO] IPUIPlugin:80 - create IPUIPlugin
2023-11-23 10:26:42,965 [INFO] PluginManager:220 - loadIPPluginJar : add i3c
2023-11-23 10:26:42,996 [INFO] IPUIPlugin:80 - create IPUIPlugin
2023-11-23 10:26:42,996 [INFO] PluginManager:220 - loadIPPluginJar : add ipddr
2023-11-23 10:26:43,018 [INFO] IPUIPlugin:80 - create IPUIPlugin
2023-11-23 10:26:43,018 [INFO] PluginManager:220 - loadIPPluginJar : add linkedlist
2023-11-23 10:26:43,034 [INFO] IPUIPlugin:80 - create IPUIPlugin
2023-11-23 10:26:43,034 [INFO] PluginManager:220 - loadIPPluginJar : add lorawan
2023-11-23 10:26:43,049 [INFO] IPUIPlugin:80 - create IPUIPlugin
2023-11-23 10:26:43,049 [INFO] PluginManager:220 - loadIPPluginJar : add ltdc
2023-11-23 10:26:43,081 [INFO] IPUIPlugin:80 - create IPUIPlugin
2023-11-23 10:26:43,081 [INFO] PluginManager:220 - loadIPPluginJar : add mdma
2023-11-23 10:26:43,103 [INFO] IPUIPlugin:80 - create IPUIPlugin
2023-11-23 10:26:43,103 [INFO] PluginManager:220 - loadIPPluginJar : add nvic
2023-11-23 10:26:43,118 [INFO] IPUIPlugin:80 - create IPUIPlugin
2023-11-23 10:26:43,118 [INFO] PluginManager:220 - loadIPPluginJar : add opamp
2023-11-23 10:26:43,134 [INFO] IPUIPlugin:80 - create IPUIPlugin
2023-11-23 10:26:43,134 [INFO] PluginManager:220 - loadIPPluginJar : add openamp
2023-11-23 10:26:43,150 [INFO] IPUIPlugin:80 - create IPUIPlugin
2023-11-23 10:26:43,150 [INFO] PluginManager:220 - loadIPPluginJar : add pdm2pcm
2023-11-23 10:26:43,181 [INFO] IPUIPlugin:80 - create IPUIPlugin
2023-11-23 10:26:43,181 [INFO] PluginManager:220 - loadIPPluginJar : add plateformsettings
2023-11-23 10:26:43,196 [INFO] IPUIPlugin:80 - create IPUIPlugin
2023-11-23 10:26:43,196 [INFO] PluginManager:220 - loadIPPluginJar : add quadspi
2023-11-23 10:26:43,219 [INFO] IPUIPlugin:80 - create IPUIPlugin
2023-11-23 10:26:43,219 [INFO] PluginManager:220 - loadIPPluginJar : add resmgrutility
2023-11-23 10:26:43,234 [INFO] IPUIPlugin:80 - create IPUIPlugin
2023-11-23 10:26:43,234 [INFO] PluginManager:220 - loadIPPluginJar : add sai
2023-11-23 10:26:43,250 [INFO] IPUIPlugin:80 - create IPUIPlugin
2023-11-23 10:26:43,250 [INFO] PluginManager:220 - loadIPPluginJar : add spi
2023-11-23 10:26:43,265 [INFO] IPUIPlugin:80 - create IPUIPlugin
2023-11-23 10:26:43,265 [INFO] PluginManager:220 - loadIPPluginJar : add stm32_wpan
2023-11-23 10:26:43,281 [INFO] IPUIPlugin:80 - create IPUIPlugin
2023-11-23 10:26:43,281 [INFO] PluginManager:220 - loadIPPluginJar : add tim
2023-11-23 10:26:43,303 [INFO] IPUIPlugin:80 - create IPUIPlugin
2023-11-23 10:26:43,303 [INFO] PluginManager:220 - loadIPPluginJar : add touchsensing
2023-11-23 10:26:43,319 [INFO] IPUIPlugin:80 - create IPUIPlugin
2023-11-23 10:26:43,319 [INFO] PluginManager:220 - loadIPPluginJar : add tracer_emb
2023-11-23 10:26:43,327 [INFO] IPUIPlugin:80 - create IPUIPlugin
2023-11-23 10:26:43,327 [INFO] PluginManager:220 - loadIPPluginJar : add ts
2023-11-23 10:26:43,343 [INFO] IPUIPlugin:80 - create IPUIPlugin
2023-11-23 10:26:43,343 [INFO] PluginManager:220 - loadIPPluginJar : add tsc
2023-11-23 10:26:43,343 [INFO] IPUIPlugin:80 - create IPUIPlugin
2023-11-23 10:26:43,343 [INFO] PluginManager:220 - loadIPPluginJar : add ucpd
2023-11-23 10:26:43,359 [INFO] IPUIPlugin:80 - create IPUIPlugin
2023-11-23 10:26:43,359 [INFO] PluginManager:220 - loadIPPluginJar : add usart
2023-11-23 10:26:43,390 [INFO] IPUIPlugin:80 - create IPUIPlugin
2023-11-23 10:26:43,390 [INFO] PluginManager:220 - loadIPPluginJar : add usbx
2023-11-23 10:26:43,577 [INFO] CADModel:165 - CPN selected for project level
2023-11-23 10:26:43,577 [INFO] CADModel:114 - Register for checkConnection events
2023-11-23 10:26:43,577 [FATAL] Updater:308 - Updater called before beeing initialized
2023-11-23 10:26:43,577 [ERROR] CADModel:125 - Updater not yet initialized, retry later 
2023-11-23 10:26:43,751 [INFO] CADModel:165 - CPN selected for project level
2023-11-23 10:26:43,751 [INFO] CADModel:114 - Register for checkConnection events
2023-11-23 10:26:43,751 [FATAL] Updater:308 - Updater called before beeing initialized
2023-11-23 10:26:43,751 [ERROR] CADModel:125 - Updater not yet initialized, retry later 
2023-11-23 10:26:43,767 [FATAL] Updater:308 - Updater called before beeing initialized
2023-11-23 10:26:44,020 [FATAL] Updater:308 - Updater called before beeing initialized
2023-11-23 10:26:44,036 [INFO] DbMcusAds:53 - JSON generation date=Tue Mar 07 09:50:55 CET 2023 (1678179055335)
2023-11-23 10:26:44,036 [FATAL] Updater:308 - Updater called before beeing initialized
2023-11-23 10:26:44,136 [WARN] DetailPanel:346 - Failed to get advertising image, set to default
2023-11-23 10:26:44,321 [FATAL] Updater:308 - Updater called before beeing initialized
2023-11-23 10:26:44,321 [FATAL] Updater:308 - Updater called before beeing initialized
2023-11-23 10:26:44,321 [FATAL] Updater:308 - Updater called before beeing initialized
2023-11-23 10:26:44,321 [WARN] DetailPanel:346 - Failed to get advertising image, set to default
2023-11-23 10:26:44,321 [FATAL] Updater:308 - Updater called before beeing initialized
2023-11-23 10:26:44,383 [INFO] ThirdPartyUpdaterWithRetryManager:70 - Updater plugin not ready yet. [2/15]
2023-11-23 10:26:44,437 [ERROR] Updater:1120 - MainUpdater not yet initialized. External WinMGr cannot be set.
2023-11-23 10:26:44,437 [INFO] Updater:1056 - Updater Version found : 6.8.1
2023-11-23 10:26:44,468 [INFO] ApplicationProperties:184 - Using Application install path: C:\ST\STM32CubeIDE_1.12.0\STM32CubeIDE\plugins\com.st.stm32cube.common.mx_6.8.1.202304191431
2023-11-23 10:26:44,706 [INFO] MainUpdater:2854 - connection check result : 10
2023-11-23 10:26:44,706 [INFO] MainUpdater:283 - Updater Check For Update Now.
2023-11-23 10:26:44,706 [INFO] MicroXplorer:498 - Change Database Version : DB.6.0.81
2023-11-23 10:26:44,923 [INFO] CheckServerUpdateThread:120 - End of CheckServer Thread
2023-11-23 10:26:45,123 [INFO] MainUpdater:2854 - connection check result : 10
2023-11-23 10:26:45,123 [INFO] MainUpdater:2854 - connection check result : 10
2023-11-23 10:26:45,223 [INFO] MicroXplorer:468 - Change Database Path : 
2023-11-23 10:26:45,223 [INFO] MicroXplorer:498 - Change Database Version : DB.6.0.81
2023-11-23 10:26:45,223 [WARN] ThirdParty:871 - waiting for thirdparty lock release [close project]
2023-11-23 10:26:47,800 [WARN] PackLoader:240 - Cannot read IP mode file for STMicroelectronics.X-CUBE-SMBUS.2.1.0
2023-11-23 10:26:47,847 [WARN] PackLoader:240 - Cannot read IP mode file for STMicroelectronics.X-CUBE-AZRTOS-F7.1.1.0
2023-11-23 10:26:47,869 [ERROR] RealEvaluatedCondition:428 - Found unsupported composite condition: GROUP='STM32_MetaDataManager' CLASS='Data Exchange'
2023-11-23 10:26:47,869 [ERROR] RealEvaluatedCondition:428 - Found unsupported composite condition: CLASS='Data Exchange' GROUP='STM32_MetaDataManager'
2023-11-23 10:26:47,869 [WARN] PackLoader:240 - Cannot read IP mode file for STMicroelectronics.FP-SNS-MOTENV1.4.3.0
2023-11-23 10:26:47,900 [WARN] PackLoader:240 - Cannot read IP mode file for STMicroelectronics.FP-SNS-MOTENV1.4.3.2
2023-11-23 10:26:47,916 [WARN] PackLoader:240 - Cannot read IP mode file for STMicroelectronics.FP-SNS-FLIGHT1.5.0.0
2023-11-23 10:26:47,932 [ERROR] RealEvaluatedCondition:428 - Found unsupported composite condition: CLASS='Data Exchange' GROUP='STM32_MetaDataManager'
2023-11-23 10:26:47,932 [ERROR] RealEvaluatedCondition:428 - Found unsupported composite condition: CLASS='Data Exchange' GROUP='STM32_MetaDataManager'
2023-11-23 10:26:47,932 [WARN] PackLoader:240 - Cannot read IP mode file for STMicroelectronics.FP-SNS-MOTENV1.4.3.1
2023-11-23 10:26:47,947 [WARN] PackLoader:240 - Cannot read IP mode file for STMicroelectronics.FP-SNS-FLIGHT1.5.0.1
2023-11-23 10:26:47,969 [WARN] PackLoader:240 - Cannot read IP mode file for STMicroelectronics.X-CUBE-BLE1.6.2.4
2023-11-23 10:26:47,969 [WARN] PackLoader:240 - Cannot read IP mode file for STMicroelectronics.FP-SNS-FLIGHT1.5.0.2
2023-11-23 10:26:48,016 [WARN] PackLoader:240 - Cannot read IP mode file for STMicroelectronics.X-CUBE-DISPLAY.3.0.0
2023-11-23 10:26:48,032 [WARN] PackLoader:240 - Cannot read IP mode file for STMicroelectronics.X-CUBE-BLE1.7.0.0
2023-11-23 10:26:48,048 [WARN] PackLoader:240 - Cannot read IP mode file for STMicroelectronics.X-CUBE-TOUCHGFX.4.22.0
2023-11-23 10:26:48,048 [WARN] PackLoader:240 - Cannot read IP mode file for STMicroelectronics.X-CUBE-TOUCHGFX.4.22.1
2023-11-23 10:26:48,070 [WARN] PackLoader:240 - Cannot read IP mode file for STMicroelectronics.FP-SNS-SMARTAG2.1.2.0
2023-11-23 10:26:48,094 [INFO] LogOutputStream:77 - [STDOUT_REDIRECT] 1 : Invalid condition id : UX_CORESTACK_Condition cause : null
2023-11-23 10:26:48,094 [INFO] LogOutputStream:77 - [STDOUT_REDIRECT] 1 : Invalid condition id : UX_CORESTACK_Condition cause : null
2023-11-23 10:26:48,094 [INFO] LogOutputStream:77 - [STDOUT_REDIRECT] 1 : Invalid condition id : UX_CORESTACK_Condition cause : null
2023-11-23 10:26:48,109 [INFO] LogOutputStream:77 - [STDOUT_REDIRECT] 1 : Invalid condition id : UX_CORESTACK_Condition cause : null
2023-11-23 10:26:48,109 [INFO] LogOutputStream:77 - [STDOUT_REDIRECT] 1 : Invalid condition id : UX_CORESTACK_Condition cause : null
2023-11-23 10:26:48,109 [WARN] PackLoader:240 - Cannot read IP mode file for STMicroelectronics.X-CUBE-AZRTOS-WL.2.0.0
2023-11-23 10:26:48,125 [WARN] PackLoader:240 - Cannot read IP mode file for WES.I-CUBE-Cesium.1.3.0
2023-11-23 10:26:48,141 [WARN] PackLoader:240 - Cannot read IP mode file for STMicroelectronics.X-CUBE-BLE2.3.3.0
2023-11-23 10:26:48,156 [WARN] PackLoader:240 - Cannot read IP mode file for STMicroelectronics.X-CUBE-TOUCHGFX.4.21.3
2023-11-23 10:26:48,170 [WARN] PackLoader:240 - Cannot read IP mode file for STMicroelectronics.X-CUBE-TOUCHGFX.4.21.4
2023-11-23 10:26:48,170 [WARN] PackLoader:240 - Cannot read IP mode file for STMicroelectronics.X-CUBE-ALGOBUILD.1.3.0
2023-11-23 10:26:48,217 [WARN] PackLoader:240 - Cannot read IP mode file for STMicroelectronics.X-CUBE-AZRTOS-G0.1.1.0
2023-11-23 10:26:48,232 [WARN] PackLoader:240 - Cannot read IP mode file for STMicroelectronics.X-CUBE-NFC4.3.0.0
2023-11-23 10:26:48,270 [WARN] PackLoader:240 - Cannot read IP mode file for STMicroelectronics.X-CUBE-BLEMGR.3.0.0
2023-11-23 10:26:48,286 [WARN] PackLoader:240 - Cannot read IP mode file for STMicroelectronics.FP-ATR-SIGFOX1.3.2.0
2023-11-23 10:26:48,348 [WARN] PackLoader:240 - Cannot read IP mode file for SEGGER.I-CUBE-embOS.1.3.1
2023-11-23 10:26:48,464 [WARN] PackLoader:240 - Cannot read IP mode file for STMicroelectronics.X-CUBE-GNSS1.6.0.0
2023-11-23 10:26:48,517 [WARN] PackLoader:240 - Cannot read IP mode file for STMicroelectronics.X-CUBE-AZRTOS-F4.1.1.0
2023-11-23 10:26:48,571 [WARN] PackLoader:240 - Cannot read IP mode file for wolfSSL.I-CUBE-wolfSSL.5.6.0
2023-11-23 10:26:48,617 [WARN] PackLoader:240 - Cannot read IP mode file for STMicroelectronics.X-CUBE-AZRTOS-L5.2.0.0
2023-11-23 10:26:48,771 [WARN] PackLoader:240 - Cannot read IP mode file for STMicroelectronics.X-CUBE-MEMS1.9.6.0
2023-11-23 10:26:49,103 [WARN] PackLoader:240 - Cannot read IP mode file for STMicroelectronics.X-CUBE-EEPRMA1.4.2.0
2023-11-23 10:26:49,119 [WARN] PackLoader:240 - Cannot read IP mode file for ITTIA_DB.I-CUBE-ITTIADB.8.8.0
2023-11-23 10:26:49,134 [WARN] PackLoader:240 - Cannot read IP mode file for emotas.I-CUBE-CANOPEN.1.1.3
2023-11-23 10:26:49,166 [WARN] PackLoader:240 - Cannot read IP mode file for STMicroelectronics.X-CUBE-BLEMGR.2.0.0
2023-11-23 10:26:49,225 [WARN] ConditionMgr:438 - getConditionDescription Invalid condition id : UX DEVICE CLASS RTOS Condition cause : null
2023-11-23 10:26:49,225 [WARN] ConditionMgr:438 - getConditionDescription Invalid condition id : UX DEVICE CLASS RTOS Condition cause : null
2023-11-23 10:26:49,245 [WARN] PackLoader:240 - Cannot read IP mode file for STMicroelectronics.X-CUBE-AZRTOS-H7.3.1.0
2023-11-23 10:26:49,253 [WARN] ConditionMgr:1039 - genDependencies : Invalid condition id : UX DEVICE CLASS RTOS Condition cause : null
2023-11-23 10:26:49,253 [WARN] ConditionMgr:1039 - genDependencies : Invalid condition id : UX DEVICE CLASS RTOS Condition cause : null
2023-11-23 10:26:49,255 [WARN] ConditionMgr:1039 - genDependencies : Invalid condition id : UX DEVICE CLASS RTOS Condition cause : null
2023-11-23 10:26:49,255 [WARN] ConditionMgr:1039 - genDependencies : Invalid condition id : UX DEVICE CLASS RTOS Condition cause : null
2023-11-23 10:26:49,255 [WARN] ConditionMgr:1039 - genDependencies : Invalid condition id : UX DEVICE CLASS RTOS Condition cause : null
2023-11-23 10:26:49,275 [WARN] PackLoader:240 - Cannot read IP mode file for STMicroelectronics.X-CUBE-NFC7.1.0.1
2023-11-23 10:26:49,315 [WARN] PackLoader:240 - Cannot read IP mode file for STMicroelectronics.X-CUBE-NFC7.1.0.0
2023-11-23 10:26:49,346 [WARN] PackLoader:240 - Cannot read IP mode file for STMicroelectronics.X-CUBE-NFC6.3.0.0
2023-11-23 10:26:49,374 [WARN] PackLoader:240 - Cannot read IP mode file for STMicroelectronics.X-CUBE-EEPRMA1.4.1.0
2023-11-23 10:26:49,386 [WARN] PackLoader:240 - Cannot read IP mode file for STMicroelectronics.X-CUBE-AI.8.1.0
2023-11-23 10:26:49,446 [WARN] ConditionMgr:438 - getConditionDescription Invalid condition id : LAN8742 Phy interface Condition cause : null
2023-11-23 10:26:49,446 [WARN] PackLoader:240 - Cannot read IP mode file for STMicroelectronics.X-CUBE-AZRTOS-L4.2.0.0
2023-11-23 10:26:49,446 [WARN] ConditionMgr:1039 - genDependencies : Invalid condition id : LAN8742 Phy interface Condition cause : null
2023-11-23 10:26:49,446 [WARN] ConditionMgr:1039 - genDependencies : Invalid condition id : LAN8742 Phy interface Condition cause : null
2023-11-23 10:26:49,454 [WARN] ConditionMgr:1039 - genDependencies : Invalid condition id : LAN8742 Phy interface Condition cause : null
2023-11-23 10:26:49,477 [WARN] PackLoader:240 - Cannot read IP mode file for STMicroelectronics.X-CUBE-SFXS2LP1.4.0.0
2023-11-23 10:26:49,497 [WARN] PackLoader:240 - Cannot read IP mode file for STMicroelectronics.X-CUBE-ISPU.1.1.0
2023-11-23 10:26:49,517 [WARN] PackLoader:240 - Cannot read IP mode file for STMicroelectronics.X-CUBE-AI.8.0.0
2023-11-23 10:26:49,567 [WARN] ConditionMgr:438 - getConditionDescription Invalid condition id : UX DEVICE CLASS RTOS Condition cause : null
2023-11-23 10:26:49,567 [WARN] ConditionMgr:438 - getConditionDescription Invalid condition id : UX DEVICE CLASS RTOS Condition cause : null
2023-11-23 10:26:49,577 [WARN] PackLoader:240 - Cannot read IP mode file for STMicroelectronics.X-CUBE-AZRTOS-WB.2.0.0
2023-11-23 10:26:49,577 [WARN] ConditionMgr:1039 - genDependencies : Invalid condition id : UX DEVICE CLASS RTOS Condition cause : null
2023-11-23 10:26:49,577 [WARN] ConditionMgr:1039 - genDependencies : Invalid condition id : UX DEVICE CLASS RTOS Condition cause : null
2023-11-23 10:26:49,577 [WARN] ConditionMgr:1039 - genDependencies : Invalid condition id : UX DEVICE CLASS RTOS Condition cause : null
2023-11-23 10:26:49,577 [WARN] ConditionMgr:1039 - genDependencies : Invalid condition id : UX DEVICE CLASS RTOS Condition cause : null
2023-11-23 10:26:49,577 [WARN] ConditionMgr:1039 - genDependencies : Invalid condition id : UX DEVICE CLASS RTOS Condition cause : null
2023-11-23 10:26:49,598 [WARN] PackLoader:240 - Cannot read IP mode file for STMicroelectronics.X-CUBE-FREERTOS.1.0.1
2023-11-23 10:26:49,648 [WARN] PackLoader:240 - Cannot read IP mode file for STMicroelectronics.X-CUBE-AZRTOS-L5.1.1.0
2023-11-23 10:26:49,668 [WARN] PackLoader:240 - Cannot read IP mode file for STMicroelectronics.X-CUBE-AI.8.0.1
2023-11-23 10:26:49,696 [WARN] PackLoader:240 - Cannot read IP mode file for STMicroelectronics.X-CUBE-SUBG2.5.0.0
2023-11-23 10:26:49,739 [WARN] PackLoader:240 - Cannot read IP mode file for STMicroelectronics.X-CUBE-TOF1.3.3.1
2023-11-23 10:26:49,814 [WARN] PackLoader:240 - Cannot read IP mode file for STMicroelectronics.X-CUBE-AZRTOS-G4.2.0.0
2023-11-23 10:26:49,845 [WARN] PackLoader:240 - Cannot read IP mode file for STMicroelectronics.X-CUBE-TOF1.3.3.0
2023-11-23 10:26:49,909 [WARN] PackLoader:240 - Cannot read IP mode file for Infineon.AIROC-Wi-Fi-Bluetooth-STM32.1.5.1
2023-11-23 10:26:49,950 [WARN] PackLoader:240 - Cannot read IP mode file for STMicroelectronics.FP-SNS-MOTENVWB1.1.3.0
2023-11-23 10:26:49,990 [WARN] PackLoader:240 - Cannot read IP mode file for STMicroelectronics.X-CUBE-AZRTOS-L4.1.0.0
2023-11-23 10:26:50,104 [WARN] PackLoader:240 - Cannot read IP mode file for STMicroelectronics.X-CUBE-MEMS1.10.0.0
2023-11-23 10:26:50,311 [WARN] PackLoader:240 - Cannot read IP mode file for STMicroelectronics.X-CUBE-FREERTOS.1.1.0
2023-11-23 10:26:50,349 [WARN] PackLoader:240 - Cannot read IP mode file for STMicroelectronics.X-CUBE-AZRTOS-WL.1.0.0
2023-11-23 10:26:50,365 [WARN] PackLoader:240 - Cannot read IP mode file for portGmbH.I-Cube-SoM-uGOAL.1.1.0
2023-11-23 10:26:50,380 [WARN] PackLoader:240 - Cannot read IP mode file for STMicroelectronics.X-CUBE-ALS.1.0.1
2023-11-23 10:26:50,427 [WARN] PackLoader:240 - Cannot read IP mode file for STMicroelectronics.X-CUBE-AZRTOS-WB.1.1.0
2023-11-23 10:26:50,443 [WARN] PackLoader:240 - Cannot read IP mode file for STMicroelectronics.FP-ATR-ASTRA1.2.0.0
2023-11-23 10:26:50,481 [WARN] PackLoader:240 - Cannot read IP mode file for STMicroelectronics.X-CUBE-TOF1.3.4.0
2023-11-23 10:26:50,512 [INFO] ThirdParty:978 - Integrity check success = true
2023-11-23 10:26:50,512 [INFO] IntegrityCheckThread:100 - exiting critical section [integrity check]
2023-11-23 10:26:50,512 [INFO] IntegrityCheckThread:103 - End integrity checks thread
2023-11-23 10:26:50,512 [INFO] ThirdParty:873 - entering critical section [close project]
2023-11-23 10:26:50,512 [INFO] ThirdParty:883 - exiting critical section [close project]
2023-11-23 10:26:50,512 [INFO] PinOutPanel:1499 - setPackage(No Configuration,No Configuration)
2023-11-23 10:26:50,527 [INFO] UtilMem:75 - Begin LoadConfig() Used Memory: 558683000 Bytes (586153984)
2023-11-23 10:26:50,527 [INFO] MicroXplorer:468 - Change Database Path : 
2023-11-23 10:26:50,527 [INFO] MicroXplorer:498 - Change Database Version : DB.6.0.81
2023-11-23 10:26:50,527 [INFO] OpenFileManager:308 - Change cursor
2023-11-23 10:26:50,628 [INFO] Mcu:1937 - Initializing MCU STM32F446R(C-E)Tx STM32F446RETx STM32F446RET6
2023-11-23 10:26:53,836 [INFO] Context:659 - Trying to add GPIOservice into a context  which must be forbidden
2023-11-23 10:26:55,696 [INFO] RtosManager:555 - Registered RTOS mode: class=CMSIS, group=RTOS, mode=CMSIS_V1, owner=FREERTOS
2023-11-23 10:26:55,696 [INFO] RtosManager:555 - Registered RTOS mode: class=CMSIS, group=RTOS2, mode=CMSIS_V2, owner=FREERTOS
2023-11-23 10:26:55,696 [INFO] RtosManager:555 - Registered RTOS mode: class=RTOS, group=Core, mode=CMSIS_V1, owner=FREERTOS
2023-11-23 10:26:55,696 [INFO] RtosManager:555 - Registered RTOS mode: class=RTOS, group=Core, mode=CMSIS_V2, owner=FREERTOS
2023-11-23 10:26:55,696 [WARN] ModelIntegratedComponent:184 - Missing modes for component STMicroelectronics:FreeRTOS:0.0.1:STMicroelectronics:RTOS:FreeRTOS:Core:::10.2.0:
2023-11-23 10:26:55,734 [WARN] ModelIntegratedComponent:63 - No mode defined for component null
2023-11-23 10:26:55,734 [WARN] ModelIntegratedComponent:63 - No mode defined for component null
2023-11-23 10:26:55,734 [WARN] ModelIntegratedComponent:63 - No mode defined for component null
2023-11-23 10:26:55,734 [WARN] ModelIntegratedComponent:63 - No mode defined for component null
2023-11-23 10:26:55,734 [WARN] ModelIntegratedComponent:63 - No mode defined for component null
2023-11-23 10:26:55,734 [WARN] ModelIntegratedComponent:63 - No mode defined for component null
2023-11-23 10:26:55,734 [WARN] ModelIntegratedComponent:63 - No mode defined for component null
2023-11-23 10:26:55,734 [WARN] ModelIntegratedComponent:63 - No mode defined for component null
2023-11-23 10:26:55,734 [WARN] ModelIntegratedComponent:63 - No mode defined for component null
2023-11-23 10:26:55,734 [WARN] ModelIntegratedComponent:63 - No mode defined for component null
2023-11-23 10:26:55,734 [WARN] ModelIntegratedComponent:63 - No mode defined for component null
2023-11-23 10:26:55,734 [WARN] ModelIntegratedComponent:63 - No mode defined for component null
2023-11-23 10:26:55,734 [WARN] ModelIntegratedComponent:63 - No mode defined for component null
2023-11-23 10:26:55,734 [WARN] ModelIntegratedComponent:63 - No mode defined for component null
2023-11-23 10:26:55,734 [WARN] ModelIntegratedComponent:63 - No mode defined for component null
2023-11-23 10:26:55,734 [WARN] ModelIntegratedComponent:63 - No mode defined for component null
2023-11-23 10:26:55,734 [WARN] ModelIntegratedComponent:63 - No mode defined for component null
2023-11-23 10:26:55,734 [WARN] ModelIntegratedComponent:63 - No mode defined for component null
2023-11-23 10:26:55,734 [WARN] ModelIntegratedComponent:63 - No mode defined for component null
2023-11-23 10:26:55,734 [WARN] ModelIntegratedComponent:63 - No mode defined for component null
2023-11-23 10:26:55,734 [WARN] ModelIntegratedComponent:63 - No mode defined for component null
2023-11-23 10:26:55,734 [WARN] ModelIntegratedComponent:63 - No mode defined for component null
2023-11-23 10:26:55,734 [WARN] ModelIntegratedComponent:63 - No mode defined for component null
2023-11-23 10:26:55,734 [WARN] ModelIntegratedComponent:63 - No mode defined for component null
2023-11-23 10:26:55,734 [WARN] ModelIntegratedComponent:63 - No mode defined for component null
2023-11-23 10:26:55,734 [WARN] ModelIntegratedComponent:63 - No mode defined for component null
2023-11-23 10:26:55,734 [WARN] ModelIntegratedComponent:63 - No mode defined for component null
2023-11-23 10:26:55,734 [WARN] ModelIntegratedComponent:63 - No mode defined for component null
2023-11-23 10:26:55,734 [WARN] ModelIntegratedComponent:63 - No mode defined for component null
2023-11-23 10:26:55,734 [WARN] ModelIntegratedComponent:63 - No mode defined for component null
2023-11-23 10:26:55,734 [WARN] ModelIntegratedComponent:63 - No mode defined for component null
2023-11-23 10:26:55,734 [WARN] ModelIntegratedComponent:63 - No mode defined for component null
2023-11-23 10:26:55,734 [WARN] ModelIntegratedComponent:63 - No mode defined for component null
2023-11-23 10:26:55,866 [INFO] ThirdPartyModel:298 - Start build external matchings
2023-11-23 10:26:56,747 [INFO] ThirdPartyModel:316 - End build external matchings
2023-11-23 10:26:56,801 [INFO] ImportTextPane:194 - (OptionalMessage_ERROR) IP (DMA) : Parameter (Instance) has Id (ADC1) currently not set
2023-11-23 10:26:56,801 [INFO] ImportTextPane:194 - (OptionalMessage_ERROR) IP (DMA) : Parameter (Channel) has Id (ADC1) currently not set
2023-11-23 10:26:56,801 [INFO] ImportTextPane:194 - (OptionalMessage_ERROR) IP (DMA) : Parameter (Direction) has Id (ADC1) currently not set
2023-11-23 10:26:56,801 [INFO] ImportTextPane:194 - (OptionalMessage_ERROR) IP (DMA) : Parameter (PeriphInc) has Id (ADC1) currently not set
2023-11-23 10:26:56,801 [INFO] ImportTextPane:194 - (OptionalMessage_ERROR) IP (DMA) : Parameter (MemInc) has Id (ADC1) currently not set
2023-11-23 10:26:56,801 [INFO] ImportTextPane:194 - (OptionalMessage_ERROR) IP (DMA) : Parameter (PeriphDataAlignment) has Id (ADC1) currently not set
2023-11-23 10:26:56,801 [INFO] ImportTextPane:194 - (OptionalMessage_ERROR) IP (DMA) : Parameter (MemDataAlignment) has Id (ADC1) currently not set
2023-11-23 10:26:56,801 [INFO] ImportTextPane:194 - (OptionalMessage_ERROR) IP (DMA) : Parameter (Mode) has Id (ADC1) currently not set
2023-11-23 10:26:56,801 [INFO] ImportTextPane:194 - (OptionalMessage_ERROR) IP (DMA) : Parameter (Priority) has Id (ADC1) currently not set
2023-11-23 10:26:56,801 [INFO] ImportTextPane:194 - (OptionalMessage_ERROR) IP (DMA) : Parameter (FIFOMode) has Id (ADC1) currently not set
2023-11-23 10:26:56,801 [INFO] ImportTextPane:194 - (OptionalMessage_ERROR) IP (RCC) : Invalid parameter (FamilyName)
2023-11-23 10:26:56,801 [INFO] ImportTextPane:194 - (OptionalMessage_ERROR) IP (RCC) : Parameter (MCO2PinFreq_Value) has invalid value (180000000)
2023-11-23 10:26:56,816 [INFO] ImportTextPane:194 - (OptionalMessage_ERROR) IP (RCC) : Parameter (SDIOFreq_Value) has invalid value (180000000)
2023-11-23 10:26:56,816 [INFO] ImportTextPane:194 - (OptionalMessage_ERROR) IP (RCC) : Parameter (USBFreq_Value) has invalid value (180000000)
2023-11-23 10:26:57,359 [INFO] UtilMem:75 - End LoadConfig() Used Memory: 566362944 Bytes (652214272)
2023-11-23 10:26:57,601 [INFO] ApiDb:581 - Connected to CubeFinder SQLite database (C:\Users\m-ali.khlifi-ext\.stmcufinder\plugins\mcufinder\mcu\cube-finder-db.db)
2023-11-23 10:26:57,803 [INFO] ApiDb:668 - CubeFinder database Data Model version=2.1
2023-11-23 10:26:57,803 [INFO] ApiDb:669 - CubeFinder database Configuration version=3.0.37
2023-11-23 10:26:57,803 [INFO] ApiDb:670 - CubeFinder database generation date=2023-10-13 (1697197505)
2023-11-23 10:26:57,803 [INFO] ApiDb:671 - CubeFinder database FW Pack versions=[FP-ATR-ASTRA1_V2.0.0, FP-SNS-FLIGHT1_V5.0.1, FP-SNS-FLIGHT1_V5.0.2, FP-SNS-MOTENV1_V4.3.1, FP-SNS-MOTENV1_V4.3.2, FP-SNS-SMARTAG2_V1.2.0, I-CUBE-ITTIADB_V8.6.3-1, STM32Cube_FW_C0_V1.1.0, STM32Cube_FW_F4_V1.27.1, STM32Cube_FW_F7_V1.17.0, STM32Cube_FW_G0_V1.6.1, STM32Cube_FW_G4_V1.5.1, STM32Cube_FW_H5_V0.5.1, STM32Cube_FW_H5_V1.1.1, STM32Cube_FW_H7_V1.11.0, STM32Cube_FW_L0_V1.12.2, STM32Cube_FW_L5_V1.5.0, STM32Cube_FW_U5_V1.3.0, STM32Cube_FW_U5_V1.3.0RC4, STM32Cube_FW_WBA_V1.0.0RC1, STM32Cube_FW_WBA_V1.1.0RC1, STM32Cube_FW_WBA_V1.1.1, STM32Cube_FW_WB_V1.15.0RC1, STM32Cube_FW_WB_V1.16.0, STM32Cube_FW_WB_V1.16.0RC2, STM32Cube_FW_WB_V1.17.3, STM32Cube_FW_WL_V1.3.0, X-CUBE-ALGOBUILD_V1.3.0, X-CUBE-ALS_V1.0.1, X-CUBE-AZRTOS-F4_V1.1.0, X-CUBE-AZRTOS-F7_V1.1.0, X-CUBE-AZRTOS-G0_V1.1.0, X-CUBE-AZRTOS-G4_V2.0.0, X-CUBE-AZRTOS-H7_V3.1.0, X-CUBE-AZRTOS-L4_V1.0.0, X-CUBE-AZRTOS-L4_V2.0.0, X-CUBE-AZRTOS-L5_V1.1.0, X-CUBE-AZRTOS-WB_V2.0.0, X-CUBE-AZRTOS-WL_V2.0.0, X-CUBE-BLE1_V7.0.0, X-CUBE-BLE2_V3.3.0, X-CUBE-BLEMGR_V2.0.0, X-CUBE-EEPRMA1_V4.1.0, X-CUBE-FREERTOS_V1.1.0, X-CUBE-GNSS1_V6.0.0, X-CUBE-MEMS1_V10.0.0, X-CUBE-MEMS1_V9.1.0, X-CUBE-MEMS1_V9.4.0, X-CUBE-MEMS1_V9.6.0, X-CUBE-NFC4_V3.0.0, X-CUBE-NFC7_V1.0.1, X-CUBE-SFXS2LP1_V4.0.0, X-CUBE-SUBG2_V5.0.0, X-CUBE-TOF1_V3.3.1]
2023-11-23 10:27:00,827 [INFO] ApiDb:240 - Found 297 in-development CPN: [B-G473E-ZEST1S, B-WB1M-WPAN1, B-WL5M-SUBG1, NUCLEO-C031C6, NUCLEO-H503RB, NUCLEO-H563ZI, NUCLEO-U545RE-Q, NUCLEO-U5A5ZJ-Q, NUCLEO-WBA52CG, STEVAL-PROTEUS1, STEVAL-STWINBX1, STM320518-EVAL, STM32C0116-DK, STM32C011D6Y3TR, STM32C011D6Y6TR, STM32C011F4P3, STM32C011F4P6, STM32C011F4U3, STM32C011F4U6TR, STM32C011F6P3, STM32C011F6P6, STM32C011F6U3, STM32C011F6U6TR, STM32C011J4M3, STM32C011J4M6, STM32C011J6M3, STM32C011J6M6, STM32C0316-DK, STM32C031C4T3, STM32C031C4T6, STM32C031C4U3, STM32C031C4U6, STM32C031C6T3, STM32C031C6T6, STM32C031C6U3, STM32C031C6U6, STM32C031F4P3, STM32C031F4P6, STM32C031F6P3, STM32C031F6P6, STM32C031G4U3, STM32C031G4U6, STM32C031G6U3, STM32C031G6U6, STM32C031K4T3, STM32C031K4T6, STM32C031K4U3, STM32C031K4U6, STM32C031K6T3, STM32C031K6T6, STM32C031K6U3, STM32C031K6U6, STM32G071K8TXN, STM32G071K8UXN, STM32G081GBU6N, STM32G081KBT6N, STM32G081KBUXN, STM32G0B1CCT6N, STM32G0B1KCT6, STM32G0B1NEY6TR, STM32G0B1RCT6N, STM32G0C1CCT6, STM32G0C1CCT6N, STM32G0C1CCU6N, STM32G0C1CET6N, STM32G0C1CEU6N, STM32G0C1KCT6, STM32G0C1NEY6TR, STM32G0C1RCI6N, STM32G0C1RCT6N, STM32G0C1REI6N, STM32G0C1RET6N, STM32G0C1VCI6, STM32G0C1VEI6, STM32G471CCT6, STM32G471CCU6, STM32G471CET3, STM32G471CET6, STM32G471CEU3, STM32G471CEU6, STM32G471MCT6, STM32G471MET3, STM32G471MET6, STM32G471MEY6TR, STM32G471QCT6, STM32G471QET3, STM32G471RCT6, STM32G471RET3, STM32G471RET6, STM32G471VCH6, STM32G471VCI6, STM32G471VCT6, STM32G471VEH3, STM32G471VEH6, STM32G471VEI3, STM32G471VEI6, STM32G471VET3, STM32G471VET6, STM32G474CCT6, STM32H503CBT6, STM32H503CBU6, STM32H503EBY6TR, STM32H503KBU6, STM32H503RBT6, STM32H562AGI6, STM32H562AII6, STM32H562IGK6, STM32H562IGT6, STM32H562IIK6, STM32H562IIT6, STM32H562RGT6, STM32H562RGV6, STM32H562RIT6, STM32H562RIV6, STM32H562VGT6, STM32H562VIT6, STM32H562ZGT6, STM32H562ZIT6, STM32H563AGI6, STM32H563AII3Q, STM32H563AII6, STM32H563IGK6, STM32H563IGT6, STM32H563IIK3Q, STM32H563IIK6, STM32H563IIT3Q, STM32H563IIT6, STM32H563MIY3QTR, STM32H563RGT6, STM32H563RGV6, STM32H563RIT6, STM32H563RIV6, STM32H563VGT6, STM32H563VIT3Q, STM32H563VIT6, STM32H563ZGT6, STM32H563ZIT3Q, STM32H563ZIT6, STM32H573AII3Q, STM32H573AII6, STM32H573I-DK, STM32H573IIK3Q, STM32H573IIK6, STM32H573IIT3Q, STM32H573IIT6, STM32H573MIY3QTR, STM32H573RIT6, STM32H573RIV6, STM32H573VIT3Q, STM32H573VIT6, STM32H573ZIT3Q, STM32H573ZIT6, STM32L4R5QGI6STR, STM32MP131AAE3, STM32MP131AAF3, STM32MP131AAG3, STM32MP131CAE3, STM32MP131CAF3, STM32MP131CAG3, STM32MP131DAE7, STM32MP131DAF7, STM32MP131DAG7, STM32MP131FAE7, STM32MP131FAF7, STM32MP131FAG7, STM32MP133AAE3, STM32MP133AAF3, STM32MP133AAG3, STM32MP133CAE3, STM32MP133CAF3, STM32MP133CAG3, STM32MP133DAE7, STM32MP133DAF7, STM32MP133DAG7, STM32MP133FAE7, STM32MP133FAF7, STM32MP133FAG7, STM32MP135AAE3, STM32MP135AAF3, STM32MP135AAG3, STM32MP135CAE3, STM32MP135CAF3, STM32MP135CAG3, STM32MP135DAE7, STM32MP135DAF7, STM32MP135DAG7, STM32MP135F-DK, STM32MP135FAE7, STM32MP135FAF7, STM32MP135FAF7T, STM32MP135FAF7U, STM32MP135FAG7, STM32U535CBT6, STM32U535CBT6Q, STM32U535CBU6, STM32U535CBU6Q, STM32U535CCT6, STM32U535CCT6Q, STM32U535CCU6, STM32U535CCU6Q, STM32U535CET6, STM32U535CET6Q, STM32U535CEU6, STM32U535CEU6Q, STM32U535JEY6QTR, STM32U535NCY6QTR, STM32U535NEY6QTR, STM32U535RBI6, STM32U535RBI6Q, STM32U535RBT6, STM32U535RBT6Q, STM32U535RCI6, STM32U535RCI6Q, STM32U535RCT6, STM32U535RCT6Q, STM32U535REI6, STM32U535REI6Q, STM32U535RET6, STM32U535RET6Q, STM32U535VCI6, STM32U535VCI6Q, STM32U535VCT6, STM32U535VCT6Q, STM32U535VEI6, STM32U535VEI6Q, STM32U535VET6, STM32U535VET6Q, STM32U545CET6, STM32U545CET6Q, STM32U545CEU6, STM32U545CEU6Q, STM32U545JEY6QTR, STM32U545NEY6QTR, STM32U545REI6, STM32U545REI6Q, STM32U545RET6, STM32U545RET6Q, STM32U545VEI6, STM32U545VEI6Q, STM32U545VET6, STM32U545VET6Q, STM32U595AIH6, STM32U595AIH6Q, STM32U595AJH6, STM32U595AJH6Q, STM32U595QII6, STM32U595QII6Q, STM32U595QJI6, STM32U595QJI6Q, STM32U595RIT6, STM32U595RIT6Q, STM32U595RJT6, STM32U595RJT6Q, STM32U595VIT6, STM32U595VIT6Q, STM32U595VJT6, STM32U595VJT6Q, STM32U595ZIT6, STM32U595ZIT6Q, STM32U595ZIY6QTR, STM32U595ZJT6, STM32U595ZJT6Q, STM32U595ZJY6QTR, STM32U599BJY6QTR, STM32U599NIH6Q, STM32U599NJH6Q, STM32U599VIT6Q, STM32U599VJT6, STM32U599VJT6Q, STM32U599ZIT6Q, STM32U599ZIY6QTR, STM32U599ZJT6Q, STM32U599ZJY6QTR, STM32U5A5AJH6, STM32U5A5AJH6Q, STM32U5A5QJI6, STM32U5A5QJI6Q, STM32U5A5RJT6, STM32U5A5RJT6Q, STM32U5A5VJT6, STM32U5A5VJT6Q, STM32U5A5ZJT6, STM32U5A5ZJT6Q, STM32U5A5ZJY6QTR, STM32U5A9BJY6QTR, STM32U5A9J-DK, STM32U5A9NJH6Q, STM32U5A9VJT6Q, STM32U5A9ZJT6Q, STM32U5A9ZJY6QTR, STM32WB1MMCH6, STM32WBA52CEU6, STM32WBA52CEU6T, STM32WBA52CGU6, STM32WBA52CGU6T, STM32WL5MOCH6, STM32WL5MOCH6TR]
2023-11-23 10:27:00,827 [INFO] DbMcus:216 - Found 3825 MCUs, 3825 are supported
2023-11-23 10:27:00,827 [INFO] ApiDb:423 - Load user favorites file C:\Users\m-ali.khlifi-ext/.stm32cubeide/favorites.mcus.txt: 0 item(s)
2023-11-23 10:27:00,827 [INFO] ApiDb:427 - User favorites MCUs=[]
2023-11-23 10:27:00,827 [INFO] DbMcus:222 - Set 0 / 0 favorites MCUs
2023-11-23 10:27:01,357 [WARN] ThirdParty:833 - waiting for thirdparty lock release [change project]
2023-11-23 10:27:01,357 [INFO] ThirdParty:835 - entering critical section [change project]
2023-11-23 10:27:01,357 [INFO] ThirdParty:1030 - CMSIS Pack Vendor :STMicroelectronics X-CUBE-ISPU 1.1.0
2023-11-23 10:27:01,357 [INFO] ThirdParty:1030 - CMSIS Pack Vendor :STMicroelectronics X-CUBE-GNSS1 6.0.0
2023-11-23 10:27:01,357 [INFO] ThirdParty:1030 - CMSIS Pack Vendor :STMicroelectronics USB_HOST 2.0.0
2023-11-23 10:27:01,357 [INFO] ThirdParty:1030 - CMSIS Pack Vendor :STMicroelectronics X-CUBE-AZRTOS-F4 1.1.0
2023-11-23 10:27:01,357 [INFO] ThirdParty:1030 - CMSIS Pack Vendor :STMicroelectronics LIBJPEG 8.0.0
2023-11-23 10:27:01,357 [INFO] ThirdParty:1030 - CMSIS Pack Vendor :STMicroelectronics X-CUBE-SMBUS 2.1.0
2023-11-23 10:27:01,357 [INFO] ThirdParty:1030 - CMSIS Pack Vendor :wolfSSL I-CUBE-wolfSSL 5.6.0
2023-11-23 10:27:01,357 [INFO] ThirdParty:1030 - CMSIS Pack Vendor :STMicroelectronics USB_DEVICE 3.0.0
2023-11-23 10:27:01,357 [INFO] ThirdParty:1030 - CMSIS Pack Vendor :STMicroelectronics X-CUBE-AI 8.0.0
2023-11-23 10:27:01,357 [INFO] ThirdParty:1030 - CMSIS Pack Vendor :STMicroelectronics X-CUBE-AZRTOS-WB 2.0.0
2023-11-23 10:27:01,357 [INFO] ThirdParty:1030 - CMSIS Pack Vendor :STMicroelectronics X-CUBE-FREERTOS 1.0.1
2023-11-23 10:27:01,357 [INFO] ThirdParty:1030 - CMSIS Pack Vendor :STMicroelectronics X-CUBE-TOUCHGFX 4.21.3
2023-11-23 10:27:01,357 [INFO] ThirdParty:1030 - CMSIS Pack Vendor :STMicroelectronics X-CUBE-AZRTOS-F7 1.1.0
2023-11-23 10:27:01,357 [INFO] ThirdParty:1030 - CMSIS Pack Vendor :STMicroelectronics X-CUBE-TOUCHGFX 4.21.4
2023-11-23 10:27:01,357 [INFO] ThirdParty:1030 - CMSIS Pack Vendor :STMicroelectronics X-CUBE-AZRTOS-L5 2.0.0
2023-11-23 10:27:01,357 [INFO] ThirdParty:1030 - CMSIS Pack Vendor :STMicroelectronics USB_DEVICE 2.0.0
2023-11-23 10:27:01,357 [INFO] ThirdParty:1030 - CMSIS Pack Vendor :STMicroelectronics X-CUBE-MEMS1 9.6.0
2023-11-23 10:27:01,357 [INFO] ThirdParty:1030 - CMSIS Pack Vendor :STMicroelectronics X-CUBE-EEPRMA1 4.2.0
2023-11-23 10:27:01,357 [INFO] ThirdParty:1030 - CMSIS Pack Vendor :ITTIA_DB I-CUBE-ITTIADB 8.8.0
2023-11-23 10:27:01,357 [INFO] ThirdParty:1030 - CMSIS Pack Vendor :STMicroelectronics FP-SNS-MOTENV1 4.3.0
2023-11-23 10:27:01,357 [INFO] ThirdParty:1030 - CMSIS Pack Vendor :STMicroelectronics FP-SNS-MOTENV1 4.3.2
2023-11-23 10:27:01,357 [INFO] ThirdParty:1030 - CMSIS Pack Vendor :STMicroelectronics FP-SNS-FLIGHT1 5.0.0
2023-11-23 10:27:01,357 [INFO] ThirdParty:1030 - CMSIS Pack Vendor :STMicroelectronics FP-SNS-MOTENV1 4.3.1
2023-11-23 10:27:01,357 [INFO] ThirdParty:1030 - CMSIS Pack Vendor :STMicroelectronics FP-SNS-FLIGHT1 5.0.1
2023-11-23 10:27:01,357 [INFO] ThirdParty:1030 - CMSIS Pack Vendor :STMicroelectronics X-CUBE-ALGOBUILD 1.3.0
2023-11-23 10:27:01,357 [INFO] ThirdParty:1030 - CMSIS Pack Vendor :STMicroelectronics X-CUBE-BLE1 6.2.4
2023-11-23 10:27:01,357 [INFO] ThirdParty:1030 - CMSIS Pack Vendor :STMicroelectronics X-CUBE-AZRTOS-L5 1.1.0
2023-11-23 10:27:01,357 [INFO] ThirdParty:1030 - CMSIS Pack Vendor :STMicroelectronics FreeRTOS 0.0.1
2023-11-23 10:27:01,365 [INFO] ThirdParty:1030 - CMSIS Pack Vendor :STMicroelectronics X-CUBE-AZRTOS-G0 1.1.0
2023-11-23 10:27:01,365 [INFO] ThirdParty:1030 - CMSIS Pack Vendor :emotas I-CUBE-CANOPEN 1.1.3
2023-11-23 10:27:01,365 [INFO] ThirdParty:1030 - CMSIS Pack Vendor :STMicroelectronics X-CUBE-BLEMGR 2.0.0
2023-11-23 10:27:01,365 [INFO] ThirdParty:1030 - CMSIS Pack Vendor :STMicroelectronics X-CUBE-AI 8.0.1
2023-11-23 10:27:01,365 [INFO] ThirdParty:1030 - CMSIS Pack Vendor :STMicroelectronics X-CUBE-NFC4 3.0.0
2023-11-23 10:27:01,365 [INFO] ThirdParty:1030 - CMSIS Pack Vendor :STMicroelectronics X-CUBE-SUBG2 5.0.0
2023-11-23 10:27:01,365 [INFO] ThirdParty:1030 - CMSIS Pack Vendor :STMicroelectronics STM32_WPAN 1.0.0
2023-11-23 10:27:01,365 [INFO] ThirdParty:1030 - CMSIS Pack Vendor :STMicroelectronics lwIP 2.0.3
2023-11-23 10:27:01,365 [INFO] ThirdParty:1030 - CMSIS Pack Vendor :STMicroelectronics FP-SNS-FLIGHT1 5.0.2
2023-11-23 10:27:01,365 [INFO] ThirdParty:1030 - CMSIS Pack Vendor :STMicroelectronics USB_HOST 1.0.0
2023-11-23 10:27:01,365 [INFO] ThirdParty:1030 - CMSIS Pack Vendor :STMicroelectronics X-CUBE-TOF1 3.3.1
2023-11-23 10:27:01,365 [INFO] ThirdParty:1030 - CMSIS Pack Vendor :STMicroelectronics X-CUBE-AZRTOS-G4 2.0.0
2023-11-23 10:27:01,365 [INFO] ThirdParty:1030 - CMSIS Pack Vendor :STMicroelectronics PDM2PCM 3.1.0
2023-11-23 10:27:01,365 [INFO] ThirdParty:1030 - CMSIS Pack Vendor :STMicroelectronics X-CUBE-AZRTOS-H7 3.1.0
2023-11-23 10:27:01,365 [INFO] ThirdParty:1030 - CMSIS Pack Vendor :STMicroelectronics X-CUBE-TOF1 3.3.0
2023-11-23 10:27:01,365 [INFO] ThirdParty:1030 - CMSIS Pack Vendor :Infineon AIROC-Wi-Fi-Bluetooth-STM32 1.5.1
2023-11-23 10:27:01,365 [INFO] ThirdParty:1030 - CMSIS Pack Vendor :STMicroelectronics X-CUBE-BLEMGR 3.0.0
2023-11-23 10:27:01,365 [INFO] ThirdParty:1030 - CMSIS Pack Vendor :STMicroelectronics PDM2PCM 3.3.0
2023-11-23 10:27:01,365 [INFO] ThirdParty:1030 - CMSIS Pack Vendor :STMicroelectronics X-CUBE-DISPLAY 3.0.0
2023-11-23 10:27:01,367 [INFO] ThirdParty:1030 - CMSIS Pack Vendor :STMicroelectronics FP-SNS-MOTENVWB1 1.3.0
2023-11-23 10:27:01,367 [INFO] ThirdParty:1030 - CMSIS Pack Vendor :STMicroelectronics X-CUBE-BLE1 7.0.0
2023-11-23 10:27:01,367 [INFO] ThirdParty:1030 - CMSIS Pack Vendor :STMicroelectronics FP-ATR-SIGFOX1 3.2.0
2023-11-23 10:27:01,367 [INFO] ThirdParty:1030 - CMSIS Pack Vendor :STMicroelectronics X-CUBE-AZRTOS-L4 1.0.0
2023-11-23 10:27:01,367 [INFO] ThirdParty:1030 - CMSIS Pack Vendor :STMicroelectronics HAL Drivers 0.0.0
2023-11-23 10:27:01,367 [INFO] ThirdParty:1030 - CMSIS Pack Vendor :STMicroelectronics MBEDTLS 2.16.2
2023-11-23 10:27:01,367 [INFO] ThirdParty:1030 - CMSIS Pack Vendor :STMicroelectronics X-CUBE-MEMS1 10.0.0
2023-11-23 10:27:01,367 [INFO] ThirdParty:1030 - CMSIS Pack Vendor :STMicroelectronics X-CUBE-FREERTOS 1.1.0
2023-11-23 10:27:01,367 [INFO] ThirdParty:1030 - CMSIS Pack Vendor :STMicroelectronics X-CUBE-TOUCHGFX 4.22.0
2023-11-23 10:27:01,367 [INFO] ThirdParty:1030 - CMSIS Pack Vendor :STMicroelectronics X-CUBE-NFC7 1.0.1
2023-11-23 10:27:01,367 [INFO] ThirdParty:1030 - CMSIS Pack Vendor :STMicroelectronics MBEDTLS 2.14.1
2023-11-23 10:27:01,367 [INFO] ThirdParty:1030 - CMSIS Pack Vendor :STMicroelectronics X-CUBE-NFC7 1.0.0
2023-11-23 10:27:01,367 [INFO] ThirdParty:1030 - CMSIS Pack Vendor :STMicroelectronics X-CUBE-TOUCHGFX 4.22.1
2023-11-23 10:27:01,367 [INFO] ThirdParty:1030 - CMSIS Pack Vendor :STMicroelectronics X-CUBE-AZRTOS-WL 1.0.0
2023-11-23 10:27:01,367 [INFO] ThirdParty:1030 - CMSIS Pack Vendor :STMicroelectronics X-CUBE-NFC6 3.0.0
2023-11-23 10:27:01,367 [INFO] ThirdParty:1030 - CMSIS Pack Vendor :STMicroelectronics X-CUBE-EEPRMA1 4.1.0
2023-11-23 10:27:01,367 [INFO] ThirdParty:1030 - CMSIS Pack Vendor :portGmbH I-Cube-SoM-uGOAL 1.1.0
2023-11-23 10:27:01,367 [INFO] ThirdParty:1030 - CMSIS Pack Vendor :STMicroelectronics X-CUBE-ALS 1.0.1
2023-11-23 10:27:01,367 [INFO] ThirdParty:1030 - CMSIS Pack Vendor :STMicroelectronics ThreadX 1.0.0
2023-11-23 10:27:01,367 [INFO] ThirdParty:1030 - CMSIS Pack Vendor :STMicroelectronics FP-SNS-SMARTAG2 1.2.0
2023-11-23 10:27:01,367 [INFO] ThirdParty:1030 - CMSIS Pack Vendor :STMicroelectronics X-CUBE-AZRTOS-WB 1.1.0
2023-11-23 10:27:01,367 [INFO] ThirdParty:1030 - CMSIS Pack Vendor :STMicroelectronics X-CUBE-AZRTOS-WL 2.0.0
2023-11-23 10:27:01,367 [INFO] ThirdParty:1030 - CMSIS Pack Vendor :SEGGER I-CUBE-embOS 1.3.1
2023-11-23 10:27:01,367 [INFO] ThirdParty:1030 - CMSIS Pack Vendor :STMicroelectronics USB_DEVICE 1.0.0
2023-11-23 10:27:01,367 [INFO] ThirdParty:1030 - CMSIS Pack Vendor :STMicroelectronics X-CUBE-AI 8.1.0
2023-11-23 10:27:01,367 [INFO] ThirdParty:1030 - CMSIS Pack Vendor :STMicroelectronics X-CUBE-AZRTOS-L4 2.0.0
2023-11-23 10:27:01,367 [INFO] ThirdParty:1030 - CMSIS Pack Vendor :STMicroelectronics ThreadX 0.0.2
2023-11-23 10:27:01,367 [INFO] ThirdParty:1030 - CMSIS Pack Vendor :WES I-CUBE-Cesium 1.3.0
2023-11-23 10:27:01,367 [INFO] ThirdParty:1030 - CMSIS Pack Vendor :STMicroelectronics FP-ATR-ASTRA1 2.0.0
2023-11-23 10:27:01,367 [INFO] ThirdParty:1030 - CMSIS Pack Vendor :STMicroelectronics lwIP 2.1.2
2023-11-23 10:27:01,367 [INFO] ThirdParty:1030 - CMSIS Pack Vendor :STMicroelectronics X-CUBE-SFXS2LP1 4.0.0
2023-11-23 10:27:01,367 [INFO] ThirdParty:1030 - CMSIS Pack Vendor :STMicroelectronics X-CUBE-BLE2 3.3.0
2023-11-23 10:27:01,367 [INFO] ThirdParty:1030 - CMSIS Pack Vendor :STMicroelectronics X-CUBE-TOF1 3.4.0
2023-11-23 10:27:01,367 [INFO] ThirdParty:1030 - CMSIS Pack Vendor :STMicroelectronics PDM2PCM 3.2.0
2023-11-23 10:27:01,367 [INFO] ThirdParty:841 - exiting critical section [change project]
2023-11-23 10:27:02,360 [INFO] PinOutPanel:1499 - setPackage(No Configuration,No Configuration)
2023-11-23 10:27:02,360 [INFO] PinOutPanel:1499 - setPackage(STM32F446RETx,LQFP64)
2023-11-23 10:27:04,322 [INFO] UtilMem:75 - Before build in PCC Used Memory: 590853704 Bytes (652214272)
2023-11-23 10:27:06,300 [INFO] UtilMem:75 - After build in PCC Used Memory: 594144072 Bytes (652214272)
2023-11-23 10:27:06,391 [INFO] IPUIPlugin:80 - create IPUIPlugin
2023-11-23 10:27:06,391 [INFO] IPUIPlugin:80 - create IPUIPlugin
2023-11-23 10:27:06,391 [INFO] IPUIPlugin:80 - create IPUIPlugin
2023-11-23 10:27:06,391 [INFO] IPUIPlugin:80 - create IPUIPlugin
2023-11-23 10:27:06,391 [INFO] IPUIPlugin:80 - create IPUIPlugin
2023-11-23 10:27:06,391 [INFO] IPUIPlugin:80 - create IPUIPlugin
2023-11-23 10:27:06,391 [INFO] IPUIPlugin:80 - create IPUIPlugin
2023-11-23 10:27:06,391 [INFO] IPUIPlugin:80 - create IPUIPlugin
2023-11-23 10:27:06,391 [INFO] IPUIPlugin:80 - create IPUIPlugin
2023-11-23 10:27:06,391 [INFO] IPUIPlugin:80 - create IPUIPlugin
2023-11-23 10:27:06,399 [INFO] IPUIPlugin:80 - create IPUIPlugin
2023-11-23 10:27:06,399 [INFO] IPUIPlugin:80 - create IPUIPlugin
2023-11-23 10:27:06,399 [INFO] IPUIPlugin:80 - create IPUIPlugin
2023-11-23 10:27:06,399 [INFO] IPUIPlugin:80 - create IPUIPlugin
2023-11-23 10:27:06,411 [INFO] IPUIPlugin:80 - create IPUIPlugin
2023-11-23 10:27:06,411 [INFO] IPUIPlugin:80 - create IPUIPlugin
2023-11-23 10:27:06,411 [INFO] IPUIPlugin:80 - create IPUIPlugin
2023-11-23 10:27:06,411 [INFO] IPUIPlugin:80 - create IPUIPlugin
2023-11-23 10:27:06,411 [INFO] IPUIPlugin:80 - create IPUIPlugin
2023-11-23 10:27:06,411 [INFO] IPUIPlugin:80 - create IPUIPlugin
2023-11-23 10:27:06,411 [INFO] IPUIPlugin:80 - create IPUIPlugin
2023-11-23 10:27:06,411 [INFO] IPUIPlugin:80 - create IPUIPlugin
2023-11-23 10:27:06,411 [INFO] IPUIPlugin:80 - create IPUIPlugin
2023-11-23 10:27:06,411 [INFO] IPUIPlugin:80 - create IPUIPlugin
2023-11-23 10:27:06,411 [INFO] IPUIPlugin:80 - create IPUIPlugin
2023-11-23 10:27:06,411 [INFO] IPUIPlugin:80 - create IPUIPlugin
2023-11-23 10:27:06,411 [INFO] IPUIPlugin:80 - create IPUIPlugin
2023-11-23 10:27:06,419 [INFO] IPUIPlugin:80 - create IPUIPlugin
2023-11-23 10:27:06,419 [INFO] IPUIPlugin:80 - create IPUIPlugin
2023-11-23 10:27:06,421 [INFO] IPUIPlugin:80 - create IPUIPlugin
2023-11-23 10:27:06,421 [INFO] IPUIPlugin:80 - create IPUIPlugin
2023-11-23 10:27:06,421 [INFO] IPUIPlugin:80 - create IPUIPlugin
2023-11-23 10:27:06,421 [INFO] IPUIPlugin:80 - create IPUIPlugin
2023-11-23 10:27:06,421 [INFO] IPUIPlugin:80 - create IPUIPlugin
2023-11-23 10:27:06,421 [INFO] IPUIPlugin:80 - create IPUIPlugin
2023-11-23 10:27:06,421 [INFO] IPUIPlugin:80 - create IPUIPlugin
2023-11-23 10:27:06,421 [INFO] IPUIPlugin:80 - create IPUIPlugin
2023-11-23 10:27:06,421 [INFO] IPUIPlugin:80 - create IPUIPlugin
2023-11-23 10:27:06,421 [INFO] IPUIPlugin:80 - create IPUIPlugin
2023-11-23 10:27:06,421 [INFO] IPUIPlugin:80 - create IPUIPlugin
2023-11-23 10:27:06,421 [INFO] IPUIPlugin:80 - create IPUIPlugin
2023-11-23 10:27:06,421 [INFO] IPUIPlugin:80 - create IPUIPlugin
2023-11-23 10:27:06,429 [INFO] IPUIPlugin:80 - create IPUIPlugin
2023-11-23 10:27:06,429 [INFO] IPUIPlugin:80 - create IPUIPlugin
2023-11-23 10:27:06,429 [INFO] IPUIPlugin:80 - create IPUIPlugin
2023-11-23 10:27:06,431 [INFO] IPUIPlugin:80 - create IPUIPlugin
2023-11-23 10:27:06,431 [INFO] IPUIPlugin:80 - create IPUIPlugin
2023-11-23 10:27:06,431 [INFO] IPUIPlugin:80 - create IPUIPlugin
2023-11-23 10:27:06,431 [INFO] IPUIPlugin:80 - create IPUIPlugin
2023-11-23 10:27:06,431 [INFO] IPUIPlugin:80 - create IPUIPlugin
2023-11-23 10:27:06,431 [INFO] IPUIPlugin:80 - create IPUIPlugin
2023-11-23 10:27:06,431 [INFO] IPUIPlugin:80 - create IPUIPlugin
2023-11-23 10:27:06,431 [INFO] IPUIPlugin:80 - create IPUIPlugin
2023-11-23 10:27:06,431 [INFO] IPUIPlugin:80 - create IPUIPlugin
2023-11-23 10:27:06,431 [INFO] IPUIPlugin:80 - create IPUIPlugin
2023-11-23 10:27:06,439 [INFO] IPUIPlugin:80 - create IPUIPlugin
2023-11-23 10:27:06,439 [INFO] IPUIPlugin:80 - create IPUIPlugin
2023-11-23 10:27:06,441 [INFO] IPUIPlugin:80 - create IPUIPlugin
2023-11-23 10:27:06,441 [INFO] IPUIPlugin:80 - create IPUIPlugin
2023-11-23 10:27:06,441 [INFO] IPUIPlugin:80 - create IPUIPlugin
2023-11-23 10:27:06,562 [INFO] ApiDbMcu:507 - Load IP Config File for PDM2PCM
2023-11-23 10:27:07,065 [INFO] CADModel:165 - CPN selected for project levelSTM32F446RET6
2023-11-23 10:27:07,065 [INFO] CADModel:114 - Register for checkConnection events
2023-11-23 10:27:07,118 [INFO] OpenFileManager:328 - Restore cursor
2023-11-23 16:25:47,946 [INFO] Activator:176 - 


2023-11-23 16:25:47,946 [INFO] Activator:177 - !SESSION log4j initialized
2023-11-23 16:25:54,779 [INFO] LogOutputStream:77 - [STDOUT_REDIRECT] 
2023-11-23 16:26:18,846 [ERROR] LogOutputStream:75 - [STDERR_REDIRECT] SLF4J: Failed to load class "org.slf4j.impl.StaticLoggerBinder".
2023-11-23 16:26:18,846 [ERROR] LogOutputStream:75 - [STDERR_REDIRECT] SLF4J: Defaulting to no-operation (NOP) logger implementation
2023-11-23 16:26:18,852 [ERROR] LogOutputStream:75 - [STDERR_REDIRECT] SLF4J: See http://www.slf4j.org/codes.html#StaticLoggerBinder for further details.
