2023-05-16 09:12:58,108 [INFO] Activator:176 - 


2023-05-16 09:12:58,120 [INFO] Activator:177 - !SESSION log4j initialized
2023-05-16 09:13:06,276 [INFO] LogOutputStream:77 - [STDOUT_REDIRECT] 
2023-05-16 09:13:29,310 [ERROR] LogOutputStream:75 - [STDERR_REDIRECT] SLF4J: Failed to load class "org.slf4j.impl.StaticLoggerBinder".
2023-05-16 09:13:29,310 [ERROR] LogOutputStream:75 - [STDERR_REDIRECT] SLF4J: Defaulting to no-operation (NOP) logger implementation
2023-05-16 09:13:29,310 [ERROR] LogOutputStream:75 - [STDERR_REDIRECT] SLF4J: See http://www.slf4j.org/codes.html#StaticLoggerBinder for further details.
2023-05-16 16:47:57,661 [INFO] ApplicationProperties:184 - Using Application install path: C:\ST\STM32CubeIDE_1.12.0\STM32CubeIDE\plugins\com.st.stm32cube.common.mx_6.8.1.202304191431
2023-05-16 16:47:57,698 [INFO] DbMcusXml:78 - Set database path to: C:\ST\STM32CubeIDE_1.12.0\STM32CubeIDE\plugins\com.st.stm32cube.common.mx_6.8.1.202304191431\\db\/mcu/
2023-05-16 16:47:57,698 [INFO] ApiDb:274 - Set plugin database path to: C:\ST\STM32CubeIDE_1.12.0\STM32CubeIDE\plugins\com.st.stm32cube.common.mx_6.8.1.202304191431\\db\/plugins/boardmanager/
2023-05-16 16:47:57,698 [WARN] ApiDb:259 - Overriding images path with different value:  => C:\ST\STM32CubeIDE_1.12.0\STM32CubeIDE\plugins\com.st.stm32cube.common.mx_6.8.1.202304191431\\db\/plugins/mcufinder/images/
2023-05-16 16:47:57,714 [INFO] ApiDb:250 - Set database path to: C:\Users\m-ali.khlifi-ext\.stmcufinder\plugins\mcufinder//mcu/
2023-05-16 16:47:57,730 [INFO] DbMcusAds:125 - Set database path to: C:\Users\m-ali.khlifi-ext\.stmcufinder\plugins\mcufinder//mcu/
2023-05-16 16:47:57,814 [INFO] CrossReferenceDbSqlite:203 - Set database path to: C:\Users\m-ali.khlifi-ext\.stmcufinder\plugins\mcufinder//mcu/cs/
2023-05-16 16:47:57,961 [INFO] RulesReader:64 - Compatibility file has been processed (293 Rules)
2023-05-16 16:47:58,151 [INFO] DbMcusXml:78 - Set database path to: C:\ST\STM32CubeIDE_1.12.0\STM32CubeIDE\plugins\com.st.stm32cube.common.mx_6.8.1.202304191431\\db\/mcu/
2023-05-16 16:47:58,151 [INFO] ApiDb:274 - Set plugin database path to: C:\ST\STM32CubeIDE_1.12.0\STM32CubeIDE\plugins\com.st.stm32cube.common.mx_6.8.1.202304191431\\db\/plugins/boardmanager/
2023-05-16 16:47:58,151 [INFO] ApiDb:261 - Set plugin images path to: C:\ST\STM32CubeIDE_1.12.0\STM32CubeIDE\plugins\com.st.stm32cube.common.mx_6.8.1.202304191431\\db\/plugins/mcufinder/images/
2023-05-16 16:47:58,151 [WARN] DbFile:41 - Overriding database path with different value: C:\Users\m-ali.khlifi-ext\.stmcufinder\plugins\mcufinder/ => C:\Users\m-ali.khlifi-ext\.stmcufinder\plugins\mcufinder
2023-05-16 16:47:58,151 [INFO] ApiDb:250 - Set database path to: C:\Users\m-ali.khlifi-ext\.stmcufinder\plugins\mcufinder//mcu/
2023-05-16 16:47:58,151 [WARN] DbFile:41 - Overriding database path with different value: C:\Users\m-ali.khlifi-ext\.stmcufinder\plugins\mcufinder/ => C:\Users\m-ali.khlifi-ext\.stmcufinder\plugins\mcufinder
2023-05-16 16:47:58,151 [INFO] DbMcusAds:125 - Set database path to: C:\Users\m-ali.khlifi-ext\.stmcufinder\plugins\mcufinder//mcu/
2023-05-16 16:47:58,151 [WARN] DbFile:41 - Overriding database path with different value: C:\Users\m-ali.khlifi-ext\.stmcufinder\plugins\mcufinder/ => C:\Users\m-ali.khlifi-ext\.stmcufinder\plugins\mcufinder
2023-05-16 16:47:58,151 [WARN] DbFile:41 - Overriding database path with different value: C:\Users\m-ali.khlifi-ext\.stmcufinder\plugins\mcufinder/ => C:\Users\m-ali.khlifi-ext\.stmcufinder\plugins\mcufinder
2023-05-16 16:47:58,151 [INFO] CrossReferenceDbSqlite:203 - Set database path to: C:\Users\m-ali.khlifi-ext\.stmcufinder\plugins\mcufinder//mcu/cs/
2023-05-16 16:47:58,305 [INFO] MainPanel:253 - HeapMemory: 545259520
2023-05-16 16:47:58,421 [INFO] DbMcusXml:78 - Set database path to: C:\ST\STM32CubeIDE_1.12.0\STM32CubeIDE\plugins\com.st.stm32cube.common.mx_6.8.1.202304191431\\db\/mcu/
2023-05-16 16:47:58,421 [INFO] ApiDb:274 - Set plugin database path to: C:\ST\STM32CubeIDE_1.12.0\STM32CubeIDE\plugins\com.st.stm32cube.common.mx_6.8.1.202304191431\\db\/plugins/boardmanager/
2023-05-16 16:47:58,421 [INFO] ApiDb:261 - Set plugin images path to: C:\ST\STM32CubeIDE_1.12.0\STM32CubeIDE\plugins\com.st.stm32cube.common.mx_6.8.1.202304191431\\db\/plugins/mcufinder/images/
2023-05-16 16:47:58,421 [WARN] DbFile:41 - Overriding database path with different value: C:\Users\m-ali.khlifi-ext\.stmcufinder\plugins\mcufinder/ => C:\Users\m-ali.khlifi-ext\.stmcufinder\plugins\mcufinder
2023-05-16 16:47:58,421 [INFO] ApiDb:250 - Set database path to: C:\Users\m-ali.khlifi-ext\.stmcufinder\plugins\mcufinder//mcu/
2023-05-16 16:47:58,421 [WARN] DbFile:41 - Overriding database path with different value: C:\Users\m-ali.khlifi-ext\.stmcufinder\plugins\mcufinder/ => C:\Users\m-ali.khlifi-ext\.stmcufinder\plugins\mcufinder
2023-05-16 16:47:58,421 [INFO] DbMcusAds:125 - Set database path to: C:\Users\m-ali.khlifi-ext\.stmcufinder\plugins\mcufinder//mcu/
2023-05-16 16:47:58,421 [WARN] DbFile:41 - Overriding database path with different value: C:\Users\m-ali.khlifi-ext\.stmcufinder\plugins\mcufinder/ => C:\Users\m-ali.khlifi-ext\.stmcufinder\plugins\mcufinder
2023-05-16 16:47:58,421 [WARN] DbFile:41 - Overriding database path with different value: C:\Users\m-ali.khlifi-ext\.stmcufinder\plugins\mcufinder/ => C:\Users\m-ali.khlifi-ext\.stmcufinder\plugins\mcufinder
2023-05-16 16:47:58,421 [INFO] CrossReferenceDbSqlite:203 - Set database path to: C:\Users\m-ali.khlifi-ext\.stmcufinder\plugins\mcufinder//mcu/cs/
2023-05-16 16:47:58,452 [INFO] ApplicationProperties:184 - Using Application install path: C:\ST\STM32CubeIDE_1.12.0\STM32CubeIDE\plugins\com.st.stm32cube.common.mx_6.8.1.202304191431
2023-05-16 16:47:58,468 [INFO] PluginManage:196 - Search for loadable plugins [exclusion list=, ]
2023-05-16 16:47:58,468 [INFO] PluginManage:310 - Check plugin analytics
2023-05-16 16:47:58,653 [INFO] AnalyticsPlugin:253 - Accepted Software Licenses: 
2023-05-16 16:47:58,653 [INFO] AnalyticsPlugin:255 - Accepted CMSIS Pack Licenses: 
2023-05-16 16:47:58,653 [INFO] AnalyticsPlugin:257 - Accepted Firmware Licenses: FW.F4.1.27.0
2023-05-16 16:47:58,669 [INFO] PluginManage:359 - Loaded plugin analytics (category:tool,tabindex:-1)
2023-05-16 16:47:58,669 [INFO] PluginManage:310 - Check plugin cadmodel
2023-05-16 16:47:58,685 [INFO] CADModel:105 - Init CAD model plugin
2023-05-16 16:47:58,685 [INFO] PluginManage:359 - Loaded plugin cadmodel (category:power,tabindex:5)
2023-05-16 16:47:58,685 [INFO] PluginManage:310 - Check plugin clock
2023-05-16 16:47:58,721 [INFO] PluginManage:359 - Loaded plugin clock (category:base,tabindex:2)
2023-05-16 16:47:58,721 [INFO] PluginManage:310 - Check plugin ddr
2023-05-16 16:47:58,721 [INFO] PluginManage:359 - Loaded plugin ddr (category:tool,tabindex:6)
2023-05-16 16:47:58,721 [INFO] PluginManage:310 - Check plugin filemanager
2023-05-16 16:47:58,906 [INFO] PluginManage:359 - Loaded plugin filemanager (category:base,tabindex:10)
2023-05-16 16:47:58,906 [INFO] PluginManage:310 - Check plugin ipmanager
2023-05-16 16:47:58,922 [INFO] PluginManage:359 - Loaded plugin ipmanager (category:base,tabindex:5)
2023-05-16 16:47:58,922 [INFO] PluginManage:310 - Check plugin lpbam
2023-05-16 16:47:58,953 [INFO] PluginManage:359 - Loaded plugin lpbam (category:base,tabindex:0)
2023-05-16 16:47:58,953 [INFO] PluginManage:310 - Check plugin pinoutandconfiguration
2023-05-16 16:47:58,984 [INFO] PluginManage:359 - Loaded plugin pinoutandconfiguration (category:base,tabindex:1)
2023-05-16 16:47:58,984 [INFO] PluginManage:310 - Check plugin pinoutconfig
2023-05-16 16:47:59,100 [WARN] SupportedApi:132 - Cannot load RTOS API schema: s4s-elt-must-match.1: The content of 'definitions' must match (annotation?, (simpleType | complexType)?, (unique | key | keyref)*)). A problem was found starting at: attribute.
2023-05-16 16:47:59,238 [INFO] PluginManage:359 - Loaded plugin pinoutconfig (category:base,tabindex:0)
2023-05-16 16:47:59,238 [INFO] PluginManage:310 - Check plugin power
2023-05-16 16:47:59,269 [INFO] PluginManage:359 - Loaded plugin power (category:power,tabindex:4)
2023-05-16 16:47:59,269 [INFO] PluginManage:310 - Check plugin projectmanager
2023-05-16 16:47:59,285 [INFO] PluginManage:359 - Loaded plugin projectmanager (category:projectmanager,tabindex:3)
2023-05-16 16:47:59,285 [INFO] PluginManage:310 - Check plugin thirdparty
2023-05-16 16:47:59,501 [INFO] PluginManage:359 - Loaded plugin thirdparty (category:base,tabindex:-1)
2023-05-16 16:47:59,501 [WARN] IntegrityCheckThread:84 - waiting for thirdparty lock release [integrity check]
2023-05-16 16:47:59,508 [INFO] PluginManage:310 - Check plugin tools
2023-05-16 16:47:59,508 [INFO] IntegrityCheckThread:86 - entering critical section [integrity check]
2023-05-16 16:47:59,508 [INFO] ThirdPartyUpdaterWithRetryManager:70 - Updater plugin not ready yet. [1/15]
2023-05-16 16:47:59,508 [INFO] PluginManage:359 - Loaded plugin tools (category:base,tabindex:7)
2023-05-16 16:47:59,508 [INFO] PluginManage:310 - Check plugin tutovideos
2023-05-16 16:47:59,824 [INFO] PluginManage:359 - Loaded plugin tutovideos (category:base,tabindex:-1)
2023-05-16 16:47:59,824 [INFO] PluginManage:310 - Check plugin updater
2023-05-16 16:47:59,855 [INFO] PluginManage:359 - Loaded plugin updater (category:base,tabindex:12)
2023-05-16 16:47:59,855 [INFO] PluginManage:283 - PluginManage : Loaded plugins [15]
2023-05-16 16:48:00,310 [INFO] PinOutPanel:1499 - setPackage(No Configuration,No Configuration)
2023-05-16 16:48:00,457 [INFO] CADModel:165 - CPN selected for project level
2023-05-16 16:48:00,457 [INFO] CADModel:114 - Register for checkConnection events
2023-05-16 16:48:00,504 [INFO] IPUIPlugin:80 - create IPUIPlugin
2023-05-16 16:48:00,504 [INFO] PluginManager:220 - loadIPPluginJar : add adc
2023-05-16 16:48:00,510 [INFO] IPUIPlugin:80 - create IPUIPlugin
2023-05-16 16:48:00,510 [INFO] PluginManager:220 - loadIPPluginJar : add aes
2023-05-16 16:48:00,526 [INFO] IPUIPlugin:80 - create IPUIPlugin
2023-05-16 16:48:00,526 [INFO] PluginManager:220 - loadIPPluginJar : add can
2023-05-16 16:48:00,541 [INFO] IPUIPlugin:80 - create IPUIPlugin
2023-05-16 16:48:00,541 [INFO] PluginManager:220 - loadIPPluginJar : add comp
2023-05-16 16:48:00,557 [INFO] IPUIPlugin:80 - create IPUIPlugin
2023-05-16 16:48:00,557 [INFO] PluginManager:220 - loadIPPluginJar : add cryp
2023-05-16 16:48:00,557 [INFO] IPUIPlugin:80 - create IPUIPlugin
2023-05-16 16:48:00,557 [INFO] PluginManager:220 - loadIPPluginJar : add dfsdm
2023-05-16 16:48:00,593 [INFO] IPUIPlugin:80 - create IPUIPlugin
2023-05-16 16:48:00,593 [INFO] PluginManager:220 - loadIPPluginJar : add dma
2023-05-16 16:48:00,610 [INFO] IPUIPlugin:80 - create IPUIPlugin
2023-05-16 16:48:00,610 [INFO] PluginManager:220 - loadIPPluginJar : add dma3
2023-05-16 16:48:00,610 [INFO] IPUIPlugin:80 - create IPUIPlugin
2023-05-16 16:48:00,610 [INFO] PluginManager:220 - loadIPPluginJar : add fatfs
2023-05-16 16:48:00,626 [INFO] IPUIPlugin:80 - create IPUIPlugin
2023-05-16 16:48:00,626 [INFO] PluginManager:220 - loadIPPluginJar : add fmc
2023-05-16 16:48:00,657 [INFO] IPUIPlugin:80 - create IPUIPlugin
2023-05-16 16:48:00,657 [INFO] PluginManager:220 - loadIPPluginJar : add freertos
2023-05-16 16:48:00,657 [INFO] IPUIPlugin:80 - create IPUIPlugin
2023-05-16 16:48:00,657 [INFO] PluginManager:220 - loadIPPluginJar : add genericplugin
2023-05-16 16:48:00,673 [INFO] IPUIPlugin:80 - create IPUIPlugin
2023-05-16 16:48:00,673 [INFO] PluginManager:220 - loadIPPluginJar : add gfxmmu
2023-05-16 16:48:00,704 [INFO] IPUIPlugin:80 - create IPUIPlugin
2023-05-16 16:48:00,704 [INFO] PluginManager:220 - loadIPPluginJar : add gic
2023-05-16 16:48:00,726 [INFO] IPUIPlugin:80 - create IPUIPlugin
2023-05-16 16:48:00,726 [INFO] PluginManager:220 - loadIPPluginJar : add gpio
2023-05-16 16:48:00,742 [INFO] IPUIPlugin:80 - create IPUIPlugin
2023-05-16 16:48:00,742 [INFO] PluginManager:220 - loadIPPluginJar : add gtzc
2023-05-16 16:48:00,757 [INFO] IPUIPlugin:80 - create IPUIPlugin
2023-05-16 16:48:00,757 [INFO] PluginManager:220 - loadIPPluginJar : add hash
2023-05-16 16:48:00,773 [INFO] IPUIPlugin:80 - create IPUIPlugin
2023-05-16 16:48:00,773 [INFO] PluginManager:220 - loadIPPluginJar : add i2c
2023-05-16 16:48:00,789 [INFO] IPUIPlugin:80 - create IPUIPlugin
2023-05-16 16:48:00,789 [INFO] PluginManager:220 - loadIPPluginJar : add i2s
2023-05-16 16:48:00,804 [INFO] IPUIPlugin:80 - create IPUIPlugin
2023-05-16 16:48:00,804 [INFO] PluginManager:220 - loadIPPluginJar : add i3c
2023-05-16 16:48:00,811 [INFO] IPUIPlugin:80 - create IPUIPlugin
2023-05-16 16:48:00,811 [INFO] PluginManager:220 - loadIPPluginJar : add ipddr
2023-05-16 16:48:00,842 [INFO] IPUIPlugin:80 - create IPUIPlugin
2023-05-16 16:48:00,842 [INFO] PluginManager:220 - loadIPPluginJar : add linkedlist
2023-05-16 16:48:00,858 [INFO] IPUIPlugin:80 - create IPUIPlugin
2023-05-16 16:48:00,858 [INFO] PluginManager:220 - loadIPPluginJar : add lorawan
2023-05-16 16:48:00,858 [INFO] IPUIPlugin:80 - create IPUIPlugin
2023-05-16 16:48:00,858 [INFO] PluginManager:220 - loadIPPluginJar : add ltdc
2023-05-16 16:48:00,889 [INFO] IPUIPlugin:80 - create IPUIPlugin
2023-05-16 16:48:00,889 [INFO] PluginManager:220 - loadIPPluginJar : add mdma
2023-05-16 16:48:00,911 [INFO] IPUIPlugin:80 - create IPUIPlugin
2023-05-16 16:48:00,911 [INFO] PluginManager:220 - loadIPPluginJar : add nvic
2023-05-16 16:48:00,927 [INFO] IPUIPlugin:80 - create IPUIPlugin
2023-05-16 16:48:00,927 [INFO] PluginManager:220 - loadIPPluginJar : add opamp
2023-05-16 16:48:00,942 [INFO] IPUIPlugin:80 - create IPUIPlugin
2023-05-16 16:48:00,942 [INFO] PluginManager:220 - loadIPPluginJar : add openamp
2023-05-16 16:48:00,958 [INFO] IPUIPlugin:80 - create IPUIPlugin
2023-05-16 16:48:00,958 [INFO] PluginManager:220 - loadIPPluginJar : add pdm2pcm
2023-05-16 16:48:00,989 [INFO] IPUIPlugin:80 - create IPUIPlugin
2023-05-16 16:48:00,989 [INFO] PluginManager:220 - loadIPPluginJar : add plateformsettings
2023-05-16 16:48:00,989 [INFO] IPUIPlugin:80 - create IPUIPlugin
2023-05-16 16:48:00,989 [INFO] PluginManager:220 - loadIPPluginJar : add quadspi
2023-05-16 16:48:01,011 [INFO] IPUIPlugin:80 - create IPUIPlugin
2023-05-16 16:48:01,011 [INFO] PluginManager:220 - loadIPPluginJar : add resmgrutility
2023-05-16 16:48:01,027 [INFO] IPUIPlugin:80 - create IPUIPlugin
2023-05-16 16:48:01,027 [INFO] PluginManager:220 - loadIPPluginJar : add sai
2023-05-16 16:48:01,043 [INFO] IPUIPlugin:80 - create IPUIPlugin
2023-05-16 16:48:01,043 [INFO] PluginManager:220 - loadIPPluginJar : add spi
2023-05-16 16:48:01,058 [INFO] IPUIPlugin:80 - create IPUIPlugin
2023-05-16 16:48:01,058 [INFO] PluginManager:220 - loadIPPluginJar : add stm32_wpan
2023-05-16 16:48:01,074 [INFO] IPUIPlugin:80 - create IPUIPlugin
2023-05-16 16:48:01,074 [INFO] PluginManager:220 - loadIPPluginJar : add tim
2023-05-16 16:48:01,089 [INFO] IPUIPlugin:80 - create IPUIPlugin
2023-05-16 16:48:01,089 [INFO] PluginManager:220 - loadIPPluginJar : add touchsensing
2023-05-16 16:48:01,105 [INFO] IPUIPlugin:80 - create IPUIPlugin
2023-05-16 16:48:01,105 [INFO] PluginManager:220 - loadIPPluginJar : add tracer_emb
2023-05-16 16:48:01,112 [INFO] IPUIPlugin:80 - create IPUIPlugin
2023-05-16 16:48:01,112 [INFO] PluginManager:220 - loadIPPluginJar : add ts
2023-05-16 16:48:01,112 [INFO] IPUIPlugin:80 - create IPUIPlugin
2023-05-16 16:48:01,112 [INFO] PluginManager:220 - loadIPPluginJar : add tsc
2023-05-16 16:48:01,127 [INFO] IPUIPlugin:80 - create IPUIPlugin
2023-05-16 16:48:01,127 [INFO] PluginManager:220 - loadIPPluginJar : add ucpd
2023-05-16 16:48:01,143 [INFO] IPUIPlugin:80 - create IPUIPlugin
2023-05-16 16:48:01,143 [INFO] PluginManager:220 - loadIPPluginJar : add usart
2023-05-16 16:48:01,158 [INFO] IPUIPlugin:80 - create IPUIPlugin
2023-05-16 16:48:01,158 [INFO] PluginManager:220 - loadIPPluginJar : add usbx
2023-05-16 16:48:01,353 [INFO] CADModel:165 - CPN selected for project level
2023-05-16 16:48:01,353 [INFO] CADModel:114 - Register for checkConnection events
2023-05-16 16:48:01,353 [FATAL] Updater:308 - Updater called before beeing initialized
2023-05-16 16:48:01,353 [ERROR] CADModel:125 - Updater not yet initialized, retry later 
2023-05-16 16:48:01,575 [INFO] CADModel:165 - CPN selected for project level
2023-05-16 16:48:01,575 [INFO] CADModel:114 - Register for checkConnection events
2023-05-16 16:48:01,575 [FATAL] Updater:308 - Updater called before beeing initialized
2023-05-16 16:48:01,575 [ERROR] CADModel:125 - Updater not yet initialized, retry later 
2023-05-16 16:48:01,575 [FATAL] Updater:308 - Updater called before beeing initialized
2023-05-16 16:48:01,865 [FATAL] Updater:308 - Updater called before beeing initialized
2023-05-16 16:48:01,875 [INFO] DbMcusAds:53 - JSON generation date=Tue Mar 07 09:50:55 CET 2023 (1678179055335)
2023-05-16 16:48:01,875 [FATAL] Updater:308 - Updater called before beeing initialized
2023-05-16 16:48:01,974 [WARN] DetailPanel:346 - Failed to get advertising image, set to default
2023-05-16 16:48:02,171 [FATAL] Updater:308 - Updater called before beeing initialized
2023-05-16 16:48:02,187 [FATAL] Updater:308 - Updater called before beeing initialized
2023-05-16 16:48:02,187 [FATAL] Updater:308 - Updater called before beeing initialized
2023-05-16 16:48:02,187 [WARN] DetailPanel:346 - Failed to get advertising image, set to default
2023-05-16 16:48:02,187 [FATAL] Updater:308 - Updater called before beeing initialized
2023-05-16 16:48:02,271 [ERROR] Updater:1120 - MainUpdater not yet initialized. External WinMGr cannot be set.
2023-05-16 16:48:02,271 [INFO] Updater:1056 - Updater Version found : 6.8.1
2023-05-16 16:48:02,303 [INFO] ApplicationProperties:184 - Using Application install path: C:\ST\STM32CubeIDE_1.12.0\STM32CubeIDE\plugins\com.st.stm32cube.common.mx_6.8.1.202304191431
2023-05-16 16:48:02,519 [INFO] ThirdPartyUpdaterWithRetryManager:70 - Updater plugin not ready yet. [2/15]
2023-05-16 16:48:02,557 [INFO] MainUpdater:2854 - connection check result : 10
2023-05-16 16:48:02,557 [INFO] MainUpdater:283 - Updater Check For Update Now.
2023-05-16 16:48:02,557 [INFO] MicroXplorer:498 - Change Database Version : DB.6.0.81
2023-05-16 16:48:02,742 [INFO] CheckServerUpdateThread:120 - End of CheckServer Thread
2023-05-16 16:48:02,773 [INFO] MainUpdater:2854 - connection check result : 10
2023-05-16 16:48:02,773 [INFO] MainUpdater:2854 - connection check result : 10
2023-05-16 16:48:02,873 [INFO] MicroXplorer:468 - Change Database Path : 
2023-05-16 16:48:02,873 [INFO] MicroXplorer:498 - Change Database Version : DB.6.0.81
2023-05-16 16:48:02,873 [WARN] ThirdParty:871 - waiting for thirdparty lock release [close project]
2023-05-16 16:48:05,763 [WARN] PackLoader:240 - Cannot read IP mode file for STMicroelectronics.X-CUBE-GNSS1.6.0.0
2023-05-16 16:48:05,810 [WARN] PackLoader:240 - Cannot read IP mode file for STMicroelectronics.X-CUBE-AZRTOS-F4.1.1.0
2023-05-16 16:48:05,825 [WARN] PackLoader:240 - Cannot read IP mode file for STMicroelectronics.X-CUBE-SMBUS.2.1.0
2023-05-16 16:48:05,841 [WARN] PackLoader:240 - Cannot read IP mode file for wolfSSL.I-CUBE-wolfSSL.5.6.0
2023-05-16 16:48:05,879 [WARN] PackLoader:240 - Cannot read IP mode file for STMicroelectronics.X-CUBE-AZRTOS-F7.1.1.0
2023-05-16 16:48:05,979 [WARN] PackLoader:240 - Cannot read IP mode file for STMicroelectronics.X-CUBE-MEMS1.9.6.0
2023-05-16 16:48:06,297 [ERROR] RealEvaluatedCondition:428 - Found unsupported composite condition: GROUP='STM32_MetaDataManager' CLASS='Data Exchange'
2023-05-16 16:48:06,297 [ERROR] RealEvaluatedCondition:428 - Found unsupported composite condition: CLASS='Data Exchange' GROUP='STM32_MetaDataManager'
2023-05-16 16:48:06,297 [WARN] PackLoader:240 - Cannot read IP mode file for STMicroelectronics.FP-SNS-MOTENV1.4.3.0
2023-05-16 16:48:06,315 [WARN] PackLoader:240 - Cannot read IP mode file for STMicroelectronics.FP-SNS-FLIGHT1.5.0.0
2023-05-16 16:48:06,327 [WARN] PackLoader:240 - Cannot read IP mode file for STMicroelectronics.X-CUBE-BLE1.6.2.4
2023-05-16 16:48:06,345 [WARN] PackLoader:240 - Cannot read IP mode file for emotas.I-CUBE-CANOPEN.1.1.3
2023-05-16 16:48:06,365 [WARN] PackLoader:240 - Cannot read IP mode file for STMicroelectronics.X-CUBE-BLEMGR.2.0.0
2023-05-16 16:48:06,415 [WARN] ConditionMgr:438 - getConditionDescription Invalid condition id : UX DEVICE CLASS RTOS Condition cause : null
2023-05-16 16:48:06,415 [WARN] ConditionMgr:438 - getConditionDescription Invalid condition id : UX DEVICE CLASS RTOS Condition cause : null
2023-05-16 16:48:06,417 [WARN] PackLoader:240 - Cannot read IP mode file for STMicroelectronics.X-CUBE-AZRTOS-H7.3.1.0
2023-05-16 16:48:06,426 [WARN] ConditionMgr:1039 - genDependencies : Invalid condition id : UX DEVICE CLASS RTOS Condition cause : null
2023-05-16 16:48:06,426 [WARN] ConditionMgr:1039 - genDependencies : Invalid condition id : UX DEVICE CLASS RTOS Condition cause : null
2023-05-16 16:48:06,426 [WARN] ConditionMgr:1039 - genDependencies : Invalid condition id : UX DEVICE CLASS RTOS Condition cause : null
2023-05-16 16:48:06,428 [WARN] ConditionMgr:1039 - genDependencies : Invalid condition id : UX DEVICE CLASS RTOS Condition cause : null
2023-05-16 16:48:06,428 [WARN] ConditionMgr:1039 - genDependencies : Invalid condition id : UX DEVICE CLASS RTOS Condition cause : null
2023-05-16 16:48:06,458 [WARN] PackLoader:240 - Cannot read IP mode file for STMicroelectronics.X-CUBE-DISPLAY.3.0.0
2023-05-16 16:48:06,486 [WARN] PackLoader:240 - Cannot read IP mode file for STMicroelectronics.X-CUBE-NFC7.1.0.0
2023-05-16 16:48:06,498 [WARN] PackLoader:240 - Cannot read IP mode file for STMicroelectronics.X-CUBE-EEPRMA1.4.1.0
2023-05-16 16:48:06,518 [WARN] PackLoader:240 - Cannot read IP mode file for WES.I-CUBE-Cesium.1.3.0
2023-05-16 16:48:06,572 [WARN] PackLoader:240 - Cannot read IP mode file for STMicroelectronics.X-CUBE-SFXS2LP1.4.0.0
2023-05-16 16:48:06,592 [WARN] PackLoader:240 - Cannot read IP mode file for STMicroelectronics.X-CUBE-BLE2.3.3.0
2023-05-16 16:48:06,608 [WARN] PackLoader:240 - Cannot read IP mode file for STMicroelectronics.X-CUBE-ISPU.1.1.0
2023-05-16 16:48:06,623 [WARN] PackLoader:240 - Cannot read IP mode file for STMicroelectronics.X-CUBE-AI.8.0.0
2023-05-16 16:48:06,639 [WARN] PackLoader:240 - Cannot read IP mode file for STMicroelectronics.X-CUBE-FREERTOS.1.0.1
2023-05-16 16:48:06,656 [WARN] PackLoader:240 - Cannot read IP mode file for STMicroelectronics.X-CUBE-TOUCHGFX.4.21.3
2023-05-16 16:48:06,672 [WARN] PackLoader:240 - Cannot read IP mode file for STMicroelectronics.X-CUBE-TOUCHGFX.4.21.4
2023-05-16 16:48:06,688 [WARN] PackLoader:240 - Cannot read IP mode file for STMicroelectronics.X-CUBE-ALGOBUILD.1.3.0
2023-05-16 16:48:06,719 [WARN] PackLoader:240 - Cannot read IP mode file for STMicroelectronics.X-CUBE-AZRTOS-L5.1.1.0
2023-05-16 16:48:06,757 [WARN] PackLoader:240 - Cannot read IP mode file for STMicroelectronics.X-CUBE-AZRTOS-G0.1.1.0
2023-05-16 16:48:06,772 [WARN] PackLoader:240 - Cannot read IP mode file for STMicroelectronics.X-CUBE-AI.8.0.1
2023-05-16 16:48:06,788 [WARN] PackLoader:240 - Cannot read IP mode file for STMicroelectronics.X-CUBE-SUBG2.5.0.0
2023-05-16 16:48:06,804 [WARN] PackLoader:240 - Cannot read IP mode file for STMicroelectronics.X-CUBE-NFC4.3.0.0
2023-05-16 16:48:06,873 [WARN] PackLoader:240 - Cannot read IP mode file for STMicroelectronics.X-CUBE-AZRTOS-G4.2.0.0
2023-05-16 16:48:06,904 [WARN] PackLoader:240 - Cannot read IP mode file for STMicroelectronics.X-CUBE-TOF1.3.3.0
2023-05-16 16:48:06,935 [WARN] PackLoader:240 - Cannot read IP mode file for STMicroelectronics.FP-ATR-SIGFOX1.3.2.0
2023-05-16 16:48:06,973 [WARN] PackLoader:240 - Cannot read IP mode file for STMicroelectronics.X-CUBE-AZRTOS-L4.1.0.0
2023-05-16 16:48:07,004 [WARN] PackLoader:240 - Cannot read IP mode file for STMicroelectronics.X-CUBE-AZRTOS-WL.1.0.0
2023-05-16 16:48:07,020 [WARN] PackLoader:240 - Cannot read IP mode file for portGmbH.I-Cube-SoM-uGOAL.1.1.0
2023-05-16 16:48:07,035 [WARN] PackLoader:240 - Cannot read IP mode file for STMicroelectronics.X-CUBE-ALS.1.0.1
2023-05-16 16:48:07,057 [WARN] PackLoader:240 - Cannot read IP mode file for STMicroelectronics.X-CUBE-AZRTOS-WB.1.1.0
2023-05-16 16:48:07,120 [WARN] PackLoader:240 - Cannot read IP mode file for SEGGER.I-CUBE-embOS.1.3.1
2023-05-16 16:48:07,173 [WARN] PackLoader:240 - Cannot read IP mode file for STMicroelectronics.FP-ATR-ASTRA1.2.0.0
2023-05-16 16:48:07,173 [INFO] ThirdParty:978 - Integrity check success = true
2023-05-16 16:48:07,173 [INFO] IntegrityCheckThread:100 - exiting critical section [integrity check]
2023-05-16 16:48:07,173 [INFO] IntegrityCheckThread:103 - End integrity checks thread
2023-05-16 16:48:07,173 [INFO] ThirdParty:873 - entering critical section [close project]
2023-05-16 16:48:07,173 [INFO] ThirdParty:883 - exiting critical section [close project]
2023-05-16 16:48:07,173 [INFO] PinOutPanel:1499 - setPackage(No Configuration,No Configuration)
2023-05-16 16:48:07,189 [INFO] UtilMem:75 - Begin LoadConfig() Used Memory: 495692256 Bytes (545259520)
2023-05-16 16:48:07,189 [INFO] MicroXplorer:468 - Change Database Path : C:/Users/m-ali.khlifi-ext/.stm32cubemx/databases/DB.6.0.80/db/
2023-05-16 16:48:07,189 [INFO] MicroXplorer:498 - Change Database Version : DB.6.0.80
2023-05-16 16:48:08,602 [INFO] OpenFileManager:308 - Change cursor
2023-05-16 16:48:08,666 [INFO] Mcu:1937 - Initializing MCU STM32F446R(C-E)Tx STM32F446RETx STM32F446RET6
2023-05-16 16:48:10,902 [INFO] Context:659 - Trying to add GPIOservice into a context  which must be forbidden
2023-05-16 16:48:12,088 [INFO] RtosManager:555 - Registered RTOS mode: class=CMSIS, group=RTOS, mode=CMSIS_V1, owner=FREERTOS
2023-05-16 16:48:12,088 [INFO] RtosManager:555 - Registered RTOS mode: class=CMSIS, group=RTOS2, mode=CMSIS_V2, owner=FREERTOS
2023-05-16 16:48:12,088 [INFO] RtosManager:555 - Registered RTOS mode: class=RTOS, group=Core, mode=CMSIS_V1, owner=FREERTOS
2023-05-16 16:48:12,088 [INFO] RtosManager:555 - Registered RTOS mode: class=RTOS, group=Core, mode=CMSIS_V2, owner=FREERTOS
2023-05-16 16:48:12,088 [WARN] ModelIntegratedComponent:184 - Missing modes for component STMicroelectronics:FreeRTOS:0.0.1:STMicroelectronics:RTOS:FreeRTOS:Core:::10.2.0:
2023-05-16 16:48:12,108 [WARN] ModelIntegratedComponent:63 - No mode defined for component null
2023-05-16 16:48:12,108 [WARN] ModelIntegratedComponent:63 - No mode defined for component null
2023-05-16 16:48:12,108 [WARN] ModelIntegratedComponent:63 - No mode defined for component null
2023-05-16 16:48:12,108 [WARN] ModelIntegratedComponent:63 - No mode defined for component null
2023-05-16 16:48:12,108 [WARN] ModelIntegratedComponent:63 - No mode defined for component null
2023-05-16 16:48:12,108 [WARN] ModelIntegratedComponent:63 - No mode defined for component null
2023-05-16 16:48:12,108 [WARN] ModelIntegratedComponent:63 - No mode defined for component null
2023-05-16 16:48:12,108 [WARN] ModelIntegratedComponent:63 - No mode defined for component null
2023-05-16 16:48:12,108 [WARN] ModelIntegratedComponent:63 - No mode defined for component null
2023-05-16 16:48:12,108 [WARN] ModelIntegratedComponent:63 - No mode defined for component null
2023-05-16 16:48:12,108 [WARN] ModelIntegratedComponent:63 - No mode defined for component null
2023-05-16 16:48:12,108 [WARN] ModelIntegratedComponent:63 - No mode defined for component null
2023-05-16 16:48:12,108 [WARN] ModelIntegratedComponent:63 - No mode defined for component null
2023-05-16 16:48:12,108 [WARN] ModelIntegratedComponent:63 - No mode defined for component null
2023-05-16 16:48:12,108 [WARN] ModelIntegratedComponent:63 - No mode defined for component null
2023-05-16 16:48:12,108 [WARN] ModelIntegratedComponent:63 - No mode defined for component null
2023-05-16 16:48:12,108 [WARN] ModelIntegratedComponent:63 - No mode defined for component null
2023-05-16 16:48:12,108 [WARN] ModelIntegratedComponent:63 - No mode defined for component null
2023-05-16 16:48:12,108 [WARN] ModelIntegratedComponent:63 - No mode defined for component null
2023-05-16 16:48:12,108 [WARN] ModelIntegratedComponent:63 - No mode defined for component null
2023-05-16 16:48:12,108 [WARN] ModelIntegratedComponent:63 - No mode defined for component null
2023-05-16 16:48:12,108 [WARN] ModelIntegratedComponent:63 - No mode defined for component null
2023-05-16 16:48:12,108 [WARN] ModelIntegratedComponent:63 - No mode defined for component null
2023-05-16 16:48:12,108 [WARN] ModelIntegratedComponent:63 - No mode defined for component null
2023-05-16 16:48:12,108 [WARN] ModelIntegratedComponent:63 - No mode defined for component null
2023-05-16 16:48:12,108 [WARN] ModelIntegratedComponent:63 - No mode defined for component null
2023-05-16 16:48:12,108 [WARN] ModelIntegratedComponent:63 - No mode defined for component null
2023-05-16 16:48:12,108 [WARN] ModelIntegratedComponent:63 - No mode defined for component null
2023-05-16 16:48:12,108 [WARN] ModelIntegratedComponent:63 - No mode defined for component null
2023-05-16 16:48:12,108 [WARN] ModelIntegratedComponent:63 - No mode defined for component null
2023-05-16 16:48:12,108 [WARN] ModelIntegratedComponent:63 - No mode defined for component null
2023-05-16 16:48:12,108 [WARN] ModelIntegratedComponent:63 - No mode defined for component null
2023-05-16 16:48:12,108 [WARN] ModelIntegratedComponent:63 - No mode defined for component null
2023-05-16 16:48:12,148 [INFO] ThirdPartyModel:298 - Start build external matchings
2023-05-16 16:48:12,399 [INFO] ThirdPartyModel:316 - End build external matchings
2023-05-16 16:48:12,422 [INFO] ImportTextPane:194 - (OptionalMessage_ERROR) IP (DMA) : Parameter (Instance) has Id (ADC1) currently not set
2023-05-16 16:48:12,422 [INFO] ImportTextPane:194 - (OptionalMessage_ERROR) IP (DMA) : Parameter (Channel) has Id (ADC1) currently not set
2023-05-16 16:48:12,422 [INFO] ImportTextPane:194 - (OptionalMessage_ERROR) IP (DMA) : Parameter (Direction) has Id (ADC1) currently not set
2023-05-16 16:48:12,422 [INFO] ImportTextPane:194 - (OptionalMessage_ERROR) IP (DMA) : Parameter (PeriphInc) has Id (ADC1) currently not set
2023-05-16 16:48:12,422 [INFO] ImportTextPane:194 - (OptionalMessage_ERROR) IP (DMA) : Parameter (MemInc) has Id (ADC1) currently not set
2023-05-16 16:48:12,422 [INFO] ImportTextPane:194 - (OptionalMessage_ERROR) IP (DMA) : Parameter (PeriphDataAlignment) has Id (ADC1) currently not set
2023-05-16 16:48:12,422 [INFO] ImportTextPane:194 - (OptionalMessage_ERROR) IP (DMA) : Parameter (MemDataAlignment) has Id (ADC1) currently not set
2023-05-16 16:48:12,422 [INFO] ImportTextPane:194 - (OptionalMessage_ERROR) IP (DMA) : Parameter (Mode) has Id (ADC1) currently not set
2023-05-16 16:48:12,422 [INFO] ImportTextPane:194 - (OptionalMessage_ERROR) IP (DMA) : Parameter (Priority) has Id (ADC1) currently not set
2023-05-16 16:48:12,422 [INFO] ImportTextPane:194 - (OptionalMessage_ERROR) IP (DMA) : Parameter (FIFOMode) has Id (ADC1) currently not set
2023-05-16 16:48:12,430 [INFO] ImportTextPane:194 - (OptionalMessage_ERROR) IP (RCC) : Invalid parameter (FamilyName)
2023-05-16 16:48:12,472 [WARN] IP:2113 - DEVICE_SERIAL0_CDC_FS not found: check if there is a RefParameter without a condition.
2023-05-16 16:48:12,472 [WARN] IP:2113 - DEVICE_SERIAL1_CDC_FS not found: check if there is a RefParameter without a condition.
2023-05-16 16:48:12,472 [WARN] IP:2113 - DEVICE_SERIAL2_CDC_FS not found: check if there is a RefParameter without a condition.
2023-05-16 16:48:12,871 [INFO] UtilMem:75 - End LoadConfig() Used Memory: 548386752 Bytes (639631360)
2023-05-16 16:48:13,018 [INFO] ApiDb:581 - Connected to CubeFinder SQLite database (C:\Users\m-ali.khlifi-ext\.stmcufinder\plugins\mcufinder\mcu\cube-finder-db.db)
2023-05-16 16:48:13,118 [INFO] ApiDb:668 - CubeFinder database Data Model version=2.1
2023-05-16 16:48:13,118 [INFO] ApiDb:669 - CubeFinder database Configuration version=3.0.35
2023-05-16 16:48:13,118 [INFO] ApiDb:670 - CubeFinder database generation date=2023-04-03 (1680511692)
2023-05-16 16:48:13,118 [INFO] ApiDb:671 - CubeFinder database FW Pack versions=[FP-ATR-ASTRA1_V2.0.0, STM32Cube_FW_C0_V1.0.1, STM32Cube_FW_F0_V1.11.4, STM32Cube_FW_F3_V1.11.4, STM32Cube_FW_F4_V1.27.1, STM32Cube_FW_F7_V1.17.0, STM32Cube_FW_G0_V1.6.1, STM32Cube_FW_G4_V1.5.1, STM32Cube_FW_H5_V0.5.1, STM32Cube_FW_H5_V1.0.0, STM32Cube_FW_H7_V1.11.0, STM32Cube_FW_L0_V1.12.2, STM32Cube_FW_L5_V1.5.0, STM32Cube_FW_U5_V1.2.0, STM32Cube_FW_WBA_V1.0.0, STM32Cube_FW_WBA_V1.0.0RC1, STM32Cube_FW_WBA_V1.0.0RC3, STM32Cube_FW_WB_V1.15.0RC1, STM32Cube_FW_WB_V1.16.0, STM32Cube_FW_WB_V1.16.0RC2, STM32Cube_FW_WL_V1.3.0, X-CUBE-ALGOBUILD_V1.3.0, X-CUBE-ALS_V1.0.1, X-CUBE-AZRTOS-F4_V1.1.0, X-CUBE-AZRTOS-F7_V1.1.0, X-CUBE-AZRTOS-G0_V1.1.0, X-CUBE-AZRTOS-G4_V1.0.0, X-CUBE-AZRTOS-H7_V3.0.0, X-CUBE-AZRTOS-L4_V1.0.0, X-CUBE-AZRTOS-L5_V1.1.0, X-CUBE-AZRTOS-WB_V1.1.0, X-CUBE-AZRTOS-WL_V1.0.0, X-CUBE-BLE1_V6.2.4, X-CUBE-BLE2_V3.3.0, X-CUBE-BLEMGR_V1.3.0, X-CUBE-EEPRMA1_V4.1.0, X-CUBE-FREERTOS_V1.0.1, X-CUBE-GNSS1_V6.0.0, X-CUBE-MEMS1_V9.1.0, X-CUBE-MEMS1_V9.4.0, X-CUBE-MEMS1_V9.5.0, X-CUBE-NFC4_V3.0.0, X-CUBE-NFC7_V1.0.0, X-CUBE-SFXS2LP1_V4.0.0, X-CUBE-SUBG2_V5.0.0]
2023-05-16 16:48:15,710 [INFO] ApiDb:240 - Found 297 in-development CPN: [B-G473E-ZEST1S, B-WB1M-WPAN1, B-WL5M-SUBG1, NUCLEO-C031C6, NUCLEO-H503RB, NUCLEO-H563ZI, NUCLEO-U545RE-Q, NUCLEO-U5A5ZJ-Q, NUCLEO-WBA52CG, STEVAL-PROTEUS1, STEVAL-STWINBX1, STM320518-EVAL, STM32C0116-DK, STM32C011D6Y3TR, STM32C011D6Y6TR, STM32C011F4P3, STM32C011F4P6, STM32C011F4U3, STM32C011F4U6TR, STM32C011F6P3, STM32C011F6P6, STM32C011F6U3, STM32C011F6U6TR, STM32C011J4M3, STM32C011J4M6, STM32C011J6M3, STM32C011J6M6, STM32C0316-DK, STM32C031C4T3, STM32C031C4T6, STM32C031C4U3, STM32C031C4U6, STM32C031C6T3, STM32C031C6T6, STM32C031C6U3, STM32C031C6U6, STM32C031F4P3, STM32C031F4P6, STM32C031F6P3, STM32C031F6P6, STM32C031G4U3, STM32C031G4U6, STM32C031G6U3, STM32C031G6U6, STM32C031K4T3, STM32C031K4T6, STM32C031K4U3, STM32C031K4U6, STM32C031K6T3, STM32C031K6T6, STM32C031K6U3, STM32C031K6U6, STM32G071K8TXN, STM32G071K8UXN, STM32G081GBU6N, STM32G081KBT6N, STM32G081KBUXN, STM32G0B1CCT6N, STM32G0B1KCT6, STM32G0B1NEY6TR, STM32G0B1RCT6N, STM32G0C1CCT6, STM32G0C1CCT6N, STM32G0C1CCU6N, STM32G0C1CET6N, STM32G0C1CEU6N, STM32G0C1KCT6, STM32G0C1NEY6TR, STM32G0C1RCI6N, STM32G0C1RCT6N, STM32G0C1REI6N, STM32G0C1RET6N, STM32G0C1VCI6, STM32G0C1VEI6, STM32G471CCT6, STM32G471CCU6, STM32G471CET3, STM32G471CET6, STM32G471CEU3, STM32G471CEU6, STM32G471MCT6, STM32G471MET3, STM32G471MET6, STM32G471MEY6TR, STM32G471QCT6, STM32G471QET3, STM32G471RCT6, STM32G471RET3, STM32G471RET6, STM32G471VCH6, STM32G471VCI6, STM32G471VCT6, STM32G471VEH3, STM32G471VEH6, STM32G471VEI3, STM32G471VEI6, STM32G471VET3, STM32G471VET6, STM32G474CCT6, STM32H503CBT6, STM32H503CBU6, STM32H503EBY6TR, STM32H503KBU6, STM32H503RBT6, STM32H562AGI6, STM32H562AII6, STM32H562IGK6, STM32H562IGT6, STM32H562IIK6, STM32H562IIT6, STM32H562RGT6, STM32H562RGV6, STM32H562RIT6, STM32H562RIV6, STM32H562VGT6, STM32H562VIT6, STM32H562ZGT6, STM32H562ZIT6, STM32H563AGI6, STM32H563AII3Q, STM32H563AII6, STM32H563IGK6, STM32H563IGT6, STM32H563IIK3Q, STM32H563IIK6, STM32H563IIT3Q, STM32H563IIT6, STM32H563MIY3QTR, STM32H563RGT6, STM32H563RGV6, STM32H563RIT6, STM32H563RIV6, STM32H563VGT6, STM32H563VIT3Q, STM32H563VIT6, STM32H563ZGT6, STM32H563ZIT3Q, STM32H563ZIT6, STM32H573AII3Q, STM32H573AII6, STM32H573I-DK, STM32H573IIK3Q, STM32H573IIK6, STM32H573IIT3Q, STM32H573IIT6, STM32H573MIY3QTR, STM32H573RIT6, STM32H573RIV6, STM32H573VIT3Q, STM32H573VIT6, STM32H573ZIT3Q, STM32H573ZIT6, STM32L4R5QGI6STR, STM32MP131AAE3, STM32MP131AAF3, STM32MP131AAG3, STM32MP131CAE3, STM32MP131CAF3, STM32MP131CAG3, STM32MP131DAE7, STM32MP131DAF7, STM32MP131DAG7, STM32MP131FAE7, STM32MP131FAF7, STM32MP131FAG7, STM32MP133AAE3, STM32MP133AAF3, STM32MP133AAG3, STM32MP133CAE3, STM32MP133CAF3, STM32MP133CAG3, STM32MP133DAE7, STM32MP133DAF7, STM32MP133DAG7, STM32MP133FAE7, STM32MP133FAF7, STM32MP133FAG7, STM32MP135AAE3, STM32MP135AAF3, STM32MP135AAG3, STM32MP135CAE3, STM32MP135CAF3, STM32MP135CAG3, STM32MP135DAE7, STM32MP135DAF7, STM32MP135DAG7, STM32MP135F-DK, STM32MP135FAE7, STM32MP135FAF7, STM32MP135FAF7T, STM32MP135FAF7U, STM32MP135FAG7, STM32U535CBT6, STM32U535CBT6Q, STM32U535CBU6, STM32U535CBU6Q, STM32U535CCT6, STM32U535CCT6Q, STM32U535CCU6, STM32U535CCU6Q, STM32U535CET6, STM32U535CET6Q, STM32U535CEU6, STM32U535CEU6Q, STM32U535JEY6QTR, STM32U535NCY6QTR, STM32U535NEY6QTR, STM32U535RBI6, STM32U535RBI6Q, STM32U535RBT6, STM32U535RBT6Q, STM32U535RCI6, STM32U535RCI6Q, STM32U535RCT6, STM32U535RCT6Q, STM32U535REI6, STM32U535REI6Q, STM32U535RET6, STM32U535RET6Q, STM32U535VCI6, STM32U535VCI6Q, STM32U535VCT6, STM32U535VCT6Q, STM32U535VEI6, STM32U535VEI6Q, STM32U535VET6, STM32U535VET6Q, STM32U545CET6, STM32U545CET6Q, STM32U545CEU6, STM32U545CEU6Q, STM32U545JEY6QTR, STM32U545NEY6QTR, STM32U545REI6, STM32U545REI6Q, STM32U545RET6, STM32U545RET6Q, STM32U545VEI6, STM32U545VEI6Q, STM32U545VET6, STM32U545VET6Q, STM32U595AIH6, STM32U595AIH6Q, STM32U595AJH6, STM32U595AJH6Q, STM32U595QII6, STM32U595QII6Q, STM32U595QJI6, STM32U595QJI6Q, STM32U595RIT6, STM32U595RIT6Q, STM32U595RJT6, STM32U595RJT6Q, STM32U595VIT6, STM32U595VIT6Q, STM32U595VJT6, STM32U595VJT6Q, STM32U595ZIT6, STM32U595ZIT6Q, STM32U595ZIY6QTR, STM32U595ZJT6, STM32U595ZJT6Q, STM32U595ZJY6QTR, STM32U599BJY6QTR, STM32U599NIH6Q, STM32U599NJH6Q, STM32U599VIT6Q, STM32U599VJT6, STM32U599VJT6Q, STM32U599ZIT6Q, STM32U599ZIY6QTR, STM32U599ZJT6Q, STM32U599ZJY6QTR, STM32U5A5AJH6, STM32U5A5AJH6Q, STM32U5A5QJI6, STM32U5A5QJI6Q, STM32U5A5RJT6, STM32U5A5RJT6Q, STM32U5A5VJT6, STM32U5A5VJT6Q, STM32U5A5ZJT6, STM32U5A5ZJT6Q, STM32U5A5ZJY6QTR, STM32U5A9BJY6QTR, STM32U5A9J-DK, STM32U5A9NJH6Q, STM32U5A9VJT6Q, STM32U5A9ZJT6Q, STM32U5A9ZJY6QTR, STM32WB1MMCH6, STM32WBA52CEU6, STM32WBA52CEU6T, STM32WBA52CGU6, STM32WBA52CGU6T, STM32WL5MOCH6, STM32WL5MOCH6TR]
2023-05-16 16:48:15,710 [INFO] DbMcus:216 - Found 3775 MCUs, 3775 are supported
2023-05-16 16:48:15,726 [INFO] ApiDb:423 - Load user favorites file C:\Users\m-ali.khlifi-ext/.stm32cubeide/favorites.mcus.txt: 0 item(s)
2023-05-16 16:48:15,726 [INFO] ApiDb:427 - User favorites MCUs=[]
2023-05-16 16:48:15,726 [INFO] DbMcus:222 - Set 0 / 0 favorites MCUs
2023-05-16 16:48:16,042 [WARN] ThirdParty:833 - waiting for thirdparty lock release [change project]
2023-05-16 16:48:16,042 [INFO] ThirdParty:835 - entering critical section [change project]
2023-05-16 16:48:16,042 [INFO] ThirdParty:1030 - CMSIS Pack Vendor :STMicroelectronics X-CUBE-ISPU 1.1.0
2023-05-16 16:48:16,042 [INFO] ThirdParty:1030 - CMSIS Pack Vendor :STMicroelectronics X-CUBE-GNSS1 6.0.0
2023-05-16 16:48:16,042 [INFO] ThirdParty:1030 - CMSIS Pack Vendor :STMicroelectronics USB_HOST 2.0.0
2023-05-16 16:48:16,042 [INFO] ThirdParty:1030 - CMSIS Pack Vendor :STMicroelectronics X-CUBE-AZRTOS-F4 1.1.0
2023-05-16 16:48:16,042 [INFO] ThirdParty:1030 - CMSIS Pack Vendor :STMicroelectronics LIBJPEG 8.0.0
2023-05-16 16:48:16,042 [INFO] ThirdParty:1030 - CMSIS Pack Vendor :STMicroelectronics X-CUBE-SMBUS 2.1.0
2023-05-16 16:48:16,042 [INFO] ThirdParty:1030 - CMSIS Pack Vendor :wolfSSL I-CUBE-wolfSSL 5.6.0
2023-05-16 16:48:16,042 [INFO] ThirdParty:1030 - CMSIS Pack Vendor :STMicroelectronics USB_DEVICE 3.0.0
2023-05-16 16:48:16,042 [INFO] ThirdParty:1030 - CMSIS Pack Vendor :STMicroelectronics X-CUBE-AI 8.0.0
2023-05-16 16:48:16,042 [INFO] ThirdParty:1030 - CMSIS Pack Vendor :STMicroelectronics X-CUBE-FREERTOS 1.0.1
2023-05-16 16:48:16,042 [INFO] ThirdParty:1030 - CMSIS Pack Vendor :STMicroelectronics X-CUBE-TOUCHGFX 4.21.3
2023-05-16 16:48:16,042 [INFO] ThirdParty:1030 - CMSIS Pack Vendor :STMicroelectronics X-CUBE-AZRTOS-F7 1.1.0
2023-05-16 16:48:16,042 [INFO] ThirdParty:1030 - CMSIS Pack Vendor :STMicroelectronics X-CUBE-TOUCHGFX 4.21.4
2023-05-16 16:48:16,042 [INFO] ThirdParty:1030 - CMSIS Pack Vendor :STMicroelectronics USB_DEVICE 2.0.0
2023-05-16 16:48:16,042 [INFO] ThirdParty:1030 - CMSIS Pack Vendor :STMicroelectronics X-CUBE-MEMS1 9.6.0
2023-05-16 16:48:16,042 [INFO] ThirdParty:1030 - CMSIS Pack Vendor :STMicroelectronics FP-SNS-MOTENV1 4.3.0
2023-05-16 16:48:16,042 [INFO] ThirdParty:1030 - CMSIS Pack Vendor :STMicroelectronics FP-SNS-FLIGHT1 5.0.0
2023-05-16 16:48:16,042 [INFO] ThirdParty:1030 - CMSIS Pack Vendor :STMicroelectronics X-CUBE-ALGOBUILD 1.3.0
2023-05-16 16:48:16,042 [INFO] ThirdParty:1030 - CMSIS Pack Vendor :STMicroelectronics X-CUBE-BLE1 6.2.4
2023-05-16 16:48:16,042 [INFO] ThirdParty:1030 - CMSIS Pack Vendor :STMicroelectronics X-CUBE-AZRTOS-L5 1.1.0
2023-05-16 16:48:16,042 [INFO] ThirdParty:1030 - CMSIS Pack Vendor :STMicroelectronics FreeRTOS 0.0.1
2023-05-16 16:48:16,042 [INFO] ThirdParty:1030 - CMSIS Pack Vendor :emotas I-CUBE-CANOPEN 1.1.3
2023-05-16 16:48:16,042 [INFO] ThirdParty:1030 - CMSIS Pack Vendor :STMicroelectronics X-CUBE-AZRTOS-G0 1.1.0
2023-05-16 16:48:16,042 [INFO] ThirdParty:1030 - CMSIS Pack Vendor :STMicroelectronics X-CUBE-BLEMGR 2.0.0
2023-05-16 16:48:16,042 [INFO] ThirdParty:1030 - CMSIS Pack Vendor :STMicroelectronics X-CUBE-AI 8.0.1
2023-05-16 16:48:16,042 [INFO] ThirdParty:1030 - CMSIS Pack Vendor :STMicroelectronics X-CUBE-SUBG2 5.0.0
2023-05-16 16:48:16,042 [INFO] ThirdParty:1030 - CMSIS Pack Vendor :STMicroelectronics X-CUBE-NFC4 3.0.0
2023-05-16 16:48:16,042 [INFO] ThirdParty:1030 - CMSIS Pack Vendor :STMicroelectronics STM32_WPAN 1.0.0
2023-05-16 16:48:16,042 [INFO] ThirdParty:1030 - CMSIS Pack Vendor :STMicroelectronics lwIP 2.0.3
2023-05-16 16:48:16,042 [INFO] ThirdParty:1030 - CMSIS Pack Vendor :STMicroelectronics USB_HOST 1.0.0
2023-05-16 16:48:16,042 [INFO] ThirdParty:1030 - CMSIS Pack Vendor :STMicroelectronics X-CUBE-AZRTOS-G4 2.0.0
2023-05-16 16:48:16,042 [INFO] ThirdParty:1030 - CMSIS Pack Vendor :STMicroelectronics PDM2PCM 3.1.0
2023-05-16 16:48:16,042 [INFO] ThirdParty:1030 - CMSIS Pack Vendor :STMicroelectronics X-CUBE-AZRTOS-H7 3.1.0
2023-05-16 16:48:16,042 [INFO] ThirdParty:1030 - CMSIS Pack Vendor :STMicroelectronics X-CUBE-TOF1 3.3.0
2023-05-16 16:48:16,042 [INFO] ThirdParty:1030 - CMSIS Pack Vendor :STMicroelectronics PDM2PCM 3.3.0
2023-05-16 16:48:16,042 [INFO] ThirdParty:1030 - CMSIS Pack Vendor :STMicroelectronics X-CUBE-DISPLAY 3.0.0
2023-05-16 16:48:16,042 [INFO] ThirdParty:1030 - CMSIS Pack Vendor :STMicroelectronics FP-ATR-SIGFOX1 3.2.0
2023-05-16 16:48:16,042 [INFO] ThirdParty:1030 - CMSIS Pack Vendor :STMicroelectronics X-CUBE-AZRTOS-L4 1.0.0
2023-05-16 16:48:16,042 [INFO] ThirdParty:1030 - CMSIS Pack Vendor :STMicroelectronics HAL Drivers 0.0.0
2023-05-16 16:48:16,042 [INFO] ThirdParty:1030 - CMSIS Pack Vendor :STMicroelectronics MBEDTLS 2.16.2
2023-05-16 16:48:16,042 [INFO] ThirdParty:1030 - CMSIS Pack Vendor :STMicroelectronics MBEDTLS 2.14.1
2023-05-16 16:48:16,042 [INFO] ThirdParty:1030 - CMSIS Pack Vendor :STMicroelectronics X-CUBE-NFC7 1.0.0
2023-05-16 16:48:16,042 [INFO] ThirdParty:1030 - CMSIS Pack Vendor :STMicroelectronics X-CUBE-AZRTOS-WL 1.0.0
2023-05-16 16:48:16,042 [INFO] ThirdParty:1030 - CMSIS Pack Vendor :STMicroelectronics X-CUBE-EEPRMA1 4.1.0
2023-05-16 16:48:16,042 [INFO] ThirdParty:1030 - CMSIS Pack Vendor :portGmbH I-Cube-SoM-uGOAL 1.1.0
2023-05-16 16:48:16,042 [INFO] ThirdParty:1030 - CMSIS Pack Vendor :STMicroelectronics X-CUBE-ALS 1.0.1
2023-05-16 16:48:16,042 [INFO] ThirdParty:1030 - CMSIS Pack Vendor :STMicroelectronics ThreadX 1.0.0
2023-05-16 16:48:16,042 [INFO] ThirdParty:1030 - CMSIS Pack Vendor :STMicroelectronics X-CUBE-AZRTOS-WB 1.1.0
2023-05-16 16:48:16,042 [INFO] ThirdParty:1030 - CMSIS Pack Vendor :SEGGER I-CUBE-embOS 1.3.1
2023-05-16 16:48:16,042 [INFO] ThirdParty:1030 - CMSIS Pack Vendor :STMicroelectronics USB_DEVICE 1.0.0
2023-05-16 16:48:16,042 [INFO] ThirdParty:1030 - CMSIS Pack Vendor :STMicroelectronics ThreadX 0.0.2
2023-05-16 16:48:16,042 [INFO] ThirdParty:1030 - CMSIS Pack Vendor :WES I-CUBE-Cesium 1.3.0
2023-05-16 16:48:16,042 [INFO] ThirdParty:1030 - CMSIS Pack Vendor :STMicroelectronics FP-ATR-ASTRA1 2.0.0
2023-05-16 16:48:16,042 [INFO] ThirdParty:1030 - CMSIS Pack Vendor :STMicroelectronics lwIP 2.1.2
2023-05-16 16:48:16,042 [INFO] ThirdParty:1030 - CMSIS Pack Vendor :STMicroelectronics X-CUBE-SFXS2LP1 4.0.0
2023-05-16 16:48:16,042 [INFO] ThirdParty:1030 - CMSIS Pack Vendor :STMicroelectronics X-CUBE-BLE2 3.3.0
2023-05-16 16:48:16,042 [INFO] ThirdParty:1030 - CMSIS Pack Vendor :STMicroelectronics PDM2PCM 3.2.0
2023-05-16 16:48:16,042 [INFO] ThirdParty:841 - exiting critical section [change project]
2023-05-16 16:48:16,649 [INFO] PinOutPanel:1499 - setPackage(No Configuration,No Configuration)
2023-05-16 16:48:16,649 [INFO] PinOutPanel:1499 - setPackage(STM32F446RETx,LQFP64)
2023-05-16 16:48:17,887 [INFO] UtilMem:75 - Before build in PCC Used Memory: 508886848 Bytes (639631360)
2023-05-16 16:48:19,093 [INFO] UtilMem:75 - After build in PCC Used Memory: 562097696 Bytes (639631360)
2023-05-16 16:48:19,331 [INFO] ApiDbMcu:507 - Load IP Config File for USB_DEVICE
2023-05-16 16:48:19,384 [INFO] IPUIPlugin:80 - create IPUIPlugin
2023-05-16 16:48:19,384 [INFO] IPUIPlugin:80 - create IPUIPlugin
2023-05-16 16:48:19,384 [INFO] IPUIPlugin:80 - create IPUIPlugin
2023-05-16 16:48:19,384 [INFO] IPUIPlugin:80 - create IPUIPlugin
2023-05-16 16:48:19,384 [INFO] IPUIPlugin:80 - create IPUIPlugin
2023-05-16 16:48:19,384 [INFO] IPUIPlugin:80 - create IPUIPlugin
2023-05-16 16:48:19,384 [INFO] IPUIPlugin:80 - create IPUIPlugin
2023-05-16 16:48:19,384 [INFO] IPUIPlugin:80 - create IPUIPlugin
2023-05-16 16:48:19,384 [INFO] IPUIPlugin:80 - create IPUIPlugin
2023-05-16 16:48:19,384 [INFO] IPUIPlugin:80 - create IPUIPlugin
2023-05-16 16:48:19,384 [INFO] IPUIPlugin:80 - create IPUIPlugin
2023-05-16 16:48:19,384 [INFO] IPUIPlugin:80 - create IPUIPlugin
2023-05-16 16:48:19,384 [INFO] IPUIPlugin:80 - create IPUIPlugin
2023-05-16 16:48:19,384 [INFO] IPUIPlugin:80 - create IPUIPlugin
2023-05-16 16:48:19,384 [INFO] IPUIPlugin:80 - create IPUIPlugin
2023-05-16 16:48:19,384 [INFO] IPUIPlugin:80 - create IPUIPlugin
2023-05-16 16:48:19,384 [INFO] IPUIPlugin:80 - create IPUIPlugin
2023-05-16 16:48:19,384 [INFO] IPUIPlugin:80 - create IPUIPlugin
2023-05-16 16:48:19,384 [INFO] IPUIPlugin:80 - create IPUIPlugin
2023-05-16 16:48:19,384 [INFO] IPUIPlugin:80 - create IPUIPlugin
2023-05-16 16:48:19,384 [INFO] IPUIPlugin:80 - create IPUIPlugin
2023-05-16 16:48:19,384 [INFO] IPUIPlugin:80 - create IPUIPlugin
2023-05-16 16:48:19,384 [INFO] IPUIPlugin:80 - create IPUIPlugin
2023-05-16 16:48:19,384 [INFO] IPUIPlugin:80 - create IPUIPlugin
2023-05-16 16:48:19,384 [INFO] IPUIPlugin:80 - create IPUIPlugin
2023-05-16 16:48:19,392 [INFO] IPUIPlugin:80 - create IPUIPlugin
2023-05-16 16:48:19,392 [INFO] IPUIPlugin:80 - create IPUIPlugin
2023-05-16 16:48:19,392 [INFO] IPUIPlugin:80 - create IPUIPlugin
2023-05-16 16:48:19,392 [INFO] IPUIPlugin:80 - create IPUIPlugin
2023-05-16 16:48:19,394 [INFO] IPUIPlugin:80 - create IPUIPlugin
2023-05-16 16:48:19,394 [INFO] IPUIPlugin:80 - create IPUIPlugin
2023-05-16 16:48:19,394 [INFO] IPUIPlugin:80 - create IPUIPlugin
2023-05-16 16:48:19,394 [INFO] IPUIPlugin:80 - create IPUIPlugin
2023-05-16 16:48:19,394 [INFO] IPUIPlugin:80 - create IPUIPlugin
2023-05-16 16:48:19,394 [INFO] IPUIPlugin:80 - create IPUIPlugin
2023-05-16 16:48:19,394 [INFO] IPUIPlugin:80 - create IPUIPlugin
2023-05-16 16:48:19,394 [INFO] IPUIPlugin:80 - create IPUIPlugin
2023-05-16 16:48:19,394 [INFO] IPUIPlugin:80 - create IPUIPlugin
2023-05-16 16:48:19,394 [INFO] IPUIPlugin:80 - create IPUIPlugin
2023-05-16 16:48:19,394 [INFO] IPUIPlugin:80 - create IPUIPlugin
2023-05-16 16:48:19,394 [INFO] IPUIPlugin:80 - create IPUIPlugin
2023-05-16 16:48:19,394 [INFO] IPUIPlugin:80 - create IPUIPlugin
2023-05-16 16:48:19,394 [INFO] IPUIPlugin:80 - create IPUIPlugin
2023-05-16 16:48:19,394 [INFO] IPUIPlugin:80 - create IPUIPlugin
2023-05-16 16:48:19,394 [INFO] IPUIPlugin:80 - create IPUIPlugin
2023-05-16 16:48:19,394 [INFO] IPUIPlugin:80 - create IPUIPlugin
2023-05-16 16:48:19,394 [INFO] IPUIPlugin:80 - create IPUIPlugin
2023-05-16 16:48:19,402 [INFO] IPUIPlugin:80 - create IPUIPlugin
2023-05-16 16:48:19,402 [INFO] IPUIPlugin:80 - create IPUIPlugin
2023-05-16 16:48:19,402 [INFO] IPUIPlugin:80 - create IPUIPlugin
2023-05-16 16:48:19,404 [INFO] IPUIPlugin:80 - create IPUIPlugin
2023-05-16 16:48:19,404 [INFO] IPUIPlugin:80 - create IPUIPlugin
2023-05-16 16:48:19,404 [INFO] IPUIPlugin:80 - create IPUIPlugin
2023-05-16 16:48:19,404 [INFO] IPUIPlugin:80 - create IPUIPlugin
2023-05-16 16:48:19,404 [INFO] IPUIPlugin:80 - create IPUIPlugin
2023-05-16 16:48:19,404 [INFO] IPUIPlugin:80 - create IPUIPlugin
2023-05-16 16:48:19,404 [INFO] IPUIPlugin:80 - create IPUIPlugin
2023-05-16 16:48:19,404 [INFO] IPUIPlugin:80 - create IPUIPlugin
2023-05-16 16:48:19,404 [INFO] IPUIPlugin:80 - create IPUIPlugin
2023-05-16 16:48:19,404 [INFO] IPUIPlugin:80 - create IPUIPlugin
2023-05-16 16:48:19,424 [INFO] ApiDbMcu:507 - Load IP Config File for PDM2PCM
2023-05-16 16:48:19,782 [INFO] CADModel:165 - CPN selected for project levelSTM32F446RET6
2023-05-16 16:48:19,782 [INFO] CADModel:114 - Register for checkConnection events
2023-05-16 16:48:19,850 [INFO] OpenFileManager:328 - Restore cursor
2023-05-16 16:48:19,998 [WARN] IP:2113 - DEVICE_SERIAL0_CDC_FS not found: check if there is a RefParameter without a condition.
2023-05-16 16:48:19,998 [WARN] IP:2113 - DEVICE_SERIAL1_CDC_FS not found: check if there is a RefParameter without a condition.
2023-05-16 16:48:20,004 [WARN] IP:2113 - DEVICE_SERIAL2_CDC_FS not found: check if there is a RefParameter without a condition.
2023-05-16 16:48:20,004 [WARN] IP:2113 - DEVICE_SERIAL0_CDC_FS not found: check if there is a RefParameter without a condition.
2023-05-16 16:48:20,004 [WARN] IP:2113 - DEVICE_SERIAL1_CDC_FS not found: check if there is a RefParameter without a condition.
2023-05-16 16:48:20,004 [WARN] IP:2113 - DEVICE_SERIAL2_CDC_FS not found: check if there is a RefParameter without a condition.
2023-05-16 16:48:43,336 [INFO] NvicIntPanel:101 - NVIC parent = com.st.microxplorer.plugins.ip.nvic.MultiNvicIntPanel[,0,0,0x0,invalid,layout=javax.swing.BoxLayout,alignmentX=0.0,alignmentY=0.0,border=,flags=9,maximumSize=,minimumSize=,preferredSize=]
2023-05-16 16:48:47,047 [INFO] UtilMem:75 - End SaveConfig() Used Memory: 562984072 Bytes (639631360)
2023-05-16 16:48:48,775 [INFO] UtilMem:75 - End SaveConfig() Used Memory: 529142688 Bytes (639631360)
2023-05-16 16:48:51,060 [INFO] UtilMem:75 - End SaveConfig() Used Memory: 520300784 Bytes (639631360)
2023-05-16 16:48:52,076 [INFO] BlockDiagram:2759 - set Specific Code input for plugin: TIM1_8
2023-05-16 16:48:52,076 [INFO] BlockDiagram:2759 - set Specific Code input for plugin: TIM1_8
2023-05-16 16:48:52,076 [INFO] BlockDiagram:2759 - set Specific Code input for plugin: TIM1_8
2023-05-16 16:48:52,076 [INFO] BlockDiagram:2759 - set Specific Code input for plugin: TIM1_8
2023-05-16 16:48:52,076 [INFO] BlockDiagram:2759 - set Specific Code input for plugin: USB_DEVICE
2023-05-16 16:48:52,076 [INFO] BlockDiagram:2759 - set Specific Code input for plugin: ADC
2023-05-16 16:48:52,076 [INFO] BlockDiagram:2759 - set Specific Code input for plugin: RCC
2023-05-16 16:48:52,076 [INFO] BlockDiagram:2759 - set Specific Code input for plugin: USB_OTG_FS
2023-05-16 16:48:52,076 [INFO] BlockDiagram:2759 - set Specific Code input for plugin: NVIC
2023-05-16 16:48:52,076 [INFO] BlockDiagram:2759 - set Specific Code input for plugin: DMA
2023-05-16 16:48:52,116 [INFO] BlockDiagram:2759 - set Specific Code input for plugin: GPIO
2023-05-16 16:48:52,124 [INFO] CodeGenerator:793 - code generatio: config db path: C:/Users/m-ali.khlifi-ext/.stm32cubemx/databases/DB.6.0.80/db/
2023-05-16 16:48:52,292 [WARN] IP:2113 - DEVICE_SERIAL0_CDC_FS not found: check if there is a RefParameter without a condition.
2023-05-16 16:48:52,292 [WARN] IP:2113 - DEVICE_SERIAL1_CDC_FS not found: check if there is a RefParameter without a condition.
2023-05-16 16:48:52,292 [WARN] IP:2113 - DEVICE_SERIAL2_CDC_FS not found: check if there is a RefParameter without a condition.
2023-05-16 16:48:52,917 [INFO] CodeEngine:255 - oldGeneratedFile, C:\Users\m-ali.khlifi-ext\OneDrive - DELACHAUX SA\work2\cadilac1.1\MXTmpFiles\license.tmp_save
2023-05-16 16:48:53,556 [INFO] CodeEngine:279 - Generated code: C:\Users\m-ali.khlifi-ext\OneDrive - DELACHAUX SA\work2\cadilac1.1\MXTmpFiles\license.tmp
2023-05-16 16:48:53,824 [INFO] CodeEngine:255 - oldGeneratedFile, C:\Users\m-ali.khlifi-ext\OneDrive - DELACHAUX SA\work2\cadilac1.1\Core\Src\gpio.c_save
2023-05-16 16:48:54,074 [INFO] CodeEngine:279 - Generated code: C:\Users\m-ali.khlifi-ext\OneDrive - DELACHAUX SA\work2\cadilac1.1\Core\Src\gpio.c
2023-05-16 16:48:54,105 [INFO] CodeEngine:255 - oldGeneratedFile, C:\Users\m-ali.khlifi-ext\OneDrive - DELACHAUX SA\work2\cadilac1.1\Core\Inc\gpio.h_save
2023-05-16 16:48:54,259 [INFO] CodeEngine:279 - Generated code: C:\Users\m-ali.khlifi-ext\OneDrive - DELACHAUX SA\work2\cadilac1.1\Core\Inc\gpio.h
2023-05-16 16:48:54,491 [WARN] IPConfigManager:2937 - Warning: the RefConfig PWREx_EnableUSBVoltageDetector is not available in your config.xml file
2023-05-16 16:48:54,544 [INFO] CodeEngine:255 - oldGeneratedFile, C:\Users\m-ali.khlifi-ext\OneDrive - DELACHAUX SA\work2\cadilac1.1\MXTmpFiles\usb_otg_fs_vars.tmp_save
2023-05-16 16:48:54,744 [INFO] CodeEngine:279 - Generated code: C:\Users\m-ali.khlifi-ext\OneDrive - DELACHAUX SA\work2\cadilac1.1\MXTmpFiles\usb_otg_fs_vars.tmp
2023-05-16 16:48:54,760 [INFO] CodeEngine:255 - oldGeneratedFile, C:\Users\m-ali.khlifi-ext\OneDrive - DELACHAUX SA\work2\cadilac1.1\MXTmpFiles\usb_otg_fs_inc.tmp_save
2023-05-16 16:48:54,907 [INFO] CodeEngine:279 - Generated code: C:\Users\m-ali.khlifi-ext\OneDrive - DELACHAUX SA\work2\cadilac1.1\MXTmpFiles\usb_otg_fs_inc.tmp
2023-05-16 16:48:54,937 [INFO] CodeEngine:255 - oldGeneratedFile, C:\Users\m-ali.khlifi-ext\OneDrive - DELACHAUX SA\work2\cadilac1.1\MXTmpFiles\usb_otg_fs_HalInit.tmp_save
2023-05-16 16:48:55,128 [INFO] CodeEngine:279 - Generated code: C:\Users\m-ali.khlifi-ext\OneDrive - DELACHAUX SA\work2\cadilac1.1\MXTmpFiles\usb_otg_fs_HalInit.tmp
2023-05-16 16:48:55,198 [INFO] CodeEngine:255 - oldGeneratedFile, C:\Users\m-ali.khlifi-ext\OneDrive - DELACHAUX SA\work2\cadilac1.1\MXTmpFiles\usb_otg_fs_Msp.tmp_save
2023-05-16 16:48:55,414 [INFO] CodeEngine:279 - Generated code: C:\Users\m-ali.khlifi-ext\OneDrive - DELACHAUX SA\work2\cadilac1.1\MXTmpFiles\usb_otg_fs_Msp.tmp
2023-05-16 16:48:56,238 [INFO] Middleware:1439 - No code input for Bsp Dependency
2023-05-16 16:48:56,300 [INFO] CodeEngine:255 - oldGeneratedFile, C:\Users\m-ali.khlifi-ext\OneDrive - DELACHAUX SA\work2\cadilac1.1\Core\Src\adc.c_save
2023-05-16 16:48:56,569 [INFO] CodeEngine:279 - Generated code: C:\Users\m-ali.khlifi-ext\OneDrive - DELACHAUX SA\work2\cadilac1.1\Core\Src\adc.c
2023-05-16 16:48:56,606 [INFO] CodeEngine:255 - oldGeneratedFile, C:\Users\m-ali.khlifi-ext\OneDrive - DELACHAUX SA\work2\cadilac1.1\Core\Inc\adc.h_save
2023-05-16 16:48:56,765 [INFO] CodeEngine:279 - Generated code: C:\Users\m-ali.khlifi-ext\OneDrive - DELACHAUX SA\work2\cadilac1.1\Core\Inc\adc.h
2023-05-16 16:48:56,874 [INFO] CodeEngine:255 - oldGeneratedFile, C:\Users\m-ali.khlifi-ext\OneDrive - DELACHAUX SA\work2\cadilac1.1\Core\Src\dma.c_save
2023-05-16 16:48:57,107 [INFO] CodeEngine:279 - Generated code: C:\Users\m-ali.khlifi-ext\OneDrive - DELACHAUX SA\work2\cadilac1.1\Core\Src\dma.c
2023-05-16 16:48:57,148 [INFO] CodeEngine:255 - oldGeneratedFile, C:\Users\m-ali.khlifi-ext\OneDrive - DELACHAUX SA\work2\cadilac1.1\Core\Inc\dma.h_save
2023-05-16 16:48:57,399 [INFO] CodeEngine:279 - Generated code: C:\Users\m-ali.khlifi-ext\OneDrive - DELACHAUX SA\work2\cadilac1.1\Core\Inc\dma.h
2023-05-16 16:48:57,490 [INFO] CodeEngine:255 - oldGeneratedFile, C:\Users\m-ali.khlifi-ext\OneDrive - DELACHAUX SA\work2\cadilac1.1\Core\Src\tim.c_save
2023-05-16 16:48:57,840 [INFO] CodeEngine:279 - Generated code: C:\Users\m-ali.khlifi-ext\OneDrive - DELACHAUX SA\work2\cadilac1.1\Core\Src\tim.c
2023-05-16 16:48:57,887 [INFO] CodeEngine:255 - oldGeneratedFile, C:\Users\m-ali.khlifi-ext\OneDrive - DELACHAUX SA\work2\cadilac1.1\Core\Inc\tim.h_save
2023-05-16 16:48:58,018 [INFO] CodeEngine:279 - Generated code: C:\Users\m-ali.khlifi-ext\OneDrive - DELACHAUX SA\work2\cadilac1.1\Core\Inc\tim.h
2023-05-16 16:48:58,056 [INFO] Middleware:1439 - No code input for Bsp Dependency
2023-05-16 16:48:58,118 [INFO] CodeEngine:255 - oldGeneratedFile, C:\Users\m-ali.khlifi-ext\OneDrive - DELACHAUX SA\work2\cadilac1.1\USB_DEVICE\App\usb_device.c_save
2023-05-16 16:48:58,241 [INFO] CodeEngine:279 - Generated code: C:\Users\m-ali.khlifi-ext\OneDrive - DELACHAUX SA\work2\cadilac1.1\USB_DEVICE\App\usb_device.c
2023-05-16 16:48:58,272 [INFO] CodeEngine:255 - oldGeneratedFile, C:\Users\m-ali.khlifi-ext\OneDrive - DELACHAUX SA\work2\cadilac1.1\USB_DEVICE\App\usb_device.h_save
2023-05-16 16:48:58,372 [INFO] CodeEngine:279 - Generated code: C:\Users\m-ali.khlifi-ext\OneDrive - DELACHAUX SA\work2\cadilac1.1\USB_DEVICE\App\usb_device.h
2023-05-16 16:48:58,404 [INFO] CodeEngine:255 - oldGeneratedFile, C:\Users\m-ali.khlifi-ext\OneDrive - DELACHAUX SA\work2\cadilac1.1\USB_DEVICE\Target\usbd_conf.h_save
2023-05-16 16:48:58,535 [INFO] CodeEngine:279 - Generated code: C:\Users\m-ali.khlifi-ext\OneDrive - DELACHAUX SA\work2\cadilac1.1\USB_DEVICE\Target\usbd_conf.h
2023-05-16 16:48:58,557 [INFO] CodeEngine:255 - oldGeneratedFile, C:\Users\m-ali.khlifi-ext\OneDrive - DELACHAUX SA\work2\cadilac1.1\USB_DEVICE\Target\usbd_conf.c_save
2023-05-16 16:48:58,720 [INFO] CodeEngine:279 - Generated code: C:\Users\m-ali.khlifi-ext\OneDrive - DELACHAUX SA\work2\cadilac1.1\USB_DEVICE\Target\usbd_conf.c
2023-05-16 16:48:58,757 [INFO] CodeEngine:255 - oldGeneratedFile, C:\Users\m-ali.khlifi-ext\OneDrive - DELACHAUX SA\work2\cadilac1.1\USB_DEVICE\App\usbd_desc.h_save
2023-05-16 16:48:58,858 [INFO] CodeEngine:279 - Generated code: C:\Users\m-ali.khlifi-ext\OneDrive - DELACHAUX SA\work2\cadilac1.1\USB_DEVICE\App\usbd_desc.h
2023-05-16 16:48:58,889 [INFO] CodeEngine:255 - oldGeneratedFile, C:\Users\m-ali.khlifi-ext\OneDrive - DELACHAUX SA\work2\cadilac1.1\USB_DEVICE\App\usbd_desc.c_save
2023-05-16 16:48:59,020 [INFO] CodeEngine:279 - Generated code: C:\Users\m-ali.khlifi-ext\OneDrive - DELACHAUX SA\work2\cadilac1.1\USB_DEVICE\App\usbd_desc.c
2023-05-16 16:48:59,043 [INFO] CodeEngine:255 - oldGeneratedFile, C:\Users\m-ali.khlifi-ext\OneDrive - DELACHAUX SA\work2\cadilac1.1\USB_DEVICE\App\usbd_cdc_if.h_save
2023-05-16 16:48:59,173 [INFO] CodeEngine:279 - Generated code: C:\Users\m-ali.khlifi-ext\OneDrive - DELACHAUX SA\work2\cadilac1.1\USB_DEVICE\App\usbd_cdc_if.h
2023-05-16 16:48:59,206 [INFO] CodeEngine:255 - oldGeneratedFile, C:\Users\m-ali.khlifi-ext\OneDrive - DELACHAUX SA\work2\cadilac1.1\USB_DEVICE\App\usbd_cdc_if.c_save
2023-05-16 16:48:59,365 [INFO] CodeEngine:279 - Generated code: C:\Users\m-ali.khlifi-ext\OneDrive - DELACHAUX SA\work2\cadilac1.1\USB_DEVICE\App\usbd_cdc_if.c
2023-05-16 16:48:59,481 [INFO] CodeEngine:255 - oldGeneratedFile, C:\Users\m-ali.khlifi-ext\OneDrive - DELACHAUX SA\work2\cadilac1.1\Core\Src\stm32f4xx_it.c_save
2023-05-16 16:48:59,628 [INFO] CodeEngine:279 - Generated code: C:\Users\m-ali.khlifi-ext\OneDrive - DELACHAUX SA\work2\cadilac1.1\Core\Src\stm32f4xx_it.c
2023-05-16 16:48:59,659 [INFO] CodeEngine:255 - oldGeneratedFile, C:\Users\m-ali.khlifi-ext\OneDrive - DELACHAUX SA\work2\cadilac1.1\Core\Inc\stm32f4xx_it.h_save
2023-05-16 16:48:59,799 [INFO] CodeEngine:279 - Generated code: C:\Users\m-ali.khlifi-ext\OneDrive - DELACHAUX SA\work2\cadilac1.1\Core\Inc\stm32f4xx_it.h
2023-05-16 16:48:59,988 [INFO] CodeEngine:255 - oldGeneratedFile, C:\Users\m-ali.khlifi-ext\OneDrive - DELACHAUX SA\work2\cadilac1.1\Core\Src\stm32f4xx_hal_msp.c_save
2023-05-16 16:49:00,182 [INFO] CodeEngine:279 - Generated code: C:\Users\m-ali.khlifi-ext\OneDrive - DELACHAUX SA\work2\cadilac1.1\Core\Src\stm32f4xx_hal_msp.c
2023-05-16 16:49:00,202 [INFO] CodeEngine:255 - oldGeneratedFile, C:\Users\m-ali.khlifi-ext\OneDrive - DELACHAUX SA\work2\cadilac1.1\MXTmpFiles\system.tmp_save
2023-05-16 16:49:00,282 [INFO] CodeEngine:279 - Generated code: C:\Users\m-ali.khlifi-ext\OneDrive - DELACHAUX SA\work2\cadilac1.1\MXTmpFiles\system.tmp
2023-05-16 16:49:00,333 [INFO] CodeEngine:311 - oldGeneratedFile, C:\Users\m-ali.khlifi-ext\OneDrive - DELACHAUX SA\work2\cadilac1.1\Core\Inc\stm32f4xx_hal_conf.h_save
2023-05-16 16:49:00,453 [INFO] CodeEngine:335 - Generated code: C:\Users\m-ali.khlifi-ext\OneDrive - DELACHAUX SA\work2\cadilac1.1\Core\Inc\stm32f4xx_hal_conf.h
2023-05-16 16:49:00,516 [WARN] IPConfigManager:2937 - Warning: the RefConfig PLL2P_FOR_MCO is not available in your config.xml file
2023-05-16 16:49:00,583 [INFO] CodeEngine:255 - oldGeneratedFile, C:\Users\m-ali.khlifi-ext\OneDrive - DELACHAUX SA\work2\cadilac1.1\Core\Inc\main.h_save
2023-05-16 16:49:00,713 [INFO] CodeEngine:279 - Generated code: C:\Users\m-ali.khlifi-ext\OneDrive - DELACHAUX SA\work2\cadilac1.1\Core\Inc\main.h
2023-05-16 16:49:00,760 [INFO] CodeEngine:255 - oldGeneratedFile, C:\Users\m-ali.khlifi-ext\OneDrive - DELACHAUX SA\work2\cadilac1.1\Core\Src\main.c_save
2023-05-16 16:49:00,945 [INFO] CodeEngine:279 - Generated code: C:\Users\m-ali.khlifi-ext\OneDrive - DELACHAUX SA\work2\cadilac1.1\Core\Src\main.c
2023-05-16 16:49:03,689 [INFO] ProjectBuilder:2996 - Time for Copy HAL[1] : 1814mS.
2023-05-16 16:49:03,704 [INFO] ProjectBuilder:4304 - Project Generator version: 3.19.2
2023-05-16 16:49:04,190 [INFO] ConfigFileManager:1483 - The Die is : DIE421
2023-05-16 16:49:04,206 [INFO] ApiDbMcu:507 - Load IP Config File for FATFS
2023-05-16 16:49:04,221 [INFO] ApiDbMcu:507 - Load IP Config File for FREERTOS
2023-05-16 16:49:04,237 [INFO] ApiDbMcu:507 - Load IP Config File for LIBJPEG
2023-05-16 16:49:04,243 [INFO] ApiDbMcu:507 - Load IP Config File for MBEDTLS
2023-05-16 16:49:04,275 [INFO] ApiDbMcu:507 - Load IP Config File for USB_HOST
2023-05-16 16:49:05,937 [INFO] LogOutputStream:77 - [STDOUT_REDIRECT] 
2023-05-16 16:49:09,561 [INFO] ProjectBuilder:4505 - Time for Generating toolchain IDE Files: 5856mS.
2023-05-16 16:49:09,563 [INFO] ProjectBuilder:2867 - Time for Copy CMSIS : 1mS.
2023-05-16 16:49:09,590 [INFO] ProjectBuilder:2867 - Time for Copy CMSIS : 0mS.
2023-05-16 17:06:27,975 [INFO] NvicIntPanel:101 - NVIC parent = com.st.microxplorer.plugins.ip.nvic.MultiNvicIntPanel[,0,0,0x0,invalid,layout=javax.swing.BoxLayout,alignmentX=0.0,alignmentY=0.0,border=,flags=9,maximumSize=,minimumSize=,preferredSize=]
2023-05-16 17:06:32,787 [INFO] UtilMem:75 - End SaveConfig() Used Memory: 604525936 Bytes (891289600)
2023-05-16 17:06:34,651 [INFO] UtilMem:75 - End SaveConfig() Used Memory: 626546032 Bytes (891289600)
2023-05-16 17:06:38,081 [INFO] UtilMem:75 - End SaveConfig() Used Memory: 742937968 Bytes (891289600)
2023-05-16 17:06:38,434 [INFO] BlockDiagram:2759 - set Specific Code input for plugin: TIM1_8
2023-05-16 17:06:38,434 [INFO] BlockDiagram:2759 - set Specific Code input for plugin: TIM1_8
2023-05-16 17:06:38,434 [INFO] BlockDiagram:2759 - set Specific Code input for plugin: TIM1_8
2023-05-16 17:06:38,434 [INFO] BlockDiagram:2759 - set Specific Code input for plugin: TIM1_8
2023-05-16 17:06:38,434 [INFO] BlockDiagram:2759 - set Specific Code input for plugin: USB_DEVICE
2023-05-16 17:06:38,434 [INFO] BlockDiagram:2759 - set Specific Code input for plugin: ADC
2023-05-16 17:06:38,434 [INFO] BlockDiagram:2759 - set Specific Code input for plugin: RCC
2023-05-16 17:06:38,434 [INFO] BlockDiagram:2759 - set Specific Code input for plugin: USB_OTG_FS
2023-05-16 17:06:38,434 [INFO] BlockDiagram:2759 - set Specific Code input for plugin: NVIC
2023-05-16 17:06:38,434 [INFO] BlockDiagram:2759 - set Specific Code input for plugin: DMA
2023-05-16 17:06:38,434 [INFO] BlockDiagram:2759 - set Specific Code input for plugin: GPIO
2023-05-16 17:06:38,444 [INFO] CodeGenerator:793 - code generatio: config db path: C:/Users/m-ali.khlifi-ext/.stm32cubemx/databases/DB.6.0.80/db/
2023-05-16 17:06:38,454 [INFO] Argument:319 - Argument : hdmavalue: null
2023-05-16 17:06:38,454 [INFO] Argument:321 - 	 sub Args: 
2023-05-16 17:06:38,454 [INFO] Argument:319 - Argument : Instancevalue: DMA2_Stream0
2023-05-16 17:06:38,454 [INFO] Argument:329 - Argument : Instancevalue: DMA2_Stream0
2023-05-16 17:06:38,454 [INFO] Argument:319 - Argument : Initvalue: null
2023-05-16 17:06:38,454 [INFO] Argument:321 - 	 sub Args: 
2023-05-16 17:06:38,454 [INFO] Argument:319 - Argument : Channelvalue: DMA_CHANNEL_0
2023-05-16 17:06:38,454 [INFO] Argument:329 - Argument : Channelvalue: DMA_CHANNEL_0
2023-05-16 17:06:38,454 [INFO] Argument:319 - Argument : Directionvalue: DMA_PERIPH_TO_MEMORY
2023-05-16 17:06:38,454 [INFO] Argument:329 - Argument : Directionvalue: DMA_PERIPH_TO_MEMORY
2023-05-16 17:06:38,454 [INFO] Argument:319 - Argument : PeriphIncvalue: DMA_PINC_DISABLE
2023-05-16 17:06:38,454 [INFO] Argument:329 - Argument : PeriphIncvalue: DMA_PINC_DISABLE
2023-05-16 17:06:38,454 [INFO] Argument:319 - Argument : MemIncvalue: DMA_MINC_ENABLE
2023-05-16 17:06:38,454 [INFO] Argument:329 - Argument : MemIncvalue: DMA_MINC_ENABLE
2023-05-16 17:06:38,454 [INFO] Argument:319 - Argument : PeriphDataAlignmentvalue: DMA_PDATAALIGN_WORD
2023-05-16 17:06:38,454 [INFO] Argument:329 - Argument : PeriphDataAlignmentvalue: DMA_PDATAALIGN_WORD
2023-05-16 17:06:38,454 [INFO] Argument:319 - Argument : MemDataAlignmentvalue: DMA_MDATAALIGN_WORD
2023-05-16 17:06:38,454 [INFO] Argument:329 - Argument : MemDataAlignmentvalue: DMA_MDATAALIGN_WORD
2023-05-16 17:06:38,454 [INFO] Argument:319 - Argument : Modevalue: DMA_CIRCULAR
2023-05-16 17:06:38,454 [INFO] Argument:329 - Argument : Modevalue: DMA_CIRCULAR
2023-05-16 17:06:38,454 [INFO] Argument:319 - Argument : Priorityvalue: DMA_PRIORITY_LOW
2023-05-16 17:06:38,454 [INFO] Argument:329 - Argument : Priorityvalue: DMA_PRIORITY_LOW
2023-05-16 17:06:38,454 [INFO] Argument:319 - Argument : FIFOModevalue: DMA_FIFOMODE_DISABLE
2023-05-16 17:06:38,454 [INFO] Argument:329 - Argument : FIFOModevalue: DMA_FIFOMODE_DISABLE
2023-05-16 17:06:38,454 [INFO] Argument:319 - Argument : FIFOThresholdvalue: null
2023-05-16 17:06:38,454 [INFO] Argument:329 - Argument : FIFOThresholdvalue: null
2023-05-16 17:06:38,454 [INFO] Argument:319 - Argument : MemBurstvalue: null
2023-05-16 17:06:38,454 [INFO] Argument:329 - Argument : MemBurstvalue: null
2023-05-16 17:06:38,462 [INFO] Argument:319 - Argument : PeriphBurstvalue: null
2023-05-16 17:06:38,462 [INFO] Argument:329 - Argument : PeriphBurstvalue: null
2023-05-16 17:06:38,462 [INFO] Argument:319 - Argument : Lockvalue: null
2023-05-16 17:06:38,462 [INFO] Argument:329 - Argument : Lockvalue: null
2023-05-16 17:06:38,462 [INFO] Argument:319 - Argument : Statevalue: null
2023-05-16 17:06:38,462 [INFO] Argument:329 - Argument : Statevalue: null
2023-05-16 17:06:38,462 [INFO] Argument:319 - Argument : Parentvalue: null
2023-05-16 17:06:38,462 [INFO] Argument:329 - Argument : Parentvalue: null
2023-05-16 17:06:38,462 [INFO] Argument:319 - Argument : XferCpltCallbackvalue: null
2023-05-16 17:06:38,462 [INFO] Argument:329 - Argument : XferCpltCallbackvalue: null
2023-05-16 17:06:38,462 [INFO] Argument:319 - Argument : XferHalfCpltCallbackvalue: null
2023-05-16 17:06:38,462 [INFO] Argument:329 - Argument : XferHalfCpltCallbackvalue: null
2023-05-16 17:06:38,462 [INFO] Argument:319 - Argument : XferM1CpltCallbackvalue: null
2023-05-16 17:06:38,462 [INFO] Argument:329 - Argument : XferM1CpltCallbackvalue: null
2023-05-16 17:06:38,462 [INFO] Argument:319 - Argument : XferErrorCallbackvalue: null
2023-05-16 17:06:38,462 [INFO] Argument:329 - Argument : XferErrorCallbackvalue: null
2023-05-16 17:06:38,462 [INFO] Argument:319 - Argument : ErrorCodevalue: null
2023-05-16 17:06:38,462 [INFO] Argument:329 - Argument : ErrorCodevalue: null
2023-05-16 17:06:38,525 [WARN] IP:2113 - DEVICE_SERIAL0_CDC_FS not found: check if there is a RefParameter without a condition.
2023-05-16 17:06:38,525 [WARN] IP:2113 - DEVICE_SERIAL1_CDC_FS not found: check if there is a RefParameter without a condition.
2023-05-16 17:06:38,525 [WARN] IP:2113 - DEVICE_SERIAL2_CDC_FS not found: check if there is a RefParameter without a condition.
2023-05-16 17:06:38,782 [INFO] CodeEngine:255 - oldGeneratedFile, C:\Users\m-ali.khlifi-ext\OneDrive - DELACHAUX SA\work2\cadilac1.1\MXTmpFiles\license.tmp_save
2023-05-16 17:06:39,017 [INFO] CodeEngine:279 - Generated code: C:\Users\m-ali.khlifi-ext\OneDrive - DELACHAUX SA\work2\cadilac1.1\MXTmpFiles\license.tmp
2023-05-16 17:06:39,118 [INFO] CodeEngine:255 - oldGeneratedFile, C:\Users\m-ali.khlifi-ext\OneDrive - DELACHAUX SA\work2\cadilac1.1\Core\Src\gpio.c_save
2023-05-16 17:06:39,287 [INFO] CodeEngine:279 - Generated code: C:\Users\m-ali.khlifi-ext\OneDrive - DELACHAUX SA\work2\cadilac1.1\Core\Src\gpio.c
2023-05-16 17:06:39,319 [INFO] CodeEngine:255 - oldGeneratedFile, C:\Users\m-ali.khlifi-ext\OneDrive - DELACHAUX SA\work2\cadilac1.1\Core\Inc\gpio.h_save
2023-05-16 17:06:39,491 [INFO] CodeEngine:279 - Generated code: C:\Users\m-ali.khlifi-ext\OneDrive - DELACHAUX SA\work2\cadilac1.1\Core\Inc\gpio.h
2023-05-16 17:06:39,670 [WARN] IPConfigManager:2937 - Warning: the RefConfig PWREx_EnableUSBVoltageDetector is not available in your config.xml file
2023-05-16 17:06:39,712 [INFO] CodeEngine:255 - oldGeneratedFile, C:\Users\m-ali.khlifi-ext\OneDrive - DELACHAUX SA\work2\cadilac1.1\MXTmpFiles\usb_otg_fs_vars.tmp_save
2023-05-16 17:06:39,821 [INFO] CodeEngine:279 - Generated code: C:\Users\m-ali.khlifi-ext\OneDrive - DELACHAUX SA\work2\cadilac1.1\MXTmpFiles\usb_otg_fs_vars.tmp
2023-05-16 17:06:39,821 [INFO] CodeEngine:255 - oldGeneratedFile, C:\Users\m-ali.khlifi-ext\OneDrive - DELACHAUX SA\work2\cadilac1.1\MXTmpFiles\usb_otg_fs_inc.tmp_save
2023-05-16 17:06:39,952 [INFO] CodeEngine:279 - Generated code: C:\Users\m-ali.khlifi-ext\OneDrive - DELACHAUX SA\work2\cadilac1.1\MXTmpFiles\usb_otg_fs_inc.tmp
2023-05-16 17:06:39,968 [INFO] CodeEngine:255 - oldGeneratedFile, C:\Users\m-ali.khlifi-ext\OneDrive - DELACHAUX SA\work2\cadilac1.1\MXTmpFiles\usb_otg_fs_HalInit.tmp_save
2023-05-16 17:06:40,052 [INFO] CodeEngine:279 - Generated code: C:\Users\m-ali.khlifi-ext\OneDrive - DELACHAUX SA\work2\cadilac1.1\MXTmpFiles\usb_otg_fs_HalInit.tmp
2023-05-16 17:06:40,084 [INFO] CodeEngine:255 - oldGeneratedFile, C:\Users\m-ali.khlifi-ext\OneDrive - DELACHAUX SA\work2\cadilac1.1\MXTmpFiles\usb_otg_fs_Msp.tmp_save
2023-05-16 17:06:40,200 [INFO] CodeEngine:279 - Generated code: C:\Users\m-ali.khlifi-ext\OneDrive - DELACHAUX SA\work2\cadilac1.1\MXTmpFiles\usb_otg_fs_Msp.tmp
2023-05-16 17:06:40,635 [INFO] Middleware:1439 - No code input for Bsp Dependency
2023-05-16 17:06:40,693 [INFO] CodeEngine:255 - oldGeneratedFile, C:\Users\m-ali.khlifi-ext\OneDrive - DELACHAUX SA\work2\cadilac1.1\Core\Src\adc.c_save
2023-05-16 17:06:40,906 [INFO] CodeEngine:279 - Generated code: C:\Users\m-ali.khlifi-ext\OneDrive - DELACHAUX SA\work2\cadilac1.1\Core\Src\adc.c
2023-05-16 17:06:40,935 [INFO] CodeEngine:255 - oldGeneratedFile, C:\Users\m-ali.khlifi-ext\OneDrive - DELACHAUX SA\work2\cadilac1.1\Core\Inc\adc.h_save
2023-05-16 17:06:41,037 [INFO] CodeEngine:279 - Generated code: C:\Users\m-ali.khlifi-ext\OneDrive - DELACHAUX SA\work2\cadilac1.1\Core\Inc\adc.h
2023-05-16 17:06:41,127 [INFO] CodeEngine:255 - oldGeneratedFile, C:\Users\m-ali.khlifi-ext\OneDrive - DELACHAUX SA\work2\cadilac1.1\Core\Src\dma.c_save
2023-05-16 17:06:41,227 [INFO] CodeEngine:279 - Generated code: C:\Users\m-ali.khlifi-ext\OneDrive - DELACHAUX SA\work2\cadilac1.1\Core\Src\dma.c
2023-05-16 17:06:41,258 [INFO] CodeEngine:255 - oldGeneratedFile, C:\Users\m-ali.khlifi-ext\OneDrive - DELACHAUX SA\work2\cadilac1.1\Core\Inc\dma.h_save
2023-05-16 17:06:41,417 [INFO] CodeEngine:279 - Generated code: C:\Users\m-ali.khlifi-ext\OneDrive - DELACHAUX SA\work2\cadilac1.1\Core\Inc\dma.h
2023-05-16 17:06:41,477 [INFO] CodeEngine:255 - oldGeneratedFile, C:\Users\m-ali.khlifi-ext\OneDrive - DELACHAUX SA\work2\cadilac1.1\Core\Src\tim.c_save
2023-05-16 17:06:41,698 [INFO] CodeEngine:279 - Generated code: C:\Users\m-ali.khlifi-ext\OneDrive - DELACHAUX SA\work2\cadilac1.1\Core\Src\tim.c
2023-05-16 17:06:41,729 [INFO] CodeEngine:255 - oldGeneratedFile, C:\Users\m-ali.khlifi-ext\OneDrive - DELACHAUX SA\work2\cadilac1.1\Core\Inc\tim.h_save
2023-05-16 17:06:41,814 [INFO] CodeEngine:279 - Generated code: C:\Users\m-ali.khlifi-ext\OneDrive - DELACHAUX SA\work2\cadilac1.1\Core\Inc\tim.h
2023-05-16 17:06:41,845 [INFO] Middleware:1439 - No code input for Bsp Dependency
2023-05-16 17:06:41,876 [INFO] CodeEngine:255 - oldGeneratedFile, C:\Users\m-ali.khlifi-ext\OneDrive - DELACHAUX SA\work2\cadilac1.1\USB_DEVICE\App\usb_device.c_save
2023-05-16 17:06:41,992 [INFO] CodeEngine:279 - Generated code: C:\Users\m-ali.khlifi-ext\OneDrive - DELACHAUX SA\work2\cadilac1.1\USB_DEVICE\App\usb_device.c
2023-05-16 17:06:42,019 [INFO] CodeEngine:255 - oldGeneratedFile, C:\Users\m-ali.khlifi-ext\OneDrive - DELACHAUX SA\work2\cadilac1.1\USB_DEVICE\App\usb_device.h_save
2023-05-16 17:06:42,136 [INFO] CodeEngine:279 - Generated code: C:\Users\m-ali.khlifi-ext\OneDrive - DELACHAUX SA\work2\cadilac1.1\USB_DEVICE\App\usb_device.h
2023-05-16 17:06:42,167 [INFO] CodeEngine:255 - oldGeneratedFile, C:\Users\m-ali.khlifi-ext\OneDrive - DELACHAUX SA\work2\cadilac1.1\USB_DEVICE\Target\usbd_conf.h_save
2023-05-16 17:06:42,267 [INFO] CodeEngine:279 - Generated code: C:\Users\m-ali.khlifi-ext\OneDrive - DELACHAUX SA\work2\cadilac1.1\USB_DEVICE\Target\usbd_conf.h
2023-05-16 17:06:42,283 [INFO] CodeEngine:255 - oldGeneratedFile, C:\Users\m-ali.khlifi-ext\OneDrive - DELACHAUX SA\work2\cadilac1.1\USB_DEVICE\Target\usbd_conf.c_save
2023-05-16 17:06:42,468 [INFO] CodeEngine:279 - Generated code: C:\Users\m-ali.khlifi-ext\OneDrive - DELACHAUX SA\work2\cadilac1.1\USB_DEVICE\Target\usbd_conf.c
2023-05-16 17:06:42,499 [INFO] CodeEngine:255 - oldGeneratedFile, C:\Users\m-ali.khlifi-ext\OneDrive - DELACHAUX SA\work2\cadilac1.1\USB_DEVICE\App\usbd_desc.h_save
2023-05-16 17:06:42,600 [INFO] CodeEngine:279 - Generated code: C:\Users\m-ali.khlifi-ext\OneDrive - DELACHAUX SA\work2\cadilac1.1\USB_DEVICE\App\usbd_desc.h
2023-05-16 17:06:42,621 [INFO] CodeEngine:255 - oldGeneratedFile, C:\Users\m-ali.khlifi-ext\OneDrive - DELACHAUX SA\work2\cadilac1.1\USB_DEVICE\App\usbd_desc.c_save
2023-05-16 17:06:42,715 [INFO] CodeEngine:279 - Generated code: C:\Users\m-ali.khlifi-ext\OneDrive - DELACHAUX SA\work2\cadilac1.1\USB_DEVICE\App\usbd_desc.c
2023-05-16 17:06:42,737 [INFO] CodeEngine:255 - oldGeneratedFile, C:\Users\m-ali.khlifi-ext\OneDrive - DELACHAUX SA\work2\cadilac1.1\USB_DEVICE\App\usbd_cdc_if.h_save
2023-05-16 17:06:42,822 [INFO] CodeEngine:279 - Generated code: C:\Users\m-ali.khlifi-ext\OneDrive - DELACHAUX SA\work2\cadilac1.1\USB_DEVICE\App\usbd_cdc_if.h
2023-05-16 17:06:42,853 [INFO] CodeEngine:255 - oldGeneratedFile, C:\Users\m-ali.khlifi-ext\OneDrive - DELACHAUX SA\work2\cadilac1.1\USB_DEVICE\App\usbd_cdc_if.c_save
2023-05-16 17:06:42,969 [INFO] CodeEngine:279 - Generated code: C:\Users\m-ali.khlifi-ext\OneDrive - DELACHAUX SA\work2\cadilac1.1\USB_DEVICE\App\usbd_cdc_if.c
2023-05-16 17:06:43,038 [INFO] CodeEngine:255 - oldGeneratedFile, C:\Users\m-ali.khlifi-ext\OneDrive - DELACHAUX SA\work2\cadilac1.1\Core\Src\stm32f4xx_it.c_save
2023-05-16 17:06:43,216 [INFO] CodeEngine:279 - Generated code: C:\Users\m-ali.khlifi-ext\OneDrive - DELACHAUX SA\work2\cadilac1.1\Core\Src\stm32f4xx_it.c
2023-05-16 17:06:43,238 [INFO] CodeEngine:255 - oldGeneratedFile, C:\Users\m-ali.khlifi-ext\OneDrive - DELACHAUX SA\work2\cadilac1.1\Core\Inc\stm32f4xx_it.h_save
2023-05-16 17:06:43,354 [INFO] CodeEngine:279 - Generated code: C:\Users\m-ali.khlifi-ext\OneDrive - DELACHAUX SA\work2\cadilac1.1\Core\Inc\stm32f4xx_it.h
2023-05-16 17:06:43,445 [INFO] CodeEngine:255 - oldGeneratedFile, C:\Users\m-ali.khlifi-ext\OneDrive - DELACHAUX SA\work2\cadilac1.1\Core\Src\stm32f4xx_hal_msp.c_save
2023-05-16 17:06:43,656 [INFO] CodeEngine:279 - Generated code: C:\Users\m-ali.khlifi-ext\OneDrive - DELACHAUX SA\work2\cadilac1.1\Core\Src\stm32f4xx_hal_msp.c
2023-05-16 17:06:43,677 [INFO] CodeEngine:255 - oldGeneratedFile, C:\Users\m-ali.khlifi-ext\OneDrive - DELACHAUX SA\work2\cadilac1.1\MXTmpFiles\system.tmp_save
2023-05-16 17:06:43,797 [INFO] CodeEngine:279 - Generated code: C:\Users\m-ali.khlifi-ext\OneDrive - DELACHAUX SA\work2\cadilac1.1\MXTmpFiles\system.tmp
2023-05-16 17:06:43,846 [INFO] CodeEngine:311 - oldGeneratedFile, C:\Users\m-ali.khlifi-ext\OneDrive - DELACHAUX SA\work2\cadilac1.1\Core\Inc\stm32f4xx_hal_conf.h_save
2023-05-16 17:06:43,996 [INFO] CodeEngine:335 - Generated code: C:\Users\m-ali.khlifi-ext\OneDrive - DELACHAUX SA\work2\cadilac1.1\Core\Inc\stm32f4xx_hal_conf.h
2023-05-16 17:06:44,043 [WARN] IPConfigManager:2937 - Warning: the RefConfig PLL2P_FOR_MCO is not available in your config.xml file
2023-05-16 17:06:44,098 [INFO] CodeEngine:255 - oldGeneratedFile, C:\Users\m-ali.khlifi-ext\OneDrive - DELACHAUX SA\work2\cadilac1.1\Core\Inc\main.h_save
2023-05-16 17:06:44,220 [INFO] CodeEngine:279 - Generated code: C:\Users\m-ali.khlifi-ext\OneDrive - DELACHAUX SA\work2\cadilac1.1\Core\Inc\main.h
2023-05-16 17:06:44,250 [INFO] CodeEngine:255 - oldGeneratedFile, C:\Users\m-ali.khlifi-ext\OneDrive - DELACHAUX SA\work2\cadilac1.1\Core\Src\main.c_save
2023-05-16 17:06:44,385 [INFO] CodeEngine:279 - Generated code: C:\Users\m-ali.khlifi-ext\OneDrive - DELACHAUX SA\work2\cadilac1.1\Core\Src\main.c
2023-05-16 17:06:46,199 [INFO] ProjectBuilder:2996 - Time for Copy HAL[1] : 1275mS.
2023-05-16 17:06:46,215 [INFO] ProjectBuilder:4304 - Project Generator version: 3.19.2
2023-05-16 17:06:46,700 [INFO] ConfigFileManager:1483 - The Die is : DIE421
2023-05-16 17:06:50,154 [INFO] ProjectBuilder:4505 - Time for Generating toolchain IDE Files: 3939mS.
2023-05-16 17:06:50,154 [INFO] ProjectBuilder:2867 - Time for Copy CMSIS : 0mS.
2023-05-16 17:06:50,185 [INFO] ProjectBuilder:2867 - Time for Copy CMSIS : 0mS.
