2023-07-12 08:58:27,798 [INFO] Activator:176 - 


2023-07-12 08:58:27,826 [INFO] Activator:177 - !SESSION log4j initialized
2023-07-12 08:58:33,131 [INFO] ApplicationProperties:184 - Using Application install path: C:\ST\STM32CubeIDE_1.12.0\STM32CubeIDE\plugins\com.st.stm32cube.common.mx_6.8.1.202304191431
2023-07-12 08:58:33,179 [INFO] DbMcusXml:78 - Set database path to: C:\ST\STM32CubeIDE_1.12.0\STM32CubeIDE\plugins\com.st.stm32cube.common.mx_6.8.1.202304191431\\db\/mcu/
2023-07-12 08:58:33,181 [INFO] ApiDb:274 - Set plugin database path to: C:\ST\STM32CubeIDE_1.12.0\STM32CubeIDE\plugins\com.st.stm32cube.common.mx_6.8.1.202304191431\\db\/plugins/boardmanager/
2023-07-12 08:58:33,191 [WARN] ApiDb:259 - Overriding images path with different value:  => C:\ST\STM32CubeIDE_1.12.0\STM32CubeIDE\plugins\com.st.stm32cube.common.mx_6.8.1.202304191431\\db\/plugins/mcufinder/images/
2023-07-12 08:58:33,240 [INFO] ApiDb:250 - Set database path to: C:\Users\m-ali.khlifi-ext\.stmcufinder\plugins\mcufinder//mcu/
2023-07-12 08:58:33,242 [INFO] DbMcusAds:125 - Set database path to: C:\Users\m-ali.khlifi-ext\.stmcufinder\plugins\mcufinder//mcu/
2023-07-12 08:58:33,351 [INFO] CrossReferenceDbSqlite:203 - Set database path to: C:\Users\m-ali.khlifi-ext\.stmcufinder\plugins\mcufinder//mcu/cs/
2023-07-12 08:58:33,645 [INFO] RulesReader:64 - Compatibility file has been processed (293 Rules)
2023-07-12 08:58:34,162 [INFO] DbMcusXml:78 - Set database path to: C:\ST\STM32CubeIDE_1.12.0\STM32CubeIDE\plugins\com.st.stm32cube.common.mx_6.8.1.202304191431\\db\/mcu/
2023-07-12 08:58:34,162 [INFO] ApiDb:274 - Set plugin database path to: C:\ST\STM32CubeIDE_1.12.0\STM32CubeIDE\plugins\com.st.stm32cube.common.mx_6.8.1.202304191431\\db\/plugins/boardmanager/
2023-07-12 08:58:34,162 [INFO] ApiDb:261 - Set plugin images path to: C:\ST\STM32CubeIDE_1.12.0\STM32CubeIDE\plugins\com.st.stm32cube.common.mx_6.8.1.202304191431\\db\/plugins/mcufinder/images/
2023-07-12 08:58:34,162 [WARN] DbFile:41 - Overriding database path with different value: C:\Users\m-ali.khlifi-ext\.stmcufinder\plugins\mcufinder/ => C:\Users\m-ali.khlifi-ext\.stmcufinder\plugins\mcufinder
2023-07-12 08:58:34,162 [INFO] ApiDb:250 - Set database path to: C:\Users\m-ali.khlifi-ext\.stmcufinder\plugins\mcufinder//mcu/
2023-07-12 08:58:34,162 [WARN] DbFile:41 - Overriding database path with different value: C:\Users\m-ali.khlifi-ext\.stmcufinder\plugins\mcufinder/ => C:\Users\m-ali.khlifi-ext\.stmcufinder\plugins\mcufinder
2023-07-12 08:58:34,162 [INFO] DbMcusAds:125 - Set database path to: C:\Users\m-ali.khlifi-ext\.stmcufinder\plugins\mcufinder//mcu/
2023-07-12 08:58:34,162 [WARN] DbFile:41 - Overriding database path with different value: C:\Users\m-ali.khlifi-ext\.stmcufinder\plugins\mcufinder/ => C:\Users\m-ali.khlifi-ext\.stmcufinder\plugins\mcufinder
2023-07-12 08:58:34,162 [WARN] DbFile:41 - Overriding database path with different value: C:\Users\m-ali.khlifi-ext\.stmcufinder\plugins\mcufinder/ => C:\Users\m-ali.khlifi-ext\.stmcufinder\plugins\mcufinder
2023-07-12 08:58:34,162 [INFO] CrossReferenceDbSqlite:203 - Set database path to: C:\Users\m-ali.khlifi-ext\.stmcufinder\plugins\mcufinder//mcu/cs/
2023-07-12 08:58:34,464 [INFO] MainPanel:253 - HeapMemory: 268435456
2023-07-12 08:58:34,696 [INFO] DbMcusXml:78 - Set database path to: C:\ST\STM32CubeIDE_1.12.0\STM32CubeIDE\plugins\com.st.stm32cube.common.mx_6.8.1.202304191431\\db\/mcu/
2023-07-12 08:58:34,696 [INFO] ApiDb:274 - Set plugin database path to: C:\ST\STM32CubeIDE_1.12.0\STM32CubeIDE\plugins\com.st.stm32cube.common.mx_6.8.1.202304191431\\db\/plugins/boardmanager/
2023-07-12 08:58:34,696 [INFO] ApiDb:261 - Set plugin images path to: C:\ST\STM32CubeIDE_1.12.0\STM32CubeIDE\plugins\com.st.stm32cube.common.mx_6.8.1.202304191431\\db\/plugins/mcufinder/images/
2023-07-12 08:58:34,696 [WARN] DbFile:41 - Overriding database path with different value: C:\Users\m-ali.khlifi-ext\.stmcufinder\plugins\mcufinder/ => C:\Users\m-ali.khlifi-ext\.stmcufinder\plugins\mcufinder
2023-07-12 08:58:34,696 [INFO] ApiDb:250 - Set database path to: C:\Users\m-ali.khlifi-ext\.stmcufinder\plugins\mcufinder//mcu/
2023-07-12 08:58:34,696 [WARN] DbFile:41 - Overriding database path with different value: C:\Users\m-ali.khlifi-ext\.stmcufinder\plugins\mcufinder/ => C:\Users\m-ali.khlifi-ext\.stmcufinder\plugins\mcufinder
2023-07-12 08:58:34,696 [INFO] DbMcusAds:125 - Set database path to: C:\Users\m-ali.khlifi-ext\.stmcufinder\plugins\mcufinder//mcu/
2023-07-12 08:58:34,696 [WARN] DbFile:41 - Overriding database path with different value: C:\Users\m-ali.khlifi-ext\.stmcufinder\plugins\mcufinder/ => C:\Users\m-ali.khlifi-ext\.stmcufinder\plugins\mcufinder
2023-07-12 08:58:34,696 [WARN] DbFile:41 - Overriding database path with different value: C:\Users\m-ali.khlifi-ext\.stmcufinder\plugins\mcufinder/ => C:\Users\m-ali.khlifi-ext\.stmcufinder\plugins\mcufinder
2023-07-12 08:58:34,696 [INFO] CrossReferenceDbSqlite:203 - Set database path to: C:\Users\m-ali.khlifi-ext\.stmcufinder\plugins\mcufinder//mcu/cs/
2023-07-12 08:58:34,777 [INFO] ApplicationProperties:184 - Using Application install path: C:\ST\STM32CubeIDE_1.12.0\STM32CubeIDE\plugins\com.st.stm32cube.common.mx_6.8.1.202304191431
2023-07-12 08:58:34,787 [INFO] PluginManage:196 - Search for loadable plugins [exclusion list=, ]
2023-07-12 08:58:34,787 [INFO] PluginManage:310 - Check plugin analytics
2023-07-12 08:58:35,432 [INFO] AnalyticsPlugin:253 - Accepted Software Licenses: 
2023-07-12 08:58:35,432 [INFO] AnalyticsPlugin:255 - Accepted CMSIS Pack Licenses: 
2023-07-12 08:58:35,432 [INFO] AnalyticsPlugin:257 - Accepted Firmware Licenses: FW.F4.1.27.0
2023-07-12 08:58:35,462 [INFO] PluginManage:359 - Loaded plugin analytics (category:tool,tabindex:-1)
2023-07-12 08:58:35,462 [INFO] PluginManage:310 - Check plugin cadmodel
2023-07-12 08:58:35,664 [INFO] CADModel:105 - Init CAD model plugin
2023-07-12 08:58:35,672 [INFO] PluginManage:359 - Loaded plugin cadmodel (category:power,tabindex:5)
2023-07-12 08:58:35,672 [INFO] PluginManage:310 - Check plugin clock
2023-07-12 08:58:35,755 [INFO] PluginManage:359 - Loaded plugin clock (category:base,tabindex:2)
2023-07-12 08:58:35,755 [INFO] PluginManage:310 - Check plugin ddr
2023-07-12 08:58:35,762 [INFO] PluginManage:359 - Loaded plugin ddr (category:tool,tabindex:6)
2023-07-12 08:58:35,762 [INFO] PluginManage:310 - Check plugin filemanager
2023-07-12 08:58:36,117 [INFO] PluginManage:359 - Loaded plugin filemanager (category:base,tabindex:10)
2023-07-12 08:58:36,117 [INFO] PluginManage:310 - Check plugin ipmanager
2023-07-12 08:58:36,178 [INFO] PluginManage:359 - Loaded plugin ipmanager (category:base,tabindex:5)
2023-07-12 08:58:36,186 [INFO] PluginManage:310 - Check plugin lpbam
2023-07-12 08:58:36,237 [INFO] PluginManage:359 - Loaded plugin lpbam (category:base,tabindex:0)
2023-07-12 08:58:36,237 [INFO] PluginManage:310 - Check plugin pinoutandconfiguration
2023-07-12 08:58:36,299 [INFO] PluginManage:359 - Loaded plugin pinoutandconfiguration (category:base,tabindex:1)
2023-07-12 08:58:36,299 [INFO] PluginManage:310 - Check plugin pinoutconfig
2023-07-12 08:58:36,521 [WARN] SupportedApi:132 - Cannot load RTOS API schema: s4s-elt-must-match.1: The content of 'definitions' must match (annotation?, (simpleType | complexType)?, (unique | key | keyref)*)). A problem was found starting at: attribute.
2023-07-12 08:58:36,863 [INFO] PluginManage:359 - Loaded plugin pinoutconfig (category:base,tabindex:0)
2023-07-12 08:58:36,863 [INFO] PluginManage:310 - Check plugin power
2023-07-12 08:58:36,924 [INFO] PluginManage:359 - Loaded plugin power (category:power,tabindex:4)
2023-07-12 08:58:36,932 [INFO] PluginManage:310 - Check plugin projectmanager
2023-07-12 08:58:36,964 [INFO] PluginManage:359 - Loaded plugin projectmanager (category:projectmanager,tabindex:3)
2023-07-12 08:58:36,964 [INFO] PluginManage:310 - Check plugin thirdparty
2023-07-12 08:58:37,437 [INFO] PluginManage:359 - Loaded plugin thirdparty (category:base,tabindex:-1)
2023-07-12 08:58:37,437 [WARN] IntegrityCheckThread:84 - waiting for thirdparty lock release [integrity check]
2023-07-12 08:58:37,437 [INFO] PluginManage:310 - Check plugin tools
2023-07-12 08:58:37,437 [INFO] IntegrityCheckThread:86 - entering critical section [integrity check]
2023-07-12 08:58:37,448 [INFO] ThirdPartyUpdaterWithRetryManager:70 - Updater plugin not ready yet. [1/15]
2023-07-12 08:58:37,468 [INFO] PluginManage:359 - Loaded plugin tools (category:base,tabindex:7)
2023-07-12 08:58:37,468 [INFO] PluginManage:310 - Check plugin tutovideos
2023-07-12 08:58:38,050 [INFO] PluginManage:359 - Loaded plugin tutovideos (category:base,tabindex:-1)
2023-07-12 08:58:38,050 [INFO] PluginManage:310 - Check plugin updater
2023-07-12 08:58:38,088 [INFO] PluginManage:359 - Loaded plugin updater (category:base,tabindex:12)
2023-07-12 08:58:38,088 [INFO] PluginManage:283 - PluginManage : Loaded plugins [15]
2023-07-12 08:58:38,997 [INFO] PinOutPanel:1499 - setPackage(No Configuration,No Configuration)
2023-07-12 08:58:39,388 [INFO] CADModel:165 - CPN selected for project level
2023-07-12 08:58:39,388 [INFO] CADModel:114 - Register for checkConnection events
2023-07-12 08:58:39,461 [INFO] IPUIPlugin:80 - create IPUIPlugin
2023-07-12 08:58:39,461 [INFO] PluginManager:220 - loadIPPluginJar : add adc
2023-07-12 08:58:39,481 [INFO] IPUIPlugin:80 - create IPUIPlugin
2023-07-12 08:58:39,481 [INFO] PluginManager:220 - loadIPPluginJar : add aes
2023-07-12 08:58:39,511 [INFO] IPUIPlugin:80 - create IPUIPlugin
2023-07-12 08:58:39,511 [INFO] PluginManager:220 - loadIPPluginJar : add can
2023-07-12 08:58:39,531 [INFO] IPUIPlugin:80 - create IPUIPlugin
2023-07-12 08:58:39,531 [INFO] PluginManager:220 - loadIPPluginJar : add comp
2023-07-12 08:58:39,561 [INFO] IPUIPlugin:80 - create IPUIPlugin
2023-07-12 08:58:39,561 [INFO] PluginManager:220 - loadIPPluginJar : add cryp
2023-07-12 08:58:39,590 [INFO] IPUIPlugin:80 - create IPUIPlugin
2023-07-12 08:58:39,590 [INFO] PluginManager:220 - loadIPPluginJar : add dfsdm
2023-07-12 08:58:39,630 [INFO] IPUIPlugin:80 - create IPUIPlugin
2023-07-12 08:58:39,630 [INFO] PluginManager:220 - loadIPPluginJar : add dma
2023-07-12 08:58:39,662 [INFO] IPUIPlugin:80 - create IPUIPlugin
2023-07-12 08:58:39,662 [INFO] PluginManager:220 - loadIPPluginJar : add dma3
2023-07-12 08:58:39,680 [INFO] IPUIPlugin:80 - create IPUIPlugin
2023-07-12 08:58:39,680 [INFO] PluginManager:220 - loadIPPluginJar : add fatfs
2023-07-12 08:58:39,711 [INFO] IPUIPlugin:80 - create IPUIPlugin
2023-07-12 08:58:39,711 [INFO] PluginManager:220 - loadIPPluginJar : add fmc
2023-07-12 08:58:39,758 [INFO] IPUIPlugin:80 - create IPUIPlugin
2023-07-12 08:58:39,758 [INFO] PluginManager:220 - loadIPPluginJar : add freertos
2023-07-12 08:58:39,774 [INFO] IPUIPlugin:80 - create IPUIPlugin
2023-07-12 08:58:39,774 [INFO] PluginManager:220 - loadIPPluginJar : add genericplugin
2023-07-12 08:58:39,812 [INFO] IPUIPlugin:80 - create IPUIPlugin
2023-07-12 08:58:39,812 [INFO] PluginManager:220 - loadIPPluginJar : add gfxmmu
2023-07-12 08:58:39,856 [INFO] IPUIPlugin:80 - create IPUIPlugin
2023-07-12 08:58:39,856 [INFO] PluginManager:220 - loadIPPluginJar : add gic
2023-07-12 08:58:39,881 [INFO] IPUIPlugin:80 - create IPUIPlugin
2023-07-12 08:58:39,881 [INFO] PluginManager:220 - loadIPPluginJar : add gpio
2023-07-12 08:58:39,912 [INFO] IPUIPlugin:80 - create IPUIPlugin
2023-07-12 08:58:39,912 [INFO] PluginManager:220 - loadIPPluginJar : add gtzc
2023-07-12 08:58:39,943 [INFO] IPUIPlugin:80 - create IPUIPlugin
2023-07-12 08:58:39,943 [INFO] PluginManager:220 - loadIPPluginJar : add hash
2023-07-12 08:58:39,981 [INFO] IPUIPlugin:80 - create IPUIPlugin
2023-07-12 08:58:39,981 [INFO] PluginManager:220 - loadIPPluginJar : add i2c
2023-07-12 08:58:40,004 [INFO] IPUIPlugin:80 - create IPUIPlugin
2023-07-12 08:58:40,004 [INFO] PluginManager:220 - loadIPPluginJar : add i2s
2023-07-12 08:58:40,035 [INFO] IPUIPlugin:80 - create IPUIPlugin
2023-07-12 08:58:40,035 [INFO] PluginManager:220 - loadIPPluginJar : add i3c
2023-07-12 08:58:40,067 [INFO] IPUIPlugin:80 - create IPUIPlugin
2023-07-12 08:58:40,067 [INFO] PluginManager:220 - loadIPPluginJar : add ipddr
2023-07-12 08:58:40,112 [INFO] IPUIPlugin:80 - create IPUIPlugin
2023-07-12 08:58:40,112 [INFO] PluginManager:220 - loadIPPluginJar : add linkedlist
2023-07-12 08:58:40,143 [INFO] IPUIPlugin:80 - create IPUIPlugin
2023-07-12 08:58:40,143 [INFO] PluginManager:220 - loadIPPluginJar : add lorawan
2023-07-12 08:58:40,159 [INFO] IPUIPlugin:80 - create IPUIPlugin
2023-07-12 08:58:40,174 [INFO] PluginManager:220 - loadIPPluginJar : add ltdc
2023-07-12 08:58:40,212 [INFO] IPUIPlugin:80 - create IPUIPlugin
2023-07-12 08:58:40,212 [INFO] PluginManager:220 - loadIPPluginJar : add mdma
2023-07-12 08:58:40,243 [INFO] IPUIPlugin:80 - create IPUIPlugin
2023-07-12 08:58:40,243 [INFO] PluginManager:220 - loadIPPluginJar : add nvic
2023-07-12 08:58:40,275 [INFO] IPUIPlugin:80 - create IPUIPlugin
2023-07-12 08:58:40,281 [INFO] PluginManager:220 - loadIPPluginJar : add opamp
2023-07-12 08:58:40,313 [INFO] IPUIPlugin:80 - create IPUIPlugin
2023-07-12 08:58:40,313 [INFO] PluginManager:220 - loadIPPluginJar : add openamp
2023-07-12 08:58:40,344 [INFO] IPUIPlugin:80 - create IPUIPlugin
2023-07-12 08:58:40,344 [INFO] PluginManager:220 - loadIPPluginJar : add pdm2pcm
2023-07-12 08:58:40,384 [INFO] IPUIPlugin:80 - create IPUIPlugin
2023-07-12 08:58:40,394 [INFO] PluginManager:220 - loadIPPluginJar : add plateformsettings
2023-07-12 08:58:40,414 [INFO] IPUIPlugin:80 - create IPUIPlugin
2023-07-12 08:58:40,414 [INFO] PluginManager:220 - loadIPPluginJar : add quadspi
2023-07-12 08:58:40,444 [INFO] IPUIPlugin:80 - create IPUIPlugin
2023-07-12 08:58:40,444 [INFO] PluginManager:220 - loadIPPluginJar : add resmgrutility
2023-07-12 08:58:40,452 [INFO] ThirdPartyUpdaterWithRetryManager:70 - Updater plugin not ready yet. [2/15]
2023-07-12 08:58:40,482 [INFO] IPUIPlugin:80 - create IPUIPlugin
2023-07-12 08:58:40,482 [INFO] PluginManager:220 - loadIPPluginJar : add sai
2023-07-12 08:58:40,505 [INFO] IPUIPlugin:80 - create IPUIPlugin
2023-07-12 08:58:40,505 [INFO] PluginManager:220 - loadIPPluginJar : add spi
2023-07-12 08:58:40,545 [INFO] IPUIPlugin:80 - create IPUIPlugin
2023-07-12 08:58:40,545 [INFO] PluginManager:220 - loadIPPluginJar : add stm32_wpan
2023-07-12 08:58:40,555 [INFO] IPUIPlugin:80 - create IPUIPlugin
2023-07-12 08:58:40,555 [INFO] PluginManager:220 - loadIPPluginJar : add tim
2023-07-12 08:58:40,595 [INFO] IPUIPlugin:80 - create IPUIPlugin
2023-07-12 08:58:40,595 [INFO] PluginManager:220 - loadIPPluginJar : add touchsensing
2023-07-12 08:58:40,615 [INFO] IPUIPlugin:80 - create IPUIPlugin
2023-07-12 08:58:40,615 [INFO] PluginManager:220 - loadIPPluginJar : add tracer_emb
2023-07-12 08:58:40,626 [INFO] IPUIPlugin:80 - create IPUIPlugin
2023-07-12 08:58:40,634 [INFO] PluginManager:220 - loadIPPluginJar : add ts
2023-07-12 08:58:40,646 [INFO] IPUIPlugin:80 - create IPUIPlugin
2023-07-12 08:58:40,646 [INFO] PluginManager:220 - loadIPPluginJar : add tsc
2023-07-12 08:58:40,666 [INFO] IPUIPlugin:80 - create IPUIPlugin
2023-07-12 08:58:40,666 [INFO] PluginManager:220 - loadIPPluginJar : add ucpd
2023-07-12 08:58:40,696 [INFO] IPUIPlugin:80 - create IPUIPlugin
2023-07-12 08:58:40,696 [INFO] PluginManager:220 - loadIPPluginJar : add usart
2023-07-12 08:58:40,716 [INFO] IPUIPlugin:80 - create IPUIPlugin
2023-07-12 08:58:40,716 [INFO] PluginManager:220 - loadIPPluginJar : add usbx
2023-07-12 08:58:40,996 [INFO] CADModel:165 - CPN selected for project level
2023-07-12 08:58:40,996 [INFO] CADModel:114 - Register for checkConnection events
2023-07-12 08:58:40,996 [FATAL] Updater:308 - Updater called before beeing initialized
2023-07-12 08:58:40,996 [ERROR] CADModel:125 - Updater not yet initialized, retry later 
2023-07-12 08:58:41,264 [INFO] CADModel:165 - CPN selected for project level
2023-07-12 08:58:41,264 [INFO] CADModel:114 - Register for checkConnection events
2023-07-12 08:58:41,264 [FATAL] Updater:308 - Updater called before beeing initialized
2023-07-12 08:58:41,264 [ERROR] CADModel:125 - Updater not yet initialized, retry later 
2023-07-12 08:58:41,279 [FATAL] Updater:308 - Updater called before beeing initialized
2023-07-12 08:58:41,665 [FATAL] Updater:308 - Updater called before beeing initialized
2023-07-12 08:58:41,687 [INFO] DbMcusAds:53 - JSON generation date=Tue Mar 07 09:50:54 CET 2023 (1678179054945)
2023-07-12 08:58:41,687 [FATAL] Updater:308 - Updater called before beeing initialized
2023-07-12 08:58:41,818 [WARN] DetailPanel:346 - Failed to get advertising image, set to default
2023-07-12 08:58:42,119 [FATAL] Updater:308 - Updater called before beeing initialized
2023-07-12 08:58:42,119 [FATAL] Updater:308 - Updater called before beeing initialized
2023-07-12 08:58:42,119 [FATAL] Updater:308 - Updater called before beeing initialized
2023-07-12 08:58:42,119 [WARN] DetailPanel:346 - Failed to get advertising image, set to default
2023-07-12 08:58:42,119 [FATAL] Updater:308 - Updater called before beeing initialized
2023-07-12 08:58:42,235 [ERROR] Updater:1120 - MainUpdater not yet initialized. External WinMGr cannot be set.
2023-07-12 08:58:42,250 [INFO] Updater:1056 - Updater Version found : 6.8.1
2023-07-12 08:58:42,266 [INFO] ApplicationProperties:184 - Using Application install path: C:\ST\STM32CubeIDE_1.12.0\STM32CubeIDE\plugins\com.st.stm32cube.common.mx_6.8.1.202304191431
2023-07-12 08:58:43,453 [INFO] ThirdPartyUpdaterWithRetryManager:70 - Updater plugin not ready yet. [3/15]
2023-07-12 08:58:43,544 [INFO] MainUpdater:2854 - connection check result : 10
2023-07-12 08:58:43,544 [INFO] MainUpdater:283 - Updater Check For Update Now.
2023-07-12 08:58:43,544 [INFO] MicroXplorer:498 - Change Database Version : DB.6.0.81
2023-07-12 08:58:43,839 [INFO] CheckServerUpdateThread:120 - End of CheckServer Thread
2023-07-12 08:58:44,044 [INFO] MainUpdater:2854 - connection check result : 10
2023-07-12 08:58:44,044 [INFO] MainUpdater:2854 - connection check result : 10
2023-07-12 08:58:44,240 [INFO] MicroXplorer:468 - Change Database Path : 
2023-07-12 08:58:44,240 [INFO] MicroXplorer:498 - Change Database Version : DB.6.0.81
2023-07-12 08:58:44,240 [WARN] ThirdParty:871 - waiting for thirdparty lock release [close project]
2023-07-12 08:58:47,015 [WARN] PackLoader:240 - Cannot read IP mode file for STMicroelectronics.X-CUBE-SMBUS.2.1.0
2023-07-12 08:58:47,106 [WARN] PackLoader:240 - Cannot read IP mode file for STMicroelectronics.X-CUBE-AZRTOS-F7.1.1.0
2023-07-12 08:58:47,215 [ERROR] RealEvaluatedCondition:428 - Found unsupported composite condition: CLASS='Data Exchange' GROUP='STM32_MetaDataManager'
2023-07-12 08:58:47,217 [ERROR] RealEvaluatedCondition:428 - Found unsupported composite condition: GROUP='STM32_MetaDataManager' CLASS='Data Exchange'
2023-07-12 08:58:47,217 [WARN] PackLoader:240 - Cannot read IP mode file for STMicroelectronics.FP-SNS-MOTENV1.4.3.0
2023-07-12 08:58:47,247 [WARN] PackLoader:240 - Cannot read IP mode file for STMicroelectronics.FP-SNS-MOTENV1.4.3.2
2023-07-12 08:58:47,277 [WARN] PackLoader:240 - Cannot read IP mode file for STMicroelectronics.FP-SNS-FLIGHT1.5.0.0
2023-07-12 08:58:47,295 [ERROR] RealEvaluatedCondition:428 - Found unsupported composite condition: CLASS='Data Exchange' GROUP='STM32_MetaDataManager'
2023-07-12 08:58:47,295 [ERROR] RealEvaluatedCondition:428 - Found unsupported composite condition: CLASS='Data Exchange' GROUP='STM32_MetaDataManager'
2023-07-12 08:58:47,297 [WARN] PackLoader:240 - Cannot read IP mode file for STMicroelectronics.FP-SNS-MOTENV1.4.3.1
2023-07-12 08:58:47,318 [WARN] PackLoader:240 - Cannot read IP mode file for STMicroelectronics.FP-SNS-FLIGHT1.5.0.1
2023-07-12 08:58:47,348 [WARN] PackLoader:240 - Cannot read IP mode file for STMicroelectronics.X-CUBE-BLE1.6.2.4
2023-07-12 08:58:47,378 [WARN] PackLoader:240 - Cannot read IP mode file for STMicroelectronics.X-CUBE-DISPLAY.3.0.0
2023-07-12 08:58:47,408 [WARN] PackLoader:240 - Cannot read IP mode file for STMicroelectronics.X-CUBE-TOUCHGFX.4.22.0
2023-07-12 08:58:47,469 [INFO] LogOutputStream:77 - [STDOUT_REDIRECT] 1 : Invalid condition id : UX_CORESTACK_Condition cause : null
2023-07-12 08:58:47,469 [INFO] LogOutputStream:77 - [STDOUT_REDIRECT] 1 : Invalid condition id : UX_CORESTACK_Condition cause : null
2023-07-12 08:58:47,479 [INFO] LogOutputStream:77 - [STDOUT_REDIRECT] 1 : Invalid condition id : UX_CORESTACK_Condition cause : null
2023-07-12 08:58:47,479 [INFO] LogOutputStream:77 - [STDOUT_REDIRECT] 1 : Invalid condition id : UX_CORESTACK_Condition cause : null
2023-07-12 08:58:47,479 [INFO] LogOutputStream:77 - [STDOUT_REDIRECT] 1 : Invalid condition id : UX_CORESTACK_Condition cause : null
2023-07-12 08:58:47,489 [WARN] PackLoader:240 - Cannot read IP mode file for STMicroelectronics.X-CUBE-AZRTOS-WL.2.0.0
2023-07-12 08:58:47,539 [WARN] PackLoader:240 - Cannot read IP mode file for WES.I-CUBE-Cesium.1.3.0
2023-07-12 08:58:47,559 [WARN] PackLoader:240 - Cannot read IP mode file for STMicroelectronics.X-CUBE-BLE2.3.3.0
2023-07-12 08:58:47,579 [WARN] PackLoader:240 - Cannot read IP mode file for STMicroelectronics.X-CUBE-TOUCHGFX.4.21.3
2023-07-12 08:58:47,590 [WARN] PackLoader:240 - Cannot read IP mode file for STMicroelectronics.X-CUBE-TOUCHGFX.4.21.4
2023-07-12 08:58:47,620 [WARN] PackLoader:240 - Cannot read IP mode file for STMicroelectronics.X-CUBE-ALGOBUILD.1.3.0
2023-07-12 08:58:47,690 [WARN] PackLoader:240 - Cannot read IP mode file for STMicroelectronics.X-CUBE-AZRTOS-G0.1.1.0
2023-07-12 08:58:47,721 [WARN] PackLoader:240 - Cannot read IP mode file for STMicroelectronics.X-CUBE-NFC4.3.0.0
2023-07-12 08:58:47,741 [WARN] PackLoader:240 - Cannot read IP mode file for STMicroelectronics.FP-ATR-SIGFOX1.3.2.0
2023-07-12 08:58:47,841 [WARN] PackLoader:240 - Cannot read IP mode file for SEGGER.I-CUBE-embOS.1.3.1
2023-07-12 08:58:48,051 [WARN] PackLoader:240 - Cannot read IP mode file for STMicroelectronics.X-CUBE-GNSS1.6.0.0
2023-07-12 08:58:48,124 [WARN] PackLoader:240 - Cannot read IP mode file for STMicroelectronics.X-CUBE-AZRTOS-F4.1.1.0
2023-07-12 08:58:48,165 [WARN] PackLoader:240 - Cannot read IP mode file for wolfSSL.I-CUBE-wolfSSL.5.6.0
2023-07-12 08:58:48,326 [WARN] PackLoader:240 - Cannot read IP mode file for STMicroelectronics.X-CUBE-MEMS1.9.6.0
2023-07-12 08:58:48,900 [WARN] PackLoader:240 - Cannot read IP mode file for emotas.I-CUBE-CANOPEN.1.1.3
2023-07-12 08:58:48,951 [WARN] PackLoader:240 - Cannot read IP mode file for STMicroelectronics.X-CUBE-BLEMGR.2.0.0
2023-07-12 08:58:49,021 [WARN] ConditionMgr:438 - getConditionDescription Invalid condition id : UX DEVICE CLASS RTOS Condition cause : null
2023-07-12 08:58:49,021 [WARN] ConditionMgr:438 - getConditionDescription Invalid condition id : UX DEVICE CLASS RTOS Condition cause : null
2023-07-12 08:58:49,031 [WARN] PackLoader:240 - Cannot read IP mode file for STMicroelectronics.X-CUBE-AZRTOS-H7.3.1.0
2023-07-12 08:58:49,031 [WARN] ConditionMgr:1039 - genDependencies : Invalid condition id : UX DEVICE CLASS RTOS Condition cause : null
2023-07-12 08:58:49,031 [WARN] ConditionMgr:1039 - genDependencies : Invalid condition id : UX DEVICE CLASS RTOS Condition cause : null
2023-07-12 08:58:49,039 [WARN] ConditionMgr:1039 - genDependencies : Invalid condition id : UX DEVICE CLASS RTOS Condition cause : null
2023-07-12 08:58:49,039 [WARN] ConditionMgr:1039 - genDependencies : Invalid condition id : UX DEVICE CLASS RTOS Condition cause : null
2023-07-12 08:58:49,039 [WARN] ConditionMgr:1039 - genDependencies : Invalid condition id : UX DEVICE CLASS RTOS Condition cause : null
2023-07-12 08:58:49,061 [WARN] PackLoader:240 - Cannot read IP mode file for STMicroelectronics.X-CUBE-NFC7.1.0.1
2023-07-12 08:58:49,090 [WARN] PackLoader:240 - Cannot read IP mode file for STMicroelectronics.X-CUBE-NFC7.1.0.0
2023-07-12 08:58:49,112 [WARN] PackLoader:240 - Cannot read IP mode file for STMicroelectronics.X-CUBE-EEPRMA1.4.1.0
2023-07-12 08:58:49,180 [WARN] ConditionMgr:438 - getConditionDescription Invalid condition id : LAN8742 Phy interface Condition cause : null
2023-07-12 08:58:49,182 [WARN] PackLoader:240 - Cannot read IP mode file for STMicroelectronics.X-CUBE-AZRTOS-L4.2.0.0
2023-07-12 08:58:49,182 [WARN] ConditionMgr:1039 - genDependencies : Invalid condition id : LAN8742 Phy interface Condition cause : null
2023-07-12 08:58:49,182 [WARN] ConditionMgr:1039 - genDependencies : Invalid condition id : LAN8742 Phy interface Condition cause : null
2023-07-12 08:58:49,182 [WARN] ConditionMgr:1039 - genDependencies : Invalid condition id : LAN8742 Phy interface Condition cause : null
2023-07-12 08:58:49,213 [WARN] PackLoader:240 - Cannot read IP mode file for STMicroelectronics.X-CUBE-SFXS2LP1.4.0.0
2023-07-12 08:58:49,233 [WARN] PackLoader:240 - Cannot read IP mode file for STMicroelectronics.X-CUBE-ISPU.1.1.0
2023-07-12 08:58:49,253 [WARN] PackLoader:240 - Cannot read IP mode file for STMicroelectronics.X-CUBE-AI.8.0.0
2023-07-12 08:58:49,273 [WARN] PackLoader:240 - Cannot read IP mode file for STMicroelectronics.X-CUBE-FREERTOS.1.0.1
2023-07-12 08:58:49,324 [WARN] PackLoader:240 - Cannot read IP mode file for STMicroelectronics.X-CUBE-AZRTOS-L5.1.1.0
2023-07-12 08:58:49,352 [WARN] PackLoader:240 - Cannot read IP mode file for STMicroelectronics.X-CUBE-AI.8.0.1
2023-07-12 08:58:49,392 [WARN] PackLoader:240 - Cannot read IP mode file for STMicroelectronics.X-CUBE-SUBG2.5.0.0
2023-07-12 08:58:49,455 [WARN] PackLoader:240 - Cannot read IP mode file for STMicroelectronics.X-CUBE-AZRTOS-G4.2.0.0
2023-07-12 08:58:49,495 [WARN] PackLoader:240 - Cannot read IP mode file for STMicroelectronics.X-CUBE-TOF1.3.3.0
2023-07-12 08:58:49,573 [WARN] PackLoader:240 - Cannot read IP mode file for STMicroelectronics.X-CUBE-AZRTOS-L4.1.0.0
2023-07-12 08:58:49,616 [WARN] PackLoader:240 - Cannot read IP mode file for STMicroelectronics.X-CUBE-AZRTOS-WL.1.0.0
2023-07-12 08:58:49,646 [WARN] PackLoader:240 - Cannot read IP mode file for portGmbH.I-Cube-SoM-uGOAL.1.1.0
2023-07-12 08:58:49,664 [WARN] PackLoader:240 - Cannot read IP mode file for STMicroelectronics.X-CUBE-ALS.1.0.1
2023-07-12 08:58:49,706 [WARN] PackLoader:240 - Cannot read IP mode file for STMicroelectronics.X-CUBE-AZRTOS-WB.1.1.0
2023-07-12 08:58:49,727 [WARN] PackLoader:240 - Cannot read IP mode file for STMicroelectronics.FP-ATR-ASTRA1.2.0.0
2023-07-12 08:58:49,727 [INFO] ThirdParty:978 - Integrity check success = true
2023-07-12 08:58:49,727 [INFO] IntegrityCheckThread:100 - exiting critical section [integrity check]
2023-07-12 08:58:49,727 [INFO] IntegrityCheckThread:103 - End integrity checks thread
2023-07-12 08:58:49,727 [INFO] ThirdParty:873 - entering critical section [close project]
2023-07-12 08:58:49,727 [INFO] ThirdParty:883 - exiting critical section [close project]
2023-07-12 08:58:49,737 [INFO] PinOutPanel:1499 - setPackage(No Configuration,No Configuration)
2023-07-12 08:58:49,745 [INFO] UtilMem:75 - Begin LoadConfig() Used Memory: 157671112 Bytes (268435456)
2023-07-12 08:58:49,755 [INFO] MicroXplorer:468 - Change Database Path : C:/Users/m-ali.khlifi-ext/.stm32cubemx/databases/DB.6.0.80/db/
2023-07-12 08:58:49,755 [INFO] MicroXplorer:498 - Change Database Version : DB.6.0.80
2023-07-12 08:59:08,953 [INFO] OpenFileManager:308 - Change cursor
2023-07-12 08:59:09,037 [INFO] Mcu:1937 - Initializing MCU STM32F446R(C-E)Tx STM32F446RETx STM32F446RET6
2023-07-12 08:59:12,217 [INFO] Context:659 - Trying to add GPIOservice into a context  which must be forbidden
2023-07-12 08:59:13,845 [INFO] RtosManager:555 - Registered RTOS mode: class=CMSIS, group=RTOS, mode=CMSIS_V1, owner=FREERTOS
2023-07-12 08:59:13,845 [INFO] RtosManager:555 - Registered RTOS mode: class=CMSIS, group=RTOS2, mode=CMSIS_V2, owner=FREERTOS
2023-07-12 08:59:13,845 [INFO] RtosManager:555 - Registered RTOS mode: class=RTOS, group=Core, mode=CMSIS_V1, owner=FREERTOS
2023-07-12 08:59:13,845 [INFO] RtosManager:555 - Registered RTOS mode: class=RTOS, group=Core, mode=CMSIS_V2, owner=FREERTOS
2023-07-12 08:59:13,845 [WARN] ModelIntegratedComponent:184 - Missing modes for component STMicroelectronics:FreeRTOS:0.0.1:STMicroelectronics:RTOS:FreeRTOS:Core:::10.2.0:
2023-07-12 08:59:13,875 [WARN] ModelIntegratedComponent:63 - No mode defined for component null
2023-07-12 08:59:13,875 [WARN] ModelIntegratedComponent:63 - No mode defined for component null
2023-07-12 08:59:13,875 [WARN] ModelIntegratedComponent:63 - No mode defined for component null
2023-07-12 08:59:13,875 [WARN] ModelIntegratedComponent:63 - No mode defined for component null
2023-07-12 08:59:13,875 [WARN] ModelIntegratedComponent:63 - No mode defined for component null
2023-07-12 08:59:13,875 [WARN] ModelIntegratedComponent:63 - No mode defined for component null
2023-07-12 08:59:13,875 [WARN] ModelIntegratedComponent:63 - No mode defined for component null
2023-07-12 08:59:13,883 [WARN] ModelIntegratedComponent:63 - No mode defined for component null
2023-07-12 08:59:13,883 [WARN] ModelIntegratedComponent:63 - No mode defined for component null
2023-07-12 08:59:13,883 [WARN] ModelIntegratedComponent:63 - No mode defined for component null
2023-07-12 08:59:13,883 [WARN] ModelIntegratedComponent:63 - No mode defined for component null
2023-07-12 08:59:13,883 [WARN] ModelIntegratedComponent:63 - No mode defined for component null
2023-07-12 08:59:13,883 [WARN] ModelIntegratedComponent:63 - No mode defined for component null
2023-07-12 08:59:13,883 [WARN] ModelIntegratedComponent:63 - No mode defined for component null
2023-07-12 08:59:13,883 [WARN] ModelIntegratedComponent:63 - No mode defined for component null
2023-07-12 08:59:13,883 [WARN] ModelIntegratedComponent:63 - No mode defined for component null
2023-07-12 08:59:13,883 [WARN] ModelIntegratedComponent:63 - No mode defined for component null
2023-07-12 08:59:13,883 [WARN] ModelIntegratedComponent:63 - No mode defined for component null
2023-07-12 08:59:13,883 [WARN] ModelIntegratedComponent:63 - No mode defined for component null
2023-07-12 08:59:13,883 [WARN] ModelIntegratedComponent:63 - No mode defined for component null
2023-07-12 08:59:13,883 [WARN] ModelIntegratedComponent:63 - No mode defined for component null
2023-07-12 08:59:13,885 [WARN] ModelIntegratedComponent:63 - No mode defined for component null
2023-07-12 08:59:13,885 [WARN] ModelIntegratedComponent:63 - No mode defined for component null
2023-07-12 08:59:13,885 [WARN] ModelIntegratedComponent:63 - No mode defined for component null
2023-07-12 08:59:13,885 [WARN] ModelIntegratedComponent:63 - No mode defined for component null
2023-07-12 08:59:13,885 [WARN] ModelIntegratedComponent:63 - No mode defined for component null
2023-07-12 08:59:13,885 [WARN] ModelIntegratedComponent:63 - No mode defined for component null
2023-07-12 08:59:13,885 [WARN] ModelIntegratedComponent:63 - No mode defined for component null
2023-07-12 08:59:13,885 [WARN] ModelIntegratedComponent:63 - No mode defined for component null
2023-07-12 08:59:13,885 [WARN] ModelIntegratedComponent:63 - No mode defined for component null
2023-07-12 08:59:13,885 [WARN] ModelIntegratedComponent:63 - No mode defined for component null
2023-07-12 08:59:13,885 [WARN] ModelIntegratedComponent:63 - No mode defined for component null
2023-07-12 08:59:13,885 [WARN] ModelIntegratedComponent:63 - No mode defined for component null
2023-07-12 08:59:13,935 [INFO] ThirdPartyModel:298 - Start build external matchings
2023-07-12 08:59:14,750 [INFO] ThirdPartyModel:316 - End build external matchings
2023-07-12 08:59:14,792 [INFO] ImportTextPane:194 - (OptionalMessage_ERROR) IP (DMA) : Parameter (Instance) has Id (ADC1) currently not set
2023-07-12 08:59:14,792 [INFO] ImportTextPane:194 - (OptionalMessage_ERROR) IP (DMA) : Parameter (Channel) has Id (ADC1) currently not set
2023-07-12 08:59:14,792 [INFO] ImportTextPane:194 - (OptionalMessage_ERROR) IP (DMA) : Parameter (Direction) has Id (ADC1) currently not set
2023-07-12 08:59:14,792 [INFO] ImportTextPane:194 - (OptionalMessage_ERROR) IP (DMA) : Parameter (PeriphInc) has Id (ADC1) currently not set
2023-07-12 08:59:14,792 [INFO] ImportTextPane:194 - (OptionalMessage_ERROR) IP (DMA) : Parameter (MemInc) has Id (ADC1) currently not set
2023-07-12 08:59:14,800 [INFO] ImportTextPane:194 - (OptionalMessage_ERROR) IP (DMA) : Parameter (PeriphDataAlignment) has Id (ADC1) currently not set
2023-07-12 08:59:14,800 [INFO] ImportTextPane:194 - (OptionalMessage_ERROR) IP (DMA) : Parameter (MemDataAlignment) has Id (ADC1) currently not set
2023-07-12 08:59:14,800 [INFO] ImportTextPane:194 - (OptionalMessage_ERROR) IP (DMA) : Parameter (Mode) has Id (ADC1) currently not set
2023-07-12 08:59:14,802 [INFO] ImportTextPane:194 - (OptionalMessage_ERROR) IP (DMA) : Parameter (Priority) has Id (ADC1) currently not set
2023-07-12 08:59:14,802 [INFO] ImportTextPane:194 - (OptionalMessage_ERROR) IP (DMA) : Parameter (FIFOMode) has Id (ADC1) currently not set
2023-07-12 08:59:14,812 [INFO] ImportTextPane:194 - (OptionalMessage_ERROR) IP (RCC) : Invalid parameter (FamilyName)
2023-07-12 08:59:14,893 [WARN] IP:2113 - DEVICE_SERIAL0_CDC_FS not found: check if there is a RefParameter without a condition.
2023-07-12 08:59:14,893 [WARN] IP:2113 - DEVICE_SERIAL1_CDC_FS not found: check if there is a RefParameter without a condition.
2023-07-12 08:59:14,893 [WARN] IP:2113 - DEVICE_SERIAL2_CDC_FS not found: check if there is a RefParameter without a condition.
2023-07-12 08:59:15,840 [INFO] UtilMem:75 - End LoadConfig() Used Memory: 140063672 Bytes (268435456)
2023-07-12 08:59:16,102 [INFO] ApiDb:581 - Connected to CubeFinder SQLite database (C:\Users\m-ali.khlifi-ext\.stmcufinder\plugins\mcufinder\mcu\cube-finder-db.db)
2023-07-12 08:59:16,314 [INFO] ApiDb:668 - CubeFinder database Data Model version=2.1
2023-07-12 08:59:16,322 [INFO] ApiDb:669 - CubeFinder database Configuration version=3.0.35
2023-07-12 08:59:16,322 [INFO] ApiDb:670 - CubeFinder database generation date=2023-05-12 (1683877179)
2023-07-12 08:59:16,322 [INFO] ApiDb:671 - CubeFinder database FW Pack versions=[FP-ATR-ASTRA1_V2.0.0, FP-SNS-FLIGHT1_V5.0.0, FP-SNS-MOTENV1_V4.3.0, STM32Cube_FW_C0_V1.0.1, STM32Cube_FW_F0_V1.11.4, STM32Cube_FW_F3_V1.11.4, STM32Cube_FW_F4_V1.27.1, STM32Cube_FW_F7_V1.17.0, STM32Cube_FW_G0_V1.6.1, STM32Cube_FW_G4_V1.5.1, STM32Cube_FW_H5_V0.5.1, STM32Cube_FW_H5_V1.0.0, STM32Cube_FW_H7_V1.11.0, STM32Cube_FW_L0_V1.12.2, STM32Cube_FW_L5_V1.5.0, STM32Cube_FW_U5_V1.2.0, STM32Cube_FW_WBA_V1.0.0, STM32Cube_FW_WBA_V1.0.0RC1, STM32Cube_FW_WBA_V1.0.0RC3, STM32Cube_FW_WB_V1.15.0RC1, STM32Cube_FW_WB_V1.16.0, STM32Cube_FW_WB_V1.16.0RC2, STM32Cube_FW_WL_V1.3.0, X-CUBE-ALGOBUILD_V1.3.0, X-CUBE-ALS_V1.0.1, X-CUBE-AZRTOS-F4_V1.1.0, X-CUBE-AZRTOS-F7_V1.1.0, X-CUBE-AZRTOS-G0_V1.1.0, X-CUBE-AZRTOS-G4_V2.0.0, X-CUBE-AZRTOS-H7_V3.1.0, X-CUBE-AZRTOS-L4_V1.0.0, X-CUBE-AZRTOS-L5_V1.1.0, X-CUBE-AZRTOS-WB_V1.1.0, X-CUBE-AZRTOS-WL_V1.0.0, X-CUBE-BLE1_V6.2.4, X-CUBE-BLE2_V3.3.0, X-CUBE-BLEMGR_V2.0.0, X-CUBE-EEPRMA1_V4.1.0, X-CUBE-FREERTOS_V1.0.1, X-CUBE-GNSS1_V6.0.0, X-CUBE-MEMS1_V9.1.0, X-CUBE-MEMS1_V9.4.0, X-CUBE-MEMS1_V9.6.0, X-CUBE-NFC4_V3.0.0, X-CUBE-NFC7_V1.0.0, X-CUBE-SFXS2LP1_V4.0.0, X-CUBE-SUBG2_V5.0.0]
2023-07-12 08:59:20,072 [INFO] ApiDb:240 - Found 297 in-development CPN: [B-G473E-ZEST1S, B-WB1M-WPAN1, B-WL5M-SUBG1, NUCLEO-C031C6, NUCLEO-H503RB, NUCLEO-H563ZI, NUCLEO-U545RE-Q, NUCLEO-U5A5ZJ-Q, NUCLEO-WBA52CG, STEVAL-PROTEUS1, STEVAL-STWINBX1, STM320518-EVAL, STM32C0116-DK, STM32C011D6Y3TR, STM32C011D6Y6TR, STM32C011F4P3, STM32C011F4P6, STM32C011F4U3, STM32C011F4U6TR, STM32C011F6P3, STM32C011F6P6, STM32C011F6U3, STM32C011F6U6TR, STM32C011J4M3, STM32C011J4M6, STM32C011J6M3, STM32C011J6M6, STM32C0316-DK, STM32C031C4T3, STM32C031C4T6, STM32C031C4U3, STM32C031C4U6, STM32C031C6T3, STM32C031C6T6, STM32C031C6U3, STM32C031C6U6, STM32C031F4P3, STM32C031F4P6, STM32C031F6P3, STM32C031F6P6, STM32C031G4U3, STM32C031G4U6, STM32C031G6U3, STM32C031G6U6, STM32C031K4T3, STM32C031K4T6, STM32C031K4U3, STM32C031K4U6, STM32C031K6T3, STM32C031K6T6, STM32C031K6U3, STM32C031K6U6, STM32G071K8TXN, STM32G071K8UXN, STM32G081GBU6N, STM32G081KBT6N, STM32G081KBUXN, STM32G0B1CCT6N, STM32G0B1KCT6, STM32G0B1NEY6TR, STM32G0B1RCT6N, STM32G0C1CCT6, STM32G0C1CCT6N, STM32G0C1CCU6N, STM32G0C1CET6N, STM32G0C1CEU6N, STM32G0C1KCT6, STM32G0C1NEY6TR, STM32G0C1RCI6N, STM32G0C1RCT6N, STM32G0C1REI6N, STM32G0C1RET6N, STM32G0C1VCI6, STM32G0C1VEI6, STM32G471CCT6, STM32G471CCU6, STM32G471CET3, STM32G471CET6, STM32G471CEU3, STM32G471CEU6, STM32G471MCT6, STM32G471MET3, STM32G471MET6, STM32G471MEY6TR, STM32G471QCT6, STM32G471QET3, STM32G471RCT6, STM32G471RET3, STM32G471RET6, STM32G471VCH6, STM32G471VCI6, STM32G471VCT6, STM32G471VEH3, STM32G471VEH6, STM32G471VEI3, STM32G471VEI6, STM32G471VET3, STM32G471VET6, STM32G474CCT6, STM32H503CBT6, STM32H503CBU6, STM32H503EBY6TR, STM32H503KBU6, STM32H503RBT6, STM32H562AGI6, STM32H562AII6, STM32H562IGK6, STM32H562IGT6, STM32H562IIK6, STM32H562IIT6, STM32H562RGT6, STM32H562RGV6, STM32H562RIT6, STM32H562RIV6, STM32H562VGT6, STM32H562VIT6, STM32H562ZGT6, STM32H562ZIT6, STM32H563AGI6, STM32H563AII3Q, STM32H563AII6, STM32H563IGK6, STM32H563IGT6, STM32H563IIK3Q, STM32H563IIK6, STM32H563IIT3Q, STM32H563IIT6, STM32H563MIY3QTR, STM32H563RGT6, STM32H563RGV6, STM32H563RIT6, STM32H563RIV6, STM32H563VGT6, STM32H563VIT3Q, STM32H563VIT6, STM32H563ZGT6, STM32H563ZIT3Q, STM32H563ZIT6, STM32H573AII3Q, STM32H573AII6, STM32H573I-DK, STM32H573IIK3Q, STM32H573IIK6, STM32H573IIT3Q, STM32H573IIT6, STM32H573MIY3QTR, STM32H573RIT6, STM32H573RIV6, STM32H573VIT3Q, STM32H573VIT6, STM32H573ZIT3Q, STM32H573ZIT6, STM32L4R5QGI6STR, STM32MP131AAE3, STM32MP131AAF3, STM32MP131AAG3, STM32MP131CAE3, STM32MP131CAF3, STM32MP131CAG3, STM32MP131DAE7, STM32MP131DAF7, STM32MP131DAG7, STM32MP131FAE7, STM32MP131FAF7, STM32MP131FAG7, STM32MP133AAE3, STM32MP133AAF3, STM32MP133AAG3, STM32MP133CAE3, STM32MP133CAF3, STM32MP133CAG3, STM32MP133DAE7, STM32MP133DAF7, STM32MP133DAG7, STM32MP133FAE7, STM32MP133FAF7, STM32MP133FAG7, STM32MP135AAE3, STM32MP135AAF3, STM32MP135AAG3, STM32MP135CAE3, STM32MP135CAF3, STM32MP135CAG3, STM32MP135DAE7, STM32MP135DAF7, STM32MP135DAG7, STM32MP135F-DK, STM32MP135FAE7, STM32MP135FAF7, STM32MP135FAF7T, STM32MP135FAF7U, STM32MP135FAG7, STM32U535CBT6, STM32U535CBT6Q, STM32U535CBU6, STM32U535CBU6Q, STM32U535CCT6, STM32U535CCT6Q, STM32U535CCU6, STM32U535CCU6Q, STM32U535CET6, STM32U535CET6Q, STM32U535CEU6, STM32U535CEU6Q, STM32U535JEY6QTR, STM32U535NCY6QTR, STM32U535NEY6QTR, STM32U535RBI6, STM32U535RBI6Q, STM32U535RBT6, STM32U535RBT6Q, STM32U535RCI6, STM32U535RCI6Q, STM32U535RCT6, STM32U535RCT6Q, STM32U535REI6, STM32U535REI6Q, STM32U535RET6, STM32U535RET6Q, STM32U535VCI6, STM32U535VCI6Q, STM32U535VCT6, STM32U535VCT6Q, STM32U535VEI6, STM32U535VEI6Q, STM32U535VET6, STM32U535VET6Q, STM32U545CET6, STM32U545CET6Q, STM32U545CEU6, STM32U545CEU6Q, STM32U545JEY6QTR, STM32U545NEY6QTR, STM32U545REI6, STM32U545REI6Q, STM32U545RET6, STM32U545RET6Q, STM32U545VEI6, STM32U545VEI6Q, STM32U545VET6, STM32U545VET6Q, STM32U595AIH6, STM32U595AIH6Q, STM32U595AJH6, STM32U595AJH6Q, STM32U595QII6, STM32U595QII6Q, STM32U595QJI6, STM32U595QJI6Q, STM32U595RIT6, STM32U595RIT6Q, STM32U595RJT6, STM32U595RJT6Q, STM32U595VIT6, STM32U595VIT6Q, STM32U595VJT6, STM32U595VJT6Q, STM32U595ZIT6, STM32U595ZIT6Q, STM32U595ZIY6QTR, STM32U595ZJT6, STM32U595ZJT6Q, STM32U595ZJY6QTR, STM32U599BJY6QTR, STM32U599NIH6Q, STM32U599NJH6Q, STM32U599VIT6Q, STM32U599VJT6, STM32U599VJT6Q, STM32U599ZIT6Q, STM32U599ZIY6QTR, STM32U599ZJT6Q, STM32U599ZJY6QTR, STM32U5A5AJH6, STM32U5A5AJH6Q, STM32U5A5QJI6, STM32U5A5QJI6Q, STM32U5A5RJT6, STM32U5A5RJT6Q, STM32U5A5VJT6, STM32U5A5VJT6Q, STM32U5A5ZJT6, STM32U5A5ZJT6Q, STM32U5A5ZJY6QTR, STM32U5A9BJY6QTR, STM32U5A9J-DK, STM32U5A9NJH6Q, STM32U5A9VJT6Q, STM32U5A9ZJT6Q, STM32U5A9ZJY6QTR, STM32WB1MMCH6, STM32WBA52CEU6, STM32WBA52CEU6T, STM32WBA52CGU6, STM32WBA52CGU6T, STM32WL5MOCH6, STM32WL5MOCH6TR]
2023-07-12 08:59:20,072 [INFO] DbMcus:216 - Found 3775 MCUs, 3775 are supported
2023-07-12 08:59:20,087 [INFO] ApiDb:423 - Load user favorites file C:\Users\m-ali.khlifi-ext/.stm32cubeide/favorites.mcus.txt: 0 item(s)
2023-07-12 08:59:20,087 [INFO] ApiDb:427 - User favorites MCUs=[]
2023-07-12 08:59:20,087 [INFO] DbMcus:222 - Set 0 / 0 favorites MCUs
2023-07-12 08:59:20,720 [WARN] ThirdParty:833 - waiting for thirdparty lock release [change project]
2023-07-12 08:59:20,720 [INFO] ThirdParty:835 - entering critical section [change project]
2023-07-12 08:59:20,720 [INFO] ThirdParty:1030 - CMSIS Pack Vendor :STMicroelectronics X-CUBE-ISPU 1.1.0
2023-07-12 08:59:20,720 [INFO] ThirdParty:1030 - CMSIS Pack Vendor :STMicroelectronics X-CUBE-GNSS1 6.0.0
2023-07-12 08:59:20,720 [INFO] ThirdParty:1030 - CMSIS Pack Vendor :STMicroelectronics USB_HOST 2.0.0
2023-07-12 08:59:20,720 [INFO] ThirdParty:1030 - CMSIS Pack Vendor :STMicroelectronics X-CUBE-AZRTOS-F4 1.1.0
2023-07-12 08:59:20,720 [INFO] ThirdParty:1030 - CMSIS Pack Vendor :STMicroelectronics LIBJPEG 8.0.0
2023-07-12 08:59:20,720 [INFO] ThirdParty:1030 - CMSIS Pack Vendor :STMicroelectronics X-CUBE-SMBUS 2.1.0
2023-07-12 08:59:20,720 [INFO] ThirdParty:1030 - CMSIS Pack Vendor :wolfSSL I-CUBE-wolfSSL 5.6.0
2023-07-12 08:59:20,720 [INFO] ThirdParty:1030 - CMSIS Pack Vendor :STMicroelectronics USB_DEVICE 3.0.0
2023-07-12 08:59:20,720 [INFO] ThirdParty:1030 - CMSIS Pack Vendor :STMicroelectronics X-CUBE-AI 8.0.0
2023-07-12 08:59:20,720 [INFO] ThirdParty:1030 - CMSIS Pack Vendor :STMicroelectronics X-CUBE-FREERTOS 1.0.1
2023-07-12 08:59:20,720 [INFO] ThirdParty:1030 - CMSIS Pack Vendor :STMicroelectronics X-CUBE-TOUCHGFX 4.21.3
2023-07-12 08:59:20,720 [INFO] ThirdParty:1030 - CMSIS Pack Vendor :STMicroelectronics X-CUBE-AZRTOS-F7 1.1.0
2023-07-12 08:59:20,720 [INFO] ThirdParty:1030 - CMSIS Pack Vendor :STMicroelectronics X-CUBE-TOUCHGFX 4.21.4
2023-07-12 08:59:20,720 [INFO] ThirdParty:1030 - CMSIS Pack Vendor :STMicroelectronics USB_DEVICE 2.0.0
2023-07-12 08:59:20,720 [INFO] ThirdParty:1030 - CMSIS Pack Vendor :STMicroelectronics X-CUBE-MEMS1 9.6.0
2023-07-12 08:59:20,720 [INFO] ThirdParty:1030 - CMSIS Pack Vendor :STMicroelectronics FP-SNS-MOTENV1 4.3.0
2023-07-12 08:59:20,720 [INFO] ThirdParty:1030 - CMSIS Pack Vendor :STMicroelectronics FP-SNS-MOTENV1 4.3.2
2023-07-12 08:59:20,720 [INFO] ThirdParty:1030 - CMSIS Pack Vendor :STMicroelectronics FP-SNS-FLIGHT1 5.0.0
2023-07-12 08:59:20,736 [INFO] ThirdParty:1030 - CMSIS Pack Vendor :STMicroelectronics FP-SNS-MOTENV1 4.3.1
2023-07-12 08:59:20,736 [INFO] ThirdParty:1030 - CMSIS Pack Vendor :STMicroelectronics FP-SNS-FLIGHT1 5.0.1
2023-07-12 08:59:20,736 [INFO] ThirdParty:1030 - CMSIS Pack Vendor :STMicroelectronics X-CUBE-ALGOBUILD 1.3.0
2023-07-12 08:59:20,736 [INFO] ThirdParty:1030 - CMSIS Pack Vendor :STMicroelectronics X-CUBE-BLE1 6.2.4
2023-07-12 08:59:20,736 [INFO] ThirdParty:1030 - CMSIS Pack Vendor :STMicroelectronics X-CUBE-AZRTOS-L5 1.1.0
2023-07-12 08:59:20,736 [INFO] ThirdParty:1030 - CMSIS Pack Vendor :STMicroelectronics FreeRTOS 0.0.1
2023-07-12 08:59:20,736 [INFO] ThirdParty:1030 - CMSIS Pack Vendor :STMicroelectronics X-CUBE-AZRTOS-G0 1.1.0
2023-07-12 08:59:20,736 [INFO] ThirdParty:1030 - CMSIS Pack Vendor :emotas I-CUBE-CANOPEN 1.1.3
2023-07-12 08:59:20,736 [INFO] ThirdParty:1030 - CMSIS Pack Vendor :STMicroelectronics X-CUBE-BLEMGR 2.0.0
2023-07-12 08:59:20,736 [INFO] ThirdParty:1030 - CMSIS Pack Vendor :STMicroelectronics X-CUBE-AI 8.0.1
2023-07-12 08:59:20,736 [INFO] ThirdParty:1030 - CMSIS Pack Vendor :STMicroelectronics X-CUBE-NFC4 3.0.0
2023-07-12 08:59:20,736 [INFO] ThirdParty:1030 - CMSIS Pack Vendor :STMicroelectronics X-CUBE-SUBG2 5.0.0
2023-07-12 08:59:20,736 [INFO] ThirdParty:1030 - CMSIS Pack Vendor :STMicroelectronics STM32_WPAN 1.0.0
2023-07-12 08:59:20,736 [INFO] ThirdParty:1030 - CMSIS Pack Vendor :STMicroelectronics lwIP 2.0.3
2023-07-12 08:59:20,736 [INFO] ThirdParty:1030 - CMSIS Pack Vendor :STMicroelectronics USB_HOST 1.0.0
2023-07-12 08:59:20,736 [INFO] ThirdParty:1030 - CMSIS Pack Vendor :STMicroelectronics X-CUBE-AZRTOS-G4 2.0.0
2023-07-12 08:59:20,736 [INFO] ThirdParty:1030 - CMSIS Pack Vendor :STMicroelectronics PDM2PCM 3.1.0
2023-07-12 08:59:20,736 [INFO] ThirdParty:1030 - CMSIS Pack Vendor :STMicroelectronics X-CUBE-AZRTOS-H7 3.1.0
2023-07-12 08:59:20,736 [INFO] ThirdParty:1030 - CMSIS Pack Vendor :STMicroelectronics X-CUBE-TOF1 3.3.0
2023-07-12 08:59:20,736 [INFO] ThirdParty:1030 - CMSIS Pack Vendor :STMicroelectronics PDM2PCM 3.3.0
2023-07-12 08:59:20,736 [INFO] ThirdParty:1030 - CMSIS Pack Vendor :STMicroelectronics X-CUBE-DISPLAY 3.0.0
2023-07-12 08:59:20,736 [INFO] ThirdParty:1030 - CMSIS Pack Vendor :STMicroelectronics FP-ATR-SIGFOX1 3.2.0
2023-07-12 08:59:20,736 [INFO] ThirdParty:1030 - CMSIS Pack Vendor :STMicroelectronics X-CUBE-AZRTOS-L4 1.0.0
2023-07-12 08:59:20,736 [INFO] ThirdParty:1030 - CMSIS Pack Vendor :STMicroelectronics HAL Drivers 0.0.0
2023-07-12 08:59:20,736 [INFO] ThirdParty:1030 - CMSIS Pack Vendor :STMicroelectronics MBEDTLS 2.16.2
2023-07-12 08:59:20,736 [INFO] ThirdParty:1030 - CMSIS Pack Vendor :STMicroelectronics X-CUBE-TOUCHGFX 4.22.0
2023-07-12 08:59:20,736 [INFO] ThirdParty:1030 - CMSIS Pack Vendor :STMicroelectronics X-CUBE-NFC7 1.0.1
2023-07-12 08:59:20,736 [INFO] ThirdParty:1030 - CMSIS Pack Vendor :STMicroelectronics MBEDTLS 2.14.1
2023-07-12 08:59:20,736 [INFO] ThirdParty:1030 - CMSIS Pack Vendor :STMicroelectronics X-CUBE-NFC7 1.0.0
2023-07-12 08:59:20,736 [INFO] ThirdParty:1030 - CMSIS Pack Vendor :STMicroelectronics X-CUBE-AZRTOS-WL 1.0.0
2023-07-12 08:59:20,736 [INFO] ThirdParty:1030 - CMSIS Pack Vendor :STMicroelectronics X-CUBE-EEPRMA1 4.1.0
2023-07-12 08:59:20,736 [INFO] ThirdParty:1030 - CMSIS Pack Vendor :portGmbH I-Cube-SoM-uGOAL 1.1.0
2023-07-12 08:59:20,736 [INFO] ThirdParty:1030 - CMSIS Pack Vendor :STMicroelectronics X-CUBE-ALS 1.0.1
2023-07-12 08:59:20,736 [INFO] ThirdParty:1030 - CMSIS Pack Vendor :STMicroelectronics ThreadX 1.0.0
2023-07-12 08:59:20,736 [INFO] ThirdParty:1030 - CMSIS Pack Vendor :STMicroelectronics X-CUBE-AZRTOS-WB 1.1.0
2023-07-12 08:59:20,736 [INFO] ThirdParty:1030 - CMSIS Pack Vendor :STMicroelectronics X-CUBE-AZRTOS-WL 2.0.0
2023-07-12 08:59:20,736 [INFO] ThirdParty:1030 - CMSIS Pack Vendor :SEGGER I-CUBE-embOS 1.3.1
2023-07-12 08:59:20,736 [INFO] ThirdParty:1030 - CMSIS Pack Vendor :STMicroelectronics USB_DEVICE 1.0.0
2023-07-12 08:59:20,736 [INFO] ThirdParty:1030 - CMSIS Pack Vendor :STMicroelectronics X-CUBE-AZRTOS-L4 2.0.0
2023-07-12 08:59:20,736 [INFO] ThirdParty:1030 - CMSIS Pack Vendor :STMicroelectronics ThreadX 0.0.2
2023-07-12 08:59:20,736 [INFO] ThirdParty:1030 - CMSIS Pack Vendor :WES I-CUBE-Cesium 1.3.0
2023-07-12 08:59:20,736 [INFO] ThirdParty:1030 - CMSIS Pack Vendor :STMicroelectronics FP-ATR-ASTRA1 2.0.0
2023-07-12 08:59:20,736 [INFO] ThirdParty:1030 - CMSIS Pack Vendor :STMicroelectronics lwIP 2.1.2
2023-07-12 08:59:20,736 [INFO] ThirdParty:1030 - CMSIS Pack Vendor :STMicroelectronics X-CUBE-SFXS2LP1 4.0.0
2023-07-12 08:59:20,736 [INFO] ThirdParty:1030 - CMSIS Pack Vendor :STMicroelectronics X-CUBE-BLE2 3.3.0
2023-07-12 08:59:20,736 [INFO] ThirdParty:1030 - CMSIS Pack Vendor :STMicroelectronics PDM2PCM 3.2.0
2023-07-12 08:59:20,736 [INFO] ThirdParty:841 - exiting critical section [change project]
2023-07-12 08:59:21,992 [INFO] PinOutPanel:1499 - setPackage(No Configuration,No Configuration)
2023-07-12 08:59:22,009 [INFO] PinOutPanel:1499 - setPackage(STM32F446RETx,LQFP64)
2023-07-12 08:59:23,627 [INFO] UtilMem:75 - Before build in PCC Used Memory: 206599952 Bytes (268435456)
2023-07-12 08:59:25,164 [INFO] UtilMem:75 - After build in PCC Used Memory: 222001440 Bytes (268435456)
2023-07-12 08:59:25,335 [INFO] ApiDbMcu:507 - Load IP Config File for USB_DEVICE
2023-07-12 08:59:25,405 [INFO] IPUIPlugin:80 - create IPUIPlugin
2023-07-12 08:59:25,405 [INFO] IPUIPlugin:80 - create IPUIPlugin
2023-07-12 08:59:25,405 [INFO] IPUIPlugin:80 - create IPUIPlugin
2023-07-12 08:59:25,405 [INFO] IPUIPlugin:80 - create IPUIPlugin
2023-07-12 08:59:25,405 [INFO] IPUIPlugin:80 - create IPUIPlugin
2023-07-12 08:59:25,405 [INFO] IPUIPlugin:80 - create IPUIPlugin
2023-07-12 08:59:25,405 [INFO] IPUIPlugin:80 - create IPUIPlugin
2023-07-12 08:59:25,405 [INFO] IPUIPlugin:80 - create IPUIPlugin
2023-07-12 08:59:25,405 [INFO] IPUIPlugin:80 - create IPUIPlugin
2023-07-12 08:59:25,405 [INFO] IPUIPlugin:80 - create IPUIPlugin
2023-07-12 08:59:25,405 [INFO] IPUIPlugin:80 - create IPUIPlugin
2023-07-12 08:59:25,405 [INFO] IPUIPlugin:80 - create IPUIPlugin
2023-07-12 08:59:25,405 [INFO] IPUIPlugin:80 - create IPUIPlugin
2023-07-12 08:59:25,413 [INFO] IPUIPlugin:80 - create IPUIPlugin
2023-07-12 08:59:25,413 [INFO] IPUIPlugin:80 - create IPUIPlugin
2023-07-12 08:59:25,413 [INFO] IPUIPlugin:80 - create IPUIPlugin
2023-07-12 08:59:25,413 [INFO] IPUIPlugin:80 - create IPUIPlugin
2023-07-12 08:59:25,413 [INFO] IPUIPlugin:80 - create IPUIPlugin
2023-07-12 08:59:25,413 [INFO] IPUIPlugin:80 - create IPUIPlugin
2023-07-12 08:59:25,413 [INFO] IPUIPlugin:80 - create IPUIPlugin
2023-07-12 08:59:25,413 [INFO] IPUIPlugin:80 - create IPUIPlugin
2023-07-12 08:59:25,415 [INFO] IPUIPlugin:80 - create IPUIPlugin
2023-07-12 08:59:25,415 [INFO] IPUIPlugin:80 - create IPUIPlugin
2023-07-12 08:59:25,415 [INFO] IPUIPlugin:80 - create IPUIPlugin
2023-07-12 08:59:25,415 [INFO] IPUIPlugin:80 - create IPUIPlugin
2023-07-12 08:59:25,415 [INFO] IPUIPlugin:80 - create IPUIPlugin
2023-07-12 08:59:25,415 [INFO] IPUIPlugin:80 - create IPUIPlugin
2023-07-12 08:59:25,415 [INFO] IPUIPlugin:80 - create IPUIPlugin
2023-07-12 08:59:25,415 [INFO] IPUIPlugin:80 - create IPUIPlugin
2023-07-12 08:59:25,415 [INFO] IPUIPlugin:80 - create IPUIPlugin
2023-07-12 08:59:25,415 [INFO] IPUIPlugin:80 - create IPUIPlugin
2023-07-12 08:59:25,415 [INFO] IPUIPlugin:80 - create IPUIPlugin
2023-07-12 08:59:25,415 [INFO] IPUIPlugin:80 - create IPUIPlugin
2023-07-12 08:59:25,415 [INFO] IPUIPlugin:80 - create IPUIPlugin
2023-07-12 08:59:25,415 [INFO] IPUIPlugin:80 - create IPUIPlugin
2023-07-12 08:59:25,415 [INFO] IPUIPlugin:80 - create IPUIPlugin
2023-07-12 08:59:25,415 [INFO] IPUIPlugin:80 - create IPUIPlugin
2023-07-12 08:59:25,415 [INFO] IPUIPlugin:80 - create IPUIPlugin
2023-07-12 08:59:25,415 [INFO] IPUIPlugin:80 - create IPUIPlugin
2023-07-12 08:59:25,415 [INFO] IPUIPlugin:80 - create IPUIPlugin
2023-07-12 08:59:25,415 [INFO] IPUIPlugin:80 - create IPUIPlugin
2023-07-12 08:59:25,415 [INFO] IPUIPlugin:80 - create IPUIPlugin
2023-07-12 08:59:25,423 [INFO] IPUIPlugin:80 - create IPUIPlugin
2023-07-12 08:59:25,423 [INFO] IPUIPlugin:80 - create IPUIPlugin
2023-07-12 08:59:25,423 [INFO] IPUIPlugin:80 - create IPUIPlugin
2023-07-12 08:59:25,425 [INFO] IPUIPlugin:80 - create IPUIPlugin
2023-07-12 08:59:25,425 [INFO] IPUIPlugin:80 - create IPUIPlugin
2023-07-12 08:59:25,425 [INFO] IPUIPlugin:80 - create IPUIPlugin
2023-07-12 08:59:25,425 [INFO] IPUIPlugin:80 - create IPUIPlugin
2023-07-12 08:59:25,425 [INFO] IPUIPlugin:80 - create IPUIPlugin
2023-07-12 08:59:25,425 [INFO] IPUIPlugin:80 - create IPUIPlugin
2023-07-12 08:59:25,425 [INFO] IPUIPlugin:80 - create IPUIPlugin
2023-07-12 08:59:25,425 [INFO] IPUIPlugin:80 - create IPUIPlugin
2023-07-12 08:59:25,425 [INFO] IPUIPlugin:80 - create IPUIPlugin
2023-07-12 08:59:25,425 [INFO] IPUIPlugin:80 - create IPUIPlugin
2023-07-12 08:59:25,425 [INFO] IPUIPlugin:80 - create IPUIPlugin
2023-07-12 08:59:25,425 [INFO] IPUIPlugin:80 - create IPUIPlugin
2023-07-12 08:59:25,433 [INFO] IPUIPlugin:80 - create IPUIPlugin
2023-07-12 08:59:25,436 [INFO] IPUIPlugin:80 - create IPUIPlugin
2023-07-12 08:59:25,436 [INFO] IPUIPlugin:80 - create IPUIPlugin
2023-07-12 08:59:25,456 [INFO] ApiDbMcu:507 - Load IP Config File for PDM2PCM
2023-07-12 08:59:25,877 [INFO] CADModel:165 - CPN selected for project levelSTM32F446RET6
2023-07-12 08:59:25,877 [INFO] CADModel:114 - Register for checkConnection events
2023-07-12 08:59:25,939 [INFO] OpenFileManager:328 - Restore cursor
2023-07-12 08:59:26,300 [WARN] IP:2113 - DEVICE_SERIAL0_CDC_FS not found: check if there is a RefParameter without a condition.
2023-07-12 08:59:26,300 [WARN] IP:2113 - DEVICE_SERIAL1_CDC_FS not found: check if there is a RefParameter without a condition.
2023-07-12 08:59:26,300 [WARN] IP:2113 - DEVICE_SERIAL2_CDC_FS not found: check if there is a RefParameter without a condition.
2023-07-12 08:59:26,300 [WARN] IP:2113 - DEVICE_SERIAL0_CDC_FS not found: check if there is a RefParameter without a condition.
2023-07-12 08:59:26,300 [WARN] IP:2113 - DEVICE_SERIAL1_CDC_FS not found: check if there is a RefParameter without a condition.
2023-07-12 08:59:26,300 [WARN] IP:2113 - DEVICE_SERIAL2_CDC_FS not found: check if there is a RefParameter without a condition.
2023-07-12 08:59:30,018 [INFO] LogOutputStream:77 - [STDOUT_REDIRECT] 
2023-07-12 08:59:53,255 [ERROR] LogOutputStream:75 - [STDERR_REDIRECT] SLF4J: Failed to load class "org.slf4j.impl.StaticLoggerBinder".
2023-07-12 08:59:53,255 [ERROR] LogOutputStream:75 - [STDERR_REDIRECT] SLF4J: Defaulting to no-operation (NOP) logger implementation
2023-07-12 08:59:53,255 [ERROR] LogOutputStream:75 - [STDERR_REDIRECT] SLF4J: See http://www.slf4j.org/codes.html#StaticLoggerBinder for further details.
2023-07-12 09:29:17,260 [WARN] IP:2113 - DEVICE_SERIAL0_CDC_FS not found: check if there is a RefParameter without a condition.
2023-07-12 09:29:17,260 [WARN] IP:2113 - DEVICE_SERIAL1_CDC_FS not found: check if there is a RefParameter without a condition.
2023-07-12 09:29:17,260 [WARN] IP:2113 - DEVICE_SERIAL2_CDC_FS not found: check if there is a RefParameter without a condition.
2023-07-12 09:29:17,260 [WARN] IP:2113 - DEVICE_SERIAL0_CDC_FS not found: check if there is a RefParameter without a condition.
2023-07-12 09:29:17,260 [WARN] IP:2113 - DEVICE_SERIAL1_CDC_FS not found: check if there is a RefParameter without a condition.
2023-07-12 09:29:17,260 [WARN] IP:2113 - DEVICE_SERIAL2_CDC_FS not found: check if there is a RefParameter without a condition.
2023-07-12 09:29:17,425 [WARN] IP:2113 - DEVICE_SERIAL0_CDC_FS not found: check if there is a RefParameter without a condition.
2023-07-12 09:29:17,425 [WARN] IP:2113 - DEVICE_SERIAL1_CDC_FS not found: check if there is a RefParameter without a condition.
2023-07-12 09:29:17,425 [WARN] IP:2113 - DEVICE_SERIAL2_CDC_FS not found: check if there is a RefParameter without a condition.
2023-07-12 09:29:17,557 [WARN] IP:2113 - DEVICE_SERIAL0_CDC_FS not found: check if there is a RefParameter without a condition.
2023-07-12 09:29:17,557 [WARN] IP:2113 - DEVICE_SERIAL1_CDC_FS not found: check if there is a RefParameter without a condition.
2023-07-12 09:29:17,557 [WARN] IP:2113 - DEVICE_SERIAL2_CDC_FS not found: check if there is a RefParameter without a condition.
2023-07-12 09:29:30,137 [WARN] IP:2113 - DEVICE_SERIAL0_CDC_FS not found: check if there is a RefParameter without a condition.
2023-07-12 09:29:30,137 [WARN] IP:2113 - DEVICE_SERIAL1_CDC_FS not found: check if there is a RefParameter without a condition.
2023-07-12 09:29:30,137 [WARN] IP:2113 - DEVICE_SERIAL2_CDC_FS not found: check if there is a RefParameter without a condition.
2023-07-12 09:29:30,137 [WARN] IP:2113 - DEVICE_SERIAL0_CDC_FS not found: check if there is a RefParameter without a condition.
2023-07-12 09:29:30,137 [WARN] IP:2113 - DEVICE_SERIAL1_CDC_FS not found: check if there is a RefParameter without a condition.
2023-07-12 09:29:30,137 [WARN] IP:2113 - DEVICE_SERIAL2_CDC_FS not found: check if there is a RefParameter without a condition.
2023-07-12 09:29:30,300 [WARN] IP:2113 - DEVICE_SERIAL0_CDC_FS not found: check if there is a RefParameter without a condition.
2023-07-12 09:29:30,300 [WARN] IP:2113 - DEVICE_SERIAL1_CDC_FS not found: check if there is a RefParameter without a condition.
2023-07-12 09:29:30,300 [WARN] IP:2113 - DEVICE_SERIAL2_CDC_FS not found: check if there is a RefParameter without a condition.
2023-07-12 09:29:30,400 [WARN] IP:2113 - DEVICE_SERIAL0_CDC_FS not found: check if there is a RefParameter without a condition.
2023-07-12 09:29:30,400 [WARN] IP:2113 - DEVICE_SERIAL1_CDC_FS not found: check if there is a RefParameter without a condition.
2023-07-12 09:29:30,400 [WARN] IP:2113 - DEVICE_SERIAL2_CDC_FS not found: check if there is a RefParameter without a condition.
2023-07-12 09:29:36,799 [INFO] Gpio:273 - dependency for GPIO [ADC1, RCC, TIM1, TIM2, TIM3, TIM4, TIM12, USB_OTG_FS]
2023-07-12 09:39:29,376 [INFO] Gpio:273 - dependency for GPIO [ADC1, RCC, TIM1, TIM2, TIM3, TIM4, TIM12, USB_OTG_FS]
2023-07-12 09:39:29,499 [INFO] Gpio:273 - dependency for GPIO [ADC1, RCC, TIM1, TIM2, TIM3, TIM4, TIM12, USB_OTG_FS]
2023-07-12 09:39:50,120 [INFO] UtilMem:75 - End SaveConfig() Used Memory: 604670976 Bytes (737148928)
2023-07-12 09:39:51,695 [INFO] UtilMem:75 - End SaveConfig() Used Memory: 623543528 Bytes (737148928)
2023-07-12 09:39:54,899 [INFO] UtilMem:75 - End SaveConfig() Used Memory: 585133368 Bytes (737148928)
2023-07-12 09:39:55,716 [INFO] BlockDiagram:2759 - set Specific Code input for plugin: TIM1_8
2023-07-12 09:39:55,716 [INFO] BlockDiagram:2759 - set Specific Code input for plugin: TIM1_8
2023-07-12 09:39:55,716 [INFO] BlockDiagram:2759 - set Specific Code input for plugin: TIM1_8
2023-07-12 09:39:55,716 [INFO] BlockDiagram:2759 - set Specific Code input for plugin: TIM1_8
2023-07-12 09:39:55,716 [INFO] BlockDiagram:2759 - set Specific Code input for plugin: USB_DEVICE
2023-07-12 09:39:55,716 [INFO] BlockDiagram:2759 - set Specific Code input for plugin: ADC
2023-07-12 09:39:55,716 [INFO] BlockDiagram:2759 - set Specific Code input for plugin: RCC
2023-07-12 09:39:55,716 [INFO] BlockDiagram:2759 - set Specific Code input for plugin: USB_OTG_FS
2023-07-12 09:39:55,716 [INFO] BlockDiagram:2759 - set Specific Code input for plugin: NVIC
2023-07-12 09:39:55,716 [INFO] BlockDiagram:2759 - set Specific Code input for plugin: DMA
2023-07-12 09:39:55,716 [INFO] BlockDiagram:2759 - set Specific Code input for plugin: TIM1_8
2023-07-12 09:39:55,716 [INFO] BlockDiagram:2759 - set Specific Code input for plugin: GPIO
2023-07-12 09:39:55,732 [INFO] CodeGenerator:793 - code generatio: config db path: C:/Users/m-ali.khlifi-ext/.stm32cubemx/databases/DB.6.0.80/db/
2023-07-12 09:39:55,832 [WARN] IP:2113 - DEVICE_SERIAL0_CDC_FS not found: check if there is a RefParameter without a condition.
2023-07-12 09:39:55,832 [WARN] IP:2113 - DEVICE_SERIAL1_CDC_FS not found: check if there is a RefParameter without a condition.
2023-07-12 09:39:55,832 [WARN] IP:2113 - DEVICE_SERIAL2_CDC_FS not found: check if there is a RefParameter without a condition.
2023-07-12 09:39:56,312 [INFO] CodeEngine:255 - oldGeneratedFile, C:\Users\m-ali.khlifi-ext\OneDrive - DELACHAUX SA\work2\cadilac1.1\MXTmpFiles\license.tmp_save
2023-07-12 09:39:57,543 [INFO] CodeEngine:279 - Generated code: C:\Users\m-ali.khlifi-ext\OneDrive - DELACHAUX SA\work2\cadilac1.1\MXTmpFiles\license.tmp
2023-07-12 09:39:57,712 [INFO] CodeEngine:255 - oldGeneratedFile, C:\Users\m-ali.khlifi-ext\OneDrive - DELACHAUX SA\work2\cadilac1.1\Core\Src\gpio.c_save
2023-07-12 09:39:58,013 [INFO] CodeEngine:279 - Generated code: C:\Users\m-ali.khlifi-ext\OneDrive - DELACHAUX SA\work2\cadilac1.1\Core\Src\gpio.c
2023-07-12 09:39:58,044 [INFO] CodeEngine:255 - oldGeneratedFile, C:\Users\m-ali.khlifi-ext\OneDrive - DELACHAUX SA\work2\cadilac1.1\Core\Inc\gpio.h_save
2023-07-12 09:39:58,198 [INFO] CodeEngine:279 - Generated code: C:\Users\m-ali.khlifi-ext\OneDrive - DELACHAUX SA\work2\cadilac1.1\Core\Inc\gpio.h
2023-07-12 09:39:58,361 [WARN] IPConfigManager:2937 - Warning: the RefConfig PWREx_EnableUSBVoltageDetector is not available in your config.xml file
2023-07-12 09:39:58,398 [INFO] CodeEngine:255 - oldGeneratedFile, C:\Users\m-ali.khlifi-ext\OneDrive - DELACHAUX SA\work2\cadilac1.1\MXTmpFiles\usb_otg_fs_vars.tmp_save
2023-07-12 09:39:58,499 [INFO] CodeEngine:279 - Generated code: C:\Users\m-ali.khlifi-ext\OneDrive - DELACHAUX SA\work2\cadilac1.1\MXTmpFiles\usb_otg_fs_vars.tmp
2023-07-12 09:39:58,514 [INFO] CodeEngine:255 - oldGeneratedFile, C:\Users\m-ali.khlifi-ext\OneDrive - DELACHAUX SA\work2\cadilac1.1\MXTmpFiles\usb_otg_fs_inc.tmp_save
2023-07-12 09:39:58,614 [INFO] CodeEngine:279 - Generated code: C:\Users\m-ali.khlifi-ext\OneDrive - DELACHAUX SA\work2\cadilac1.1\MXTmpFiles\usb_otg_fs_inc.tmp
2023-07-12 09:39:58,630 [INFO] CodeEngine:255 - oldGeneratedFile, C:\Users\m-ali.khlifi-ext\OneDrive - DELACHAUX SA\work2\cadilac1.1\MXTmpFiles\usb_otg_fs_HalInit.tmp_save
2023-07-12 09:39:59,567 [INFO] CodeEngine:279 - Generated code: C:\Users\m-ali.khlifi-ext\OneDrive - DELACHAUX SA\work2\cadilac1.1\MXTmpFiles\usb_otg_fs_HalInit.tmp
2023-07-12 09:39:59,589 [INFO] CodeEngine:255 - oldGeneratedFile, C:\Users\m-ali.khlifi-ext\OneDrive - DELACHAUX SA\work2\cadilac1.1\MXTmpFiles\usb_otg_fs_Msp.tmp_save
2023-07-12 09:39:59,738 [INFO] CodeEngine:279 - Generated code: C:\Users\m-ali.khlifi-ext\OneDrive - DELACHAUX SA\work2\cadilac1.1\MXTmpFiles\usb_otg_fs_Msp.tmp
2023-07-12 09:40:00,432 [INFO] Middleware:1439 - No code input for Bsp Dependency
2023-07-12 09:40:00,521 [INFO] CodeEngine:255 - oldGeneratedFile, C:\Users\m-ali.khlifi-ext\OneDrive - DELACHAUX SA\work2\cadilac1.1\Core\Src\adc.c_save
2023-07-12 09:40:00,833 [INFO] CodeEngine:279 - Generated code: C:\Users\m-ali.khlifi-ext\OneDrive - DELACHAUX SA\work2\cadilac1.1\Core\Src\adc.c
2023-07-12 09:40:00,865 [INFO] CodeEngine:255 - oldGeneratedFile, C:\Users\m-ali.khlifi-ext\OneDrive - DELACHAUX SA\work2\cadilac1.1\Core\Inc\adc.h_save
2023-07-12 09:40:01,072 [INFO] CodeEngine:279 - Generated code: C:\Users\m-ali.khlifi-ext\OneDrive - DELACHAUX SA\work2\cadilac1.1\Core\Inc\adc.h
2023-07-12 09:40:01,195 [INFO] CodeEngine:255 - oldGeneratedFile, C:\Users\m-ali.khlifi-ext\OneDrive - DELACHAUX SA\work2\cadilac1.1\Core\Src\dma.c_save
2023-07-12 09:40:01,398 [INFO] CodeEngine:279 - Generated code: C:\Users\m-ali.khlifi-ext\OneDrive - DELACHAUX SA\work2\cadilac1.1\Core\Src\dma.c
2023-07-12 09:40:01,428 [INFO] CodeEngine:255 - oldGeneratedFile, C:\Users\m-ali.khlifi-ext\OneDrive - DELACHAUX SA\work2\cadilac1.1\Core\Inc\dma.h_save
2023-07-12 09:40:01,648 [INFO] CodeEngine:279 - Generated code: C:\Users\m-ali.khlifi-ext\OneDrive - DELACHAUX SA\work2\cadilac1.1\Core\Inc\dma.h
2023-07-12 09:40:01,761 [INFO] CodeEngine:255 - oldGeneratedFile, C:\Users\m-ali.khlifi-ext\OneDrive - DELACHAUX SA\work2\cadilac1.1\Core\Src\tim.c_save
2023-07-12 09:40:02,079 [INFO] CodeEngine:279 - Generated code: C:\Users\m-ali.khlifi-ext\OneDrive - DELACHAUX SA\work2\cadilac1.1\Core\Src\tim.c
2023-07-12 09:40:02,126 [INFO] CodeEngine:255 - oldGeneratedFile, C:\Users\m-ali.khlifi-ext\OneDrive - DELACHAUX SA\work2\cadilac1.1\Core\Inc\tim.h_save
2023-07-12 09:40:02,258 [INFO] CodeEngine:279 - Generated code: C:\Users\m-ali.khlifi-ext\OneDrive - DELACHAUX SA\work2\cadilac1.1\Core\Inc\tim.h
2023-07-12 09:40:02,296 [INFO] Middleware:1439 - No code input for Bsp Dependency
2023-07-12 09:40:02,342 [INFO] CodeEngine:255 - oldGeneratedFile, C:\Users\m-ali.khlifi-ext\OneDrive - DELACHAUX SA\work2\cadilac1.1\USB_DEVICE\App\usb_device.c_save
2023-07-12 09:40:02,480 [INFO] CodeEngine:279 - Generated code: C:\Users\m-ali.khlifi-ext\OneDrive - DELACHAUX SA\work2\cadilac1.1\USB_DEVICE\App\usb_device.c
2023-07-12 09:40:02,512 [INFO] CodeEngine:255 - oldGeneratedFile, C:\Users\m-ali.khlifi-ext\OneDrive - DELACHAUX SA\work2\cadilac1.1\USB_DEVICE\App\usb_device.h_save
2023-07-12 09:40:02,643 [INFO] CodeEngine:279 - Generated code: C:\Users\m-ali.khlifi-ext\OneDrive - DELACHAUX SA\work2\cadilac1.1\USB_DEVICE\App\usb_device.h
2023-07-12 09:40:02,681 [INFO] CodeEngine:255 - oldGeneratedFile, C:\Users\m-ali.khlifi-ext\OneDrive - DELACHAUX SA\work2\cadilac1.1\USB_DEVICE\Target\usbd_conf.h_save
2023-07-12 09:40:02,812 [INFO] CodeEngine:279 - Generated code: C:\Users\m-ali.khlifi-ext\OneDrive - DELACHAUX SA\work2\cadilac1.1\USB_DEVICE\Target\usbd_conf.h
2023-07-12 09:40:02,844 [INFO] CodeEngine:255 - oldGeneratedFile, C:\Users\m-ali.khlifi-ext\OneDrive - DELACHAUX SA\work2\cadilac1.1\USB_DEVICE\Target\usbd_conf.c_save
2023-07-12 09:40:02,997 [INFO] CodeEngine:279 - Generated code: C:\Users\m-ali.khlifi-ext\OneDrive - DELACHAUX SA\work2\cadilac1.1\USB_DEVICE\Target\usbd_conf.c
2023-07-12 09:40:03,013 [INFO] CodeEngine:255 - oldGeneratedFile, C:\Users\m-ali.khlifi-ext\OneDrive - DELACHAUX SA\work2\cadilac1.1\USB_DEVICE\App\usbd_desc.h_save
2023-07-12 09:40:03,129 [INFO] CodeEngine:279 - Generated code: C:\Users\m-ali.khlifi-ext\OneDrive - DELACHAUX SA\work2\cadilac1.1\USB_DEVICE\App\usbd_desc.h
2023-07-12 09:40:03,160 [INFO] CodeEngine:255 - oldGeneratedFile, C:\Users\m-ali.khlifi-ext\OneDrive - DELACHAUX SA\work2\cadilac1.1\USB_DEVICE\App\usbd_desc.c_save
2023-07-12 09:40:03,282 [INFO] CodeEngine:279 - Generated code: C:\Users\m-ali.khlifi-ext\OneDrive - DELACHAUX SA\work2\cadilac1.1\USB_DEVICE\App\usbd_desc.c
2023-07-12 09:40:03,314 [INFO] CodeEngine:255 - oldGeneratedFile, C:\Users\m-ali.khlifi-ext\OneDrive - DELACHAUX SA\work2\cadilac1.1\USB_DEVICE\App\usbd_cdc_if.h_save
2023-07-12 09:40:03,430 [INFO] CodeEngine:279 - Generated code: C:\Users\m-ali.khlifi-ext\OneDrive - DELACHAUX SA\work2\cadilac1.1\USB_DEVICE\App\usbd_cdc_if.h
2023-07-12 09:40:03,445 [INFO] CodeEngine:255 - oldGeneratedFile, C:\Users\m-ali.khlifi-ext\OneDrive - DELACHAUX SA\work2\cadilac1.1\USB_DEVICE\App\usbd_cdc_if.c_save
2023-07-12 09:40:03,630 [INFO] CodeEngine:279 - Generated code: C:\Users\m-ali.khlifi-ext\OneDrive - DELACHAUX SA\work2\cadilac1.1\USB_DEVICE\App\usbd_cdc_if.c
2023-07-12 09:40:03,715 [INFO] CodeEngine:255 - oldGeneratedFile, C:\Users\m-ali.khlifi-ext\OneDrive - DELACHAUX SA\work2\cadilac1.1\Core\Src\stm32f4xx_it.c_save
2023-07-12 09:40:03,937 [INFO] CodeEngine:279 - Generated code: C:\Users\m-ali.khlifi-ext\OneDrive - DELACHAUX SA\work2\cadilac1.1\Core\Src\stm32f4xx_it.c
2023-07-12 09:40:03,977 [INFO] CodeEngine:255 - oldGeneratedFile, C:\Users\m-ali.khlifi-ext\OneDrive - DELACHAUX SA\work2\cadilac1.1\Core\Inc\stm32f4xx_it.h_save
2023-07-12 09:40:04,169 [INFO] CodeEngine:279 - Generated code: C:\Users\m-ali.khlifi-ext\OneDrive - DELACHAUX SA\work2\cadilac1.1\Core\Inc\stm32f4xx_it.h
2023-07-12 09:40:04,290 [INFO] CodeEngine:255 - oldGeneratedFile, C:\Users\m-ali.khlifi-ext\OneDrive - DELACHAUX SA\work2\cadilac1.1\Core\Src\stm32f4xx_hal_msp.c_save
2023-07-12 09:40:04,488 [INFO] CodeEngine:279 - Generated code: C:\Users\m-ali.khlifi-ext\OneDrive - DELACHAUX SA\work2\cadilac1.1\Core\Src\stm32f4xx_hal_msp.c
2023-07-12 09:40:04,520 [INFO] CodeEngine:255 - oldGeneratedFile, C:\Users\m-ali.khlifi-ext\OneDrive - DELACHAUX SA\work2\cadilac1.1\MXTmpFiles\system.tmp_save
2023-07-12 09:40:04,667 [INFO] CodeEngine:279 - Generated code: C:\Users\m-ali.khlifi-ext\OneDrive - DELACHAUX SA\work2\cadilac1.1\MXTmpFiles\system.tmp
2023-07-12 09:40:04,751 [INFO] CodeEngine:311 - oldGeneratedFile, C:\Users\m-ali.khlifi-ext\OneDrive - DELACHAUX SA\work2\cadilac1.1\Core\Inc\stm32f4xx_hal_conf.h_save
2023-07-12 09:40:04,912 [INFO] CodeEngine:335 - Generated code: C:\Users\m-ali.khlifi-ext\OneDrive - DELACHAUX SA\work2\cadilac1.1\Core\Inc\stm32f4xx_hal_conf.h
2023-07-12 09:40:05,013 [WARN] IPConfigManager:2937 - Warning: the RefConfig PLL2P_FOR_MCO is not available in your config.xml file
2023-07-12 09:40:05,087 [INFO] CodeEngine:255 - oldGeneratedFile, C:\Users\m-ali.khlifi-ext\OneDrive - DELACHAUX SA\work2\cadilac1.1\Core\Inc\main.h_save
2023-07-12 09:40:05,265 [INFO] CodeEngine:279 - Generated code: C:\Users\m-ali.khlifi-ext\OneDrive - DELACHAUX SA\work2\cadilac1.1\Core\Inc\main.h
2023-07-12 09:40:05,303 [INFO] CodeEngine:255 - oldGeneratedFile, C:\Users\m-ali.khlifi-ext\OneDrive - DELACHAUX SA\work2\cadilac1.1\Core\Src\main.c_save
2023-07-12 09:40:05,588 [INFO] CodeEngine:279 - Generated code: C:\Users\m-ali.khlifi-ext\OneDrive - DELACHAUX SA\work2\cadilac1.1\Core\Src\main.c
2023-07-12 09:40:09,510 [INFO] ProjectBuilder:2996 - Time for Copy HAL[1] : 2744mS.
2023-07-12 09:40:09,526 [INFO] ProjectBuilder:4304 - Project Generator version: 3.19.2
2023-07-12 09:40:10,090 [INFO] ConfigFileManager:1483 - The Die is : DIE421
2023-07-12 09:40:10,102 [INFO] ApiDbMcu:507 - Load IP Config File for FATFS
2023-07-12 09:40:10,130 [INFO] ApiDbMcu:507 - Load IP Config File for FREERTOS
2023-07-12 09:40:10,140 [INFO] ApiDbMcu:507 - Load IP Config File for LIBJPEG
2023-07-12 09:40:10,152 [INFO] ApiDbMcu:507 - Load IP Config File for MBEDTLS
2023-07-12 09:40:10,172 [INFO] ApiDbMcu:507 - Load IP Config File for USB_HOST
2023-07-12 09:40:12,046 [INFO] LogOutputStream:77 - [STDOUT_REDIRECT] 
2023-07-12 09:40:17,748 [INFO] ProjectBuilder:4505 - Time for Generating toolchain IDE Files: 8222mS.
2023-07-12 09:40:17,758 [INFO] ProjectBuilder:2867 - Time for Copy CMSIS : 10mS.
2023-07-12 09:40:17,778 [INFO] ProjectBuilder:2867 - Time for Copy CMSIS : 0mS.
