2024-03-08 09:04:29,367 [INFO] MainUpdater:2854 - connection check result : 10
2024-03-08 09:04:29,383 [INFO] MainUpdater:2854 - connection check result : 10
2024-03-08 09:04:29,420 [INFO] MicroXplorer:468 - Change Database Path : 
2024-03-08 09:04:29,420 [INFO] MicroXplorer:498 - Change Database Version : DB.6.0.81
2024-03-08 09:04:29,467 [WARN] ThirdParty:871 - waiting for thirdparty lock release [close project]
2024-03-08 09:04:29,467 [INFO] ThirdParty:873 - entering critical section [close project]
2024-03-08 09:04:29,467 [INFO] ThirdParty:883 - exiting critical section [close project]
2024-03-08 09:04:29,467 [INFO] PinOutPanel:1499 - setPackage(No Configuration,No Configuration)
2024-03-08 09:04:29,483 [WARN] IpParametersView:150 - Warning: This peripheral hasn't parameters
2024-03-08 09:04:29,483 [WARN] MainPanel:257 - <html><b><center>Warning: This peripheral has no parameters to be configured<br></b></html>
2024-03-08 09:04:29,499 [INFO] UtilMem:75 - Begin LoadConfig() Used Memory: 677649104 Bytes (945815552)
2024-03-08 09:04:29,499 [INFO] MicroXplorer:468 - Change Database Path : 
2024-03-08 09:04:29,499 [INFO] MicroXplorer:498 - Change Database Version : DB.6.0.81
2024-03-08 09:04:29,499 [INFO] OpenFileManager:308 - Change cursor
2024-03-08 09:04:29,521 [INFO] Mcu:1937 - Initializing MCU STM32F746ZGTx STM32F746ZGTx STM32F746ZGT6
2024-03-08 09:04:33,016 [INFO] Context:659 - Trying to add GPIOservice into a context  which must be forbidden
2024-03-08 09:04:34,006 [INFO] RtosManager:555 - Registered RTOS mode: class=CMSIS, group=RTOS, mode=CMSIS_V1, owner=FREERTOS
2024-03-08 09:04:34,014 [INFO] RtosManager:555 - Registered RTOS mode: class=CMSIS, group=RTOS2, mode=CMSIS_V2, owner=FREERTOS
2024-03-08 09:04:34,014 [INFO] RtosManager:555 - Registered RTOS mode: class=RTOS, group=Core, mode=CMSIS_V1, owner=FREERTOS
2024-03-08 09:04:34,014 [INFO] RtosManager:555 - Registered RTOS mode: class=RTOS, group=Core, mode=CMSIS_V2, owner=FREERTOS
2024-03-08 09:04:34,014 [WARN] ModelIntegratedComponent:184 - Missing modes for component STMicroelectronics:FreeRTOS:0.0.1:STMicroelectronics:RTOS:FreeRTOS:Core:::10.2.0:
2024-03-08 09:04:34,036 [WARN] ModelIntegratedComponent:63 - No mode defined for component null
2024-03-08 09:04:34,036 [WARN] ModelIntegratedComponent:63 - No mode defined for component null
2024-03-08 09:04:34,036 [WARN] ModelIntegratedComponent:63 - No mode defined for component null
2024-03-08 09:04:34,036 [WARN] ModelIntegratedComponent:63 - No mode defined for component null
2024-03-08 09:04:34,036 [WARN] ModelIntegratedComponent:63 - No mode defined for component null
2024-03-08 09:04:34,036 [WARN] ModelIntegratedComponent:63 - No mode defined for component null
2024-03-08 09:04:34,036 [WARN] ModelIntegratedComponent:63 - No mode defined for component null
2024-03-08 09:04:34,036 [WARN] ModelIntegratedComponent:63 - No mode defined for component null
2024-03-08 09:04:34,036 [WARN] ModelIntegratedComponent:63 - No mode defined for component null
2024-03-08 09:04:34,036 [WARN] ModelIntegratedComponent:63 - No mode defined for component null
2024-03-08 09:04:34,036 [WARN] ModelIntegratedComponent:63 - No mode defined for component null
2024-03-08 09:04:34,036 [WARN] ModelIntegratedComponent:63 - No mode defined for component null
2024-03-08 09:04:34,036 [WARN] ModelIntegratedComponent:63 - No mode defined for component null
2024-03-08 09:04:34,036 [WARN] ModelIntegratedComponent:63 - No mode defined for component null
2024-03-08 09:04:34,036 [WARN] ModelIntegratedComponent:63 - No mode defined for component null
2024-03-08 09:04:34,036 [WARN] ModelIntegratedComponent:63 - No mode defined for component null
2024-03-08 09:04:34,036 [WARN] ModelIntegratedComponent:63 - No mode defined for component null
2024-03-08 09:04:34,036 [WARN] ModelIntegratedComponent:63 - No mode defined for component null
2024-03-08 09:04:34,036 [WARN] ModelIntegratedComponent:63 - No mode defined for component null
2024-03-08 09:04:34,036 [WARN] ModelIntegratedComponent:63 - No mode defined for component null
2024-03-08 09:04:34,036 [WARN] ModelIntegratedComponent:63 - No mode defined for component null
2024-03-08 09:04:34,036 [WARN] ModelIntegratedComponent:63 - No mode defined for component null
2024-03-08 09:04:34,036 [WARN] ModelIntegratedComponent:63 - No mode defined for component null
2024-03-08 09:04:34,036 [WARN] ModelIntegratedComponent:63 - No mode defined for component null
2024-03-08 09:04:34,036 [WARN] ModelIntegratedComponent:63 - No mode defined for component null
2024-03-08 09:04:34,036 [WARN] ModelIntegratedComponent:63 - No mode defined for component null
2024-03-08 09:04:34,036 [WARN] ModelIntegratedComponent:63 - No mode defined for component null
2024-03-08 09:04:34,036 [WARN] ModelIntegratedComponent:63 - No mode defined for component null
2024-03-08 09:04:34,036 [WARN] ModelIntegratedComponent:63 - No mode defined for component null
2024-03-08 09:04:34,036 [WARN] ModelIntegratedComponent:63 - No mode defined for component null
2024-03-08 09:04:34,036 [WARN] ModelIntegratedComponent:63 - No mode defined for component null
2024-03-08 09:04:34,036 [WARN] ModelIntegratedComponent:63 - No mode defined for component null
2024-03-08 09:04:34,036 [WARN] ModelIntegratedComponent:63 - No mode defined for component null
2024-03-08 09:04:34,182 [INFO] ThirdPartyModel:298 - Start build external matchings
2024-03-08 09:04:35,095 [INFO] ThirdPartyModel:316 - End build external matchings
2024-03-08 09:04:35,123 [INFO] ImportTextPane:194 - (OptionalMessage_ERROR) IP (DMA) : Parameter (Instance) has Id (ADC1) currently not set
2024-03-08 09:04:35,123 [INFO] ImportTextPane:194 - (OptionalMessage_ERROR) IP (DMA) : Parameter (Channel) has Id (ADC1) currently not set
2024-03-08 09:04:35,123 [INFO] ImportTextPane:194 - (OptionalMessage_ERROR) IP (DMA) : Parameter (Direction) has Id (ADC1) currently not set
2024-03-08 09:04:35,123 [INFO] ImportTextPane:194 - (OptionalMessage_ERROR) IP (DMA) : Parameter (PeriphInc) has Id (ADC1) currently not set
2024-03-08 09:04:35,123 [INFO] ImportTextPane:194 - (OptionalMessage_ERROR) IP (DMA) : Parameter (MemInc) has Id (ADC1) currently not set
2024-03-08 09:04:35,123 [INFO] ImportTextPane:194 - (OptionalMessage_ERROR) IP (DMA) : Parameter (PeriphDataAlignment) has Id (ADC1) currently not set
2024-03-08 09:04:35,123 [INFO] ImportTextPane:194 - (OptionalMessage_ERROR) IP (DMA) : Parameter (MemDataAlignment) has Id (ADC1) currently not set
2024-03-08 09:04:35,123 [INFO] ImportTextPane:194 - (OptionalMessage_ERROR) IP (DMA) : Parameter (Mode) has Id (ADC1) currently not set
2024-03-08 09:04:35,123 [INFO] ImportTextPane:194 - (OptionalMessage_ERROR) IP (DMA) : Parameter (Priority) has Id (ADC1) currently not set
2024-03-08 09:04:35,123 [INFO] ImportTextPane:194 - (OptionalMessage_ERROR) IP (DMA) : Parameter (FIFOMode) has Id (ADC1) currently not set
2024-03-08 09:04:35,123 [INFO] ImportTextPane:194 - (OptionalMessage_ERROR) IP (DMA) : Parameter (Instance) has Id (ADC2) currently not set
2024-03-08 09:04:35,123 [INFO] ImportTextPane:194 - (OptionalMessage_ERROR) IP (DMA) : Parameter (Channel) has Id (ADC2) currently not set
2024-03-08 09:04:35,123 [INFO] ImportTextPane:194 - (OptionalMessage_ERROR) IP (DMA) : Parameter (Direction) has Id (ADC2) currently not set
2024-03-08 09:04:35,123 [INFO] ImportTextPane:194 - (OptionalMessage_ERROR) IP (DMA) : Parameter (PeriphInc) has Id (ADC2) currently not set
2024-03-08 09:04:35,123 [INFO] ImportTextPane:194 - (OptionalMessage_ERROR) IP (DMA) : Parameter (MemInc) has Id (ADC2) currently not set
2024-03-08 09:04:35,123 [INFO] ImportTextPane:194 - (OptionalMessage_ERROR) IP (DMA) : Parameter (PeriphDataAlignment) has Id (ADC2) currently not set
2024-03-08 09:04:35,123 [INFO] ImportTextPane:194 - (OptionalMessage_ERROR) IP (DMA) : Parameter (MemDataAlignment) has Id (ADC2) currently not set
2024-03-08 09:04:35,123 [INFO] ImportTextPane:194 - (OptionalMessage_ERROR) IP (DMA) : Parameter (Mode) has Id (ADC2) currently not set
2024-03-08 09:04:35,123 [INFO] ImportTextPane:194 - (OptionalMessage_ERROR) IP (DMA) : Parameter (Priority) has Id (ADC2) currently not set
2024-03-08 09:04:35,123 [INFO] ImportTextPane:194 - (OptionalMessage_ERROR) IP (DMA) : Parameter (FIFOMode) has Id (ADC2) currently not set
2024-03-08 09:04:35,123 [INFO] ImportTextPane:194 - (OptionalMessage_ERROR) IP (RCC) : Invalid parameter (48MHZClocksFreq_Value)
2024-03-08 09:04:35,123 [INFO] ImportTextPane:194 - (OptionalMessage_ERROR) IP (RCC) : Invalid parameter (ADC12outputFreq_Value)
2024-03-08 09:04:35,123 [INFO] ImportTextPane:194 - (OptionalMessage_ERROR) IP (RCC) : Invalid parameter (ADC34outputFreq_Value)
2024-03-08 09:04:35,123 [INFO] ImportTextPane:194 - (OptionalMessage_ERROR) IP (RCC) : Invalid parameter (FamilyName)
2024-03-08 09:04:35,123 [INFO] ImportTextPane:194 - (OptionalMessage_ERROR) IP (RCC) : Invalid parameter (I2SClocksFreq_Value)
2024-03-08 09:04:35,123 [INFO] ImportTextPane:194 - (OptionalMessage_ERROR) IP (RCC) : Parameter (LCDTFToutputFreq_Value) has invalid value (96000000)
2024-03-08 09:04:35,123 [INFO] ImportTextPane:194 - (OptionalMessage_ERROR) IP (RCC) : Invalid parameter (MCOFreq_Value)
2024-03-08 09:04:35,123 [INFO] ImportTextPane:194 - (OptionalMessage_ERROR) IP (RCC) : Invalid parameter (PLLMCOFreq_Value)
2024-03-08 09:04:35,123 [INFO] ImportTextPane:194 - (OptionalMessage_ERROR) IP (RCC) : Invalid parameter (PLLMUL)
2024-03-08 09:04:35,123 [INFO] ImportTextPane:194 - (OptionalMessage_ERROR) IP (RCC) : Invalid parameter (PRESCALERUSB)
2024-03-08 09:04:35,123 [INFO] ImportTextPane:194 - (OptionalMessage_ERROR) IP (RCC) : Parameter (RNGFreq_Value) has invalid value (144000000)
2024-03-08 09:04:35,123 [INFO] ImportTextPane:194 - (OptionalMessage_ERROR) IP (RCC) : Invalid parameter (RTCHSEDivFreq_Value)
2024-03-08 09:04:35,123 [INFO] ImportTextPane:194 - (OptionalMessage_ERROR) IP (RCC) : Parameter (SDMMCFreq_Value) has invalid value (216000000)
2024-03-08 09:04:35,123 [INFO] ImportTextPane:194 - (OptionalMessage_ERROR) IP (RCC) : Invalid parameter (SYSCLKSourceVirtual)
2024-03-08 09:04:35,123 [INFO] ImportTextPane:194 - (OptionalMessage_ERROR) IP (RCC) : Invalid parameter (TIM15Freq_Value)
2024-03-08 09:04:35,123 [INFO] ImportTextPane:194 - (OptionalMessage_ERROR) IP (RCC) : Invalid parameter (TIM16Freq_Value)
2024-03-08 09:04:35,123 [INFO] ImportTextPane:194 - (OptionalMessage_ERROR) IP (RCC) : Invalid parameter (TIM17Freq_Value)
2024-03-08 09:04:35,123 [INFO] ImportTextPane:194 - (OptionalMessage_ERROR) IP (RCC) : Invalid parameter (TIM1Freq_Value)
2024-03-08 09:04:35,123 [INFO] ImportTextPane:194 - (OptionalMessage_ERROR) IP (RCC) : Invalid parameter (TIM20Freq_Value)
2024-03-08 09:04:35,123 [INFO] ImportTextPane:194 - (OptionalMessage_ERROR) IP (RCC) : Invalid parameter (TIM2Freq_Value)
2024-03-08 09:04:35,123 [INFO] ImportTextPane:194 - (OptionalMessage_ERROR) IP (RCC) : Invalid parameter (TIM3Freq_Value)
2024-03-08 09:04:35,123 [INFO] ImportTextPane:194 - (OptionalMessage_ERROR) IP (RCC) : Invalid parameter (TIM8Freq_Value)
2024-03-08 09:04:35,123 [INFO] ImportTextPane:194 - (OptionalMessage_ERROR) IP (RCC) : Parameter (USBFreq_Value) has invalid value (144000000)
2024-03-08 09:04:35,123 [INFO] ImportTextPane:194 - (OptionalMessage_ERROR) IP (RCC) : Invalid parameter (VCOOutput2Freq_Value)
2024-03-08 09:04:35,123 [INFO] ImportTextPane:194 - (OptionalMessage_ERROR) IP (RCC) : Invalid parameter (VcooutputI2S)
2024-03-08 09:04:35,624 [INFO] UtilMem:75 - End LoadConfig() Used Memory: 813539216 Bytes (945815552)
2024-03-08 09:04:35,887 [WARN] ThirdParty:833 - waiting for thirdparty lock release [change project]
2024-03-08 09:04:35,887 [INFO] ThirdParty:835 - entering critical section [change project]
2024-03-08 09:04:35,887 [INFO] ThirdParty:1030 - CMSIS Pack Vendor :STMicroelectronics X-CUBE-ISPU 1.1.0
2024-03-08 09:04:35,887 [INFO] ThirdParty:1030 - CMSIS Pack Vendor :STMicroelectronics X-CUBE-GNSS1 6.0.0
2024-03-08 09:04:35,887 [INFO] ThirdParty:1030 - CMSIS Pack Vendor :STMicroelectronics USB_HOST 2.0.0
2024-03-08 09:04:35,887 [INFO] ThirdParty:1030 - CMSIS Pack Vendor :STMicroelectronics X-CUBE-AZRTOS-F4 1.1.0
2024-03-08 09:04:35,887 [INFO] ThirdParty:1030 - CMSIS Pack Vendor :STMicroelectronics LIBJPEG 8.0.0
2024-03-08 09:04:35,887 [INFO] ThirdParty:1030 - CMSIS Pack Vendor :STMicroelectronics X-CUBE-SMBUS 2.1.0
2024-03-08 09:04:35,887 [INFO] ThirdParty:1030 - CMSIS Pack Vendor :wolfSSL I-CUBE-wolfSSL 5.6.0
2024-03-08 09:04:35,887 [INFO] ThirdParty:1030 - CMSIS Pack Vendor :STMicroelectronics USB_DEVICE 3.0.0
2024-03-08 09:04:35,887 [INFO] ThirdParty:1030 - CMSIS Pack Vendor :STMicroelectronics X-CUBE-AI 8.0.0
2024-03-08 09:04:35,887 [INFO] ThirdParty:1030 - CMSIS Pack Vendor :STMicroelectronics X-CUBE-AZRTOS-WB 2.0.0
2024-03-08 09:04:35,903 [INFO] ThirdParty:1030 - CMSIS Pack Vendor :STMicroelectronics X-CUBE-FREERTOS 1.0.1
2024-03-08 09:04:35,903 [INFO] ThirdParty:1030 - CMSIS Pack Vendor :STMicroelectronics X-CUBE-TOUCHGFX 4.21.3
2024-03-08 09:04:35,903 [INFO] ThirdParty:1030 - CMSIS Pack Vendor :STMicroelectronics X-CUBE-TOUCHGFX 4.23.0
2024-03-08 09:04:35,903 [INFO] ThirdParty:1030 - CMSIS Pack Vendor :STMicroelectronics X-CUBE-AZRTOS-F7 1.1.0
2024-03-08 09:04:35,903 [INFO] ThirdParty:1030 - CMSIS Pack Vendor :STMicroelectronics X-CUBE-TOUCHGFX 4.21.4
2024-03-08 09:04:35,903 [INFO] ThirdParty:1030 - CMSIS Pack Vendor :STMicroelectronics X-CUBE-AZRTOS-L5 2.0.0
2024-03-08 09:04:35,903 [INFO] ThirdParty:1030 - CMSIS Pack Vendor :STMicroelectronics USB_DEVICE 2.0.0
2024-03-08 09:04:35,903 [INFO] ThirdParty:1030 - CMSIS Pack Vendor :STMicroelectronics X-CUBE-MEMS1 9.6.0
2024-03-08 09:04:35,903 [INFO] ThirdParty:1030 - CMSIS Pack Vendor :STMicroelectronics X-CUBE-EEPRMA1 4.2.0
2024-03-08 09:04:35,903 [INFO] ThirdParty:1030 - CMSIS Pack Vendor :ITTIA_DB I-CUBE-ITTIADB 8.8.0
2024-03-08 09:04:35,903 [INFO] ThirdParty:1030 - CMSIS Pack Vendor :STMicroelectronics FP-SNS-MOTENV1 4.3.0
2024-03-08 09:04:35,903 [INFO] ThirdParty:1030 - CMSIS Pack Vendor :STMicroelectronics FP-SNS-MOTENV1 4.3.2
2024-03-08 09:04:35,903 [INFO] ThirdParty:1030 - CMSIS Pack Vendor :STMicroelectronics FP-SNS-FLIGHT1 5.0.0
2024-03-08 09:04:35,903 [INFO] ThirdParty:1030 - CMSIS Pack Vendor :STMicroelectronics FP-SNS-MOTENV1 4.3.1
2024-03-08 09:04:35,903 [INFO] ThirdParty:1030 - CMSIS Pack Vendor :STMicroelectronics FP-SNS-FLIGHT1 5.0.1
2024-03-08 09:04:35,903 [INFO] ThirdParty:1030 - CMSIS Pack Vendor :STMicroelectronics X-CUBE-ALGOBUILD 1.3.0
2024-03-08 09:04:35,903 [INFO] ThirdParty:1030 - CMSIS Pack Vendor :STMicroelectronics X-CUBE-BLE1 6.2.4
2024-03-08 09:04:35,903 [INFO] ThirdParty:1030 - CMSIS Pack Vendor :STMicroelectronics X-CUBE-AZRTOS-L5 1.1.0
2024-03-08 09:04:35,903 [INFO] ThirdParty:1030 - CMSIS Pack Vendor :STMicroelectronics FreeRTOS 0.0.1
2024-03-08 09:04:35,903 [INFO] ThirdParty:1030 - CMSIS Pack Vendor :STMicroelectronics X-CUBE-AZRTOS-G0 1.1.0
2024-03-08 09:04:35,903 [INFO] ThirdParty:1030 - CMSIS Pack Vendor :emotas I-CUBE-CANOPEN 1.1.3
2024-03-08 09:04:35,903 [INFO] ThirdParty:1030 - CMSIS Pack Vendor :STMicroelectronics X-CUBE-BLEMGR 2.0.0
2024-03-08 09:04:35,903 [INFO] ThirdParty:1030 - CMSIS Pack Vendor :STMicroelectronics X-CUBE-AI 8.0.1
2024-03-08 09:04:35,903 [INFO] ThirdParty:1030 - CMSIS Pack Vendor :STMicroelectronics X-CUBE-NFC4 3.0.0
2024-03-08 09:04:35,903 [INFO] ThirdParty:1030 - CMSIS Pack Vendor :STMicroelectronics X-CUBE-SUBG2 5.0.0
2024-03-08 09:04:35,903 [INFO] ThirdParty:1030 - CMSIS Pack Vendor :STMicroelectronics STM32_WPAN 1.0.0
2024-03-08 09:04:35,903 [INFO] ThirdParty:1030 - CMSIS Pack Vendor :STMicroelectronics lwIP 2.0.3
2024-03-08 09:04:35,903 [INFO] ThirdParty:1030 - CMSIS Pack Vendor :STMicroelectronics FP-SNS-FLIGHT1 5.0.2
2024-03-08 09:04:35,903 [INFO] ThirdParty:1030 - CMSIS Pack Vendor :STMicroelectronics USB_HOST 1.0.0
2024-03-08 09:04:35,903 [INFO] ThirdParty:1030 - CMSIS Pack Vendor :STMicroelectronics X-CUBE-TOF1 3.3.1
2024-03-08 09:04:35,903 [INFO] ThirdParty:1030 - CMSIS Pack Vendor :STMicroelectronics X-CUBE-AZRTOS-G4 2.0.0
2024-03-08 09:04:35,903 [INFO] ThirdParty:1030 - CMSIS Pack Vendor :STMicroelectronics PDM2PCM 3.1.0
2024-03-08 09:04:35,903 [INFO] ThirdParty:1030 - CMSIS Pack Vendor :STMicroelectronics X-CUBE-AZRTOS-H7 3.1.0
2024-03-08 09:04:35,903 [INFO] ThirdParty:1030 - CMSIS Pack Vendor :STMicroelectronics X-CUBE-TOF1 3.3.0
2024-03-08 09:04:35,903 [INFO] ThirdParty:1030 - CMSIS Pack Vendor :Infineon AIROC-Wi-Fi-Bluetooth-STM32 1.5.1
2024-03-08 09:04:35,903 [INFO] ThirdParty:1030 - CMSIS Pack Vendor :STMicroelectronics X-CUBE-BLEMGR 3.0.0
2024-03-08 09:04:35,903 [INFO] ThirdParty:1030 - CMSIS Pack Vendor :STMicroelectronics PDM2PCM 3.3.0
2024-03-08 09:04:35,903 [INFO] ThirdParty:1030 - CMSIS Pack Vendor :STMicroelectronics X-CUBE-DISPLAY 3.0.0
2024-03-08 09:04:35,903 [INFO] ThirdParty:1030 - CMSIS Pack Vendor :STMicroelectronics FP-SNS-MOTENVWB1 1.3.0
2024-03-08 09:04:35,903 [INFO] ThirdParty:1030 - CMSIS Pack Vendor :STMicroelectronics FP-SNS-MOTENVWB1 1.3.1
2024-03-08 09:04:35,903 [INFO] ThirdParty:1030 - CMSIS Pack Vendor :STMicroelectronics X-CUBE-BLE1 7.0.0
2024-03-08 09:04:35,903 [INFO] ThirdParty:1030 - CMSIS Pack Vendor :STMicroelectronics FP-ATR-SIGFOX1 3.2.0
2024-03-08 09:04:35,903 [INFO] ThirdParty:1030 - CMSIS Pack Vendor :STMicroelectronics X-CUBE-AZRTOS-L4 1.0.0
2024-03-08 09:04:35,903 [INFO] ThirdParty:1030 - CMSIS Pack Vendor :STMicroelectronics X-CUBE-ISPU 2.0.0
2024-03-08 09:04:35,903 [INFO] ThirdParty:1030 - CMSIS Pack Vendor :STMicroelectronics X-CUBE-EEPRMA1 5.1.0
2024-03-08 09:04:35,903 [INFO] ThirdParty:1030 - CMSIS Pack Vendor :STMicroelectronics HAL Drivers 0.0.0
2024-03-08 09:04:35,903 [INFO] ThirdParty:1030 - CMSIS Pack Vendor :STMicroelectronics MBEDTLS 2.16.2
2024-03-08 09:04:35,903 [INFO] ThirdParty:1030 - CMSIS Pack Vendor :STMicroelectronics X-CUBE-MEMS1 10.0.0
2024-03-08 09:04:35,903 [INFO] ThirdParty:1030 - CMSIS Pack Vendor :STMicroelectronics X-CUBE-FREERTOS 1.1.0
2024-03-08 09:04:35,903 [INFO] ThirdParty:1030 - CMSIS Pack Vendor :STMicroelectronics X-CUBE-TOUCHGFX 4.22.0
2024-03-08 09:04:35,903 [INFO] ThirdParty:1030 - CMSIS Pack Vendor :STMicroelectronics X-CUBE-NFC7 1.0.1
2024-03-08 09:04:35,903 [INFO] ThirdParty:1030 - CMSIS Pack Vendor :STMicroelectronics MBEDTLS 2.14.1
2024-03-08 09:04:35,903 [INFO] ThirdParty:1030 - CMSIS Pack Vendor :STMicroelectronics X-CUBE-NFC7 1.0.0
2024-03-08 09:04:35,903 [INFO] ThirdParty:1030 - CMSIS Pack Vendor :STMicroelectronics X-CUBE-TOUCHGFX 4.22.1
2024-03-08 09:04:35,903 [INFO] ThirdParty:1030 - CMSIS Pack Vendor :STMicroelectronics X-CUBE-AZRTOS-WL 1.0.0
2024-03-08 09:04:35,903 [INFO] ThirdParty:1030 - CMSIS Pack Vendor :STMicroelectronics X-CUBE-NFC6 3.0.0
2024-03-08 09:04:35,903 [INFO] ThirdParty:1030 - CMSIS Pack Vendor :STMicroelectronics X-CUBE-EEPRMA1 4.1.0
2024-03-08 09:04:35,903 [INFO] ThirdParty:1030 - CMSIS Pack Vendor :portGmbH I-Cube-SoM-uGOAL 1.1.0
2024-03-08 09:04:35,903 [INFO] ThirdParty:1030 - CMSIS Pack Vendor :STMicroelectronics X-CUBE-ALS 1.0.1
2024-03-08 09:04:35,903 [INFO] ThirdParty:1030 - CMSIS Pack Vendor :STMicroelectronics X-CUBE-BLEMGR 3.1.0
2024-03-08 09:04:35,903 [INFO] ThirdParty:1030 - CMSIS Pack Vendor :STMicroelectronics ThreadX 1.0.0
2024-03-08 09:04:35,903 [INFO] ThirdParty:1030 - CMSIS Pack Vendor :STMicroelectronics FP-SNS-SMARTAG2 1.2.0
2024-03-08 09:04:35,903 [INFO] ThirdParty:1030 - CMSIS Pack Vendor :STMicroelectronics X-CUBE-AZRTOS-WB 1.1.0
2024-03-08 09:04:35,903 [INFO] ThirdParty:1030 - CMSIS Pack Vendor :STMicroelectronics X-CUBE-AZRTOS-WL 2.0.0
2024-03-08 09:04:35,903 [INFO] ThirdParty:1030 - CMSIS Pack Vendor :SEGGER I-CUBE-embOS 1.3.1
2024-03-08 09:04:35,903 [INFO] ThirdParty:1030 - CMSIS Pack Vendor :STMicroelectronics USB_DEVICE 1.0.0
2024-03-08 09:04:35,903 [INFO] ThirdParty:1030 - CMSIS Pack Vendor :STMicroelectronics X-CUBE-AI 8.1.0
2024-03-08 09:04:35,903 [INFO] ThirdParty:1030 - CMSIS Pack Vendor :STMicroelectronics X-CUBE-AZRTOS-L4 2.0.0
2024-03-08 09:04:35,903 [INFO] ThirdParty:1030 - CMSIS Pack Vendor :STMicroelectronics ThreadX 0.0.2
2024-03-08 09:04:35,903 [INFO] ThirdParty:1030 - CMSIS Pack Vendor :WES I-CUBE-Cesium 1.3.0
2024-03-08 09:04:35,903 [INFO] ThirdParty:1030 - CMSIS Pack Vendor :STMicroelectronics FP-ATR-ASTRA1 2.0.0
2024-03-08 09:04:35,903 [INFO] ThirdParty:1030 - CMSIS Pack Vendor :STMicroelectronics lwIP 2.1.2
2024-03-08 09:04:35,903 [INFO] ThirdParty:1030 - CMSIS Pack Vendor :STMicroelectronics X-CUBE-SFXS2LP1 4.0.0
2024-03-08 09:04:35,903 [INFO] ThirdParty:1030 - CMSIS Pack Vendor :STMicroelectronics X-CUBE-BLE2 3.3.0
2024-03-08 09:04:35,903 [INFO] ThirdParty:1030 - CMSIS Pack Vendor :STMicroelectronics X-CUBE-TOF1 3.4.0
2024-03-08 09:04:35,903 [INFO] ThirdParty:1030 - CMSIS Pack Vendor :STMicroelectronics X-CUBE-TOF1 3.4.1
2024-03-08 09:04:35,903 [INFO] ThirdParty:1030 - CMSIS Pack Vendor :STMicroelectronics X-CUBE-AZRTOS-H7 3.2.0
2024-03-08 09:04:35,903 [INFO] ThirdParty:1030 - CMSIS Pack Vendor :STMicroelectronics PDM2PCM 3.2.0
2024-03-08 09:04:35,903 [INFO] ThirdParty:841 - exiting critical section [change project]
2024-03-08 09:04:36,384 [INFO] PinOutPanel:1499 - setPackage(No Configuration,No Configuration)
2024-03-08 09:04:36,384 [INFO] PinOutPanel:1499 - setPackage(STM32F746ZGTx,LQFP144)
2024-03-08 09:04:37,039 [INFO] UtilMem:75 - Before build in PCC Used Memory: 655053352 Bytes (945815552)
2024-03-08 09:04:37,456 [INFO] UtilMem:75 - After build in PCC Used Memory: 655617936 Bytes (945815552)
2024-03-08 09:04:37,487 [INFO] IPUIPlugin:80 - create IPUIPlugin
2024-03-08 09:04:37,487 [INFO] IPUIPlugin:80 - create IPUIPlugin
2024-03-08 09:04:37,487 [INFO] IPUIPlugin:80 - create IPUIPlugin
2024-03-08 09:04:37,487 [INFO] IPUIPlugin:80 - create IPUIPlugin
2024-03-08 09:04:37,487 [INFO] IPUIPlugin:80 - create IPUIPlugin
2024-03-08 09:04:37,487 [INFO] IPUIPlugin:80 - create IPUIPlugin
2024-03-08 09:04:37,487 [INFO] IPUIPlugin:80 - create IPUIPlugin
2024-03-08 09:04:37,487 [INFO] IPUIPlugin:80 - create IPUIPlugin
2024-03-08 09:04:37,487 [INFO] IPUIPlugin:80 - create IPUIPlugin
2024-03-08 09:04:37,487 [INFO] IPUIPlugin:80 - create IPUIPlugin
2024-03-08 09:04:37,487 [INFO] IPUIPlugin:80 - create IPUIPlugin
2024-03-08 09:04:37,487 [INFO] IPUIPlugin:80 - create IPUIPlugin
2024-03-08 09:04:37,487 [INFO] IPUIPlugin:80 - create IPUIPlugin
2024-03-08 09:04:37,487 [INFO] IPUIPlugin:80 - create IPUIPlugin
2024-03-08 09:04:37,487 [INFO] IPUIPlugin:80 - create IPUIPlugin
2024-03-08 09:04:37,487 [INFO] IPUIPlugin:80 - create IPUIPlugin
2024-03-08 09:04:37,487 [INFO] IPUIPlugin:80 - create IPUIPlugin
2024-03-08 09:04:37,487 [INFO] IPUIPlugin:80 - create IPUIPlugin
2024-03-08 09:04:37,487 [INFO] IPUIPlugin:80 - create IPUIPlugin
2024-03-08 09:04:37,487 [INFO] IPUIPlugin:80 - create IPUIPlugin
2024-03-08 09:04:37,487 [INFO] IPUIPlugin:80 - create IPUIPlugin
2024-03-08 09:04:37,487 [INFO] IPUIPlugin:80 - create IPUIPlugin
2024-03-08 09:04:37,487 [INFO] IPUIPlugin:80 - create IPUIPlugin
2024-03-08 09:04:37,487 [INFO] IPUIPlugin:80 - create IPUIPlugin
2024-03-08 09:04:37,487 [INFO] IPUIPlugin:80 - create IPUIPlugin
2024-03-08 09:04:37,487 [INFO] IPUIPlugin:80 - create IPUIPlugin
2024-03-08 09:04:37,487 [INFO] IPUIPlugin:80 - create IPUIPlugin
2024-03-08 09:04:37,487 [INFO] IPUIPlugin:80 - create IPUIPlugin
2024-03-08 09:04:37,487 [INFO] IPUIPlugin:80 - create IPUIPlugin
2024-03-08 09:04:37,487 [INFO] IPUIPlugin:80 - create IPUIPlugin
2024-03-08 09:04:37,487 [INFO] IPUIPlugin:80 - create IPUIPlugin
2024-03-08 09:04:37,487 [INFO] IPUIPlugin:80 - create IPUIPlugin
2024-03-08 09:04:37,487 [INFO] IPUIPlugin:80 - create IPUIPlugin
2024-03-08 09:04:37,487 [INFO] IPUIPlugin:80 - create IPUIPlugin
2024-03-08 09:04:37,487 [INFO] IPUIPlugin:80 - create IPUIPlugin
2024-03-08 09:04:37,487 [INFO] IPUIPlugin:80 - create IPUIPlugin
2024-03-08 09:04:37,487 [INFO] IPUIPlugin:80 - create IPUIPlugin
2024-03-08 09:04:37,487 [INFO] IPUIPlugin:80 - create IPUIPlugin
2024-03-08 09:04:37,487 [INFO] IPUIPlugin:80 - create IPUIPlugin
2024-03-08 09:04:37,487 [INFO] IPUIPlugin:80 - create IPUIPlugin
2024-03-08 09:04:37,502 [INFO] IPUIPlugin:80 - create IPUIPlugin
2024-03-08 09:04:37,502 [INFO] IPUIPlugin:80 - create IPUIPlugin
2024-03-08 09:04:37,502 [INFO] IPUIPlugin:80 - create IPUIPlugin
2024-03-08 09:04:37,502 [INFO] IPUIPlugin:80 - create IPUIPlugin
2024-03-08 09:04:37,502 [INFO] IPUIPlugin:80 - create IPUIPlugin
2024-03-08 09:04:37,502 [INFO] IPUIPlugin:80 - create IPUIPlugin
2024-03-08 09:04:37,502 [INFO] IPUIPlugin:80 - create IPUIPlugin
2024-03-08 09:04:37,502 [INFO] IPUIPlugin:80 - create IPUIPlugin
2024-03-08 09:04:37,502 [INFO] IPUIPlugin:80 - create IPUIPlugin
2024-03-08 09:04:37,502 [INFO] IPUIPlugin:80 - create IPUIPlugin
2024-03-08 09:04:37,502 [INFO] IPUIPlugin:80 - create IPUIPlugin
2024-03-08 09:04:37,502 [INFO] IPUIPlugin:80 - create IPUIPlugin
2024-03-08 09:04:37,502 [INFO] IPUIPlugin:80 - create IPUIPlugin
2024-03-08 09:04:37,502 [INFO] IPUIPlugin:80 - create IPUIPlugin
2024-03-08 09:04:37,502 [INFO] IPUIPlugin:80 - create IPUIPlugin
2024-03-08 09:04:37,502 [INFO] IPUIPlugin:80 - create IPUIPlugin
2024-03-08 09:04:37,502 [INFO] IPUIPlugin:80 - create IPUIPlugin
2024-03-08 09:04:37,502 [INFO] IPUIPlugin:80 - create IPUIPlugin
2024-03-08 09:04:37,502 [INFO] IPUIPlugin:80 - create IPUIPlugin
2024-03-08 09:04:37,509 [INFO] IPUIPlugin:80 - create IPUIPlugin
2024-03-08 09:04:37,509 [INFO] IPUIPlugin:80 - create IPUIPlugin
2024-03-08 09:04:37,509 [INFO] IPUIPlugin:80 - create IPUIPlugin
2024-03-08 09:04:37,509 [INFO] IPUIPlugin:80 - create IPUIPlugin
2024-03-08 09:04:37,509 [INFO] IPUIPlugin:80 - create IPUIPlugin
2024-03-08 09:04:37,509 [INFO] IPUIPlugin:80 - create IPUIPlugin
2024-03-08 09:04:37,509 [INFO] IPUIPlugin:80 - create IPUIPlugin
2024-03-08 09:04:37,509 [INFO] IPUIPlugin:80 - create IPUIPlugin
2024-03-08 09:04:37,509 [INFO] IPUIPlugin:80 - create IPUIPlugin
2024-03-08 09:04:37,509 [INFO] IPUIPlugin:80 - create IPUIPlugin
2024-03-08 09:04:37,509 [INFO] IPUIPlugin:80 - create IPUIPlugin
2024-03-08 09:04:37,509 [INFO] IPUIPlugin:80 - create IPUIPlugin
2024-03-08 09:04:37,509 [INFO] IPUIPlugin:80 - create IPUIPlugin
2024-03-08 09:04:37,509 [INFO] IPUIPlugin:80 - create IPUIPlugin
2024-03-08 09:04:37,509 [INFO] IPUIPlugin:80 - create IPUIPlugin
2024-03-08 09:04:37,509 [INFO] ApiDbMcu:507 - Load IP Config File for PDM2PCM
2024-03-08 09:04:37,609 [INFO] CADModel:165 - CPN selected for project levelSTM32F746ZGT6
2024-03-08 09:04:37,609 [INFO] CADModel:114 - Register for checkConnection events
2024-03-08 09:04:37,672 [INFO] OpenFileManager:328 - Restore cursor
2024-03-08 09:05:17,704 [INFO] NvicIntPanel:101 - NVIC parent = com.st.microxplorer.plugins.ip.nvic.MultiNvicIntPanel[,0,0,450x118,layout=javax.swing.BoxLayout,alignmentX=0.0,alignmentY=0.0,border=,flags=9,maximumSize=,minimumSize=,preferredSize=]
2024-03-08 10:08:12,085 [INFO] Gpio:273 - dependency for GPIO [ADC1, ADC2, RCC, USART1]
2024-03-08 10:08:46,557 [INFO] UtilMem:75 - End SaveConfig() Used Memory: 765275272 Bytes (945815552)
2024-03-08 10:08:47,594 [INFO] UtilMem:75 - End SaveConfig() Used Memory: 641011296 Bytes (945815552)
2024-03-08 10:08:49,262 [INFO] UtilMem:75 - End SaveConfig() Used Memory: 755340168 Bytes (945815552)
2024-03-08 10:08:50,017 [INFO] BlockDiagram:2759 - set Specific Code input for plugin: ADC
2024-03-08 10:08:50,017 [INFO] BlockDiagram:2759 - set Specific Code input for plugin: SYS
2024-03-08 10:08:50,017 [INFO] BlockDiagram:2759 - set Specific Code input for plugin: ADC
2024-03-08 10:08:50,017 [INFO] BlockDiagram:2759 - set Specific Code input for plugin: RCC
2024-03-08 10:08:50,017 [INFO] BlockDiagram:2759 - set Specific Code input for plugin: NVIC
2024-03-08 10:08:50,017 [INFO] BlockDiagram:2759 - set Specific Code input for plugin: USART
2024-03-08 10:08:50,017 [INFO] BlockDiagram:2759 - set Specific Code input for plugin: DMA
2024-03-08 10:08:50,017 [INFO] BlockDiagram:2759 - set Specific Code input for plugin: GPIO
2024-03-08 10:08:50,017 [INFO] CodeGenerator:793 - code generatio: config db path: C:\ST\STM32CubeIDE_1.12.0\STM32CubeIDE\plugins\com.st.stm32cube.common.mx_6.8.1.202304191431\\db\
2024-03-08 10:08:50,681 [INFO] CodeEngine:255 - oldGeneratedFile, C:\Users\m-ali.khlifi-ext\STM32CubeIDE\workspace_1.12.0\UARTF74\MXTmpFiles\license.tmp_save
2024-03-08 10:08:51,760 [INFO] CodeEngine:279 - Generated code: C:\Users\m-ali.khlifi-ext\STM32CubeIDE\workspace_1.12.0\UARTF74\MXTmpFiles\license.tmp
2024-03-08 10:08:51,860 [INFO] CodeEngine:255 - oldGeneratedFile, C:\Users\m-ali.khlifi-ext\STM32CubeIDE\workspace_1.12.0\UARTF74\MXTmpFiles\gpio.tmp_save
2024-03-08 10:08:52,023 [INFO] CodeEngine:279 - Generated code: C:\Users\m-ali.khlifi-ext\STM32CubeIDE\workspace_1.12.0\UARTF74\MXTmpFiles\gpio.tmp
2024-03-08 10:08:52,493 [INFO] CodeEngine:255 - oldGeneratedFile, C:\Users\m-ali.khlifi-ext\STM32CubeIDE\workspace_1.12.0\UARTF74\MXTmpFiles\cortex.tmp_save
2024-03-08 10:08:52,609 [INFO] CodeEngine:279 - Generated code: C:\Users\m-ali.khlifi-ext\STM32CubeIDE\workspace_1.12.0\UARTF74\MXTmpFiles\cortex.tmp
2024-03-08 10:08:52,694 [INFO] CodeEngine:255 - oldGeneratedFile, C:\Users\m-ali.khlifi-ext\STM32CubeIDE\workspace_1.12.0\UARTF74\MXTmpFiles\dma.tmp_save
2024-03-08 10:08:52,863 [INFO] CodeEngine:279 - Generated code: C:\Users\m-ali.khlifi-ext\STM32CubeIDE\workspace_1.12.0\UARTF74\MXTmpFiles\dma.tmp
2024-03-08 10:08:52,878 [INFO] CodeEngine:255 - oldGeneratedFile, C:\Users\m-ali.khlifi-ext\STM32CubeIDE\workspace_1.12.0\UARTF74\MXTmpFiles\dma_GV.tmp_save
2024-03-08 10:08:52,994 [INFO] CodeEngine:279 - Generated code: C:\Users\m-ali.khlifi-ext\STM32CubeIDE\workspace_1.12.0\UARTF74\MXTmpFiles\dma_GV.tmp
2024-03-08 10:08:53,063 [INFO] CodeEngine:255 - oldGeneratedFile, C:\Users\m-ali.khlifi-ext\STM32CubeIDE\workspace_1.12.0\UARTF74\Core\Src\stm32f7xx_it.c_save
2024-03-08 10:08:53,277 [INFO] CodeEngine:279 - Generated code: C:\Users\m-ali.khlifi-ext\STM32CubeIDE\workspace_1.12.0\UARTF74\Core\Src\stm32f7xx_it.c
2024-03-08 10:08:53,307 [INFO] CodeEngine:255 - oldGeneratedFile, C:\Users\m-ali.khlifi-ext\STM32CubeIDE\workspace_1.12.0\UARTF74\Core\Inc\stm32f7xx_it.h_save
2024-03-08 10:08:53,448 [INFO] CodeEngine:279 - Generated code: C:\Users\m-ali.khlifi-ext\STM32CubeIDE\workspace_1.12.0\UARTF74\Core\Inc\stm32f7xx_it.h
2024-03-08 10:08:53,554 [INFO] CodeEngine:255 - oldGeneratedFile, C:\Users\m-ali.khlifi-ext\STM32CubeIDE\workspace_1.12.0\UARTF74\Core\Src\stm32f7xx_hal_msp.c_save
2024-03-08 10:08:53,850 [INFO] CodeEngine:279 - Generated code: C:\Users\m-ali.khlifi-ext\STM32CubeIDE\workspace_1.12.0\UARTF74\Core\Src\stm32f7xx_hal_msp.c
2024-03-08 10:08:53,880 [INFO] CodeEngine:255 - oldGeneratedFile, C:\Users\m-ali.khlifi-ext\STM32CubeIDE\workspace_1.12.0\UARTF74\MXTmpFiles\system.tmp_save
2024-03-08 10:08:53,981 [INFO] CodeEngine:279 - Generated code: C:\Users\m-ali.khlifi-ext\STM32CubeIDE\workspace_1.12.0\UARTF74\MXTmpFiles\system.tmp
2024-03-08 10:08:54,041 [INFO] CodeEngine:311 - oldGeneratedFile, C:\Users\m-ali.khlifi-ext\STM32CubeIDE\workspace_1.12.0\UARTF74\Core\Inc\stm32f7xx_hal_conf.h_save
2024-03-08 10:08:54,147 [INFO] CodeEngine:335 - Generated code: C:\Users\m-ali.khlifi-ext\STM32CubeIDE\workspace_1.12.0\UARTF74\Core\Inc\stm32f7xx_hal_conf.h
2024-03-08 10:08:54,263 [INFO] CodeEngine:255 - oldGeneratedFile, C:\Users\m-ali.khlifi-ext\STM32CubeIDE\workspace_1.12.0\UARTF74\Core\Inc\main.h_save
2024-03-08 10:08:54,370 [INFO] CodeEngine:279 - Generated code: C:\Users\m-ali.khlifi-ext\STM32CubeIDE\workspace_1.12.0\UARTF74\Core\Inc\main.h
2024-03-08 10:08:54,401 [INFO] CodeEngine:255 - oldGeneratedFile, C:\Users\m-ali.khlifi-ext\STM32CubeIDE\workspace_1.12.0\UARTF74\Core\Src\main.c_save
2024-03-08 10:08:54,633 [INFO] CodeEngine:279 - Generated code: C:\Users\m-ali.khlifi-ext\STM32CubeIDE\workspace_1.12.0\UARTF74\Core\Src\main.c
2024-03-08 10:08:57,544 [INFO] ProjectBuilder:2996 - Time for Copy HAL[1] : 2117mS.
2024-03-08 10:08:57,559 [INFO] ProjectBuilder:4304 - Project Generator version: 3.19.2
2024-03-08 10:08:57,960 [INFO] ConfigFileManager:1483 - The Die is : DIE449
2024-03-08 10:08:57,976 [INFO] ApiDbMcu:507 - Load IP Config File for FATFS
2024-03-08 10:08:57,976 [INFO] ApiDbMcu:507 - Load IP Config File for FREERTOS
2024-03-08 10:08:57,991 [INFO] ApiDbMcu:507 - Load IP Config File for LIBJPEG
2024-03-08 10:08:58,007 [INFO] ApiDbMcu:507 - Load IP Config File for LWIP
2024-03-08 10:08:58,023 [INFO] ApiDbMcu:507 - Load IP Config File for MBEDTLS
2024-03-08 10:08:58,045 [INFO] ApiDbMcu:507 - Load IP Config File for USB_DEVICE
2024-03-08 10:08:58,060 [INFO] ApiDbMcu:507 - Load IP Config File for USB_HOST
