2023-10-18 10:11:01,343 [INFO] Activator:176 - 


2023-10-18 10:11:01,358 [INFO] Activator:177 - !SESSION log4j initialized
2023-10-18 10:11:08,184 [INFO] LogOutputStream:77 - [STDOUT_REDIRECT] 
2023-10-18 10:11:33,047 [ERROR] LogOutputStream:75 - [STDERR_REDIRECT] SLF4J: Failed to load class "org.slf4j.impl.StaticLoggerBinder".
2023-10-18 10:11:33,047 [ERROR] LogOutputStream:75 - [STDERR_REDIRECT] SLF4J: Defaulting to no-operation (NOP) logger implementation
2023-10-18 10:11:33,047 [ERROR] LogOutputStream:75 - [STDERR_REDIRECT] SLF4J: See http://www.slf4j.org/codes.html#StaticLoggerBinder for further details.
2023-10-18 15:02:49,835 [INFO] ApplicationProperties:184 - Using Application install path: C:\ST\STM32CubeIDE_1.12.0\STM32CubeIDE\plugins\com.st.stm32cube.common.mx_6.8.1.202304191431
2023-10-18 15:02:49,857 [INFO] DbMcusXml:78 - Set database path to: C:\ST\STM32CubeIDE_1.12.0\STM32CubeIDE\plugins\com.st.stm32cube.common.mx_6.8.1.202304191431\\db\/mcu/
2023-10-18 15:02:49,857 [INFO] ApiDb:274 - Set plugin database path to: C:\ST\STM32CubeIDE_1.12.0\STM32CubeIDE\plugins\com.st.stm32cube.common.mx_6.8.1.202304191431\\db\/plugins/boardmanager/
2023-10-18 15:02:49,857 [WARN] ApiDb:259 - Overriding images path with different value:  => C:\ST\STM32CubeIDE_1.12.0\STM32CubeIDE\plugins\com.st.stm32cube.common.mx_6.8.1.202304191431\\db\/plugins/mcufinder/images/
2023-10-18 15:02:49,873 [INFO] ApiDb:250 - Set database path to: C:\Users\m-ali.khlifi-ext\.stmcufinder\plugins\mcufinder//mcu/
2023-10-18 15:02:49,873 [INFO] DbMcusAds:125 - Set database path to: C:\Users\m-ali.khlifi-ext\.stmcufinder\plugins\mcufinder//mcu/
2023-10-18 15:02:49,957 [INFO] CrossReferenceDbSqlite:203 - Set database path to: C:\Users\m-ali.khlifi-ext\.stmcufinder\plugins\mcufinder//mcu/cs/
2023-10-18 15:02:50,089 [INFO] RulesReader:64 - Compatibility file has been processed (293 Rules)
2023-10-18 15:02:50,252 [INFO] DbMcusXml:78 - Set database path to: C:\ST\STM32CubeIDE_1.12.0\STM32CubeIDE\plugins\com.st.stm32cube.common.mx_6.8.1.202304191431\\db\/mcu/
2023-10-18 15:02:50,252 [INFO] ApiDb:274 - Set plugin database path to: C:\ST\STM32CubeIDE_1.12.0\STM32CubeIDE\plugins\com.st.stm32cube.common.mx_6.8.1.202304191431\\db\/plugins/boardmanager/
2023-10-18 15:02:50,252 [INFO] ApiDb:261 - Set plugin images path to: C:\ST\STM32CubeIDE_1.12.0\STM32CubeIDE\plugins\com.st.stm32cube.common.mx_6.8.1.202304191431\\db\/plugins/mcufinder/images/
2023-10-18 15:02:50,252 [WARN] DbFile:41 - Overriding database path with different value: C:\Users\m-ali.khlifi-ext\.stmcufinder\plugins\mcufinder/ => C:\Users\m-ali.khlifi-ext\.stmcufinder\plugins\mcufinder
2023-10-18 15:02:50,252 [INFO] ApiDb:250 - Set database path to: C:\Users\m-ali.khlifi-ext\.stmcufinder\plugins\mcufinder//mcu/
2023-10-18 15:02:50,252 [WARN] DbFile:41 - Overriding database path with different value: C:\Users\m-ali.khlifi-ext\.stmcufinder\plugins\mcufinder/ => C:\Users\m-ali.khlifi-ext\.stmcufinder\plugins\mcufinder
2023-10-18 15:02:50,252 [INFO] DbMcusAds:125 - Set database path to: C:\Users\m-ali.khlifi-ext\.stmcufinder\plugins\mcufinder//mcu/
2023-10-18 15:02:50,252 [WARN] DbFile:41 - Overriding database path with different value: C:\Users\m-ali.khlifi-ext\.stmcufinder\plugins\mcufinder/ => C:\Users\m-ali.khlifi-ext\.stmcufinder\plugins\mcufinder
2023-10-18 15:02:50,252 [WARN] DbFile:41 - Overriding database path with different value: C:\Users\m-ali.khlifi-ext\.stmcufinder\plugins\mcufinder/ => C:\Users\m-ali.khlifi-ext\.stmcufinder\plugins\mcufinder
2023-10-18 15:02:50,252 [INFO] CrossReferenceDbSqlite:203 - Set database path to: C:\Users\m-ali.khlifi-ext\.stmcufinder\plugins\mcufinder//mcu/cs/
2023-10-18 15:02:50,374 [INFO] MainPanel:253 - HeapMemory: 550502400
2023-10-18 15:02:50,521 [INFO] DbMcusXml:78 - Set database path to: C:\ST\STM32CubeIDE_1.12.0\STM32CubeIDE\plugins\com.st.stm32cube.common.mx_6.8.1.202304191431\\db\/mcu/
2023-10-18 15:02:50,521 [INFO] ApiDb:274 - Set plugin database path to: C:\ST\STM32CubeIDE_1.12.0\STM32CubeIDE\plugins\com.st.stm32cube.common.mx_6.8.1.202304191431\\db\/plugins/boardmanager/
2023-10-18 15:02:50,521 [INFO] ApiDb:261 - Set plugin images path to: C:\ST\STM32CubeIDE_1.12.0\STM32CubeIDE\plugins\com.st.stm32cube.common.mx_6.8.1.202304191431\\db\/plugins/mcufinder/images/
2023-10-18 15:02:50,521 [WARN] DbFile:41 - Overriding database path with different value: C:\Users\m-ali.khlifi-ext\.stmcufinder\plugins\mcufinder/ => C:\Users\m-ali.khlifi-ext\.stmcufinder\plugins\mcufinder
2023-10-18 15:02:50,521 [INFO] ApiDb:250 - Set database path to: C:\Users\m-ali.khlifi-ext\.stmcufinder\plugins\mcufinder//mcu/
2023-10-18 15:02:50,521 [WARN] DbFile:41 - Overriding database path with different value: C:\Users\m-ali.khlifi-ext\.stmcufinder\plugins\mcufinder/ => C:\Users\m-ali.khlifi-ext\.stmcufinder\plugins\mcufinder
2023-10-18 15:02:50,521 [INFO] DbMcusAds:125 - Set database path to: C:\Users\m-ali.khlifi-ext\.stmcufinder\plugins\mcufinder//mcu/
2023-10-18 15:02:50,521 [WARN] DbFile:41 - Overriding database path with different value: C:\Users\m-ali.khlifi-ext\.stmcufinder\plugins\mcufinder/ => C:\Users\m-ali.khlifi-ext\.stmcufinder\plugins\mcufinder
2023-10-18 15:02:50,521 [WARN] DbFile:41 - Overriding database path with different value: C:\Users\m-ali.khlifi-ext\.stmcufinder\plugins\mcufinder/ => C:\Users\m-ali.khlifi-ext\.stmcufinder\plugins\mcufinder
2023-10-18 15:02:50,521 [INFO] CrossReferenceDbSqlite:203 - Set database path to: C:\Users\m-ali.khlifi-ext\.stmcufinder\plugins\mcufinder//mcu/cs/
2023-10-18 15:02:50,559 [INFO] ApplicationProperties:184 - Using Application install path: C:\ST\STM32CubeIDE_1.12.0\STM32CubeIDE\plugins\com.st.stm32cube.common.mx_6.8.1.202304191431
2023-10-18 15:02:50,559 [INFO] PluginManage:196 - Search for loadable plugins [exclusion list=, ]
2023-10-18 15:02:50,559 [INFO] PluginManage:310 - Check plugin analytics
2023-10-18 15:02:50,790 [INFO] AnalyticsPlugin:253 - Accepted Software Licenses: 
2023-10-18 15:02:50,790 [INFO] AnalyticsPlugin:255 - Accepted CMSIS Pack Licenses: 
2023-10-18 15:02:50,790 [INFO] AnalyticsPlugin:257 - Accepted Firmware Licenses: FW.F4.1.27.0
2023-10-18 15:02:50,790 [INFO] PluginManage:359 - Loaded plugin analytics (category:tool,tabindex:-1)
2023-10-18 15:02:50,790 [INFO] PluginManage:310 - Check plugin cadmodel
2023-10-18 15:02:50,822 [INFO] CADModel:105 - Init CAD model plugin
2023-10-18 15:02:50,822 [INFO] PluginManage:359 - Loaded plugin cadmodel (category:power,tabindex:5)
2023-10-18 15:02:50,822 [INFO] PluginManage:310 - Check plugin clock
2023-10-18 15:02:51,355 [INFO] PluginManage:359 - Loaded plugin clock (category:base,tabindex:2)
2023-10-18 15:02:51,355 [INFO] PluginManage:310 - Check plugin ddr
2023-10-18 15:02:51,355 [INFO] PluginManage:359 - Loaded plugin ddr (category:tool,tabindex:6)
2023-10-18 15:02:51,355 [INFO] PluginManage:310 - Check plugin filemanager
2023-10-18 15:02:51,502 [INFO] PluginManage:359 - Loaded plugin filemanager (category:base,tabindex:10)
2023-10-18 15:02:51,502 [INFO] PluginManage:310 - Check plugin ipmanager
2023-10-18 15:02:51,518 [INFO] PluginManage:359 - Loaded plugin ipmanager (category:base,tabindex:5)
2023-10-18 15:02:51,518 [INFO] PluginManage:310 - Check plugin lpbam
2023-10-18 15:02:52,004 [INFO] PluginManage:359 - Loaded plugin lpbam (category:base,tabindex:0)
2023-10-18 15:02:52,004 [INFO] PluginManage:310 - Check plugin pinoutandconfiguration
2023-10-18 15:02:52,035 [INFO] PluginManage:359 - Loaded plugin pinoutandconfiguration (category:base,tabindex:1)
2023-10-18 15:02:52,035 [INFO] PluginManage:310 - Check plugin pinoutconfig
2023-10-18 15:02:52,157 [WARN] SupportedApi:132 - Cannot load RTOS API schema: s4s-elt-must-match.1: The content of 'definitions' must match (annotation?, (simpleType | complexType)?, (unique | key | keyref)*)). A problem was found starting at: attribute.
2023-10-18 15:02:52,304 [INFO] PluginManage:359 - Loaded plugin pinoutconfig (category:base,tabindex:0)
2023-10-18 15:02:52,304 [INFO] PluginManage:310 - Check plugin power
2023-10-18 15:02:52,335 [INFO] PluginManage:359 - Loaded plugin power (category:power,tabindex:4)
2023-10-18 15:02:52,335 [INFO] PluginManage:310 - Check plugin projectmanager
2023-10-18 15:02:52,357 [INFO] PluginManage:359 - Loaded plugin projectmanager (category:projectmanager,tabindex:3)
2023-10-18 15:02:52,357 [INFO] PluginManage:310 - Check plugin thirdparty
2023-10-18 15:02:52,721 [INFO] PluginManage:359 - Loaded plugin thirdparty (category:base,tabindex:-1)
2023-10-18 15:02:52,721 [WARN] IntegrityCheckThread:84 - waiting for thirdparty lock release [integrity check]
2023-10-18 15:02:52,721 [INFO] PluginManage:310 - Check plugin tools
2023-10-18 15:02:52,721 [INFO] IntegrityCheckThread:86 - entering critical section [integrity check]
2023-10-18 15:02:52,721 [INFO] ThirdPartyUpdaterWithRetryManager:70 - Updater plugin not ready yet. [1/15]
2023-10-18 15:02:52,737 [INFO] PluginManage:359 - Loaded plugin tools (category:base,tabindex:7)
2023-10-18 15:02:52,737 [INFO] PluginManage:310 - Check plugin tutovideos
2023-10-18 15:02:52,991 [INFO] PluginManage:359 - Loaded plugin tutovideos (category:base,tabindex:-1)
2023-10-18 15:02:52,991 [INFO] PluginManage:310 - Check plugin updater
2023-10-18 15:02:53,006 [INFO] PluginManage:359 - Loaded plugin updater (category:base,tabindex:12)
2023-10-18 15:02:53,006 [INFO] PluginManage:283 - PluginManage : Loaded plugins [15]
2023-10-18 15:02:53,461 [INFO] PinOutPanel:1499 - setPackage(No Configuration,No Configuration)
2023-10-18 15:02:53,647 [INFO] CADModel:165 - CPN selected for project level
2023-10-18 15:02:53,647 [INFO] CADModel:114 - Register for checkConnection events
2023-10-18 15:02:53,694 [INFO] IPUIPlugin:80 - create IPUIPlugin
2023-10-18 15:02:53,694 [INFO] PluginManager:220 - loadIPPluginJar : add adc
2023-10-18 15:02:53,709 [INFO] IPUIPlugin:80 - create IPUIPlugin
2023-10-18 15:02:53,709 [INFO] PluginManager:220 - loadIPPluginJar : add aes
2023-10-18 15:02:53,725 [INFO] IPUIPlugin:80 - create IPUIPlugin
2023-10-18 15:02:53,725 [INFO] PluginManager:220 - loadIPPluginJar : add can
2023-10-18 15:02:53,905 [INFO] IPUIPlugin:80 - create IPUIPlugin
2023-10-18 15:02:53,905 [INFO] PluginManager:220 - loadIPPluginJar : add comp
2023-10-18 15:02:53,915 [INFO] IPUIPlugin:80 - create IPUIPlugin
2023-10-18 15:02:53,915 [INFO] PluginManager:220 - loadIPPluginJar : add cryp
2023-10-18 15:02:53,933 [INFO] IPUIPlugin:80 - create IPUIPlugin
2023-10-18 15:02:53,933 [INFO] PluginManager:220 - loadIPPluginJar : add dfsdm
2023-10-18 15:02:53,953 [INFO] IPUIPlugin:80 - create IPUIPlugin
2023-10-18 15:02:53,953 [INFO] PluginManager:220 - loadIPPluginJar : add dma
2023-10-18 15:02:53,965 [INFO] IPUIPlugin:80 - create IPUIPlugin
2023-10-18 15:02:53,965 [INFO] PluginManager:220 - loadIPPluginJar : add dma3
2023-10-18 15:02:53,975 [INFO] IPUIPlugin:80 - create IPUIPlugin
2023-10-18 15:02:53,975 [INFO] PluginManager:220 - loadIPPluginJar : add fatfs
2023-10-18 15:02:54,158 [INFO] IPUIPlugin:80 - create IPUIPlugin
2023-10-18 15:02:54,158 [INFO] PluginManager:220 - loadIPPluginJar : add fmc
2023-10-18 15:02:54,344 [INFO] IPUIPlugin:80 - create IPUIPlugin
2023-10-18 15:02:54,344 [INFO] PluginManager:220 - loadIPPluginJar : add freertos
2023-10-18 15:02:54,514 [INFO] IPUIPlugin:80 - create IPUIPlugin
2023-10-18 15:02:54,514 [INFO] PluginManager:220 - loadIPPluginJar : add genericplugin
2023-10-18 15:02:54,699 [INFO] IPUIPlugin:80 - create IPUIPlugin
2023-10-18 15:02:54,699 [INFO] PluginManager:220 - loadIPPluginJar : add gfxmmu
2023-10-18 15:02:54,715 [INFO] IPUIPlugin:80 - create IPUIPlugin
2023-10-18 15:02:54,715 [INFO] PluginManager:220 - loadIPPluginJar : add gic
2023-10-18 15:02:54,901 [INFO] IPUIPlugin:80 - create IPUIPlugin
2023-10-18 15:02:54,901 [INFO] PluginManager:220 - loadIPPluginJar : add gpio
2023-10-18 15:02:54,917 [INFO] IPUIPlugin:80 - create IPUIPlugin
2023-10-18 15:02:54,917 [INFO] PluginManager:220 - loadIPPluginJar : add gtzc
2023-10-18 15:02:54,932 [INFO] IPUIPlugin:80 - create IPUIPlugin
2023-10-18 15:02:54,932 [INFO] PluginManager:220 - loadIPPluginJar : add hash
2023-10-18 15:02:54,948 [INFO] IPUIPlugin:80 - create IPUIPlugin
2023-10-18 15:02:54,948 [INFO] PluginManager:220 - loadIPPluginJar : add i2c
2023-10-18 15:02:54,963 [INFO] IPUIPlugin:80 - create IPUIPlugin
2023-10-18 15:02:54,963 [INFO] PluginManager:220 - loadIPPluginJar : add i2s
2023-10-18 15:02:55,150 [INFO] IPUIPlugin:80 - create IPUIPlugin
2023-10-18 15:02:55,150 [INFO] PluginManager:220 - loadIPPluginJar : add i3c
2023-10-18 15:02:55,165 [INFO] IPUIPlugin:80 - create IPUIPlugin
2023-10-18 15:02:55,165 [INFO] PluginManager:220 - loadIPPluginJar : add ipddr
2023-10-18 15:02:55,196 [INFO] IPUIPlugin:80 - create IPUIPlugin
2023-10-18 15:02:55,196 [INFO] PluginManager:220 - loadIPPluginJar : add linkedlist
2023-10-18 15:02:55,202 [INFO] IPUIPlugin:80 - create IPUIPlugin
2023-10-18 15:02:55,202 [INFO] PluginManager:220 - loadIPPluginJar : add lorawan
2023-10-18 15:02:55,218 [INFO] IPUIPlugin:80 - create IPUIPlugin
2023-10-18 15:02:55,218 [INFO] PluginManager:220 - loadIPPluginJar : add ltdc
2023-10-18 15:02:55,234 [INFO] IPUIPlugin:80 - create IPUIPlugin
2023-10-18 15:02:55,234 [INFO] PluginManager:220 - loadIPPluginJar : add mdma
2023-10-18 15:02:55,420 [INFO] IPUIPlugin:80 - create IPUIPlugin
2023-10-18 15:02:55,420 [INFO] PluginManager:220 - loadIPPluginJar : add nvic
2023-10-18 15:02:55,435 [INFO] IPUIPlugin:80 - create IPUIPlugin
2023-10-18 15:02:55,435 [INFO] PluginManager:220 - loadIPPluginJar : add opamp
2023-10-18 15:02:55,451 [INFO] IPUIPlugin:80 - create IPUIPlugin
2023-10-18 15:02:55,451 [INFO] PluginManager:220 - loadIPPluginJar : add openamp
2023-10-18 15:02:55,467 [INFO] IPUIPlugin:80 - create IPUIPlugin
2023-10-18 15:02:55,467 [INFO] PluginManager:220 - loadIPPluginJar : add pdm2pcm
2023-10-18 15:02:55,482 [INFO] IPUIPlugin:80 - create IPUIPlugin
2023-10-18 15:02:55,482 [INFO] PluginManager:220 - loadIPPluginJar : add plateformsettings
2023-10-18 15:02:55,661 [INFO] IPUIPlugin:80 - create IPUIPlugin
2023-10-18 15:02:55,661 [INFO] PluginManager:220 - loadIPPluginJar : add quadspi
2023-10-18 15:02:55,677 [INFO] IPUIPlugin:80 - create IPUIPlugin
2023-10-18 15:02:55,677 [INFO] PluginManager:220 - loadIPPluginJar : add resmgrutility
2023-10-18 15:02:55,693 [INFO] IPUIPlugin:80 - create IPUIPlugin
2023-10-18 15:02:55,693 [INFO] PluginManager:220 - loadIPPluginJar : add sai
2023-10-18 15:02:55,705 [INFO] IPUIPlugin:80 - create IPUIPlugin
2023-10-18 15:02:55,705 [INFO] PluginManager:220 - loadIPPluginJar : add spi
2023-10-18 15:02:55,721 [INFO] IPUIPlugin:80 - create IPUIPlugin
2023-10-18 15:02:55,721 [INFO] PluginManager:220 - loadIPPluginJar : add stm32_wpan
2023-10-18 15:02:55,721 [INFO] IPUIPlugin:80 - create IPUIPlugin
2023-10-18 15:02:55,736 [INFO] PluginManager:220 - loadIPPluginJar : add tim
2023-10-18 15:02:55,736 [INFO] ThirdPartyUpdaterWithRetryManager:70 - Updater plugin not ready yet. [2/15]
2023-10-18 15:02:55,736 [INFO] IPUIPlugin:80 - create IPUIPlugin
2023-10-18 15:02:55,752 [INFO] PluginManager:220 - loadIPPluginJar : add touchsensing
2023-10-18 15:02:55,752 [INFO] IPUIPlugin:80 - create IPUIPlugin
2023-10-18 15:02:55,752 [INFO] PluginManager:220 - loadIPPluginJar : add tracer_emb
2023-10-18 15:02:55,768 [INFO] IPUIPlugin:80 - create IPUIPlugin
2023-10-18 15:02:55,768 [INFO] PluginManager:220 - loadIPPluginJar : add ts
2023-10-18 15:02:55,768 [INFO] IPUIPlugin:80 - create IPUIPlugin
2023-10-18 15:02:55,768 [INFO] PluginManager:220 - loadIPPluginJar : add tsc
2023-10-18 15:02:55,783 [INFO] IPUIPlugin:80 - create IPUIPlugin
2023-10-18 15:02:55,783 [INFO] PluginManager:220 - loadIPPluginJar : add ucpd
2023-10-18 15:02:55,799 [INFO] IPUIPlugin:80 - create IPUIPlugin
2023-10-18 15:02:55,799 [INFO] PluginManager:220 - loadIPPluginJar : add usart
2023-10-18 15:02:55,805 [INFO] IPUIPlugin:80 - create IPUIPlugin
2023-10-18 15:02:55,805 [INFO] PluginManager:220 - loadIPPluginJar : add usbx
2023-10-18 15:02:55,973 [INFO] CADModel:165 - CPN selected for project level
2023-10-18 15:02:55,973 [INFO] CADModel:114 - Register for checkConnection events
2023-10-18 15:02:55,973 [FATAL] Updater:308 - Updater called before beeing initialized
2023-10-18 15:02:55,973 [ERROR] CADModel:125 - Updater not yet initialized, retry later 
2023-10-18 15:02:56,145 [INFO] CADModel:165 - CPN selected for project level
2023-10-18 15:02:56,145 [INFO] CADModel:114 - Register for checkConnection events
2023-10-18 15:02:56,145 [FATAL] Updater:308 - Updater called before beeing initialized
2023-10-18 15:02:56,145 [ERROR] CADModel:125 - Updater not yet initialized, retry later 
2023-10-18 15:02:56,161 [FATAL] Updater:308 - Updater called before beeing initialized
2023-10-18 15:02:56,368 [FATAL] Updater:308 - Updater called before beeing initialized
2023-10-18 15:02:56,368 [INFO] DbMcusAds:53 - JSON generation date=Tue Mar 07 09:50:54 CET 2023 (1678179054945)
2023-10-18 15:02:56,368 [FATAL] Updater:308 - Updater called before beeing initialized
2023-10-18 15:02:56,453 [WARN] DetailPanel:346 - Failed to get advertising image, set to default
2023-10-18 15:02:56,569 [FATAL] Updater:308 - Updater called before beeing initialized
2023-10-18 15:02:56,569 [FATAL] Updater:308 - Updater called before beeing initialized
2023-10-18 15:02:56,569 [FATAL] Updater:308 - Updater called before beeing initialized
2023-10-18 15:02:56,569 [WARN] DetailPanel:346 - Failed to get advertising image, set to default
2023-10-18 15:02:56,569 [FATAL] Updater:308 - Updater called before beeing initialized
2023-10-18 15:02:56,638 [ERROR] Updater:1120 - MainUpdater not yet initialized. External WinMGr cannot be set.
2023-10-18 15:02:56,638 [INFO] Updater:1056 - Updater Version found : 6.8.1
2023-10-18 15:02:56,669 [INFO] ApplicationProperties:184 - Using Application install path: C:\ST\STM32CubeIDE_1.12.0\STM32CubeIDE\plugins\com.st.stm32cube.common.mx_6.8.1.202304191431
2023-10-18 15:02:56,954 [INFO] MainUpdater:2854 - connection check result : 10
2023-10-18 15:02:56,954 [INFO] MainUpdater:3548 - Updater definition file requires update
2023-10-18 15:02:56,954 [INFO] MainUpdater:283 - Updater Check For Update Now.
2023-10-18 15:02:56,954 [INFO] MicroXplorer:498 - Change Database Version : DB.6.0.81
2023-10-18 15:02:56,986 [INFO] ServerAccessManage:473 - Download File updaters.zip
2023-10-18 15:02:57,186 [INFO] FileExtend:240 - Unzip File : updaters.zip
2023-10-18 15:02:57,186 [INFO] FileExtend:255 - Standard Zip Deflate
2023-10-18 15:02:58,609 [INFO] ServerAccessManage:473 - Download File PacksControlFlags.xml
2023-10-18 15:02:58,709 [INFO] ServerAccessManage:473 - Download File cubemx.pidx
2023-10-18 15:02:58,740 [WARN] MainUpdater:1187 - Updater busy. Cannot search thirdparties
2023-10-18 15:02:58,740 [INFO] ThirdPartyUpdaterWithRetryManager:96 - Updater plugin is busy. [1/15]
2023-10-18 15:02:59,327 [INFO] ServerAccessManage:473 - Download File STMicroelectronics.FP-SNS-SMARTAG2.pdsc
2023-10-18 15:03:00,099 [INFO] ServerAccessManage:473 - Download File STMicroelectronics.X-CUBE-MEMS1.pdsc
2023-10-18 15:03:00,968 [INFO] ServerAccessManage:473 - Download File STMicroelectronics.X-CUBE-NFC6.pdsc
2023-10-18 15:03:01,206 [INFO] ServerAccessManage:473 - Download File STMicroelectronics.X-CUBE-TOUCHGFX.pdsc
2023-10-18 15:03:01,751 [WARN] MainUpdater:1187 - Updater busy. Cannot search thirdparties
2023-10-18 15:03:01,751 [INFO] ThirdPartyUpdaterWithRetryManager:96 - Updater plugin is busy. [2/15]
2023-10-18 15:03:02,476 [ERROR] ServerAccessManage:1096 - Problem, Http access forbiden
2023-10-18 15:03:02,476 [ERROR] ServerAccessManage:651 - Problem, Http access forbiden : RoweBots.I-CUBE-UNISONRTOS.pdsc.
2023-10-18 15:03:03,325 [INFO] ServerAccessManage:473 - Download File ITTIA_DB.I-CUBE-ITTIADB.pdsc
2023-10-18 15:03:04,752 [WARN] MainUpdater:1187 - Updater busy. Cannot search thirdparties
2023-10-18 15:03:04,752 [INFO] ThirdPartyUpdaterWithRetryManager:96 - Updater plugin is busy. [3/15]
2023-10-18 15:03:06,230 [INFO] ServerAccessManage:473 - Download File Infineon.AIROC-Wi-Fi-Bluetooth-STM32.pdsc
2023-10-18 15:03:07,390 [WARN] PackLoader:240 - Cannot read IP mode file for STMicroelectronics.FP-SNS-SMARTAG2.1.2.0
2023-10-18 15:03:07,459 [WARN] PackLoader:240 - Cannot read IP mode file for STMicroelectronics.X-CUBE-MEMS1.10.0.0
2023-10-18 15:03:07,512 [INFO] CheckServerUpdateThread:120 - End of CheckServer Thread
2023-10-18 15:03:07,636 [WARN] PackLoader:240 - Cannot read IP mode file for STMicroelectronics.X-CUBE-NFC6.3.0.0
2023-10-18 15:03:07,636 [WARN] PackLoader:240 - Cannot read IP mode file for STMicroelectronics.X-CUBE-TOUCHGFX.4.22.1
2023-10-18 15:03:07,651 [WARN] PackLoader:240 - Cannot read IP mode file for ITTIA_DB.I-CUBE-ITTIADB.8.8.0
2023-10-18 15:03:07,667 [WARN] PackLoader:240 - Cannot read IP mode file for Infineon.AIROC-Wi-Fi-Bluetooth-STM32.1.5.1
2023-10-18 15:03:07,667 [INFO] PopulateThirdPartyThread:66 - Ending populate Thread
2023-10-18 15:03:07,667 [INFO] ThirdParty:1030 - CMSIS Pack Vendor :STMicroelectronics X-CUBE-MEMS1 10.0.0
2023-10-18 15:03:07,667 [INFO] ThirdParty:1030 - CMSIS Pack Vendor :STMicroelectronics FP-SNS-SMARTAG2 1.2.0
2023-10-18 15:03:07,667 [INFO] ThirdParty:1030 - CMSIS Pack Vendor :STMicroelectronics X-CUBE-TOUCHGFX 4.22.1
2023-10-18 15:03:07,667 [INFO] ThirdParty:1030 - CMSIS Pack Vendor :STMicroelectronics X-CUBE-NFC6 3.0.0
2023-10-18 15:03:07,667 [INFO] ThirdParty:1030 - CMSIS Pack Vendor :Infineon AIROC-Wi-Fi-Bluetooth-STM32 1.5.1
2023-10-18 15:03:07,667 [INFO] ThirdParty:1030 - CMSIS Pack Vendor :ITTIA_DB I-CUBE-ITTIADB 8.8.0
2023-10-18 15:03:07,667 [INFO] LoadServerUpdatesThread:373 - End of LoadServerUpdate Thread
2023-10-18 15:03:07,683 [INFO] MainUpdater:2854 - connection check result : 10
2023-10-18 15:03:07,683 [INFO] MainUpdater:2854 - connection check result : 10
2023-10-18 15:03:08,029 [WARN] PackLoader:240 - Cannot read IP mode file for STMicroelectronics.X-CUBE-SMBUS.2.1.0
2023-10-18 15:03:08,060 [WARN] PackLoader:240 - Cannot read IP mode file for STMicroelectronics.X-CUBE-AZRTOS-F7.1.1.0
2023-10-18 15:03:08,076 [ERROR] RealEvaluatedCondition:428 - Found unsupported composite condition: CLASS='Data Exchange' GROUP='STM32_MetaDataManager'
2023-10-18 15:03:08,076 [ERROR] RealEvaluatedCondition:428 - Found unsupported composite condition: CLASS='Data Exchange' GROUP='STM32_MetaDataManager'
2023-10-18 15:03:08,076 [WARN] PackLoader:240 - Cannot read IP mode file for STMicroelectronics.FP-SNS-MOTENV1.4.3.0
2023-10-18 15:03:08,091 [WARN] PackLoader:240 - Cannot read IP mode file for STMicroelectronics.FP-SNS-MOTENV1.4.3.2
2023-10-18 15:03:08,113 [WARN] PackLoader:240 - Cannot read IP mode file for STMicroelectronics.FP-SNS-FLIGHT1.5.0.0
2023-10-18 15:03:08,129 [ERROR] RealEvaluatedCondition:428 - Found unsupported composite condition: CLASS='Data Exchange' GROUP='STM32_MetaDataManager'
2023-10-18 15:03:08,129 [ERROR] RealEvaluatedCondition:428 - Found unsupported composite condition: GROUP='STM32_MetaDataManager' CLASS='Data Exchange'
2023-10-18 15:03:08,129 [WARN] PackLoader:240 - Cannot read IP mode file for STMicroelectronics.FP-SNS-MOTENV1.4.3.1
2023-10-18 15:03:08,145 [WARN] PackLoader:240 - Cannot read IP mode file for STMicroelectronics.FP-SNS-FLIGHT1.5.0.1
2023-10-18 15:03:08,160 [WARN] PackLoader:240 - Cannot read IP mode file for STMicroelectronics.X-CUBE-BLE1.6.2.4
2023-10-18 15:03:08,176 [WARN] PackLoader:240 - Cannot read IP mode file for STMicroelectronics.FP-SNS-FLIGHT1.5.0.2
2023-10-18 15:03:08,191 [WARN] PackLoader:240 - Cannot read IP mode file for STMicroelectronics.X-CUBE-DISPLAY.3.0.0
2023-10-18 15:03:08,214 [WARN] PackLoader:240 - Cannot read IP mode file for STMicroelectronics.X-CUBE-BLE1.7.0.0
2023-10-18 15:03:08,229 [WARN] PackLoader:240 - Cannot read IP mode file for STMicroelectronics.X-CUBE-TOUCHGFX.4.22.0
2023-10-18 15:03:08,229 [WARN] PackLoader:240 - Cannot read IP mode file for STMicroelectronics.X-CUBE-TOUCHGFX.4.22.1
2023-10-18 15:03:08,245 [WARN] PackLoader:240 - Cannot read IP mode file for STMicroelectronics.FP-SNS-SMARTAG2.1.2.0
2023-10-18 15:03:08,260 [INFO] LogOutputStream:77 - [STDOUT_REDIRECT] 1 : Invalid condition id : UX_CORESTACK_Condition cause : null
2023-10-18 15:03:08,276 [INFO] LogOutputStream:77 - [STDOUT_REDIRECT] 1 : Invalid condition id : UX_CORESTACK_Condition cause : null
2023-10-18 15:03:08,276 [INFO] LogOutputStream:77 - [STDOUT_REDIRECT] 1 : Invalid condition id : UX_CORESTACK_Condition cause : null
2023-10-18 15:03:08,276 [INFO] LogOutputStream:77 - [STDOUT_REDIRECT] 1 : Invalid condition id : UX_CORESTACK_Condition cause : null
2023-10-18 15:03:08,276 [INFO] LogOutputStream:77 - [STDOUT_REDIRECT] 1 : Invalid condition id : UX_CORESTACK_Condition cause : null
2023-10-18 15:03:08,276 [WARN] PackLoader:240 - Cannot read IP mode file for STMicroelectronics.X-CUBE-AZRTOS-WL.2.0.0
2023-10-18 15:03:08,292 [WARN] PackLoader:240 - Cannot read IP mode file for WES.I-CUBE-Cesium.1.3.0
2023-10-18 15:03:08,314 [WARN] PackLoader:240 - Cannot read IP mode file for STMicroelectronics.X-CUBE-BLE2.3.3.0
2023-10-18 15:03:08,329 [WARN] PackLoader:240 - Cannot read IP mode file for STMicroelectronics.X-CUBE-TOUCHGFX.4.21.3
2023-10-18 15:03:08,329 [INFO] MicroXplorer:468 - Change Database Path : 
2023-10-18 15:03:08,329 [INFO] MicroXplorer:498 - Change Database Version : DB.6.0.81
2023-10-18 15:03:08,329 [WARN] ThirdParty:871 - waiting for thirdparty lock release [close project]
2023-10-18 15:03:08,329 [WARN] PackLoader:240 - Cannot read IP mode file for STMicroelectronics.X-CUBE-TOUCHGFX.4.21.4
2023-10-18 15:03:08,361 [WARN] PackLoader:240 - Cannot read IP mode file for STMicroelectronics.X-CUBE-ALGOBUILD.1.3.0
2023-10-18 15:03:08,392 [WARN] PackLoader:240 - Cannot read IP mode file for STMicroelectronics.X-CUBE-AZRTOS-G0.1.1.0
2023-10-18 15:03:08,461 [WARN] PackLoader:240 - Cannot read IP mode file for STMicroelectronics.X-CUBE-NFC4.3.0.0
2023-10-18 15:03:08,492 [WARN] PackLoader:240 - Cannot read IP mode file for STMicroelectronics.FP-ATR-SIGFOX1.3.2.0
2023-10-18 15:03:08,561 [WARN] PackLoader:240 - Cannot read IP mode file for SEGGER.I-CUBE-embOS.1.3.1
2023-10-18 15:03:08,661 [WARN] PackLoader:240 - Cannot read IP mode file for STMicroelectronics.X-CUBE-GNSS1.6.0.0
2023-10-18 15:03:08,715 [WARN] PackLoader:240 - Cannot read IP mode file for STMicroelectronics.X-CUBE-AZRTOS-F4.1.1.0
2023-10-18 15:03:08,746 [WARN] PackLoader:240 - Cannot read IP mode file for wolfSSL.I-CUBE-wolfSSL.5.6.0
2023-10-18 15:03:08,815 [WARN] PackLoader:240 - Cannot read IP mode file for STMicroelectronics.X-CUBE-AZRTOS-L5.2.0.0
2023-10-18 15:03:08,931 [WARN] PackLoader:240 - Cannot read IP mode file for STMicroelectronics.X-CUBE-MEMS1.9.6.0
2023-10-18 15:03:09,179 [WARN] PackLoader:240 - Cannot read IP mode file for ITTIA_DB.I-CUBE-ITTIADB.8.8.0
2023-10-18 15:03:09,199 [WARN] PackLoader:240 - Cannot read IP mode file for emotas.I-CUBE-CANOPEN.1.1.3
2023-10-18 15:03:09,209 [WARN] PackLoader:240 - Cannot read IP mode file for STMicroelectronics.X-CUBE-BLEMGR.2.0.0
2023-10-18 15:03:09,249 [WARN] ConditionMgr:438 - getConditionDescription Invalid condition id : UX DEVICE CLASS RTOS Condition cause : null
2023-10-18 15:03:09,249 [WARN] ConditionMgr:438 - getConditionDescription Invalid condition id : UX DEVICE CLASS RTOS Condition cause : null
2023-10-18 15:03:09,259 [WARN] PackLoader:240 - Cannot read IP mode file for STMicroelectronics.X-CUBE-AZRTOS-H7.3.1.0
2023-10-18 15:03:09,259 [WARN] ConditionMgr:1039 - genDependencies : Invalid condition id : UX DEVICE CLASS RTOS Condition cause : null
2023-10-18 15:03:09,259 [WARN] ConditionMgr:1039 - genDependencies : Invalid condition id : UX DEVICE CLASS RTOS Condition cause : null
2023-10-18 15:03:09,259 [WARN] ConditionMgr:1039 - genDependencies : Invalid condition id : UX DEVICE CLASS RTOS Condition cause : null
2023-10-18 15:03:09,259 [WARN] ConditionMgr:1039 - genDependencies : Invalid condition id : UX DEVICE CLASS RTOS Condition cause : null
2023-10-18 15:03:09,259 [WARN] ConditionMgr:1039 - genDependencies : Invalid condition id : UX DEVICE CLASS RTOS Condition cause : null
2023-10-18 15:03:09,269 [WARN] PackLoader:240 - Cannot read IP mode file for STMicroelectronics.X-CUBE-NFC7.1.0.1
2023-10-18 15:03:09,287 [WARN] PackLoader:240 - Cannot read IP mode file for STMicroelectronics.X-CUBE-NFC7.1.0.0
2023-10-18 15:03:09,289 [WARN] PackLoader:240 - Cannot read IP mode file for STMicroelectronics.X-CUBE-NFC6.3.0.0
2023-10-18 15:03:09,307 [WARN] PackLoader:240 - Cannot read IP mode file for STMicroelectronics.X-CUBE-EEPRMA1.4.1.0
2023-10-18 15:03:09,318 [WARN] PackLoader:240 - Cannot read IP mode file for STMicroelectronics.X-CUBE-AI.8.1.0
2023-10-18 15:03:09,340 [WARN] ConditionMgr:438 - getConditionDescription Invalid condition id : LAN8742 Phy interface Condition cause : null
2023-10-18 15:03:09,340 [WARN] PackLoader:240 - Cannot read IP mode file for STMicroelectronics.X-CUBE-AZRTOS-L4.2.0.0
2023-10-18 15:03:09,340 [WARN] ConditionMgr:1039 - genDependencies : Invalid condition id : LAN8742 Phy interface Condition cause : null
2023-10-18 15:03:09,348 [WARN] ConditionMgr:1039 - genDependencies : Invalid condition id : LAN8742 Phy interface Condition cause : null
2023-10-18 15:03:09,348 [WARN] ConditionMgr:1039 - genDependencies : Invalid condition id : LAN8742 Phy interface Condition cause : null
2023-10-18 15:03:09,358 [WARN] PackLoader:240 - Cannot read IP mode file for STMicroelectronics.X-CUBE-SFXS2LP1.4.0.0
2023-10-18 15:03:09,370 [WARN] PackLoader:240 - Cannot read IP mode file for STMicroelectronics.X-CUBE-ISPU.1.1.0
2023-10-18 15:03:09,378 [WARN] PackLoader:240 - Cannot read IP mode file for STMicroelectronics.X-CUBE-AI.8.0.0
2023-10-18 15:03:09,400 [WARN] ConditionMgr:438 - getConditionDescription Invalid condition id : UX DEVICE CLASS RTOS Condition cause : null
2023-10-18 15:03:09,400 [WARN] ConditionMgr:438 - getConditionDescription Invalid condition id : UX DEVICE CLASS RTOS Condition cause : null
2023-10-18 15:03:09,400 [WARN] PackLoader:240 - Cannot read IP mode file for STMicroelectronics.X-CUBE-AZRTOS-WB.2.0.0
2023-10-18 15:03:09,400 [WARN] ConditionMgr:1039 - genDependencies : Invalid condition id : UX DEVICE CLASS RTOS Condition cause : null
2023-10-18 15:03:09,400 [WARN] ConditionMgr:1039 - genDependencies : Invalid condition id : UX DEVICE CLASS RTOS Condition cause : null
2023-10-18 15:03:09,400 [WARN] ConditionMgr:1039 - genDependencies : Invalid condition id : UX DEVICE CLASS RTOS Condition cause : null
2023-10-18 15:03:09,400 [WARN] ConditionMgr:1039 - genDependencies : Invalid condition id : UX DEVICE CLASS RTOS Condition cause : null
2023-10-18 15:03:09,400 [WARN] ConditionMgr:1039 - genDependencies : Invalid condition id : UX DEVICE CLASS RTOS Condition cause : null
2023-10-18 15:03:09,410 [WARN] PackLoader:240 - Cannot read IP mode file for STMicroelectronics.X-CUBE-FREERTOS.1.0.1
2023-10-18 15:03:09,430 [WARN] PackLoader:240 - Cannot read IP mode file for STMicroelectronics.X-CUBE-AZRTOS-L5.1.1.0
2023-10-18 15:03:09,438 [WARN] PackLoader:240 - Cannot read IP mode file for STMicroelectronics.X-CUBE-AI.8.0.1
2023-10-18 15:03:09,460 [WARN] PackLoader:240 - Cannot read IP mode file for STMicroelectronics.X-CUBE-SUBG2.5.0.0
2023-10-18 15:03:09,478 [WARN] PackLoader:240 - Cannot read IP mode file for STMicroelectronics.X-CUBE-TOF1.3.3.1
2023-10-18 15:03:09,511 [WARN] PackLoader:240 - Cannot read IP mode file for STMicroelectronics.X-CUBE-AZRTOS-G4.2.0.0
2023-10-18 15:03:09,539 [WARN] PackLoader:240 - Cannot read IP mode file for STMicroelectronics.X-CUBE-TOF1.3.3.0
2023-10-18 15:03:09,554 [WARN] PackLoader:240 - Cannot read IP mode file for Infineon.AIROC-Wi-Fi-Bluetooth-STM32.1.5.1
2023-10-18 15:03:09,570 [WARN] PackLoader:240 - Cannot read IP mode file for STMicroelectronics.X-CUBE-AZRTOS-L4.1.0.0
2023-10-18 15:03:09,625 [WARN] PackLoader:240 - Cannot read IP mode file for STMicroelectronics.X-CUBE-MEMS1.10.0.0
2023-10-18 15:03:09,701 [WARN] PackLoader:240 - Cannot read IP mode file for STMicroelectronics.X-CUBE-FREERTOS.1.1.0
2023-10-18 15:03:09,717 [WARN] PackLoader:240 - Cannot read IP mode file for STMicroelectronics.X-CUBE-AZRTOS-WL.1.0.0
2023-10-18 15:03:09,739 [WARN] PackLoader:240 - Cannot read IP mode file for portGmbH.I-Cube-SoM-uGOAL.1.1.0
2023-10-18 15:03:09,755 [WARN] PackLoader:240 - Cannot read IP mode file for STMicroelectronics.X-CUBE-ALS.1.0.1
2023-10-18 15:03:09,770 [WARN] PackLoader:240 - Cannot read IP mode file for STMicroelectronics.X-CUBE-AZRTOS-WB.1.1.0
2023-10-18 15:03:09,786 [WARN] PackLoader:240 - Cannot read IP mode file for STMicroelectronics.FP-ATR-ASTRA1.2.0.0
2023-10-18 15:03:09,786 [INFO] ThirdParty:978 - Integrity check success = true
2023-10-18 15:03:09,786 [INFO] IntegrityCheckThread:100 - exiting critical section [integrity check]
2023-10-18 15:03:09,786 [INFO] IntegrityCheckThread:103 - End integrity checks thread
2023-10-18 15:03:09,786 [INFO] ThirdParty:873 - entering critical section [close project]
2023-10-18 15:03:09,786 [INFO] ThirdParty:883 - exiting critical section [close project]
2023-10-18 15:03:09,801 [INFO] PinOutPanel:1499 - setPackage(No Configuration,No Configuration)
2023-10-18 15:03:09,801 [INFO] UtilMem:75 - Begin LoadConfig() Used Memory: 518141960 Bytes (673185792)
2023-10-18 15:03:09,817 [INFO] MicroXplorer:468 - Change Database Path : C:/Users/m-ali.khlifi-ext/.stm32cubemx/databases/DB.6.0.80/db/
2023-10-18 15:03:09,817 [INFO] MicroXplorer:498 - Change Database Version : DB.6.0.80
