2024-03-09 21:32:35,246 [INFO] ApplicationProperties:184 - Using Application install path: C:\ST\STM32CubeIDE_1.12.0\STM32CubeIDE\plugins\com.st.stm32cube.common.mx_6.8.1.202304191431
2024-03-09 21:32:35,287 [INFO] DbMcusXml:78 - Set database path to: C:\ST\STM32CubeIDE_1.12.0\STM32CubeIDE\plugins\com.st.stm32cube.common.mx_6.8.1.202304191431\\db\/mcu/
2024-03-09 21:32:35,287 [INFO] ApiDb:274 - Set plugin database path to: C:\ST\STM32CubeIDE_1.12.0\STM32CubeIDE\plugins\com.st.stm32cube.common.mx_6.8.1.202304191431\\db\/plugins/boardmanager/
2024-03-09 21:32:35,289 [WARN] ApiDb:259 - Overriding images path with different value:  => C:\ST\STM32CubeIDE_1.12.0\STM32CubeIDE\plugins\com.st.stm32cube.common.mx_6.8.1.202304191431\\db\/plugins/mcufinder/images/
2024-03-09 21:32:35,306 [INFO] ApiDb:250 - Set database path to: C:\Users\m-ali.khlifi-ext\.stmcufinder\plugins\mcufinder//mcu/
2024-03-09 21:32:35,307 [INFO] DbMcusAds:125 - Set database path to: C:\Users\m-ali.khlifi-ext\.stmcufinder\plugins\mcufinder//mcu/
2024-03-09 21:32:35,501 [INFO] CrossReferenceDbSqlite:203 - Set database path to: C:\Users\m-ali.khlifi-ext\.stmcufinder\plugins\mcufinder//mcu/cs/
2024-03-09 21:32:35,623 [INFO] RulesReader:64 - Compatibility file has been processed (293 Rules)
2024-03-09 21:32:35,785 [INFO] DbMcusXml:78 - Set database path to: C:\ST\STM32CubeIDE_1.12.0\STM32CubeIDE\plugins\com.st.stm32cube.common.mx_6.8.1.202304191431\\db\/mcu/
2024-03-09 21:32:35,785 [INFO] ApiDb:274 - Set plugin database path to: C:\ST\STM32CubeIDE_1.12.0\STM32CubeIDE\plugins\com.st.stm32cube.common.mx_6.8.1.202304191431\\db\/plugins/boardmanager/
2024-03-09 21:32:35,786 [INFO] ApiDb:261 - Set plugin images path to: C:\ST\STM32CubeIDE_1.12.0\STM32CubeIDE\plugins\com.st.stm32cube.common.mx_6.8.1.202304191431\\db\/plugins/mcufinder/images/
2024-03-09 21:32:35,786 [WARN] DbFile:41 - Overriding database path with different value: C:\Users\m-ali.khlifi-ext\.stmcufinder\plugins\mcufinder/ => C:\Users\m-ali.khlifi-ext\.stmcufinder\plugins\mcufinder
2024-03-09 21:32:35,786 [INFO] ApiDb:250 - Set database path to: C:\Users\m-ali.khlifi-ext\.stmcufinder\plugins\mcufinder//mcu/
2024-03-09 21:32:35,786 [WARN] DbFile:41 - Overriding database path with different value: C:\Users\m-ali.khlifi-ext\.stmcufinder\plugins\mcufinder/ => C:\Users\m-ali.khlifi-ext\.stmcufinder\plugins\mcufinder
2024-03-09 21:32:35,786 [INFO] DbMcusAds:125 - Set database path to: C:\Users\m-ali.khlifi-ext\.stmcufinder\plugins\mcufinder//mcu/
2024-03-09 21:32:35,786 [WARN] DbFile:41 - Overriding database path with different value: C:\Users\m-ali.khlifi-ext\.stmcufinder\plugins\mcufinder/ => C:\Users\m-ali.khlifi-ext\.stmcufinder\plugins\mcufinder
2024-03-09 21:32:35,786 [WARN] DbFile:41 - Overriding database path with different value: C:\Users\m-ali.khlifi-ext\.stmcufinder\plugins\mcufinder/ => C:\Users\m-ali.khlifi-ext\.stmcufinder\plugins\mcufinder
2024-03-09 21:32:35,786 [INFO] CrossReferenceDbSqlite:203 - Set database path to: C:\Users\m-ali.khlifi-ext\.stmcufinder\plugins\mcufinder//mcu/cs/
2024-03-09 21:32:35,924 [INFO] MainPanel:253 - HeapMemory: 563085312
2024-03-09 21:32:36,054 [INFO] DbMcusXml:78 - Set database path to: C:\ST\STM32CubeIDE_1.12.0\STM32CubeIDE\plugins\com.st.stm32cube.common.mx_6.8.1.202304191431\\db\/mcu/
2024-03-09 21:32:36,054 [INFO] ApiDb:274 - Set plugin database path to: C:\ST\STM32CubeIDE_1.12.0\STM32CubeIDE\plugins\com.st.stm32cube.common.mx_6.8.1.202304191431\\db\/plugins/boardmanager/
2024-03-09 21:32:36,054 [INFO] ApiDb:261 - Set plugin images path to: C:\ST\STM32CubeIDE_1.12.0\STM32CubeIDE\plugins\com.st.stm32cube.common.mx_6.8.1.202304191431\\db\/plugins/mcufinder/images/
2024-03-09 21:32:36,055 [WARN] DbFile:41 - Overriding database path with different value: C:\Users\m-ali.khlifi-ext\.stmcufinder\plugins\mcufinder/ => C:\Users\m-ali.khlifi-ext\.stmcufinder\plugins\mcufinder
2024-03-09 21:32:36,055 [INFO] ApiDb:250 - Set database path to: C:\Users\m-ali.khlifi-ext\.stmcufinder\plugins\mcufinder//mcu/
2024-03-09 21:32:36,055 [WARN] DbFile:41 - Overriding database path with different value: C:\Users\m-ali.khlifi-ext\.stmcufinder\plugins\mcufinder/ => C:\Users\m-ali.khlifi-ext\.stmcufinder\plugins\mcufinder
2024-03-09 21:32:36,055 [INFO] DbMcusAds:125 - Set database path to: C:\Users\m-ali.khlifi-ext\.stmcufinder\plugins\mcufinder//mcu/
2024-03-09 21:32:36,055 [WARN] DbFile:41 - Overriding database path with different value: C:\Users\m-ali.khlifi-ext\.stmcufinder\plugins\mcufinder/ => C:\Users\m-ali.khlifi-ext\.stmcufinder\plugins\mcufinder
2024-03-09 21:32:36,055 [WARN] DbFile:41 - Overriding database path with different value: C:\Users\m-ali.khlifi-ext\.stmcufinder\plugins\mcufinder/ => C:\Users\m-ali.khlifi-ext\.stmcufinder\plugins\mcufinder
2024-03-09 21:32:36,055 [INFO] CrossReferenceDbSqlite:203 - Set database path to: C:\Users\m-ali.khlifi-ext\.stmcufinder\plugins\mcufinder//mcu/cs/
2024-03-09 21:32:36,092 [INFO] ApplicationProperties:184 - Using Application install path: C:\ST\STM32CubeIDE_1.12.0\STM32CubeIDE\plugins\com.st.stm32cube.common.mx_6.8.1.202304191431
2024-03-09 21:32:36,094 [INFO] PluginManage:196 - Search for loadable plugins [exclusion list=, ]
2024-03-09 21:32:36,095 [INFO] PluginManage:310 - Check plugin analytics
2024-03-09 21:32:36,297 [INFO] AnalyticsPlugin:253 - Accepted Software Licenses: 
2024-03-09 21:32:36,297 [INFO] AnalyticsPlugin:255 - Accepted CMSIS Pack Licenses: 
2024-03-09 21:32:36,298 [INFO] AnalyticsPlugin:257 - Accepted Firmware Licenses: FW.F4.1.27.0
2024-03-09 21:32:36,309 [INFO] PluginManage:359 - Loaded plugin analytics (category:tool,tabindex:-1)
2024-03-09 21:32:36,309 [INFO] PluginManage:310 - Check plugin cadmodel
2024-03-09 21:32:36,347 [INFO] CADModel:105 - Init CAD model plugin
2024-03-09 21:32:36,347 [INFO] PluginManage:359 - Loaded plugin cadmodel (category:power,tabindex:5)
2024-03-09 21:32:36,347 [INFO] PluginManage:310 - Check plugin clock
2024-03-09 21:32:37,140 [INFO] PluginManage:359 - Loaded plugin clock (category:base,tabindex:2)
2024-03-09 21:32:37,140 [INFO] PluginManage:310 - Check plugin ddr
2024-03-09 21:32:37,146 [INFO] PluginManage:359 - Loaded plugin ddr (category:tool,tabindex:6)
2024-03-09 21:32:37,146 [INFO] PluginManage:310 - Check plugin filemanager
2024-03-09 21:32:37,294 [INFO] PluginManage:359 - Loaded plugin filemanager (category:base,tabindex:10)
2024-03-09 21:32:37,295 [INFO] PluginManage:310 - Check plugin ipmanager
2024-03-09 21:32:37,314 [INFO] PluginManage:359 - Loaded plugin ipmanager (category:base,tabindex:5)
2024-03-09 21:32:37,314 [INFO] PluginManage:310 - Check plugin lpbam
2024-03-09 21:32:38,383 [INFO] PluginManage:359 - Loaded plugin lpbam (category:base,tabindex:0)
2024-03-09 21:32:38,383 [INFO] PluginManage:310 - Check plugin pinoutandconfiguration
2024-03-09 21:32:38,406 [INFO] PluginManage:359 - Loaded plugin pinoutandconfiguration (category:base,tabindex:1)
2024-03-09 21:32:38,406 [INFO] PluginManage:310 - Check plugin pinoutconfig
2024-03-09 21:32:38,516 [WARN] SupportedApi:132 - Cannot load RTOS API schema: s4s-elt-must-match.1: The content of 'definitions' must match (annotation?, (simpleType | complexType)?, (unique | key | keyref)*)). A problem was found starting at: attribute.
2024-03-09 21:32:38,669 [INFO] PluginManage:359 - Loaded plugin pinoutconfig (category:base,tabindex:0)
2024-03-09 21:32:38,669 [INFO] PluginManage:310 - Check plugin power
2024-03-09 21:32:38,695 [INFO] PluginManage:359 - Loaded plugin power (category:power,tabindex:4)
2024-03-09 21:32:38,695 [INFO] PluginManage:310 - Check plugin projectmanager
2024-03-09 21:32:38,710 [INFO] PluginManage:359 - Loaded plugin projectmanager (category:projectmanager,tabindex:3)
2024-03-09 21:32:38,710 [INFO] PluginManage:310 - Check plugin thirdparty
2024-03-09 21:32:39,631 [INFO] PluginManage:359 - Loaded plugin thirdparty (category:base,tabindex:-1)
2024-03-09 21:32:39,632 [INFO] PluginManage:310 - Check plugin tools
2024-03-09 21:32:39,631 [WARN] IntegrityCheckThread:84 - waiting for thirdparty lock release [integrity check]
2024-03-09 21:32:39,632 [INFO] IntegrityCheckThread:86 - entering critical section [integrity check]
2024-03-09 21:32:39,634 [INFO] ThirdPartyUpdaterWithRetryManager:70 - Updater plugin not ready yet. [1/15]
2024-03-09 21:32:39,645 [INFO] PluginManage:359 - Loaded plugin tools (category:base,tabindex:7)
2024-03-09 21:32:39,645 [INFO] PluginManage:310 - Check plugin tutovideos
2024-03-09 21:32:39,929 [INFO] PluginManage:359 - Loaded plugin tutovideos (category:base,tabindex:-1)
2024-03-09 21:32:39,929 [INFO] PluginManage:310 - Check plugin updater
2024-03-09 21:32:39,948 [INFO] PluginManage:359 - Loaded plugin updater (category:base,tabindex:12)
2024-03-09 21:32:39,948 [INFO] PluginManage:283 - PluginManage : Loaded plugins [15]
2024-03-09 21:32:40,377 [INFO] PinOutPanel:1499 - setPackage(No Configuration,No Configuration)
2024-03-09 21:32:40,551 [INFO] CADModel:165 - CPN selected for project level
2024-03-09 21:32:40,551 [INFO] CADModel:114 - Register for checkConnection events
2024-03-09 21:32:40,612 [INFO] IPUIPlugin:80 - create IPUIPlugin
2024-03-09 21:32:40,613 [INFO] PluginManager:220 - loadIPPluginJar : add adc
2024-03-09 21:32:40,628 [INFO] IPUIPlugin:80 - create IPUIPlugin
2024-03-09 21:32:40,628 [INFO] PluginManager:220 - loadIPPluginJar : add aes
2024-03-09 21:32:40,646 [INFO] IPUIPlugin:80 - create IPUIPlugin
2024-03-09 21:32:40,646 [INFO] PluginManager:220 - loadIPPluginJar : add can
2024-03-09 21:32:40,951 [INFO] IPUIPlugin:80 - create IPUIPlugin
2024-03-09 21:32:40,951 [INFO] PluginManager:220 - loadIPPluginJar : add comp
2024-03-09 21:32:40,970 [INFO] IPUIPlugin:80 - create IPUIPlugin
2024-03-09 21:32:40,970 [INFO] PluginManager:220 - loadIPPluginJar : add cryp
2024-03-09 21:32:40,983 [INFO] IPUIPlugin:80 - create IPUIPlugin
2024-03-09 21:32:40,984 [INFO] PluginManager:220 - loadIPPluginJar : add dfsdm
2024-03-09 21:32:41,003 [INFO] IPUIPlugin:80 - create IPUIPlugin
2024-03-09 21:32:41,003 [INFO] PluginManager:220 - loadIPPluginJar : add dma
2024-03-09 21:32:41,022 [INFO] IPUIPlugin:80 - create IPUIPlugin
2024-03-09 21:32:41,023 [INFO] PluginManager:220 - loadIPPluginJar : add dma3
2024-03-09 21:32:41,033 [INFO] IPUIPlugin:80 - create IPUIPlugin
2024-03-09 21:32:41,033 [INFO] PluginManager:220 - loadIPPluginJar : add fatfs
2024-03-09 21:32:41,344 [INFO] IPUIPlugin:80 - create IPUIPlugin
2024-03-09 21:32:41,344 [INFO] PluginManager:220 - loadIPPluginJar : add fmc
2024-03-09 21:32:41,716 [INFO] IPUIPlugin:80 - create IPUIPlugin
2024-03-09 21:32:41,716 [INFO] PluginManager:220 - loadIPPluginJar : add freertos
2024-03-09 21:32:42,068 [INFO] IPUIPlugin:80 - create IPUIPlugin
2024-03-09 21:32:42,068 [INFO] PluginManager:220 - loadIPPluginJar : add genericplugin
2024-03-09 21:32:42,437 [INFO] IPUIPlugin:80 - create IPUIPlugin
2024-03-09 21:32:42,438 [INFO] PluginManager:220 - loadIPPluginJar : add gfxmmu
2024-03-09 21:32:42,458 [INFO] IPUIPlugin:80 - create IPUIPlugin
2024-03-09 21:32:42,458 [INFO] PluginManager:220 - loadIPPluginJar : add gic
2024-03-09 21:32:42,644 [INFO] ThirdPartyUpdaterWithRetryManager:70 - Updater plugin not ready yet. [2/15]
2024-03-09 21:32:42,949 [INFO] IPUIPlugin:80 - create IPUIPlugin
2024-03-09 21:32:42,949 [INFO] PluginManager:220 - loadIPPluginJar : add gpio
2024-03-09 21:32:42,974 [INFO] IPUIPlugin:80 - create IPUIPlugin
2024-03-09 21:32:42,974 [INFO] PluginManager:220 - loadIPPluginJar : add gtzc
2024-03-09 21:32:42,986 [INFO] IPUIPlugin:80 - create IPUIPlugin
2024-03-09 21:32:42,986 [INFO] PluginManager:220 - loadIPPluginJar : add hash
2024-03-09 21:32:43,001 [INFO] IPUIPlugin:80 - create IPUIPlugin
2024-03-09 21:32:43,001 [INFO] PluginManager:220 - loadIPPluginJar : add i2c
2024-03-09 21:32:43,015 [INFO] IPUIPlugin:80 - create IPUIPlugin
2024-03-09 21:32:43,015 [INFO] PluginManager:220 - loadIPPluginJar : add i2s
2024-03-09 21:32:43,342 [INFO] IPUIPlugin:80 - create IPUIPlugin
2024-03-09 21:32:43,343 [INFO] PluginManager:220 - loadIPPluginJar : add i3c
2024-03-09 21:32:43,367 [INFO] IPUIPlugin:80 - create IPUIPlugin
2024-03-09 21:32:43,368 [INFO] PluginManager:220 - loadIPPluginJar : add ipddr
2024-03-09 21:32:43,392 [INFO] IPUIPlugin:80 - create IPUIPlugin
2024-03-09 21:32:43,392 [INFO] PluginManager:220 - loadIPPluginJar : add linkedlist
2024-03-09 21:32:43,406 [INFO] IPUIPlugin:80 - create IPUIPlugin
2024-03-09 21:32:43,406 [INFO] PluginManager:220 - loadIPPluginJar : add lorawan
2024-03-09 21:32:43,419 [INFO] IPUIPlugin:80 - create IPUIPlugin
2024-03-09 21:32:43,419 [INFO] PluginManager:220 - loadIPPluginJar : add ltdc
2024-03-09 21:32:43,441 [INFO] IPUIPlugin:80 - create IPUIPlugin
2024-03-09 21:32:43,441 [INFO] PluginManager:220 - loadIPPluginJar : add mdma
2024-03-09 21:32:43,748 [INFO] IPUIPlugin:80 - create IPUIPlugin
2024-03-09 21:32:43,748 [INFO] PluginManager:220 - loadIPPluginJar : add nvic
2024-03-09 21:32:43,766 [INFO] IPUIPlugin:80 - create IPUIPlugin
2024-03-09 21:32:43,766 [INFO] PluginManager:220 - loadIPPluginJar : add opamp
2024-03-09 21:32:43,784 [INFO] IPUIPlugin:80 - create IPUIPlugin
2024-03-09 21:32:43,784 [INFO] PluginManager:220 - loadIPPluginJar : add openamp
2024-03-09 21:32:43,799 [INFO] IPUIPlugin:80 - create IPUIPlugin
2024-03-09 21:32:43,799 [INFO] PluginManager:220 - loadIPPluginJar : add pdm2pcm
2024-03-09 21:32:43,818 [INFO] IPUIPlugin:80 - create IPUIPlugin
2024-03-09 21:32:43,821 [INFO] PluginManager:220 - loadIPPluginJar : add plateformsettings
2024-03-09 21:32:44,105 [INFO] IPUIPlugin:80 - create IPUIPlugin
2024-03-09 21:32:44,105 [INFO] PluginManager:220 - loadIPPluginJar : add quadspi
2024-03-09 21:32:44,123 [INFO] IPUIPlugin:80 - create IPUIPlugin
2024-03-09 21:32:44,123 [INFO] PluginManager:220 - loadIPPluginJar : add resmgrutility
2024-03-09 21:32:44,138 [INFO] IPUIPlugin:80 - create IPUIPlugin
2024-03-09 21:32:44,138 [INFO] PluginManager:220 - loadIPPluginJar : add sai
2024-03-09 21:32:44,152 [INFO] IPUIPlugin:80 - create IPUIPlugin
2024-03-09 21:32:44,152 [INFO] PluginManager:220 - loadIPPluginJar : add spi
2024-03-09 21:32:44,171 [INFO] IPUIPlugin:80 - create IPUIPlugin
2024-03-09 21:32:44,171 [INFO] PluginManager:220 - loadIPPluginJar : add stm32_wpan
2024-03-09 21:32:44,181 [INFO] IPUIPlugin:80 - create IPUIPlugin
2024-03-09 21:32:44,181 [INFO] PluginManager:220 - loadIPPluginJar : add tim
2024-03-09 21:32:44,199 [INFO] IPUIPlugin:80 - create IPUIPlugin
2024-03-09 21:32:44,199 [INFO] PluginManager:220 - loadIPPluginJar : add touchsensing
2024-03-09 21:32:44,210 [INFO] IPUIPlugin:80 - create IPUIPlugin
2024-03-09 21:32:44,210 [INFO] PluginManager:220 - loadIPPluginJar : add tracer_emb
2024-03-09 21:32:44,221 [INFO] IPUIPlugin:80 - create IPUIPlugin
2024-03-09 21:32:44,221 [INFO] PluginManager:220 - loadIPPluginJar : add ts
2024-03-09 21:32:44,231 [INFO] IPUIPlugin:80 - create IPUIPlugin
2024-03-09 21:32:44,231 [INFO] PluginManager:220 - loadIPPluginJar : add tsc
2024-03-09 21:32:44,242 [INFO] IPUIPlugin:80 - create IPUIPlugin
2024-03-09 21:32:44,242 [INFO] PluginManager:220 - loadIPPluginJar : add ucpd
2024-03-09 21:32:44,257 [INFO] IPUIPlugin:80 - create IPUIPlugin
2024-03-09 21:32:44,257 [INFO] PluginManager:220 - loadIPPluginJar : add usart
2024-03-09 21:32:44,272 [INFO] IPUIPlugin:80 - create IPUIPlugin
2024-03-09 21:32:44,272 [INFO] PluginManager:220 - loadIPPluginJar : add usbx
2024-03-09 21:32:44,435 [INFO] CADModel:165 - CPN selected for project level
2024-03-09 21:32:44,435 [INFO] CADModel:114 - Register for checkConnection events
2024-03-09 21:32:44,436 [FATAL] Updater:308 - Updater called before beeing initialized
2024-03-09 21:32:44,436 [ERROR] CADModel:125 - Updater not yet initialized, retry later 
2024-03-09 21:32:44,616 [INFO] CADModel:165 - CPN selected for project level
2024-03-09 21:32:44,616 [INFO] CADModel:114 - Register for checkConnection events
2024-03-09 21:32:44,616 [FATAL] Updater:308 - Updater called before beeing initialized
2024-03-09 21:32:44,616 [ERROR] CADModel:125 - Updater not yet initialized, retry later 
2024-03-09 21:32:44,620 [FATAL] Updater:308 - Updater called before beeing initialized
2024-03-09 21:32:44,852 [FATAL] Updater:308 - Updater called before beeing initialized
2024-03-09 21:32:44,864 [INFO] DbMcusAds:53 - JSON generation date=Wed Nov 29 11:52:27 CET 2023 (1701255147349)
2024-03-09 21:32:44,865 [FATAL] Updater:308 - Updater called before beeing initialized
2024-03-09 21:32:44,961 [WARN] DetailPanel:346 - Failed to get advertising image, set to default
2024-03-09 21:32:45,153 [FATAL] Updater:308 - Updater called before beeing initialized
2024-03-09 21:32:45,156 [FATAL] Updater:308 - Updater called before beeing initialized
2024-03-09 21:32:45,157 [FATAL] Updater:308 - Updater called before beeing initialized
2024-03-09 21:32:45,157 [WARN] DetailPanel:346 - Failed to get advertising image, set to default
2024-03-09 21:32:45,173 [FATAL] Updater:308 - Updater called before beeing initialized
2024-03-09 21:32:45,263 [ERROR] Updater:1120 - MainUpdater not yet initialized. External WinMGr cannot be set.
2024-03-09 21:32:45,269 [INFO] Updater:1056 - Updater Version found : 6.8.1
2024-03-09 21:32:45,290 [INFO] ApplicationProperties:184 - Using Application install path: C:\ST\STM32CubeIDE_1.12.0\STM32CubeIDE\plugins\com.st.stm32cube.common.mx_6.8.1.202304191431
2024-03-09 21:32:45,656 [INFO] ThirdPartyUpdaterWithRetryManager:70 - Updater plugin not ready yet. [3/15]
2024-03-09 21:32:46,107 [INFO] MainUpdater:2854 - connection check result : 10
2024-03-09 21:32:46,108 [INFO] MainUpdater:3548 - Updater definition file requires update
2024-03-09 21:32:46,110 [INFO] MainUpdater:283 - Updater Check For Update Now.
2024-03-09 21:32:46,110 [INFO] MicroXplorer:498 - Change Database Version : DB.6.0.81
2024-03-09 21:32:46,220 [INFO] ServerAccessManage:473 - Download File updaters.zip
2024-03-09 21:32:46,954 [INFO] FileExtend:240 - Unzip File : updaters.zip
2024-03-09 21:32:46,955 [INFO] FileExtend:255 - Standard Zip Deflate
2024-03-09 21:32:48,392 [INFO] ServerAccessManage:473 - Download File PacksControlFlags.xml
2024-03-09 21:32:48,550 [INFO] ServerAccessManage:473 - Download File cubemx.pidx
2024-03-09 21:32:48,661 [WARN] MainUpdater:1187 - Updater busy. Cannot search thirdparties
2024-03-09 21:32:48,661 [INFO] ThirdPartyUpdaterWithRetryManager:96 - Updater plugin is busy. [1/15]
2024-03-09 21:32:48,671 [INFO] LoadServerUpdatesThread:373 - End of LoadServerUpdate Thread
2024-03-09 21:32:48,838 [INFO] CheckServerUpdateThread:120 - End of CheckServer Thread
2024-03-09 21:32:48,973 [INFO] MainUpdater:2854 - connection check result : 10
2024-03-09 21:32:48,977 [INFO] MainUpdater:2854 - connection check result : 10
2024-03-09 21:32:49,645 [INFO] MicroXplorer:468 - Change Database Path : 
2024-03-09 21:32:49,645 [INFO] MicroXplorer:498 - Change Database Version : DB.6.0.81
2024-03-09 21:32:49,645 [WARN] ThirdParty:871 - waiting for thirdparty lock release [close project]
2024-03-09 21:32:51,982 [WARN] PackLoader:240 - Cannot read IP mode file for STMicroelectronics.X-CUBE-SMBUS.2.1.0
2024-03-09 21:32:51,996 [WARN] PackLoader:240 - Cannot read IP mode file for STMicroelectronics.X-CUBE-TOUCHGFX.4.23.0
2024-03-09 21:32:52,043 [WARN] PackLoader:240 - Cannot read IP mode file for STMicroelectronics.X-CUBE-AZRTOS-F7.1.1.0
2024-03-09 21:32:52,058 [ERROR] RealEvaluatedCondition:428 - Found unsupported composite condition: GROUP='STM32_MetaDataManager' CLASS='Data Exchange'
2024-03-09 21:32:52,058 [ERROR] RealEvaluatedCondition:428 - Found unsupported composite condition: GROUP='STM32_MetaDataManager' CLASS='Data Exchange'
2024-03-09 21:32:52,060 [WARN] PackLoader:240 - Cannot read IP mode file for STMicroelectronics.FP-SNS-MOTENV1.4.3.0
2024-03-09 21:32:52,074 [WARN] PackLoader:240 - Cannot read IP mode file for STMicroelectronics.FP-SNS-MOTENV1.4.3.2
2024-03-09 21:32:52,086 [WARN] PackLoader:240 - Cannot read IP mode file for STMicroelectronics.FP-SNS-FLIGHT1.5.0.0
2024-03-09 21:32:52,096 [ERROR] RealEvaluatedCondition:428 - Found unsupported composite condition: CLASS='Data Exchange' GROUP='STM32_MetaDataManager'
2024-03-09 21:32:52,096 [ERROR] RealEvaluatedCondition:428 - Found unsupported composite condition: GROUP='STM32_MetaDataManager' CLASS='Data Exchange'
2024-03-09 21:32:52,097 [WARN] PackLoader:240 - Cannot read IP mode file for STMicroelectronics.FP-SNS-MOTENV1.4.3.1
2024-03-09 21:32:52,108 [WARN] PackLoader:240 - Cannot read IP mode file for STMicroelectronics.FP-SNS-FLIGHT1.5.0.1
2024-03-09 21:32:52,124 [WARN] PackLoader:240 - Cannot read IP mode file for STMicroelectronics.X-CUBE-BLE1.6.2.4
2024-03-09 21:32:52,134 [WARN] PackLoader:240 - Cannot read IP mode file for STMicroelectronics.FP-SNS-FLIGHT1.5.0.2
2024-03-09 21:32:52,427 [WARN] PackLoader:240 - Cannot read IP mode file for STMicroelectronics.X-CUBE-DISPLAY.3.0.0
2024-03-09 21:32:52,442 [WARN] PackLoader:240 - Cannot read IP mode file for STMicroelectronics.X-CUBE-BLE1.7.0.0
2024-03-09 21:32:52,450 [WARN] PackLoader:240 - Cannot read IP mode file for STMicroelectronics.X-CUBE-TOUCHGFX.4.22.0
2024-03-09 21:32:52,457 [WARN] PackLoader:240 - Cannot read IP mode file for STMicroelectronics.X-CUBE-TOUCHGFX.4.22.1
2024-03-09 21:32:52,471 [WARN] PackLoader:240 - Cannot read IP mode file for STMicroelectronics.X-CUBE-BLEMGR.3.1.0
2024-03-09 21:32:52,484 [WARN] PackLoader:240 - Cannot read IP mode file for STMicroelectronics.FP-SNS-SMARTAG2.1.2.0
