2023-11-29 09:17:59,731 [INFO] Activator:176 - 


2023-11-29 09:17:59,731 [INFO] Activator:177 - !SESSION log4j initialized
2023-11-29 09:18:06,739 [INFO] LogOutputStream:77 - [STDOUT_REDIRECT] 
2023-11-29 09:18:30,517 [ERROR] LogOutputStream:75 - [STDERR_REDIRECT] SLF4J: Failed to load class "org.slf4j.impl.StaticLoggerBinder".
2023-11-29 09:18:30,517 [ERROR] LogOutputStream:75 - [STDERR_REDIRECT] SLF4J: Defaulting to no-operation (NOP) logger implementation
2023-11-29 09:18:30,517 [ERROR] LogOutputStream:75 - [STDERR_REDIRECT] SLF4J: See http://www.slf4j.org/codes.html#StaticLoggerBinder for further details.
2023-11-29 09:33:48,121 [INFO] ApplicationProperties:184 - Using Application install path: C:\ST\STM32CubeIDE_1.12.0\STM32CubeIDE\plugins\com.st.stm32cube.common.mx_6.8.1.202304191431
2023-11-29 09:33:48,152 [INFO] DbMcusXml:78 - Set database path to: C:\ST\STM32CubeIDE_1.12.0\STM32CubeIDE\plugins\com.st.stm32cube.common.mx_6.8.1.202304191431\\db\/mcu/
2023-11-29 09:33:48,152 [INFO] ApiDb:274 - Set plugin database path to: C:\ST\STM32CubeIDE_1.12.0\STM32CubeIDE\plugins\com.st.stm32cube.common.mx_6.8.1.202304191431\\db\/plugins/boardmanager/
2023-11-29 09:33:48,152 [WARN] ApiDb:259 - Overriding images path with different value:  => C:\ST\STM32CubeIDE_1.12.0\STM32CubeIDE\plugins\com.st.stm32cube.common.mx_6.8.1.202304191431\\db\/plugins/mcufinder/images/
2023-11-29 09:33:48,168 [INFO] ApiDb:250 - Set database path to: C:\Users\m-ali.khlifi-ext\.stmcufinder\plugins\mcufinder//mcu/
2023-11-29 09:33:48,168 [INFO] DbMcusAds:125 - Set database path to: C:\Users\m-ali.khlifi-ext\.stmcufinder\plugins\mcufinder//mcu/
2023-11-29 09:33:48,353 [INFO] CrossReferenceDbSqlite:203 - Set database path to: C:\Users\m-ali.khlifi-ext\.stmcufinder\plugins\mcufinder//mcu/cs/
2023-11-29 09:33:48,506 [INFO] RulesReader:64 - Compatibility file has been processed (293 Rules)
2023-11-29 09:33:48,722 [INFO] DbMcusXml:78 - Set database path to: C:\ST\STM32CubeIDE_1.12.0\STM32CubeIDE\plugins\com.st.stm32cube.common.mx_6.8.1.202304191431\\db\/mcu/
2023-11-29 09:33:48,738 [INFO] ApiDb:274 - Set plugin database path to: C:\ST\STM32CubeIDE_1.12.0\STM32CubeIDE\plugins\com.st.stm32cube.common.mx_6.8.1.202304191431\\db\/plugins/boardmanager/
2023-11-29 09:33:48,738 [INFO] ApiDb:261 - Set plugin images path to: C:\ST\STM32CubeIDE_1.12.0\STM32CubeIDE\plugins\com.st.stm32cube.common.mx_6.8.1.202304191431\\db\/plugins/mcufinder/images/
2023-11-29 09:33:48,738 [WARN] DbFile:41 - Overriding database path with different value: C:\Users\m-ali.khlifi-ext\.stmcufinder\plugins\mcufinder/ => C:\Users\m-ali.khlifi-ext\.stmcufinder\plugins\mcufinder
2023-11-29 09:33:48,738 [INFO] ApiDb:250 - Set database path to: C:\Users\m-ali.khlifi-ext\.stmcufinder\plugins\mcufinder//mcu/
2023-11-29 09:33:48,738 [WARN] DbFile:41 - Overriding database path with different value: C:\Users\m-ali.khlifi-ext\.stmcufinder\plugins\mcufinder/ => C:\Users\m-ali.khlifi-ext\.stmcufinder\plugins\mcufinder
2023-11-29 09:33:48,738 [INFO] DbMcusAds:125 - Set database path to: C:\Users\m-ali.khlifi-ext\.stmcufinder\plugins\mcufinder//mcu/
2023-11-29 09:33:48,738 [WARN] DbFile:41 - Overriding database path with different value: C:\Users\m-ali.khlifi-ext\.stmcufinder\plugins\mcufinder/ => C:\Users\m-ali.khlifi-ext\.stmcufinder\plugins\mcufinder
2023-11-29 09:33:48,738 [WARN] DbFile:41 - Overriding database path with different value: C:\Users\m-ali.khlifi-ext\.stmcufinder\plugins\mcufinder/ => C:\Users\m-ali.khlifi-ext\.stmcufinder\plugins\mcufinder
2023-11-29 09:33:48,738 [INFO] CrossReferenceDbSqlite:203 - Set database path to: C:\Users\m-ali.khlifi-ext\.stmcufinder\plugins\mcufinder//mcu/cs/
2023-11-29 09:33:48,908 [INFO] MainPanel:253 - HeapMemory: 600834048
2023-11-29 09:33:49,055 [INFO] DbMcusXml:78 - Set database path to: C:\ST\STM32CubeIDE_1.12.0\STM32CubeIDE\plugins\com.st.stm32cube.common.mx_6.8.1.202304191431\\db\/mcu/
2023-11-29 09:33:49,055 [INFO] ApiDb:274 - Set plugin database path to: C:\ST\STM32CubeIDE_1.12.0\STM32CubeIDE\plugins\com.st.stm32cube.common.mx_6.8.1.202304191431\\db\/plugins/boardmanager/
2023-11-29 09:33:49,055 [INFO] ApiDb:261 - Set plugin images path to: C:\ST\STM32CubeIDE_1.12.0\STM32CubeIDE\plugins\com.st.stm32cube.common.mx_6.8.1.202304191431\\db\/plugins/mcufinder/images/
2023-11-29 09:33:49,055 [WARN] DbFile:41 - Overriding database path with different value: C:\Users\m-ali.khlifi-ext\.stmcufinder\plugins\mcufinder/ => C:\Users\m-ali.khlifi-ext\.stmcufinder\plugins\mcufinder
2023-11-29 09:33:49,055 [INFO] ApiDb:250 - Set database path to: C:\Users\m-ali.khlifi-ext\.stmcufinder\plugins\mcufinder//mcu/
2023-11-29 09:33:49,055 [WARN] DbFile:41 - Overriding database path with different value: C:\Users\m-ali.khlifi-ext\.stmcufinder\plugins\mcufinder/ => C:\Users\m-ali.khlifi-ext\.stmcufinder\plugins\mcufinder
2023-11-29 09:33:49,055 [INFO] DbMcusAds:125 - Set database path to: C:\Users\m-ali.khlifi-ext\.stmcufinder\plugins\mcufinder//mcu/
2023-11-29 09:33:49,055 [WARN] DbFile:41 - Overriding database path with different value: C:\Users\m-ali.khlifi-ext\.stmcufinder\plugins\mcufinder/ => C:\Users\m-ali.khlifi-ext\.stmcufinder\plugins\mcufinder
2023-11-29 09:33:49,055 [WARN] DbFile:41 - Overriding database path with different value: C:\Users\m-ali.khlifi-ext\.stmcufinder\plugins\mcufinder/ => C:\Users\m-ali.khlifi-ext\.stmcufinder\plugins\mcufinder
2023-11-29 09:33:49,055 [INFO] CrossReferenceDbSqlite:203 - Set database path to: C:\Users\m-ali.khlifi-ext\.stmcufinder\plugins\mcufinder//mcu/cs/
2023-11-29 09:33:49,108 [INFO] ApplicationProperties:184 - Using Application install path: C:\ST\STM32CubeIDE_1.12.0\STM32CubeIDE\plugins\com.st.stm32cube.common.mx_6.8.1.202304191431
2023-11-29 09:33:49,108 [INFO] PluginManage:196 - Search for loadable plugins [exclusion list=, ]
2023-11-29 09:33:49,108 [INFO] PluginManage:310 - Check plugin analytics
2023-11-29 09:33:49,371 [INFO] AnalyticsPlugin:253 - Accepted Software Licenses: 
2023-11-29 09:33:49,371 [INFO] AnalyticsPlugin:255 - Accepted CMSIS Pack Licenses: 
2023-11-29 09:33:49,371 [INFO] AnalyticsPlugin:257 - Accepted Firmware Licenses: FW.F4.1.27.0
2023-11-29 09:33:49,387 [INFO] PluginManage:359 - Loaded plugin analytics (category:tool,tabindex:-1)
2023-11-29 09:33:49,387 [INFO] PluginManage:310 - Check plugin cadmodel
2023-11-29 09:33:49,409 [INFO] CADModel:105 - Init CAD model plugin
2023-11-29 09:33:49,409 [INFO] PluginManage:359 - Loaded plugin cadmodel (category:power,tabindex:5)
2023-11-29 09:33:49,409 [INFO] PluginManage:310 - Check plugin clock
2023-11-29 09:33:49,440 [INFO] PluginManage:359 - Loaded plugin clock (category:base,tabindex:2)
2023-11-29 09:33:49,440 [INFO] PluginManage:310 - Check plugin ddr
2023-11-29 09:33:49,440 [INFO] PluginManage:359 - Loaded plugin ddr (category:tool,tabindex:6)
2023-11-29 09:33:49,440 [INFO] PluginManage:310 - Check plugin filemanager
2023-11-29 09:33:49,656 [INFO] PluginManage:359 - Loaded plugin filemanager (category:base,tabindex:10)
2023-11-29 09:33:49,656 [INFO] PluginManage:310 - Check plugin ipmanager
2023-11-29 09:33:49,694 [INFO] PluginManage:359 - Loaded plugin ipmanager (category:base,tabindex:5)
2023-11-29 09:33:49,694 [INFO] PluginManage:310 - Check plugin lpbam
2023-11-29 09:33:49,710 [INFO] PluginManage:359 - Loaded plugin lpbam (category:base,tabindex:0)
2023-11-29 09:33:49,710 [INFO] PluginManage:310 - Check plugin pinoutandconfiguration
2023-11-29 09:33:49,741 [INFO] PluginManage:359 - Loaded plugin pinoutandconfiguration (category:base,tabindex:1)
2023-11-29 09:33:49,741 [INFO] PluginManage:310 - Check plugin pinoutconfig
2023-11-29 09:33:49,872 [WARN] SupportedApi:132 - Cannot load RTOS API schema: s4s-elt-must-match.1: The content of 'definitions' must match (annotation?, (simpleType | complexType)?, (unique | key | keyref)*)). A problem was found starting at: attribute.
2023-11-29 09:33:50,026 [INFO] PluginManage:359 - Loaded plugin pinoutconfig (category:base,tabindex:0)
2023-11-29 09:33:50,026 [INFO] PluginManage:310 - Check plugin power
2023-11-29 09:33:50,057 [INFO] PluginManage:359 - Loaded plugin power (category:power,tabindex:4)
2023-11-29 09:33:50,057 [INFO] PluginManage:310 - Check plugin projectmanager
2023-11-29 09:33:50,088 [INFO] PluginManage:359 - Loaded plugin projectmanager (category:projectmanager,tabindex:3)
2023-11-29 09:33:50,088 [INFO] PluginManage:310 - Check plugin thirdparty
2023-11-29 09:33:50,311 [INFO] PluginManage:359 - Loaded plugin thirdparty (category:base,tabindex:-1)
2023-11-29 09:33:50,311 [WARN] IntegrityCheckThread:84 - waiting for thirdparty lock release [integrity check]
2023-11-29 09:33:50,311 [INFO] PluginManage:310 - Check plugin tools
2023-11-29 09:33:50,311 [INFO] IntegrityCheckThread:86 - entering critical section [integrity check]
2023-11-29 09:33:50,311 [INFO] ThirdPartyUpdaterWithRetryManager:70 - Updater plugin not ready yet. [1/15]
2023-11-29 09:33:50,327 [INFO] PluginManage:359 - Loaded plugin tools (category:base,tabindex:7)
2023-11-29 09:33:50,327 [INFO] PluginManage:310 - Check plugin tutovideos
2023-11-29 09:33:50,572 [INFO] PluginManage:359 - Loaded plugin tutovideos (category:base,tabindex:-1)
2023-11-29 09:33:50,572 [INFO] PluginManage:310 - Check plugin updater
2023-11-29 09:33:50,596 [INFO] PluginManage:359 - Loaded plugin updater (category:base,tabindex:12)
2023-11-29 09:33:50,596 [INFO] PluginManage:283 - PluginManage : Loaded plugins [15]
2023-11-29 09:33:51,097 [INFO] PinOutPanel:1499 - setPackage(No Configuration,No Configuration)
2023-11-29 09:33:51,281 [INFO] CADModel:165 - CPN selected for project level
2023-11-29 09:33:51,281 [INFO] CADModel:114 - Register for checkConnection events
2023-11-29 09:33:51,329 [INFO] IPUIPlugin:80 - create IPUIPlugin
2023-11-29 09:33:51,329 [INFO] PluginManager:220 - loadIPPluginJar : add adc
2023-11-29 09:33:51,344 [INFO] IPUIPlugin:80 - create IPUIPlugin
2023-11-29 09:33:51,344 [INFO] PluginManager:220 - loadIPPluginJar : add aes
2023-11-29 09:33:51,360 [INFO] IPUIPlugin:80 - create IPUIPlugin
2023-11-29 09:33:51,360 [INFO] PluginManager:220 - loadIPPluginJar : add can
2023-11-29 09:33:51,376 [INFO] IPUIPlugin:80 - create IPUIPlugin
2023-11-29 09:33:51,376 [INFO] PluginManager:220 - loadIPPluginJar : add comp
2023-11-29 09:33:51,398 [INFO] IPUIPlugin:80 - create IPUIPlugin
2023-11-29 09:33:51,398 [INFO] PluginManager:220 - loadIPPluginJar : add cryp
2023-11-29 09:33:51,398 [INFO] IPUIPlugin:80 - create IPUIPlugin
2023-11-29 09:33:51,398 [INFO] PluginManager:220 - loadIPPluginJar : add dfsdm
2023-11-29 09:33:51,429 [INFO] IPUIPlugin:80 - create IPUIPlugin
2023-11-29 09:33:51,429 [INFO] PluginManager:220 - loadIPPluginJar : add dma
2023-11-29 09:33:51,460 [INFO] IPUIPlugin:80 - create IPUIPlugin
2023-11-29 09:33:51,460 [INFO] PluginManager:220 - loadIPPluginJar : add dma3
2023-11-29 09:33:51,460 [INFO] IPUIPlugin:80 - create IPUIPlugin
2023-11-29 09:33:51,460 [INFO] PluginManager:220 - loadIPPluginJar : add fatfs
2023-11-29 09:33:51,492 [INFO] IPUIPlugin:80 - create IPUIPlugin
2023-11-29 09:33:51,492 [INFO] PluginManager:220 - loadIPPluginJar : add fmc
2023-11-29 09:33:51,514 [INFO] IPUIPlugin:80 - create IPUIPlugin
2023-11-29 09:33:51,514 [INFO] PluginManager:220 - loadIPPluginJar : add freertos
2023-11-29 09:33:51,529 [INFO] IPUIPlugin:80 - create IPUIPlugin
2023-11-29 09:33:51,529 [INFO] PluginManager:220 - loadIPPluginJar : add genericplugin
2023-11-29 09:33:51,545 [INFO] IPUIPlugin:80 - create IPUIPlugin
2023-11-29 09:33:51,545 [INFO] PluginManager:220 - loadIPPluginJar : add gfxmmu
2023-11-29 09:33:51,561 [INFO] IPUIPlugin:80 - create IPUIPlugin
2023-11-29 09:33:51,561 [INFO] PluginManager:220 - loadIPPluginJar : add gic
2023-11-29 09:33:51,592 [INFO] IPUIPlugin:80 - create IPUIPlugin
2023-11-29 09:33:51,592 [INFO] PluginManager:220 - loadIPPluginJar : add gpio
2023-11-29 09:33:51,614 [INFO] IPUIPlugin:80 - create IPUIPlugin
2023-11-29 09:33:51,614 [INFO] PluginManager:220 - loadIPPluginJar : add gtzc
2023-11-29 09:33:51,614 [INFO] IPUIPlugin:80 - create IPUIPlugin
2023-11-29 09:33:51,614 [INFO] PluginManager:220 - loadIPPluginJar : add hash
2023-11-29 09:33:51,645 [INFO] IPUIPlugin:80 - create IPUIPlugin
2023-11-29 09:33:51,645 [INFO] PluginManager:220 - loadIPPluginJar : add i2c
2023-11-29 09:33:51,661 [INFO] IPUIPlugin:80 - create IPUIPlugin
2023-11-29 09:33:51,661 [INFO] PluginManager:220 - loadIPPluginJar : add i2s
2023-11-29 09:33:51,677 [INFO] IPUIPlugin:80 - create IPUIPlugin
2023-11-29 09:33:51,677 [INFO] PluginManager:220 - loadIPPluginJar : add i3c
2023-11-29 09:33:51,699 [INFO] IPUIPlugin:80 - create IPUIPlugin
2023-11-29 09:33:51,699 [INFO] PluginManager:220 - loadIPPluginJar : add ipddr
2023-11-29 09:33:51,714 [INFO] IPUIPlugin:80 - create IPUIPlugin
2023-11-29 09:33:51,730 [INFO] PluginManager:220 - loadIPPluginJar : add linkedlist
2023-11-29 09:33:51,746 [INFO] IPUIPlugin:80 - create IPUIPlugin
2023-11-29 09:33:51,746 [INFO] PluginManager:220 - loadIPPluginJar : add lorawan
2023-11-29 09:33:51,746 [INFO] IPUIPlugin:80 - create IPUIPlugin
2023-11-29 09:33:51,746 [INFO] PluginManager:220 - loadIPPluginJar : add ltdc
2023-11-29 09:33:51,777 [INFO] IPUIPlugin:80 - create IPUIPlugin
2023-11-29 09:33:51,777 [INFO] PluginManager:220 - loadIPPluginJar : add mdma
2023-11-29 09:33:51,799 [INFO] IPUIPlugin:80 - create IPUIPlugin
2023-11-29 09:33:51,799 [INFO] PluginManager:220 - loadIPPluginJar : add nvic
2023-11-29 09:33:51,815 [INFO] IPUIPlugin:80 - create IPUIPlugin
2023-11-29 09:33:51,815 [INFO] PluginManager:220 - loadIPPluginJar : add opamp
2023-11-29 09:33:51,830 [INFO] IPUIPlugin:80 - create IPUIPlugin
2023-11-29 09:33:51,830 [INFO] PluginManager:220 - loadIPPluginJar : add openamp
2023-11-29 09:33:51,846 [INFO] IPUIPlugin:80 - create IPUIPlugin
2023-11-29 09:33:51,846 [INFO] PluginManager:220 - loadIPPluginJar : add pdm2pcm
2023-11-29 09:33:51,877 [INFO] IPUIPlugin:80 - create IPUIPlugin
2023-11-29 09:33:51,877 [INFO] PluginManager:220 - loadIPPluginJar : add plateformsettings
2023-11-29 09:33:51,899 [INFO] IPUIPlugin:80 - create IPUIPlugin
2023-11-29 09:33:51,899 [INFO] PluginManager:220 - loadIPPluginJar : add quadspi
2023-11-29 09:33:51,915 [INFO] IPUIPlugin:80 - create IPUIPlugin
2023-11-29 09:33:51,915 [INFO] PluginManager:220 - loadIPPluginJar : add resmgrutility
2023-11-29 09:33:51,930 [INFO] IPUIPlugin:80 - create IPUIPlugin
2023-11-29 09:33:51,930 [INFO] PluginManager:220 - loadIPPluginJar : add sai
2023-11-29 09:33:51,946 [INFO] IPUIPlugin:80 - create IPUIPlugin
2023-11-29 09:33:51,946 [INFO] PluginManager:220 - loadIPPluginJar : add spi
2023-11-29 09:33:51,962 [INFO] IPUIPlugin:80 - create IPUIPlugin
2023-11-29 09:33:51,962 [INFO] PluginManager:220 - loadIPPluginJar : add stm32_wpan
2023-11-29 09:33:51,977 [INFO] IPUIPlugin:80 - create IPUIPlugin
2023-11-29 09:33:51,977 [INFO] PluginManager:220 - loadIPPluginJar : add tim
2023-11-29 09:33:51,999 [INFO] IPUIPlugin:80 - create IPUIPlugin
2023-11-29 09:33:51,999 [INFO] PluginManager:220 - loadIPPluginJar : add touchsensing
2023-11-29 09:33:52,015 [INFO] IPUIPlugin:80 - create IPUIPlugin
2023-11-29 09:33:52,015 [INFO] PluginManager:220 - loadIPPluginJar : add tracer_emb
2023-11-29 09:33:52,031 [INFO] IPUIPlugin:80 - create IPUIPlugin
2023-11-29 09:33:52,031 [INFO] PluginManager:220 - loadIPPluginJar : add ts
2023-11-29 09:33:52,031 [INFO] IPUIPlugin:80 - create IPUIPlugin
2023-11-29 09:33:52,031 [INFO] PluginManager:220 - loadIPPluginJar : add tsc
2023-11-29 09:33:52,046 [INFO] IPUIPlugin:80 - create IPUIPlugin
2023-11-29 09:33:52,046 [INFO] PluginManager:220 - loadIPPluginJar : add ucpd
2023-11-29 09:33:52,062 [INFO] IPUIPlugin:80 - create IPUIPlugin
2023-11-29 09:33:52,062 [INFO] PluginManager:220 - loadIPPluginJar : add usart
2023-11-29 09:33:52,078 [INFO] IPUIPlugin:80 - create IPUIPlugin
2023-11-29 09:33:52,078 [INFO] PluginManager:220 - loadIPPluginJar : add usbx
2023-11-29 09:33:52,289 [INFO] CADModel:165 - CPN selected for project level
2023-11-29 09:33:52,289 [INFO] CADModel:114 - Register for checkConnection events
2023-11-29 09:33:52,289 [FATAL] Updater:308 - Updater called before beeing initialized
2023-11-29 09:33:52,289 [ERROR] CADModel:125 - Updater not yet initialized, retry later 
2023-11-29 09:33:52,516 [INFO] CADModel:165 - CPN selected for project level
2023-11-29 09:33:52,516 [INFO] CADModel:114 - Register for checkConnection events
2023-11-29 09:33:52,516 [FATAL] Updater:308 - Updater called before beeing initialized
2023-11-29 09:33:52,516 [ERROR] CADModel:125 - Updater not yet initialized, retry later 
2023-11-29 09:33:52,516 [FATAL] Updater:308 - Updater called before beeing initialized
2023-11-29 09:33:52,794 [FATAL] Updater:308 - Updater called before beeing initialized
2023-11-29 09:33:52,804 [INFO] DbMcusAds:53 - JSON generation date=Tue Mar 07 09:50:55 CET 2023 (1678179055335)
2023-11-29 09:33:52,804 [FATAL] Updater:308 - Updater called before beeing initialized
2023-11-29 09:33:52,905 [WARN] DetailPanel:346 - Failed to get advertising image, set to default
2023-11-29 09:33:53,101 [FATAL] Updater:308 - Updater called before beeing initialized
2023-11-29 09:33:53,117 [FATAL] Updater:308 - Updater called before beeing initialized
2023-11-29 09:33:53,117 [FATAL] Updater:308 - Updater called before beeing initialized
2023-11-29 09:33:53,117 [WARN] DetailPanel:346 - Failed to get advertising image, set to default
2023-11-29 09:33:53,117 [FATAL] Updater:308 - Updater called before beeing initialized
2023-11-29 09:33:53,233 [ERROR] Updater:1120 - MainUpdater not yet initialized. External WinMGr cannot be set.
2023-11-29 09:33:53,233 [INFO] Updater:1056 - Updater Version found : 6.8.1
2023-11-29 09:33:53,255 [INFO] ApplicationProperties:184 - Using Application install path: C:\ST\STM32CubeIDE_1.12.0\STM32CubeIDE\plugins\com.st.stm32cube.common.mx_6.8.1.202304191431
2023-11-29 09:33:53,317 [INFO] ThirdPartyUpdaterWithRetryManager:70 - Updater plugin not ready yet. [2/15]
2023-11-29 09:33:53,533 [INFO] MainUpdater:2854 - connection check result : 10
2023-11-29 09:33:53,533 [INFO] MainUpdater:283 - Updater Check For Update Now.
2023-11-29 09:33:53,533 [INFO] MicroXplorer:498 - Change Database Version : DB.6.0.81
2023-11-29 09:33:53,734 [INFO] CheckServerUpdateThread:120 - End of CheckServer Thread
2023-11-29 09:33:53,772 [INFO] MainUpdater:2854 - connection check result : 10
2023-11-29 09:33:53,772 [INFO] MainUpdater:2854 - connection check result : 10
2023-11-29 09:33:53,888 [INFO] MicroXplorer:468 - Change Database Path : 
2023-11-29 09:33:53,888 [INFO] MicroXplorer:498 - Change Database Version : DB.6.0.81
2023-11-29 09:33:53,888 [WARN] ThirdParty:871 - waiting for thirdparty lock release [close project]
2023-11-29 09:33:56,681 [WARN] PackLoader:240 - Cannot read IP mode file for STMicroelectronics.X-CUBE-SMBUS.2.1.0
2023-11-29 09:33:56,728 [WARN] PackLoader:240 - Cannot read IP mode file for STMicroelectronics.X-CUBE-AZRTOS-F7.1.1.0
2023-11-29 09:33:56,743 [ERROR] RealEvaluatedCondition:428 - Found unsupported composite condition: CLASS='Data Exchange' GROUP='STM32_MetaDataManager'
2023-11-29 09:33:56,743 [ERROR] RealEvaluatedCondition:428 - Found unsupported composite condition: GROUP='STM32_MetaDataManager' CLASS='Data Exchange'
2023-11-29 09:33:56,743 [WARN] PackLoader:240 - Cannot read IP mode file for STMicroelectronics.FP-SNS-MOTENV1.4.3.0
2023-11-29 09:33:56,765 [WARN] PackLoader:240 - Cannot read IP mode file for STMicroelectronics.FP-SNS-MOTENV1.4.3.2
2023-11-29 09:33:56,781 [WARN] PackLoader:240 - Cannot read IP mode file for STMicroelectronics.FP-SNS-FLIGHT1.5.0.0
2023-11-29 09:33:56,781 [ERROR] RealEvaluatedCondition:428 - Found unsupported composite condition: GROUP='STM32_MetaDataManager' CLASS='Data Exchange'
2023-11-29 09:33:56,781 [ERROR] RealEvaluatedCondition:428 - Found unsupported composite condition: CLASS='Data Exchange' GROUP='STM32_MetaDataManager'
2023-11-29 09:33:56,797 [WARN] PackLoader:240 - Cannot read IP mode file for STMicroelectronics.FP-SNS-MOTENV1.4.3.1
2023-11-29 09:33:56,797 [WARN] PackLoader:240 - Cannot read IP mode file for STMicroelectronics.FP-SNS-FLIGHT1.5.0.1
2023-11-29 09:33:56,812 [WARN] PackLoader:240 - Cannot read IP mode file for STMicroelectronics.X-CUBE-BLE1.6.2.4
2023-11-29 09:33:56,828 [WARN] PackLoader:240 - Cannot read IP mode file for STMicroelectronics.FP-SNS-FLIGHT1.5.0.2
2023-11-29 09:33:56,844 [WARN] PackLoader:240 - Cannot read IP mode file for STMicroelectronics.X-CUBE-DISPLAY.3.0.0
2023-11-29 09:33:56,868 [WARN] PackLoader:240 - Cannot read IP mode file for STMicroelectronics.X-CUBE-BLE1.7.0.0
2023-11-29 09:33:56,878 [WARN] PackLoader:240 - Cannot read IP mode file for STMicroelectronics.X-CUBE-TOUCHGFX.4.22.0
2023-11-29 09:33:56,897 [WARN] PackLoader:240 - Cannot read IP mode file for STMicroelectronics.X-CUBE-TOUCHGFX.4.22.1
2023-11-29 09:33:56,908 [WARN] PackLoader:240 - Cannot read IP mode file for STMicroelectronics.FP-SNS-SMARTAG2.1.2.0
2023-11-29 09:33:56,939 [INFO] LogOutputStream:77 - [STDOUT_REDIRECT] 1 : Invalid condition id : UX_CORESTACK_Condition cause : null
2023-11-29 09:33:56,939 [INFO] LogOutputStream:77 - [STDOUT_REDIRECT] 1 : Invalid condition id : UX_CORESTACK_Condition cause : null
2023-11-29 09:33:56,939 [INFO] LogOutputStream:77 - [STDOUT_REDIRECT] 1 : Invalid condition id : UX_CORESTACK_Condition cause : null
2023-11-29 09:33:56,939 [INFO] LogOutputStream:77 - [STDOUT_REDIRECT] 1 : Invalid condition id : UX_CORESTACK_Condition cause : null
2023-11-29 09:33:56,939 [INFO] LogOutputStream:77 - [STDOUT_REDIRECT] 1 : Invalid condition id : UX_CORESTACK_Condition cause : null
2023-11-29 09:33:56,947 [WARN] PackLoader:240 - Cannot read IP mode file for STMicroelectronics.X-CUBE-AZRTOS-WL.2.0.0
2023-11-29 09:33:56,967 [WARN] PackLoader:240 - Cannot read IP mode file for WES.I-CUBE-Cesium.1.3.0
2023-11-29 09:33:56,979 [WARN] PackLoader:240 - Cannot read IP mode file for STMicroelectronics.X-CUBE-BLE2.3.3.0
2023-11-29 09:33:56,989 [WARN] PackLoader:240 - Cannot read IP mode file for STMicroelectronics.X-CUBE-TOUCHGFX.4.21.3
2023-11-29 09:33:56,997 [WARN] PackLoader:240 - Cannot read IP mode file for STMicroelectronics.X-CUBE-TOUCHGFX.4.21.4
2023-11-29 09:33:57,009 [WARN] PackLoader:240 - Cannot read IP mode file for STMicroelectronics.X-CUBE-ALGOBUILD.1.3.0
2023-11-29 09:33:57,049 [WARN] PackLoader:240 - Cannot read IP mode file for STMicroelectronics.X-CUBE-AZRTOS-G0.1.1.0
2023-11-29 09:33:57,059 [WARN] PackLoader:240 - Cannot read IP mode file for STMicroelectronics.X-CUBE-NFC4.3.0.0
2023-11-29 09:33:57,090 [WARN] PackLoader:240 - Cannot read IP mode file for STMicroelectronics.X-CUBE-BLEMGR.3.0.0
2023-11-29 09:33:57,108 [WARN] PackLoader:240 - Cannot read IP mode file for STMicroelectronics.FP-ATR-SIGFOX1.3.2.0
2023-11-29 09:33:57,170 [WARN] PackLoader:240 - Cannot read IP mode file for SEGGER.I-CUBE-embOS.1.3.1
2023-11-29 09:33:57,269 [WARN] PackLoader:240 - Cannot read IP mode file for STMicroelectronics.X-CUBE-GNSS1.6.0.0
2023-11-29 09:33:57,350 [WARN] PackLoader:240 - Cannot read IP mode file for STMicroelectronics.X-CUBE-AZRTOS-F4.1.1.0
2023-11-29 09:33:57,382 [WARN] PackLoader:240 - Cannot read IP mode file for wolfSSL.I-CUBE-wolfSSL.5.6.0
2023-11-29 09:33:57,435 [WARN] PackLoader:240 - Cannot read IP mode file for STMicroelectronics.X-CUBE-AZRTOS-L5.2.0.0
2023-11-29 09:33:57,550 [WARN] PackLoader:240 - Cannot read IP mode file for STMicroelectronics.X-CUBE-MEMS1.9.6.0
2023-11-29 09:33:57,864 [WARN] PackLoader:240 - Cannot read IP mode file for STMicroelectronics.X-CUBE-EEPRMA1.4.2.0
2023-11-29 09:33:57,884 [WARN] PackLoader:240 - Cannot read IP mode file for ITTIA_DB.I-CUBE-ITTIADB.8.8.0
2023-11-29 09:33:57,903 [WARN] PackLoader:240 - Cannot read IP mode file for emotas.I-CUBE-CANOPEN.1.1.3
2023-11-29 09:33:57,915 [WARN] PackLoader:240 - Cannot read IP mode file for STMicroelectronics.X-CUBE-BLEMGR.2.0.0
2023-11-29 09:33:57,965 [WARN] ConditionMgr:438 - getConditionDescription Invalid condition id : UX DEVICE CLASS RTOS Condition cause : null
2023-11-29 09:33:57,965 [WARN] ConditionMgr:438 - getConditionDescription Invalid condition id : UX DEVICE CLASS RTOS Condition cause : null
2023-11-29 09:33:57,965 [WARN] PackLoader:240 - Cannot read IP mode file for STMicroelectronics.X-CUBE-AZRTOS-H7.3.1.0
2023-11-29 09:33:57,965 [WARN] ConditionMgr:1039 - genDependencies : Invalid condition id : UX DEVICE CLASS RTOS Condition cause : null
2023-11-29 09:33:57,965 [WARN] ConditionMgr:1039 - genDependencies : Invalid condition id : UX DEVICE CLASS RTOS Condition cause : null
2023-11-29 09:33:57,973 [WARN] ConditionMgr:1039 - genDependencies : Invalid condition id : UX DEVICE CLASS RTOS Condition cause : null
2023-11-29 09:33:57,973 [WARN] ConditionMgr:1039 - genDependencies : Invalid condition id : UX DEVICE CLASS RTOS Condition cause : null
2023-11-29 09:33:57,973 [WARN] ConditionMgr:1039 - genDependencies : Invalid condition id : UX DEVICE CLASS RTOS Condition cause : null
2023-11-29 09:33:57,985 [WARN] PackLoader:240 - Cannot read IP mode file for STMicroelectronics.X-CUBE-NFC7.1.0.1
2023-11-29 09:33:57,993 [WARN] PackLoader:240 - Cannot read IP mode file for STMicroelectronics.X-CUBE-NFC7.1.0.0
2023-11-29 09:33:58,003 [WARN] PackLoader:240 - Cannot read IP mode file for STMicroelectronics.X-CUBE-NFC6.3.0.0
2023-11-29 09:33:58,019 [WARN] PackLoader:240 - Cannot read IP mode file for STMicroelectronics.X-CUBE-EEPRMA1.4.1.0
2023-11-29 09:33:58,034 [WARN] PackLoader:240 - Cannot read IP mode file for STMicroelectronics.X-CUBE-AI.8.1.0
2023-11-29 09:33:58,066 [WARN] ConditionMgr:438 - getConditionDescription Invalid condition id : LAN8742 Phy interface Condition cause : null
2023-11-29 09:33:58,066 [WARN] PackLoader:240 - Cannot read IP mode file for STMicroelectronics.X-CUBE-AZRTOS-L4.2.0.0
2023-11-29 09:33:58,066 [WARN] ConditionMgr:1039 - genDependencies : Invalid condition id : LAN8742 Phy interface Condition cause : null
2023-11-29 09:33:58,066 [WARN] ConditionMgr:1039 - genDependencies : Invalid condition id : LAN8742 Phy interface Condition cause : null
2023-11-29 09:33:58,066 [WARN] ConditionMgr:1039 - genDependencies : Invalid condition id : LAN8742 Phy interface Condition cause : null
2023-11-29 09:33:58,097 [WARN] PackLoader:240 - Cannot read IP mode file for STMicroelectronics.X-CUBE-SFXS2LP1.4.0.0
2023-11-29 09:33:58,119 [WARN] PackLoader:240 - Cannot read IP mode file for STMicroelectronics.X-CUBE-ISPU.1.1.0
2023-11-29 09:33:58,135 [WARN] PackLoader:240 - Cannot read IP mode file for STMicroelectronics.X-CUBE-AI.8.0.0
2023-11-29 09:33:58,166 [WARN] ConditionMgr:438 - getConditionDescription Invalid condition id : UX DEVICE CLASS RTOS Condition cause : null
2023-11-29 09:33:58,166 [WARN] ConditionMgr:438 - getConditionDescription Invalid condition id : UX DEVICE CLASS RTOS Condition cause : null
2023-11-29 09:33:58,166 [WARN] PackLoader:240 - Cannot read IP mode file for STMicroelectronics.X-CUBE-AZRTOS-WB.2.0.0
2023-11-29 09:33:58,166 [WARN] ConditionMgr:1039 - genDependencies : Invalid condition id : UX DEVICE CLASS RTOS Condition cause : null
2023-11-29 09:33:58,166 [WARN] ConditionMgr:1039 - genDependencies : Invalid condition id : UX DEVICE CLASS RTOS Condition cause : null
2023-11-29 09:33:58,166 [WARN] ConditionMgr:1039 - genDependencies : Invalid condition id : UX DEVICE CLASS RTOS Condition cause : null
2023-11-29 09:33:58,166 [WARN] ConditionMgr:1039 - genDependencies : Invalid condition id : UX DEVICE CLASS RTOS Condition cause : null
2023-11-29 09:33:58,166 [WARN] ConditionMgr:1039 - genDependencies : Invalid condition id : UX DEVICE CLASS RTOS Condition cause : null
2023-11-29 09:33:58,181 [WARN] PackLoader:240 - Cannot read IP mode file for STMicroelectronics.X-CUBE-FREERTOS.1.0.1
2023-11-29 09:33:58,219 [WARN] PackLoader:240 - Cannot read IP mode file for STMicroelectronics.X-CUBE-AZRTOS-L5.1.1.0
2023-11-29 09:33:58,219 [WARN] PackLoader:240 - Cannot read IP mode file for STMicroelectronics.X-CUBE-AI.8.0.1
2023-11-29 09:33:58,250 [WARN] PackLoader:240 - Cannot read IP mode file for STMicroelectronics.X-CUBE-SUBG2.5.0.0
2023-11-29 09:33:58,266 [WARN] PackLoader:240 - Cannot read IP mode file for STMicroelectronics.X-CUBE-TOF1.3.3.1
2023-11-29 09:33:58,335 [WARN] PackLoader:240 - Cannot read IP mode file for STMicroelectronics.X-CUBE-AZRTOS-G4.2.0.0
2023-11-29 09:33:58,366 [WARN] PackLoader:240 - Cannot read IP mode file for STMicroelectronics.X-CUBE-TOF1.3.3.0
2023-11-29 09:33:58,406 [WARN] PackLoader:240 - Cannot read IP mode file for Infineon.AIROC-Wi-Fi-Bluetooth-STM32.1.5.1
2023-11-29 09:33:58,426 [WARN] PackLoader:240 - Cannot read IP mode file for STMicroelectronics.FP-SNS-MOTENVWB1.1.3.0
2023-11-29 09:33:58,465 [WARN] PackLoader:240 - Cannot read IP mode file for STMicroelectronics.X-CUBE-AZRTOS-L4.1.0.0
2023-11-29 09:33:58,596 [WARN] PackLoader:240 - Cannot read IP mode file for STMicroelectronics.X-CUBE-MEMS1.10.0.0
2023-11-29 09:33:58,807 [WARN] PackLoader:240 - Cannot read IP mode file for STMicroelectronics.X-CUBE-FREERTOS.1.1.0
2023-11-29 09:33:58,839 [WARN] PackLoader:240 - Cannot read IP mode file for STMicroelectronics.X-CUBE-AZRTOS-WL.1.0.0
2023-11-29 09:33:58,859 [WARN] PackLoader:240 - Cannot read IP mode file for portGmbH.I-Cube-SoM-uGOAL.1.1.0
2023-11-29 09:33:58,869 [WARN] PackLoader:240 - Cannot read IP mode file for STMicroelectronics.X-CUBE-ALS.1.0.1
2023-11-29 09:33:58,903 [WARN] PackLoader:240 - Cannot read IP mode file for STMicroelectronics.X-CUBE-AZRTOS-WB.1.1.0
2023-11-29 09:33:58,920 [WARN] PackLoader:240 - Cannot read IP mode file for STMicroelectronics.FP-ATR-ASTRA1.2.0.0
2023-11-29 09:33:58,950 [WARN] PackLoader:240 - Cannot read IP mode file for STMicroelectronics.X-CUBE-TOF1.3.4.0
2023-11-29 09:33:58,969 [INFO] ThirdParty:978 - Integrity check success = true
2023-11-29 09:33:58,969 [INFO] IntegrityCheckThread:100 - exiting critical section [integrity check]
2023-11-29 09:33:58,969 [INFO] IntegrityCheckThread:103 - End integrity checks thread
2023-11-29 09:33:58,969 [INFO] ThirdParty:873 - entering critical section [close project]
2023-11-29 09:33:58,971 [INFO] ThirdParty:883 - exiting critical section [close project]
2023-11-29 09:33:58,971 [INFO] PinOutPanel:1499 - setPackage(No Configuration,No Configuration)
2023-11-29 09:33:58,979 [INFO] UtilMem:75 - Begin LoadConfig() Used Memory: 543403568 Bytes (600834048)
2023-11-29 09:33:58,989 [INFO] MicroXplorer:468 - Change Database Path : 
2023-11-29 09:33:58,989 [INFO] MicroXplorer:498 - Change Database Version : DB.6.0.81
2023-11-29 09:33:58,989 [INFO] OpenFileManager:308 - Change cursor
2023-11-29 09:33:59,089 [INFO] Mcu:1937 - Initializing MCU STM32F746ZGTx STM32F746ZGTx STM32F746ZGT6
2023-11-29 09:34:02,671 [INFO] Context:659 - Trying to add GPIOservice into a context  which must be forbidden
2023-11-29 09:34:04,461 [INFO] RtosManager:555 - Registered RTOS mode: class=CMSIS, group=RTOS, mode=CMSIS_V1, owner=FREERTOS
2023-11-29 09:34:04,461 [INFO] RtosManager:555 - Registered RTOS mode: class=CMSIS, group=RTOS2, mode=CMSIS_V2, owner=FREERTOS
2023-11-29 09:34:04,461 [INFO] RtosManager:555 - Registered RTOS mode: class=RTOS, group=Core, mode=CMSIS_V1, owner=FREERTOS
2023-11-29 09:34:04,461 [INFO] RtosManager:555 - Registered RTOS mode: class=RTOS, group=Core, mode=CMSIS_V2, owner=FREERTOS
2023-11-29 09:34:04,461 [WARN] ModelIntegratedComponent:184 - Missing modes for component STMicroelectronics:FreeRTOS:0.0.1:STMicroelectronics:RTOS:FreeRTOS:Core:::10.2.0:
2023-11-29 09:34:04,491 [WARN] ModelIntegratedComponent:63 - No mode defined for component null
2023-11-29 09:34:04,491 [WARN] ModelIntegratedComponent:63 - No mode defined for component null
2023-11-29 09:34:04,491 [WARN] ModelIntegratedComponent:63 - No mode defined for component null
2023-11-29 09:34:04,491 [WARN] ModelIntegratedComponent:63 - No mode defined for component null
2023-11-29 09:34:04,491 [WARN] ModelIntegratedComponent:63 - No mode defined for component null
2023-11-29 09:34:04,491 [WARN] ModelIntegratedComponent:63 - No mode defined for component null
2023-11-29 09:34:04,491 [WARN] ModelIntegratedComponent:63 - No mode defined for component null
2023-11-29 09:34:04,491 [WARN] ModelIntegratedComponent:63 - No mode defined for component null
2023-11-29 09:34:04,491 [WARN] ModelIntegratedComponent:63 - No mode defined for component null
2023-11-29 09:34:04,491 [WARN] ModelIntegratedComponent:63 - No mode defined for component null
2023-11-29 09:34:04,491 [WARN] ModelIntegratedComponent:63 - No mode defined for component null
2023-11-29 09:34:04,491 [WARN] ModelIntegratedComponent:63 - No mode defined for component null
2023-11-29 09:34:04,491 [WARN] ModelIntegratedComponent:63 - No mode defined for component null
2023-11-29 09:34:04,499 [WARN] ModelIntegratedComponent:63 - No mode defined for component null
2023-11-29 09:34:04,499 [WARN] ModelIntegratedComponent:63 - No mode defined for component null
2023-11-29 09:34:04,499 [WARN] ModelIntegratedComponent:63 - No mode defined for component null
2023-11-29 09:34:04,499 [WARN] ModelIntegratedComponent:63 - No mode defined for component null
2023-11-29 09:34:04,499 [WARN] ModelIntegratedComponent:63 - No mode defined for component null
2023-11-29 09:34:04,499 [WARN] ModelIntegratedComponent:63 - No mode defined for component null
2023-11-29 09:34:04,499 [WARN] ModelIntegratedComponent:63 - No mode defined for component null
2023-11-29 09:34:04,499 [WARN] ModelIntegratedComponent:63 - No mode defined for component null
2023-11-29 09:34:04,499 [WARN] ModelIntegratedComponent:63 - No mode defined for component null
2023-11-29 09:34:04,499 [WARN] ModelIntegratedComponent:63 - No mode defined for component null
2023-11-29 09:34:04,499 [WARN] ModelIntegratedComponent:63 - No mode defined for component null
2023-11-29 09:34:04,499 [WARN] ModelIntegratedComponent:63 - No mode defined for component null
2023-11-29 09:34:04,499 [WARN] ModelIntegratedComponent:63 - No mode defined for component null
2023-11-29 09:34:04,499 [WARN] ModelIntegratedComponent:63 - No mode defined for component null
2023-11-29 09:34:04,499 [WARN] ModelIntegratedComponent:63 - No mode defined for component null
2023-11-29 09:34:04,499 [WARN] ModelIntegratedComponent:63 - No mode defined for component null
2023-11-29 09:34:04,501 [WARN] ModelIntegratedComponent:63 - No mode defined for component null
2023-11-29 09:34:04,501 [WARN] ModelIntegratedComponent:63 - No mode defined for component null
2023-11-29 09:34:04,501 [WARN] ModelIntegratedComponent:63 - No mode defined for component null
2023-11-29 09:34:04,501 [WARN] ModelIntegratedComponent:63 - No mode defined for component null
2023-11-29 09:34:04,743 [INFO] ThirdPartyModel:298 - Start build external matchings
2023-11-29 09:34:05,645 [INFO] ThirdPartyModel:316 - End build external matchings
2023-11-29 09:34:05,685 [INFO] ImportTextPane:194 - (OptionalMessage_ERROR) IP (DMA) : Parameter (Instance) has Id (ADC2) currently not set
2023-11-29 09:34:05,685 [INFO] ImportTextPane:194 - (OptionalMessage_ERROR) IP (DMA) : Parameter (Channel) has Id (ADC2) currently not set
2023-11-29 09:34:05,685 [INFO] ImportTextPane:194 - (OptionalMessage_ERROR) IP (DMA) : Parameter (Direction) has Id (ADC2) currently not set
2023-11-29 09:34:05,685 [INFO] ImportTextPane:194 - (OptionalMessage_ERROR) IP (DMA) : Parameter (PeriphInc) has Id (ADC2) currently not set
2023-11-29 09:34:05,685 [INFO] ImportTextPane:194 - (OptionalMessage_ERROR) IP (DMA) : Parameter (MemInc) has Id (ADC2) currently not set
2023-11-29 09:34:05,685 [INFO] ImportTextPane:194 - (OptionalMessage_ERROR) IP (DMA) : Parameter (PeriphDataAlignment) has Id (ADC2) currently not set
2023-11-29 09:34:05,693 [INFO] ImportTextPane:194 - (OptionalMessage_ERROR) IP (DMA) : Parameter (MemDataAlignment) has Id (ADC2) currently not set
2023-11-29 09:34:05,693 [INFO] ImportTextPane:194 - (OptionalMessage_ERROR) IP (DMA) : Parameter (Mode) has Id (ADC2) currently not set
2023-11-29 09:34:05,693 [INFO] ImportTextPane:194 - (OptionalMessage_ERROR) IP (DMA) : Parameter (Priority) has Id (ADC2) currently not set
2023-11-29 09:34:05,693 [INFO] ImportTextPane:194 - (OptionalMessage_ERROR) IP (DMA) : Parameter (FIFOMode) has Id (ADC2) currently not set
2023-11-29 09:34:05,693 [INFO] ImportTextPane:194 - (OptionalMessage_ERROR) IP (DMA) : Parameter (Instance) has Id (ADC1) currently not set
2023-11-29 09:34:05,693 [INFO] ImportTextPane:194 - (OptionalMessage_ERROR) IP (DMA) : Parameter (Channel) has Id (ADC1) currently not set
2023-11-29 09:34:05,693 [INFO] ImportTextPane:194 - (OptionalMessage_ERROR) IP (DMA) : Parameter (Direction) has Id (ADC1) currently not set
2023-11-29 09:34:05,693 [INFO] ImportTextPane:194 - (OptionalMessage_ERROR) IP (DMA) : Parameter (PeriphInc) has Id (ADC1) currently not set
2023-11-29 09:34:05,695 [INFO] ImportTextPane:194 - (OptionalMessage_ERROR) IP (DMA) : Parameter (MemInc) has Id (ADC1) currently not set
2023-11-29 09:34:05,695 [INFO] ImportTextPane:194 - (OptionalMessage_ERROR) IP (DMA) : Parameter (PeriphDataAlignment) has Id (ADC1) currently not set
2023-11-29 09:34:05,695 [INFO] ImportTextPane:194 - (OptionalMessage_ERROR) IP (DMA) : Parameter (MemDataAlignment) has Id (ADC1) currently not set
2023-11-29 09:34:05,695 [INFO] ImportTextPane:194 - (OptionalMessage_ERROR) IP (DMA) : Parameter (Mode) has Id (ADC1) currently not set
2023-11-29 09:34:05,695 [INFO] ImportTextPane:194 - (OptionalMessage_ERROR) IP (DMA) : Parameter (Priority) has Id (ADC1) currently not set
2023-11-29 09:34:05,695 [INFO] ImportTextPane:194 - (OptionalMessage_ERROR) IP (DMA) : Parameter (FIFOMode) has Id (ADC1) currently not set
2023-11-29 09:34:06,492 [INFO] UtilMem:75 - End LoadConfig() Used Memory: 546897120 Bytes (700448768)
2023-11-29 09:34:06,693 [INFO] ApiDb:581 - Connected to CubeFinder SQLite database (C:\Users\m-ali.khlifi-ext\.stmcufinder\plugins\mcufinder\mcu\cube-finder-db.db)
2023-11-29 09:34:06,840 [INFO] ApiDb:668 - CubeFinder database Data Model version=2.1
2023-11-29 09:34:06,840 [INFO] ApiDb:669 - CubeFinder database Configuration version=3.0.39
2023-11-29 09:34:06,840 [INFO] ApiDb:670 - CubeFinder database generation date=2023-11-06 (1699269565)
2023-11-29 09:34:06,840 [INFO] ApiDb:671 - CubeFinder database FW Pack versions=[FP-ATR-ASTRA1_V2.0.0, FP-SNS-FLIGHT1_V5.0.1, FP-SNS-FLIGHT1_V5.0.2, FP-SNS-MOTENV1_V4.3.1, FP-SNS-MOTENV1_V4.3.2, FP-SNS-MOTENVWB1_V1.3.0, FP-SNS-SMARTAG2_V1.2.0, STM32Cube_FW_C0_V1.1.0, STM32Cube_FW_F4_V1.28.0, STM32Cube_FW_F7_V1.17.0, STM32Cube_FW_G0_V1.6.1, STM32Cube_FW_G4_V1.5.1, STM32Cube_FW_H5_V0.5.1, STM32Cube_FW_H5_V1.1.1, STM32Cube_FW_H5_V1.2.0RC2, STM32Cube_FW_H7_V1.11.0, STM32Cube_FW_L0_V1.12.2, STM32Cube_FW_L5_V1.5.0, STM32Cube_FW_U5_V1.3.0RC4, STM32Cube_FW_U5_V1.4.0, STM32Cube_FW_WBA_V1.0.0RC1, STM32Cube_FW_WBA_V1.1.0RC1, STM32Cube_FW_WBA_V1.2.0, STM32Cube_FW_WBA_V1.2.0RC2, STM32Cube_FW_WB_V1.15.0RC1, STM32Cube_FW_WB_V1.16.0, STM32Cube_FW_WB_V1.16.0RC2, STM32Cube_FW_WB_V1.18.0, STM32Cube_FW_WL_V1.3.0, X-CUBE-ALGOBUILD_V1.3.0, X-CUBE-ALS_V1.0.1, X-CUBE-AZRTOS-F4_V1.1.0, X-CUBE-AZRTOS-F7_V1.1.0, X-CUBE-AZRTOS-G0_V1.1.0, X-CUBE-AZRTOS-G4_V2.0.0, X-CUBE-AZRTOS-H7_V3.1.0, X-CUBE-AZRTOS-L4_V1.0.0, X-CUBE-AZRTOS-L4_V2.0.0, X-CUBE-AZRTOS-L5_V1.1.0, X-CUBE-AZRTOS-WB_V2.0.0, X-CUBE-AZRTOS-WL_V2.0.0, X-CUBE-BLE1_V7.0.0, X-CUBE-BLE2_V3.3.0, X-CUBE-BLEMGR_V2.0.0, X-CUBE-EEPRMA1_V4.1.0, X-CUBE-EEPRMA1_V4.2.0, X-CUBE-FREERTOS_V1.1.0, X-CUBE-GNSS1_V6.0.0, X-CUBE-MEMS1_V10.0.0, X-CUBE-MEMS1_V9.1.0, X-CUBE-MEMS1_V9.4.0, X-CUBE-MEMS1_V9.6.0, X-CUBE-NFC4_V3.0.0, X-CUBE-NFC7_V1.0.1, X-CUBE-SFXS2LP1_V4.0.0, X-CUBE-SUBG2_V5.0.0, X-CUBE-TOF1_V3.3.1]
2023-11-29 09:34:09,462 [INFO] ApiDb:240 - Found 297 in-development CPN: [B-G473E-ZEST1S, B-WB1M-WPAN1, B-WL5M-SUBG1, NUCLEO-C031C6, NUCLEO-H503RB, NUCLEO-H563ZI, NUCLEO-U545RE-Q, NUCLEO-U5A5ZJ-Q, NUCLEO-WBA52CG, STEVAL-PROTEUS1, STEVAL-STWINBX1, STM320518-EVAL, STM32C0116-DK, STM32C011D6Y3TR, STM32C011D6Y6TR, STM32C011F4P3, STM32C011F4P6, STM32C011F4U3, STM32C011F4U6TR, STM32C011F6P3, STM32C011F6P6, STM32C011F6U3, STM32C011F6U6TR, STM32C011J4M3, STM32C011J4M6, STM32C011J6M3, STM32C011J6M6, STM32C0316-DK, STM32C031C4T3, STM32C031C4T6, STM32C031C4U3, STM32C031C4U6, STM32C031C6T3, STM32C031C6T6, STM32C031C6U3, STM32C031C6U6, STM32C031F4P3, STM32C031F4P6, STM32C031F6P3, STM32C031F6P6, STM32C031G4U3, STM32C031G4U6, STM32C031G6U3, STM32C031G6U6, STM32C031K4T3, STM32C031K4T6, STM32C031K4U3, STM32C031K4U6, STM32C031K6T3, STM32C031K6T6, STM32C031K6U3, STM32C031K6U6, STM32G071K8TXN, STM32G071K8UXN, STM32G081GBU6N, STM32G081KBT6N, STM32G081KBUXN, STM32G0B1CCT6N, STM32G0B1KCT6, STM32G0B1NEY6TR, STM32G0B1RCT6N, STM32G0C1CCT6, STM32G0C1CCT6N, STM32G0C1CCU6N, STM32G0C1CET6N, STM32G0C1CEU6N, STM32G0C1KCT6, STM32G0C1NEY6TR, STM32G0C1RCI6N, STM32G0C1RCT6N, STM32G0C1REI6N, STM32G0C1RET6N, STM32G0C1VCI6, STM32G0C1VEI6, STM32G471CCT6, STM32G471CCU6, STM32G471CET3, STM32G471CET6, STM32G471CEU3, STM32G471CEU6, STM32G471MCT6, STM32G471MET3, STM32G471MET6, STM32G471MEY6TR, STM32G471QCT6, STM32G471QET3, STM32G471RCT6, STM32G471RET3, STM32G471RET6, STM32G471VCH6, STM32G471VCI6, STM32G471VCT6, STM32G471VEH3, STM32G471VEH6, STM32G471VEI3, STM32G471VEI6, STM32G471VET3, STM32G471VET6, STM32G474CCT6, STM32H503CBT6, STM32H503CBU6, STM32H503EBY6TR, STM32H503KBU6, STM32H503RBT6, STM32H562AGI6, STM32H562AII6, STM32H562IGK6, STM32H562IGT6, STM32H562IIK6, STM32H562IIT6, STM32H562RGT6, STM32H562RGV6, STM32H562RIT6, STM32H562RIV6, STM32H562VGT6, STM32H562VIT6, STM32H562ZGT6, STM32H562ZIT6, STM32H563AGI6, STM32H563AII3Q, STM32H563AII6, STM32H563IGK6, STM32H563IGT6, STM32H563IIK3Q, STM32H563IIK6, STM32H563IIT3Q, STM32H563IIT6, STM32H563MIY3QTR, STM32H563RGT6, STM32H563RGV6, STM32H563RIT6, STM32H563RIV6, STM32H563VGT6, STM32H563VIT3Q, STM32H563VIT6, STM32H563ZGT6, STM32H563ZIT3Q, STM32H563ZIT6, STM32H573AII3Q, STM32H573AII6, STM32H573I-DK, STM32H573IIK3Q, STM32H573IIK6, STM32H573IIT3Q, STM32H573IIT6, STM32H573MIY3QTR, STM32H573RIT6, STM32H573RIV6, STM32H573VIT3Q, STM32H573VIT6, STM32H573ZIT3Q, STM32H573ZIT6, STM32L4R5QGI6STR, STM32MP131AAE3, STM32MP131AAF3, STM32MP131AAG3, STM32MP131CAE3, STM32MP131CAF3, STM32MP131CAG3, STM32MP131DAE7, STM32MP131DAF7, STM32MP131DAG7, STM32MP131FAE7, STM32MP131FAF7, STM32MP131FAG7, STM32MP133AAE3, STM32MP133AAF3, STM32MP133AAG3, STM32MP133CAE3, STM32MP133CAF3, STM32MP133CAG3, STM32MP133DAE7, STM32MP133DAF7, STM32MP133DAG7, STM32MP133FAE7, STM32MP133FAF7, STM32MP133FAG7, STM32MP135AAE3, STM32MP135AAF3, STM32MP135AAG3, STM32MP135CAE3, STM32MP135CAF3, STM32MP135CAG3, STM32MP135DAE7, STM32MP135DAF7, STM32MP135DAG7, STM32MP135F-DK, STM32MP135FAE7, STM32MP135FAF7, STM32MP135FAF7T, STM32MP135FAF7U, STM32MP135FAG7, STM32U535CBT6, STM32U535CBT6Q, STM32U535CBU6, STM32U535CBU6Q, STM32U535CCT6, STM32U535CCT6Q, STM32U535CCU6, STM32U535CCU6Q, STM32U535CET6, STM32U535CET6Q, STM32U535CEU6, STM32U535CEU6Q, STM32U535JEY6QTR, STM32U535NCY6QTR, STM32U535NEY6QTR, STM32U535RBI6, STM32U535RBI6Q, STM32U535RBT6, STM32U535RBT6Q, STM32U535RCI6, STM32U535RCI6Q, STM32U535RCT6, STM32U535RCT6Q, STM32U535REI6, STM32U535REI6Q, STM32U535RET6, STM32U535RET6Q, STM32U535VCI6, STM32U535VCI6Q, STM32U535VCT6, STM32U535VCT6Q, STM32U535VEI6, STM32U535VEI6Q, STM32U535VET6, STM32U535VET6Q, STM32U545CET6, STM32U545CET6Q, STM32U545CEU6, STM32U545CEU6Q, STM32U545JEY6QTR, STM32U545NEY6QTR, STM32U545REI6, STM32U545REI6Q, STM32U545RET6, STM32U545RET6Q, STM32U545VEI6, STM32U545VEI6Q, STM32U545VET6, STM32U545VET6Q, STM32U595AIH6, STM32U595AIH6Q, STM32U595AJH6, STM32U595AJH6Q, STM32U595QII6, STM32U595QII6Q, STM32U595QJI6, STM32U595QJI6Q, STM32U595RIT6, STM32U595RIT6Q, STM32U595RJT6, STM32U595RJT6Q, STM32U595VIT6, STM32U595VIT6Q, STM32U595VJT6, STM32U595VJT6Q, STM32U595ZIT6, STM32U595ZIT6Q, STM32U595ZIY6QTR, STM32U595ZJT6, STM32U595ZJT6Q, STM32U595ZJY6QTR, STM32U599BJY6QTR, STM32U599NIH6Q, STM32U599NJH6Q, STM32U599VIT6Q, STM32U599VJT6, STM32U599VJT6Q, STM32U599ZIT6Q, STM32U599ZIY6QTR, STM32U599ZJT6Q, STM32U599ZJY6QTR, STM32U5A5AJH6, STM32U5A5AJH6Q, STM32U5A5QJI6, STM32U5A5QJI6Q, STM32U5A5RJT6, STM32U5A5RJT6Q, STM32U5A5VJT6, STM32U5A5VJT6Q, STM32U5A5ZJT6, STM32U5A5ZJT6Q, STM32U5A5ZJY6QTR, STM32U5A9BJY6QTR, STM32U5A9J-DK, STM32U5A9NJH6Q, STM32U5A9VJT6Q, STM32U5A9ZJT6Q, STM32U5A9ZJY6QTR, STM32WB1MMCH6, STM32WBA52CEU6, STM32WBA52CEU6T, STM32WBA52CGU6, STM32WBA52CGU6T, STM32WL5MOCH6, STM32WL5MOCH6TR]
2023-11-29 09:34:09,462 [INFO] DbMcus:216 - Found 3861 MCUs, 3861 are supported
2023-11-29 09:34:09,462 [INFO] ApiDb:423 - Load user favorites file C:\Users\m-ali.khlifi-ext/.stm32cubeide/favorites.mcus.txt: 0 item(s)
2023-11-29 09:34:09,462 [INFO] ApiDb:427 - User favorites MCUs=[]
2023-11-29 09:34:09,462 [INFO] DbMcus:222 - Set 0 / 0 favorites MCUs
2023-11-29 09:34:09,963 [WARN] ThirdParty:833 - waiting for thirdparty lock release [change project]
2023-11-29 09:34:09,963 [INFO] ThirdParty:835 - entering critical section [change project]
2023-11-29 09:34:09,963 [INFO] ThirdParty:1030 - CMSIS Pack Vendor :STMicroelectronics X-CUBE-ISPU 1.1.0
2023-11-29 09:34:09,963 [INFO] ThirdParty:1030 - CMSIS Pack Vendor :STMicroelectronics X-CUBE-GNSS1 6.0.0
2023-11-29 09:34:09,963 [INFO] ThirdParty:1030 - CMSIS Pack Vendor :STMicroelectronics USB_HOST 2.0.0
2023-11-29 09:34:09,963 [INFO] ThirdParty:1030 - CMSIS Pack Vendor :STMicroelectronics X-CUBE-AZRTOS-F4 1.1.0
2023-11-29 09:34:09,963 [INFO] ThirdParty:1030 - CMSIS Pack Vendor :STMicroelectronics LIBJPEG 8.0.0
2023-11-29 09:34:09,963 [INFO] ThirdParty:1030 - CMSIS Pack Vendor :STMicroelectronics X-CUBE-SMBUS 2.1.0
2023-11-29 09:34:09,963 [INFO] ThirdParty:1030 - CMSIS Pack Vendor :wolfSSL I-CUBE-wolfSSL 5.6.0
2023-11-29 09:34:09,963 [INFO] ThirdParty:1030 - CMSIS Pack Vendor :STMicroelectronics USB_DEVICE 3.0.0
2023-11-29 09:34:09,963 [INFO] ThirdParty:1030 - CMSIS Pack Vendor :STMicroelectronics X-CUBE-AI 8.0.0
2023-11-29 09:34:09,963 [INFO] ThirdParty:1030 - CMSIS Pack Vendor :STMicroelectronics X-CUBE-AZRTOS-WB 2.0.0
2023-11-29 09:34:09,963 [INFO] ThirdParty:1030 - CMSIS Pack Vendor :STMicroelectronics X-CUBE-FREERTOS 1.0.1
2023-11-29 09:34:09,963 [INFO] ThirdParty:1030 - CMSIS Pack Vendor :STMicroelectronics X-CUBE-TOUCHGFX 4.21.3
2023-11-29 09:34:09,963 [INFO] ThirdParty:1030 - CMSIS Pack Vendor :STMicroelectronics X-CUBE-AZRTOS-F7 1.1.0
2023-11-29 09:34:09,963 [INFO] ThirdParty:1030 - CMSIS Pack Vendor :STMicroelectronics X-CUBE-TOUCHGFX 4.21.4
2023-11-29 09:34:09,963 [INFO] ThirdParty:1030 - CMSIS Pack Vendor :STMicroelectronics X-CUBE-AZRTOS-L5 2.0.0
2023-11-29 09:34:09,963 [INFO] ThirdParty:1030 - CMSIS Pack Vendor :STMicroelectronics USB_DEVICE 2.0.0
2023-11-29 09:34:09,963 [INFO] ThirdParty:1030 - CMSIS Pack Vendor :STMicroelectronics X-CUBE-MEMS1 9.6.0
2023-11-29 09:34:09,963 [INFO] ThirdParty:1030 - CMSIS Pack Vendor :STMicroelectronics X-CUBE-EEPRMA1 4.2.0
2023-11-29 09:34:09,963 [INFO] ThirdParty:1030 - CMSIS Pack Vendor :ITTIA_DB I-CUBE-ITTIADB 8.8.0
2023-11-29 09:34:09,963 [INFO] ThirdParty:1030 - CMSIS Pack Vendor :STMicroelectronics FP-SNS-MOTENV1 4.3.0
2023-11-29 09:34:09,963 [INFO] ThirdParty:1030 - CMSIS Pack Vendor :STMicroelectronics FP-SNS-MOTENV1 4.3.2
2023-11-29 09:34:09,963 [INFO] ThirdParty:1030 - CMSIS Pack Vendor :STMicroelectronics FP-SNS-FLIGHT1 5.0.0
2023-11-29 09:34:09,963 [INFO] ThirdParty:1030 - CMSIS Pack Vendor :STMicroelectronics FP-SNS-MOTENV1 4.3.1
2023-11-29 09:34:09,963 [INFO] ThirdParty:1030 - CMSIS Pack Vendor :STMicroelectronics FP-SNS-FLIGHT1 5.0.1
2023-11-29 09:34:09,963 [INFO] ThirdParty:1030 - CMSIS Pack Vendor :STMicroelectronics X-CUBE-ALGOBUILD 1.3.0
2023-11-29 09:34:09,963 [INFO] ThirdParty:1030 - CMSIS Pack Vendor :STMicroelectronics X-CUBE-BLE1 6.2.4
2023-11-29 09:34:09,963 [INFO] ThirdParty:1030 - CMSIS Pack Vendor :STMicroelectronics X-CUBE-AZRTOS-L5 1.1.0
2023-11-29 09:34:09,963 [INFO] ThirdParty:1030 - CMSIS Pack Vendor :STMicroelectronics FreeRTOS 0.0.1
2023-11-29 09:34:09,963 [INFO] ThirdParty:1030 - CMSIS Pack Vendor :STMicroelectronics X-CUBE-AZRTOS-G0 1.1.0
2023-11-29 09:34:09,963 [INFO] ThirdParty:1030 - CMSIS Pack Vendor :emotas I-CUBE-CANOPEN 1.1.3
2023-11-29 09:34:09,963 [INFO] ThirdParty:1030 - CMSIS Pack Vendor :STMicroelectronics X-CUBE-BLEMGR 2.0.0
2023-11-29 09:34:09,963 [INFO] ThirdParty:1030 - CMSIS Pack Vendor :STMicroelectronics X-CUBE-AI 8.0.1
2023-11-29 09:34:09,963 [INFO] ThirdParty:1030 - CMSIS Pack Vendor :STMicroelectronics X-CUBE-NFC4 3.0.0
2023-11-29 09:34:09,963 [INFO] ThirdParty:1030 - CMSIS Pack Vendor :STMicroelectronics X-CUBE-SUBG2 5.0.0
2023-11-29 09:34:09,963 [INFO] ThirdParty:1030 - CMSIS Pack Vendor :STMicroelectronics STM32_WPAN 1.0.0
2023-11-29 09:34:09,963 [INFO] ThirdParty:1030 - CMSIS Pack Vendor :STMicroelectronics lwIP 2.0.3
2023-11-29 09:34:09,963 [INFO] ThirdParty:1030 - CMSIS Pack Vendor :STMicroelectronics FP-SNS-FLIGHT1 5.0.2
2023-11-29 09:34:09,963 [INFO] ThirdParty:1030 - CMSIS Pack Vendor :STMicroelectronics USB_HOST 1.0.0
2023-11-29 09:34:09,963 [INFO] ThirdParty:1030 - CMSIS Pack Vendor :STMicroelectronics X-CUBE-TOF1 3.3.1
2023-11-29 09:34:09,963 [INFO] ThirdParty:1030 - CMSIS Pack Vendor :STMicroelectronics X-CUBE-AZRTOS-G4 2.0.0
2023-11-29 09:34:09,963 [INFO] ThirdParty:1030 - CMSIS Pack Vendor :STMicroelectronics PDM2PCM 3.1.0
2023-11-29 09:34:09,963 [INFO] ThirdParty:1030 - CMSIS Pack Vendor :STMicroelectronics X-CUBE-AZRTOS-H7 3.1.0
2023-11-29 09:34:09,963 [INFO] ThirdParty:1030 - CMSIS Pack Vendor :STMicroelectronics X-CUBE-TOF1 3.3.0
2023-11-29 09:34:09,963 [INFO] ThirdParty:1030 - CMSIS Pack Vendor :Infineon AIROC-Wi-Fi-Bluetooth-STM32 1.5.1
2023-11-29 09:34:09,963 [INFO] ThirdParty:1030 - CMSIS Pack Vendor :STMicroelectronics X-CUBE-BLEMGR 3.0.0
2023-11-29 09:34:09,963 [INFO] ThirdParty:1030 - CMSIS Pack Vendor :STMicroelectronics PDM2PCM 3.3.0
2023-11-29 09:34:09,963 [INFO] ThirdParty:1030 - CMSIS Pack Vendor :STMicroelectronics X-CUBE-DISPLAY 3.0.0
2023-11-29 09:34:09,963 [INFO] ThirdParty:1030 - CMSIS Pack Vendor :STMicroelectronics FP-SNS-MOTENVWB1 1.3.0
2023-11-29 09:34:09,963 [INFO] ThirdParty:1030 - CMSIS Pack Vendor :STMicroelectronics X-CUBE-BLE1 7.0.0
2023-11-29 09:34:09,963 [INFO] ThirdParty:1030 - CMSIS Pack Vendor :STMicroelectronics FP-ATR-SIGFOX1 3.2.0
2023-11-29 09:34:09,963 [INFO] ThirdParty:1030 - CMSIS Pack Vendor :STMicroelectronics X-CUBE-AZRTOS-L4 1.0.0
2023-11-29 09:34:09,963 [INFO] ThirdParty:1030 - CMSIS Pack Vendor :STMicroelectronics HAL Drivers 0.0.0
2023-11-29 09:34:09,963 [INFO] ThirdParty:1030 - CMSIS Pack Vendor :STMicroelectronics MBEDTLS 2.16.2
2023-11-29 09:34:09,963 [INFO] ThirdParty:1030 - CMSIS Pack Vendor :STMicroelectronics X-CUBE-MEMS1 10.0.0
2023-11-29 09:34:09,963 [INFO] ThirdParty:1030 - CMSIS Pack Vendor :STMicroelectronics X-CUBE-FREERTOS 1.1.0
2023-11-29 09:34:09,963 [INFO] ThirdParty:1030 - CMSIS Pack Vendor :STMicroelectronics X-CUBE-TOUCHGFX 4.22.0
2023-11-29 09:34:09,963 [INFO] ThirdParty:1030 - CMSIS Pack Vendor :STMicroelectronics X-CUBE-NFC7 1.0.1
2023-11-29 09:34:09,963 [INFO] ThirdParty:1030 - CMSIS Pack Vendor :STMicroelectronics MBEDTLS 2.14.1
2023-11-29 09:34:09,963 [INFO] ThirdParty:1030 - CMSIS Pack Vendor :STMicroelectronics X-CUBE-NFC7 1.0.0
2023-11-29 09:34:09,963 [INFO] ThirdParty:1030 - CMSIS Pack Vendor :STMicroelectronics X-CUBE-TOUCHGFX 4.22.1
2023-11-29 09:34:09,963 [INFO] ThirdParty:1030 - CMSIS Pack Vendor :STMicroelectronics X-CUBE-AZRTOS-WL 1.0.0
2023-11-29 09:34:09,963 [INFO] ThirdParty:1030 - CMSIS Pack Vendor :STMicroelectronics X-CUBE-NFC6 3.0.0
2023-11-29 09:34:09,963 [INFO] ThirdParty:1030 - CMSIS Pack Vendor :STMicroelectronics X-CUBE-EEPRMA1 4.1.0
2023-11-29 09:34:09,963 [INFO] ThirdParty:1030 - CMSIS Pack Vendor :portGmbH I-Cube-SoM-uGOAL 1.1.0
2023-11-29 09:34:09,963 [INFO] ThirdParty:1030 - CMSIS Pack Vendor :STMicroelectronics X-CUBE-ALS 1.0.1
2023-11-29 09:34:09,963 [INFO] ThirdParty:1030 - CMSIS Pack Vendor :STMicroelectronics ThreadX 1.0.0
2023-11-29 09:34:09,963 [INFO] ThirdParty:1030 - CMSIS Pack Vendor :STMicroelectronics FP-SNS-SMARTAG2 1.2.0
2023-11-29 09:34:09,963 [INFO] ThirdParty:1030 - CMSIS Pack Vendor :STMicroelectronics X-CUBE-AZRTOS-WB 1.1.0
2023-11-29 09:34:09,963 [INFO] ThirdParty:1030 - CMSIS Pack Vendor :STMicroelectronics X-CUBE-AZRTOS-WL 2.0.0
2023-11-29 09:34:09,963 [INFO] ThirdParty:1030 - CMSIS Pack Vendor :SEGGER I-CUBE-embOS 1.3.1
2023-11-29 09:34:09,963 [INFO] ThirdParty:1030 - CMSIS Pack Vendor :STMicroelectronics USB_DEVICE 1.0.0
2023-11-29 09:34:09,963 [INFO] ThirdParty:1030 - CMSIS Pack Vendor :STMicroelectronics X-CUBE-AI 8.1.0
2023-11-29 09:34:09,963 [INFO] ThirdParty:1030 - CMSIS Pack Vendor :STMicroelectronics X-CUBE-AZRTOS-L4 2.0.0
2023-11-29 09:34:09,963 [INFO] ThirdParty:1030 - CMSIS Pack Vendor :STMicroelectronics ThreadX 0.0.2
2023-11-29 09:34:09,963 [INFO] ThirdParty:1030 - CMSIS Pack Vendor :WES I-CUBE-Cesium 1.3.0
2023-11-29 09:34:09,963 [INFO] ThirdParty:1030 - CMSIS Pack Vendor :STMicroelectronics FP-ATR-ASTRA1 2.0.0
2023-11-29 09:34:09,963 [INFO] ThirdParty:1030 - CMSIS Pack Vendor :STMicroelectronics lwIP 2.1.2
2023-11-29 09:34:09,963 [INFO] ThirdParty:1030 - CMSIS Pack Vendor :STMicroelectronics X-CUBE-SFXS2LP1 4.0.0
2023-11-29 09:34:09,963 [INFO] ThirdParty:1030 - CMSIS Pack Vendor :STMicroelectronics X-CUBE-BLE2 3.3.0
2023-11-29 09:34:09,963 [INFO] ThirdParty:1030 - CMSIS Pack Vendor :STMicroelectronics X-CUBE-TOF1 3.4.0
2023-11-29 09:34:09,963 [INFO] ThirdParty:1030 - CMSIS Pack Vendor :STMicroelectronics PDM2PCM 3.2.0
2023-11-29 09:34:09,963 [INFO] ThirdParty:841 - exiting critical section [change project]
2023-11-29 09:34:10,865 [INFO] PinOutPanel:1499 - setPackage(No Configuration,No Configuration)
2023-11-29 09:34:10,865 [INFO] PinOutPanel:1499 - setPackage(STM32F746ZGTx,LQFP144)
2023-11-29 09:34:12,337 [INFO] UtilMem:75 - Before build in PCC Used Memory: 558564192 Bytes (700448768)
2023-11-29 09:34:14,337 [INFO] UtilMem:75 - After build in PCC Used Memory: 588738560 Bytes (700448768)
2023-11-29 09:34:14,390 [INFO] IPUIPlugin:80 - create IPUIPlugin
2023-11-29 09:34:14,390 [INFO] IPUIPlugin:80 - create IPUIPlugin
2023-11-29 09:34:14,390 [INFO] IPUIPlugin:80 - create IPUIPlugin
2023-11-29 09:34:14,390 [INFO] IPUIPlugin:80 - create IPUIPlugin
2023-11-29 09:34:14,390 [INFO] IPUIPlugin:80 - create IPUIPlugin
2023-11-29 09:34:14,390 [INFO] IPUIPlugin:80 - create IPUIPlugin
2023-11-29 09:34:14,390 [INFO] IPUIPlugin:80 - create IPUIPlugin
2023-11-29 09:34:14,390 [INFO] IPUIPlugin:80 - create IPUIPlugin
2023-11-29 09:34:14,390 [INFO] IPUIPlugin:80 - create IPUIPlugin
2023-11-29 09:34:14,390 [INFO] IPUIPlugin:80 - create IPUIPlugin
2023-11-29 09:34:14,390 [INFO] IPUIPlugin:80 - create IPUIPlugin
2023-11-29 09:34:14,398 [INFO] IPUIPlugin:80 - create IPUIPlugin
2023-11-29 09:34:14,398 [INFO] IPUIPlugin:80 - create IPUIPlugin
2023-11-29 09:34:14,398 [INFO] IPUIPlugin:80 - create IPUIPlugin
2023-11-29 09:34:14,398 [INFO] IPUIPlugin:80 - create IPUIPlugin
2023-11-29 09:34:14,398 [INFO] IPUIPlugin:80 - create IPUIPlugin
2023-11-29 09:34:14,398 [INFO] IPUIPlugin:80 - create IPUIPlugin
2023-11-29 09:34:14,398 [INFO] IPUIPlugin:80 - create IPUIPlugin
2023-11-29 09:34:14,398 [INFO] IPUIPlugin:80 - create IPUIPlugin
2023-11-29 09:34:14,398 [INFO] IPUIPlugin:80 - create IPUIPlugin
2023-11-29 09:34:14,398 [INFO] IPUIPlugin:80 - create IPUIPlugin
2023-11-29 09:34:14,400 [INFO] IPUIPlugin:80 - create IPUIPlugin
2023-11-29 09:34:14,400 [INFO] IPUIPlugin:80 - create IPUIPlugin
2023-11-29 09:34:14,400 [INFO] IPUIPlugin:80 - create IPUIPlugin
2023-11-29 09:34:14,400 [INFO] IPUIPlugin:80 - create IPUIPlugin
2023-11-29 09:34:14,400 [INFO] IPUIPlugin:80 - create IPUIPlugin
2023-11-29 09:34:14,400 [INFO] IPUIPlugin:80 - create IPUIPlugin
2023-11-29 09:34:14,400 [INFO] IPUIPlugin:80 - create IPUIPlugin
2023-11-29 09:34:14,400 [INFO] IPUIPlugin:80 - create IPUIPlugin
2023-11-29 09:34:14,400 [INFO] IPUIPlugin:80 - create IPUIPlugin
2023-11-29 09:34:14,400 [INFO] IPUIPlugin:80 - create IPUIPlugin
2023-11-29 09:34:14,400 [INFO] IPUIPlugin:80 - create IPUIPlugin
2023-11-29 09:34:14,400 [INFO] IPUIPlugin:80 - create IPUIPlugin
2023-11-29 09:34:14,400 [INFO] IPUIPlugin:80 - create IPUIPlugin
2023-11-29 09:34:14,400 [INFO] IPUIPlugin:80 - create IPUIPlugin
2023-11-29 09:34:14,400 [INFO] IPUIPlugin:80 - create IPUIPlugin
2023-11-29 09:34:14,400 [INFO] IPUIPlugin:80 - create IPUIPlugin
2023-11-29 09:34:14,400 [INFO] IPUIPlugin:80 - create IPUIPlugin
2023-11-29 09:34:14,400 [INFO] IPUIPlugin:80 - create IPUIPlugin
2023-11-29 09:34:14,400 [INFO] IPUIPlugin:80 - create IPUIPlugin
2023-11-29 09:34:14,400 [INFO] IPUIPlugin:80 - create IPUIPlugin
2023-11-29 09:34:14,400 [INFO] IPUIPlugin:80 - create IPUIPlugin
2023-11-29 09:34:14,400 [INFO] IPUIPlugin:80 - create IPUIPlugin
2023-11-29 09:34:14,400 [INFO] IPUIPlugin:80 - create IPUIPlugin
2023-11-29 09:34:14,400 [INFO] IPUIPlugin:80 - create IPUIPlugin
2023-11-29 09:34:14,410 [INFO] IPUIPlugin:80 - create IPUIPlugin
2023-11-29 09:34:14,418 [INFO] IPUIPlugin:80 - create IPUIPlugin
2023-11-29 09:34:14,418 [INFO] IPUIPlugin:80 - create IPUIPlugin
2023-11-29 09:34:14,418 [INFO] IPUIPlugin:80 - create IPUIPlugin
2023-11-29 09:34:14,418 [INFO] IPUIPlugin:80 - create IPUIPlugin
2023-11-29 09:34:14,418 [INFO] IPUIPlugin:80 - create IPUIPlugin
2023-11-29 09:34:14,418 [INFO] IPUIPlugin:80 - create IPUIPlugin
2023-11-29 09:34:14,418 [INFO] IPUIPlugin:80 - create IPUIPlugin
2023-11-29 09:34:14,418 [INFO] IPUIPlugin:80 - create IPUIPlugin
2023-11-29 09:34:14,420 [INFO] IPUIPlugin:80 - create IPUIPlugin
2023-11-29 09:34:14,420 [INFO] IPUIPlugin:80 - create IPUIPlugin
2023-11-29 09:34:14,420 [INFO] IPUIPlugin:80 - create IPUIPlugin
2023-11-29 09:34:14,420 [INFO] IPUIPlugin:80 - create IPUIPlugin
2023-11-29 09:34:14,420 [INFO] IPUIPlugin:80 - create IPUIPlugin
2023-11-29 09:34:14,420 [INFO] IPUIPlugin:80 - create IPUIPlugin
2023-11-29 09:34:14,420 [INFO] IPUIPlugin:80 - create IPUIPlugin
2023-11-29 09:34:14,420 [INFO] IPUIPlugin:80 - create IPUIPlugin
2023-11-29 09:34:14,420 [INFO] IPUIPlugin:80 - create IPUIPlugin
2023-11-29 09:34:14,420 [INFO] IPUIPlugin:80 - create IPUIPlugin
2023-11-29 09:34:14,420 [INFO] IPUIPlugin:80 - create IPUIPlugin
2023-11-29 09:34:14,420 [INFO] IPUIPlugin:80 - create IPUIPlugin
2023-11-29 09:34:14,420 [INFO] IPUIPlugin:80 - create IPUIPlugin
2023-11-29 09:34:14,420 [INFO] IPUIPlugin:80 - create IPUIPlugin
2023-11-29 09:34:14,420 [INFO] IPUIPlugin:80 - create IPUIPlugin
2023-11-29 09:34:14,428 [INFO] IPUIPlugin:80 - create IPUIPlugin
2023-11-29 09:34:14,428 [INFO] IPUIPlugin:80 - create IPUIPlugin
2023-11-29 09:34:14,430 [INFO] IPUIPlugin:80 - create IPUIPlugin
2023-11-29 09:34:14,430 [INFO] IPUIPlugin:80 - create IPUIPlugin
2023-11-29 09:34:14,430 [INFO] IPUIPlugin:80 - create IPUIPlugin
2023-11-29 09:34:14,511 [INFO] ApiDbMcu:507 - Load IP Config File for PDM2PCM
2023-11-29 09:34:14,898 [INFO] CADModel:165 - CPN selected for project levelSTM32F746ZGT6
2023-11-29 09:34:14,898 [INFO] CADModel:114 - Register for checkConnection events
2023-11-29 09:34:14,961 [INFO] OpenFileManager:328 - Restore cursor
2023-11-29 12:04:27,105 [INFO] MainUpdater:2854 - connection check result : 10
2023-11-29 12:04:27,105 [INFO] MainUpdater:2854 - connection check result : 10
2023-11-29 12:04:27,143 [INFO] MicroXplorer:468 - Change Database Path : 
2023-11-29 12:04:27,143 [INFO] MicroXplorer:498 - Change Database Version : DB.6.0.81
2023-11-29 12:04:27,205 [WARN] ThirdParty:871 - waiting for thirdparty lock release [close project]
2023-11-29 12:04:27,205 [INFO] ThirdParty:873 - entering critical section [close project]
2023-11-29 12:04:27,205 [INFO] ThirdParty:883 - exiting critical section [close project]
2023-11-29 12:04:27,205 [INFO] PinOutPanel:1499 - setPackage(No Configuration,No Configuration)
2023-11-29 12:04:27,236 [WARN] IpParametersView:150 - Warning: This peripheral hasn't parameters
2023-11-29 12:04:27,258 [WARN] MainPanel:257 - <html><b><center>Warning: This peripheral has no parameters to be configured<br></b></html>
2023-11-29 12:04:27,274 [INFO] UtilMem:75 - Begin LoadConfig() Used Memory: 618811432 Bytes (730857472)
2023-11-29 12:04:27,274 [INFO] MicroXplorer:468 - Change Database Path : 
2023-11-29 12:04:27,274 [INFO] MicroXplorer:498 - Change Database Version : DB.6.0.81
2023-11-29 12:04:27,274 [INFO] OpenFileManager:308 - Change cursor
2023-11-29 12:04:27,321 [INFO] Mcu:1937 - Initializing MCU STM32F446R(C-E)Tx STM32F446RETx STM32F446RET6
2023-11-29 12:04:29,237 [INFO] Context:659 - Trying to add GPIOservice into a context  which must be forbidden
2023-11-29 12:04:30,407 [INFO] RtosManager:555 - Registered RTOS mode: class=CMSIS, group=RTOS, mode=CMSIS_V1, owner=FREERTOS
2023-11-29 12:04:30,407 [INFO] RtosManager:555 - Registered RTOS mode: class=CMSIS, group=RTOS2, mode=CMSIS_V2, owner=FREERTOS
2023-11-29 12:04:30,407 [INFO] RtosManager:555 - Registered RTOS mode: class=RTOS, group=Core, mode=CMSIS_V1, owner=FREERTOS
2023-11-29 12:04:30,407 [INFO] RtosManager:555 - Registered RTOS mode: class=RTOS, group=Core, mode=CMSIS_V2, owner=FREERTOS
2023-11-29 12:04:30,407 [WARN] ModelIntegratedComponent:184 - Missing modes for component STMicroelectronics:FreeRTOS:0.0.1:STMicroelectronics:RTOS:FreeRTOS:Core:::10.2.0:
2023-11-29 12:04:30,457 [WARN] ModelIntegratedComponent:63 - No mode defined for component null
2023-11-29 12:04:30,457 [WARN] ModelIntegratedComponent:63 - No mode defined for component null
2023-11-29 12:04:30,457 [WARN] ModelIntegratedComponent:63 - No mode defined for component null
2023-11-29 12:04:30,457 [WARN] ModelIntegratedComponent:63 - No mode defined for component null
2023-11-29 12:04:30,457 [WARN] ModelIntegratedComponent:63 - No mode defined for component null
2023-11-29 12:04:30,457 [WARN] ModelIntegratedComponent:63 - No mode defined for component null
2023-11-29 12:04:30,457 [WARN] ModelIntegratedComponent:63 - No mode defined for component null
2023-11-29 12:04:30,457 [WARN] ModelIntegratedComponent:63 - No mode defined for component null
2023-11-29 12:04:30,457 [WARN] ModelIntegratedComponent:63 - No mode defined for component null
2023-11-29 12:04:30,457 [WARN] ModelIntegratedComponent:63 - No mode defined for component null
2023-11-29 12:04:30,457 [WARN] ModelIntegratedComponent:63 - No mode defined for component null
2023-11-29 12:04:30,457 [WARN] ModelIntegratedComponent:63 - No mode defined for component null
2023-11-29 12:04:30,457 [WARN] ModelIntegratedComponent:63 - No mode defined for component null
2023-11-29 12:04:30,457 [WARN] ModelIntegratedComponent:63 - No mode defined for component null
2023-11-29 12:04:30,457 [WARN] ModelIntegratedComponent:63 - No mode defined for component null
2023-11-29 12:04:30,457 [WARN] ModelIntegratedComponent:63 - No mode defined for component null
2023-11-29 12:04:30,457 [WARN] ModelIntegratedComponent:63 - No mode defined for component null
2023-11-29 12:04:30,457 [WARN] ModelIntegratedComponent:63 - No mode defined for component null
2023-11-29 12:04:30,457 [WARN] ModelIntegratedComponent:63 - No mode defined for component null
2023-11-29 12:04:30,457 [WARN] ModelIntegratedComponent:63 - No mode defined for component null
2023-11-29 12:04:30,457 [WARN] ModelIntegratedComponent:63 - No mode defined for component null
2023-11-29 12:04:30,457 [WARN] ModelIntegratedComponent:63 - No mode defined for component null
2023-11-29 12:04:30,457 [WARN] ModelIntegratedComponent:63 - No mode defined for component null
2023-11-29 12:04:30,457 [WARN] ModelIntegratedComponent:63 - No mode defined for component null
2023-11-29 12:04:30,457 [WARN] ModelIntegratedComponent:63 - No mode defined for component null
2023-11-29 12:04:30,457 [WARN] ModelIntegratedComponent:63 - No mode defined for component null
2023-11-29 12:04:30,457 [WARN] ModelIntegratedComponent:63 - No mode defined for component null
2023-11-29 12:04:30,457 [WARN] ModelIntegratedComponent:63 - No mode defined for component null
2023-11-29 12:04:30,457 [WARN] ModelIntegratedComponent:63 - No mode defined for component null
2023-11-29 12:04:30,457 [WARN] ModelIntegratedComponent:63 - No mode defined for component null
2023-11-29 12:04:30,457 [WARN] ModelIntegratedComponent:63 - No mode defined for component null
2023-11-29 12:04:30,457 [WARN] ModelIntegratedComponent:63 - No mode defined for component null
2023-11-29 12:04:30,457 [WARN] ModelIntegratedComponent:63 - No mode defined for component null
2023-11-29 12:04:30,619 [INFO] ThirdPartyModel:298 - Start build external matchings
2023-11-29 12:04:31,582 [INFO] ThirdPartyModel:316 - End build external matchings
2023-11-29 12:04:31,621 [INFO] ImportTextPane:194 - (OptionalMessage_ERROR) IP (DMA) : Parameter (Instance) has Id (ADC1) currently not set
2023-11-29 12:04:31,621 [INFO] ImportTextPane:194 - (OptionalMessage_ERROR) IP (DMA) : Parameter (Channel) has Id (ADC1) currently not set
2023-11-29 12:04:31,621 [INFO] ImportTextPane:194 - (OptionalMessage_ERROR) IP (DMA) : Parameter (Direction) has Id (ADC1) currently not set
2023-11-29 12:04:31,621 [INFO] ImportTextPane:194 - (OptionalMessage_ERROR) IP (DMA) : Parameter (PeriphInc) has Id (ADC1) currently not set
2023-11-29 12:04:31,621 [INFO] ImportTextPane:194 - (OptionalMessage_ERROR) IP (DMA) : Parameter (MemInc) has Id (ADC1) currently not set
2023-11-29 12:04:31,621 [INFO] ImportTextPane:194 - (OptionalMessage_ERROR) IP (DMA) : Parameter (PeriphDataAlignment) has Id (ADC1) currently not set
2023-11-29 12:04:31,621 [INFO] ImportTextPane:194 - (OptionalMessage_ERROR) IP (DMA) : Parameter (MemDataAlignment) has Id (ADC1) currently not set
2023-11-29 12:04:31,621 [INFO] ImportTextPane:194 - (OptionalMessage_ERROR) IP (DMA) : Parameter (Mode) has Id (ADC1) currently not set
2023-11-29 12:04:31,621 [INFO] ImportTextPane:194 - (OptionalMessage_ERROR) IP (DMA) : Parameter (Priority) has Id (ADC1) currently not set
2023-11-29 12:04:31,621 [INFO] ImportTextPane:194 - (OptionalMessage_ERROR) IP (DMA) : Parameter (FIFOMode) has Id (ADC1) currently not set
2023-11-29 12:04:31,621 [INFO] ImportTextPane:194 - (OptionalMessage_ERROR) IP (DMA) : Parameter (Instance) has Id (ADC2) currently not set
2023-11-29 12:04:31,621 [INFO] ImportTextPane:194 - (OptionalMessage_ERROR) IP (DMA) : Parameter (Channel) has Id (ADC2) currently not set
2023-11-29 12:04:31,621 [INFO] ImportTextPane:194 - (OptionalMessage_ERROR) IP (DMA) : Parameter (Direction) has Id (ADC2) currently not set
2023-11-29 12:04:31,621 [INFO] ImportTextPane:194 - (OptionalMessage_ERROR) IP (DMA) : Parameter (PeriphInc) has Id (ADC2) currently not set
2023-11-29 12:04:31,621 [INFO] ImportTextPane:194 - (OptionalMessage_ERROR) IP (DMA) : Parameter (MemInc) has Id (ADC2) currently not set
2023-11-29 12:04:31,621 [INFO] ImportTextPane:194 - (OptionalMessage_ERROR) IP (DMA) : Parameter (PeriphDataAlignment) has Id (ADC2) currently not set
2023-11-29 12:04:31,621 [INFO] ImportTextPane:194 - (OptionalMessage_ERROR) IP (DMA) : Parameter (MemDataAlignment) has Id (ADC2) currently not set
2023-11-29 12:04:31,621 [INFO] ImportTextPane:194 - (OptionalMessage_ERROR) IP (DMA) : Parameter (Mode) has Id (ADC2) currently not set
2023-11-29 12:04:31,621 [INFO] ImportTextPane:194 - (OptionalMessage_ERROR) IP (DMA) : Parameter (Priority) has Id (ADC2) currently not set
2023-11-29 12:04:31,621 [INFO] ImportTextPane:194 - (OptionalMessage_ERROR) IP (DMA) : Parameter (FIFOMode) has Id (ADC2) currently not set
2023-11-29 12:04:31,631 [INFO] ImportTextPane:194 - (OptionalMessage_ERROR) IP (RCC) : Invalid parameter (FamilyName)
2023-11-29 12:04:31,631 [INFO] ImportTextPane:194 - (OptionalMessage_ERROR) IP (RCC) : Parameter (MCO2PinFreq_Value) has invalid value (180000000)
2023-11-29 12:04:31,631 [INFO] ImportTextPane:194 - (OptionalMessage_ERROR) IP (RCC) : Parameter (SDIOFreq_Value) has invalid value (180000000)
2023-11-29 12:04:31,631 [INFO] ImportTextPane:194 - (OptionalMessage_ERROR) IP (RCC) : Parameter (USBFreq_Value) has invalid value (180000000)
2023-11-29 12:04:31,978 [INFO] UtilMem:75 - End LoadConfig() Used Memory: 644894448 Bytes (779091968)
2023-11-29 12:04:32,173 [WARN] ThirdParty:833 - waiting for thirdparty lock release [change project]
2023-11-29 12:04:32,173 [INFO] ThirdParty:835 - entering critical section [change project]
2023-11-29 12:04:32,173 [INFO] ThirdParty:1030 - CMSIS Pack Vendor :STMicroelectronics X-CUBE-ISPU 1.1.0
2023-11-29 12:04:32,173 [INFO] ThirdParty:1030 - CMSIS Pack Vendor :STMicroelectronics X-CUBE-GNSS1 6.0.0
2023-11-29 12:04:32,173 [INFO] ThirdParty:1030 - CMSIS Pack Vendor :STMicroelectronics USB_HOST 2.0.0
2023-11-29 12:04:32,173 [INFO] ThirdParty:1030 - CMSIS Pack Vendor :STMicroelectronics X-CUBE-AZRTOS-F4 1.1.0
2023-11-29 12:04:32,173 [INFO] ThirdParty:1030 - CMSIS Pack Vendor :STMicroelectronics LIBJPEG 8.0.0
2023-11-29 12:04:32,175 [INFO] ThirdParty:1030 - CMSIS Pack Vendor :STMicroelectronics X-CUBE-SMBUS 2.1.0
2023-11-29 12:04:32,175 [INFO] ThirdParty:1030 - CMSIS Pack Vendor :wolfSSL I-CUBE-wolfSSL 5.6.0
2023-11-29 12:04:32,175 [INFO] ThirdParty:1030 - CMSIS Pack Vendor :STMicroelectronics USB_DEVICE 3.0.0
2023-11-29 12:04:32,175 [INFO] ThirdParty:1030 - CMSIS Pack Vendor :STMicroelectronics X-CUBE-AI 8.0.0
2023-11-29 12:04:32,175 [INFO] ThirdParty:1030 - CMSIS Pack Vendor :STMicroelectronics X-CUBE-AZRTOS-WB 2.0.0
2023-11-29 12:04:32,175 [INFO] ThirdParty:1030 - CMSIS Pack Vendor :STMicroelectronics X-CUBE-FREERTOS 1.0.1
2023-11-29 12:04:32,175 [INFO] ThirdParty:1030 - CMSIS Pack Vendor :STMicroelectronics X-CUBE-TOUCHGFX 4.21.3
2023-11-29 12:04:32,175 [INFO] ThirdParty:1030 - CMSIS Pack Vendor :STMicroelectronics X-CUBE-AZRTOS-F7 1.1.0
2023-11-29 12:04:32,175 [INFO] ThirdParty:1030 - CMSIS Pack Vendor :STMicroelectronics X-CUBE-TOUCHGFX 4.21.4
2023-11-29 12:04:32,175 [INFO] ThirdParty:1030 - CMSIS Pack Vendor :STMicroelectronics X-CUBE-AZRTOS-L5 2.0.0
2023-11-29 12:04:32,175 [INFO] ThirdParty:1030 - CMSIS Pack Vendor :STMicroelectronics USB_DEVICE 2.0.0
2023-11-29 12:04:32,175 [INFO] ThirdParty:1030 - CMSIS Pack Vendor :STMicroelectronics X-CUBE-MEMS1 9.6.0
2023-11-29 12:04:32,175 [INFO] ThirdParty:1030 - CMSIS Pack Vendor :STMicroelectronics X-CUBE-EEPRMA1 4.2.0
2023-11-29 12:04:32,175 [INFO] ThirdParty:1030 - CMSIS Pack Vendor :ITTIA_DB I-CUBE-ITTIADB 8.8.0
2023-11-29 12:04:32,175 [INFO] ThirdParty:1030 - CMSIS Pack Vendor :STMicroelectronics FP-SNS-MOTENV1 4.3.0
2023-11-29 12:04:32,175 [INFO] ThirdParty:1030 - CMSIS Pack Vendor :STMicroelectronics FP-SNS-MOTENV1 4.3.2
2023-11-29 12:04:32,175 [INFO] ThirdParty:1030 - CMSIS Pack Vendor :STMicroelectronics FP-SNS-FLIGHT1 5.0.0
2023-11-29 12:04:32,175 [INFO] ThirdParty:1030 - CMSIS Pack Vendor :STMicroelectronics FP-SNS-MOTENV1 4.3.1
2023-11-29 12:04:32,175 [INFO] ThirdParty:1030 - CMSIS Pack Vendor :STMicroelectronics FP-SNS-FLIGHT1 5.0.1
2023-11-29 12:04:32,175 [INFO] ThirdParty:1030 - CMSIS Pack Vendor :STMicroelectronics X-CUBE-ALGOBUILD 1.3.0
2023-11-29 12:04:32,175 [INFO] ThirdParty:1030 - CMSIS Pack Vendor :STMicroelectronics X-CUBE-BLE1 6.2.4
2023-11-29 12:04:32,175 [INFO] ThirdParty:1030 - CMSIS Pack Vendor :STMicroelectronics X-CUBE-AZRTOS-L5 1.1.0
2023-11-29 12:04:32,175 [INFO] ThirdParty:1030 - CMSIS Pack Vendor :STMicroelectronics FreeRTOS 0.0.1
2023-11-29 12:04:32,175 [INFO] ThirdParty:1030 - CMSIS Pack Vendor :STMicroelectronics X-CUBE-AZRTOS-G0 1.1.0
2023-11-29 12:04:32,175 [INFO] ThirdParty:1030 - CMSIS Pack Vendor :emotas I-CUBE-CANOPEN 1.1.3
2023-11-29 12:04:32,175 [INFO] ThirdParty:1030 - CMSIS Pack Vendor :STMicroelectronics X-CUBE-BLEMGR 2.0.0
2023-11-29 12:04:32,175 [INFO] ThirdParty:1030 - CMSIS Pack Vendor :STMicroelectronics X-CUBE-AI 8.0.1
2023-11-29 12:04:32,175 [INFO] ThirdParty:1030 - CMSIS Pack Vendor :STMicroelectronics X-CUBE-NFC4 3.0.0
2023-11-29 12:04:32,175 [INFO] ThirdParty:1030 - CMSIS Pack Vendor :STMicroelectronics X-CUBE-SUBG2 5.0.0
2023-11-29 12:04:32,175 [INFO] ThirdParty:1030 - CMSIS Pack Vendor :STMicroelectronics STM32_WPAN 1.0.0
2023-11-29 12:04:32,175 [INFO] ThirdParty:1030 - CMSIS Pack Vendor :STMicroelectronics lwIP 2.0.3
2023-11-29 12:04:32,175 [INFO] ThirdParty:1030 - CMSIS Pack Vendor :STMicroelectronics FP-SNS-FLIGHT1 5.0.2
2023-11-29 12:04:32,175 [INFO] ThirdParty:1030 - CMSIS Pack Vendor :STMicroelectronics USB_HOST 1.0.0
2023-11-29 12:04:32,175 [INFO] ThirdParty:1030 - CMSIS Pack Vendor :STMicroelectronics X-CUBE-TOF1 3.3.1
2023-11-29 12:04:32,175 [INFO] ThirdParty:1030 - CMSIS Pack Vendor :STMicroelectronics X-CUBE-AZRTOS-G4 2.0.0
2023-11-29 12:04:32,175 [INFO] ThirdParty:1030 - CMSIS Pack Vendor :STMicroelectronics PDM2PCM 3.1.0
2023-11-29 12:04:32,175 [INFO] ThirdParty:1030 - CMSIS Pack Vendor :STMicroelectronics X-CUBE-AZRTOS-H7 3.1.0
2023-11-29 12:04:32,175 [INFO] ThirdParty:1030 - CMSIS Pack Vendor :STMicroelectronics X-CUBE-TOF1 3.3.0
2023-11-29 12:04:32,175 [INFO] ThirdParty:1030 - CMSIS Pack Vendor :Infineon AIROC-Wi-Fi-Bluetooth-STM32 1.5.1
2023-11-29 12:04:32,175 [INFO] ThirdParty:1030 - CMSIS Pack Vendor :STMicroelectronics X-CUBE-BLEMGR 3.0.0
2023-11-29 12:04:32,175 [INFO] ThirdParty:1030 - CMSIS Pack Vendor :STMicroelectronics PDM2PCM 3.3.0
2023-11-29 12:04:32,175 [INFO] ThirdParty:1030 - CMSIS Pack Vendor :STMicroelectronics X-CUBE-DISPLAY 3.0.0
2023-11-29 12:04:32,175 [INFO] ThirdParty:1030 - CMSIS Pack Vendor :STMicroelectronics FP-SNS-MOTENVWB1 1.3.0
2023-11-29 12:04:32,175 [INFO] ThirdParty:1030 - CMSIS Pack Vendor :STMicroelectronics X-CUBE-BLE1 7.0.0
2023-11-29 12:04:32,175 [INFO] ThirdParty:1030 - CMSIS Pack Vendor :STMicroelectronics FP-ATR-SIGFOX1 3.2.0
2023-11-29 12:04:32,175 [INFO] ThirdParty:1030 - CMSIS Pack Vendor :STMicroelectronics X-CUBE-AZRTOS-L4 1.0.0
2023-11-29 12:04:32,175 [INFO] ThirdParty:1030 - CMSIS Pack Vendor :STMicroelectronics HAL Drivers 0.0.0
2023-11-29 12:04:32,175 [INFO] ThirdParty:1030 - CMSIS Pack Vendor :STMicroelectronics MBEDTLS 2.16.2
2023-11-29 12:04:32,175 [INFO] ThirdParty:1030 - CMSIS Pack Vendor :STMicroelectronics X-CUBE-MEMS1 10.0.0
2023-11-29 12:04:32,175 [INFO] ThirdParty:1030 - CMSIS Pack Vendor :STMicroelectronics X-CUBE-FREERTOS 1.1.0
2023-11-29 12:04:32,175 [INFO] ThirdParty:1030 - CMSIS Pack Vendor :STMicroelectronics X-CUBE-TOUCHGFX 4.22.0
2023-11-29 12:04:32,175 [INFO] ThirdParty:1030 - CMSIS Pack Vendor :STMicroelectronics X-CUBE-NFC7 1.0.1
2023-11-29 12:04:32,175 [INFO] ThirdParty:1030 - CMSIS Pack Vendor :STMicroelectronics MBEDTLS 2.14.1
2023-11-29 12:04:32,175 [INFO] ThirdParty:1030 - CMSIS Pack Vendor :STMicroelectronics X-CUBE-NFC7 1.0.0
2023-11-29 12:04:32,175 [INFO] ThirdParty:1030 - CMSIS Pack Vendor :STMicroelectronics X-CUBE-TOUCHGFX 4.22.1
2023-11-29 12:04:32,175 [INFO] ThirdParty:1030 - CMSIS Pack Vendor :STMicroelectronics X-CUBE-AZRTOS-WL 1.0.0
2023-11-29 12:04:32,175 [INFO] ThirdParty:1030 - CMSIS Pack Vendor :STMicroelectronics X-CUBE-NFC6 3.0.0
2023-11-29 12:04:32,175 [INFO] ThirdParty:1030 - CMSIS Pack Vendor :STMicroelectronics X-CUBE-EEPRMA1 4.1.0
2023-11-29 12:04:32,175 [INFO] ThirdParty:1030 - CMSIS Pack Vendor :portGmbH I-Cube-SoM-uGOAL 1.1.0
2023-11-29 12:04:32,175 [INFO] ThirdParty:1030 - CMSIS Pack Vendor :STMicroelectronics X-CUBE-ALS 1.0.1
2023-11-29 12:04:32,175 [INFO] ThirdParty:1030 - CMSIS Pack Vendor :STMicroelectronics ThreadX 1.0.0
2023-11-29 12:04:32,175 [INFO] ThirdParty:1030 - CMSIS Pack Vendor :STMicroelectronics FP-SNS-SMARTAG2 1.2.0
2023-11-29 12:04:32,175 [INFO] ThirdParty:1030 - CMSIS Pack Vendor :STMicroelectronics X-CUBE-AZRTOS-WB 1.1.0
2023-11-29 12:04:32,175 [INFO] ThirdParty:1030 - CMSIS Pack Vendor :STMicroelectronics X-CUBE-AZRTOS-WL 2.0.0
2023-11-29 12:04:32,175 [INFO] ThirdParty:1030 - CMSIS Pack Vendor :SEGGER I-CUBE-embOS 1.3.1
2023-11-29 12:04:32,175 [INFO] ThirdParty:1030 - CMSIS Pack Vendor :STMicroelectronics USB_DEVICE 1.0.0
2023-11-29 12:04:32,175 [INFO] ThirdParty:1030 - CMSIS Pack Vendor :STMicroelectronics X-CUBE-AI 8.1.0
2023-11-29 12:04:32,175 [INFO] ThirdParty:1030 - CMSIS Pack Vendor :STMicroelectronics X-CUBE-AZRTOS-L4 2.0.0
2023-11-29 12:04:32,175 [INFO] ThirdParty:1030 - CMSIS Pack Vendor :STMicroelectronics ThreadX 0.0.2
2023-11-29 12:04:32,175 [INFO] ThirdParty:1030 - CMSIS Pack Vendor :WES I-CUBE-Cesium 1.3.0
2023-11-29 12:04:32,175 [INFO] ThirdParty:1030 - CMSIS Pack Vendor :STMicroelectronics FP-ATR-ASTRA1 2.0.0
2023-11-29 12:04:32,175 [INFO] ThirdParty:1030 - CMSIS Pack Vendor :STMicroelectronics lwIP 2.1.2
2023-11-29 12:04:32,175 [INFO] ThirdParty:1030 - CMSIS Pack Vendor :STMicroelectronics X-CUBE-SFXS2LP1 4.0.0
2023-11-29 12:04:32,175 [INFO] ThirdParty:1030 - CMSIS Pack Vendor :STMicroelectronics X-CUBE-BLE2 3.3.0
2023-11-29 12:04:32,175 [INFO] ThirdParty:1030 - CMSIS Pack Vendor :STMicroelectronics X-CUBE-TOF1 3.4.0
2023-11-29 12:04:32,175 [INFO] ThirdParty:1030 - CMSIS Pack Vendor :STMicroelectronics PDM2PCM 3.2.0
2023-11-29 12:04:32,175 [INFO] ThirdParty:841 - exiting critical section [change project]
2023-11-29 12:04:32,525 [INFO] PinOutPanel:1499 - setPackage(No Configuration,No Configuration)
2023-11-29 12:04:32,525 [INFO] PinOutPanel:1499 - setPackage(STM32F446RETx,LQFP64)
2023-11-29 12:04:33,178 [INFO] UtilMem:75 - Before build in PCC Used Memory: 650285408 Bytes (779091968)
2023-11-29 12:04:33,661 [INFO] UtilMem:75 - After build in PCC Used Memory: 619593352 Bytes (779091968)
2023-11-29 12:04:33,684 [INFO] IPUIPlugin:80 - create IPUIPlugin
2023-11-29 12:04:33,684 [INFO] IPUIPlugin:80 - create IPUIPlugin
2023-11-29 12:04:33,699 [INFO] IPUIPlugin:80 - create IPUIPlugin
2023-11-29 12:04:33,699 [INFO] IPUIPlugin:80 - create IPUIPlugin
2023-11-29 12:04:33,699 [INFO] IPUIPlugin:80 - create IPUIPlugin
2023-11-29 12:04:33,699 [INFO] IPUIPlugin:80 - create IPUIPlugin
2023-11-29 12:04:33,699 [INFO] IPUIPlugin:80 - create IPUIPlugin
2023-11-29 12:04:33,699 [INFO] IPUIPlugin:80 - create IPUIPlugin
2023-11-29 12:04:33,699 [INFO] IPUIPlugin:80 - create IPUIPlugin
2023-11-29 12:04:33,699 [INFO] IPUIPlugin:80 - create IPUIPlugin
2023-11-29 12:04:33,699 [INFO] IPUIPlugin:80 - create IPUIPlugin
2023-11-29 12:04:33,699 [INFO] IPUIPlugin:80 - create IPUIPlugin
2023-11-29 12:04:33,699 [INFO] IPUIPlugin:80 - create IPUIPlugin
2023-11-29 12:04:33,699 [INFO] IPUIPlugin:80 - create IPUIPlugin
2023-11-29 12:04:33,699 [INFO] IPUIPlugin:80 - create IPUIPlugin
2023-11-29 12:04:33,699 [INFO] IPUIPlugin:80 - create IPUIPlugin
2023-11-29 12:04:33,699 [INFO] IPUIPlugin:80 - create IPUIPlugin
2023-11-29 12:04:33,699 [INFO] IPUIPlugin:80 - create IPUIPlugin
2023-11-29 12:04:33,699 [INFO] IPUIPlugin:80 - create IPUIPlugin
2023-11-29 12:04:33,699 [INFO] IPUIPlugin:80 - create IPUIPlugin
2023-11-29 12:04:33,699 [INFO] IPUIPlugin:80 - create IPUIPlugin
2023-11-29 12:04:33,699 [INFO] IPUIPlugin:80 - create IPUIPlugin
2023-11-29 12:04:33,699 [INFO] IPUIPlugin:80 - create IPUIPlugin
2023-11-29 12:04:33,699 [INFO] IPUIPlugin:80 - create IPUIPlugin
2023-11-29 12:04:33,699 [INFO] IPUIPlugin:80 - create IPUIPlugin
2023-11-29 12:04:33,699 [INFO] IPUIPlugin:80 - create IPUIPlugin
2023-11-29 12:04:33,699 [INFO] IPUIPlugin:80 - create IPUIPlugin
2023-11-29 12:04:33,715 [INFO] IPUIPlugin:80 - create IPUIPlugin
2023-11-29 12:04:33,715 [INFO] IPUIPlugin:80 - create IPUIPlugin
2023-11-29 12:04:33,715 [INFO] IPUIPlugin:80 - create IPUIPlugin
2023-11-29 12:04:33,715 [INFO] IPUIPlugin:80 - create IPUIPlugin
2023-11-29 12:04:33,715 [INFO] IPUIPlugin:80 - create IPUIPlugin
2023-11-29 12:04:33,715 [INFO] IPUIPlugin:80 - create IPUIPlugin
2023-11-29 12:04:33,715 [INFO] IPUIPlugin:80 - create IPUIPlugin
2023-11-29 12:04:33,715 [INFO] IPUIPlugin:80 - create IPUIPlugin
2023-11-29 12:04:33,715 [INFO] IPUIPlugin:80 - create IPUIPlugin
2023-11-29 12:04:33,715 [INFO] IPUIPlugin:80 - create IPUIPlugin
2023-11-29 12:04:33,715 [INFO] IPUIPlugin:80 - create IPUIPlugin
2023-11-29 12:04:33,715 [INFO] IPUIPlugin:80 - create IPUIPlugin
2023-11-29 12:04:33,715 [INFO] IPUIPlugin:80 - create IPUIPlugin
2023-11-29 12:04:33,715 [INFO] IPUIPlugin:80 - create IPUIPlugin
2023-11-29 12:04:33,715 [INFO] IPUIPlugin:80 - create IPUIPlugin
2023-11-29 12:04:33,715 [INFO] IPUIPlugin:80 - create IPUIPlugin
2023-11-29 12:04:33,715 [INFO] IPUIPlugin:80 - create IPUIPlugin
2023-11-29 12:04:33,715 [INFO] IPUIPlugin:80 - create IPUIPlugin
2023-11-29 12:04:33,715 [INFO] IPUIPlugin:80 - create IPUIPlugin
2023-11-29 12:04:33,715 [INFO] IPUIPlugin:80 - create IPUIPlugin
2023-11-29 12:04:33,715 [INFO] IPUIPlugin:80 - create IPUIPlugin
2023-11-29 12:04:33,715 [INFO] IPUIPlugin:80 - create IPUIPlugin
2023-11-29 12:04:33,715 [INFO] IPUIPlugin:80 - create IPUIPlugin
2023-11-29 12:04:33,715 [INFO] IPUIPlugin:80 - create IPUIPlugin
2023-11-29 12:04:33,715 [INFO] IPUIPlugin:80 - create IPUIPlugin
2023-11-29 12:04:33,715 [INFO] IPUIPlugin:80 - create IPUIPlugin
2023-11-29 12:04:33,715 [INFO] IPUIPlugin:80 - create IPUIPlugin
2023-11-29 12:04:33,715 [INFO] IPUIPlugin:80 - create IPUIPlugin
2023-11-29 12:04:33,730 [INFO] IPUIPlugin:80 - create IPUIPlugin
2023-11-29 12:04:33,730 [INFO] IPUIPlugin:80 - create IPUIPlugin
2023-11-29 12:04:33,730 [INFO] IPUIPlugin:80 - create IPUIPlugin
2023-11-29 12:04:33,730 [INFO] IPUIPlugin:80 - create IPUIPlugin
2023-11-29 12:04:33,730 [INFO] IPUIPlugin:80 - create IPUIPlugin
2023-11-29 12:04:33,746 [INFO] ApiDbMcu:507 - Load IP Config File for PDM2PCM
2023-11-29 12:04:33,815 [INFO] CADModel:165 - CPN selected for project levelSTM32F446RET6
2023-11-29 12:04:33,815 [INFO] CADModel:114 - Register for checkConnection events
2023-11-29 12:04:33,868 [INFO] OpenFileManager:328 - Restore cursor
2023-11-29 12:11:55,040 [INFO] ADCParametersView:116 -                Rank 1 : false
2023-11-29 12:11:55,208 [INFO] ADCParametersView:116 -                Rank 1 : false
2023-11-29 12:11:55,208 [INFO] ADCParametersView:116 -                Rank 1 : false
2023-11-29 12:11:55,208 [INFO] ADCParametersView:116 -                Rank 1 : false
2023-11-29 12:11:55,208 [INFO] ADCParametersView:116 -                Rank 1 : false
2023-11-29 12:11:55,208 [INFO] ADCParametersView:116 -                Rank 1 : false
2023-11-29 12:11:55,208 [INFO] ADCParametersView:116 -                Rank 1 : false
2023-11-29 12:11:55,208 [INFO] ADCParametersView:116 -                Rank 1 : false
2023-11-29 12:11:55,208 [INFO] ADCParametersView:116 -                Rank 1 : false
2023-11-29 12:11:55,208 [INFO] ADCParametersView:116 -                Rank 1 : false
2023-11-29 12:11:55,208 [INFO] ADCParametersView:116 -                Rank 1 : false
2023-11-29 12:11:55,208 [INFO] ADCParametersView:116 -                Rank 1 : false
2023-11-29 12:11:55,208 [INFO] ADCParametersView:116 -                Rank 1 : false
2023-11-29 12:11:55,208 [INFO] ADCParametersView:116 -                Rank 1 : false
2023-11-29 12:11:55,208 [INFO] ADCParametersView:116 -                Rank 1 : false
2023-11-29 12:11:55,294 [INFO] ADCParametersView:116 -                Rank 1 : false
2023-11-29 12:12:01,708 [INFO] ADCParametersView:116 -                Rank 1 : false
2023-11-29 12:12:01,708 [INFO] ADCParametersView:116 -                Rank 1 : false
2023-11-29 12:12:01,708 [INFO] ADCParametersView:116 -                Rank 1 : false
2023-11-29 12:12:01,708 [INFO] ADCParametersView:116 -                Rank 1 : false
2023-11-29 12:12:01,708 [INFO] ADCParametersView:116 -                Rank 1 : false
2023-11-29 12:12:01,708 [INFO] ADCParametersView:116 -                Rank 1 : false
2023-11-29 12:12:01,708 [INFO] ADCParametersView:116 -                Rank 1 : false
2023-11-29 12:12:01,708 [INFO] ADCParametersView:116 -                Rank 1 : false
2023-11-29 12:12:01,708 [INFO] ADCParametersView:116 -                Rank 1 : false
2023-11-29 12:12:01,708 [INFO] ADCParametersView:116 -                Rank 1 : false
2023-11-29 12:12:01,708 [INFO] ADCParametersView:116 -                Rank 1 : false
2023-11-29 12:12:01,708 [INFO] ADCParametersView:116 -                Rank 1 : false
2023-11-29 12:12:01,708 [INFO] ADCParametersView:116 -                Rank 1 : false
2023-11-29 12:12:01,708 [INFO] ADCParametersView:116 -                Rank 1 : false
2023-11-29 12:12:01,746 [INFO] ADCParametersView:116 -                Rank 1 : false
2023-11-29 12:12:11,604 [INFO] ADCParametersView:116 -                Rank 1 : true
2023-11-29 12:12:15,983 [INFO] ADCParametersView:116 -                Rank 1 : false
2023-11-29 12:12:16,083 [INFO] ADCParametersView:116 -                Rank 1 : false
2023-11-29 12:12:16,083 [INFO] ADCParametersView:116 -                Rank 1 : false
2023-11-29 12:12:16,083 [INFO] ADCParametersView:116 -                Rank 1 : false
2023-11-29 12:12:16,083 [INFO] ADCParametersView:116 -                Rank 1 : false
2023-11-29 12:12:16,083 [INFO] ADCParametersView:116 -                Rank 1 : false
2023-11-29 12:12:16,083 [INFO] ADCParametersView:116 -                Rank 1 : false
2023-11-29 12:12:16,083 [INFO] ADCParametersView:116 -                Rank 1 : false
2023-11-29 12:12:16,083 [INFO] ADCParametersView:116 -                Rank 1 : false
2023-11-29 12:12:16,083 [INFO] ADCParametersView:116 -                Rank 1 : false
2023-11-29 12:12:16,083 [INFO] ADCParametersView:116 -                Rank 1 : false
2023-11-29 12:12:16,083 [INFO] ADCParametersView:116 -                Rank 1 : false
2023-11-29 12:12:16,083 [INFO] ADCParametersView:116 -                Rank 1 : false
2023-11-29 12:12:16,083 [INFO] ADCParametersView:116 -                Rank 1 : false
2023-11-29 12:12:16,083 [INFO] ADCParametersView:116 -                Rank 1 : false
2023-11-29 12:12:16,136 [INFO] ADCParametersView:116 -                Rank 1 : false
2023-11-29 12:12:25,153 [INFO] ADCParametersView:116 -                Rank 1 : true
2023-11-29 12:12:32,847 [INFO] NvicIntPanel:101 - NVIC parent = com.st.microxplorer.plugins.ip.nvic.MultiNvicIntPanel[,0,0,450x197,layout=javax.swing.BoxLayout,alignmentX=0.0,alignmentY=0.0,border=,flags=9,maximumSize=,minimumSize=,preferredSize=]
2023-11-29 12:12:37,204 [INFO] ADCParametersView:116 -                Rank 1 : true
2023-11-29 12:12:37,204 [INFO] ADCParametersView:116 -                Rank 1 : true
2023-11-29 12:12:37,204 [INFO] ADCParametersView:116 -                Rank 1 : true
2023-11-29 12:12:37,204 [INFO] ADCParametersView:116 -                Rank 1 : true
2023-11-29 12:12:37,204 [INFO] ADCParametersView:116 -                Rank 1 : true
2023-11-29 12:12:37,219 [INFO] ADCParametersView:116 -                Rank 1 : true
2023-11-29 12:12:37,219 [INFO] ADCParametersView:116 -                Rank 1 : true
2023-11-29 12:12:37,219 [INFO] ADCParametersView:116 -                Rank 1 : true
2023-11-29 12:12:37,219 [INFO] ADCParametersView:116 -                Rank 1 : true
2023-11-29 12:12:37,219 [INFO] ADCParametersView:116 -                Rank 1 : true
2023-11-29 12:12:37,219 [INFO] ADCParametersView:116 -                Rank 1 : true
2023-11-29 12:12:37,219 [INFO] ADCParametersView:116 -                Rank 1 : true
2023-11-29 12:12:37,219 [INFO] ADCParametersView:116 -                Rank 1 : true
2023-11-29 12:12:37,219 [INFO] ADCParametersView:116 -                Rank 1 : true
2023-11-29 12:12:37,250 [INFO] ADCParametersView:116 -                Rank 1 : true
2023-11-29 12:12:40,516 [INFO] ADCParametersView:116 -                Rank 1 : true
2023-11-29 12:12:40,516 [INFO] ADCParametersView:116 -                Rank 1 : true
2023-11-29 12:12:40,516 [INFO] ADCParametersView:116 -                Rank 1 : true
2023-11-29 12:12:40,516 [INFO] ADCParametersView:116 -                Rank 1 : true
2023-11-29 12:12:40,516 [INFO] ADCParametersView:116 -                Rank 1 : true
2023-11-29 12:12:40,516 [INFO] ADCParametersView:116 -                Rank 1 : true
2023-11-29 12:12:40,516 [INFO] ADCParametersView:116 -                Rank 1 : true
2023-11-29 12:12:40,516 [INFO] ADCParametersView:116 -                Rank 1 : true
2023-11-29 12:12:40,516 [INFO] ADCParametersView:116 -                Rank 1 : true
2023-11-29 12:12:40,516 [INFO] ADCParametersView:116 -                Rank 1 : true
2023-11-29 12:12:40,516 [INFO] ADCParametersView:116 -                Rank 1 : true
2023-11-29 12:12:40,516 [INFO] ADCParametersView:116 -                Rank 1 : true
2023-11-29 12:12:40,516 [INFO] ADCParametersView:116 -                Rank 1 : true
2023-11-29 12:12:40,516 [INFO] ADCParametersView:116 -                Rank 1 : true
2023-11-29 12:12:40,578 [INFO] ADCParametersView:116 -                Rank 1 : true
2023-11-29 12:12:40,663 [INFO] ADCParametersView:116 -                Rank 1 : true
2023-11-29 12:12:40,663 [INFO] ADCParametersView:116 -                Rank 1 : true
2023-11-29 12:12:40,663 [INFO] ADCParametersView:116 -                Rank 1 : true
2023-11-29 12:12:40,663 [INFO] ADCParametersView:116 -                Rank 1 : true
2023-11-29 12:12:40,663 [INFO] ADCParametersView:116 -                Rank 1 : true
2023-11-29 12:12:40,663 [INFO] ADCParametersView:116 -                Rank 1 : true
2023-11-29 12:12:40,663 [INFO] ADCParametersView:116 -                Rank 1 : true
2023-11-29 12:12:40,663 [INFO] ADCParametersView:116 -                Rank 1 : true
2023-11-29 12:12:40,663 [INFO] ADCParametersView:116 -                Rank 1 : true
2023-11-29 12:12:40,663 [INFO] ADCParametersView:116 -                Rank 1 : true
2023-11-29 12:12:40,663 [INFO] ADCParametersView:116 -                Rank 1 : true
2023-11-29 12:12:40,663 [INFO] ADCParametersView:116 -                Rank 1 : true
2023-11-29 12:12:40,663 [INFO] ADCParametersView:116 -                Rank 1 : true
2023-11-29 12:12:40,663 [INFO] ADCParametersView:116 -                Rank 1 : true
2023-11-29 12:12:40,716 [INFO] ADCParametersView:116 -                Rank 1 : true
2023-11-29 13:29:43,847 [INFO] ADCParametersView:116 -                Rank 1 : true
2023-11-29 13:29:43,847 [INFO] ADCParametersView:116 -                Rank 1 : true
2023-11-29 13:29:43,847 [INFO] ADCParametersView:116 -                Rank 1 : true
2023-11-29 13:29:43,847 [INFO] ADCParametersView:116 -                Rank 1 : true
2023-11-29 13:29:43,847 [INFO] ADCParametersView:116 -                Rank 1 : true
2023-11-29 13:29:43,847 [INFO] ADCParametersView:116 -                Rank 1 : true
2023-11-29 13:29:43,847 [INFO] ADCParametersView:116 -                Rank 1 : true
2023-11-29 13:29:43,847 [INFO] ADCParametersView:116 -                Rank 1 : true
2023-11-29 13:29:43,847 [INFO] ADCParametersView:116 -                Rank 1 : true
2023-11-29 13:29:43,847 [INFO] ADCParametersView:116 -                Rank 1 : true
2023-11-29 13:29:43,847 [INFO] ADCParametersView:116 -                Rank 1 : true
2023-11-29 13:29:43,847 [INFO] ADCParametersView:116 -                Rank 1 : true
2023-11-29 13:29:43,847 [INFO] ADCParametersView:116 -                Rank 1 : true
2023-11-29 13:29:43,847 [INFO] ADCParametersView:116 -                Rank 1 : true
2023-11-29 13:29:43,885 [INFO] ADCParametersView:116 -                Rank 1 : true
2023-11-29 13:39:19,523 [INFO] NvicIntPanel:101 - NVIC parent = com.st.microxplorer.plugins.ip.nvic.MultiNvicIntPanel[,0,0,0x0,invalid,layout=javax.swing.BoxLayout,alignmentX=0.0,alignmentY=0.0,border=,flags=9,maximumSize=,minimumSize=,preferredSize=]
2023-11-29 13:39:19,639 [INFO] ADCParametersView:116 -                Rank 1 : true
2023-11-29 13:39:19,639 [INFO] ADCParametersView:116 -                Rank 1 : true
2023-11-29 13:39:19,639 [INFO] ADCParametersView:116 -                Rank 1 : true
2023-11-29 13:39:19,639 [INFO] ADCParametersView:116 -                Rank 1 : true
2023-11-29 13:39:19,639 [INFO] ADCParametersView:116 -                Rank 1 : true
2023-11-29 13:39:19,639 [INFO] ADCParametersView:116 -                Rank 1 : true
2023-11-29 13:39:19,639 [INFO] ADCParametersView:116 -                Rank 1 : true
2023-11-29 13:39:19,639 [INFO] ADCParametersView:116 -                Rank 1 : true
2023-11-29 13:39:19,639 [INFO] ADCParametersView:116 -                Rank 1 : true
2023-11-29 13:39:19,639 [INFO] ADCParametersView:116 -                Rank 1 : true
2023-11-29 13:39:19,639 [INFO] ADCParametersView:116 -                Rank 1 : true
2023-11-29 13:39:19,639 [INFO] ADCParametersView:116 -                Rank 1 : true
2023-11-29 13:39:19,639 [INFO] ADCParametersView:116 -                Rank 1 : true
2023-11-29 13:39:19,639 [INFO] ADCParametersView:116 -                Rank 1 : true
2023-11-29 13:39:19,708 [INFO] ADCParametersView:116 -                Rank 1 : true
2023-11-29 13:39:35,012 [INFO] UtilMem:75 - End SaveConfig() Used Memory: 674163616 Bytes (779091968)
2023-11-29 13:39:35,962 [INFO] UtilMem:75 - End SaveConfig() Used Memory: 620257336 Bytes (779091968)
2023-11-29 13:39:37,182 [INFO] UtilMem:75 - End SaveConfig() Used Memory: 664092296 Bytes (779091968)
2023-11-29 13:39:38,126 [INFO] BlockDiagram:2759 - set Specific Code input for plugin: TIM1_8
2023-11-29 13:39:38,126 [INFO] BlockDiagram:2759 - set Specific Code input for plugin: TIM1_8
2023-11-29 13:39:38,126 [INFO] BlockDiagram:2759 - set Specific Code input for plugin: TIM1_8
2023-11-29 13:39:38,126 [INFO] BlockDiagram:2759 - set Specific Code input for plugin: TIM1_8
2023-11-29 13:39:38,126 [INFO] BlockDiagram:2759 - set Specific Code input for plugin: ADC
2023-11-29 13:39:38,126 [INFO] BlockDiagram:2759 - set Specific Code input for plugin: ADC
2023-11-29 13:39:38,126 [INFO] BlockDiagram:2759 - set Specific Code input for plugin: RCC
2023-11-29 13:39:38,126 [INFO] BlockDiagram:2759 - set Specific Code input for plugin: NVIC
2023-11-29 13:39:38,126 [INFO] BlockDiagram:2759 - set Specific Code input for plugin: DMA
2023-11-29 13:39:38,126 [INFO] BlockDiagram:2759 - set Specific Code input for plugin: TIM1_8
2023-11-29 13:39:38,126 [INFO] BlockDiagram:2759 - set Specific Code input for plugin: GPIO
2023-11-29 13:39:38,172 [INFO] CodeGenerator:793 - code generatio: config db path: C:\ST\STM32CubeIDE_1.12.0\STM32CubeIDE\plugins\com.st.stm32cube.common.mx_6.8.1.202304191431\\db\
2023-11-29 13:39:38,782 [INFO] CodeEngine:255 - oldGeneratedFile, C:\Users\m-ali.khlifi-ext\STM32CubeIDE\workspace_1.12.0\PANDROL\MXTmpFiles\license.tmp_save
2023-11-29 13:39:39,315 [INFO] CodeEngine:279 - Generated code: C:\Users\m-ali.khlifi-ext\STM32CubeIDE\workspace_1.12.0\PANDROL\MXTmpFiles\license.tmp
2023-11-29 13:39:39,522 [INFO] CodeEngine:255 - oldGeneratedFile, C:\Users\m-ali.khlifi-ext\STM32CubeIDE\workspace_1.12.0\PANDROL\Core\Src\gpio.c_save
2023-11-29 13:39:39,870 [INFO] CodeEngine:279 - Generated code: C:\Users\m-ali.khlifi-ext\STM32CubeIDE\workspace_1.12.0\PANDROL\Core\Src\gpio.c
2023-11-29 13:39:39,886 [INFO] CodeEngine:255 - oldGeneratedFile, C:\Users\m-ali.khlifi-ext\STM32CubeIDE\workspace_1.12.0\PANDROL\Core\Inc\gpio.h_save
2023-11-29 13:39:40,038 [INFO] CodeEngine:279 - Generated code: C:\Users\m-ali.khlifi-ext\STM32CubeIDE\workspace_1.12.0\PANDROL\Core\Inc\gpio.h
2023-11-29 13:39:41,332 [INFO] CodeEngine:255 - oldGeneratedFile, C:\Users\m-ali.khlifi-ext\STM32CubeIDE\workspace_1.12.0\PANDROL\Core\Src\adc.c_save
2023-11-29 13:39:41,662 [INFO] CodeEngine:279 - Generated code: C:\Users\m-ali.khlifi-ext\STM32CubeIDE\workspace_1.12.0\PANDROL\Core\Src\adc.c
2023-11-29 13:39:41,706 [INFO] CodeEngine:255 - oldGeneratedFile, C:\Users\m-ali.khlifi-ext\STM32CubeIDE\workspace_1.12.0\PANDROL\Core\Inc\adc.h_save
2023-11-29 13:39:41,868 [INFO] CodeEngine:279 - Generated code: C:\Users\m-ali.khlifi-ext\STM32CubeIDE\workspace_1.12.0\PANDROL\Core\Inc\adc.h
2023-11-29 13:39:41,991 [INFO] CodeEngine:255 - oldGeneratedFile, C:\Users\m-ali.khlifi-ext\STM32CubeIDE\workspace_1.12.0\PANDROL\Core\Src\dma.c_save
2023-11-29 13:39:42,122 [INFO] CodeEngine:279 - Generated code: C:\Users\m-ali.khlifi-ext\STM32CubeIDE\workspace_1.12.0\PANDROL\Core\Src\dma.c
2023-11-29 13:39:42,153 [INFO] CodeEngine:255 - oldGeneratedFile, C:\Users\m-ali.khlifi-ext\STM32CubeIDE\workspace_1.12.0\PANDROL\Core\Inc\dma.h_save
2023-11-29 13:39:42,307 [INFO] CodeEngine:279 - Generated code: C:\Users\m-ali.khlifi-ext\STM32CubeIDE\workspace_1.12.0\PANDROL\Core\Inc\dma.h
2023-11-29 13:39:42,392 [INFO] CodeEngine:255 - oldGeneratedFile, C:\Users\m-ali.khlifi-ext\STM32CubeIDE\workspace_1.12.0\PANDROL\Core\Src\tim.c_save
2023-11-29 13:39:42,655 [INFO] CodeEngine:279 - Generated code: C:\Users\m-ali.khlifi-ext\STM32CubeIDE\workspace_1.12.0\PANDROL\Core\Src\tim.c
2023-11-29 13:39:42,692 [INFO] CodeEngine:255 - oldGeneratedFile, C:\Users\m-ali.khlifi-ext\STM32CubeIDE\workspace_1.12.0\PANDROL\Core\Inc\tim.h_save
2023-11-29 13:39:42,793 [INFO] CodeEngine:279 - Generated code: C:\Users\m-ali.khlifi-ext\STM32CubeIDE\workspace_1.12.0\PANDROL\Core\Inc\tim.h
2023-11-29 13:39:42,871 [INFO] CodeEngine:255 - oldGeneratedFile, C:\Users\m-ali.khlifi-ext\STM32CubeIDE\workspace_1.12.0\PANDROL\Core\Src\stm32f4xx_it.c_save
2023-11-29 13:39:43,009 [INFO] CodeEngine:279 - Generated code: C:\Users\m-ali.khlifi-ext\STM32CubeIDE\workspace_1.12.0\PANDROL\Core\Src\stm32f4xx_it.c
2023-11-29 13:39:43,051 [INFO] CodeEngine:255 - oldGeneratedFile, C:\Users\m-ali.khlifi-ext\STM32CubeIDE\workspace_1.12.0\PANDROL\Core\Inc\stm32f4xx_it.h_save
2023-11-29 13:39:43,209 [INFO] CodeEngine:279 - Generated code: C:\Users\m-ali.khlifi-ext\STM32CubeIDE\workspace_1.12.0\PANDROL\Core\Inc\stm32f4xx_it.h
2023-11-29 13:39:43,447 [INFO] CodeEngine:255 - oldGeneratedFile, C:\Users\m-ali.khlifi-ext\STM32CubeIDE\workspace_1.12.0\PANDROL\Core\Src\stm32f4xx_hal_msp.c_save
2023-11-29 13:39:43,730 [INFO] CodeEngine:279 - Generated code: C:\Users\m-ali.khlifi-ext\STM32CubeIDE\workspace_1.12.0\PANDROL\Core\Src\stm32f4xx_hal_msp.c
2023-11-29 13:39:43,760 [INFO] CodeEngine:255 - oldGeneratedFile, C:\Users\m-ali.khlifi-ext\STM32CubeIDE\workspace_1.12.0\PANDROL\MXTmpFiles\system.tmp_save
2023-11-29 13:39:43,891 [INFO] CodeEngine:279 - Generated code: C:\Users\m-ali.khlifi-ext\STM32CubeIDE\workspace_1.12.0\PANDROL\MXTmpFiles\system.tmp
2023-11-29 13:39:43,951 [INFO] CodeEngine:311 - oldGeneratedFile, C:\Users\m-ali.khlifi-ext\STM32CubeIDE\workspace_1.12.0\PANDROL\Core\Inc\stm32f4xx_hal_conf.h_save
2023-11-29 13:39:44,193 [INFO] CodeEngine:335 - Generated code: C:\Users\m-ali.khlifi-ext\STM32CubeIDE\workspace_1.12.0\PANDROL\Core\Inc\stm32f4xx_hal_conf.h
2023-11-29 13:39:44,365 [WARN] IPConfigManager:2937 - Warning: the RefConfig PLL2P_FOR_MCO is not available in your config.xml file
2023-11-29 13:39:44,457 [INFO] CodeEngine:255 - oldGeneratedFile, C:\Users\m-ali.khlifi-ext\STM32CubeIDE\workspace_1.12.0\PANDROL\Core\Inc\main.h_save
2023-11-29 13:39:44,677 [INFO] CodeEngine:279 - Generated code: C:\Users\m-ali.khlifi-ext\STM32CubeIDE\workspace_1.12.0\PANDROL\Core\Inc\main.h
2023-11-29 13:39:44,718 [INFO] CodeEngine:255 - oldGeneratedFile, C:\Users\m-ali.khlifi-ext\STM32CubeIDE\workspace_1.12.0\PANDROL\Core\Src\main.c_save
2023-11-29 13:39:44,958 [INFO] CodeEngine:279 - Generated code: C:\Users\m-ali.khlifi-ext\STM32CubeIDE\workspace_1.12.0\PANDROL\Core\Src\main.c
2023-11-29 13:39:47,489 [INFO] ProjectBuilder:2996 - Time for Copy HAL[1] : 1640mS.
2023-11-29 13:39:47,496 [INFO] ProjectBuilder:4304 - Project Generator version: 3.19.2
2023-11-29 13:39:47,975 [INFO] ConfigFileManager:1483 - The Die is : DIE421
2023-11-29 13:39:47,990 [INFO] ApiDbMcu:507 - Load IP Config File for FATFS
2023-11-29 13:39:48,009 [INFO] ApiDbMcu:507 - Load IP Config File for FREERTOS
2023-11-29 13:39:48,017 [INFO] ApiDbMcu:507 - Load IP Config File for LIBJPEG
2023-11-29 13:39:48,029 [INFO] ApiDbMcu:507 - Load IP Config File for MBEDTLS
2023-11-29 13:39:48,050 [INFO] ApiDbMcu:507 - Load IP Config File for USB_DEVICE
2023-11-29 13:39:48,060 [INFO] ApiDbMcu:507 - Load IP Config File for USB_HOST
2023-11-29 13:39:49,747 [INFO] LogOutputStream:77 - [STDOUT_REDIRECT] 
2023-11-29 13:39:52,623 [INFO] ProjectBuilder:4505 - Time for Generating toolchain IDE Files: 5111mS.
2023-11-29 13:39:52,623 [INFO] ProjectBuilder:2867 - Time for Copy CMSIS : 0mS.
2023-11-29 13:39:52,638 [INFO] ProjectBuilder:2867 - Time for Copy CMSIS : 0mS.
