2024-01-19 09:45:07,011 [INFO] ApplicationProperties:184 - Using Application install path: C:\ST\STM32CubeIDE_1.12.0\STM32CubeIDE\plugins\com.st.stm32cube.common.mx_6.8.1.202304191431
2024-01-19 09:45:07,089 [INFO] DbMcusXml:78 - Set database path to: C:\ST\STM32CubeIDE_1.12.0\STM32CubeIDE\plugins\com.st.stm32cube.common.mx_6.8.1.202304191431\\db\/mcu/
2024-01-19 09:45:07,089 [INFO] ApiDb:274 - Set plugin database path to: C:\ST\STM32CubeIDE_1.12.0\STM32CubeIDE\plugins\com.st.stm32cube.common.mx_6.8.1.202304191431\\db\/plugins/boardmanager/
2024-01-19 09:45:07,089 [WARN] ApiDb:259 - Overriding images path with different value:  => C:\ST\STM32CubeIDE_1.12.0\STM32CubeIDE\plugins\com.st.stm32cube.common.mx_6.8.1.202304191431\\db\/plugins/mcufinder/images/
2024-01-19 09:45:07,111 [INFO] ApiDb:250 - Set database path to: C:\Users\m-ali.khlifi-ext\.stmcufinder\plugins\mcufinder//mcu/
2024-01-19 09:45:07,111 [INFO] DbMcusAds:125 - Set database path to: C:\Users\m-ali.khlifi-ext\.stmcufinder\plugins\mcufinder//mcu/
2024-01-19 09:45:07,211 [INFO] CrossReferenceDbSqlite:203 - Set database path to: C:\Users\m-ali.khlifi-ext\.stmcufinder\plugins\mcufinder//mcu/cs/
2024-01-19 09:45:07,374 [INFO] RulesReader:64 - Compatibility file has been processed (293 Rules)
2024-01-19 09:45:07,628 [INFO] DbMcusXml:78 - Set database path to: C:\ST\STM32CubeIDE_1.12.0\STM32CubeIDE\plugins\com.st.stm32cube.common.mx_6.8.1.202304191431\\db\/mcu/
2024-01-19 09:45:07,628 [INFO] ApiDb:274 - Set plugin database path to: C:\ST\STM32CubeIDE_1.12.0\STM32CubeIDE\plugins\com.st.stm32cube.common.mx_6.8.1.202304191431\\db\/plugins/boardmanager/
2024-01-19 09:45:07,628 [INFO] ApiDb:261 - Set plugin images path to: C:\ST\STM32CubeIDE_1.12.0\STM32CubeIDE\plugins\com.st.stm32cube.common.mx_6.8.1.202304191431\\db\/plugins/mcufinder/images/
2024-01-19 09:45:07,628 [WARN] DbFile:41 - Overriding database path with different value: C:\Users\m-ali.khlifi-ext\.stmcufinder\plugins\mcufinder/ => C:\Users\m-ali.khlifi-ext\.stmcufinder\plugins\mcufinder
2024-01-19 09:45:07,628 [INFO] ApiDb:250 - Set database path to: C:\Users\m-ali.khlifi-ext\.stmcufinder\plugins\mcufinder//mcu/
2024-01-19 09:45:07,628 [WARN] DbFile:41 - Overriding database path with different value: C:\Users\m-ali.khlifi-ext\.stmcufinder\plugins\mcufinder/ => C:\Users\m-ali.khlifi-ext\.stmcufinder\plugins\mcufinder
2024-01-19 09:45:07,628 [INFO] DbMcusAds:125 - Set database path to: C:\Users\m-ali.khlifi-ext\.stmcufinder\plugins\mcufinder//mcu/
2024-01-19 09:45:07,628 [WARN] DbFile:41 - Overriding database path with different value: C:\Users\m-ali.khlifi-ext\.stmcufinder\plugins\mcufinder/ => C:\Users\m-ali.khlifi-ext\.stmcufinder\plugins\mcufinder
2024-01-19 09:45:07,628 [WARN] DbFile:41 - Overriding database path with different value: C:\Users\m-ali.khlifi-ext\.stmcufinder\plugins\mcufinder/ => C:\Users\m-ali.khlifi-ext\.stmcufinder\plugins\mcufinder
2024-01-19 09:45:07,628 [INFO] CrossReferenceDbSqlite:203 - Set database path to: C:\Users\m-ali.khlifi-ext\.stmcufinder\plugins\mcufinder//mcu/cs/
2024-01-19 09:45:07,828 [INFO] MainPanel:253 - HeapMemory: 722468864
2024-01-19 09:45:07,944 [INFO] DbMcusXml:78 - Set database path to: C:\ST\STM32CubeIDE_1.12.0\STM32CubeIDE\plugins\com.st.stm32cube.common.mx_6.8.1.202304191431\\db\/mcu/
2024-01-19 09:45:07,944 [INFO] ApiDb:274 - Set plugin database path to: C:\ST\STM32CubeIDE_1.12.0\STM32CubeIDE\plugins\com.st.stm32cube.common.mx_6.8.1.202304191431\\db\/plugins/boardmanager/
2024-01-19 09:45:07,944 [INFO] ApiDb:261 - Set plugin images path to: C:\ST\STM32CubeIDE_1.12.0\STM32CubeIDE\plugins\com.st.stm32cube.common.mx_6.8.1.202304191431\\db\/plugins/mcufinder/images/
2024-01-19 09:45:07,944 [WARN] DbFile:41 - Overriding database path with different value: C:\Users\m-ali.khlifi-ext\.stmcufinder\plugins\mcufinder/ => C:\Users\m-ali.khlifi-ext\.stmcufinder\plugins\mcufinder
2024-01-19 09:45:07,944 [INFO] ApiDb:250 - Set database path to: C:\Users\m-ali.khlifi-ext\.stmcufinder\plugins\mcufinder//mcu/
2024-01-19 09:45:07,944 [WARN] DbFile:41 - Overriding database path with different value: C:\Users\m-ali.khlifi-ext\.stmcufinder\plugins\mcufinder/ => C:\Users\m-ali.khlifi-ext\.stmcufinder\plugins\mcufinder
2024-01-19 09:45:07,944 [INFO] DbMcusAds:125 - Set database path to: C:\Users\m-ali.khlifi-ext\.stmcufinder\plugins\mcufinder//mcu/
2024-01-19 09:45:07,944 [WARN] DbFile:41 - Overriding database path with different value: C:\Users\m-ali.khlifi-ext\.stmcufinder\plugins\mcufinder/ => C:\Users\m-ali.khlifi-ext\.stmcufinder\plugins\mcufinder
2024-01-19 09:45:07,944 [WARN] DbFile:41 - Overriding database path with different value: C:\Users\m-ali.khlifi-ext\.stmcufinder\plugins\mcufinder/ => C:\Users\m-ali.khlifi-ext\.stmcufinder\plugins\mcufinder
2024-01-19 09:45:07,944 [INFO] CrossReferenceDbSqlite:203 - Set database path to: C:\Users\m-ali.khlifi-ext\.stmcufinder\plugins\mcufinder//mcu/cs/
2024-01-19 09:45:07,991 [INFO] ApplicationProperties:184 - Using Application install path: C:\ST\STM32CubeIDE_1.12.0\STM32CubeIDE\plugins\com.st.stm32cube.common.mx_6.8.1.202304191431
2024-01-19 09:45:07,991 [INFO] PluginManage:196 - Search for loadable plugins [exclusion list=, ]
2024-01-19 09:45:08,007 [INFO] PluginManage:310 - Check plugin analytics
2024-01-19 09:45:08,245 [INFO] AnalyticsPlugin:253 - Accepted Software Licenses: 
2024-01-19 09:45:08,245 [INFO] AnalyticsPlugin:255 - Accepted CMSIS Pack Licenses: 
2024-01-19 09:45:08,245 [INFO] AnalyticsPlugin:257 - Accepted Firmware Licenses: FW.F4.1.27.0
2024-01-19 09:45:08,245 [INFO] PluginManage:359 - Loaded plugin analytics (category:tool,tabindex:-1)
2024-01-19 09:45:08,245 [INFO] PluginManage:310 - Check plugin cadmodel
2024-01-19 09:45:08,276 [INFO] CADModel:105 - Init CAD model plugin
2024-01-19 09:45:08,276 [INFO] PluginManage:359 - Loaded plugin cadmodel (category:power,tabindex:5)
2024-01-19 09:45:08,276 [INFO] PluginManage:310 - Check plugin clock
2024-01-19 09:45:08,314 [INFO] PluginManage:359 - Loaded plugin clock (category:base,tabindex:2)
2024-01-19 09:45:08,314 [INFO] PluginManage:310 - Check plugin ddr
2024-01-19 09:45:08,314 [INFO] PluginManage:359 - Loaded plugin ddr (category:tool,tabindex:6)
2024-01-19 09:45:08,314 [INFO] PluginManage:310 - Check plugin filemanager
2024-01-19 09:45:08,477 [INFO] PluginManage:359 - Loaded plugin filemanager (category:base,tabindex:10)
2024-01-19 09:45:08,477 [INFO] PluginManage:310 - Check plugin ipmanager
2024-01-19 09:45:08,508 [INFO] PluginManage:359 - Loaded plugin ipmanager (category:base,tabindex:5)
2024-01-19 09:45:08,508 [INFO] PluginManage:310 - Check plugin lpbam
2024-01-19 09:45:08,530 [INFO] PluginManage:359 - Loaded plugin lpbam (category:base,tabindex:0)
2024-01-19 09:45:08,530 [INFO] PluginManage:310 - Check plugin pinoutandconfiguration
2024-01-19 09:45:08,561 [INFO] PluginManage:359 - Loaded plugin pinoutandconfiguration (category:base,tabindex:1)
2024-01-19 09:45:08,561 [INFO] PluginManage:310 - Check plugin pinoutconfig
2024-01-19 09:45:08,762 [WARN] SupportedApi:132 - Cannot load RTOS API schema: s4s-elt-must-match.1: The content of 'definitions' must match (annotation?, (simpleType | complexType)?, (unique | key | keyref)*)). A problem was found starting at: attribute.
2024-01-19 09:45:08,916 [INFO] PluginManage:359 - Loaded plugin pinoutconfig (category:base,tabindex:0)
2024-01-19 09:45:08,916 [INFO] PluginManage:310 - Check plugin power
2024-01-19 09:45:08,962 [INFO] PluginManage:359 - Loaded plugin power (category:power,tabindex:4)
2024-01-19 09:45:08,962 [INFO] PluginManage:310 - Check plugin projectmanager
2024-01-19 09:45:08,978 [INFO] PluginManage:359 - Loaded plugin projectmanager (category:projectmanager,tabindex:3)
2024-01-19 09:45:08,978 [INFO] PluginManage:310 - Check plugin thirdparty
2024-01-19 09:45:09,232 [INFO] PluginManage:359 - Loaded plugin thirdparty (category:base,tabindex:-1)
2024-01-19 09:45:09,232 [WARN] IntegrityCheckThread:84 - waiting for thirdparty lock release [integrity check]
2024-01-19 09:45:09,232 [INFO] PluginManage:310 - Check plugin tools
2024-01-19 09:45:09,232 [INFO] IntegrityCheckThread:86 - entering critical section [integrity check]
2024-01-19 09:45:09,248 [INFO] ThirdPartyUpdaterWithRetryManager:70 - Updater plugin not ready yet. [1/15]
2024-01-19 09:45:09,248 [INFO] PluginManage:359 - Loaded plugin tools (category:base,tabindex:7)
2024-01-19 09:45:09,248 [INFO] PluginManage:310 - Check plugin tutovideos
2024-01-19 09:45:09,517 [INFO] PluginManage:359 - Loaded plugin tutovideos (category:base,tabindex:-1)
2024-01-19 09:45:09,517 [INFO] PluginManage:310 - Check plugin updater
2024-01-19 09:45:09,533 [INFO] PluginManage:359 - Loaded plugin updater (category:base,tabindex:12)
2024-01-19 09:45:09,533 [INFO] PluginManage:283 - PluginManage : Loaded plugins [15]
2024-01-19 09:45:10,065 [INFO] PinOutPanel:1499 - setPackage(No Configuration,No Configuration)
2024-01-19 09:45:10,250 [INFO] CADModel:165 - CPN selected for project level
2024-01-19 09:45:10,250 [INFO] CADModel:114 - Register for checkConnection events
2024-01-19 09:45:10,281 [INFO] IPUIPlugin:80 - create IPUIPlugin
2024-01-19 09:45:10,281 [INFO] PluginManager:220 - loadIPPluginJar : add adc
2024-01-19 09:45:10,297 [INFO] IPUIPlugin:80 - create IPUIPlugin
2024-01-19 09:45:10,297 [INFO] PluginManager:220 - loadIPPluginJar : add aes
2024-01-19 09:45:10,319 [INFO] IPUIPlugin:80 - create IPUIPlugin
2024-01-19 09:45:10,319 [INFO] PluginManager:220 - loadIPPluginJar : add can
2024-01-19 09:45:10,335 [INFO] IPUIPlugin:80 - create IPUIPlugin
2024-01-19 09:45:10,335 [INFO] PluginManager:220 - loadIPPluginJar : add comp
2024-01-19 09:45:10,350 [INFO] IPUIPlugin:80 - create IPUIPlugin
2024-01-19 09:45:10,350 [INFO] PluginManager:220 - loadIPPluginJar : add cryp
2024-01-19 09:45:10,366 [INFO] IPUIPlugin:80 - create IPUIPlugin
2024-01-19 09:45:10,366 [INFO] PluginManager:220 - loadIPPluginJar : add dfsdm
2024-01-19 09:45:10,397 [INFO] IPUIPlugin:80 - create IPUIPlugin
2024-01-19 09:45:10,397 [INFO] PluginManager:220 - loadIPPluginJar : add dma
2024-01-19 09:45:10,419 [INFO] IPUIPlugin:80 - create IPUIPlugin
2024-01-19 09:45:10,419 [INFO] PluginManager:220 - loadIPPluginJar : add dma3
2024-01-19 09:45:10,419 [INFO] IPUIPlugin:80 - create IPUIPlugin
2024-01-19 09:45:10,419 [INFO] PluginManager:220 - loadIPPluginJar : add fatfs
2024-01-19 09:45:10,451 [INFO] IPUIPlugin:80 - create IPUIPlugin
2024-01-19 09:45:10,451 [INFO] PluginManager:220 - loadIPPluginJar : add fmc
2024-01-19 09:45:10,482 [INFO] IPUIPlugin:80 - create IPUIPlugin
2024-01-19 09:45:10,482 [INFO] PluginManager:220 - loadIPPluginJar : add freertos
2024-01-19 09:45:10,482 [INFO] IPUIPlugin:80 - create IPUIPlugin
2024-01-19 09:45:10,482 [INFO] PluginManager:220 - loadIPPluginJar : add genericplugin
2024-01-19 09:45:10,513 [INFO] IPUIPlugin:80 - create IPUIPlugin
2024-01-19 09:45:10,513 [INFO] PluginManager:220 - loadIPPluginJar : add gfxmmu
2024-01-19 09:45:10,535 [INFO] IPUIPlugin:80 - create IPUIPlugin
2024-01-19 09:45:10,535 [INFO] PluginManager:220 - loadIPPluginJar : add gic
2024-01-19 09:45:10,551 [INFO] IPUIPlugin:80 - create IPUIPlugin
2024-01-19 09:45:10,551 [INFO] PluginManager:220 - loadIPPluginJar : add gpio
2024-01-19 09:45:10,582 [INFO] IPUIPlugin:80 - create IPUIPlugin
2024-01-19 09:45:10,582 [INFO] PluginManager:220 - loadIPPluginJar : add gtzc
2024-01-19 09:45:10,598 [INFO] IPUIPlugin:80 - create IPUIPlugin
2024-01-19 09:45:10,598 [INFO] PluginManager:220 - loadIPPluginJar : add hash
2024-01-19 09:45:10,620 [INFO] IPUIPlugin:80 - create IPUIPlugin
2024-01-19 09:45:10,620 [INFO] PluginManager:220 - loadIPPluginJar : add i2c
2024-01-19 09:45:10,635 [INFO] IPUIPlugin:80 - create IPUIPlugin
2024-01-19 09:45:10,635 [INFO] PluginManager:220 - loadIPPluginJar : add i2s
2024-01-19 09:45:10,651 [INFO] IPUIPlugin:80 - create IPUIPlugin
2024-01-19 09:45:10,651 [INFO] PluginManager:220 - loadIPPluginJar : add i3c
2024-01-19 09:45:10,667 [INFO] IPUIPlugin:80 - create IPUIPlugin
2024-01-19 09:45:10,667 [INFO] PluginManager:220 - loadIPPluginJar : add ipddr
2024-01-19 09:45:10,698 [INFO] IPUIPlugin:80 - create IPUIPlugin
2024-01-19 09:45:10,698 [INFO] PluginManager:220 - loadIPPluginJar : add linkedlist
2024-01-19 09:45:10,714 [INFO] IPUIPlugin:80 - create IPUIPlugin
2024-01-19 09:45:10,714 [INFO] PluginManager:220 - loadIPPluginJar : add lorawan
2024-01-19 09:45:10,720 [INFO] IPUIPlugin:80 - create IPUIPlugin
2024-01-19 09:45:10,720 [INFO] PluginManager:220 - loadIPPluginJar : add ltdc
2024-01-19 09:45:10,751 [INFO] IPUIPlugin:80 - create IPUIPlugin
2024-01-19 09:45:10,751 [INFO] PluginManager:220 - loadIPPluginJar : add mdma
2024-01-19 09:45:10,783 [INFO] IPUIPlugin:80 - create IPUIPlugin
2024-01-19 09:45:10,783 [INFO] PluginManager:220 - loadIPPluginJar : add nvic
2024-01-19 09:45:10,798 [INFO] IPUIPlugin:80 - create IPUIPlugin
2024-01-19 09:45:10,798 [INFO] PluginManager:220 - loadIPPluginJar : add opamp
2024-01-19 09:45:10,820 [INFO] IPUIPlugin:80 - create IPUIPlugin
2024-01-19 09:45:10,820 [INFO] PluginManager:220 - loadIPPluginJar : add openamp
2024-01-19 09:45:10,836 [INFO] IPUIPlugin:80 - create IPUIPlugin
2024-01-19 09:45:10,836 [INFO] PluginManager:220 - loadIPPluginJar : add pdm2pcm
2024-01-19 09:45:10,867 [INFO] IPUIPlugin:80 - create IPUIPlugin
2024-01-19 09:45:10,867 [INFO] PluginManager:220 - loadIPPluginJar : add plateformsettings
2024-01-19 09:45:10,867 [INFO] IPUIPlugin:80 - create IPUIPlugin
2024-01-19 09:45:10,867 [INFO] PluginManager:220 - loadIPPluginJar : add quadspi
2024-01-19 09:45:10,898 [INFO] IPUIPlugin:80 - create IPUIPlugin
2024-01-19 09:45:10,898 [INFO] PluginManager:220 - loadIPPluginJar : add resmgrutility
2024-01-19 09:45:10,921 [INFO] IPUIPlugin:80 - create IPUIPlugin
2024-01-19 09:45:10,921 [INFO] PluginManager:220 - loadIPPluginJar : add sai
2024-01-19 09:45:10,936 [INFO] IPUIPlugin:80 - create IPUIPlugin
2024-01-19 09:45:10,936 [INFO] PluginManager:220 - loadIPPluginJar : add spi
2024-01-19 09:45:10,952 [INFO] IPUIPlugin:80 - create IPUIPlugin
2024-01-19 09:45:10,952 [INFO] PluginManager:220 - loadIPPluginJar : add stm32_wpan
2024-01-19 09:45:10,967 [INFO] IPUIPlugin:80 - create IPUIPlugin
2024-01-19 09:45:10,967 [INFO] PluginManager:220 - loadIPPluginJar : add tim
2024-01-19 09:45:10,983 [INFO] IPUIPlugin:80 - create IPUIPlugin
2024-01-19 09:45:10,983 [INFO] PluginManager:220 - loadIPPluginJar : add touchsensing
2024-01-19 09:45:10,999 [INFO] IPUIPlugin:80 - create IPUIPlugin
2024-01-19 09:45:10,999 [INFO] PluginManager:220 - loadIPPluginJar : add tracer_emb
2024-01-19 09:45:11,021 [INFO] IPUIPlugin:80 - create IPUIPlugin
2024-01-19 09:45:11,021 [INFO] PluginManager:220 - loadIPPluginJar : add ts
2024-01-19 09:45:11,021 [INFO] IPUIPlugin:80 - create IPUIPlugin
2024-01-19 09:45:11,021 [INFO] PluginManager:220 - loadIPPluginJar : add tsc
2024-01-19 09:45:11,036 [INFO] IPUIPlugin:80 - create IPUIPlugin
2024-01-19 09:45:11,036 [INFO] PluginManager:220 - loadIPPluginJar : add ucpd
2024-01-19 09:45:11,052 [INFO] IPUIPlugin:80 - create IPUIPlugin
2024-01-19 09:45:11,052 [INFO] PluginManager:220 - loadIPPluginJar : add usart
2024-01-19 09:45:11,068 [INFO] IPUIPlugin:80 - create IPUIPlugin
2024-01-19 09:45:11,068 [INFO] PluginManager:220 - loadIPPluginJar : add usbx
2024-01-19 09:45:11,284 [INFO] CADModel:165 - CPN selected for project level
2024-01-19 09:45:11,284 [INFO] CADModel:114 - Register for checkConnection events
2024-01-19 09:45:11,284 [FATAL] Updater:308 - Updater called before beeing initialized
2024-01-19 09:45:11,284 [ERROR] CADModel:125 - Updater not yet initialized, retry later 
2024-01-19 09:45:11,515 [INFO] CADModel:165 - CPN selected for project level
2024-01-19 09:45:11,515 [INFO] CADModel:114 - Register for checkConnection events
2024-01-19 09:45:11,515 [FATAL] Updater:308 - Updater called before beeing initialized
2024-01-19 09:45:11,515 [ERROR] CADModel:125 - Updater not yet initialized, retry later 
2024-01-19 09:45:11,522 [FATAL] Updater:308 - Updater called before beeing initialized
2024-01-19 09:45:11,863 [FATAL] Updater:308 - Updater called before beeing initialized
2024-01-19 09:45:11,874 [INFO] DbMcusAds:53 - JSON generation date=Wed Nov 29 11:52:27 CET 2023 (1701255147349)
2024-01-19 09:45:11,876 [FATAL] Updater:308 - Updater called before beeing initialized
2024-01-19 09:45:11,986 [WARN] DetailPanel:346 - Failed to get advertising image, set to default
2024-01-19 09:45:12,206 [FATAL] Updater:308 - Updater called before beeing initialized
2024-01-19 09:45:12,222 [FATAL] Updater:308 - Updater called before beeing initialized
2024-01-19 09:45:12,222 [FATAL] Updater:308 - Updater called before beeing initialized
2024-01-19 09:45:12,222 [WARN] DetailPanel:346 - Failed to get advertising image, set to default
2024-01-19 09:45:12,222 [FATAL] Updater:308 - Updater called before beeing initialized
2024-01-19 09:45:12,253 [INFO] ThirdPartyUpdaterWithRetryManager:70 - Updater plugin not ready yet. [2/15]
2024-01-19 09:45:12,322 [ERROR] Updater:1120 - MainUpdater not yet initialized. External WinMGr cannot be set.
2024-01-19 09:45:12,322 [INFO] Updater:1056 - Updater Version found : 6.8.1
2024-01-19 09:45:12,354 [INFO] ApplicationProperties:184 - Using Application install path: C:\ST\STM32CubeIDE_1.12.0\STM32CubeIDE\plugins\com.st.stm32cube.common.mx_6.8.1.202304191431
2024-01-19 09:45:12,720 [INFO] MainUpdater:2854 - connection check result : 10
2024-01-19 09:45:12,720 [INFO] MainUpdater:283 - Updater Check For Update Now.
2024-01-19 09:45:12,720 [INFO] MicroXplorer:498 - Change Database Version : DB.6.0.81
2024-01-19 09:45:12,905 [INFO] CheckServerUpdateThread:120 - End of CheckServer Thread
2024-01-19 09:45:12,952 [INFO] MainUpdater:2854 - connection check result : 10
2024-01-19 09:45:12,958 [INFO] McuFinderGlobals:66 - Set McuFinderConnectedMode to true
2024-01-19 09:45:13,237 [INFO] ServerAccessManage:473 - Download File mcusAds.json._tmp_
2024-01-19 09:45:13,353 [INFO] LoadUrlFilesThread:156 - End of LoadUrlFiles Thread
2024-01-19 09:45:13,491 [INFO] ServerAccessManage:473 - Download File cube-finder-db.zip
2024-01-19 09:45:15,260 [WARN] MainUpdater:1187 - Updater busy. Cannot search thirdparties
2024-01-19 09:45:15,260 [INFO] ThirdPartyUpdaterWithRetryManager:96 - Updater plugin is busy. [1/15]
2024-01-19 09:45:18,270 [WARN] MainUpdater:1187 - Updater busy. Cannot search thirdparties
2024-01-19 09:45:18,270 [INFO] ThirdPartyUpdaterWithRetryManager:96 - Updater plugin is busy. [2/15]
2024-01-19 09:45:21,279 [WARN] MainUpdater:1187 - Updater busy. Cannot search thirdparties
2024-01-19 09:45:21,279 [INFO] ThirdPartyUpdaterWithRetryManager:96 - Updater plugin is busy. [3/15]
2024-01-19 09:45:24,289 [WARN] MainUpdater:1187 - Updater busy. Cannot search thirdparties
2024-01-19 09:45:24,289 [INFO] ThirdPartyUpdaterWithRetryManager:96 - Updater plugin is busy. [4/15]
2024-01-19 09:45:24,791 [INFO] FileExtend:240 - Unzip File : cube-finder-db.zip
2024-01-19 09:45:24,791 [INFO] FileExtend:255 - Standard Zip Deflate
2024-01-19 09:45:26,627 [INFO] LoadUrlFilesThread:156 - End of LoadUrlFiles Thread
2024-01-19 09:45:26,885 [INFO] ServerAccessManage:473 - Download File crdb.zip
2024-01-19 09:45:27,170 [INFO] FileExtend:240 - Unzip File : crdb.zip
2024-01-19 09:45:27,170 [INFO] FileExtend:255 - Standard Zip Deflate
2024-01-19 09:45:27,286 [INFO] LoadUrlFilesThread:156 - End of LoadUrlFiles Thread
2024-01-19 09:45:27,302 [WARN] MainUpdater:1187 - Updater busy. Cannot search thirdparties
2024-01-19 09:45:27,302 [INFO] ThirdPartyUpdaterWithRetryManager:96 - Updater plugin is busy. [5/15]
2024-01-19 09:45:27,418 [INFO] ServerAccessManage:473 - Download File tutoVideoDB.zip
2024-01-19 09:45:27,471 [INFO] FileExtend:240 - Unzip File : tutoVideoDB.zip
2024-01-19 09:45:27,471 [INFO] FileExtend:255 - Standard Zip Deflate
2024-01-19 09:45:27,603 [INFO] LoadUrlFilesThread:156 - End of LoadUrlFiles Thread
2024-01-19 09:45:27,618 [WARN] DbFile:41 - Overriding database path with different value: C:\Users\m-ali.khlifi-ext\.stmcufinder\plugins\mcufinder/ => C:\Users\m-ali.khlifi-ext\.stmcufinder\plugins\mcufinder
2024-01-19 09:45:27,741 [INFO] ServerAccessManage:473 - Download File api_config.json
2024-01-19 09:45:27,874 [INFO] LoadUrlFilesThread:156 - End of LoadUrlFiles Thread
2024-01-19 09:45:27,882 [INFO] DbMcusAds:53 - JSON generation date=Wed Nov 29 11:52:27 CET 2023 (1701255147200)
2024-01-19 09:45:27,915 [INFO] LoadUrlFilesThread:185 - End of LoadServerUrlFiles without Thread
2024-01-19 09:45:27,915 [INFO] TargetSelectorAdapter:259 - Refresh data is successful
2024-01-19 09:45:28,095 [INFO] ApiDb:581 - Connected to CubeFinder SQLite database (C:\Users\m-ali.khlifi-ext\.stmcufinder\plugins\mcufinder\mcu\cube-finder-db.db)
2024-01-19 09:45:28,180 [INFO] ApiDb:668 - CubeFinder database Data Model version=2.1
2024-01-19 09:45:28,180 [INFO] ApiDb:669 - CubeFinder database Configuration version=3.0.39
2024-01-19 09:45:28,180 [INFO] ApiDb:670 - CubeFinder database generation date=2023-12-08 (1702028721)
2024-01-19 09:45:28,180 [INFO] ApiDb:671 - CubeFinder database FW Pack versions=[FP-ATR-ASTRA1_V2.0.0, FP-SNS-FLIGHT1_V5.0.1, FP-SNS-FLIGHT1_V5.0.2, FP-SNS-MOTENV1_V4.3.1, FP-SNS-MOTENV1_V4.3.2, FP-SNS-MOTENVWB1_V1.3.1, FP-SNS-SMARTAG2_V1.2.0, STM32Cube_FW_C0_V1.1.0, STM32Cube_FW_F4_V1.28.0, STM32Cube_FW_F7_V1.17.0, STM32Cube_FW_G0_V1.6.1, STM32Cube_FW_G4_V1.5.1, STM32Cube_FW_H5_V0.5.1, STM32Cube_FW_H5_V1.1.1, STM32Cube_FW_H5_V1.2.0RC2, STM32Cube_FW_H7_V1.11.0, STM32Cube_FW_L0_V1.12.2, STM32Cube_FW_L5_V1.5.0, STM32Cube_FW_U5_V1.3.0RC4, STM32Cube_FW_U5_V1.4.0, STM32Cube_FW_WBA_V1.0.0RC1, STM32Cube_FW_WBA_V1.1.0RC1, STM32Cube_FW_WBA_V1.2.0, STM32Cube_FW_WBA_V1.2.0RC2, STM32Cube_FW_WB_V1.15.0RC1, STM32Cube_FW_WB_V1.16.0, STM32Cube_FW_WB_V1.16.0RC2, STM32Cube_FW_WB_V1.18.0, STM32Cube_FW_WL_V1.3.0, X-CUBE-ALGOBUILD_V1.3.0, X-CUBE-ALS_V1.0.1, X-CUBE-AZRTOS-F4_V1.1.0, X-CUBE-AZRTOS-F7_V1.1.0, X-CUBE-AZRTOS-G0_V1.1.0, X-CUBE-AZRTOS-G4_V2.0.0, X-CUBE-AZRTOS-H7_V3.1.0, X-CUBE-AZRTOS-L4_V1.0.0, X-CUBE-AZRTOS-L4_V2.0.0, X-CUBE-AZRTOS-L5_V1.1.0, X-CUBE-AZRTOS-WB_V2.0.0, X-CUBE-AZRTOS-WL_V2.0.0, X-CUBE-BLE1_V7.0.0, X-CUBE-BLE2_V3.3.0, X-CUBE-BLEMGR_V3.0.0, X-CUBE-EEPRMA1_V4.1.0, X-CUBE-EEPRMA1_V4.2.0, X-CUBE-FREERTOS_V1.1.0, X-CUBE-GNSS1_V6.0.0, X-CUBE-MEMS1_V10.0.0, X-CUBE-MEMS1_V9.1.0, X-CUBE-MEMS1_V9.4.0, X-CUBE-MEMS1_V9.6.0, X-CUBE-NFC4_V3.0.0, X-CUBE-NFC7_V1.0.1, X-CUBE-SFXS2LP1_V4.0.0, X-CUBE-SUBG2_V5.0.0, X-CUBE-TOF1_V3.4.0]
2024-01-19 09:45:30,074 [INFO] ApiDb:240 - Found 297 in-development CPN: [B-G473E-ZEST1S, B-WB1M-WPAN1, B-WL5M-SUBG1, NUCLEO-C031C6, NUCLEO-H503RB, NUCLEO-H563ZI, NUCLEO-U545RE-Q, NUCLEO-U5A5ZJ-Q, NUCLEO-WBA52CG, STEVAL-PROTEUS1, STEVAL-STWINBX1, STM320518-EVAL, STM32C0116-DK, STM32C011D6Y3TR, STM32C011D6Y6TR, STM32C011F4P3, STM32C011F4P6, STM32C011F4U3, STM32C011F4U6TR, STM32C011F6P3, STM32C011F6P6, STM32C011F6U3, STM32C011F6U6TR, STM32C011J4M3, STM32C011J4M6, STM32C011J6M3, STM32C011J6M6, STM32C0316-DK, STM32C031C4T3, STM32C031C4T6, STM32C031C4U3, STM32C031C4U6, STM32C031C6T3, STM32C031C6T6, STM32C031C6U3, STM32C031C6U6, STM32C031F4P3, STM32C031F4P6, STM32C031F6P3, STM32C031F6P6, STM32C031G4U3, STM32C031G4U6, STM32C031G6U3, STM32C031G6U6, STM32C031K4T3, STM32C031K4T6, STM32C031K4U3, STM32C031K4U6, STM32C031K6T3, STM32C031K6T6, STM32C031K6U3, STM32C031K6U6, STM32G071K8TXN, STM32G071K8UXN, STM32G081GBU6N, STM32G081KBT6N, STM32G081KBUXN, STM32G0B1CCT6N, STM32G0B1KCT6, STM32G0B1NEY6TR, STM32G0B1RCT6N, STM32G0C1CCT6, STM32G0C1CCT6N, STM32G0C1CCU6N, STM32G0C1CET6N, STM32G0C1CEU6N, STM32G0C1KCT6, STM32G0C1NEY6TR, STM32G0C1RCI6N, STM32G0C1RCT6N, STM32G0C1REI6N, STM32G0C1RET6N, STM32G0C1VCI6, STM32G0C1VEI6, STM32G471CCT6, STM32G471CCU6, STM32G471CET3, STM32G471CET6, STM32G471CEU3, STM32G471CEU6, STM32G471MCT6, STM32G471MET3, STM32G471MET6, STM32G471MEY6TR, STM32G471QCT6, STM32G471QET3, STM32G471RCT6, STM32G471RET3, STM32G471RET6, STM32G471VCH6, STM32G471VCI6, STM32G471VCT6, STM32G471VEH3, STM32G471VEH6, STM32G471VEI3, STM32G471VEI6, STM32G471VET3, STM32G471VET6, STM32G474CCT6, STM32H503CBT6, STM32H503CBU6, STM32H503EBY6TR, STM32H503KBU6, STM32H503RBT6, STM32H562AGI6, STM32H562AII6, STM32H562IGK6, STM32H562IGT6, STM32H562IIK6, STM32H562IIT6, STM32H562RGT6, STM32H562RGV6, STM32H562RIT6, STM32H562RIV6, STM32H562VGT6, STM32H562VIT6, STM32H562ZGT6, STM32H562ZIT6, STM32H563AGI6, STM32H563AII3Q, STM32H563AII6, STM32H563IGK6, STM32H563IGT6, STM32H563IIK3Q, STM32H563IIK6, STM32H563IIT3Q, STM32H563IIT6, STM32H563MIY3QTR, STM32H563RGT6, STM32H563RGV6, STM32H563RIT6, STM32H563RIV6, STM32H563VGT6, STM32H563VIT3Q, STM32H563VIT6, STM32H563ZGT6, STM32H563ZIT3Q, STM32H563ZIT6, STM32H573AII3Q, STM32H573AII6, STM32H573I-DK, STM32H573IIK3Q, STM32H573IIK6, STM32H573IIT3Q, STM32H573IIT6, STM32H573MIY3QTR, STM32H573RIT6, STM32H573RIV6, STM32H573VIT3Q, STM32H573VIT6, STM32H573ZIT3Q, STM32H573ZIT6, STM32L4R5QGI6STR, STM32MP131AAE3, STM32MP131AAF3, STM32MP131AAG3, STM32MP131CAE3, STM32MP131CAF3, STM32MP131CAG3, STM32MP131DAE7, STM32MP131DAF7, STM32MP131DAG7, STM32MP131FAE7, STM32MP131FAF7, STM32MP131FAG7, STM32MP133AAE3, STM32MP133AAF3, STM32MP133AAG3, STM32MP133CAE3, STM32MP133CAF3, STM32MP133CAG3, STM32MP133DAE7, STM32MP133DAF7, STM32MP133DAG7, STM32MP133FAE7, STM32MP133FAF7, STM32MP133FAG7, STM32MP135AAE3, STM32MP135AAF3, STM32MP135AAG3, STM32MP135CAE3, STM32MP135CAF3, STM32MP135CAG3, STM32MP135DAE7, STM32MP135DAF7, STM32MP135DAG7, STM32MP135F-DK, STM32MP135FAE7, STM32MP135FAF7, STM32MP135FAF7T, STM32MP135FAF7U, STM32MP135FAG7, STM32U535CBT6, STM32U535CBT6Q, STM32U535CBU6, STM32U535CBU6Q, STM32U535CCT6, STM32U535CCT6Q, STM32U535CCU6, STM32U535CCU6Q, STM32U535CET6, STM32U535CET6Q, STM32U535CEU6, STM32U535CEU6Q, STM32U535JEY6QTR, STM32U535NCY6QTR, STM32U535NEY6QTR, STM32U535RBI6, STM32U535RBI6Q, STM32U535RBT6, STM32U535RBT6Q, STM32U535RCI6, STM32U535RCI6Q, STM32U535RCT6, STM32U535RCT6Q, STM32U535REI6, STM32U535REI6Q, STM32U535RET6, STM32U535RET6Q, STM32U535VCI6, STM32U535VCI6Q, STM32U535VCT6, STM32U535VCT6Q, STM32U535VEI6, STM32U535VEI6Q, STM32U535VET6, STM32U535VET6Q, STM32U545CET6, STM32U545CET6Q, STM32U545CEU6, STM32U545CEU6Q, STM32U545JEY6QTR, STM32U545NEY6QTR, STM32U545REI6, STM32U545REI6Q, STM32U545RET6, STM32U545RET6Q, STM32U545VEI6, STM32U545VEI6Q, STM32U545VET6, STM32U545VET6Q, STM32U595AIH6, STM32U595AIH6Q, STM32U595AJH6, STM32U595AJH6Q, STM32U595QII6, STM32U595QII6Q, STM32U595QJI6, STM32U595QJI6Q, STM32U595RIT6, STM32U595RIT6Q, STM32U595RJT6, STM32U595RJT6Q, STM32U595VIT6, STM32U595VIT6Q, STM32U595VJT6, STM32U595VJT6Q, STM32U595ZIT6, STM32U595ZIT6Q, STM32U595ZIY6QTR, STM32U595ZJT6, STM32U595ZJT6Q, STM32U595ZJY6QTR, STM32U599BJY6QTR, STM32U599NIH6Q, STM32U599NJH6Q, STM32U599VIT6Q, STM32U599VJT6, STM32U599VJT6Q, STM32U599ZIT6Q, STM32U599ZIY6QTR, STM32U599ZJT6Q, STM32U599ZJY6QTR, STM32U5A5AJH6, STM32U5A5AJH6Q, STM32U5A5QJI6, STM32U5A5QJI6Q, STM32U5A5RJT6, STM32U5A5RJT6Q, STM32U5A5VJT6, STM32U5A5VJT6Q, STM32U5A5ZJT6, STM32U5A5ZJT6Q, STM32U5A5ZJY6QTR, STM32U5A9BJY6QTR, STM32U5A9J-DK, STM32U5A9NJH6Q, STM32U5A9VJT6Q, STM32U5A9ZJT6Q, STM32U5A9ZJY6QTR, STM32WB1MMCH6, STM32WBA52CEU6, STM32WBA52CEU6T, STM32WBA52CGU6, STM32WBA52CGU6T, STM32WL5MOCH6, STM32WL5MOCH6TR]
2024-01-19 09:45:30,090 [INFO] DbMcus:216 - Found 3861 MCUs, 3861 are supported
2024-01-19 09:45:30,090 [INFO] ApiDb:423 - Load user favorites file C:\Users\m-ali.khlifi-ext/.stm32cubeide/favorites.mcus.txt: 0 item(s)
2024-01-19 09:45:30,090 [INFO] ApiDb:427 - User favorites MCUs=[]
2024-01-19 09:45:30,090 [INFO] DbMcus:222 - Set 0 / 0 favorites MCUs
2024-01-19 09:45:30,310 [INFO] ApiDb:668 - CubeFinder database Data Model version=2.1
2024-01-19 09:45:30,310 [INFO] ApiDb:669 - CubeFinder database Configuration version=3.0.39
2024-01-19 09:45:30,310 [INFO] ApiDb:670 - CubeFinder database generation date=2023-12-08 (1702028721)
2024-01-19 09:45:30,310 [INFO] ApiDb:671 - CubeFinder database FW Pack versions=[FP-ATR-ASTRA1_V2.0.0, FP-SNS-FLIGHT1_V5.0.1, FP-SNS-FLIGHT1_V5.0.2, FP-SNS-MOTENV1_V4.3.1, FP-SNS-MOTENV1_V4.3.2, FP-SNS-MOTENVWB1_V1.3.1, FP-SNS-SMARTAG2_V1.2.0, STM32Cube_FW_C0_V1.1.0, STM32Cube_FW_F4_V1.28.0, STM32Cube_FW_F7_V1.17.0, STM32Cube_FW_G0_V1.6.1, STM32Cube_FW_G4_V1.5.1, STM32Cube_FW_H5_V0.5.1, STM32Cube_FW_H5_V1.1.1, STM32Cube_FW_H5_V1.2.0RC2, STM32Cube_FW_H7_V1.11.0, STM32Cube_FW_L0_V1.12.2, STM32Cube_FW_L5_V1.5.0, STM32Cube_FW_U5_V1.3.0RC4, STM32Cube_FW_U5_V1.4.0, STM32Cube_FW_WBA_V1.0.0RC1, STM32Cube_FW_WBA_V1.1.0RC1, STM32Cube_FW_WBA_V1.2.0, STM32Cube_FW_WBA_V1.2.0RC2, STM32Cube_FW_WB_V1.15.0RC1, STM32Cube_FW_WB_V1.16.0, STM32Cube_FW_WB_V1.16.0RC2, STM32Cube_FW_WB_V1.18.0, STM32Cube_FW_WL_V1.3.0, X-CUBE-ALGOBUILD_V1.3.0, X-CUBE-ALS_V1.0.1, X-CUBE-AZRTOS-F4_V1.1.0, X-CUBE-AZRTOS-F7_V1.1.0, X-CUBE-AZRTOS-G0_V1.1.0, X-CUBE-AZRTOS-G4_V2.0.0, X-CUBE-AZRTOS-H7_V3.1.0, X-CUBE-AZRTOS-L4_V1.0.0, X-CUBE-AZRTOS-L4_V2.0.0, X-CUBE-AZRTOS-L5_V1.1.0, X-CUBE-AZRTOS-WB_V2.0.0, X-CUBE-AZRTOS-WL_V2.0.0, X-CUBE-BLE1_V7.0.0, X-CUBE-BLE2_V3.3.0, X-CUBE-BLEMGR_V3.0.0, X-CUBE-EEPRMA1_V4.1.0, X-CUBE-EEPRMA1_V4.2.0, X-CUBE-FREERTOS_V1.1.0, X-CUBE-GNSS1_V6.0.0, X-CUBE-MEMS1_V10.0.0, X-CUBE-MEMS1_V9.1.0, X-CUBE-MEMS1_V9.4.0, X-CUBE-MEMS1_V9.6.0, X-CUBE-NFC4_V3.0.0, X-CUBE-NFC7_V1.0.1, X-CUBE-SFXS2LP1_V4.0.0, X-CUBE-SUBG2_V5.0.0, X-CUBE-TOF1_V3.4.0]
2024-01-19 09:45:30,383 [INFO] DbBoardsSqlite:226 - include board P-NUCLEO-WB55-NUCLEO as a kit item of type 'Nucleo-64'
2024-01-19 09:45:30,383 [INFO] DbBoardsSqlite:226 - include board P-NUCLEO-WB55-USBDONGLE as a kit item of type 'Nucleo USB Dongle'
2024-01-19 09:45:30,383 [INFO] DbBoardsSqlite:226 - include board STEVAL-IDP005V1 as a kit item of type 'Evaluation Board'
2024-01-19 09:45:30,383 [INFO] DbBoardsSqlite:226 - include board STEVAL-IDP005V2 as a kit item of type 'Evaluation Board'
2024-01-19 09:45:30,463 [INFO] ApiDb:240 - Found 297 in-development CPN: [B-G473E-ZEST1S, B-WB1M-WPAN1, B-WL5M-SUBG1, NUCLEO-C031C6, NUCLEO-H503RB, NUCLEO-H563ZI, NUCLEO-U545RE-Q, NUCLEO-U5A5ZJ-Q, NUCLEO-WBA52CG, STEVAL-PROTEUS1, STEVAL-STWINBX1, STM320518-EVAL, STM32C0116-DK, STM32C011D6Y3TR, STM32C011D6Y6TR, STM32C011F4P3, STM32C011F4P6, STM32C011F4U3, STM32C011F4U6TR, STM32C011F6P3, STM32C011F6P6, STM32C011F6U3, STM32C011F6U6TR, STM32C011J4M3, STM32C011J4M6, STM32C011J6M3, STM32C011J6M6, STM32C0316-DK, STM32C031C4T3, STM32C031C4T6, STM32C031C4U3, STM32C031C4U6, STM32C031C6T3, STM32C031C6T6, STM32C031C6U3, STM32C031C6U6, STM32C031F4P3, STM32C031F4P6, STM32C031F6P3, STM32C031F6P6, STM32C031G4U3, STM32C031G4U6, STM32C031G6U3, STM32C031G6U6, STM32C031K4T3, STM32C031K4T6, STM32C031K4U3, STM32C031K4U6, STM32C031K6T3, STM32C031K6T6, STM32C031K6U3, STM32C031K6U6, STM32G071K8TXN, STM32G071K8UXN, STM32G081GBU6N, STM32G081KBT6N, STM32G081KBUXN, STM32G0B1CCT6N, STM32G0B1KCT6, STM32G0B1NEY6TR, STM32G0B1RCT6N, STM32G0C1CCT6, STM32G0C1CCT6N, STM32G0C1CCU6N, STM32G0C1CET6N, STM32G0C1CEU6N, STM32G0C1KCT6, STM32G0C1NEY6TR, STM32G0C1RCI6N, STM32G0C1RCT6N, STM32G0C1REI6N, STM32G0C1RET6N, STM32G0C1VCI6, STM32G0C1VEI6, STM32G471CCT6, STM32G471CCU6, STM32G471CET3, STM32G471CET6, STM32G471CEU3, STM32G471CEU6, STM32G471MCT6, STM32G471MET3, STM32G471MET6, STM32G471MEY6TR, STM32G471QCT6, STM32G471QET3, STM32G471RCT6, STM32G471RET3, STM32G471RET6, STM32G471VCH6, STM32G471VCI6, STM32G471VCT6, STM32G471VEH3, STM32G471VEH6, STM32G471VEI3, STM32G471VEI6, STM32G471VET3, STM32G471VET6, STM32G474CCT6, STM32H503CBT6, STM32H503CBU6, STM32H503EBY6TR, STM32H503KBU6, STM32H503RBT6, STM32H562AGI6, STM32H562AII6, STM32H562IGK6, STM32H562IGT6, STM32H562IIK6, STM32H562IIT6, STM32H562RGT6, STM32H562RGV6, STM32H562RIT6, STM32H562RIV6, STM32H562VGT6, STM32H562VIT6, STM32H562ZGT6, STM32H562ZIT6, STM32H563AGI6, STM32H563AII3Q, STM32H563AII6, STM32H563IGK6, STM32H563IGT6, STM32H563IIK3Q, STM32H563IIK6, STM32H563IIT3Q, STM32H563IIT6, STM32H563MIY3QTR, STM32H563RGT6, STM32H563RGV6, STM32H563RIT6, STM32H563RIV6, STM32H563VGT6, STM32H563VIT3Q, STM32H563VIT6, STM32H563ZGT6, STM32H563ZIT3Q, STM32H563ZIT6, STM32H573AII3Q, STM32H573AII6, STM32H573I-DK, STM32H573IIK3Q, STM32H573IIK6, STM32H573IIT3Q, STM32H573IIT6, STM32H573MIY3QTR, STM32H573RIT6, STM32H573RIV6, STM32H573VIT3Q, STM32H573VIT6, STM32H573ZIT3Q, STM32H573ZIT6, STM32L4R5QGI6STR, STM32MP131AAE3, STM32MP131AAF3, STM32MP131AAG3, STM32MP131CAE3, STM32MP131CAF3, STM32MP131CAG3, STM32MP131DAE7, STM32MP131DAF7, STM32MP131DAG7, STM32MP131FAE7, STM32MP131FAF7, STM32MP131FAG7, STM32MP133AAE3, STM32MP133AAF3, STM32MP133AAG3, STM32MP133CAE3, STM32MP133CAF3, STM32MP133CAG3, STM32MP133DAE7, STM32MP133DAF7, STM32MP133DAG7, STM32MP133FAE7, STM32MP133FAF7, STM32MP133FAG7, STM32MP135AAE3, STM32MP135AAF3, STM32MP135AAG3, STM32MP135CAE3, STM32MP135CAF3, STM32MP135CAG3, STM32MP135DAE7, STM32MP135DAF7, STM32MP135DAG7, STM32MP135F-DK, STM32MP135FAE7, STM32MP135FAF7, STM32MP135FAF7T, STM32MP135FAF7U, STM32MP135FAG7, STM32U535CBT6, STM32U535CBT6Q, STM32U535CBU6, STM32U535CBU6Q, STM32U535CCT6, STM32U535CCT6Q, STM32U535CCU6, STM32U535CCU6Q, STM32U535CET6, STM32U535CET6Q, STM32U535CEU6, STM32U535CEU6Q, STM32U535JEY6QTR, STM32U535NCY6QTR, STM32U535NEY6QTR, STM32U535RBI6, STM32U535RBI6Q, STM32U535RBT6, STM32U535RBT6Q, STM32U535RCI6, STM32U535RCI6Q, STM32U535RCT6, STM32U535RCT6Q, STM32U535REI6, STM32U535REI6Q, STM32U535RET6, STM32U535RET6Q, STM32U535VCI6, STM32U535VCI6Q, STM32U535VCT6, STM32U535VCT6Q, STM32U535VEI6, STM32U535VEI6Q, STM32U535VET6, STM32U535VET6Q, STM32U545CET6, STM32U545CET6Q, STM32U545CEU6, STM32U545CEU6Q, STM32U545JEY6QTR, STM32U545NEY6QTR, STM32U545REI6, STM32U545REI6Q, STM32U545RET6, STM32U545RET6Q, STM32U545VEI6, STM32U545VEI6Q, STM32U545VET6, STM32U545VET6Q, STM32U595AIH6, STM32U595AIH6Q, STM32U595AJH6, STM32U595AJH6Q, STM32U595QII6, STM32U595QII6Q, STM32U595QJI6, STM32U595QJI6Q, STM32U595RIT6, STM32U595RIT6Q, STM32U595RJT6, STM32U595RJT6Q, STM32U595VIT6, STM32U595VIT6Q, STM32U595VJT6, STM32U595VJT6Q, STM32U595ZIT6, STM32U595ZIT6Q, STM32U595ZIY6QTR, STM32U595ZJT6, STM32U595ZJT6Q, STM32U595ZJY6QTR, STM32U599BJY6QTR, STM32U599NIH6Q, STM32U599NJH6Q, STM32U599VIT6Q, STM32U599VJT6, STM32U599VJT6Q, STM32U599ZIT6Q, STM32U599ZIY6QTR, STM32U599ZJT6Q, STM32U599ZJY6QTR, STM32U5A5AJH6, STM32U5A5AJH6Q, STM32U5A5QJI6, STM32U5A5QJI6Q, STM32U5A5RJT6, STM32U5A5RJT6Q, STM32U5A5VJT6, STM32U5A5VJT6Q, STM32U5A5ZJT6, STM32U5A5ZJT6Q, STM32U5A5ZJY6QTR, STM32U5A9BJY6QTR, STM32U5A9J-DK, STM32U5A9NJH6Q, STM32U5A9VJT6Q, STM32U5A9ZJT6Q, STM32U5A9ZJY6QTR, STM32WB1MMCH6, STM32WBA52CEU6, STM32WBA52CEU6T, STM32WBA52CGU6, STM32WBA52CGU6T, STM32WL5MOCH6, STM32WL5MOCH6TR]
2024-01-19 09:45:30,644 [INFO] BoardInfo:880 - No configuration file found for board P-NUCLEO-WB55
2024-01-19 09:45:30,644 [INFO] DbBoards:157 - Kit is not supported: P-NUCLEO-WB55
2024-01-19 09:45:30,652 [INFO] BoardInfo:880 - No configuration file found for board STEVAL-BFA001V1B
2024-01-19 09:45:30,652 [INFO] DbBoards:157 - Kit is not supported: STEVAL-BFA001V1B
2024-01-19 09:45:30,654 [INFO] BoardInfo:880 - No configuration file found for board STEVAL-BFA001V2B
2024-01-19 09:45:30,654 [INFO] DbBoards:157 - Kit is not supported: STEVAL-BFA001V2B
2024-01-19 09:45:30,654 [INFO] BoardInfo:880 - No configuration file found for board STEVAL-MKBOXPRO
2024-01-19 09:45:30,654 [INFO] DbBoards:157 - Board is not supported: STEVAL-MKBOXPRO
2024-01-19 09:45:30,665 [INFO] BoardInfo:880 - No configuration file found for board STEVAL-SMARTAG2
2024-01-19 09:45:30,665 [INFO] DbBoards:157 - Board is not supported: STEVAL-SMARTAG2
2024-01-19 09:45:30,771 [WARN] PackLoader:240 - Cannot read IP mode file for STMicroelectronics.X-CUBE-SMBUS.2.1.0
2024-01-19 09:45:30,793 [WARN] PackLoader:240 - Cannot read IP mode file for STMicroelectronics.X-CUBE-TOUCHGFX.4.23.0
2024-01-19 09:45:30,855 [WARN] PackLoader:240 - Cannot read IP mode file for STMicroelectronics.X-CUBE-AZRTOS-F7.1.1.0
2024-01-19 09:45:30,887 [INFO] DbBoards:161 - Found 189 boards, 184 are supported
2024-01-19 09:45:30,887 [ERROR] RealEvaluatedCondition:428 - Found unsupported composite condition: CLASS='Data Exchange' GROUP='STM32_MetaDataManager'
2024-01-19 09:45:30,893 [ERROR] RealEvaluatedCondition:428 - Found unsupported composite condition: GROUP='STM32_MetaDataManager' CLASS='Data Exchange'
2024-01-19 09:45:30,895 [WARN] PackLoader:240 - Cannot read IP mode file for STMicroelectronics.FP-SNS-MOTENV1.4.3.0
2024-01-19 09:45:30,895 [INFO] ApiDb:423 - Load user favorites file C:\Users\m-ali.khlifi-ext/.stm32cubeide/favorites.boards.txt: 0 item(s)
2024-01-19 09:45:30,895 [INFO] ApiDb:427 - User favorites Boards=[]
2024-01-19 09:45:30,895 [INFO] DbBoards:190 - Set 0 / 0 favorites Boards
2024-01-19 09:45:30,895 [INFO] ApiDb:668 - CubeFinder database Data Model version=2.1
2024-01-19 09:45:30,895 [INFO] ApiDb:669 - CubeFinder database Configuration version=3.0.39
2024-01-19 09:45:30,903 [INFO] ApiDb:670 - CubeFinder database generation date=2023-12-08 (1702028721)
2024-01-19 09:45:30,903 [INFO] ApiDb:671 - CubeFinder database FW Pack versions=[FP-ATR-ASTRA1_V2.0.0, FP-SNS-FLIGHT1_V5.0.1, FP-SNS-FLIGHT1_V5.0.2, FP-SNS-MOTENV1_V4.3.1, FP-SNS-MOTENV1_V4.3.2, FP-SNS-MOTENVWB1_V1.3.1, FP-SNS-SMARTAG2_V1.2.0, STM32Cube_FW_C0_V1.1.0, STM32Cube_FW_F4_V1.28.0, STM32Cube_FW_F7_V1.17.0, STM32Cube_FW_G0_V1.6.1, STM32Cube_FW_G4_V1.5.1, STM32Cube_FW_H5_V0.5.1, STM32Cube_FW_H5_V1.1.1, STM32Cube_FW_H5_V1.2.0RC2, STM32Cube_FW_H7_V1.11.0, STM32Cube_FW_L0_V1.12.2, STM32Cube_FW_L5_V1.5.0, STM32Cube_FW_U5_V1.3.0RC4, STM32Cube_FW_U5_V1.4.0, STM32Cube_FW_WBA_V1.0.0RC1, STM32Cube_FW_WBA_V1.1.0RC1, STM32Cube_FW_WBA_V1.2.0, STM32Cube_FW_WBA_V1.2.0RC2, STM32Cube_FW_WB_V1.15.0RC1, STM32Cube_FW_WB_V1.16.0, STM32Cube_FW_WB_V1.16.0RC2, STM32Cube_FW_WB_V1.18.0, STM32Cube_FW_WL_V1.3.0, X-CUBE-ALGOBUILD_V1.3.0, X-CUBE-ALS_V1.0.1, X-CUBE-AZRTOS-F4_V1.1.0, X-CUBE-AZRTOS-F7_V1.1.0, X-CUBE-AZRTOS-G0_V1.1.0, X-CUBE-AZRTOS-G4_V2.0.0, X-CUBE-AZRTOS-H7_V3.1.0, X-CUBE-AZRTOS-L4_V1.0.0, X-CUBE-AZRTOS-L4_V2.0.0, X-CUBE-AZRTOS-L5_V1.1.0, X-CUBE-AZRTOS-WB_V2.0.0, X-CUBE-AZRTOS-WL_V2.0.0, X-CUBE-BLE1_V7.0.0, X-CUBE-BLE2_V3.3.0, X-CUBE-BLEMGR_V3.0.0, X-CUBE-EEPRMA1_V4.1.0, X-CUBE-EEPRMA1_V4.2.0, X-CUBE-FREERTOS_V1.1.0, X-CUBE-GNSS1_V6.0.0, X-CUBE-MEMS1_V10.0.0, X-CUBE-MEMS1_V9.1.0, X-CUBE-MEMS1_V9.4.0, X-CUBE-MEMS1_V9.6.0, X-CUBE-NFC4_V3.0.0, X-CUBE-NFC7_V1.0.1, X-CUBE-SFXS2LP1_V4.0.0, X-CUBE-SUBG2_V5.0.0, X-CUBE-TOF1_V3.4.0]
2024-01-19 09:45:30,915 [WARN] PackLoader:240 - Cannot read IP mode file for STMicroelectronics.FP-SNS-MOTENV1.4.3.2
2024-01-19 09:45:30,933 [WARN] PackLoader:240 - Cannot read IP mode file for STMicroelectronics.FP-SNS-FLIGHT1.5.0.0
2024-01-19 09:45:30,946 [ERROR] RealEvaluatedCondition:428 - Found unsupported composite condition: GROUP='STM32_MetaDataManager' CLASS='Data Exchange'
2024-01-19 09:45:30,946 [ERROR] RealEvaluatedCondition:428 - Found unsupported composite condition: GROUP='STM32_MetaDataManager' CLASS='Data Exchange'
2024-01-19 09:45:30,946 [WARN] PackLoader:240 - Cannot read IP mode file for STMicroelectronics.FP-SNS-MOTENV1.4.3.1
2024-01-19 09:45:30,966 [WARN] PackLoader:240 - Cannot read IP mode file for STMicroelectronics.FP-SNS-FLIGHT1.5.0.1
2024-01-19 09:45:30,986 [WARN] PackLoader:240 - Cannot read IP mode file for STMicroelectronics.X-CUBE-BLE1.6.2.4
2024-01-19 09:45:31,006 [WARN] PackLoader:240 - Cannot read IP mode file for STMicroelectronics.FP-SNS-FLIGHT1.5.0.2
2024-01-19 09:45:31,026 [WARN] PackLoader:240 - Cannot read IP mode file for STMicroelectronics.X-CUBE-DISPLAY.3.0.0
2024-01-19 09:45:31,064 [WARN] PackLoader:240 - Cannot read IP mode file for STMicroelectronics.X-CUBE-BLE1.7.0.0
2024-01-19 09:45:31,087 [WARN] PackLoader:240 - Cannot read IP mode file for STMicroelectronics.X-CUBE-TOUCHGFX.4.22.0
2024-01-19 09:45:31,097 [WARN] PackLoader:240 - Cannot read IP mode file for STMicroelectronics.X-CUBE-TOUCHGFX.4.22.1
2024-01-19 09:45:31,117 [WARN] PackLoader:240 - Cannot read IP mode file for STMicroelectronics.FP-SNS-SMARTAG2.1.2.0
