2023-06-02 09:16:12,641 [INFO] Activator:176 - 


2023-06-02 09:16:12,656 [INFO] Activator:177 - !SESSION log4j initialized
2023-06-02 09:16:18,680 [INFO] LogOutputStream:77 - [STDOUT_REDIRECT] 
2023-06-02 09:16:40,618 [ERROR] LogOutputStream:75 - [STDERR_REDIRECT] SLF4J: Failed to load class "org.slf4j.impl.StaticLoggerBinder".
2023-06-02 09:16:40,618 [ERROR] LogOutputStream:75 - [STDERR_REDIRECT] SLF4J: Defaulting to no-operation (NOP) logger implementation
2023-06-02 09:16:40,618 [ERROR] LogOutputStream:75 - [STDERR_REDIRECT] SLF4J: See http://www.slf4j.org/codes.html#StaticLoggerBinder for further details.
2023-06-02 15:24:10,529 [INFO] ApplicationProperties:184 - Using Application install path: C:\ST\STM32CubeIDE_1.12.0\STM32CubeIDE\plugins\com.st.stm32cube.common.mx_6.8.1.202304191431
2023-06-02 15:24:10,544 [INFO] DbMcusXml:78 - Set database path to: C:\ST\STM32CubeIDE_1.12.0\STM32CubeIDE\plugins\com.st.stm32cube.common.mx_6.8.1.202304191431\\db\/mcu/
2023-06-02 15:24:10,544 [INFO] ApiDb:274 - Set plugin database path to: C:\ST\STM32CubeIDE_1.12.0\STM32CubeIDE\plugins\com.st.stm32cube.common.mx_6.8.1.202304191431\\db\/plugins/boardmanager/
2023-06-02 15:24:10,544 [WARN] ApiDb:259 - Overriding images path with different value:  => C:\ST\STM32CubeIDE_1.12.0\STM32CubeIDE\plugins\com.st.stm32cube.common.mx_6.8.1.202304191431\\db\/plugins/mcufinder/images/
2023-06-02 15:24:10,575 [INFO] ApiDb:250 - Set database path to: C:\Users\m-ali.khlifi-ext\.stmcufinder\plugins\mcufinder//mcu/
2023-06-02 15:24:10,576 [INFO] DbMcusAds:125 - Set database path to: C:\Users\m-ali.khlifi-ext\.stmcufinder\plugins\mcufinder//mcu/
2023-06-02 15:24:10,655 [INFO] CrossReferenceDbSqlite:203 - Set database path to: C:\Users\m-ali.khlifi-ext\.stmcufinder\plugins\mcufinder//mcu/cs/
2023-06-02 15:24:10,756 [INFO] RulesReader:64 - Compatibility file has been processed (293 Rules)
2023-06-02 15:24:10,893 [INFO] DbMcusXml:78 - Set database path to: C:\ST\STM32CubeIDE_1.12.0\STM32CubeIDE\plugins\com.st.stm32cube.common.mx_6.8.1.202304191431\\db\/mcu/
2023-06-02 15:24:10,893 [INFO] ApiDb:274 - Set plugin database path to: C:\ST\STM32CubeIDE_1.12.0\STM32CubeIDE\plugins\com.st.stm32cube.common.mx_6.8.1.202304191431\\db\/plugins/boardmanager/
2023-06-02 15:24:10,893 [INFO] ApiDb:261 - Set plugin images path to: C:\ST\STM32CubeIDE_1.12.0\STM32CubeIDE\plugins\com.st.stm32cube.common.mx_6.8.1.202304191431\\db\/plugins/mcufinder/images/
2023-06-02 15:24:10,893 [WARN] DbFile:41 - Overriding database path with different value: C:\Users\m-ali.khlifi-ext\.stmcufinder\plugins\mcufinder/ => C:\Users\m-ali.khlifi-ext\.stmcufinder\plugins\mcufinder
2023-06-02 15:24:10,893 [INFO] ApiDb:250 - Set database path to: C:\Users\m-ali.khlifi-ext\.stmcufinder\plugins\mcufinder//mcu/
2023-06-02 15:24:10,893 [WARN] DbFile:41 - Overriding database path with different value: C:\Users\m-ali.khlifi-ext\.stmcufinder\plugins\mcufinder/ => C:\Users\m-ali.khlifi-ext\.stmcufinder\plugins\mcufinder
2023-06-02 15:24:10,893 [INFO] DbMcusAds:125 - Set database path to: C:\Users\m-ali.khlifi-ext\.stmcufinder\plugins\mcufinder//mcu/
2023-06-02 15:24:10,893 [WARN] DbFile:41 - Overriding database path with different value: C:\Users\m-ali.khlifi-ext\.stmcufinder\plugins\mcufinder/ => C:\Users\m-ali.khlifi-ext\.stmcufinder\plugins\mcufinder
2023-06-02 15:24:10,893 [WARN] DbFile:41 - Overriding database path with different value: C:\Users\m-ali.khlifi-ext\.stmcufinder\plugins\mcufinder/ => C:\Users\m-ali.khlifi-ext\.stmcufinder\plugins\mcufinder
2023-06-02 15:24:10,893 [INFO] CrossReferenceDbSqlite:203 - Set database path to: C:\Users\m-ali.khlifi-ext\.stmcufinder\plugins\mcufinder//mcu/cs/
2023-06-02 15:24:11,008 [INFO] MainPanel:253 - HeapMemory: 1073741824
2023-06-02 15:24:11,109 [INFO] DbMcusXml:78 - Set database path to: C:\ST\STM32CubeIDE_1.12.0\STM32CubeIDE\plugins\com.st.stm32cube.common.mx_6.8.1.202304191431\\db\/mcu/
2023-06-02 15:24:11,109 [INFO] ApiDb:274 - Set plugin database path to: C:\ST\STM32CubeIDE_1.12.0\STM32CubeIDE\plugins\com.st.stm32cube.common.mx_6.8.1.202304191431\\db\/plugins/boardmanager/
2023-06-02 15:24:11,109 [INFO] ApiDb:261 - Set plugin images path to: C:\ST\STM32CubeIDE_1.12.0\STM32CubeIDE\plugins\com.st.stm32cube.common.mx_6.8.1.202304191431\\db\/plugins/mcufinder/images/
2023-06-02 15:24:11,109 [WARN] DbFile:41 - Overriding database path with different value: C:\Users\m-ali.khlifi-ext\.stmcufinder\plugins\mcufinder/ => C:\Users\m-ali.khlifi-ext\.stmcufinder\plugins\mcufinder
2023-06-02 15:24:11,109 [INFO] ApiDb:250 - Set database path to: C:\Users\m-ali.khlifi-ext\.stmcufinder\plugins\mcufinder//mcu/
2023-06-02 15:24:11,109 [WARN] DbFile:41 - Overriding database path with different value: C:\Users\m-ali.khlifi-ext\.stmcufinder\plugins\mcufinder/ => C:\Users\m-ali.khlifi-ext\.stmcufinder\plugins\mcufinder
2023-06-02 15:24:11,109 [INFO] DbMcusAds:125 - Set database path to: C:\Users\m-ali.khlifi-ext\.stmcufinder\plugins\mcufinder//mcu/
2023-06-02 15:24:11,109 [WARN] DbFile:41 - Overriding database path with different value: C:\Users\m-ali.khlifi-ext\.stmcufinder\plugins\mcufinder/ => C:\Users\m-ali.khlifi-ext\.stmcufinder\plugins\mcufinder
2023-06-02 15:24:11,109 [WARN] DbFile:41 - Overriding database path with different value: C:\Users\m-ali.khlifi-ext\.stmcufinder\plugins\mcufinder/ => C:\Users\m-ali.khlifi-ext\.stmcufinder\plugins\mcufinder
2023-06-02 15:24:11,109 [INFO] CrossReferenceDbSqlite:203 - Set database path to: C:\Users\m-ali.khlifi-ext\.stmcufinder\plugins\mcufinder//mcu/cs/
2023-06-02 15:24:11,140 [INFO] ApplicationProperties:184 - Using Application install path: C:\ST\STM32CubeIDE_1.12.0\STM32CubeIDE\plugins\com.st.stm32cube.common.mx_6.8.1.202304191431
2023-06-02 15:24:11,140 [INFO] PluginManage:196 - Search for loadable plugins [exclusion list=, ]
2023-06-02 15:24:11,140 [INFO] PluginManage:310 - Check plugin analytics
2023-06-02 15:24:11,325 [INFO] AnalyticsPlugin:253 - Accepted Software Licenses: 
2023-06-02 15:24:11,325 [INFO] AnalyticsPlugin:255 - Accepted CMSIS Pack Licenses: 
2023-06-02 15:24:11,325 [INFO] AnalyticsPlugin:257 - Accepted Firmware Licenses: FW.F4.1.27.0
2023-06-02 15:24:11,340 [INFO] PluginManage:359 - Loaded plugin analytics (category:tool,tabindex:-1)
2023-06-02 15:24:11,340 [INFO] PluginManage:310 - Check plugin cadmodel
2023-06-02 15:24:11,356 [INFO] CADModel:105 - Init CAD model plugin
2023-06-02 15:24:11,356 [INFO] PluginManage:359 - Loaded plugin cadmodel (category:power,tabindex:5)
2023-06-02 15:24:11,356 [INFO] PluginManage:310 - Check plugin clock
2023-06-02 15:24:11,378 [INFO] PluginManage:359 - Loaded plugin clock (category:base,tabindex:2)
2023-06-02 15:24:11,378 [INFO] PluginManage:310 - Check plugin ddr
2023-06-02 15:24:11,378 [INFO] PluginManage:359 - Loaded plugin ddr (category:tool,tabindex:6)
2023-06-02 15:24:11,378 [INFO] PluginManage:310 - Check plugin filemanager
2023-06-02 15:24:11,525 [INFO] PluginManage:359 - Loaded plugin filemanager (category:base,tabindex:10)
2023-06-02 15:24:11,525 [INFO] PluginManage:310 - Check plugin ipmanager
2023-06-02 15:24:11,541 [INFO] PluginManage:359 - Loaded plugin ipmanager (category:base,tabindex:5)
2023-06-02 15:24:11,541 [INFO] PluginManage:310 - Check plugin lpbam
2023-06-02 15:24:11,557 [INFO] PluginManage:359 - Loaded plugin lpbam (category:base,tabindex:0)
2023-06-02 15:24:11,557 [INFO] PluginManage:310 - Check plugin pinoutandconfiguration
2023-06-02 15:24:11,579 [INFO] PluginManage:359 - Loaded plugin pinoutandconfiguration (category:base,tabindex:1)
2023-06-02 15:24:11,579 [INFO] PluginManage:310 - Check plugin pinoutconfig
2023-06-02 15:24:11,695 [WARN] SupportedApi:132 - Cannot load RTOS API schema: s4s-elt-must-match.1: The content of 'definitions' must match (annotation?, (simpleType | complexType)?, (unique | key | keyref)*)). A problem was found starting at: attribute.
2023-06-02 15:24:11,857 [INFO] PluginManage:359 - Loaded plugin pinoutconfig (category:base,tabindex:0)
2023-06-02 15:24:11,857 [INFO] PluginManage:310 - Check plugin power
2023-06-02 15:24:11,880 [INFO] PluginManage:359 - Loaded plugin power (category:power,tabindex:4)
2023-06-02 15:24:11,880 [INFO] PluginManage:310 - Check plugin projectmanager
2023-06-02 15:24:11,895 [INFO] PluginManage:359 - Loaded plugin projectmanager (category:projectmanager,tabindex:3)
2023-06-02 15:24:11,895 [INFO] PluginManage:310 - Check plugin thirdparty
2023-06-02 15:24:12,096 [INFO] PluginManage:359 - Loaded plugin thirdparty (category:base,tabindex:-1)
2023-06-02 15:24:12,096 [INFO] PluginManage:310 - Check plugin tools
2023-06-02 15:24:12,096 [WARN] IntegrityCheckThread:84 - waiting for thirdparty lock release [integrity check]
2023-06-02 15:24:12,096 [INFO] IntegrityCheckThread:86 - entering critical section [integrity check]
2023-06-02 15:24:12,096 [INFO] ThirdPartyUpdaterWithRetryManager:70 - Updater plugin not ready yet. [1/15]
2023-06-02 15:24:12,096 [INFO] PluginManage:359 - Loaded plugin tools (category:base,tabindex:7)
2023-06-02 15:24:12,096 [INFO] PluginManage:310 - Check plugin tutovideos
2023-06-02 15:24:12,374 [INFO] PluginManage:359 - Loaded plugin tutovideos (category:base,tabindex:-1)
2023-06-02 15:24:12,374 [INFO] PluginManage:310 - Check plugin updater
2023-06-02 15:24:12,381 [INFO] PluginManage:359 - Loaded plugin updater (category:base,tabindex:12)
2023-06-02 15:24:12,381 [INFO] PluginManage:283 - PluginManage : Loaded plugins [15]
2023-06-02 15:24:12,760 [INFO] PinOutPanel:1499 - setPackage(No Configuration,No Configuration)
2023-06-02 15:24:12,898 [INFO] CADModel:165 - CPN selected for project level
2023-06-02 15:24:12,898 [INFO] CADModel:114 - Register for checkConnection events
2023-06-02 15:24:12,944 [INFO] IPUIPlugin:80 - create IPUIPlugin
2023-06-02 15:24:12,944 [INFO] PluginManager:220 - loadIPPluginJar : add adc
2023-06-02 15:24:12,960 [INFO] IPUIPlugin:80 - create IPUIPlugin
2023-06-02 15:24:12,960 [INFO] PluginManager:220 - loadIPPluginJar : add aes
2023-06-02 15:24:12,976 [INFO] IPUIPlugin:80 - create IPUIPlugin
2023-06-02 15:24:12,976 [INFO] PluginManager:220 - loadIPPluginJar : add can
2023-06-02 15:24:12,982 [INFO] IPUIPlugin:80 - create IPUIPlugin
2023-06-02 15:24:12,982 [INFO] PluginManager:220 - loadIPPluginJar : add comp
2023-06-02 15:24:12,998 [INFO] IPUIPlugin:80 - create IPUIPlugin
2023-06-02 15:24:12,998 [INFO] PluginManager:220 - loadIPPluginJar : add cryp
2023-06-02 15:24:13,013 [INFO] IPUIPlugin:80 - create IPUIPlugin
2023-06-02 15:24:13,013 [INFO] PluginManager:220 - loadIPPluginJar : add dfsdm
2023-06-02 15:24:13,029 [INFO] IPUIPlugin:80 - create IPUIPlugin
2023-06-02 15:24:13,029 [INFO] PluginManager:220 - loadIPPluginJar : add dma
2023-06-02 15:24:13,060 [INFO] IPUIPlugin:80 - create IPUIPlugin
2023-06-02 15:24:13,060 [INFO] PluginManager:220 - loadIPPluginJar : add dma3
2023-06-02 15:24:13,060 [INFO] IPUIPlugin:80 - create IPUIPlugin
2023-06-02 15:24:13,060 [INFO] PluginManager:220 - loadIPPluginJar : add fatfs
2023-06-02 15:24:13,082 [INFO] IPUIPlugin:80 - create IPUIPlugin
2023-06-02 15:24:13,082 [INFO] PluginManager:220 - loadIPPluginJar : add fmc
2023-06-02 15:24:13,114 [INFO] IPUIPlugin:80 - create IPUIPlugin
2023-06-02 15:24:13,114 [INFO] PluginManager:220 - loadIPPluginJar : add freertos
2023-06-02 15:24:13,114 [INFO] IPUIPlugin:80 - create IPUIPlugin
2023-06-02 15:24:13,114 [INFO] PluginManager:220 - loadIPPluginJar : add genericplugin
2023-06-02 15:24:13,129 [INFO] IPUIPlugin:80 - create IPUIPlugin
2023-06-02 15:24:13,129 [INFO] PluginManager:220 - loadIPPluginJar : add gfxmmu
2023-06-02 15:24:13,161 [INFO] IPUIPlugin:80 - create IPUIPlugin
2023-06-02 15:24:13,161 [INFO] PluginManager:220 - loadIPPluginJar : add gic
2023-06-02 15:24:13,183 [INFO] IPUIPlugin:80 - create IPUIPlugin
2023-06-02 15:24:13,183 [INFO] PluginManager:220 - loadIPPluginJar : add gpio
2023-06-02 15:24:13,198 [INFO] IPUIPlugin:80 - create IPUIPlugin
2023-06-02 15:24:13,198 [INFO] PluginManager:220 - loadIPPluginJar : add gtzc
2023-06-02 15:24:13,214 [INFO] IPUIPlugin:80 - create IPUIPlugin
2023-06-02 15:24:13,214 [INFO] PluginManager:220 - loadIPPluginJar : add hash
2023-06-02 15:24:13,230 [INFO] IPUIPlugin:80 - create IPUIPlugin
2023-06-02 15:24:13,230 [INFO] PluginManager:220 - loadIPPluginJar : add i2c
2023-06-02 15:24:13,245 [INFO] IPUIPlugin:80 - create IPUIPlugin
2023-06-02 15:24:13,245 [INFO] PluginManager:220 - loadIPPluginJar : add i2s
2023-06-02 15:24:13,261 [INFO] IPUIPlugin:80 - create IPUIPlugin
2023-06-02 15:24:13,261 [INFO] PluginManager:220 - loadIPPluginJar : add i3c
2023-06-02 15:24:13,283 [INFO] IPUIPlugin:80 - create IPUIPlugin
2023-06-02 15:24:13,283 [INFO] PluginManager:220 - loadIPPluginJar : add ipddr
2023-06-02 15:24:13,299 [INFO] IPUIPlugin:80 - create IPUIPlugin
2023-06-02 15:24:13,299 [INFO] PluginManager:220 - loadIPPluginJar : add linkedlist
2023-06-02 15:24:13,314 [INFO] IPUIPlugin:80 - create IPUIPlugin
2023-06-02 15:24:13,314 [INFO] PluginManager:220 - loadIPPluginJar : add lorawan
2023-06-02 15:24:13,330 [INFO] IPUIPlugin:80 - create IPUIPlugin
2023-06-02 15:24:13,330 [INFO] PluginManager:220 - loadIPPluginJar : add ltdc
2023-06-02 15:24:13,361 [INFO] IPUIPlugin:80 - create IPUIPlugin
2023-06-02 15:24:13,361 [INFO] PluginManager:220 - loadIPPluginJar : add mdma
2023-06-02 15:24:13,377 [INFO] IPUIPlugin:80 - create IPUIPlugin
2023-06-02 15:24:13,377 [INFO] PluginManager:220 - loadIPPluginJar : add nvic
2023-06-02 15:24:13,383 [INFO] IPUIPlugin:80 - create IPUIPlugin
2023-06-02 15:24:13,383 [INFO] PluginManager:220 - loadIPPluginJar : add opamp
2023-06-02 15:24:13,414 [INFO] IPUIPlugin:80 - create IPUIPlugin
2023-06-02 15:24:13,414 [INFO] PluginManager:220 - loadIPPluginJar : add openamp
2023-06-02 15:24:13,430 [INFO] IPUIPlugin:80 - create IPUIPlugin
2023-06-02 15:24:13,430 [INFO] PluginManager:220 - loadIPPluginJar : add pdm2pcm
2023-06-02 15:24:13,446 [INFO] IPUIPlugin:80 - create IPUIPlugin
2023-06-02 15:24:13,446 [INFO] PluginManager:220 - loadIPPluginJar : add plateformsettings
2023-06-02 15:24:13,461 [INFO] IPUIPlugin:80 - create IPUIPlugin
2023-06-02 15:24:13,461 [INFO] PluginManager:220 - loadIPPluginJar : add quadspi
2023-06-02 15:24:13,477 [INFO] IPUIPlugin:80 - create IPUIPlugin
2023-06-02 15:24:13,477 [INFO] PluginManager:220 - loadIPPluginJar : add resmgrutility
2023-06-02 15:24:13,483 [INFO] IPUIPlugin:80 - create IPUIPlugin
2023-06-02 15:24:13,483 [INFO] PluginManager:220 - loadIPPluginJar : add sai
2023-06-02 15:24:13,499 [INFO] IPUIPlugin:80 - create IPUIPlugin
2023-06-02 15:24:13,499 [INFO] PluginManager:220 - loadIPPluginJar : add spi
2023-06-02 15:24:13,515 [INFO] IPUIPlugin:80 - create IPUIPlugin
2023-06-02 15:24:13,515 [INFO] PluginManager:220 - loadIPPluginJar : add stm32_wpan
2023-06-02 15:24:13,530 [INFO] IPUIPlugin:80 - create IPUIPlugin
2023-06-02 15:24:13,530 [INFO] PluginManager:220 - loadIPPluginJar : add tim
2023-06-02 15:24:13,546 [INFO] IPUIPlugin:80 - create IPUIPlugin
2023-06-02 15:24:13,546 [INFO] PluginManager:220 - loadIPPluginJar : add touchsensing
2023-06-02 15:24:13,562 [INFO] IPUIPlugin:80 - create IPUIPlugin
2023-06-02 15:24:13,562 [INFO] PluginManager:220 - loadIPPluginJar : add tracer_emb
2023-06-02 15:24:13,615 [INFO] IPUIPlugin:80 - create IPUIPlugin
2023-06-02 15:24:13,615 [INFO] PluginManager:220 - loadIPPluginJar : add ts
2023-06-02 15:24:13,615 [INFO] IPUIPlugin:80 - create IPUIPlugin
2023-06-02 15:24:13,615 [INFO] PluginManager:220 - loadIPPluginJar : add tsc
2023-06-02 15:24:13,631 [INFO] IPUIPlugin:80 - create IPUIPlugin
2023-06-02 15:24:13,631 [INFO] PluginManager:220 - loadIPPluginJar : add ucpd
2023-06-02 15:24:13,646 [INFO] IPUIPlugin:80 - create IPUIPlugin
2023-06-02 15:24:13,646 [INFO] PluginManager:220 - loadIPPluginJar : add usart
2023-06-02 15:24:13,662 [INFO] IPUIPlugin:80 - create IPUIPlugin
2023-06-02 15:24:13,662 [INFO] PluginManager:220 - loadIPPluginJar : add usbx
2023-06-02 15:24:13,833 [INFO] CADModel:165 - CPN selected for project level
2023-06-02 15:24:13,833 [INFO] CADModel:114 - Register for checkConnection events
2023-06-02 15:24:13,833 [FATAL] Updater:308 - Updater called before beeing initialized
2023-06-02 15:24:13,833 [ERROR] CADModel:125 - Updater not yet initialized, retry later 
2023-06-02 15:24:14,000 [INFO] CADModel:165 - CPN selected for project level
2023-06-02 15:24:14,000 [INFO] CADModel:114 - Register for checkConnection events
2023-06-02 15:24:14,000 [FATAL] Updater:308 - Updater called before beeing initialized
2023-06-02 15:24:14,000 [ERROR] CADModel:125 - Updater not yet initialized, retry later 
2023-06-02 15:24:14,000 [FATAL] Updater:308 - Updater called before beeing initialized
2023-06-02 15:24:14,185 [FATAL] Updater:308 - Updater called before beeing initialized
2023-06-02 15:24:14,185 [INFO] DbMcusAds:53 - JSON generation date=Tue Mar 07 09:50:54 CET 2023 (1678179054945)
2023-06-02 15:24:14,185 [FATAL] Updater:308 - Updater called before beeing initialized
2023-06-02 15:24:14,285 [WARN] DetailPanel:346 - Failed to get advertising image, set to default
2023-06-02 15:24:14,432 [FATAL] Updater:308 - Updater called before beeing initialized
2023-06-02 15:24:14,432 [FATAL] Updater:308 - Updater called before beeing initialized
2023-06-02 15:24:14,432 [FATAL] Updater:308 - Updater called before beeing initialized
2023-06-02 15:24:14,432 [WARN] DetailPanel:346 - Failed to get advertising image, set to default
2023-06-02 15:24:14,432 [FATAL] Updater:308 - Updater called before beeing initialized
2023-06-02 15:24:14,510 [ERROR] Updater:1120 - MainUpdater not yet initialized. External WinMGr cannot be set.
2023-06-02 15:24:14,514 [INFO] Updater:1056 - Updater Version found : 6.8.1
2023-06-02 15:24:14,535 [INFO] ApplicationProperties:184 - Using Application install path: C:\ST\STM32CubeIDE_1.12.0\STM32CubeIDE\plugins\com.st.stm32cube.common.mx_6.8.1.202304191431
2023-06-02 15:24:14,818 [INFO] MainUpdater:2854 - connection check result : 10
2023-06-02 15:24:14,818 [INFO] MainUpdater:283 - Updater Check For Update Now.
2023-06-02 15:24:14,818 [INFO] MicroXplorer:498 - Change Database Version : DB.6.0.81
2023-06-02 15:24:15,003 [INFO] CheckServerUpdateThread:120 - End of CheckServer Thread
2023-06-02 15:24:15,034 [INFO] MainUpdater:2854 - connection check result : 10
2023-06-02 15:24:15,034 [INFO] MainUpdater:2854 - connection check result : 10
2023-06-02 15:24:15,119 [INFO] MicroXplorer:468 - Change Database Path : 
2023-06-02 15:24:15,119 [INFO] MicroXplorer:498 - Change Database Version : DB.6.0.81
2023-06-02 15:24:15,119 [WARN] ThirdParty:871 - waiting for thirdparty lock release [close project]
2023-06-02 15:24:15,420 [WARN] PackLoader:240 - Cannot read IP mode file for STMicroelectronics.X-CUBE-GNSS1.6.0.0
2023-06-02 15:24:15,520 [WARN] PackLoader:240 - Cannot read IP mode file for STMicroelectronics.X-CUBE-AZRTOS-F4.1.1.0
2023-06-02 15:24:15,546 [WARN] PackLoader:240 - Cannot read IP mode file for STMicroelectronics.X-CUBE-SMBUS.2.1.0
2023-06-02 15:24:15,546 [WARN] PackLoader:240 - Cannot read IP mode file for wolfSSL.I-CUBE-wolfSSL.5.6.0
2023-06-02 15:24:15,589 [WARN] PackLoader:240 - Cannot read IP mode file for STMicroelectronics.X-CUBE-AZRTOS-F7.1.1.0
2023-06-02 15:24:15,720 [WARN] PackLoader:240 - Cannot read IP mode file for STMicroelectronics.X-CUBE-MEMS1.9.6.0
2023-06-02 15:24:16,108 [ERROR] RealEvaluatedCondition:428 - Found unsupported composite condition: GROUP='STM32_MetaDataManager' CLASS='Data Exchange'
2023-06-02 15:24:16,108 [ERROR] RealEvaluatedCondition:428 - Found unsupported composite condition: GROUP='STM32_MetaDataManager' CLASS='Data Exchange'
2023-06-02 15:24:16,108 [WARN] PackLoader:240 - Cannot read IP mode file for STMicroelectronics.FP-SNS-MOTENV1.4.3.0
2023-06-02 15:24:16,130 [WARN] PackLoader:240 - Cannot read IP mode file for STMicroelectronics.FP-SNS-FLIGHT1.5.0.0
2023-06-02 15:24:16,146 [ERROR] RealEvaluatedCondition:428 - Found unsupported composite condition: GROUP='STM32_MetaDataManager' CLASS='Data Exchange'
2023-06-02 15:24:16,146 [ERROR] RealEvaluatedCondition:428 - Found unsupported composite condition: CLASS='Data Exchange' GROUP='STM32_MetaDataManager'
2023-06-02 15:24:16,146 [WARN] PackLoader:240 - Cannot read IP mode file for STMicroelectronics.FP-SNS-MOTENV1.4.3.1
2023-06-02 15:24:16,162 [WARN] PackLoader:240 - Cannot read IP mode file for STMicroelectronics.FP-SNS-FLIGHT1.5.0.1
2023-06-02 15:24:16,177 [WARN] PackLoader:240 - Cannot read IP mode file for STMicroelectronics.X-CUBE-BLE1.6.2.4
2023-06-02 15:24:16,231 [WARN] PackLoader:240 - Cannot read IP mode file for emotas.I-CUBE-CANOPEN.1.1.3
2023-06-02 15:24:16,262 [WARN] PackLoader:240 - Cannot read IP mode file for STMicroelectronics.X-CUBE-BLEMGR.2.0.0
2023-06-02 15:24:16,309 [WARN] ConditionMgr:438 - getConditionDescription Invalid condition id : UX DEVICE CLASS RTOS Condition cause : null
2023-06-02 15:24:16,309 [WARN] ConditionMgr:438 - getConditionDescription Invalid condition id : UX DEVICE CLASS RTOS Condition cause : null
2023-06-02 15:24:16,324 [WARN] PackLoader:240 - Cannot read IP mode file for STMicroelectronics.X-CUBE-AZRTOS-H7.3.1.0
2023-06-02 15:24:16,331 [WARN] ConditionMgr:1039 - genDependencies : Invalid condition id : UX DEVICE CLASS RTOS Condition cause : null
2023-06-02 15:24:16,331 [WARN] ConditionMgr:1039 - genDependencies : Invalid condition id : UX DEVICE CLASS RTOS Condition cause : null
2023-06-02 15:24:16,331 [WARN] ConditionMgr:1039 - genDependencies : Invalid condition id : UX DEVICE CLASS RTOS Condition cause : null
2023-06-02 15:24:16,331 [WARN] ConditionMgr:1039 - genDependencies : Invalid condition id : UX DEVICE CLASS RTOS Condition cause : null
2023-06-02 15:24:16,331 [WARN] ConditionMgr:1039 - genDependencies : Invalid condition id : UX DEVICE CLASS RTOS Condition cause : null
2023-06-02 15:24:16,362 [WARN] PackLoader:240 - Cannot read IP mode file for STMicroelectronics.X-CUBE-DISPLAY.3.0.0
2023-06-02 15:24:16,393 [WARN] PackLoader:240 - Cannot read IP mode file for STMicroelectronics.X-CUBE-NFC7.1.0.0
2023-06-02 15:24:16,409 [WARN] PackLoader:240 - Cannot read IP mode file for STMicroelectronics.X-CUBE-EEPRMA1.4.1.0
2023-06-02 15:24:16,478 [WARN] ConditionMgr:438 - getConditionDescription Invalid condition id : LAN8742 Phy interface Condition cause : null
2023-06-02 15:24:16,478 [WARN] PackLoader:240 - Cannot read IP mode file for STMicroelectronics.X-CUBE-AZRTOS-L4.2.0.0
2023-06-02 15:24:16,478 [WARN] ConditionMgr:1039 - genDependencies : Invalid condition id : LAN8742 Phy interface Condition cause : null
2023-06-02 15:24:16,478 [WARN] ConditionMgr:1039 - genDependencies : Invalid condition id : LAN8742 Phy interface Condition cause : null
2023-06-02 15:24:16,478 [WARN] ConditionMgr:1039 - genDependencies : Invalid condition id : LAN8742 Phy interface Condition cause : null
2023-06-02 15:24:16,503 [WARN] PackLoader:240 - Cannot read IP mode file for WES.I-CUBE-Cesium.1.3.0
2023-06-02 15:24:16,519 [WARN] PackLoader:240 - Cannot read IP mode file for STMicroelectronics.X-CUBE-SFXS2LP1.4.0.0
2023-06-02 15:24:16,543 [WARN] PackLoader:240 - Cannot read IP mode file for STMicroelectronics.X-CUBE-BLE2.3.3.0
2023-06-02 15:24:16,553 [WARN] PackLoader:240 - Cannot read IP mode file for STMicroelectronics.X-CUBE-ISPU.1.1.0
2023-06-02 15:24:16,574 [WARN] PackLoader:240 - Cannot read IP mode file for STMicroelectronics.X-CUBE-AI.8.0.0
2023-06-02 15:24:16,594 [WARN] PackLoader:240 - Cannot read IP mode file for STMicroelectronics.X-CUBE-FREERTOS.1.0.1
2023-06-02 15:24:16,604 [WARN] PackLoader:240 - Cannot read IP mode file for STMicroelectronics.X-CUBE-TOUCHGFX.4.21.3
2023-06-02 15:24:16,624 [WARN] PackLoader:240 - Cannot read IP mode file for STMicroelectronics.X-CUBE-TOUCHGFX.4.21.4
2023-06-02 15:24:16,644 [WARN] PackLoader:240 - Cannot read IP mode file for STMicroelectronics.X-CUBE-ALGOBUILD.1.3.0
2023-06-02 15:24:16,684 [WARN] PackLoader:240 - Cannot read IP mode file for STMicroelectronics.X-CUBE-AZRTOS-L5.1.1.0
2023-06-02 15:24:16,722 [WARN] PackLoader:240 - Cannot read IP mode file for STMicroelectronics.X-CUBE-AZRTOS-G0.1.1.0
2023-06-02 15:24:16,722 [WARN] PackLoader:240 - Cannot read IP mode file for STMicroelectronics.X-CUBE-AI.8.0.1
2023-06-02 15:24:16,754 [WARN] PackLoader:240 - Cannot read IP mode file for STMicroelectronics.X-CUBE-SUBG2.5.0.0
2023-06-02 15:24:16,769 [WARN] PackLoader:240 - Cannot read IP mode file for STMicroelectronics.X-CUBE-NFC4.3.0.0
2023-06-02 15:24:16,823 [WARN] PackLoader:240 - Cannot read IP mode file for STMicroelectronics.X-CUBE-AZRTOS-G4.2.0.0
2023-06-02 15:24:16,854 [WARN] PackLoader:240 - Cannot read IP mode file for STMicroelectronics.X-CUBE-TOF1.3.3.0
2023-06-02 15:24:16,870 [WARN] PackLoader:240 - Cannot read IP mode file for STMicroelectronics.FP-ATR-SIGFOX1.3.2.0
2023-06-02 15:24:16,923 [WARN] PackLoader:240 - Cannot read IP mode file for STMicroelectronics.X-CUBE-AZRTOS-L4.1.0.0
2023-06-02 15:24:16,954 [WARN] PackLoader:240 - Cannot read IP mode file for STMicroelectronics.X-CUBE-AZRTOS-WL.1.0.0
2023-06-02 15:24:16,970 [WARN] PackLoader:240 - Cannot read IP mode file for portGmbH.I-Cube-SoM-uGOAL.1.1.0
2023-06-02 15:24:16,985 [WARN] PackLoader:240 - Cannot read IP mode file for STMicroelectronics.X-CUBE-ALS.1.0.1
2023-06-02 15:24:17,023 [WARN] PackLoader:240 - Cannot read IP mode file for STMicroelectronics.X-CUBE-AZRTOS-WB.1.1.0
2023-06-02 15:24:17,070 [WARN] PackLoader:240 - Cannot read IP mode file for SEGGER.I-CUBE-embOS.1.3.1
2023-06-02 15:24:17,170 [WARN] PackLoader:240 - Cannot read IP mode file for STMicroelectronics.FP-ATR-ASTRA1.2.0.0
2023-06-02 15:24:17,170 [INFO] ThirdParty:978 - Integrity check success = true
2023-06-02 15:24:17,170 [INFO] IntegrityCheckThread:100 - exiting critical section [integrity check]
2023-06-02 15:24:17,170 [INFO] IntegrityCheckThread:103 - End integrity checks thread
2023-06-02 15:24:17,170 [INFO] ThirdParty:873 - entering critical section [close project]
2023-06-02 15:24:17,202 [INFO] ThirdParty:883 - exiting critical section [close project]
2023-06-02 15:24:17,202 [INFO] PinOutPanel:1499 - setPackage(No Configuration,No Configuration)
2023-06-02 15:24:17,202 [INFO] UtilMem:75 - Begin LoadConfig() Used Memory: 793715320 Bytes (1073741824)
2023-06-02 15:24:17,224 [INFO] MicroXplorer:468 - Change Database Path : C:/Users/m-ali.khlifi-ext/.stm32cubemx/databases/DB.6.0.80/db/
2023-06-02 15:24:17,224 [INFO] MicroXplorer:498 - Change Database Version : DB.6.0.80
2023-06-02 16:47:12,524 [ERROR] LogOutputStream:75 - [STDERR_REDIRECT] Exception in thread "SWV client thread" java.lang.NullPointerException
2023-06-02 16:47:12,528 [ERROR] LogOutputStream:75 - [STDERR_REDIRECT] 	at com.st.stm32cube.ide.mcu.debug.swv.core.SWVPlugin.debugTrace(SWVPlugin.java:85)
2023-06-02 16:47:12,529 [ERROR] LogOutputStream:75 - [STDERR_REDIRECT] 	at com.st.stm32cube.ide.mcu.debug.swv.core.SWVClient.TRACE(SWVClient.java:768)
2023-06-02 16:47:12,531 [ERROR] LogOutputStream:75 - [STDERR_REDIRECT] 	at com.st.stm32cube.ide.mcu.debug.swv.core.SWVClient.createProtocolPacket(SWVClient.java:472)
2023-06-02 16:47:12,533 [ERROR] LogOutputStream:75 - [STDERR_REDIRECT] 	at com.st.stm32cube.ide.mcu.debug.swv.core.SWVClient.run(SWVClient.java:370)
