2023-08-30 09:08:12,198 [INFO] Activator:176 - 


2023-08-30 09:08:12,227 [INFO] Activator:177 - !SESSION log4j initialized
2023-08-30 09:08:23,346 [INFO] LogOutputStream:77 - [STDOUT_REDIRECT] 
2023-08-30 09:08:49,925 [ERROR] LogOutputStream:75 - [STDERR_REDIRECT] SLF4J: Failed to load class "org.slf4j.impl.StaticLoggerBinder".
2023-08-30 09:08:49,925 [ERROR] LogOutputStream:75 - [STDERR_REDIRECT] SLF4J: Defaulting to no-operation (NOP) logger implementation
2023-08-30 09:08:49,925 [ERROR] LogOutputStream:75 - [STDERR_REDIRECT] SLF4J: See http://www.slf4j.org/codes.html#StaticLoggerBinder for further details.
2023-08-30 09:31:10,246 [INFO] ApplicationProperties:184 - Using Application install path: C:\ST\STM32CubeIDE_1.12.0\STM32CubeIDE\plugins\com.st.stm32cube.common.mx_6.8.1.202304191431
2023-08-30 09:31:10,274 [INFO] DbMcusXml:78 - Set database path to: C:\ST\STM32CubeIDE_1.12.0\STM32CubeIDE\plugins\com.st.stm32cube.common.mx_6.8.1.202304191431\\db\/mcu/
2023-08-30 09:31:10,274 [INFO] ApiDb:274 - Set plugin database path to: C:\ST\STM32CubeIDE_1.12.0\STM32CubeIDE\plugins\com.st.stm32cube.common.mx_6.8.1.202304191431\\db\/plugins/boardmanager/
2023-08-30 09:31:10,277 [WARN] ApiDb:259 - Overriding images path with different value:  => C:\ST\STM32CubeIDE_1.12.0\STM32CubeIDE\plugins\com.st.stm32cube.common.mx_6.8.1.202304191431\\db\/plugins/mcufinder/images/
2023-08-30 09:31:10,297 [INFO] ApiDb:250 - Set database path to: C:\Users\m-ali.khlifi-ext\.stmcufinder\plugins\mcufinder//mcu/
2023-08-30 09:31:10,297 [INFO] DbMcusAds:125 - Set database path to: C:\Users\m-ali.khlifi-ext\.stmcufinder\plugins\mcufinder//mcu/
2023-08-30 09:31:10,385 [INFO] CrossReferenceDbSqlite:203 - Set database path to: C:\Users\m-ali.khlifi-ext\.stmcufinder\plugins\mcufinder//mcu/cs/
2023-08-30 09:31:10,532 [INFO] RulesReader:64 - Compatibility file has been processed (293 Rules)
2023-08-30 09:31:10,732 [INFO] DbMcusXml:78 - Set database path to: C:\ST\STM32CubeIDE_1.12.0\STM32CubeIDE\plugins\com.st.stm32cube.common.mx_6.8.1.202304191431\\db\/mcu/
2023-08-30 09:31:10,732 [INFO] ApiDb:274 - Set plugin database path to: C:\ST\STM32CubeIDE_1.12.0\STM32CubeIDE\plugins\com.st.stm32cube.common.mx_6.8.1.202304191431\\db\/plugins/boardmanager/
2023-08-30 09:31:10,732 [INFO] ApiDb:261 - Set plugin images path to: C:\ST\STM32CubeIDE_1.12.0\STM32CubeIDE\plugins\com.st.stm32cube.common.mx_6.8.1.202304191431\\db\/plugins/mcufinder/images/
2023-08-30 09:31:10,732 [WARN] DbFile:41 - Overriding database path with different value: C:\Users\m-ali.khlifi-ext\.stmcufinder\plugins\mcufinder/ => C:\Users\m-ali.khlifi-ext\.stmcufinder\plugins\mcufinder
2023-08-30 09:31:10,732 [INFO] ApiDb:250 - Set database path to: C:\Users\m-ali.khlifi-ext\.stmcufinder\plugins\mcufinder//mcu/
2023-08-30 09:31:10,732 [WARN] DbFile:41 - Overriding database path with different value: C:\Users\m-ali.khlifi-ext\.stmcufinder\plugins\mcufinder/ => C:\Users\m-ali.khlifi-ext\.stmcufinder\plugins\mcufinder
2023-08-30 09:31:10,732 [INFO] DbMcusAds:125 - Set database path to: C:\Users\m-ali.khlifi-ext\.stmcufinder\plugins\mcufinder//mcu/
2023-08-30 09:31:10,732 [WARN] DbFile:41 - Overriding database path with different value: C:\Users\m-ali.khlifi-ext\.stmcufinder\plugins\mcufinder/ => C:\Users\m-ali.khlifi-ext\.stmcufinder\plugins\mcufinder
2023-08-30 09:31:10,732 [WARN] DbFile:41 - Overriding database path with different value: C:\Users\m-ali.khlifi-ext\.stmcufinder\plugins\mcufinder/ => C:\Users\m-ali.khlifi-ext\.stmcufinder\plugins\mcufinder
2023-08-30 09:31:10,732 [INFO] CrossReferenceDbSqlite:203 - Set database path to: C:\Users\m-ali.khlifi-ext\.stmcufinder\plugins\mcufinder//mcu/cs/
2023-08-30 09:31:10,864 [INFO] MainPanel:253 - HeapMemory: 599785472
2023-08-30 09:31:10,980 [INFO] DbMcusXml:78 - Set database path to: C:\ST\STM32CubeIDE_1.12.0\STM32CubeIDE\plugins\com.st.stm32cube.common.mx_6.8.1.202304191431\\db\/mcu/
2023-08-30 09:31:10,980 [INFO] ApiDb:274 - Set plugin database path to: C:\ST\STM32CubeIDE_1.12.0\STM32CubeIDE\plugins\com.st.stm32cube.common.mx_6.8.1.202304191431\\db\/plugins/boardmanager/
2023-08-30 09:31:10,980 [INFO] ApiDb:261 - Set plugin images path to: C:\ST\STM32CubeIDE_1.12.0\STM32CubeIDE\plugins\com.st.stm32cube.common.mx_6.8.1.202304191431\\db\/plugins/mcufinder/images/
2023-08-30 09:31:10,980 [WARN] DbFile:41 - Overriding database path with different value: C:\Users\m-ali.khlifi-ext\.stmcufinder\plugins\mcufinder/ => C:\Users\m-ali.khlifi-ext\.stmcufinder\plugins\mcufinder
2023-08-30 09:31:10,980 [INFO] ApiDb:250 - Set database path to: C:\Users\m-ali.khlifi-ext\.stmcufinder\plugins\mcufinder//mcu/
2023-08-30 09:31:10,980 [WARN] DbFile:41 - Overriding database path with different value: C:\Users\m-ali.khlifi-ext\.stmcufinder\plugins\mcufinder/ => C:\Users\m-ali.khlifi-ext\.stmcufinder\plugins\mcufinder
2023-08-30 09:31:10,980 [INFO] DbMcusAds:125 - Set database path to: C:\Users\m-ali.khlifi-ext\.stmcufinder\plugins\mcufinder//mcu/
2023-08-30 09:31:10,980 [WARN] DbFile:41 - Overriding database path with different value: C:\Users\m-ali.khlifi-ext\.stmcufinder\plugins\mcufinder/ => C:\Users\m-ali.khlifi-ext\.stmcufinder\plugins\mcufinder
2023-08-30 09:31:10,980 [WARN] DbFile:41 - Overriding database path with different value: C:\Users\m-ali.khlifi-ext\.stmcufinder\plugins\mcufinder/ => C:\Users\m-ali.khlifi-ext\.stmcufinder\plugins\mcufinder
2023-08-30 09:31:10,980 [INFO] CrossReferenceDbSqlite:203 - Set database path to: C:\Users\m-ali.khlifi-ext\.stmcufinder\plugins\mcufinder//mcu/cs/
2023-08-30 09:31:11,017 [INFO] ApplicationProperties:184 - Using Application install path: C:\ST\STM32CubeIDE_1.12.0\STM32CubeIDE\plugins\com.st.stm32cube.common.mx_6.8.1.202304191431
2023-08-30 09:31:11,017 [INFO] PluginManage:196 - Search for loadable plugins [exclusion list=, ]
2023-08-30 09:31:11,017 [INFO] PluginManage:310 - Check plugin analytics
2023-08-30 09:31:11,234 [INFO] AnalyticsPlugin:253 - Accepted Software Licenses: 
2023-08-30 09:31:11,234 [INFO] AnalyticsPlugin:255 - Accepted CMSIS Pack Licenses: 
2023-08-30 09:31:11,234 [INFO] AnalyticsPlugin:257 - Accepted Firmware Licenses: FW.F4.1.27.0
2023-08-30 09:31:11,249 [INFO] PluginManage:359 - Loaded plugin analytics (category:tool,tabindex:-1)
2023-08-30 09:31:11,249 [INFO] PluginManage:310 - Check plugin cadmodel
2023-08-30 09:31:11,265 [INFO] CADModel:105 - Init CAD model plugin
2023-08-30 09:31:11,265 [INFO] PluginManage:359 - Loaded plugin cadmodel (category:power,tabindex:5)
2023-08-30 09:31:11,265 [INFO] PluginManage:310 - Check plugin clock
2023-08-30 09:31:11,591 [INFO] PluginManage:359 - Loaded plugin clock (category:base,tabindex:2)
2023-08-30 09:31:11,591 [INFO] PluginManage:310 - Check plugin ddr
2023-08-30 09:31:11,591 [INFO] PluginManage:359 - Loaded plugin ddr (category:tool,tabindex:6)
2023-08-30 09:31:11,591 [INFO] PluginManage:310 - Check plugin filemanager
2023-08-30 09:31:11,769 [INFO] PluginManage:359 - Loaded plugin filemanager (category:base,tabindex:10)
2023-08-30 09:31:11,769 [INFO] PluginManage:310 - Check plugin ipmanager
2023-08-30 09:31:11,791 [INFO] PluginManage:359 - Loaded plugin ipmanager (category:base,tabindex:5)
2023-08-30 09:31:11,791 [INFO] PluginManage:310 - Check plugin lpbam
2023-08-30 09:31:12,340 [INFO] PluginManage:359 - Loaded plugin lpbam (category:base,tabindex:0)
2023-08-30 09:31:12,340 [INFO] PluginManage:310 - Check plugin pinoutandconfiguration
2023-08-30 09:31:12,356 [INFO] PluginManage:359 - Loaded plugin pinoutandconfiguration (category:base,tabindex:1)
2023-08-30 09:31:12,356 [INFO] PluginManage:310 - Check plugin pinoutconfig
2023-08-30 09:31:12,494 [WARN] SupportedApi:132 - Cannot load RTOS API schema: s4s-elt-must-match.1: The content of 'definitions' must match (annotation?, (simpleType | complexType)?, (unique | key | keyref)*)). A problem was found starting at: attribute.
2023-08-30 09:31:12,656 [INFO] PluginManage:359 - Loaded plugin pinoutconfig (category:base,tabindex:0)
2023-08-30 09:31:12,656 [INFO] PluginManage:310 - Check plugin power
2023-08-30 09:31:12,677 [INFO] PluginManage:359 - Loaded plugin power (category:power,tabindex:4)
2023-08-30 09:31:12,677 [INFO] PluginManage:310 - Check plugin projectmanager
2023-08-30 09:31:12,710 [INFO] PluginManage:359 - Loaded plugin projectmanager (category:projectmanager,tabindex:3)
2023-08-30 09:31:12,710 [INFO] PluginManage:310 - Check plugin thirdparty
2023-08-30 09:31:13,110 [INFO] PluginManage:359 - Loaded plugin thirdparty (category:base,tabindex:-1)
2023-08-30 09:31:13,110 [WARN] IntegrityCheckThread:84 - waiting for thirdparty lock release [integrity check]
2023-08-30 09:31:13,110 [INFO] PluginManage:310 - Check plugin tools
2023-08-30 09:31:13,110 [INFO] IntegrityCheckThread:86 - entering critical section [integrity check]
2023-08-30 09:31:13,110 [INFO] ThirdPartyUpdaterWithRetryManager:70 - Updater plugin not ready yet. [1/15]
2023-08-30 09:31:13,126 [INFO] PluginManage:359 - Loaded plugin tools (category:base,tabindex:7)
2023-08-30 09:31:13,126 [INFO] PluginManage:310 - Check plugin tutovideos
2023-08-30 09:31:13,396 [INFO] PluginManage:359 - Loaded plugin tutovideos (category:base,tabindex:-1)
2023-08-30 09:31:13,396 [INFO] PluginManage:310 - Check plugin updater
2023-08-30 09:31:13,411 [INFO] PluginManage:359 - Loaded plugin updater (category:base,tabindex:12)
2023-08-30 09:31:13,411 [INFO] PluginManage:283 - PluginManage : Loaded plugins [15]
2023-08-30 09:31:13,897 [INFO] PinOutPanel:1499 - setPackage(No Configuration,No Configuration)
2023-08-30 09:31:14,044 [INFO] CADModel:165 - CPN selected for project level
2023-08-30 09:31:14,044 [INFO] CADModel:114 - Register for checkConnection events
2023-08-30 09:31:14,113 [INFO] IPUIPlugin:80 - create IPUIPlugin
2023-08-30 09:31:14,113 [INFO] PluginManager:220 - loadIPPluginJar : add adc
2023-08-30 09:31:14,113 [INFO] IPUIPlugin:80 - create IPUIPlugin
2023-08-30 09:31:14,113 [INFO] PluginManager:220 - loadIPPluginJar : add aes
2023-08-30 09:31:14,128 [INFO] IPUIPlugin:80 - create IPUIPlugin
2023-08-30 09:31:14,128 [INFO] PluginManager:220 - loadIPPluginJar : add can
2023-08-30 09:31:14,398 [INFO] IPUIPlugin:80 - create IPUIPlugin
2023-08-30 09:31:14,398 [INFO] PluginManager:220 - loadIPPluginJar : add comp
2023-08-30 09:31:14,398 [INFO] IPUIPlugin:80 - create IPUIPlugin
2023-08-30 09:31:14,398 [INFO] PluginManager:220 - loadIPPluginJar : add cryp
2023-08-30 09:31:14,414 [INFO] IPUIPlugin:80 - create IPUIPlugin
2023-08-30 09:31:14,414 [INFO] PluginManager:220 - loadIPPluginJar : add dfsdm
2023-08-30 09:31:14,445 [INFO] IPUIPlugin:80 - create IPUIPlugin
2023-08-30 09:31:14,445 [INFO] PluginManager:220 - loadIPPluginJar : add dma
2023-08-30 09:31:14,461 [INFO] IPUIPlugin:80 - create IPUIPlugin
2023-08-30 09:31:14,461 [INFO] PluginManager:220 - loadIPPluginJar : add dma3
2023-08-30 09:31:14,476 [INFO] IPUIPlugin:80 - create IPUIPlugin
2023-08-30 09:31:14,476 [INFO] PluginManager:220 - loadIPPluginJar : add fatfs
2023-08-30 09:31:14,731 [INFO] IPUIPlugin:80 - create IPUIPlugin
2023-08-30 09:31:14,731 [INFO] PluginManager:220 - loadIPPluginJar : add fmc
2023-08-30 09:31:15,017 [INFO] IPUIPlugin:80 - create IPUIPlugin
2023-08-30 09:31:15,017 [INFO] PluginManager:220 - loadIPPluginJar : add freertos
2023-08-30 09:31:15,683 [INFO] IPUIPlugin:80 - create IPUIPlugin
2023-08-30 09:31:15,683 [INFO] PluginManager:220 - loadIPPluginJar : add genericplugin
2023-08-30 09:31:15,870 [INFO] IPUIPlugin:80 - create IPUIPlugin
2023-08-30 09:31:15,885 [INFO] PluginManager:220 - loadIPPluginJar : add gfxmmu
2023-08-30 09:31:15,901 [INFO] IPUIPlugin:80 - create IPUIPlugin
2023-08-30 09:31:15,901 [INFO] PluginManager:220 - loadIPPluginJar : add gic
2023-08-30 09:31:16,125 [INFO] ThirdPartyUpdaterWithRetryManager:70 - Updater plugin not ready yet. [2/15]
2023-08-30 09:31:16,155 [INFO] IPUIPlugin:80 - create IPUIPlugin
2023-08-30 09:31:16,171 [INFO] PluginManager:220 - loadIPPluginJar : add gpio
2023-08-30 09:31:16,187 [INFO] IPUIPlugin:80 - create IPUIPlugin
2023-08-30 09:31:16,187 [INFO] PluginManager:220 - loadIPPluginJar : add gtzc
2023-08-30 09:31:16,187 [INFO] IPUIPlugin:80 - create IPUIPlugin
2023-08-30 09:31:16,187 [INFO] PluginManager:220 - loadIPPluginJar : add hash
2023-08-30 09:31:16,209 [INFO] IPUIPlugin:80 - create IPUIPlugin
2023-08-30 09:31:16,209 [INFO] PluginManager:220 - loadIPPluginJar : add i2c
2023-08-30 09:31:16,224 [INFO] IPUIPlugin:80 - create IPUIPlugin
2023-08-30 09:31:16,224 [INFO] PluginManager:220 - loadIPPluginJar : add i2s
2023-08-30 09:31:16,526 [INFO] IPUIPlugin:80 - create IPUIPlugin
2023-08-30 09:31:16,526 [INFO] PluginManager:220 - loadIPPluginJar : add i3c
2023-08-30 09:31:16,557 [INFO] IPUIPlugin:80 - create IPUIPlugin
2023-08-30 09:31:16,557 [INFO] PluginManager:220 - loadIPPluginJar : add ipddr
2023-08-30 09:31:16,573 [INFO] IPUIPlugin:80 - create IPUIPlugin
2023-08-30 09:31:16,573 [INFO] PluginManager:220 - loadIPPluginJar : add linkedlist
2023-08-30 09:31:16,589 [INFO] IPUIPlugin:80 - create IPUIPlugin
2023-08-30 09:31:16,589 [INFO] PluginManager:220 - loadIPPluginJar : add lorawan
2023-08-30 09:31:16,611 [INFO] IPUIPlugin:80 - create IPUIPlugin
2023-08-30 09:31:16,611 [INFO] PluginManager:220 - loadIPPluginJar : add ltdc
2023-08-30 09:31:16,626 [INFO] IPUIPlugin:80 - create IPUIPlugin
2023-08-30 09:31:16,626 [INFO] PluginManager:220 - loadIPPluginJar : add mdma
2023-08-30 09:31:16,890 [INFO] IPUIPlugin:80 - create IPUIPlugin
2023-08-30 09:31:16,890 [INFO] PluginManager:220 - loadIPPluginJar : add nvic
2023-08-30 09:31:16,912 [INFO] IPUIPlugin:80 - create IPUIPlugin
2023-08-30 09:31:16,912 [INFO] PluginManager:220 - loadIPPluginJar : add opamp
2023-08-30 09:31:16,927 [INFO] IPUIPlugin:80 - create IPUIPlugin
2023-08-30 09:31:16,927 [INFO] PluginManager:220 - loadIPPluginJar : add openamp
2023-08-30 09:31:16,943 [INFO] IPUIPlugin:80 - create IPUIPlugin
2023-08-30 09:31:16,943 [INFO] PluginManager:220 - loadIPPluginJar : add pdm2pcm
2023-08-30 09:31:16,974 [INFO] IPUIPlugin:80 - create IPUIPlugin
2023-08-30 09:31:16,974 [INFO] PluginManager:220 - loadIPPluginJar : add plateformsettings
2023-08-30 09:31:17,230 [INFO] IPUIPlugin:80 - create IPUIPlugin
2023-08-30 09:31:17,230 [INFO] PluginManager:220 - loadIPPluginJar : add quadspi
2023-08-30 09:31:17,245 [INFO] IPUIPlugin:80 - create IPUIPlugin
2023-08-30 09:31:17,245 [INFO] PluginManager:220 - loadIPPluginJar : add resmgrutility
2023-08-30 09:31:17,260 [INFO] IPUIPlugin:80 - create IPUIPlugin
2023-08-30 09:31:17,260 [INFO] PluginManager:220 - loadIPPluginJar : add sai
2023-08-30 09:31:17,276 [INFO] IPUIPlugin:80 - create IPUIPlugin
2023-08-30 09:31:17,276 [INFO] PluginManager:220 - loadIPPluginJar : add spi
2023-08-30 09:31:17,292 [INFO] IPUIPlugin:80 - create IPUIPlugin
2023-08-30 09:31:17,292 [INFO] PluginManager:220 - loadIPPluginJar : add stm32_wpan
2023-08-30 09:31:17,307 [INFO] IPUIPlugin:80 - create IPUIPlugin
2023-08-30 09:31:17,307 [INFO] PluginManager:220 - loadIPPluginJar : add tim
2023-08-30 09:31:17,329 [INFO] IPUIPlugin:80 - create IPUIPlugin
2023-08-30 09:31:17,329 [INFO] PluginManager:220 - loadIPPluginJar : add touchsensing
2023-08-30 09:31:17,329 [INFO] IPUIPlugin:80 - create IPUIPlugin
2023-08-30 09:31:17,329 [INFO] PluginManager:220 - loadIPPluginJar : add tracer_emb
2023-08-30 09:31:17,345 [INFO] IPUIPlugin:80 - create IPUIPlugin
2023-08-30 09:31:17,345 [INFO] PluginManager:220 - loadIPPluginJar : add ts
2023-08-30 09:31:17,345 [INFO] IPUIPlugin:80 - create IPUIPlugin
2023-08-30 09:31:17,345 [INFO] PluginManager:220 - loadIPPluginJar : add tsc
2023-08-30 09:31:17,361 [INFO] IPUIPlugin:80 - create IPUIPlugin
2023-08-30 09:31:17,361 [INFO] PluginManager:220 - loadIPPluginJar : add ucpd
2023-08-30 09:31:17,376 [INFO] IPUIPlugin:80 - create IPUIPlugin
2023-08-30 09:31:17,376 [INFO] PluginManager:220 - loadIPPluginJar : add usart
2023-08-30 09:31:17,392 [INFO] IPUIPlugin:80 - create IPUIPlugin
2023-08-30 09:31:17,392 [INFO] PluginManager:220 - loadIPPluginJar : add usbx
2023-08-30 09:31:17,580 [INFO] CADModel:165 - CPN selected for project level
2023-08-30 09:31:17,580 [INFO] CADModel:114 - Register for checkConnection events
2023-08-30 09:31:17,580 [FATAL] Updater:308 - Updater called before beeing initialized
2023-08-30 09:31:17,580 [ERROR] CADModel:125 - Updater not yet initialized, retry later 
2023-08-30 09:31:17,776 [INFO] CADModel:165 - CPN selected for project level
2023-08-30 09:31:17,776 [INFO] CADModel:114 - Register for checkConnection events
2023-08-30 09:31:17,776 [FATAL] Updater:308 - Updater called before beeing initialized
2023-08-30 09:31:17,776 [ERROR] CADModel:125 - Updater not yet initialized, retry later 
2023-08-30 09:31:17,792 [FATAL] Updater:308 - Updater called before beeing initialized
2023-08-30 09:31:18,046 [FATAL] Updater:308 - Updater called before beeing initialized
2023-08-30 09:31:18,061 [INFO] DbMcusAds:53 - JSON generation date=Tue Mar 07 09:50:54 CET 2023 (1678179054945)
2023-08-30 09:31:18,061 [FATAL] Updater:308 - Updater called before beeing initialized
2023-08-30 09:31:18,162 [WARN] DetailPanel:346 - Failed to get advertising image, set to default
2023-08-30 09:31:18,338 [FATAL] Updater:308 - Updater called before beeing initialized
2023-08-30 09:31:18,338 [FATAL] Updater:308 - Updater called before beeing initialized
2023-08-30 09:31:18,338 [FATAL] Updater:308 - Updater called before beeing initialized
2023-08-30 09:31:18,338 [WARN] DetailPanel:346 - Failed to get advertising image, set to default
2023-08-30 09:31:18,346 [FATAL] Updater:308 - Updater called before beeing initialized
2023-08-30 09:31:18,423 [ERROR] Updater:1120 - MainUpdater not yet initialized. External WinMGr cannot be set.
2023-08-30 09:31:18,438 [INFO] Updater:1056 - Updater Version found : 6.8.1
2023-08-30 09:31:18,454 [INFO] ApplicationProperties:184 - Using Application install path: C:\ST\STM32CubeIDE_1.12.0\STM32CubeIDE\plugins\com.st.stm32cube.common.mx_6.8.1.202304191431
2023-08-30 09:31:18,776 [INFO] MainUpdater:2854 - connection check result : 10
2023-08-30 09:31:18,776 [INFO] MainUpdater:3548 - Updater definition file requires update
2023-08-30 09:31:18,776 [INFO] MainUpdater:283 - Updater Check For Update Now.
2023-08-30 09:31:18,776 [INFO] MicroXplorer:498 - Change Database Version : DB.6.0.81
2023-08-30 09:31:18,855 [INFO] ServerAccessManage:473 - Download File updaters.zip
2023-08-30 09:31:19,109 [INFO] FileExtend:240 - Unzip File : updaters.zip
2023-08-30 09:31:19,109 [INFO] FileExtend:255 - Standard Zip Deflate
2023-08-30 09:31:19,140 [WARN] MainUpdater:1187 - Updater busy. Cannot search thirdparties
2023-08-30 09:31:19,140 [INFO] ThirdPartyUpdaterWithRetryManager:96 - Updater plugin is busy. [1/15]
2023-08-30 09:31:20,813 [INFO] ServerAccessManage:473 - Download File PacksControlFlags.xml
2023-08-30 09:31:21,106 [INFO] ServerAccessManage:473 - Download File cubemx.pidx
2023-08-30 09:31:21,250 [INFO] LoadServerUpdatesThread:373 - End of LoadServerUpdate Thread
2023-08-30 09:31:21,431 [INFO] CheckServerUpdateThread:120 - End of CheckServer Thread
2023-08-30 09:31:21,446 [INFO] MainUpdater:2854 - connection check result : 10
2023-08-30 09:31:21,446 [INFO] MainUpdater:2854 - connection check result : 10
2023-08-30 09:31:22,056 [INFO] MicroXplorer:468 - Change Database Path : 
2023-08-30 09:31:22,056 [INFO] MicroXplorer:498 - Change Database Version : DB.6.0.81
2023-08-30 09:31:22,056 [WARN] ThirdParty:871 - waiting for thirdparty lock release [close project]
2023-08-30 09:31:22,526 [WARN] PackLoader:240 - Cannot read IP mode file for STMicroelectronics.X-CUBE-SMBUS.2.1.0
2023-08-30 09:31:22,580 [WARN] PackLoader:240 - Cannot read IP mode file for STMicroelectronics.X-CUBE-AZRTOS-F7.1.1.0
2023-08-30 09:31:22,603 [ERROR] RealEvaluatedCondition:428 - Found unsupported composite condition: GROUP='STM32_MetaDataManager' CLASS='Data Exchange'
2023-08-30 09:31:22,603 [ERROR] RealEvaluatedCondition:428 - Found unsupported composite condition: CLASS='Data Exchange' GROUP='STM32_MetaDataManager'
2023-08-30 09:31:22,603 [WARN] PackLoader:240 - Cannot read IP mode file for STMicroelectronics.FP-SNS-MOTENV1.4.3.0
2023-08-30 09:31:22,619 [WARN] PackLoader:240 - Cannot read IP mode file for STMicroelectronics.FP-SNS-MOTENV1.4.3.2
2023-08-30 09:31:22,635 [WARN] PackLoader:240 - Cannot read IP mode file for STMicroelectronics.FP-SNS-FLIGHT1.5.0.0
2023-08-30 09:31:22,635 [ERROR] RealEvaluatedCondition:428 - Found unsupported composite condition: GROUP='STM32_MetaDataManager' CLASS='Data Exchange'
2023-08-30 09:31:22,635 [ERROR] RealEvaluatedCondition:428 - Found unsupported composite condition: CLASS='Data Exchange' GROUP='STM32_MetaDataManager'
2023-08-30 09:31:22,649 [WARN] PackLoader:240 - Cannot read IP mode file for STMicroelectronics.FP-SNS-MOTENV1.4.3.1
2023-08-30 09:31:22,649 [WARN] PackLoader:240 - Cannot read IP mode file for STMicroelectronics.FP-SNS-FLIGHT1.5.0.1
2023-08-30 09:31:22,664 [WARN] PackLoader:240 - Cannot read IP mode file for STMicroelectronics.X-CUBE-BLE1.6.2.4
2023-08-30 09:31:22,685 [WARN] PackLoader:240 - Cannot read IP mode file for STMicroelectronics.FP-SNS-FLIGHT1.5.0.2
2023-08-30 09:31:22,927 [WARN] PackLoader:240 - Cannot read IP mode file for STMicroelectronics.X-CUBE-DISPLAY.3.0.0
2023-08-30 09:31:22,949 [WARN] PackLoader:240 - Cannot read IP mode file for STMicroelectronics.X-CUBE-BLE1.7.0.0
2023-08-30 09:31:22,965 [WARN] PackLoader:240 - Cannot read IP mode file for STMicroelectronics.X-CUBE-TOUCHGFX.4.22.0
2023-08-30 09:31:22,980 [INFO] LogOutputStream:77 - [STDOUT_REDIRECT] 1 : Invalid condition id : UX_CORESTACK_Condition cause : null
2023-08-30 09:31:22,980 [INFO] LogOutputStream:77 - [STDOUT_REDIRECT] 1 : Invalid condition id : UX_CORESTACK_Condition cause : null
2023-08-30 09:31:22,980 [INFO] LogOutputStream:77 - [STDOUT_REDIRECT] 1 : Invalid condition id : UX_CORESTACK_Condition cause : null
2023-08-30 09:31:22,980 [INFO] LogOutputStream:77 - [STDOUT_REDIRECT] 1 : Invalid condition id : UX_CORESTACK_Condition cause : null
2023-08-30 09:31:22,980 [INFO] LogOutputStream:77 - [STDOUT_REDIRECT] 1 : Invalid condition id : UX_CORESTACK_Condition cause : null
2023-08-30 09:31:22,980 [WARN] PackLoader:240 - Cannot read IP mode file for STMicroelectronics.X-CUBE-AZRTOS-WL.2.0.0
2023-08-30 09:31:23,012 [WARN] PackLoader:240 - Cannot read IP mode file for WES.I-CUBE-Cesium.1.3.0
2023-08-30 09:31:23,181 [WARN] PackLoader:240 - Cannot read IP mode file for STMicroelectronics.X-CUBE-BLE2.3.3.0
2023-08-30 09:31:23,183 [WARN] PackLoader:240 - Cannot read IP mode file for STMicroelectronics.X-CUBE-TOUCHGFX.4.21.3
2023-08-30 09:31:23,193 [WARN] PackLoader:240 - Cannot read IP mode file for STMicroelectronics.X-CUBE-TOUCHGFX.4.21.4
2023-08-30 09:31:23,203 [WARN] PackLoader:240 - Cannot read IP mode file for STMicroelectronics.X-CUBE-ALGOBUILD.1.3.0
2023-08-30 09:31:23,233 [WARN] PackLoader:240 - Cannot read IP mode file for STMicroelectronics.X-CUBE-AZRTOS-G0.1.1.0
2023-08-30 09:31:23,252 [WARN] PackLoader:240 - Cannot read IP mode file for STMicroelectronics.X-CUBE-NFC4.3.0.0
2023-08-30 09:31:23,264 [WARN] PackLoader:240 - Cannot read IP mode file for STMicroelectronics.FP-ATR-SIGFOX1.3.2.0
2023-08-30 09:31:23,313 [WARN] PackLoader:240 - Cannot read IP mode file for SEGGER.I-CUBE-embOS.1.3.1
2023-08-30 09:31:23,382 [WARN] PackLoader:240 - Cannot read IP mode file for STMicroelectronics.X-CUBE-GNSS1.6.0.0
2023-08-30 09:31:23,429 [WARN] PackLoader:240 - Cannot read IP mode file for STMicroelectronics.X-CUBE-AZRTOS-F4.1.1.0
2023-08-30 09:31:23,444 [WARN] PackLoader:240 - Cannot read IP mode file for wolfSSL.I-CUBE-wolfSSL.5.6.0
2023-08-30 09:31:23,482 [WARN] PackLoader:240 - Cannot read IP mode file for STMicroelectronics.X-CUBE-AZRTOS-L5.2.0.0
2023-08-30 09:31:23,578 [WARN] PackLoader:240 - Cannot read IP mode file for STMicroelectronics.X-CUBE-MEMS1.9.6.0
2023-08-30 09:31:23,745 [WARN] PackLoader:240 - Cannot read IP mode file for emotas.I-CUBE-CANOPEN.1.1.3
2023-08-30 09:31:23,783 [WARN] PackLoader:240 - Cannot read IP mode file for STMicroelectronics.X-CUBE-BLEMGR.2.0.0
2023-08-30 09:31:23,814 [WARN] ConditionMgr:438 - getConditionDescription Invalid condition id : UX DEVICE CLASS RTOS Condition cause : null
2023-08-30 09:31:23,814 [WARN] ConditionMgr:438 - getConditionDescription Invalid condition id : UX DEVICE CLASS RTOS Condition cause : null
2023-08-30 09:31:23,814 [WARN] PackLoader:240 - Cannot read IP mode file for STMicroelectronics.X-CUBE-AZRTOS-H7.3.1.0
2023-08-30 09:31:23,814 [WARN] ConditionMgr:1039 - genDependencies : Invalid condition id : UX DEVICE CLASS RTOS Condition cause : null
2023-08-30 09:31:23,814 [WARN] ConditionMgr:1039 - genDependencies : Invalid condition id : UX DEVICE CLASS RTOS Condition cause : null
2023-08-30 09:31:23,814 [WARN] ConditionMgr:1039 - genDependencies : Invalid condition id : UX DEVICE CLASS RTOS Condition cause : null
2023-08-30 09:31:23,814 [WARN] ConditionMgr:1039 - genDependencies : Invalid condition id : UX DEVICE CLASS RTOS Condition cause : null
2023-08-30 09:31:23,814 [WARN] ConditionMgr:1039 - genDependencies : Invalid condition id : UX DEVICE CLASS RTOS Condition cause : null
2023-08-30 09:31:23,830 [WARN] PackLoader:240 - Cannot read IP mode file for STMicroelectronics.X-CUBE-NFC7.1.0.1
2023-08-30 09:31:23,845 [WARN] PackLoader:240 - Cannot read IP mode file for STMicroelectronics.X-CUBE-NFC7.1.0.0
2023-08-30 09:31:23,861 [WARN] PackLoader:240 - Cannot read IP mode file for STMicroelectronics.X-CUBE-EEPRMA1.4.1.0
2023-08-30 09:31:23,877 [WARN] PackLoader:240 - Cannot read IP mode file for STMicroelectronics.X-CUBE-AI.8.1.0
2023-08-30 09:31:23,914 [WARN] ConditionMgr:438 - getConditionDescription Invalid condition id : LAN8742 Phy interface Condition cause : null
2023-08-30 09:31:23,915 [WARN] PackLoader:240 - Cannot read IP mode file for STMicroelectronics.X-CUBE-AZRTOS-L4.2.0.0
2023-08-30 09:31:23,917 [WARN] ConditionMgr:1039 - genDependencies : Invalid condition id : LAN8742 Phy interface Condition cause : null
2023-08-30 09:31:23,917 [WARN] ConditionMgr:1039 - genDependencies : Invalid condition id : LAN8742 Phy interface Condition cause : null
2023-08-30 09:31:23,918 [WARN] ConditionMgr:1039 - genDependencies : Invalid condition id : LAN8742 Phy interface Condition cause : null
2023-08-30 09:31:23,934 [WARN] PackLoader:240 - Cannot read IP mode file for STMicroelectronics.X-CUBE-SFXS2LP1.4.0.0
2023-08-30 09:31:23,946 [WARN] PackLoader:240 - Cannot read IP mode file for STMicroelectronics.X-CUBE-ISPU.1.1.0
2023-08-30 09:31:23,957 [WARN] PackLoader:240 - Cannot read IP mode file for STMicroelectronics.X-CUBE-AI.8.0.0
2023-08-30 09:31:23,988 [WARN] ConditionMgr:438 - getConditionDescription Invalid condition id : UX DEVICE CLASS RTOS Condition cause : null
2023-08-30 09:31:23,988 [WARN] ConditionMgr:438 - getConditionDescription Invalid condition id : UX DEVICE CLASS RTOS Condition cause : null
2023-08-30 09:31:23,991 [WARN] PackLoader:240 - Cannot read IP mode file for STMicroelectronics.X-CUBE-AZRTOS-WB.2.0.0
2023-08-30 09:31:23,991 [WARN] ConditionMgr:1039 - genDependencies : Invalid condition id : UX DEVICE CLASS RTOS Condition cause : null
2023-08-30 09:31:23,992 [WARN] ConditionMgr:1039 - genDependencies : Invalid condition id : UX DEVICE CLASS RTOS Condition cause : null
2023-08-30 09:31:23,992 [WARN] ConditionMgr:1039 - genDependencies : Invalid condition id : UX DEVICE CLASS RTOS Condition cause : null
2023-08-30 09:31:23,992 [WARN] ConditionMgr:1039 - genDependencies : Invalid condition id : UX DEVICE CLASS RTOS Condition cause : null
2023-08-30 09:31:23,993 [WARN] ConditionMgr:1039 - genDependencies : Invalid condition id : UX DEVICE CLASS RTOS Condition cause : null
2023-08-30 09:31:24,005 [WARN] PackLoader:240 - Cannot read IP mode file for STMicroelectronics.X-CUBE-FREERTOS.1.0.1
2023-08-30 09:31:24,033 [WARN] PackLoader:240 - Cannot read IP mode file for STMicroelectronics.X-CUBE-AZRTOS-L5.1.1.0
2023-08-30 09:31:24,046 [WARN] PackLoader:240 - Cannot read IP mode file for STMicroelectronics.X-CUBE-AI.8.0.1
2023-08-30 09:31:24,067 [WARN] PackLoader:240 - Cannot read IP mode file for STMicroelectronics.X-CUBE-SUBG2.5.0.0
2023-08-30 09:31:24,095 [WARN] PackLoader:240 - Cannot read IP mode file for STMicroelectronics.X-CUBE-TOF1.3.3.1
2023-08-30 09:31:24,120 [WARN] PackLoader:240 - Cannot read IP mode file for STMicroelectronics.X-CUBE-AZRTOS-G4.2.0.0
2023-08-30 09:31:24,167 [WARN] PackLoader:240 - Cannot read IP mode file for STMicroelectronics.X-CUBE-TOF1.3.3.0
2023-08-30 09:31:24,220 [WARN] PackLoader:240 - Cannot read IP mode file for STMicroelectronics.X-CUBE-AZRTOS-L4.1.0.0
2023-08-30 09:31:24,236 [WARN] PackLoader:240 - Cannot read IP mode file for STMicroelectronics.X-CUBE-FREERTOS.1.1.0
2023-08-30 09:31:24,267 [WARN] PackLoader:240 - Cannot read IP mode file for STMicroelectronics.X-CUBE-AZRTOS-WL.1.0.0
2023-08-30 09:31:24,286 [WARN] PackLoader:240 - Cannot read IP mode file for portGmbH.I-Cube-SoM-uGOAL.1.1.0
2023-08-30 09:31:24,307 [WARN] PackLoader:240 - Cannot read IP mode file for STMicroelectronics.X-CUBE-ALS.1.0.1
2023-08-30 09:31:24,337 [WARN] PackLoader:240 - Cannot read IP mode file for STMicroelectronics.X-CUBE-AZRTOS-WB.1.1.0
2023-08-30 09:31:24,357 [WARN] PackLoader:240 - Cannot read IP mode file for STMicroelectronics.FP-ATR-ASTRA1.2.0.0
2023-08-30 09:31:24,357 [INFO] ThirdParty:978 - Integrity check success = true
2023-08-30 09:31:24,357 [INFO] IntegrityCheckThread:100 - exiting critical section [integrity check]
2023-08-30 09:31:24,357 [INFO] ThirdParty:873 - entering critical section [close project]
2023-08-30 09:31:24,357 [INFO] IntegrityCheckThread:103 - End integrity checks thread
2023-08-30 09:31:24,365 [INFO] ThirdParty:883 - exiting critical section [close project]
2023-08-30 09:31:24,367 [INFO] PinOutPanel:1499 - setPackage(No Configuration,No Configuration)
2023-08-30 09:31:24,375 [INFO] UtilMem:75 - Begin LoadConfig() Used Memory: 509963704 Bytes (897581056)
2023-08-30 09:31:24,385 [INFO] MicroXplorer:468 - Change Database Path : C:/Users/m-ali.khlifi-ext/.stm32cubemx/databases/DB.6.0.80/db/
2023-08-30 09:31:24,385 [INFO] MicroXplorer:498 - Change Database Version : DB.6.0.80
2023-08-30 09:32:19,900 [INFO] OpenFileManager:308 - Change cursor
2023-08-30 09:32:19,955 [INFO] Mcu:1937 - Initializing MCU STM32F446R(C-E)Tx STM32F446RETx STM32F446RET6
2023-08-30 09:32:22,069 [INFO] Context:659 - Trying to add GPIOservice into a context  which must be forbidden
2023-08-30 09:32:22,902 [INFO] RtosManager:555 - Registered RTOS mode: class=CMSIS, group=RTOS, mode=CMSIS_V1, owner=FREERTOS
2023-08-30 09:32:22,902 [INFO] RtosManager:555 - Registered RTOS mode: class=CMSIS, group=RTOS2, mode=CMSIS_V2, owner=FREERTOS
2023-08-30 09:32:22,902 [INFO] RtosManager:555 - Registered RTOS mode: class=RTOS, group=Core, mode=CMSIS_V1, owner=FREERTOS
2023-08-30 09:32:22,902 [INFO] RtosManager:555 - Registered RTOS mode: class=RTOS, group=Core, mode=CMSIS_V2, owner=FREERTOS
2023-08-30 09:32:22,902 [WARN] ModelIntegratedComponent:184 - Missing modes for component STMicroelectronics:FreeRTOS:0.0.1:STMicroelectronics:RTOS:FreeRTOS:Core:::10.2.0:
2023-08-30 09:32:22,940 [WARN] ModelIntegratedComponent:63 - No mode defined for component null
2023-08-30 09:32:22,940 [WARN] ModelIntegratedComponent:63 - No mode defined for component null
2023-08-30 09:32:22,940 [WARN] ModelIntegratedComponent:63 - No mode defined for component null
2023-08-30 09:32:22,940 [WARN] ModelIntegratedComponent:63 - No mode defined for component null
2023-08-30 09:32:22,940 [WARN] ModelIntegratedComponent:63 - No mode defined for component null
2023-08-30 09:32:22,940 [WARN] ModelIntegratedComponent:63 - No mode defined for component null
2023-08-30 09:32:22,940 [WARN] ModelIntegratedComponent:63 - No mode defined for component null
2023-08-30 09:32:22,940 [WARN] ModelIntegratedComponent:63 - No mode defined for component null
2023-08-30 09:32:22,940 [WARN] ModelIntegratedComponent:63 - No mode defined for component null
2023-08-30 09:32:22,940 [WARN] ModelIntegratedComponent:63 - No mode defined for component null
2023-08-30 09:32:22,940 [WARN] ModelIntegratedComponent:63 - No mode defined for component null
2023-08-30 09:32:22,940 [WARN] ModelIntegratedComponent:63 - No mode defined for component null
2023-08-30 09:32:22,940 [WARN] ModelIntegratedComponent:63 - No mode defined for component null
2023-08-30 09:32:22,940 [WARN] ModelIntegratedComponent:63 - No mode defined for component null
2023-08-30 09:32:22,940 [WARN] ModelIntegratedComponent:63 - No mode defined for component null
2023-08-30 09:32:22,940 [WARN] ModelIntegratedComponent:63 - No mode defined for component null
2023-08-30 09:32:22,940 [WARN] ModelIntegratedComponent:63 - No mode defined for component null
2023-08-30 09:32:22,940 [WARN] ModelIntegratedComponent:63 - No mode defined for component null
2023-08-30 09:32:22,940 [WARN] ModelIntegratedComponent:63 - No mode defined for component null
2023-08-30 09:32:22,940 [WARN] ModelIntegratedComponent:63 - No mode defined for component null
2023-08-30 09:32:22,940 [WARN] ModelIntegratedComponent:63 - No mode defined for component null
2023-08-30 09:32:22,940 [WARN] ModelIntegratedComponent:63 - No mode defined for component null
2023-08-30 09:32:22,940 [WARN] ModelIntegratedComponent:63 - No mode defined for component null
2023-08-30 09:32:22,940 [WARN] ModelIntegratedComponent:63 - No mode defined for component null
2023-08-30 09:32:22,940 [WARN] ModelIntegratedComponent:63 - No mode defined for component null
2023-08-30 09:32:22,940 [WARN] ModelIntegratedComponent:63 - No mode defined for component null
2023-08-30 09:32:22,940 [WARN] ModelIntegratedComponent:63 - No mode defined for component null
2023-08-30 09:32:22,940 [WARN] ModelIntegratedComponent:63 - No mode defined for component null
2023-08-30 09:32:22,940 [WARN] ModelIntegratedComponent:63 - No mode defined for component null
2023-08-30 09:32:22,940 [WARN] ModelIntegratedComponent:63 - No mode defined for component null
2023-08-30 09:32:22,940 [WARN] ModelIntegratedComponent:63 - No mode defined for component null
2023-08-30 09:32:22,940 [WARN] ModelIntegratedComponent:63 - No mode defined for component null
2023-08-30 09:32:22,940 [WARN] ModelIntegratedComponent:63 - No mode defined for component null
2023-08-30 09:32:22,971 [INFO] ThirdPartyModel:298 - Start build external matchings
2023-08-30 09:32:23,344 [INFO] ThirdPartyModel:316 - End build external matchings
2023-08-30 09:32:23,372 [INFO] ImportTextPane:194 - (OptionalMessage_ERROR) IP (DMA) : Parameter (Instance) has Id (ADC1) currently not set
2023-08-30 09:32:23,372 [INFO] ImportTextPane:194 - (OptionalMessage_ERROR) IP (DMA) : Parameter (Channel) has Id (ADC1) currently not set
2023-08-30 09:32:23,372 [INFO] ImportTextPane:194 - (OptionalMessage_ERROR) IP (DMA) : Parameter (Direction) has Id (ADC1) currently not set
2023-08-30 09:32:23,372 [INFO] ImportTextPane:194 - (OptionalMessage_ERROR) IP (DMA) : Parameter (PeriphInc) has Id (ADC1) currently not set
2023-08-30 09:32:23,372 [INFO] ImportTextPane:194 - (OptionalMessage_ERROR) IP (DMA) : Parameter (MemInc) has Id (ADC1) currently not set
2023-08-30 09:32:23,372 [INFO] ImportTextPane:194 - (OptionalMessage_ERROR) IP (DMA) : Parameter (PeriphDataAlignment) has Id (ADC1) currently not set
2023-08-30 09:32:23,372 [INFO] ImportTextPane:194 - (OptionalMessage_ERROR) IP (DMA) : Parameter (MemDataAlignment) has Id (ADC1) currently not set
2023-08-30 09:32:23,372 [INFO] ImportTextPane:194 - (OptionalMessage_ERROR) IP (DMA) : Parameter (Mode) has Id (ADC1) currently not set
2023-08-30 09:32:23,372 [INFO] ImportTextPane:194 - (OptionalMessage_ERROR) IP (DMA) : Parameter (Priority) has Id (ADC1) currently not set
2023-08-30 09:32:23,372 [INFO] ImportTextPane:194 - (OptionalMessage_ERROR) IP (DMA) : Parameter (FIFOMode) has Id (ADC1) currently not set
2023-08-30 09:32:23,384 [INFO] ImportTextPane:194 - (OptionalMessage_ERROR) IP (RCC) : Invalid parameter (FamilyName)
2023-08-30 09:32:23,384 [INFO] ImportTextPane:194 - (OptionalMessage_ERROR) IP (RCC) : Parameter (MCO2PinFreq_Value) has invalid value (180000000)
2023-08-30 09:32:23,384 [INFO] ImportTextPane:194 - (OptionalMessage_ERROR) IP (RCC) : Parameter (SDIOFreq_Value) has invalid value (120000000)
2023-08-30 09:32:23,384 [INFO] ImportTextPane:194 - (OptionalMessage_ERROR) IP (RCC) : Parameter (USBFreq_Value) has invalid value (120000000)
2023-08-30 09:32:23,796 [INFO] UtilMem:75 - End LoadConfig() Used Memory: 682131320 Bytes (897581056)
2023-08-30 09:32:23,977 [INFO] ApiDb:581 - Connected to CubeFinder SQLite database (C:\Users\m-ali.khlifi-ext\.stmcufinder\plugins\mcufinder\mcu\cube-finder-db.db)
2023-08-30 09:32:24,121 [INFO] ApiDb:668 - CubeFinder database Data Model version=2.1
2023-08-30 09:32:24,121 [INFO] ApiDb:669 - CubeFinder database Configuration version=3.0.35
2023-08-30 09:32:24,121 [INFO] ApiDb:670 - CubeFinder database generation date=2023-05-12 (1683877179)
2023-08-30 09:32:24,121 [INFO] ApiDb:671 - CubeFinder database FW Pack versions=[FP-ATR-ASTRA1_V2.0.0, FP-SNS-FLIGHT1_V5.0.0, FP-SNS-MOTENV1_V4.3.0, STM32Cube_FW_C0_V1.0.1, STM32Cube_FW_F0_V1.11.4, STM32Cube_FW_F3_V1.11.4, STM32Cube_FW_F4_V1.27.1, STM32Cube_FW_F7_V1.17.0, STM32Cube_FW_G0_V1.6.1, STM32Cube_FW_G4_V1.5.1, STM32Cube_FW_H5_V0.5.1, STM32Cube_FW_H5_V1.0.0, STM32Cube_FW_H7_V1.11.0, STM32Cube_FW_L0_V1.12.2, STM32Cube_FW_L5_V1.5.0, STM32Cube_FW_U5_V1.2.0, STM32Cube_FW_WBA_V1.0.0, STM32Cube_FW_WBA_V1.0.0RC1, STM32Cube_FW_WBA_V1.0.0RC3, STM32Cube_FW_WB_V1.15.0RC1, STM32Cube_FW_WB_V1.16.0, STM32Cube_FW_WB_V1.16.0RC2, STM32Cube_FW_WL_V1.3.0, X-CUBE-ALGOBUILD_V1.3.0, X-CUBE-ALS_V1.0.1, X-CUBE-AZRTOS-F4_V1.1.0, X-CUBE-AZRTOS-F7_V1.1.0, X-CUBE-AZRTOS-G0_V1.1.0, X-CUBE-AZRTOS-G4_V2.0.0, X-CUBE-AZRTOS-H7_V3.1.0, X-CUBE-AZRTOS-L4_V1.0.0, X-CUBE-AZRTOS-L5_V1.1.0, X-CUBE-AZRTOS-WB_V1.1.0, X-CUBE-AZRTOS-WL_V1.0.0, X-CUBE-BLE1_V6.2.4, X-CUBE-BLE2_V3.3.0, X-CUBE-BLEMGR_V2.0.0, X-CUBE-EEPRMA1_V4.1.0, X-CUBE-FREERTOS_V1.0.1, X-CUBE-GNSS1_V6.0.0, X-CUBE-MEMS1_V9.1.0, X-CUBE-MEMS1_V9.4.0, X-CUBE-MEMS1_V9.6.0, X-CUBE-NFC4_V3.0.0, X-CUBE-NFC7_V1.0.0, X-CUBE-SFXS2LP1_V4.0.0, X-CUBE-SUBG2_V5.0.0]
2023-08-30 09:32:26,729 [INFO] ApiDb:240 - Found 297 in-development CPN: [B-G473E-ZEST1S, B-WB1M-WPAN1, B-WL5M-SUBG1, NUCLEO-C031C6, NUCLEO-H503RB, NUCLEO-H563ZI, NUCLEO-U545RE-Q, NUCLEO-U5A5ZJ-Q, NUCLEO-WBA52CG, STEVAL-PROTEUS1, STEVAL-STWINBX1, STM320518-EVAL, STM32C0116-DK, STM32C011D6Y3TR, STM32C011D6Y6TR, STM32C011F4P3, STM32C011F4P6, STM32C011F4U3, STM32C011F4U6TR, STM32C011F6P3, STM32C011F6P6, STM32C011F6U3, STM32C011F6U6TR, STM32C011J4M3, STM32C011J4M6, STM32C011J6M3, STM32C011J6M6, STM32C0316-DK, STM32C031C4T3, STM32C031C4T6, STM32C031C4U3, STM32C031C4U6, STM32C031C6T3, STM32C031C6T6, STM32C031C6U3, STM32C031C6U6, STM32C031F4P3, STM32C031F4P6, STM32C031F6P3, STM32C031F6P6, STM32C031G4U3, STM32C031G4U6, STM32C031G6U3, STM32C031G6U6, STM32C031K4T3, STM32C031K4T6, STM32C031K4U3, STM32C031K4U6, STM32C031K6T3, STM32C031K6T6, STM32C031K6U3, STM32C031K6U6, STM32G071K8TXN, STM32G071K8UXN, STM32G081GBU6N, STM32G081KBT6N, STM32G081KBUXN, STM32G0B1CCT6N, STM32G0B1KCT6, STM32G0B1NEY6TR, STM32G0B1RCT6N, STM32G0C1CCT6, STM32G0C1CCT6N, STM32G0C1CCU6N, STM32G0C1CET6N, STM32G0C1CEU6N, STM32G0C1KCT6, STM32G0C1NEY6TR, STM32G0C1RCI6N, STM32G0C1RCT6N, STM32G0C1REI6N, STM32G0C1RET6N, STM32G0C1VCI6, STM32G0C1VEI6, STM32G471CCT6, STM32G471CCU6, STM32G471CET3, STM32G471CET6, STM32G471CEU3, STM32G471CEU6, STM32G471MCT6, STM32G471MET3, STM32G471MET6, STM32G471MEY6TR, STM32G471QCT6, STM32G471QET3, STM32G471RCT6, STM32G471RET3, STM32G471RET6, STM32G471VCH6, STM32G471VCI6, STM32G471VCT6, STM32G471VEH3, STM32G471VEH6, STM32G471VEI3, STM32G471VEI6, STM32G471VET3, STM32G471VET6, STM32G474CCT6, STM32H503CBT6, STM32H503CBU6, STM32H503EBY6TR, STM32H503KBU6, STM32H503RBT6, STM32H562AGI6, STM32H562AII6, STM32H562IGK6, STM32H562IGT6, STM32H562IIK6, STM32H562IIT6, STM32H562RGT6, STM32H562RGV6, STM32H562RIT6, STM32H562RIV6, STM32H562VGT6, STM32H562VIT6, STM32H562ZGT6, STM32H562ZIT6, STM32H563AGI6, STM32H563AII3Q, STM32H563AII6, STM32H563IGK6, STM32H563IGT6, STM32H563IIK3Q, STM32H563IIK6, STM32H563IIT3Q, STM32H563IIT6, STM32H563MIY3QTR, STM32H563RGT6, STM32H563RGV6, STM32H563RIT6, STM32H563RIV6, STM32H563VGT6, STM32H563VIT3Q, STM32H563VIT6, STM32H563ZGT6, STM32H563ZIT3Q, STM32H563ZIT6, STM32H573AII3Q, STM32H573AII6, STM32H573I-DK, STM32H573IIK3Q, STM32H573IIK6, STM32H573IIT3Q, STM32H573IIT6, STM32H573MIY3QTR, STM32H573RIT6, STM32H573RIV6, STM32H573VIT3Q, STM32H573VIT6, STM32H573ZIT3Q, STM32H573ZIT6, STM32L4R5QGI6STR, STM32MP131AAE3, STM32MP131AAF3, STM32MP131AAG3, STM32MP131CAE3, STM32MP131CAF3, STM32MP131CAG3, STM32MP131DAE7, STM32MP131DAF7, STM32MP131DAG7, STM32MP131FAE7, STM32MP131FAF7, STM32MP131FAG7, STM32MP133AAE3, STM32MP133AAF3, STM32MP133AAG3, STM32MP133CAE3, STM32MP133CAF3, STM32MP133CAG3, STM32MP133DAE7, STM32MP133DAF7, STM32MP133DAG7, STM32MP133FAE7, STM32MP133FAF7, STM32MP133FAG7, STM32MP135AAE3, STM32MP135AAF3, STM32MP135AAG3, STM32MP135CAE3, STM32MP135CAF3, STM32MP135CAG3, STM32MP135DAE7, STM32MP135DAF7, STM32MP135DAG7, STM32MP135F-DK, STM32MP135FAE7, STM32MP135FAF7, STM32MP135FAF7T, STM32MP135FAF7U, STM32MP135FAG7, STM32U535CBT6, STM32U535CBT6Q, STM32U535CBU6, STM32U535CBU6Q, STM32U535CCT6, STM32U535CCT6Q, STM32U535CCU6, STM32U535CCU6Q, STM32U535CET6, STM32U535CET6Q, STM32U535CEU6, STM32U535CEU6Q, STM32U535JEY6QTR, STM32U535NCY6QTR, STM32U535NEY6QTR, STM32U535RBI6, STM32U535RBI6Q, STM32U535RBT6, STM32U535RBT6Q, STM32U535RCI6, STM32U535RCI6Q, STM32U535RCT6, STM32U535RCT6Q, STM32U535REI6, STM32U535REI6Q, STM32U535RET6, STM32U535RET6Q, STM32U535VCI6, STM32U535VCI6Q, STM32U535VCT6, STM32U535VCT6Q, STM32U535VEI6, STM32U535VEI6Q, STM32U535VET6, STM32U535VET6Q, STM32U545CET6, STM32U545CET6Q, STM32U545CEU6, STM32U545CEU6Q, STM32U545JEY6QTR, STM32U545NEY6QTR, STM32U545REI6, STM32U545REI6Q, STM32U545RET6, STM32U545RET6Q, STM32U545VEI6, STM32U545VEI6Q, STM32U545VET6, STM32U545VET6Q, STM32U595AIH6, STM32U595AIH6Q, STM32U595AJH6, STM32U595AJH6Q, STM32U595QII6, STM32U595QII6Q, STM32U595QJI6, STM32U595QJI6Q, STM32U595RIT6, STM32U595RIT6Q, STM32U595RJT6, STM32U595RJT6Q, STM32U595VIT6, STM32U595VIT6Q, STM32U595VJT6, STM32U595VJT6Q, STM32U595ZIT6, STM32U595ZIT6Q, STM32U595ZIY6QTR, STM32U595ZJT6, STM32U595ZJT6Q, STM32U595ZJY6QTR, STM32U599BJY6QTR, STM32U599NIH6Q, STM32U599NJH6Q, STM32U599VIT6Q, STM32U599VJT6, STM32U599VJT6Q, STM32U599ZIT6Q, STM32U599ZIY6QTR, STM32U599ZJT6Q, STM32U599ZJY6QTR, STM32U5A5AJH6, STM32U5A5AJH6Q, STM32U5A5QJI6, STM32U5A5QJI6Q, STM32U5A5RJT6, STM32U5A5RJT6Q, STM32U5A5VJT6, STM32U5A5VJT6Q, STM32U5A5ZJT6, STM32U5A5ZJT6Q, STM32U5A5ZJY6QTR, STM32U5A9BJY6QTR, STM32U5A9J-DK, STM32U5A9NJH6Q, STM32U5A9VJT6Q, STM32U5A9ZJT6Q, STM32U5A9ZJY6QTR, STM32WB1MMCH6, STM32WBA52CEU6, STM32WBA52CEU6T, STM32WBA52CGU6, STM32WBA52CGU6T, STM32WL5MOCH6, STM32WL5MOCH6TR]
2023-08-30 09:32:26,745 [INFO] DbMcus:216 - Found 3775 MCUs, 3775 are supported
2023-08-30 09:32:26,745 [INFO] ApiDb:423 - Load user favorites file C:\Users\m-ali.khlifi-ext/.stm32cubeide/favorites.mcus.txt: 0 item(s)
2023-08-30 09:32:26,745 [INFO] ApiDb:427 - User favorites MCUs=[]
2023-08-30 09:32:26,745 [INFO] DbMcus:222 - Set 0 / 0 favorites MCUs
2023-08-30 09:32:27,139 [WARN] ThirdParty:833 - waiting for thirdparty lock release [change project]
2023-08-30 09:32:27,139 [INFO] ThirdParty:835 - entering critical section [change project]
2023-08-30 09:32:27,139 [INFO] ThirdParty:1030 - CMSIS Pack Vendor :STMicroelectronics X-CUBE-ISPU 1.1.0
2023-08-30 09:32:27,139 [INFO] ThirdParty:1030 - CMSIS Pack Vendor :STMicroelectronics X-CUBE-GNSS1 6.0.0
2023-08-30 09:32:27,139 [INFO] ThirdParty:1030 - CMSIS Pack Vendor :STMicroelectronics USB_HOST 2.0.0
2023-08-30 09:32:27,139 [INFO] ThirdParty:1030 - CMSIS Pack Vendor :STMicroelectronics X-CUBE-AZRTOS-F4 1.1.0
2023-08-30 09:32:27,139 [INFO] ThirdParty:1030 - CMSIS Pack Vendor :STMicroelectronics LIBJPEG 8.0.0
2023-08-30 09:32:27,139 [INFO] ThirdParty:1030 - CMSIS Pack Vendor :STMicroelectronics X-CUBE-SMBUS 2.1.0
2023-08-30 09:32:27,139 [INFO] ThirdParty:1030 - CMSIS Pack Vendor :wolfSSL I-CUBE-wolfSSL 5.6.0
2023-08-30 09:32:27,139 [INFO] ThirdParty:1030 - CMSIS Pack Vendor :STMicroelectronics USB_DEVICE 3.0.0
2023-08-30 09:32:27,139 [INFO] ThirdParty:1030 - CMSIS Pack Vendor :STMicroelectronics X-CUBE-AI 8.0.0
2023-08-30 09:32:27,139 [INFO] ThirdParty:1030 - CMSIS Pack Vendor :STMicroelectronics X-CUBE-AZRTOS-WB 2.0.0
2023-08-30 09:32:27,139 [INFO] ThirdParty:1030 - CMSIS Pack Vendor :STMicroelectronics X-CUBE-FREERTOS 1.0.1
2023-08-30 09:32:27,147 [INFO] ThirdParty:1030 - CMSIS Pack Vendor :STMicroelectronics X-CUBE-TOUCHGFX 4.21.3
2023-08-30 09:32:27,147 [INFO] ThirdParty:1030 - CMSIS Pack Vendor :STMicroelectronics X-CUBE-AZRTOS-F7 1.1.0
2023-08-30 09:32:27,147 [INFO] ThirdParty:1030 - CMSIS Pack Vendor :STMicroelectronics X-CUBE-TOUCHGFX 4.21.4
2023-08-30 09:32:27,147 [INFO] ThirdParty:1030 - CMSIS Pack Vendor :STMicroelectronics X-CUBE-AZRTOS-L5 2.0.0
2023-08-30 09:32:27,147 [INFO] ThirdParty:1030 - CMSIS Pack Vendor :STMicroelectronics USB_DEVICE 2.0.0
2023-08-30 09:32:27,147 [INFO] ThirdParty:1030 - CMSIS Pack Vendor :STMicroelectronics X-CUBE-MEMS1 9.6.0
2023-08-30 09:32:27,147 [INFO] ThirdParty:1030 - CMSIS Pack Vendor :STMicroelectronics FP-SNS-MOTENV1 4.3.0
2023-08-30 09:32:27,147 [INFO] ThirdParty:1030 - CMSIS Pack Vendor :STMicroelectronics FP-SNS-MOTENV1 4.3.2
2023-08-30 09:32:27,147 [INFO] ThirdParty:1030 - CMSIS Pack Vendor :STMicroelectronics FP-SNS-FLIGHT1 5.0.0
2023-08-30 09:32:27,147 [INFO] ThirdParty:1030 - CMSIS Pack Vendor :STMicroelectronics FP-SNS-MOTENV1 4.3.1
2023-08-30 09:32:27,147 [INFO] ThirdParty:1030 - CMSIS Pack Vendor :STMicroelectronics FP-SNS-FLIGHT1 5.0.1
2023-08-30 09:32:27,147 [INFO] ThirdParty:1030 - CMSIS Pack Vendor :STMicroelectronics X-CUBE-ALGOBUILD 1.3.0
2023-08-30 09:32:27,147 [INFO] ThirdParty:1030 - CMSIS Pack Vendor :STMicroelectronics X-CUBE-BLE1 6.2.4
2023-08-30 09:32:27,147 [INFO] ThirdParty:1030 - CMSIS Pack Vendor :STMicroelectronics X-CUBE-AZRTOS-L5 1.1.0
2023-08-30 09:32:27,147 [INFO] ThirdParty:1030 - CMSIS Pack Vendor :STMicroelectronics FreeRTOS 0.0.1
2023-08-30 09:32:27,147 [INFO] ThirdParty:1030 - CMSIS Pack Vendor :STMicroelectronics X-CUBE-AZRTOS-G0 1.1.0
2023-08-30 09:32:27,147 [INFO] ThirdParty:1030 - CMSIS Pack Vendor :emotas I-CUBE-CANOPEN 1.1.3
2023-08-30 09:32:27,147 [INFO] ThirdParty:1030 - CMSIS Pack Vendor :STMicroelectronics X-CUBE-BLEMGR 2.0.0
2023-08-30 09:32:27,147 [INFO] ThirdParty:1030 - CMSIS Pack Vendor :STMicroelectronics X-CUBE-AI 8.0.1
2023-08-30 09:32:27,147 [INFO] ThirdParty:1030 - CMSIS Pack Vendor :STMicroelectronics X-CUBE-NFC4 3.0.0
2023-08-30 09:32:27,147 [INFO] ThirdParty:1030 - CMSIS Pack Vendor :STMicroelectronics X-CUBE-SUBG2 5.0.0
2023-08-30 09:32:27,147 [INFO] ThirdParty:1030 - CMSIS Pack Vendor :STMicroelectronics STM32_WPAN 1.0.0
2023-08-30 09:32:27,147 [INFO] ThirdParty:1030 - CMSIS Pack Vendor :STMicroelectronics lwIP 2.0.3
2023-08-30 09:32:27,147 [INFO] ThirdParty:1030 - CMSIS Pack Vendor :STMicroelectronics FP-SNS-FLIGHT1 5.0.2
2023-08-30 09:32:27,147 [INFO] ThirdParty:1030 - CMSIS Pack Vendor :STMicroelectronics USB_HOST 1.0.0
2023-08-30 09:32:27,147 [INFO] ThirdParty:1030 - CMSIS Pack Vendor :STMicroelectronics X-CUBE-TOF1 3.3.1
2023-08-30 09:32:27,147 [INFO] ThirdParty:1030 - CMSIS Pack Vendor :STMicroelectronics X-CUBE-AZRTOS-G4 2.0.0
2023-08-30 09:32:27,147 [INFO] ThirdParty:1030 - CMSIS Pack Vendor :STMicroelectronics PDM2PCM 3.1.0
2023-08-30 09:32:27,147 [INFO] ThirdParty:1030 - CMSIS Pack Vendor :STMicroelectronics X-CUBE-AZRTOS-H7 3.1.0
2023-08-30 09:32:27,147 [INFO] ThirdParty:1030 - CMSIS Pack Vendor :STMicroelectronics X-CUBE-TOF1 3.3.0
2023-08-30 09:32:27,147 [INFO] ThirdParty:1030 - CMSIS Pack Vendor :STMicroelectronics PDM2PCM 3.3.0
2023-08-30 09:32:27,147 [INFO] ThirdParty:1030 - CMSIS Pack Vendor :STMicroelectronics X-CUBE-DISPLAY 3.0.0
2023-08-30 09:32:27,147 [INFO] ThirdParty:1030 - CMSIS Pack Vendor :STMicroelectronics X-CUBE-BLE1 7.0.0
2023-08-30 09:32:27,147 [INFO] ThirdParty:1030 - CMSIS Pack Vendor :STMicroelectronics FP-ATR-SIGFOX1 3.2.0
2023-08-30 09:32:27,147 [INFO] ThirdParty:1030 - CMSIS Pack Vendor :STMicroelectronics X-CUBE-AZRTOS-L4 1.0.0
2023-08-30 09:32:27,147 [INFO] ThirdParty:1030 - CMSIS Pack Vendor :STMicroelectronics HAL Drivers 0.0.0
2023-08-30 09:32:27,147 [INFO] ThirdParty:1030 - CMSIS Pack Vendor :STMicroelectronics MBEDTLS 2.16.2
2023-08-30 09:32:27,147 [INFO] ThirdParty:1030 - CMSIS Pack Vendor :STMicroelectronics X-CUBE-FREERTOS 1.1.0
2023-08-30 09:32:27,147 [INFO] ThirdParty:1030 - CMSIS Pack Vendor :STMicroelectronics X-CUBE-TOUCHGFX 4.22.0
2023-08-30 09:32:27,147 [INFO] ThirdParty:1030 - CMSIS Pack Vendor :STMicroelectronics X-CUBE-NFC7 1.0.1
2023-08-30 09:32:27,147 [INFO] ThirdParty:1030 - CMSIS Pack Vendor :STMicroelectronics MBEDTLS 2.14.1
2023-08-30 09:32:27,147 [INFO] ThirdParty:1030 - CMSIS Pack Vendor :STMicroelectronics X-CUBE-NFC7 1.0.0
2023-08-30 09:32:27,147 [INFO] ThirdParty:1030 - CMSIS Pack Vendor :STMicroelectronics X-CUBE-AZRTOS-WL 1.0.0
2023-08-30 09:32:27,147 [INFO] ThirdParty:1030 - CMSIS Pack Vendor :STMicroelectronics X-CUBE-EEPRMA1 4.1.0
2023-08-30 09:32:27,147 [INFO] ThirdParty:1030 - CMSIS Pack Vendor :portGmbH I-Cube-SoM-uGOAL 1.1.0
2023-08-30 09:32:27,147 [INFO] ThirdParty:1030 - CMSIS Pack Vendor :STMicroelectronics X-CUBE-ALS 1.0.1
2023-08-30 09:32:27,147 [INFO] ThirdParty:1030 - CMSIS Pack Vendor :STMicroelectronics ThreadX 1.0.0
2023-08-30 09:32:27,147 [INFO] ThirdParty:1030 - CMSIS Pack Vendor :STMicroelectronics X-CUBE-AZRTOS-WB 1.1.0
2023-08-30 09:32:27,147 [INFO] ThirdParty:1030 - CMSIS Pack Vendor :STMicroelectronics X-CUBE-AZRTOS-WL 2.0.0
2023-08-30 09:32:27,147 [INFO] ThirdParty:1030 - CMSIS Pack Vendor :SEGGER I-CUBE-embOS 1.3.1
2023-08-30 09:32:27,147 [INFO] ThirdParty:1030 - CMSIS Pack Vendor :STMicroelectronics USB_DEVICE 1.0.0
2023-08-30 09:32:27,147 [INFO] ThirdParty:1030 - CMSIS Pack Vendor :STMicroelectronics X-CUBE-AI 8.1.0
2023-08-30 09:32:27,147 [INFO] ThirdParty:1030 - CMSIS Pack Vendor :STMicroelectronics X-CUBE-AZRTOS-L4 2.0.0
2023-08-30 09:32:27,147 [INFO] ThirdParty:1030 - CMSIS Pack Vendor :STMicroelectronics ThreadX 0.0.2
2023-08-30 09:32:27,147 [INFO] ThirdParty:1030 - CMSIS Pack Vendor :WES I-CUBE-Cesium 1.3.0
2023-08-30 09:32:27,147 [INFO] ThirdParty:1030 - CMSIS Pack Vendor :STMicroelectronics FP-ATR-ASTRA1 2.0.0
2023-08-30 09:32:27,147 [INFO] ThirdParty:1030 - CMSIS Pack Vendor :STMicroelectronics lwIP 2.1.2
2023-08-30 09:32:27,147 [INFO] ThirdParty:1030 - CMSIS Pack Vendor :STMicroelectronics X-CUBE-SFXS2LP1 4.0.0
2023-08-30 09:32:27,147 [INFO] ThirdParty:1030 - CMSIS Pack Vendor :STMicroelectronics X-CUBE-BLE2 3.3.0
2023-08-30 09:32:27,147 [INFO] ThirdParty:1030 - CMSIS Pack Vendor :STMicroelectronics PDM2PCM 3.2.0
2023-08-30 09:32:27,147 [INFO] ThirdParty:841 - exiting critical section [change project]
2023-08-30 09:32:27,721 [INFO] PinOutPanel:1499 - setPackage(No Configuration,No Configuration)
2023-08-30 09:32:27,721 [INFO] PinOutPanel:1499 - setPackage(STM32F446RETx,LQFP64)
2023-08-30 09:32:28,845 [INFO] UtilMem:75 - Before build in PCC Used Memory: 649923072 Bytes (897581056)
2023-08-30 09:32:30,199 [INFO] UtilMem:75 - After build in PCC Used Memory: 599613440 Bytes (897581056)
2023-08-30 09:32:30,246 [INFO] IPUIPlugin:80 - create IPUIPlugin
2023-08-30 09:32:30,246 [INFO] IPUIPlugin:80 - create IPUIPlugin
2023-08-30 09:32:30,246 [INFO] IPUIPlugin:80 - create IPUIPlugin
2023-08-30 09:32:30,246 [INFO] IPUIPlugin:80 - create IPUIPlugin
2023-08-30 09:32:30,246 [INFO] IPUIPlugin:80 - create IPUIPlugin
2023-08-30 09:32:30,246 [INFO] IPUIPlugin:80 - create IPUIPlugin
2023-08-30 09:32:30,246 [INFO] IPUIPlugin:80 - create IPUIPlugin
2023-08-30 09:32:30,246 [INFO] IPUIPlugin:80 - create IPUIPlugin
2023-08-30 09:32:30,246 [INFO] IPUIPlugin:80 - create IPUIPlugin
2023-08-30 09:32:30,246 [INFO] IPUIPlugin:80 - create IPUIPlugin
2023-08-30 09:32:30,246 [INFO] IPUIPlugin:80 - create IPUIPlugin
2023-08-30 09:32:30,246 [INFO] IPUIPlugin:80 - create IPUIPlugin
2023-08-30 09:32:30,246 [INFO] IPUIPlugin:80 - create IPUIPlugin
2023-08-30 09:32:30,246 [INFO] IPUIPlugin:80 - create IPUIPlugin
2023-08-30 09:32:30,246 [INFO] IPUIPlugin:80 - create IPUIPlugin
2023-08-30 09:32:30,246 [INFO] IPUIPlugin:80 - create IPUIPlugin
2023-08-30 09:32:30,246 [INFO] IPUIPlugin:80 - create IPUIPlugin
2023-08-30 09:32:30,246 [INFO] IPUIPlugin:80 - create IPUIPlugin
2023-08-30 09:32:30,246 [INFO] IPUIPlugin:80 - create IPUIPlugin
2023-08-30 09:32:30,246 [INFO] IPUIPlugin:80 - create IPUIPlugin
2023-08-30 09:32:30,246 [INFO] IPUIPlugin:80 - create IPUIPlugin
2023-08-30 09:32:30,246 [INFO] IPUIPlugin:80 - create IPUIPlugin
2023-08-30 09:32:30,246 [INFO] IPUIPlugin:80 - create IPUIPlugin
2023-08-30 09:32:30,246 [INFO] IPUIPlugin:80 - create IPUIPlugin
2023-08-30 09:32:30,246 [INFO] IPUIPlugin:80 - create IPUIPlugin
2023-08-30 09:32:30,246 [INFO] IPUIPlugin:80 - create IPUIPlugin
2023-08-30 09:32:30,246 [INFO] IPUIPlugin:80 - create IPUIPlugin
2023-08-30 09:32:30,246 [INFO] IPUIPlugin:80 - create IPUIPlugin
2023-08-30 09:32:30,246 [INFO] IPUIPlugin:80 - create IPUIPlugin
2023-08-30 09:32:30,246 [INFO] IPUIPlugin:80 - create IPUIPlugin
2023-08-30 09:32:30,246 [INFO] IPUIPlugin:80 - create IPUIPlugin
2023-08-30 09:32:30,246 [INFO] IPUIPlugin:80 - create IPUIPlugin
2023-08-30 09:32:30,246 [INFO] IPUIPlugin:80 - create IPUIPlugin
2023-08-30 09:32:30,246 [INFO] IPUIPlugin:80 - create IPUIPlugin
2023-08-30 09:32:30,246 [INFO] IPUIPlugin:80 - create IPUIPlugin
2023-08-30 09:32:30,246 [INFO] IPUIPlugin:80 - create IPUIPlugin
2023-08-30 09:32:30,246 [INFO] IPUIPlugin:80 - create IPUIPlugin
2023-08-30 09:32:30,246 [INFO] IPUIPlugin:80 - create IPUIPlugin
2023-08-30 09:32:30,246 [INFO] IPUIPlugin:80 - create IPUIPlugin
2023-08-30 09:32:30,246 [INFO] IPUIPlugin:80 - create IPUIPlugin
2023-08-30 09:32:30,246 [INFO] IPUIPlugin:80 - create IPUIPlugin
2023-08-30 09:32:30,246 [INFO] IPUIPlugin:80 - create IPUIPlugin
2023-08-30 09:32:30,246 [INFO] IPUIPlugin:80 - create IPUIPlugin
2023-08-30 09:32:30,246 [INFO] IPUIPlugin:80 - create IPUIPlugin
2023-08-30 09:32:30,246 [INFO] IPUIPlugin:80 - create IPUIPlugin
2023-08-30 09:32:30,246 [INFO] IPUIPlugin:80 - create IPUIPlugin
2023-08-30 09:32:30,246 [INFO] IPUIPlugin:80 - create IPUIPlugin
2023-08-30 09:32:30,246 [INFO] IPUIPlugin:80 - create IPUIPlugin
2023-08-30 09:32:30,246 [INFO] IPUIPlugin:80 - create IPUIPlugin
2023-08-30 09:32:30,261 [INFO] IPUIPlugin:80 - create IPUIPlugin
2023-08-30 09:32:30,261 [INFO] IPUIPlugin:80 - create IPUIPlugin
2023-08-30 09:32:30,261 [INFO] IPUIPlugin:80 - create IPUIPlugin
2023-08-30 09:32:30,261 [INFO] IPUIPlugin:80 - create IPUIPlugin
2023-08-30 09:32:30,261 [INFO] IPUIPlugin:80 - create IPUIPlugin
2023-08-30 09:32:30,261 [INFO] IPUIPlugin:80 - create IPUIPlugin
2023-08-30 09:32:30,261 [INFO] IPUIPlugin:80 - create IPUIPlugin
2023-08-30 09:32:30,261 [INFO] IPUIPlugin:80 - create IPUIPlugin
2023-08-30 09:32:30,261 [INFO] IPUIPlugin:80 - create IPUIPlugin
2023-08-30 09:32:30,261 [INFO] IPUIPlugin:80 - create IPUIPlugin
2023-08-30 09:32:30,261 [INFO] IPUIPlugin:80 - create IPUIPlugin
2023-08-30 09:32:30,346 [INFO] ApiDbMcu:507 - Load IP Config File for PDM2PCM
2023-08-30 09:32:30,647 [INFO] CADModel:165 - CPN selected for project levelSTM32F446RET6
2023-08-30 09:32:30,647 [INFO] CADModel:114 - Register for checkConnection events
2023-08-30 09:32:30,715 [INFO] OpenFileManager:328 - Restore cursor
2023-08-30 15:28:04,835 [INFO] MainUpdater:2854 - connection check result : 10
2023-08-30 15:28:04,835 [INFO] MainUpdater:2854 - connection check result : 10
2023-08-30 15:28:04,855 [INFO] MicroXplorer:468 - Change Database Path : 
2023-08-30 15:28:04,855 [INFO] MicroXplorer:498 - Change Database Version : DB.6.0.81
2023-08-30 15:28:04,872 [WARN] ThirdParty:871 - waiting for thirdparty lock release [close project]
2023-08-30 15:28:04,872 [INFO] ThirdParty:873 - entering critical section [close project]
2023-08-30 15:28:04,872 [INFO] ThirdParty:883 - exiting critical section [close project]
2023-08-30 15:28:04,888 [INFO] PinOutPanel:1499 - setPackage(No Configuration,No Configuration)
2023-08-30 15:28:04,903 [WARN] IpParametersView:150 - Warning: This peripheral hasn't parameters
2023-08-30 15:28:04,935 [WARN] MainPanel:257 - <html><b><center>Warning: This peripheral has no parameters to be configured<br></b></html>
2023-08-30 15:28:04,950 [INFO] UtilMem:75 - Begin LoadConfig() Used Memory: 726033232 Bytes (897581056)
2023-08-30 15:28:04,960 [INFO] MicroXplorer:468 - Change Database Path : C:/Users/m-ali.khlifi-ext/.stm32cubemx/databases/DB.6.0.80/db/
2023-08-30 15:28:04,960 [INFO] MicroXplorer:498 - Change Database Version : DB.6.0.80
2023-08-30 15:28:06,193 [INFO] OpenFileManager:308 - Change cursor
2023-08-30 15:28:06,215 [INFO] Mcu:1937 - Initializing MCU STM32F446R(C-E)Tx STM32F446RETx STM32F446RET6
2023-08-30 15:28:07,641 [INFO] Context:659 - Trying to add GPIOservice into a context  which must be forbidden
2023-08-30 15:28:08,164 [INFO] RtosManager:555 - Registered RTOS mode: class=CMSIS, group=RTOS, mode=CMSIS_V1, owner=FREERTOS
2023-08-30 15:28:08,164 [INFO] RtosManager:555 - Registered RTOS mode: class=CMSIS, group=RTOS2, mode=CMSIS_V2, owner=FREERTOS
2023-08-30 15:28:08,164 [INFO] RtosManager:555 - Registered RTOS mode: class=RTOS, group=Core, mode=CMSIS_V1, owner=FREERTOS
2023-08-30 15:28:08,164 [INFO] RtosManager:555 - Registered RTOS mode: class=RTOS, group=Core, mode=CMSIS_V2, owner=FREERTOS
2023-08-30 15:28:08,164 [WARN] ModelIntegratedComponent:184 - Missing modes for component STMicroelectronics:FreeRTOS:0.0.1:STMicroelectronics:RTOS:FreeRTOS:Core:::10.2.0:
2023-08-30 15:28:08,184 [WARN] ModelIntegratedComponent:63 - No mode defined for component null
2023-08-30 15:28:08,184 [WARN] ModelIntegratedComponent:63 - No mode defined for component null
2023-08-30 15:28:08,184 [WARN] ModelIntegratedComponent:63 - No mode defined for component null
2023-08-30 15:28:08,184 [WARN] ModelIntegratedComponent:63 - No mode defined for component null
2023-08-30 15:28:08,184 [WARN] ModelIntegratedComponent:63 - No mode defined for component null
2023-08-30 15:28:08,184 [WARN] ModelIntegratedComponent:63 - No mode defined for component null
2023-08-30 15:28:08,184 [WARN] ModelIntegratedComponent:63 - No mode defined for component null
2023-08-30 15:28:08,184 [WARN] ModelIntegratedComponent:63 - No mode defined for component null
2023-08-30 15:28:08,184 [WARN] ModelIntegratedComponent:63 - No mode defined for component null
2023-08-30 15:28:08,184 [WARN] ModelIntegratedComponent:63 - No mode defined for component null
2023-08-30 15:28:08,184 [WARN] ModelIntegratedComponent:63 - No mode defined for component null
2023-08-30 15:28:08,184 [WARN] ModelIntegratedComponent:63 - No mode defined for component null
2023-08-30 15:28:08,184 [WARN] ModelIntegratedComponent:63 - No mode defined for component null
2023-08-30 15:28:08,184 [WARN] ModelIntegratedComponent:63 - No mode defined for component null
2023-08-30 15:28:08,184 [WARN] ModelIntegratedComponent:63 - No mode defined for component null
2023-08-30 15:28:08,184 [WARN] ModelIntegratedComponent:63 - No mode defined for component null
2023-08-30 15:28:08,184 [WARN] ModelIntegratedComponent:63 - No mode defined for component null
2023-08-30 15:28:08,184 [WARN] ModelIntegratedComponent:63 - No mode defined for component null
2023-08-30 15:28:08,184 [WARN] ModelIntegratedComponent:63 - No mode defined for component null
2023-08-30 15:28:08,184 [WARN] ModelIntegratedComponent:63 - No mode defined for component null
2023-08-30 15:28:08,184 [WARN] ModelIntegratedComponent:63 - No mode defined for component null
2023-08-30 15:28:08,184 [WARN] ModelIntegratedComponent:63 - No mode defined for component null
2023-08-30 15:28:08,184 [WARN] ModelIntegratedComponent:63 - No mode defined for component null
2023-08-30 15:28:08,184 [WARN] ModelIntegratedComponent:63 - No mode defined for component null
2023-08-30 15:28:08,184 [WARN] ModelIntegratedComponent:63 - No mode defined for component null
2023-08-30 15:28:08,184 [WARN] ModelIntegratedComponent:63 - No mode defined for component null
2023-08-30 15:28:08,184 [WARN] ModelIntegratedComponent:63 - No mode defined for component null
2023-08-30 15:28:08,184 [WARN] ModelIntegratedComponent:63 - No mode defined for component null
2023-08-30 15:28:08,184 [WARN] ModelIntegratedComponent:63 - No mode defined for component null
2023-08-30 15:28:08,184 [WARN] ModelIntegratedComponent:63 - No mode defined for component null
2023-08-30 15:28:08,184 [WARN] ModelIntegratedComponent:63 - No mode defined for component null
2023-08-30 15:28:08,184 [WARN] ModelIntegratedComponent:63 - No mode defined for component null
2023-08-30 15:28:08,184 [WARN] ModelIntegratedComponent:63 - No mode defined for component null
2023-08-30 15:28:08,214 [INFO] ThirdPartyModel:298 - Start build external matchings
2023-08-30 15:28:08,838 [INFO] ThirdPartyModel:316 - End build external matchings
2023-08-30 15:28:08,848 [INFO] ImportTextPane:194 - (OptionalMessage_ERROR) IP (DMA) : Parameter (Instance) has Id (ADC1) currently not set
2023-08-30 15:28:08,848 [INFO] ImportTextPane:194 - (OptionalMessage_ERROR) IP (DMA) : Parameter (Channel) has Id (ADC1) currently not set
2023-08-30 15:28:08,848 [INFO] ImportTextPane:194 - (OptionalMessage_ERROR) IP (DMA) : Parameter (Direction) has Id (ADC1) currently not set
2023-08-30 15:28:08,848 [INFO] ImportTextPane:194 - (OptionalMessage_ERROR) IP (DMA) : Parameter (PeriphInc) has Id (ADC1) currently not set
2023-08-30 15:28:08,848 [INFO] ImportTextPane:194 - (OptionalMessage_ERROR) IP (DMA) : Parameter (MemInc) has Id (ADC1) currently not set
2023-08-30 15:28:08,848 [INFO] ImportTextPane:194 - (OptionalMessage_ERROR) IP (DMA) : Parameter (PeriphDataAlignment) has Id (ADC1) currently not set
2023-08-30 15:28:08,848 [INFO] ImportTextPane:194 - (OptionalMessage_ERROR) IP (DMA) : Parameter (MemDataAlignment) has Id (ADC1) currently not set
2023-08-30 15:28:08,848 [INFO] ImportTextPane:194 - (OptionalMessage_ERROR) IP (DMA) : Parameter (Mode) has Id (ADC1) currently not set
2023-08-30 15:28:08,848 [INFO] ImportTextPane:194 - (OptionalMessage_ERROR) IP (DMA) : Parameter (Priority) has Id (ADC1) currently not set
2023-08-30 15:28:08,848 [INFO] ImportTextPane:194 - (OptionalMessage_ERROR) IP (DMA) : Parameter (FIFOMode) has Id (ADC1) currently not set
2023-08-30 15:28:08,856 [INFO] ImportTextPane:194 - (OptionalMessage_ERROR) IP (RCC) : Invalid parameter (FamilyName)
2023-08-30 15:28:08,856 [INFO] ImportTextPane:194 - (OptionalMessage_ERROR) IP (RCC) : Parameter (MCO2PinFreq_Value) has invalid value (180000000)
2023-08-30 15:28:08,856 [INFO] ImportTextPane:194 - (OptionalMessage_ERROR) IP (RCC) : Parameter (SDIOFreq_Value) has invalid value (120000000)
2023-08-30 15:28:08,856 [INFO] ImportTextPane:194 - (OptionalMessage_ERROR) IP (RCC) : Parameter (USBFreq_Value) has invalid value (120000000)
2023-08-30 15:28:09,154 [INFO] UtilMem:75 - End LoadConfig() Used Memory: 581884656 Bytes (897581056)
2023-08-30 15:28:09,201 [WARN] ThirdParty:833 - waiting for thirdparty lock release [change project]
2023-08-30 15:28:09,201 [INFO] ThirdParty:835 - entering critical section [change project]
2023-08-30 15:28:09,201 [INFO] ThirdParty:1030 - CMSIS Pack Vendor :STMicroelectronics X-CUBE-ISPU 1.1.0
2023-08-30 15:28:09,201 [INFO] ThirdParty:1030 - CMSIS Pack Vendor :STMicroelectronics X-CUBE-GNSS1 6.0.0
2023-08-30 15:28:09,201 [INFO] ThirdParty:1030 - CMSIS Pack Vendor :STMicroelectronics USB_HOST 2.0.0
2023-08-30 15:28:09,201 [INFO] ThirdParty:1030 - CMSIS Pack Vendor :STMicroelectronics X-CUBE-AZRTOS-F4 1.1.0
2023-08-30 15:28:09,201 [INFO] ThirdParty:1030 - CMSIS Pack Vendor :STMicroelectronics LIBJPEG 8.0.0
2023-08-30 15:28:09,201 [INFO] ThirdParty:1030 - CMSIS Pack Vendor :STMicroelectronics X-CUBE-SMBUS 2.1.0
2023-08-30 15:28:09,201 [INFO] ThirdParty:1030 - CMSIS Pack Vendor :wolfSSL I-CUBE-wolfSSL 5.6.0
2023-08-30 15:28:09,201 [INFO] ThirdParty:1030 - CMSIS Pack Vendor :STMicroelectronics USB_DEVICE 3.0.0
2023-08-30 15:28:09,201 [INFO] ThirdParty:1030 - CMSIS Pack Vendor :STMicroelectronics X-CUBE-AI 8.0.0
2023-08-30 15:28:09,201 [INFO] ThirdParty:1030 - CMSIS Pack Vendor :STMicroelectronics X-CUBE-AZRTOS-WB 2.0.0
2023-08-30 15:28:09,201 [INFO] ThirdParty:1030 - CMSIS Pack Vendor :STMicroelectronics X-CUBE-FREERTOS 1.0.1
2023-08-30 15:28:09,201 [INFO] ThirdParty:1030 - CMSIS Pack Vendor :STMicroelectronics X-CUBE-TOUCHGFX 4.21.3
2023-08-30 15:28:09,201 [INFO] ThirdParty:1030 - CMSIS Pack Vendor :STMicroelectronics X-CUBE-AZRTOS-F7 1.1.0
2023-08-30 15:28:09,201 [INFO] ThirdParty:1030 - CMSIS Pack Vendor :STMicroelectronics X-CUBE-TOUCHGFX 4.21.4
2023-08-30 15:28:09,201 [INFO] ThirdParty:1030 - CMSIS Pack Vendor :STMicroelectronics X-CUBE-AZRTOS-L5 2.0.0
2023-08-30 15:28:09,201 [INFO] ThirdParty:1030 - CMSIS Pack Vendor :STMicroelectronics USB_DEVICE 2.0.0
2023-08-30 15:28:09,201 [INFO] ThirdParty:1030 - CMSIS Pack Vendor :STMicroelectronics X-CUBE-MEMS1 9.6.0
2023-08-30 15:28:09,201 [INFO] ThirdParty:1030 - CMSIS Pack Vendor :STMicroelectronics FP-SNS-MOTENV1 4.3.0
2023-08-30 15:28:09,201 [INFO] ThirdParty:1030 - CMSIS Pack Vendor :STMicroelectronics FP-SNS-MOTENV1 4.3.2
2023-08-30 15:28:09,201 [INFO] ThirdParty:1030 - CMSIS Pack Vendor :STMicroelectronics FP-SNS-FLIGHT1 5.0.0
2023-08-30 15:28:09,201 [INFO] ThirdParty:1030 - CMSIS Pack Vendor :STMicroelectronics FP-SNS-MOTENV1 4.3.1
2023-08-30 15:28:09,201 [INFO] ThirdParty:1030 - CMSIS Pack Vendor :STMicroelectronics FP-SNS-FLIGHT1 5.0.1
2023-08-30 15:28:09,201 [INFO] ThirdParty:1030 - CMSIS Pack Vendor :STMicroelectronics X-CUBE-ALGOBUILD 1.3.0
2023-08-30 15:28:09,201 [INFO] ThirdParty:1030 - CMSIS Pack Vendor :STMicroelectronics X-CUBE-BLE1 6.2.4
2023-08-30 15:28:09,201 [INFO] ThirdParty:1030 - CMSIS Pack Vendor :STMicroelectronics X-CUBE-AZRTOS-L5 1.1.0
2023-08-30 15:28:09,201 [INFO] ThirdParty:1030 - CMSIS Pack Vendor :STMicroelectronics FreeRTOS 0.0.1
2023-08-30 15:28:09,201 [INFO] ThirdParty:1030 - CMSIS Pack Vendor :STMicroelectronics X-CUBE-AZRTOS-G0 1.1.0
2023-08-30 15:28:09,201 [INFO] ThirdParty:1030 - CMSIS Pack Vendor :emotas I-CUBE-CANOPEN 1.1.3
2023-08-30 15:28:09,201 [INFO] ThirdParty:1030 - CMSIS Pack Vendor :STMicroelectronics X-CUBE-BLEMGR 2.0.0
2023-08-30 15:28:09,201 [INFO] ThirdParty:1030 - CMSIS Pack Vendor :STMicroelectronics X-CUBE-AI 8.0.1
2023-08-30 15:28:09,201 [INFO] ThirdParty:1030 - CMSIS Pack Vendor :STMicroelectronics X-CUBE-NFC4 3.0.0
2023-08-30 15:28:09,201 [INFO] ThirdParty:1030 - CMSIS Pack Vendor :STMicroelectronics X-CUBE-SUBG2 5.0.0
2023-08-30 15:28:09,201 [INFO] ThirdParty:1030 - CMSIS Pack Vendor :STMicroelectronics STM32_WPAN 1.0.0
2023-08-30 15:28:09,201 [INFO] ThirdParty:1030 - CMSIS Pack Vendor :STMicroelectronics lwIP 2.0.3
2023-08-30 15:28:09,201 [INFO] ThirdParty:1030 - CMSIS Pack Vendor :STMicroelectronics FP-SNS-FLIGHT1 5.0.2
2023-08-30 15:28:09,201 [INFO] ThirdParty:1030 - CMSIS Pack Vendor :STMicroelectronics USB_HOST 1.0.0
2023-08-30 15:28:09,201 [INFO] ThirdParty:1030 - CMSIS Pack Vendor :STMicroelectronics X-CUBE-TOF1 3.3.1
2023-08-30 15:28:09,201 [INFO] ThirdParty:1030 - CMSIS Pack Vendor :STMicroelectronics X-CUBE-AZRTOS-G4 2.0.0
2023-08-30 15:28:09,201 [INFO] ThirdParty:1030 - CMSIS Pack Vendor :STMicroelectronics PDM2PCM 3.1.0
2023-08-30 15:28:09,201 [INFO] ThirdParty:1030 - CMSIS Pack Vendor :STMicroelectronics X-CUBE-AZRTOS-H7 3.1.0
2023-08-30 15:28:09,201 [INFO] ThirdParty:1030 - CMSIS Pack Vendor :STMicroelectronics X-CUBE-TOF1 3.3.0
2023-08-30 15:28:09,201 [INFO] ThirdParty:1030 - CMSIS Pack Vendor :STMicroelectronics PDM2PCM 3.3.0
2023-08-30 15:28:09,201 [INFO] ThirdParty:1030 - CMSIS Pack Vendor :STMicroelectronics X-CUBE-DISPLAY 3.0.0
2023-08-30 15:28:09,201 [INFO] ThirdParty:1030 - CMSIS Pack Vendor :STMicroelectronics X-CUBE-BLE1 7.0.0
2023-08-30 15:28:09,201 [INFO] ThirdParty:1030 - CMSIS Pack Vendor :STMicroelectronics FP-ATR-SIGFOX1 3.2.0
2023-08-30 15:28:09,201 [INFO] ThirdParty:1030 - CMSIS Pack Vendor :STMicroelectronics X-CUBE-AZRTOS-L4 1.0.0
2023-08-30 15:28:09,201 [INFO] ThirdParty:1030 - CMSIS Pack Vendor :STMicroelectronics HAL Drivers 0.0.0
2023-08-30 15:28:09,201 [INFO] ThirdParty:1030 - CMSIS Pack Vendor :STMicroelectronics MBEDTLS 2.16.2
2023-08-30 15:28:09,201 [INFO] ThirdParty:1030 - CMSIS Pack Vendor :STMicroelectronics X-CUBE-FREERTOS 1.1.0
2023-08-30 15:28:09,201 [INFO] ThirdParty:1030 - CMSIS Pack Vendor :STMicroelectronics X-CUBE-TOUCHGFX 4.22.0
2023-08-30 15:28:09,201 [INFO] ThirdParty:1030 - CMSIS Pack Vendor :STMicroelectronics X-CUBE-NFC7 1.0.1
2023-08-30 15:28:09,201 [INFO] ThirdParty:1030 - CMSIS Pack Vendor :STMicroelectronics MBEDTLS 2.14.1
2023-08-30 15:28:09,201 [INFO] ThirdParty:1030 - CMSIS Pack Vendor :STMicroelectronics X-CUBE-NFC7 1.0.0
2023-08-30 15:28:09,201 [INFO] ThirdParty:1030 - CMSIS Pack Vendor :STMicroelectronics X-CUBE-AZRTOS-WL 1.0.0
2023-08-30 15:28:09,201 [INFO] ThirdParty:1030 - CMSIS Pack Vendor :STMicroelectronics X-CUBE-EEPRMA1 4.1.0
2023-08-30 15:28:09,201 [INFO] ThirdParty:1030 - CMSIS Pack Vendor :portGmbH I-Cube-SoM-uGOAL 1.1.0
2023-08-30 15:28:09,201 [INFO] ThirdParty:1030 - CMSIS Pack Vendor :STMicroelectronics X-CUBE-ALS 1.0.1
2023-08-30 15:28:09,201 [INFO] ThirdParty:1030 - CMSIS Pack Vendor :STMicroelectronics ThreadX 1.0.0
2023-08-30 15:28:09,201 [INFO] ThirdParty:1030 - CMSIS Pack Vendor :STMicroelectronics X-CUBE-AZRTOS-WB 1.1.0
2023-08-30 15:28:09,201 [INFO] ThirdParty:1030 - CMSIS Pack Vendor :STMicroelectronics X-CUBE-AZRTOS-WL 2.0.0
2023-08-30 15:28:09,201 [INFO] ThirdParty:1030 - CMSIS Pack Vendor :SEGGER I-CUBE-embOS 1.3.1
2023-08-30 15:28:09,201 [INFO] ThirdParty:1030 - CMSIS Pack Vendor :STMicroelectronics USB_DEVICE 1.0.0
2023-08-30 15:28:09,201 [INFO] ThirdParty:1030 - CMSIS Pack Vendor :STMicroelectronics X-CUBE-AI 8.1.0
2023-08-30 15:28:09,201 [INFO] ThirdParty:1030 - CMSIS Pack Vendor :STMicroelectronics X-CUBE-AZRTOS-L4 2.0.0
2023-08-30 15:28:09,201 [INFO] ThirdParty:1030 - CMSIS Pack Vendor :STMicroelectronics ThreadX 0.0.2
2023-08-30 15:28:09,201 [INFO] ThirdParty:1030 - CMSIS Pack Vendor :WES I-CUBE-Cesium 1.3.0
2023-08-30 15:28:09,201 [INFO] ThirdParty:1030 - CMSIS Pack Vendor :STMicroelectronics FP-ATR-ASTRA1 2.0.0
2023-08-30 15:28:09,201 [INFO] ThirdParty:1030 - CMSIS Pack Vendor :STMicroelectronics lwIP 2.1.2
2023-08-30 15:28:09,201 [INFO] ThirdParty:1030 - CMSIS Pack Vendor :STMicroelectronics X-CUBE-SFXS2LP1 4.0.0
2023-08-30 15:28:09,201 [INFO] ThirdParty:1030 - CMSIS Pack Vendor :STMicroelectronics X-CUBE-BLE2 3.3.0
2023-08-30 15:28:09,201 [INFO] ThirdParty:1030 - CMSIS Pack Vendor :STMicroelectronics PDM2PCM 3.2.0
2023-08-30 15:28:09,201 [INFO] ThirdParty:841 - exiting critical section [change project]
2023-08-30 15:28:09,468 [INFO] PinOutPanel:1499 - setPackage(No Configuration,No Configuration)
2023-08-30 15:28:09,468 [INFO] PinOutPanel:1499 - setPackage(STM32F446RETx,LQFP64)
2023-08-30 15:28:09,969 [INFO] UtilMem:75 - Before build in PCC Used Memory: 653115896 Bytes (897581056)
2023-08-30 15:28:10,432 [INFO] UtilMem:75 - After build in PCC Used Memory: 702401016 Bytes (897581056)
2023-08-30 15:28:10,470 [INFO] IPUIPlugin:80 - create IPUIPlugin
2023-08-30 15:28:10,470 [INFO] IPUIPlugin:80 - create IPUIPlugin
2023-08-30 15:28:10,470 [INFO] IPUIPlugin:80 - create IPUIPlugin
2023-08-30 15:28:10,470 [INFO] IPUIPlugin:80 - create IPUIPlugin
2023-08-30 15:28:10,470 [INFO] IPUIPlugin:80 - create IPUIPlugin
2023-08-30 15:28:10,470 [INFO] IPUIPlugin:80 - create IPUIPlugin
2023-08-30 15:28:10,470 [INFO] IPUIPlugin:80 - create IPUIPlugin
2023-08-30 15:28:10,470 [INFO] IPUIPlugin:80 - create IPUIPlugin
2023-08-30 15:28:10,470 [INFO] IPUIPlugin:80 - create IPUIPlugin
2023-08-30 15:28:10,470 [INFO] IPUIPlugin:80 - create IPUIPlugin
2023-08-30 15:28:10,470 [INFO] IPUIPlugin:80 - create IPUIPlugin
2023-08-30 15:28:10,470 [INFO] IPUIPlugin:80 - create IPUIPlugin
2023-08-30 15:28:10,470 [INFO] IPUIPlugin:80 - create IPUIPlugin
2023-08-30 15:28:10,470 [INFO] IPUIPlugin:80 - create IPUIPlugin
2023-08-30 15:28:10,470 [INFO] IPUIPlugin:80 - create IPUIPlugin
2023-08-30 15:28:10,470 [INFO] IPUIPlugin:80 - create IPUIPlugin
2023-08-30 15:28:10,470 [INFO] IPUIPlugin:80 - create IPUIPlugin
2023-08-30 15:28:10,470 [INFO] IPUIPlugin:80 - create IPUIPlugin
2023-08-30 15:28:10,470 [INFO] IPUIPlugin:80 - create IPUIPlugin
2023-08-30 15:28:10,470 [INFO] IPUIPlugin:80 - create IPUIPlugin
2023-08-30 15:28:10,470 [INFO] IPUIPlugin:80 - create IPUIPlugin
2023-08-30 15:28:10,470 [INFO] IPUIPlugin:80 - create IPUIPlugin
2023-08-30 15:28:10,470 [INFO] IPUIPlugin:80 - create IPUIPlugin
2023-08-30 15:28:10,470 [INFO] IPUIPlugin:80 - create IPUIPlugin
2023-08-30 15:28:10,470 [INFO] IPUIPlugin:80 - create IPUIPlugin
2023-08-30 15:28:10,470 [INFO] IPUIPlugin:80 - create IPUIPlugin
2023-08-30 15:28:10,470 [INFO] IPUIPlugin:80 - create IPUIPlugin
2023-08-30 15:28:10,470 [INFO] IPUIPlugin:80 - create IPUIPlugin
2023-08-30 15:28:10,470 [INFO] IPUIPlugin:80 - create IPUIPlugin
2023-08-30 15:28:10,470 [INFO] IPUIPlugin:80 - create IPUIPlugin
2023-08-30 15:28:10,470 [INFO] IPUIPlugin:80 - create IPUIPlugin
2023-08-30 15:28:10,470 [INFO] IPUIPlugin:80 - create IPUIPlugin
2023-08-30 15:28:10,470 [INFO] IPUIPlugin:80 - create IPUIPlugin
2023-08-30 15:28:10,470 [INFO] IPUIPlugin:80 - create IPUIPlugin
2023-08-30 15:28:10,470 [INFO] IPUIPlugin:80 - create IPUIPlugin
2023-08-30 15:28:10,470 [INFO] IPUIPlugin:80 - create IPUIPlugin
2023-08-30 15:28:10,470 [INFO] IPUIPlugin:80 - create IPUIPlugin
2023-08-30 15:28:10,470 [INFO] IPUIPlugin:80 - create IPUIPlugin
2023-08-30 15:28:10,470 [INFO] IPUIPlugin:80 - create IPUIPlugin
2023-08-30 15:28:10,485 [INFO] IPUIPlugin:80 - create IPUIPlugin
2023-08-30 15:28:10,485 [INFO] IPUIPlugin:80 - create IPUIPlugin
2023-08-30 15:28:10,485 [INFO] IPUIPlugin:80 - create IPUIPlugin
2023-08-30 15:28:10,485 [INFO] IPUIPlugin:80 - create IPUIPlugin
2023-08-30 15:28:10,485 [INFO] IPUIPlugin:80 - create IPUIPlugin
2023-08-30 15:28:10,485 [INFO] IPUIPlugin:80 - create IPUIPlugin
2023-08-30 15:28:10,485 [INFO] IPUIPlugin:80 - create IPUIPlugin
2023-08-30 15:28:10,485 [INFO] IPUIPlugin:80 - create IPUIPlugin
2023-08-30 15:28:10,485 [INFO] IPUIPlugin:80 - create IPUIPlugin
2023-08-30 15:28:10,485 [INFO] IPUIPlugin:80 - create IPUIPlugin
2023-08-30 15:28:10,485 [INFO] IPUIPlugin:80 - create IPUIPlugin
2023-08-30 15:28:10,485 [INFO] IPUIPlugin:80 - create IPUIPlugin
2023-08-30 15:28:10,485 [INFO] IPUIPlugin:80 - create IPUIPlugin
2023-08-30 15:28:10,485 [INFO] IPUIPlugin:80 - create IPUIPlugin
2023-08-30 15:28:10,485 [INFO] IPUIPlugin:80 - create IPUIPlugin
2023-08-30 15:28:10,485 [INFO] IPUIPlugin:80 - create IPUIPlugin
2023-08-30 15:28:10,485 [INFO] IPUIPlugin:80 - create IPUIPlugin
2023-08-30 15:28:10,485 [INFO] IPUIPlugin:80 - create IPUIPlugin
2023-08-30 15:28:10,485 [INFO] IPUIPlugin:80 - create IPUIPlugin
2023-08-30 15:28:10,485 [INFO] IPUIPlugin:80 - create IPUIPlugin
2023-08-30 15:28:10,485 [INFO] IPUIPlugin:80 - create IPUIPlugin
2023-08-30 15:28:10,501 [INFO] ApiDbMcu:507 - Load IP Config File for PDM2PCM
2023-08-30 15:28:10,570 [INFO] CADModel:165 - CPN selected for project levelSTM32F446RET6
2023-08-30 15:28:10,570 [INFO] CADModel:114 - Register for checkConnection events
2023-08-30 15:28:10,631 [INFO] OpenFileManager:328 - Restore cursor
