2024-02-09 10:13:27,271 [INFO] ApplicationProperties:184 - Using Application install path: C:\ST\STM32CubeIDE_1.12.0\STM32CubeIDE\plugins\com.st.stm32cube.common.mx_6.8.1.202304191431
2024-02-09 10:13:27,322 [INFO] DbMcusXml:78 - Set database path to: C:\ST\STM32CubeIDE_1.12.0\STM32CubeIDE\plugins\com.st.stm32cube.common.mx_6.8.1.202304191431\\db\/mcu/
2024-02-09 10:13:27,323 [INFO] ApiDb:274 - Set plugin database path to: C:\ST\STM32CubeIDE_1.12.0\STM32CubeIDE\plugins\com.st.stm32cube.common.mx_6.8.1.202304191431\\db\/plugins/boardmanager/
2024-02-09 10:13:27,325 [WARN] ApiDb:259 - Overriding images path with different value:  => C:\ST\STM32CubeIDE_1.12.0\STM32CubeIDE\plugins\com.st.stm32cube.common.mx_6.8.1.202304191431\\db\/plugins/mcufinder/images/
2024-02-09 10:13:27,346 [INFO] ApiDb:250 - Set database path to: C:\Users\m-ali.khlifi-ext\.stmcufinder\plugins\mcufinder//mcu/
2024-02-09 10:13:27,349 [INFO] DbMcusAds:125 - Set database path to: C:\Users\m-ali.khlifi-ext\.stmcufinder\plugins\mcufinder//mcu/
2024-02-09 10:13:27,435 [INFO] CrossReferenceDbSqlite:203 - Set database path to: C:\Users\m-ali.khlifi-ext\.stmcufinder\plugins\mcufinder//mcu/cs/
2024-02-09 10:13:27,571 [INFO] RulesReader:64 - Compatibility file has been processed (293 Rules)
2024-02-09 10:13:27,729 [INFO] DbMcusXml:78 - Set database path to: C:\ST\STM32CubeIDE_1.12.0\STM32CubeIDE\plugins\com.st.stm32cube.common.mx_6.8.1.202304191431\\db\/mcu/
2024-02-09 10:13:27,729 [INFO] ApiDb:274 - Set plugin database path to: C:\ST\STM32CubeIDE_1.12.0\STM32CubeIDE\plugins\com.st.stm32cube.common.mx_6.8.1.202304191431\\db\/plugins/boardmanager/
2024-02-09 10:13:27,729 [INFO] ApiDb:261 - Set plugin images path to: C:\ST\STM32CubeIDE_1.12.0\STM32CubeIDE\plugins\com.st.stm32cube.common.mx_6.8.1.202304191431\\db\/plugins/mcufinder/images/
2024-02-09 10:13:27,729 [WARN] DbFile:41 - Overriding database path with different value: C:\Users\m-ali.khlifi-ext\.stmcufinder\plugins\mcufinder/ => C:\Users\m-ali.khlifi-ext\.stmcufinder\plugins\mcufinder
2024-02-09 10:13:27,729 [INFO] ApiDb:250 - Set database path to: C:\Users\m-ali.khlifi-ext\.stmcufinder\plugins\mcufinder//mcu/
2024-02-09 10:13:27,729 [WARN] DbFile:41 - Overriding database path with different value: C:\Users\m-ali.khlifi-ext\.stmcufinder\plugins\mcufinder/ => C:\Users\m-ali.khlifi-ext\.stmcufinder\plugins\mcufinder
2024-02-09 10:13:27,729 [INFO] DbMcusAds:125 - Set database path to: C:\Users\m-ali.khlifi-ext\.stmcufinder\plugins\mcufinder//mcu/
2024-02-09 10:13:27,729 [WARN] DbFile:41 - Overriding database path with different value: C:\Users\m-ali.khlifi-ext\.stmcufinder\plugins\mcufinder/ => C:\Users\m-ali.khlifi-ext\.stmcufinder\plugins\mcufinder
2024-02-09 10:13:27,730 [WARN] DbFile:41 - Overriding database path with different value: C:\Users\m-ali.khlifi-ext\.stmcufinder\plugins\mcufinder/ => C:\Users\m-ali.khlifi-ext\.stmcufinder\plugins\mcufinder
2024-02-09 10:13:27,730 [INFO] CrossReferenceDbSqlite:203 - Set database path to: C:\Users\m-ali.khlifi-ext\.stmcufinder\plugins\mcufinder//mcu/cs/
2024-02-09 10:13:27,848 [INFO] MainPanel:253 - HeapMemory: 802160640
2024-02-09 10:13:27,954 [INFO] DbMcusXml:78 - Set database path to: C:\ST\STM32CubeIDE_1.12.0\STM32CubeIDE\plugins\com.st.stm32cube.common.mx_6.8.1.202304191431\\db\/mcu/
2024-02-09 10:13:27,954 [INFO] ApiDb:274 - Set plugin database path to: C:\ST\STM32CubeIDE_1.12.0\STM32CubeIDE\plugins\com.st.stm32cube.common.mx_6.8.1.202304191431\\db\/plugins/boardmanager/
2024-02-09 10:13:27,954 [INFO] ApiDb:261 - Set plugin images path to: C:\ST\STM32CubeIDE_1.12.0\STM32CubeIDE\plugins\com.st.stm32cube.common.mx_6.8.1.202304191431\\db\/plugins/mcufinder/images/
2024-02-09 10:13:27,955 [WARN] DbFile:41 - Overriding database path with different value: C:\Users\m-ali.khlifi-ext\.stmcufinder\plugins\mcufinder/ => C:\Users\m-ali.khlifi-ext\.stmcufinder\plugins\mcufinder
2024-02-09 10:13:27,955 [INFO] ApiDb:250 - Set database path to: C:\Users\m-ali.khlifi-ext\.stmcufinder\plugins\mcufinder//mcu/
2024-02-09 10:13:27,955 [WARN] DbFile:41 - Overriding database path with different value: C:\Users\m-ali.khlifi-ext\.stmcufinder\plugins\mcufinder/ => C:\Users\m-ali.khlifi-ext\.stmcufinder\plugins\mcufinder
2024-02-09 10:13:27,955 [INFO] DbMcusAds:125 - Set database path to: C:\Users\m-ali.khlifi-ext\.stmcufinder\plugins\mcufinder//mcu/
2024-02-09 10:13:27,955 [WARN] DbFile:41 - Overriding database path with different value: C:\Users\m-ali.khlifi-ext\.stmcufinder\plugins\mcufinder/ => C:\Users\m-ali.khlifi-ext\.stmcufinder\plugins\mcufinder
2024-02-09 10:13:27,955 [WARN] DbFile:41 - Overriding database path with different value: C:\Users\m-ali.khlifi-ext\.stmcufinder\plugins\mcufinder/ => C:\Users\m-ali.khlifi-ext\.stmcufinder\plugins\mcufinder
2024-02-09 10:13:27,956 [INFO] CrossReferenceDbSqlite:203 - Set database path to: C:\Users\m-ali.khlifi-ext\.stmcufinder\plugins\mcufinder//mcu/cs/
2024-02-09 10:13:27,987 [INFO] ApplicationProperties:184 - Using Application install path: C:\ST\STM32CubeIDE_1.12.0\STM32CubeIDE\plugins\com.st.stm32cube.common.mx_6.8.1.202304191431
2024-02-09 10:13:27,989 [INFO] PluginManage:196 - Search for loadable plugins [exclusion list=, ]
2024-02-09 10:13:27,990 [INFO] PluginManage:310 - Check plugin analytics
2024-02-09 10:13:28,185 [INFO] AnalyticsPlugin:253 - Accepted Software Licenses: 
2024-02-09 10:13:28,186 [INFO] AnalyticsPlugin:255 - Accepted CMSIS Pack Licenses: 
2024-02-09 10:13:28,186 [INFO] AnalyticsPlugin:257 - Accepted Firmware Licenses: FW.F4.1.27.0
2024-02-09 10:13:28,195 [INFO] PluginManage:359 - Loaded plugin analytics (category:tool,tabindex:-1)
2024-02-09 10:13:28,195 [INFO] PluginManage:310 - Check plugin cadmodel
2024-02-09 10:13:28,218 [INFO] CADModel:105 - Init CAD model plugin
2024-02-09 10:13:28,218 [INFO] PluginManage:359 - Loaded plugin cadmodel (category:power,tabindex:5)
2024-02-09 10:13:28,219 [INFO] PluginManage:310 - Check plugin clock
2024-02-09 10:13:28,578 [INFO] PluginManage:359 - Loaded plugin clock (category:base,tabindex:2)
2024-02-09 10:13:28,578 [INFO] PluginManage:310 - Check plugin ddr
2024-02-09 10:13:28,581 [INFO] PluginManage:359 - Loaded plugin ddr (category:tool,tabindex:6)
2024-02-09 10:13:28,581 [INFO] PluginManage:310 - Check plugin filemanager
2024-02-09 10:13:28,711 [INFO] PluginManage:359 - Loaded plugin filemanager (category:base,tabindex:10)
2024-02-09 10:13:28,712 [INFO] PluginManage:310 - Check plugin ipmanager
2024-02-09 10:13:28,733 [INFO] PluginManage:359 - Loaded plugin ipmanager (category:base,tabindex:5)
2024-02-09 10:13:28,733 [INFO] PluginManage:310 - Check plugin lpbam
2024-02-09 10:13:28,765 [INFO] PluginManage:359 - Loaded plugin lpbam (category:base,tabindex:0)
2024-02-09 10:13:28,765 [INFO] PluginManage:310 - Check plugin pinoutandconfiguration
2024-02-09 10:13:28,786 [INFO] PluginManage:359 - Loaded plugin pinoutandconfiguration (category:base,tabindex:1)
2024-02-09 10:13:28,786 [INFO] PluginManage:310 - Check plugin pinoutconfig
2024-02-09 10:13:28,932 [WARN] SupportedApi:132 - Cannot load RTOS API schema: s4s-elt-must-match.1: The content of 'definitions' must match (annotation?, (simpleType | complexType)?, (unique | key | keyref)*)). A problem was found starting at: attribute.
2024-02-09 10:13:29,079 [INFO] PluginManage:359 - Loaded plugin pinoutconfig (category:base,tabindex:0)
2024-02-09 10:13:29,079 [INFO] PluginManage:310 - Check plugin power
2024-02-09 10:13:29,107 [INFO] PluginManage:359 - Loaded plugin power (category:power,tabindex:4)
2024-02-09 10:13:29,107 [INFO] PluginManage:310 - Check plugin projectmanager
2024-02-09 10:13:29,124 [INFO] PluginManage:359 - Loaded plugin projectmanager (category:projectmanager,tabindex:3)
2024-02-09 10:13:29,124 [INFO] PluginManage:310 - Check plugin thirdparty
2024-02-09 10:13:29,417 [INFO] PluginManage:359 - Loaded plugin thirdparty (category:base,tabindex:-1)
2024-02-09 10:13:29,417 [WARN] IntegrityCheckThread:84 - waiting for thirdparty lock release [integrity check]
2024-02-09 10:13:29,417 [INFO] PluginManage:310 - Check plugin tools
2024-02-09 10:13:29,417 [INFO] IntegrityCheckThread:86 - entering critical section [integrity check]
2024-02-09 10:13:29,419 [INFO] ThirdPartyUpdaterWithRetryManager:70 - Updater plugin not ready yet. [1/15]
2024-02-09 10:13:29,428 [INFO] PluginManage:359 - Loaded plugin tools (category:base,tabindex:7)
2024-02-09 10:13:29,428 [INFO] PluginManage:310 - Check plugin tutovideos
2024-02-09 10:13:29,686 [INFO] PluginManage:359 - Loaded plugin tutovideos (category:base,tabindex:-1)
2024-02-09 10:13:29,686 [INFO] PluginManage:310 - Check plugin updater
2024-02-09 10:13:29,704 [INFO] PluginManage:359 - Loaded plugin updater (category:base,tabindex:12)
2024-02-09 10:13:29,704 [INFO] PluginManage:283 - PluginManage : Loaded plugins [15]
2024-02-09 10:13:30,051 [INFO] PinOutPanel:1499 - setPackage(No Configuration,No Configuration)
2024-02-09 10:13:30,185 [INFO] CADModel:165 - CPN selected for project level
2024-02-09 10:13:30,186 [INFO] CADModel:114 - Register for checkConnection events
2024-02-09 10:13:30,224 [INFO] IPUIPlugin:80 - create IPUIPlugin
2024-02-09 10:13:30,224 [INFO] PluginManager:220 - loadIPPluginJar : add adc
2024-02-09 10:13:30,238 [INFO] IPUIPlugin:80 - create IPUIPlugin
2024-02-09 10:13:30,238 [INFO] PluginManager:220 - loadIPPluginJar : add aes
2024-02-09 10:13:30,254 [INFO] IPUIPlugin:80 - create IPUIPlugin
2024-02-09 10:13:30,254 [INFO] PluginManager:220 - loadIPPluginJar : add can
2024-02-09 10:13:30,275 [INFO] IPUIPlugin:80 - create IPUIPlugin
2024-02-09 10:13:30,275 [INFO] PluginManager:220 - loadIPPluginJar : add comp
2024-02-09 10:13:30,288 [INFO] IPUIPlugin:80 - create IPUIPlugin
2024-02-09 10:13:30,288 [INFO] PluginManager:220 - loadIPPluginJar : add cryp
2024-02-09 10:13:30,302 [INFO] IPUIPlugin:80 - create IPUIPlugin
2024-02-09 10:13:30,302 [INFO] PluginManager:220 - loadIPPluginJar : add dfsdm
2024-02-09 10:13:30,322 [INFO] IPUIPlugin:80 - create IPUIPlugin
2024-02-09 10:13:30,323 [INFO] PluginManager:220 - loadIPPluginJar : add dma
2024-02-09 10:13:30,339 [INFO] IPUIPlugin:80 - create IPUIPlugin
2024-02-09 10:13:30,339 [INFO] PluginManager:220 - loadIPPluginJar : add dma3
2024-02-09 10:13:30,350 [INFO] IPUIPlugin:80 - create IPUIPlugin
2024-02-09 10:13:30,350 [INFO] PluginManager:220 - loadIPPluginJar : add fatfs
2024-02-09 10:13:30,377 [INFO] IPUIPlugin:80 - create IPUIPlugin
2024-02-09 10:13:30,377 [INFO] PluginManager:220 - loadIPPluginJar : add fmc
2024-02-09 10:13:30,438 [INFO] IPUIPlugin:80 - create IPUIPlugin
2024-02-09 10:13:30,438 [INFO] PluginManager:220 - loadIPPluginJar : add freertos
2024-02-09 10:13:30,456 [INFO] IPUIPlugin:80 - create IPUIPlugin
2024-02-09 10:13:30,456 [INFO] PluginManager:220 - loadIPPluginJar : add genericplugin
2024-02-09 10:13:30,485 [INFO] IPUIPlugin:80 - create IPUIPlugin
2024-02-09 10:13:30,485 [INFO] PluginManager:220 - loadIPPluginJar : add gfxmmu
2024-02-09 10:13:30,507 [INFO] IPUIPlugin:80 - create IPUIPlugin
2024-02-09 10:13:30,507 [INFO] PluginManager:220 - loadIPPluginJar : add gic
2024-02-09 10:13:30,537 [INFO] IPUIPlugin:80 - create IPUIPlugin
2024-02-09 10:13:30,537 [INFO] PluginManager:220 - loadIPPluginJar : add gpio
2024-02-09 10:13:30,556 [INFO] IPUIPlugin:80 - create IPUIPlugin
2024-02-09 10:13:30,557 [INFO] PluginManager:220 - loadIPPluginJar : add gtzc
2024-02-09 10:13:30,570 [INFO] IPUIPlugin:80 - create IPUIPlugin
2024-02-09 10:13:30,570 [INFO] PluginManager:220 - loadIPPluginJar : add hash
2024-02-09 10:13:30,587 [INFO] IPUIPlugin:80 - create IPUIPlugin
2024-02-09 10:13:30,587 [INFO] PluginManager:220 - loadIPPluginJar : add i2c
2024-02-09 10:13:30,601 [INFO] IPUIPlugin:80 - create IPUIPlugin
2024-02-09 10:13:30,601 [INFO] PluginManager:220 - loadIPPluginJar : add i2s
2024-02-09 10:13:30,627 [INFO] IPUIPlugin:80 - create IPUIPlugin
2024-02-09 10:13:30,627 [INFO] PluginManager:220 - loadIPPluginJar : add i3c
2024-02-09 10:13:30,648 [INFO] IPUIPlugin:80 - create IPUIPlugin
2024-02-09 10:13:30,649 [INFO] PluginManager:220 - loadIPPluginJar : add ipddr
2024-02-09 10:13:30,673 [INFO] IPUIPlugin:80 - create IPUIPlugin
2024-02-09 10:13:30,673 [INFO] PluginManager:220 - loadIPPluginJar : add linkedlist
2024-02-09 10:13:30,689 [INFO] IPUIPlugin:80 - create IPUIPlugin
2024-02-09 10:13:30,689 [INFO] PluginManager:220 - loadIPPluginJar : add lorawan
2024-02-09 10:13:30,704 [INFO] IPUIPlugin:80 - create IPUIPlugin
2024-02-09 10:13:30,704 [INFO] PluginManager:220 - loadIPPluginJar : add ltdc
2024-02-09 10:13:30,729 [INFO] IPUIPlugin:80 - create IPUIPlugin
2024-02-09 10:13:30,730 [INFO] PluginManager:220 - loadIPPluginJar : add mdma
2024-02-09 10:13:30,759 [INFO] IPUIPlugin:80 - create IPUIPlugin
2024-02-09 10:13:30,759 [INFO] PluginManager:220 - loadIPPluginJar : add nvic
2024-02-09 10:13:30,775 [INFO] IPUIPlugin:80 - create IPUIPlugin
2024-02-09 10:13:30,775 [INFO] PluginManager:220 - loadIPPluginJar : add opamp
2024-02-09 10:13:30,796 [INFO] IPUIPlugin:80 - create IPUIPlugin
2024-02-09 10:13:30,796 [INFO] PluginManager:220 - loadIPPluginJar : add openamp
2024-02-09 10:13:30,813 [INFO] IPUIPlugin:80 - create IPUIPlugin
2024-02-09 10:13:30,813 [INFO] PluginManager:220 - loadIPPluginJar : add pdm2pcm
2024-02-09 10:13:30,836 [INFO] IPUIPlugin:80 - create IPUIPlugin
2024-02-09 10:13:30,840 [INFO] PluginManager:220 - loadIPPluginJar : add plateformsettings
2024-02-09 10:13:30,877 [INFO] IPUIPlugin:80 - create IPUIPlugin
2024-02-09 10:13:30,877 [INFO] PluginManager:220 - loadIPPluginJar : add quadspi
2024-02-09 10:13:30,897 [INFO] IPUIPlugin:80 - create IPUIPlugin
2024-02-09 10:13:30,897 [INFO] PluginManager:220 - loadIPPluginJar : add resmgrutility
2024-02-09 10:13:30,911 [INFO] IPUIPlugin:80 - create IPUIPlugin
2024-02-09 10:13:30,911 [INFO] PluginManager:220 - loadIPPluginJar : add sai
2024-02-09 10:13:30,925 [INFO] IPUIPlugin:80 - create IPUIPlugin
2024-02-09 10:13:30,926 [INFO] PluginManager:220 - loadIPPluginJar : add spi
2024-02-09 10:13:30,943 [INFO] IPUIPlugin:80 - create IPUIPlugin
2024-02-09 10:13:30,944 [INFO] PluginManager:220 - loadIPPluginJar : add stm32_wpan
2024-02-09 10:13:30,953 [INFO] IPUIPlugin:80 - create IPUIPlugin
2024-02-09 10:13:30,953 [INFO] PluginManager:220 - loadIPPluginJar : add tim
2024-02-09 10:13:30,969 [INFO] IPUIPlugin:80 - create IPUIPlugin
2024-02-09 10:13:30,970 [INFO] PluginManager:220 - loadIPPluginJar : add touchsensing
2024-02-09 10:13:30,981 [INFO] IPUIPlugin:80 - create IPUIPlugin
2024-02-09 10:13:30,981 [INFO] PluginManager:220 - loadIPPluginJar : add tracer_emb
2024-02-09 10:13:30,991 [INFO] IPUIPlugin:80 - create IPUIPlugin
2024-02-09 10:13:30,991 [INFO] PluginManager:220 - loadIPPluginJar : add ts
2024-02-09 10:13:31,001 [INFO] IPUIPlugin:80 - create IPUIPlugin
2024-02-09 10:13:31,001 [INFO] PluginManager:220 - loadIPPluginJar : add tsc
2024-02-09 10:13:31,012 [INFO] IPUIPlugin:80 - create IPUIPlugin
2024-02-09 10:13:31,012 [INFO] PluginManager:220 - loadIPPluginJar : add ucpd
2024-02-09 10:13:31,027 [INFO] IPUIPlugin:80 - create IPUIPlugin
2024-02-09 10:13:31,027 [INFO] PluginManager:220 - loadIPPluginJar : add usart
2024-02-09 10:13:31,043 [INFO] IPUIPlugin:80 - create IPUIPlugin
2024-02-09 10:13:31,043 [INFO] PluginManager:220 - loadIPPluginJar : add usbx
2024-02-09 10:13:31,219 [INFO] CADModel:165 - CPN selected for project level
2024-02-09 10:13:31,219 [INFO] CADModel:114 - Register for checkConnection events
2024-02-09 10:13:31,220 [FATAL] Updater:308 - Updater called before beeing initialized
2024-02-09 10:13:31,220 [ERROR] CADModel:125 - Updater not yet initialized, retry later 
2024-02-09 10:13:31,361 [INFO] CADModel:165 - CPN selected for project level
2024-02-09 10:13:31,361 [INFO] CADModel:114 - Register for checkConnection events
2024-02-09 10:13:31,361 [FATAL] Updater:308 - Updater called before beeing initialized
2024-02-09 10:13:31,362 [ERROR] CADModel:125 - Updater not yet initialized, retry later 
2024-02-09 10:13:31,365 [FATAL] Updater:308 - Updater called before beeing initialized
2024-02-09 10:13:31,568 [FATAL] Updater:308 - Updater called before beeing initialized
2024-02-09 10:13:31,576 [INFO] DbMcusAds:53 - JSON generation date=Wed Nov 29 11:52:27 CET 2023 (1701255147200)
2024-02-09 10:13:31,576 [FATAL] Updater:308 - Updater called before beeing initialized
2024-02-09 10:13:31,651 [WARN] DetailPanel:346 - Failed to get advertising image, set to default
2024-02-09 10:13:31,783 [FATAL] Updater:308 - Updater called before beeing initialized
2024-02-09 10:13:31,786 [FATAL] Updater:308 - Updater called before beeing initialized
2024-02-09 10:13:31,786 [FATAL] Updater:308 - Updater called before beeing initialized
2024-02-09 10:13:31,786 [WARN] DetailPanel:346 - Failed to get advertising image, set to default
2024-02-09 10:13:31,787 [FATAL] Updater:308 - Updater called before beeing initialized
2024-02-09 10:13:31,858 [ERROR] Updater:1120 - MainUpdater not yet initialized. External WinMGr cannot be set.
2024-02-09 10:13:31,865 [INFO] Updater:1056 - Updater Version found : 6.8.1
2024-02-09 10:13:31,891 [INFO] ApplicationProperties:184 - Using Application install path: C:\ST\STM32CubeIDE_1.12.0\STM32CubeIDE\plugins\com.st.stm32cube.common.mx_6.8.1.202304191431
2024-02-09 10:13:32,185 [INFO] MainUpdater:2854 - connection check result : 10
2024-02-09 10:13:32,186 [INFO] MainUpdater:283 - Updater Check For Update Now.
2024-02-09 10:13:32,186 [INFO] MicroXplorer:498 - Change Database Version : DB.6.0.81
2024-02-09 10:13:32,385 [INFO] CheckServerUpdateThread:120 - End of CheckServer Thread
2024-02-09 10:13:32,409 [INFO] MainUpdater:2854 - connection check result : 10
2024-02-09 10:13:32,412 [INFO] MainUpdater:2854 - connection check result : 10
2024-02-09 10:13:32,557 [INFO] MicroXplorer:468 - Change Database Path : 
2024-02-09 10:13:32,558 [INFO] MicroXplorer:498 - Change Database Version : DB.6.0.81
2024-02-09 10:13:32,559 [WARN] ThirdParty:871 - waiting for thirdparty lock release [close project]
2024-02-09 10:13:32,867 [WARN] PackLoader:240 - Cannot read IP mode file for STMicroelectronics.X-CUBE-SMBUS.2.1.0
2024-02-09 10:13:32,879 [WARN] PackLoader:240 - Cannot read IP mode file for STMicroelectronics.X-CUBE-TOUCHGFX.4.23.0
2024-02-09 10:13:32,917 [WARN] PackLoader:240 - Cannot read IP mode file for STMicroelectronics.X-CUBE-AZRTOS-F7.1.1.0
2024-02-09 10:13:32,934 [ERROR] RealEvaluatedCondition:428 - Found unsupported composite condition: CLASS='Data Exchange' GROUP='STM32_MetaDataManager'
2024-02-09 10:13:32,934 [ERROR] RealEvaluatedCondition:428 - Found unsupported composite condition: GROUP='STM32_MetaDataManager' CLASS='Data Exchange'
2024-02-09 10:13:32,937 [WARN] PackLoader:240 - Cannot read IP mode file for STMicroelectronics.FP-SNS-MOTENV1.4.3.0
2024-02-09 10:13:32,953 [WARN] PackLoader:240 - Cannot read IP mode file for STMicroelectronics.FP-SNS-MOTENV1.4.3.2
2024-02-09 10:13:32,970 [WARN] PackLoader:240 - Cannot read IP mode file for STMicroelectronics.FP-SNS-FLIGHT1.5.0.0
2024-02-09 10:13:32,980 [ERROR] RealEvaluatedCondition:428 - Found unsupported composite condition: GROUP='STM32_MetaDataManager' CLASS='Data Exchange'
2024-02-09 10:13:32,980 [ERROR] RealEvaluatedCondition:428 - Found unsupported composite condition: GROUP='STM32_MetaDataManager' CLASS='Data Exchange'
2024-02-09 10:13:32,982 [WARN] PackLoader:240 - Cannot read IP mode file for STMicroelectronics.FP-SNS-MOTENV1.4.3.1
2024-02-09 10:13:32,993 [WARN] PackLoader:240 - Cannot read IP mode file for STMicroelectronics.FP-SNS-FLIGHT1.5.0.1
2024-02-09 10:13:33,008 [WARN] PackLoader:240 - Cannot read IP mode file for STMicroelectronics.X-CUBE-BLE1.6.2.4
2024-02-09 10:13:33,017 [WARN] PackLoader:240 - Cannot read IP mode file for STMicroelectronics.FP-SNS-FLIGHT1.5.0.2
2024-02-09 10:13:33,056 [WARN] PackLoader:240 - Cannot read IP mode file for STMicroelectronics.X-CUBE-DISPLAY.3.0.0
2024-02-09 10:13:33,069 [WARN] PackLoader:240 - Cannot read IP mode file for STMicroelectronics.X-CUBE-BLE1.7.0.0
2024-02-09 10:13:33,078 [WARN] PackLoader:240 - Cannot read IP mode file for STMicroelectronics.X-CUBE-TOUCHGFX.4.22.0
2024-02-09 10:13:33,088 [WARN] PackLoader:240 - Cannot read IP mode file for STMicroelectronics.X-CUBE-TOUCHGFX.4.22.1
2024-02-09 10:13:33,099 [WARN] PackLoader:240 - Cannot read IP mode file for STMicroelectronics.FP-SNS-SMARTAG2.1.2.0
