2023-10-31 16:02:37,983 [INFO] ApplicationProperties:184 - Using Application install path: C:\ST\STM32CubeIDE_1.12.0\STM32CubeIDE\plugins\com.st.stm32cube.common.mx_6.8.1.202304191431
2023-10-31 16:02:38,014 [INFO] DbMcusXml:78 - Set database path to: C:\ST\STM32CubeIDE_1.12.0\STM32CubeIDE\plugins\com.st.stm32cube.common.mx_6.8.1.202304191431\\db\/mcu/
2023-10-31 16:02:38,014 [INFO] ApiDb:274 - Set plugin database path to: C:\ST\STM32CubeIDE_1.12.0\STM32CubeIDE\plugins\com.st.stm32cube.common.mx_6.8.1.202304191431\\db\/plugins/boardmanager/
2023-10-31 16:02:38,030 [WARN] ApiDb:259 - Overriding images path with different value:  => C:\ST\STM32CubeIDE_1.12.0\STM32CubeIDE\plugins\com.st.stm32cube.common.mx_6.8.1.202304191431\\db\/plugins/mcufinder/images/
2023-10-31 16:02:38,036 [INFO] ApiDb:250 - Set database path to: C:\Users\m-ali.khlifi-ext\.stmcufinder\plugins\mcufinder//mcu/
2023-10-31 16:02:38,036 [INFO] DbMcusAds:125 - Set database path to: C:\Users\m-ali.khlifi-ext\.stmcufinder\plugins\mcufinder//mcu/
2023-10-31 16:02:38,167 [INFO] CrossReferenceDbSqlite:203 - Set database path to: C:\Users\m-ali.khlifi-ext\.stmcufinder\plugins\mcufinder//mcu/cs/
2023-10-31 16:02:38,299 [INFO] RulesReader:64 - Compatibility file has been processed (293 Rules)
2023-10-31 16:02:38,470 [INFO] DbMcusXml:78 - Set database path to: C:\ST\STM32CubeIDE_1.12.0\STM32CubeIDE\plugins\com.st.stm32cube.common.mx_6.8.1.202304191431\\db\/mcu/
2023-10-31 16:02:38,470 [INFO] ApiDb:274 - Set plugin database path to: C:\ST\STM32CubeIDE_1.12.0\STM32CubeIDE\plugins\com.st.stm32cube.common.mx_6.8.1.202304191431\\db\/plugins/boardmanager/
2023-10-31 16:02:38,470 [INFO] ApiDb:261 - Set plugin images path to: C:\ST\STM32CubeIDE_1.12.0\STM32CubeIDE\plugins\com.st.stm32cube.common.mx_6.8.1.202304191431\\db\/plugins/mcufinder/images/
2023-10-31 16:02:38,470 [WARN] DbFile:41 - Overriding database path with different value: C:\Users\m-ali.khlifi-ext\.stmcufinder\plugins\mcufinder/ => C:\Users\m-ali.khlifi-ext\.stmcufinder\plugins\mcufinder
2023-10-31 16:02:38,470 [INFO] ApiDb:250 - Set database path to: C:\Users\m-ali.khlifi-ext\.stmcufinder\plugins\mcufinder//mcu/
2023-10-31 16:02:38,470 [WARN] DbFile:41 - Overriding database path with different value: C:\Users\m-ali.khlifi-ext\.stmcufinder\plugins\mcufinder/ => C:\Users\m-ali.khlifi-ext\.stmcufinder\plugins\mcufinder
2023-10-31 16:02:38,470 [INFO] DbMcusAds:125 - Set database path to: C:\Users\m-ali.khlifi-ext\.stmcufinder\plugins\mcufinder//mcu/
2023-10-31 16:02:38,470 [WARN] DbFile:41 - Overriding database path with different value: C:\Users\m-ali.khlifi-ext\.stmcufinder\plugins\mcufinder/ => C:\Users\m-ali.khlifi-ext\.stmcufinder\plugins\mcufinder
2023-10-31 16:02:38,470 [WARN] DbFile:41 - Overriding database path with different value: C:\Users\m-ali.khlifi-ext\.stmcufinder\plugins\mcufinder/ => C:\Users\m-ali.khlifi-ext\.stmcufinder\plugins\mcufinder
2023-10-31 16:02:38,470 [INFO] CrossReferenceDbSqlite:203 - Set database path to: C:\Users\m-ali.khlifi-ext\.stmcufinder\plugins\mcufinder//mcu/cs/
2023-10-31 16:02:38,588 [INFO] MainPanel:253 - HeapMemory: 548405248
2023-10-31 16:02:38,704 [INFO] DbMcusXml:78 - Set database path to: C:\ST\STM32CubeIDE_1.12.0\STM32CubeIDE\plugins\com.st.stm32cube.common.mx_6.8.1.202304191431\\db\/mcu/
2023-10-31 16:02:38,704 [INFO] ApiDb:274 - Set plugin database path to: C:\ST\STM32CubeIDE_1.12.0\STM32CubeIDE\plugins\com.st.stm32cube.common.mx_6.8.1.202304191431\\db\/plugins/boardmanager/
2023-10-31 16:02:38,704 [INFO] ApiDb:261 - Set plugin images path to: C:\ST\STM32CubeIDE_1.12.0\STM32CubeIDE\plugins\com.st.stm32cube.common.mx_6.8.1.202304191431\\db\/plugins/mcufinder/images/
2023-10-31 16:02:38,704 [WARN] DbFile:41 - Overriding database path with different value: C:\Users\m-ali.khlifi-ext\.stmcufinder\plugins\mcufinder/ => C:\Users\m-ali.khlifi-ext\.stmcufinder\plugins\mcufinder
2023-10-31 16:02:38,704 [INFO] ApiDb:250 - Set database path to: C:\Users\m-ali.khlifi-ext\.stmcufinder\plugins\mcufinder//mcu/
2023-10-31 16:02:38,704 [WARN] DbFile:41 - Overriding database path with different value: C:\Users\m-ali.khlifi-ext\.stmcufinder\plugins\mcufinder/ => C:\Users\m-ali.khlifi-ext\.stmcufinder\plugins\mcufinder
2023-10-31 16:02:38,704 [INFO] DbMcusAds:125 - Set database path to: C:\Users\m-ali.khlifi-ext\.stmcufinder\plugins\mcufinder//mcu/
2023-10-31 16:02:38,704 [WARN] DbFile:41 - Overriding database path with different value: C:\Users\m-ali.khlifi-ext\.stmcufinder\plugins\mcufinder/ => C:\Users\m-ali.khlifi-ext\.stmcufinder\plugins\mcufinder
2023-10-31 16:02:38,704 [WARN] DbFile:41 - Overriding database path with different value: C:\Users\m-ali.khlifi-ext\.stmcufinder\plugins\mcufinder/ => C:\Users\m-ali.khlifi-ext\.stmcufinder\plugins\mcufinder
2023-10-31 16:02:38,704 [INFO] CrossReferenceDbSqlite:203 - Set database path to: C:\Users\m-ali.khlifi-ext\.stmcufinder\plugins\mcufinder//mcu/cs/
2023-10-31 16:02:38,735 [INFO] ApplicationProperties:184 - Using Application install path: C:\ST\STM32CubeIDE_1.12.0\STM32CubeIDE\plugins\com.st.stm32cube.common.mx_6.8.1.202304191431
2023-10-31 16:02:38,735 [INFO] PluginManage:196 - Search for loadable plugins [exclusion list=, ]
2023-10-31 16:02:38,735 [INFO] PluginManage:310 - Check plugin analytics
2023-10-31 16:02:38,920 [INFO] AnalyticsPlugin:253 - Accepted Software Licenses: 
2023-10-31 16:02:38,920 [INFO] AnalyticsPlugin:255 - Accepted CMSIS Pack Licenses: 
2023-10-31 16:02:38,920 [INFO] AnalyticsPlugin:257 - Accepted Firmware Licenses: FW.F4.1.27.0
2023-10-31 16:02:38,935 [INFO] PluginManage:359 - Loaded plugin analytics (category:tool,tabindex:-1)
2023-10-31 16:02:38,935 [INFO] PluginManage:310 - Check plugin cadmodel
2023-10-31 16:02:38,951 [INFO] CADModel:105 - Init CAD model plugin
2023-10-31 16:02:38,951 [INFO] PluginManage:359 - Loaded plugin cadmodel (category:power,tabindex:5)
2023-10-31 16:02:38,951 [INFO] PluginManage:310 - Check plugin clock
2023-10-31 16:02:38,967 [INFO] PluginManage:359 - Loaded plugin clock (category:base,tabindex:2)
2023-10-31 16:02:38,967 [INFO] PluginManage:310 - Check plugin ddr
2023-10-31 16:02:38,982 [INFO] PluginManage:359 - Loaded plugin ddr (category:tool,tabindex:6)
2023-10-31 16:02:38,982 [INFO] PluginManage:310 - Check plugin filemanager
2023-10-31 16:02:39,136 [INFO] PluginManage:359 - Loaded plugin filemanager (category:base,tabindex:10)
2023-10-31 16:02:39,136 [INFO] PluginManage:310 - Check plugin ipmanager
2023-10-31 16:02:39,151 [INFO] PluginManage:359 - Loaded plugin ipmanager (category:base,tabindex:5)
2023-10-31 16:02:39,151 [INFO] PluginManage:310 - Check plugin lpbam
2023-10-31 16:02:39,167 [INFO] PluginManage:359 - Loaded plugin lpbam (category:base,tabindex:0)
2023-10-31 16:02:39,167 [INFO] PluginManage:310 - Check plugin pinoutandconfiguration
2023-10-31 16:02:39,189 [INFO] PluginManage:359 - Loaded plugin pinoutandconfiguration (category:base,tabindex:1)
2023-10-31 16:02:39,189 [INFO] PluginManage:310 - Check plugin pinoutconfig
2023-10-31 16:02:39,321 [WARN] SupportedApi:132 - Cannot load RTOS API schema: s4s-elt-must-match.1: The content of 'definitions' must match (annotation?, (simpleType | complexType)?, (unique | key | keyref)*)). A problem was found starting at: attribute.
2023-10-31 16:02:39,452 [INFO] PluginManage:359 - Loaded plugin pinoutconfig (category:base,tabindex:0)
2023-10-31 16:02:39,452 [INFO] PluginManage:310 - Check plugin power
2023-10-31 16:02:39,490 [INFO] PluginManage:359 - Loaded plugin power (category:power,tabindex:4)
2023-10-31 16:02:39,490 [INFO] PluginManage:310 - Check plugin projectmanager
2023-10-31 16:02:39,506 [INFO] PluginManage:359 - Loaded plugin projectmanager (category:projectmanager,tabindex:3)
2023-10-31 16:02:39,506 [INFO] PluginManage:310 - Check plugin thirdparty
2023-10-31 16:02:39,706 [INFO] PluginManage:359 - Loaded plugin thirdparty (category:base,tabindex:-1)
2023-10-31 16:02:39,706 [WARN] IntegrityCheckThread:84 - waiting for thirdparty lock release [integrity check]
2023-10-31 16:02:39,706 [INFO] PluginManage:310 - Check plugin tools
2023-10-31 16:02:39,706 [INFO] IntegrityCheckThread:86 - entering critical section [integrity check]
2023-10-31 16:02:39,706 [INFO] ThirdPartyUpdaterWithRetryManager:70 - Updater plugin not ready yet. [1/15]
2023-10-31 16:02:39,706 [INFO] PluginManage:359 - Loaded plugin tools (category:base,tabindex:7)
2023-10-31 16:02:39,706 [INFO] PluginManage:310 - Check plugin tutovideos
2023-10-31 16:02:39,985 [INFO] PluginManage:359 - Loaded plugin tutovideos (category:base,tabindex:-1)
2023-10-31 16:02:39,985 [INFO] PluginManage:310 - Check plugin updater
2023-10-31 16:02:40,007 [INFO] PluginManage:359 - Loaded plugin updater (category:base,tabindex:12)
2023-10-31 16:02:40,007 [INFO] PluginManage:283 - PluginManage : Loaded plugins [15]
2023-10-31 16:02:40,432 [INFO] PinOutPanel:1499 - setPackage(No Configuration,No Configuration)
2023-10-31 16:02:40,575 [INFO] CADModel:165 - CPN selected for project level
2023-10-31 16:02:40,575 [INFO] CADModel:114 - Register for checkConnection events
2023-10-31 16:02:40,616 [INFO] IPUIPlugin:80 - create IPUIPlugin
2023-10-31 16:02:40,616 [INFO] PluginManager:220 - loadIPPluginJar : add adc
2023-10-31 16:02:40,626 [INFO] IPUIPlugin:80 - create IPUIPlugin
2023-10-31 16:02:40,626 [INFO] PluginManager:220 - loadIPPluginJar : add aes
2023-10-31 16:02:40,646 [INFO] IPUIPlugin:80 - create IPUIPlugin
2023-10-31 16:02:40,646 [INFO] PluginManager:220 - loadIPPluginJar : add can
2023-10-31 16:02:40,656 [INFO] IPUIPlugin:80 - create IPUIPlugin
2023-10-31 16:02:40,656 [INFO] PluginManager:220 - loadIPPluginJar : add comp
2023-10-31 16:02:40,705 [INFO] IPUIPlugin:80 - create IPUIPlugin
2023-10-31 16:02:40,705 [INFO] PluginManager:220 - loadIPPluginJar : add cryp
2023-10-31 16:02:40,705 [INFO] IPUIPlugin:80 - create IPUIPlugin
2023-10-31 16:02:40,705 [INFO] PluginManager:220 - loadIPPluginJar : add dfsdm
2023-10-31 16:02:40,737 [INFO] IPUIPlugin:80 - create IPUIPlugin
2023-10-31 16:02:40,737 [INFO] PluginManager:220 - loadIPPluginJar : add dma
2023-10-31 16:02:40,752 [INFO] IPUIPlugin:80 - create IPUIPlugin
2023-10-31 16:02:40,752 [INFO] PluginManager:220 - loadIPPluginJar : add dma3
2023-10-31 16:02:40,768 [INFO] IPUIPlugin:80 - create IPUIPlugin
2023-10-31 16:02:40,768 [INFO] PluginManager:220 - loadIPPluginJar : add fatfs
2023-10-31 16:02:40,774 [INFO] IPUIPlugin:80 - create IPUIPlugin
2023-10-31 16:02:40,774 [INFO] PluginManager:220 - loadIPPluginJar : add fmc
2023-10-31 16:02:40,805 [INFO] IPUIPlugin:80 - create IPUIPlugin
2023-10-31 16:02:40,805 [INFO] PluginManager:220 - loadIPPluginJar : add freertos
2023-10-31 16:02:40,805 [INFO] IPUIPlugin:80 - create IPUIPlugin
2023-10-31 16:02:40,805 [INFO] PluginManager:220 - loadIPPluginJar : add genericplugin
2023-10-31 16:02:40,821 [INFO] IPUIPlugin:80 - create IPUIPlugin
2023-10-31 16:02:40,821 [INFO] PluginManager:220 - loadIPPluginJar : add gfxmmu
2023-10-31 16:02:40,852 [INFO] IPUIPlugin:80 - create IPUIPlugin
2023-10-31 16:02:40,852 [INFO] PluginManager:220 - loadIPPluginJar : add gic
2023-10-31 16:02:40,887 [INFO] IPUIPlugin:80 - create IPUIPlugin
2023-10-31 16:02:40,887 [INFO] PluginManager:220 - loadIPPluginJar : add gpio
2023-10-31 16:02:40,915 [INFO] IPUIPlugin:80 - create IPUIPlugin
2023-10-31 16:02:40,915 [INFO] PluginManager:220 - loadIPPluginJar : add gtzc
2023-10-31 16:02:40,927 [INFO] IPUIPlugin:80 - create IPUIPlugin
2023-10-31 16:02:40,927 [INFO] PluginManager:220 - loadIPPluginJar : add hash
2023-10-31 16:02:40,937 [INFO] IPUIPlugin:80 - create IPUIPlugin
2023-10-31 16:02:40,937 [INFO] PluginManager:220 - loadIPPluginJar : add i2c
2023-10-31 16:02:40,955 [INFO] IPUIPlugin:80 - create IPUIPlugin
2023-10-31 16:02:40,957 [INFO] PluginManager:220 - loadIPPluginJar : add i2s
2023-10-31 16:02:40,967 [INFO] IPUIPlugin:80 - create IPUIPlugin
2023-10-31 16:02:40,967 [INFO] PluginManager:220 - loadIPPluginJar : add i3c
2023-10-31 16:02:40,987 [INFO] IPUIPlugin:80 - create IPUIPlugin
2023-10-31 16:02:40,987 [INFO] PluginManager:220 - loadIPPluginJar : add ipddr
2023-10-31 16:02:41,015 [INFO] IPUIPlugin:80 - create IPUIPlugin
2023-10-31 16:02:41,015 [INFO] PluginManager:220 - loadIPPluginJar : add linkedlist
2023-10-31 16:02:41,027 [INFO] IPUIPlugin:80 - create IPUIPlugin
2023-10-31 16:02:41,027 [INFO] PluginManager:220 - loadIPPluginJar : add lorawan
2023-10-31 16:02:41,037 [INFO] IPUIPlugin:80 - create IPUIPlugin
2023-10-31 16:02:41,037 [INFO] PluginManager:220 - loadIPPluginJar : add ltdc
2023-10-31 16:02:41,056 [INFO] IPUIPlugin:80 - create IPUIPlugin
2023-10-31 16:02:41,056 [INFO] PluginManager:220 - loadIPPluginJar : add mdma
2023-10-31 16:02:41,078 [INFO] IPUIPlugin:80 - create IPUIPlugin
2023-10-31 16:02:41,078 [INFO] PluginManager:220 - loadIPPluginJar : add nvic
2023-10-31 16:02:41,088 [INFO] IPUIPlugin:80 - create IPUIPlugin
2023-10-31 16:02:41,088 [INFO] PluginManager:220 - loadIPPluginJar : add opamp
2023-10-31 16:02:41,108 [INFO] IPUIPlugin:80 - create IPUIPlugin
2023-10-31 16:02:41,108 [INFO] PluginManager:220 - loadIPPluginJar : add openamp
2023-10-31 16:02:41,116 [INFO] IPUIPlugin:80 - create IPUIPlugin
2023-10-31 16:02:41,116 [INFO] PluginManager:220 - loadIPPluginJar : add pdm2pcm
2023-10-31 16:02:41,138 [INFO] IPUIPlugin:80 - create IPUIPlugin
2023-10-31 16:02:41,146 [INFO] PluginManager:220 - loadIPPluginJar : add plateformsettings
2023-10-31 16:02:41,148 [INFO] IPUIPlugin:80 - create IPUIPlugin
2023-10-31 16:02:41,148 [INFO] PluginManager:220 - loadIPPluginJar : add quadspi
2023-10-31 16:02:41,168 [INFO] IPUIPlugin:80 - create IPUIPlugin
2023-10-31 16:02:41,168 [INFO] PluginManager:220 - loadIPPluginJar : add resmgrutility
2023-10-31 16:02:41,186 [INFO] IPUIPlugin:80 - create IPUIPlugin
2023-10-31 16:02:41,186 [INFO] PluginManager:220 - loadIPPluginJar : add sai
2023-10-31 16:02:41,199 [INFO] IPUIPlugin:80 - create IPUIPlugin
2023-10-31 16:02:41,199 [INFO] PluginManager:220 - loadIPPluginJar : add spi
2023-10-31 16:02:41,217 [INFO] IPUIPlugin:80 - create IPUIPlugin
2023-10-31 16:02:41,217 [INFO] PluginManager:220 - loadIPPluginJar : add stm32_wpan
2023-10-31 16:02:41,217 [INFO] IPUIPlugin:80 - create IPUIPlugin
2023-10-31 16:02:41,217 [INFO] PluginManager:220 - loadIPPluginJar : add tim
2023-10-31 16:02:41,233 [INFO] IPUIPlugin:80 - create IPUIPlugin
2023-10-31 16:02:41,233 [INFO] PluginManager:220 - loadIPPluginJar : add touchsensing
2023-10-31 16:02:41,248 [INFO] IPUIPlugin:80 - create IPUIPlugin
2023-10-31 16:02:41,248 [INFO] PluginManager:220 - loadIPPluginJar : add tracer_emb
2023-10-31 16:02:41,248 [INFO] IPUIPlugin:80 - create IPUIPlugin
2023-10-31 16:02:41,248 [INFO] PluginManager:220 - loadIPPluginJar : add ts
2023-10-31 16:02:41,264 [INFO] IPUIPlugin:80 - create IPUIPlugin
2023-10-31 16:02:41,264 [INFO] PluginManager:220 - loadIPPluginJar : add tsc
2023-10-31 16:02:41,264 [INFO] IPUIPlugin:80 - create IPUIPlugin
2023-10-31 16:02:41,264 [INFO] PluginManager:220 - loadIPPluginJar : add ucpd
2023-10-31 16:02:41,279 [INFO] IPUIPlugin:80 - create IPUIPlugin
2023-10-31 16:02:41,279 [INFO] PluginManager:220 - loadIPPluginJar : add usart
2023-10-31 16:02:41,295 [INFO] IPUIPlugin:80 - create IPUIPlugin
2023-10-31 16:02:41,295 [INFO] PluginManager:220 - loadIPPluginJar : add usbx
2023-10-31 16:02:41,467 [INFO] CADModel:165 - CPN selected for project level
2023-10-31 16:02:41,467 [INFO] CADModel:114 - Register for checkConnection events
2023-10-31 16:02:41,467 [FATAL] Updater:308 - Updater called before beeing initialized
2023-10-31 16:02:41,467 [ERROR] CADModel:125 - Updater not yet initialized, retry later 
2023-10-31 16:02:41,649 [INFO] CADModel:165 - CPN selected for project level
2023-10-31 16:02:41,649 [INFO] CADModel:114 - Register for checkConnection events
2023-10-31 16:02:41,649 [FATAL] Updater:308 - Updater called before beeing initialized
2023-10-31 16:02:41,649 [ERROR] CADModel:125 - Updater not yet initialized, retry later 
2023-10-31 16:02:41,649 [FATAL] Updater:308 - Updater called before beeing initialized
2023-10-31 16:02:41,812 [FATAL] Updater:308 - Updater called before beeing initialized
2023-10-31 16:02:41,818 [INFO] DbMcusAds:53 - JSON generation date=Tue Mar 07 09:50:54 CET 2023 (1678179054945)
2023-10-31 16:02:41,818 [FATAL] Updater:308 - Updater called before beeing initialized
2023-10-31 16:02:41,896 [WARN] DetailPanel:346 - Failed to get advertising image, set to default
2023-10-31 16:02:42,019 [FATAL] Updater:308 - Updater called before beeing initialized
2023-10-31 16:02:42,019 [FATAL] Updater:308 - Updater called before beeing initialized
2023-10-31 16:02:42,019 [FATAL] Updater:308 - Updater called before beeing initialized
2023-10-31 16:02:42,019 [WARN] DetailPanel:346 - Failed to get advertising image, set to default
2023-10-31 16:02:42,019 [FATAL] Updater:308 - Updater called before beeing initialized
2023-10-31 16:02:42,097 [ERROR] Updater:1120 - MainUpdater not yet initialized. External WinMGr cannot be set.
2023-10-31 16:02:42,097 [INFO] Updater:1056 - Updater Version found : 6.8.1
2023-10-31 16:02:42,119 [INFO] ApplicationProperties:184 - Using Application install path: C:\ST\STM32CubeIDE_1.12.0\STM32CubeIDE\plugins\com.st.stm32cube.common.mx_6.8.1.202304191431
2023-10-31 16:02:42,520 [INFO] MainUpdater:2854 - connection check result : 10
2023-10-31 16:02:42,520 [INFO] MainUpdater:3548 - Updater definition file requires update
2023-10-31 16:02:42,520 [INFO] MainUpdater:283 - Updater Check For Update Now.
2023-10-31 16:02:42,520 [INFO] MicroXplorer:498 - Change Database Version : DB.6.0.81
2023-10-31 16:02:42,551 [INFO] ServerAccessManage:473 - Download File updaters.zip
2023-10-31 16:02:42,698 [INFO] FileExtend:240 - Unzip File : updaters.zip
2023-10-31 16:02:42,698 [INFO] FileExtend:255 - Standard Zip Deflate
2023-10-31 16:02:42,714 [WARN] MainUpdater:1187 - Updater busy. Cannot search thirdparties
2023-10-31 16:02:42,714 [INFO] ThirdPartyUpdaterWithRetryManager:96 - Updater plugin is busy. [1/15]
2023-10-31 16:02:44,129 [INFO] ServerAccessManage:473 - Download File PacksControlFlags.xml
2023-10-31 16:02:44,220 [INFO] ServerAccessManage:473 - Download File cubemx.pidx
2023-10-31 16:02:45,008 [INFO] ServerAccessManage:473 - Download File STMicroelectronics.X-CUBE-BLEMGR.pdsc
2023-10-31 16:02:45,351 [INFO] ServerAccessManage:473 - Download File STMicroelectronics.X-CUBE-EEPRMA1.pdsc
2023-10-31 16:02:45,614 [ERROR] ServerAccessManage:1089 - Problem, file not found on Server
2023-10-31 16:02:45,739 [WARN] MainUpdater:1187 - Updater busy. Cannot search thirdparties
2023-10-31 16:02:45,739 [INFO] ThirdPartyUpdaterWithRetryManager:96 - Updater plugin is busy. [2/15]
2023-10-31 16:02:46,741 [ERROR] ServerAccessManage:1096 - Problem, Http access forbiden
2023-10-31 16:02:46,741 [ERROR] ServerAccessManage:651 - Problem, Http access forbiden : RoweBots.I-CUBE-UNISONRTOS.pdsc.
2023-10-31 16:02:46,957 [WARN] PackLoader:240 - Cannot read IP mode file for STMicroelectronics.X-CUBE-BLEMGR.3.0.0
2023-10-31 16:02:46,973 [WARN] PackLoader:240 - Cannot read IP mode file for STMicroelectronics.X-CUBE-EEPRMA1.4.2.0
2023-10-31 16:02:46,973 [INFO] PopulateThirdPartyThread:66 - Ending populate Thread
2023-10-31 16:02:46,973 [INFO] ThirdParty:1030 - CMSIS Pack Vendor :STMicroelectronics X-CUBE-BLEMGR 3.0.0
2023-10-31 16:02:46,973 [INFO] ThirdParty:1030 - CMSIS Pack Vendor :STMicroelectronics X-CUBE-EEPRMA1 4.2.0
2023-10-31 16:02:46,973 [INFO] LoadServerUpdatesThread:373 - End of LoadServerUpdate Thread
2023-10-31 16:02:47,073 [INFO] CheckServerUpdateThread:120 - End of CheckServer Thread
2023-10-31 16:02:47,243 [INFO] MainUpdater:2854 - connection check result : 10
2023-10-31 16:02:47,243 [INFO] MainUpdater:2854 - connection check result : 10
2023-10-31 16:02:47,861 [INFO] MicroXplorer:468 - Change Database Path : 
2023-10-31 16:02:47,861 [INFO] MicroXplorer:498 - Change Database Version : DB.6.0.81
2023-10-31 16:02:47,861 [WARN] ThirdParty:871 - waiting for thirdparty lock release [close project]
2023-10-31 16:02:48,979 [WARN] PackLoader:240 - Cannot read IP mode file for STMicroelectronics.X-CUBE-SMBUS.2.1.0
2023-10-31 16:02:49,032 [WARN] PackLoader:240 - Cannot read IP mode file for STMicroelectronics.X-CUBE-AZRTOS-F7.1.1.0
2023-10-31 16:02:49,032 [ERROR] RealEvaluatedCondition:428 - Found unsupported composite condition: GROUP='STM32_MetaDataManager' CLASS='Data Exchange'
2023-10-31 16:02:49,032 [ERROR] RealEvaluatedCondition:428 - Found unsupported composite condition: CLASS='Data Exchange' GROUP='STM32_MetaDataManager'
2023-10-31 16:02:49,032 [WARN] PackLoader:240 - Cannot read IP mode file for STMicroelectronics.FP-SNS-MOTENV1.4.3.0
2023-10-31 16:02:49,048 [WARN] PackLoader:240 - Cannot read IP mode file for STMicroelectronics.FP-SNS-MOTENV1.4.3.2
2023-10-31 16:02:49,063 [WARN] PackLoader:240 - Cannot read IP mode file for STMicroelectronics.FP-SNS-FLIGHT1.5.0.0
2023-10-31 16:02:49,063 [ERROR] RealEvaluatedCondition:428 - Found unsupported composite condition: GROUP='STM32_MetaDataManager' CLASS='Data Exchange'
2023-10-31 16:02:49,079 [ERROR] RealEvaluatedCondition:428 - Found unsupported composite condition: CLASS='Data Exchange' GROUP='STM32_MetaDataManager'
2023-10-31 16:02:49,079 [WARN] PackLoader:240 - Cannot read IP mode file for STMicroelectronics.FP-SNS-MOTENV1.4.3.1
2023-10-31 16:02:49,079 [WARN] PackLoader:240 - Cannot read IP mode file for STMicroelectronics.FP-SNS-FLIGHT1.5.0.1
2023-10-31 16:02:49,095 [WARN] PackLoader:240 - Cannot read IP mode file for STMicroelectronics.X-CUBE-BLE1.6.2.4
2023-10-31 16:02:49,110 [WARN] PackLoader:240 - Cannot read IP mode file for STMicroelectronics.FP-SNS-FLIGHT1.5.0.2
2023-10-31 16:02:49,110 [WARN] PackLoader:240 - Cannot read IP mode file for STMicroelectronics.X-CUBE-DISPLAY.3.0.0
2023-10-31 16:02:49,132 [WARN] PackLoader:240 - Cannot read IP mode file for STMicroelectronics.X-CUBE-BLE1.7.0.0
2023-10-31 16:02:49,132 [WARN] PackLoader:240 - Cannot read IP mode file for STMicroelectronics.X-CUBE-TOUCHGFX.4.22.0
2023-10-31 16:02:49,148 [WARN] PackLoader:240 - Cannot read IP mode file for STMicroelectronics.X-CUBE-TOUCHGFX.4.22.1
2023-10-31 16:02:49,164 [WARN] PackLoader:240 - Cannot read IP mode file for STMicroelectronics.FP-SNS-SMARTAG2.1.2.0
